4suite-xml not found, trying 4Suite-XML
Warning, the following versions were found for 4Suite-XML
1.0.2
1.0.1
1.0
1.0rc4
1.0rc3
1.0rc2
1.0rc1
1.0b3
1.0b2
Using 1.0.2
Use --version to specify a different version.
Using url https://pypi.python.org/packages/source/4/4Suite-XML/4Suite-XML-1.0.2.tar.bz2 (1.2 MB) for 4Suite-XML.
Downloading 4Suite-XML
Using cached download
Unpacking 4Suite-XML...
done
working in /tmp/tmpgmPvMWconda_skeleton_4Suite-XML-1.0.2.tar.bz2
Fetching package metadata: ......

WARNING: conda-build appears to be out of date. You have version 1.13.0 but the
latest version is 1.14.1. Run

conda update -n root conda-build

to get the latest version.

Solving package specifications: .patching file core.py
Hunk #1 succeeded at 168 with fuzz 2 (offset 2 lines).

Applying patch: '/tmp/tmpgmPvMWconda_skeleton_4Suite-XML-1.0.2.tar.bz2/pypi-distutils.patch'
Writing recipe for 4suite-xml
Done
