Error: prefix already exists: /home/ubuntu/miniconda/envs/_pipbuild_
Exception:
Traceback (most recent call last):
  File "/home/ubuntu/miniconda/envs/_pipbuild_/lib/python2.7/site-packages/pip/basecommand.py", line 223, in main
    status = self.run(options, args)
  File "/home/ubuntu/miniconda/envs/_pipbuild_/lib/python2.7/site-packages/pip/commands/install.py", line 268, in run
    wheel_cache
  File "/home/ubuntu/miniconda/envs/_pipbuild_/lib/python2.7/site-packages/pip/basecommand.py", line 268, in populate_requirement_set
    wheel_cache=wheel_cache
  File "/home/ubuntu/miniconda/envs/_pipbuild_/lib/python2.7/site-packages/pip/req/req_install.py", line 207, in from_line
    wheel_cache=wheel_cache)
  File "/home/ubuntu/miniconda/envs/_pipbuild_/lib/python2.7/site-packages/pip/req/req_install.py", line 66, in __init__
    req = pkg_resources.Requirement.parse(req)
  File "/home/ubuntu/miniconda/envs/_pipbuild_/lib/python2.7/site-packages/pip/_vendor/pkg_resources/__init__.py", line 2960, in parse
    reqs = list(parse_requirements(s))
  File "/home/ubuntu/miniconda/envs/_pipbuild_/lib/python2.7/site-packages/pip/_vendor/pkg_resources/__init__.py", line 2904, in parse_requirements
    "version spec")
  File "/home/ubuntu/miniconda/envs/_pipbuild_/lib/python2.7/site-packages/pip/_vendor/pkg_resources/__init__.py", line 2869, in scan_list
    raise ValueError(msg, line, "at", line[p:])
ValueError: ('Expected version spec in', 'extensionclass==>=4.1.1', 'at', '==>=4.1.1')

Package search: {'_pypi_ordering': False, 'version': '2.13.13', 'name': 'AccessControl', 'summary': 'Security framework for Zope2.'}
Creating standard recipe for accesscontrol-3.0.11
Converting recipe in /home/ubuntu/pypi-conda-builds/accesscontrol
package = AccessControl
   dependencies = [u'acquisition', u'datetime', u'extensionclass', u'persistence', u'record', u'restrictedpython', u'transaction', u'zexceptions', u'zodb3', u'zope.component', u'zope.configuration', u'zope.deferredimport', u'zope.interface', u'zope.publisher', u'zope.schema', u'zope.security', u'zope.testing']
Creating standard recipe for acquisition
Converting recipe in /home/ubuntu/pypi-conda-builds/acquisition
package = acquisition
   dependencies = [u'extensionclass >=4.1.1', u'zope.interface']
Creating standard recipe for extensionclass->=4.1.1
Error: Version >=4.1.1 of extensionclass is not available on PyPI.

conda create -n _pipbuild_ --yes python pip
/home/ubuntu/miniconda/envs/_pipbuild_/bin/pip install extensionclass==>=4.1.1
Error: Could not pip install extensionclass==>=4.1.1
