accesscontrol not found, trying AccessControl
Warning, the following versions were found for AccessControl
3.0.11
3.0.10
3.0.9
3.0.8
3.0.7
3.0.6
3.0.5
3.0.4
3.0.3
3.0.2
3.0.1
3.0
2.13.13
2.13.12
2.13.11
2.13.10
2.13.9
2.13.8
2.13.7
2.13.6
2.13.5
2.13.4
2.13.3
2.13.2
2.13.1
2.13.0
Using 3.0.11
Use --version to specify a different version.
Using url https://pypi.python.org/packages/source/A/AccessControl/AccessControl-3.0.11.tar.gz (98 KB) for AccessControl.
Downloading AccessControl
Using cached download
Unpacking AccessControl...
done
working in /tmp/tmpLzjkadconda_skeleton_AccessControl-3.0.11.tar.gz
Fetching package metadata: ......

WARNING: conda-build appears to be out of date. You have version 1.13.0 but the
latest version is 1.14.1. Run

conda update -n root conda-build

to get the latest version.

Solving package specifications: .patching file core.py
Hunk #1 succeeded at 168 with fuzz 2 (offset 2 lines).

WARNING: conda-build appears to be out of date. You have version 1.13.0 but the
latest version is 1.14.1. Run

conda update -n root conda-build

to get the latest version.


The following NEW packages will be INSTALLED:

    numpy:  1.9.2-py27_0
    pyyaml: 3.11-py27_1 
    yaml:   0.1.6-0     

Linking packages ...
[                    ]|                                                  |   0%[yaml                ]|                                                  |   0%[numpy               ]|################                                  |  33%[pyyaml              ]|#################################                 |  66%[      COMPLETE      ]|##################################################| 100%
Applying patch: '/tmp/tmpLzjkadconda_skeleton_AccessControl-3.0.11.tar.gz/pypi-distutils.patch'
Warning, the following versions were found for zope.security
4.0.3
4.0.2
4.0.1
4.0.0
4.0.0b1
4.0.0a5
4.0.0a4
4.0.0a3
4.0.0a2
4.0.0a1
3.9.0
3.8.5
3.8.4
3.8.3
3.8.2
3.8.1
3.8.0
3.7.4
3.7.3
3.7.2
3.7.1
3.7.0
3.6.3
3.6.2
3.6.1
3.6.0
3.5.2
3.5.1
3.5.0
3.4.3
3.4.2
3.4.1
3.4.0
3.4.0b5
Using 4.0.3
Use --version to specify a different version.
Using url https://pypi.python.org/packages/source/z/zope.security/zope.security-4.0.3.tar.gz (849 KB) for zope.security.
Downloading zope.security
Using cached download
Unpacking zope.security...
done
working in /tmp/tmpxEJlWgconda_skeleton_zope.security-4.0.3.tar.gz
Solving package specifications: .patching file core.py
Hunk #1 succeeded at 168 with fuzz 2 (offset 2 lines).

WARNING: conda-build appears to be out of date. You have version 1.13.0 but the
latest version is 1.14.1. Run

conda update -n root conda-build

to get the latest version.


Applying patch: '/tmp/tmpxEJlWgconda_skeleton_zope.security-4.0.3.tar.gz/pypi-distutils.patch'
Using url https://pypi.python.org/packages/source/z/zope.untrustedpython/zope.untrustedpython-4.0.0.zip (16 KB) for zope.untrustedpython.
Downloading zope.untrustedpython
Using cached download
Unpacking zope.untrustedpython...
done
working in /tmp/tmpE4h7t5conda_skeleton_zope.untrustedpython-4.0.0.zip
Solving package specifications: .patching file core.py
Hunk #1 succeeded at 168 with fuzz 2 (offset 2 lines).

WARNING: conda-build appears to be out of date. You have version 1.13.0 but the
latest version is 1.14.1. Run

conda update -n root conda-build

to get the latest version.


Applying patch: '/tmp/tmpE4h7t5conda_skeleton_zope.untrustedpython-4.0.0.zip/pypi-distutils.patch'
restrictedpython not found, trying RestrictedPython
Warning, the following versions were found for RestrictedPython
3.6.0
3.6.0a1
3.5.2
3.5.1
3.5.0
3.4.3
3.4.2
Using 3.6.0
Use --version to specify a different version.
Using url https://pypi.python.org/packages/source/R/RestrictedPython/RestrictedPython-3.6.0.zip (55 KB) for RestrictedPython.
Downloading RestrictedPython
Using cached download
Unpacking RestrictedPython...
done
working in /tmp/tmp9RsfqMconda_skeleton_RestrictedPython-3.6.0.zip
Solving package specifications: .patching file core.py
Hunk #1 succeeded at 168 with fuzz 2 (offset 2 lines).

WARNING: conda-build appears to be out of date. You have version 1.13.0 but the
latest version is 1.14.1. Run

conda update -n root conda-build

to get the latest version.


Applying patch: '/tmp/tmp9RsfqMconda_skeleton_RestrictedPython-3.6.0.zip/pypi-distutils.patch'
Warning, the following versions were found for zope.location
4.0.3
4.0.2
4.0.1
4.0.0
3.9.1
3.9.0
3.8.2
3.8.1
3.8.0
3.7.1
3.7.0
3.6.0
3.5.5
3.5.4
3.5.3
3.5.2
3.5.1
3.5.0
3.4.0
3.4.0b2
Using 4.0.3
Use --version to specify a different version.
Using url https://pypi.python.org/packages/source/z/zope.location/zope.location-4.0.3.tar.gz (150 KB) for zope.location.
Downloading zope.location
Using cached download
Unpacking zope.location...
done
working in /tmp/tmpqPmAoWconda_skeleton_zope.location-4.0.3.tar.gz
Solving package specifications: .patching file core.py
Hunk #1 succeeded at 168 with fuzz 2 (offset 2 lines).

WARNING: conda-build appears to be out of date. You have version 1.13.0 but the
latest version is 1.14.1. Run

conda update -n root conda-build

to get the latest version.


Applying patch: '/tmp/tmpqPmAoWconda_skeleton_zope.location-4.0.3.tar.gz/pypi-distutils.patch'
Warning, the following versions were found for zope.component
4.2.2
4.2.1
4.2.0
4.1.0
4.0.2
4.0.1
4.0.0
3.12.1
3.12.0
3.11.0
3.10.0
3.9.5
3.9.4
3.9.3
3.9.2
3.9.1
3.9.0
3.8.0
3.7.1
3.7.0
3.6.0
3.5.1
3.5.0
3.4.0
3.4dev-r72749
3.4dev-r72748
3.4dev-r72747
3.4dev-r72605
Using 4.2.2
Use --version to specify a different version.
Using url https://pypi.python.org/packages/source/z/zope.component/zope.component-4.2.2.tar.gz (534 KB) for zope.component.
Downloading zope.component
Using cached download
Unpacking zope.component...
done
working in /tmp/tmpTgUhWDconda_skeleton_zope.component-4.2.2.tar.gz
Solving package specifications: .patching file core.py
Hunk #1 succeeded at 168 with fuzz 2 (offset 2 lines).

Applying patch: '/tmp/tmpTgUhWDconda_skeleton_zope.component-4.2.2.tar.gz/pypi-distutils.patch'
Error: Could not find any versions of package zope.component[zcml]
