Removing old build directory
Removing old work directory
BUILD START: aioeventlet-0.4-py27_0
Fetching package metadata: ......

WARNING: conda-build appears to be out of date. You have version 1.13.0 but the
latest version is 1.14.1. Run

conda update -n root conda-build

to get the latest version.

Solving package specifications: .+ /home/ubuntu/miniconda/envs/_build/bin/python setup.py install
running install
running bdist_egg
running egg_info
writing requirements to aioeventlet.egg-info/requires.txt
writing aioeventlet.egg-info/PKG-INFO
writing top-level names to aioeventlet.egg-info/top_level.txt
writing dependency_links to aioeventlet.egg-info/dependency_links.txt
reading manifest file 'aioeventlet.egg-info/SOURCES.txt'
reading manifest template 'MANIFEST.in'
writing manifest file 'aioeventlet.egg-info/SOURCES.txt'
installing library code to build/bdist.linux-x86_64/egg
running install_lib
running build_py
creating build
creating build/lib
copying aioeventlet.py -> build/lib
creating build/bdist.linux-x86_64
creating build/bdist.linux-x86_64/egg
copying build/lib/aioeventlet.py -> build/bdist.linux-x86_64/egg
byte-compiling build/bdist.linux-x86_64/egg/aioeventlet.py to aioeventlet.pyc
creating build/bdist.linux-x86_64/egg/EGG-INFO
copying aioeventlet.egg-info/PKG-INFO -> build/bdist.linux-x86_64/egg/EGG-INFO
copying aioeventlet.egg-info/SOURCES.txt -> build/bdist.linux-x86_64/egg/EGG-INFO
copying aioeventlet.egg-info/dependency_links.txt -> build/bdist.linux-x86_64/egg/EGG-INFO
copying aioeventlet.egg-info/requires.txt -> build/bdist.linux-x86_64/egg/EGG-INFO
copying aioeventlet.egg-info/top_level.txt -> build/bdist.linux-x86_64/egg/EGG-INFO
zip_safe flag not set; analyzing archive contents...
creating dist
creating 'dist/aioeventlet-0.4-py2.7.egg' and adding 'build/bdist.linux-x86_64/egg' to it
removing 'build/bdist.linux-x86_64/egg' (and everything under it)
Processing aioeventlet-0.4-py2.7.egg
Copying aioeventlet-0.4-py2.7.egg to /home/ubuntu/miniconda/envs/_build/lib/python2.7/site-packages
Adding aioeventlet 0.4 to easy-install.pth file

Installed /home/ubuntu/miniconda/envs/_build/lib/python2.7/site-packages/aioeventlet-0.4-py2.7.egg
Processing dependencies for aioeventlet==0.4
Searching for trollius>=0.3
Reading https://pypi.python.org/simple/trollius/
Best match: trollius 1.0.4
Downloading https://pypi.python.org/packages/source/t/trollius/trollius-1.0.4.tar.gz#md5=3631a464d49d0cbfd30ab2918ef2b783
Processing trollius-1.0.4.tar.gz
Writing /tmp/easy_install-B8Y5Cu/trollius-1.0.4/setup.cfg
Running trollius-1.0.4/setup.py -q bdist_egg --dist-dir /tmp/easy_install-B8Y5Cu/trollius-1.0.4/egg-dist-tmp-1sGId3
zip_safe flag not set; analyzing archive contents...
trollius.test_utils: module references __file__
creating /home/ubuntu/miniconda/envs/_build/lib/python2.7/site-packages/trollius-1.0.4-py2.7.egg
Extracting trollius-1.0.4-py2.7.egg to /home/ubuntu/miniconda/envs/_build/lib/python2.7/site-packages
Adding trollius 1.0.4 to easy-install.pth file

Installed /home/ubuntu/miniconda/envs/_build/lib/python2.7/site-packages/trollius-1.0.4-py2.7.egg
Searching for eventlet
Reading https://pypi.python.org/simple/eventlet/
Reading http://eventlet.net
Reading http://wiki.secondlife.com/wiki/Eventlet
Best match: eventlet 0.17.4
Downloading https://pypi.python.org/packages/source/e/eventlet/eventlet-0.17.4.tar.gz#md5=fea0993b14cc7322f944bdd535c4f24a
Processing eventlet-0.17.4.tar.gz
Writing /tmp/easy_install-erx3Vy/eventlet-0.17.4/setup.cfg
Running eventlet-0.17.4/setup.py -q bdist_egg --dist-dir /tmp/easy_install-erx3Vy/eventlet-0.17.4/egg-dist-tmp-Zkv8oW
creating /home/ubuntu/miniconda/envs/_build/lib/python2.7/site-packages/eventlet-0.17.4-py2.7.egg
Extracting eventlet-0.17.4-py2.7.egg to /home/ubuntu/miniconda/envs/_build/lib/python2.7/site-packages
Adding eventlet 0.17.4 to easy-install.pth file

Installed /home/ubuntu/miniconda/envs/_build/lib/python2.7/site-packages/eventlet-0.17.4-py2.7.egg
Searching for futures
Reading https://pypi.python.org/simple/futures/
Best match: futures 3.0.3
Downloading https://pypi.python.org/packages/source/f/futures/futures-3.0.3.tar.gz#md5=32171f72af7e80c266310794adc4db46
Processing futures-3.0.3.tar.gz
Writing /tmp/easy_install-j4F263/futures-3.0.3/setup.cfg
Running futures-3.0.3/setup.py -q bdist_egg --dist-dir /tmp/easy_install-j4F263/futures-3.0.3/egg-dist-tmp-Av4vRa
creating /home/ubuntu/miniconda/envs/_build/lib/python2.7/site-packages/futures-3.0.3-py2.7.egg
Extracting futures-3.0.3-py2.7.egg to /home/ubuntu/miniconda/envs/_build/lib/python2.7/site-packages
Adding futures 3.0.3 to easy-install.pth file

Installed /home/ubuntu/miniconda/envs/_build/lib/python2.7/site-packages/futures-3.0.3-py2.7.egg
Searching for greenlet>=0.3
Reading https://pypi.python.org/simple/greenlet/
Best match: greenlet 0.4.7
Downloading https://pypi.python.org/packages/source/g/greenlet/greenlet-0.4.7.zip#md5=c2333a8ff30fa75c5d5ec0e67b461086
Processing greenlet-0.4.7.zip
Writing /tmp/easy_install-FajVw7/greenlet-0.4.7/setup.cfg
Running greenlet-0.4.7/setup.py -q bdist_egg --dist-dir /tmp/easy_install-FajVw7/greenlet-0.4.7/egg-dist-tmp-zKGxbT
creating /home/ubuntu/miniconda/envs/_build/lib/python2.7/site-packages/greenlet-0.4.7-py2.7-linux-x86_64.egg
Extracting greenlet-0.4.7-py2.7-linux-x86_64.egg to /home/ubuntu/miniconda/envs/_build/lib/python2.7/site-packages
Adding greenlet 0.4.7 to easy-install.pth file

Installed /home/ubuntu/miniconda/envs/_build/lib/python2.7/site-packages/greenlet-0.4.7-py2.7-linux-x86_64.egg
Finished processing dependencies for aioeventlet==0.4

The following NEW packages will be INSTALLED:

    openssl:    1.0.1k-1     
    pip:        7.0.3-py27_0 
    python:     2.7.10-0     
    readline:   6.2-2        
    setuptools: 18.0.1-py27_0
    sqlite:     3.8.4.1-1    
    system:     5.8-2        
    tk:         8.5.18-0     
    zlib:       1.2.8-0      

Linking packages ...
[                    ]|                                                  |   0%[openssl             ]|                                                  |   0%[readline            ]|#####                                             |  11%[sqlite              ]|###########                                       |  22%[system              ]|################                                  |  33%[tk                  ]|######################                            |  44%[zlib                ]|###########################                       |  55%[python              ]|#################################                 |  66%[setuptools          ]|######################################            |  77%[pip                 ]|############################################      |  88%[      COMPLETE      ]|##################################################| 100%
Removing old work directory
Source cache directory is: /home/ubuntu/miniconda/conda-bld/src_cache
Found source in cache: aioeventlet-0.4.tar.gz
Extracting download
Package: aioeventlet-0.4-py27_0
source tree in: /home/ubuntu/miniconda/conda-bld/work/aioeventlet-0.4
found egg dir: /home/ubuntu/miniconda/envs/_build/lib/python2.7/site-packages/greenlet-0.4.7-py2.7-linux-x86_64.egg
found egg dir: /home/ubuntu/miniconda/envs/_build/lib/python2.7/site-packages/futures-3.0.3-py2.7.egg
found egg: /home/ubuntu/miniconda/envs/_build/lib/python2.7/site-packages/aioeventlet-0.4-py2.7.egg
found egg dir: /home/ubuntu/miniconda/envs/_build/lib/python2.7/site-packages/trollius-1.0.4-py2.7.egg
found egg dir: /home/ubuntu/miniconda/envs/_build/lib/python2.7/site-packages/eventlet-0.17.4-py2.7.egg
number of files: 235
Fixing permissions
patchelf: file: /home/ubuntu/miniconda/envs/_build/lib/python2.7/site-packages/greenlet.so
    setting rpath to: $ORIGIN/../..
Ignored hard-coded path in lib/python2.7/site-packages/greenlet.so
Fixing permissions
BUILD END: aioeventlet-0.4-py27_0
Nothing to test for: aioeventlet-0.4-py27_0
# If you want to upload this package to binstar.org later, type:
#
# $ binstar upload /home/ubuntu/miniconda/conda-bld/linux-64/aioeventlet-0.4-py27_0.tar.bz2
#
# To have conda build upload to binstar automatically, use
# $ conda config --set binstar_upload yes

