Warning, the following versions were found for aiohttp
0.16.5
0.16.4
0.16.3
0.16.2
0.16.1
0.16.0
0.15.3
0.15.2
0.15.1
0.15.0
0.14.4
0.14.3
0.14.2
0.14.1
0.14.0
0.13.1
0.13.0
0.12.0
0.11.0
0.10.2
0.10.1
0.10.0
0.9.3
0.9.2
0.9.1
0.9.0
0.8.4
0.8.3
0.8.2
0.8.1
0.8.0
0.7.3
0.7.2
0.7.1
0.7.0
0.6.5
0.6.4
0.6.3
0.6.2
0.6.1
0.6.0
0.5.0
0.4.4
0.4.3
0.4.2
0.4.1
0.4
0.3
0.2
0.1
Using 0.16.5
Use --version to specify a different version.
Using url https://pypi.python.org/packages/source/a/aiohttp/aiohttp-0.16.5.tar.gz (1.5 MB) for aiohttp.
Downloading aiohttp
Using cached download
Unpacking aiohttp...
done
working in /tmp/tmp6OfPB9conda_skeleton_aiohttp-0.16.5.tar.gz
Fetching package metadata: ......

WARNING: conda-build appears to be out of date. You have version 1.13.0 but the
latest version is 1.14.1. Run

conda update -n root conda-build

to get the latest version.

Solving package specifications: .patching file core.py
Hunk #1 succeeded at 168 with fuzz 2 (offset 2 lines).

WARNING: conda-build appears to be out of date. You have version 1.13.0 but the
latest version is 1.14.1. Run

conda update -n root conda-build

to get the latest version.


The following NEW packages will be INSTALLED:

    numpy:  1.9.2-py27_0
    pyyaml: 3.11-py27_1 
    yaml:   0.1.6-0     

Linking packages ...
[                    ]|                                                  |   0%[yaml                ]|                                                  |   0%[numpy               ]|################                                  |  33%[pyyaml              ]|#################################                 |  66%[      COMPLETE      ]|##################################################| 100%
Applying patch: '/tmp/tmp6OfPB9conda_skeleton_aiohttp-0.16.5.tar.gz/pypi-distutils.patch'
Warning, the following versions were found for asyncio
3.4.3
3.4.2
3.4.1
0.4.1
0.3.1
0.2.1
0.1.1
Using 3.4.3
Use --version to specify a different version.
Using url https://pypi.python.org/packages/source/a/asyncio/asyncio-3.4.3.tar.gz (200 KB) for asyncio.
Downloading asyncio
Using cached download
Unpacking asyncio...
done
working in /tmp/tmp_Hu8U5conda_skeleton_asyncio-3.4.3.tar.gz
Solving package specifications: .patching file core.py
Hunk #1 succeeded at 168 with fuzz 2 (offset 2 lines).

Applying patch: '/tmp/tmp_Hu8U5conda_skeleton_asyncio-3.4.3.tar.gz/pypi-distutils.patch'
Writing recipe for aiohttp
Writing recipe for asyncio
Done
