Warning, the following versions were found for alabaster
0.7.6
0.7.5
0.7.4
0.7.3
0.7.2
0.7.1
0.6.3
0.6.2
0.6.1
0.6.0
0.5.1
0.5.0
0.4.1
0.4.0
0.3.1
0.3.0
0.2.0
0.1.0
0.0.1
Using 0.7.6
Use --version to specify a different version.
Using url https://pypi.python.org/packages/source/a/alabaster/alabaster-0.7.6.tar.gz (16 KB) for alabaster.
Downloading alabaster
Using cached download
Unpacking alabaster...
done
working in /tmp/tmpWLIzr4conda_skeleton_alabaster-0.7.6.tar.gz
Fetching package metadata: ......

WARNING: conda-build appears to be out of date. You have version 1.13.0 but the
latest version is 1.14.1. Run

conda update -n root conda-build

to get the latest version.

Solving package specifications: .patching file core.py
Hunk #1 succeeded at 168 with fuzz 2 (offset 2 lines).

Applying patch: '/tmp/tmpWLIzr4conda_skeleton_alabaster-0.7.6.tar.gz/pypi-distutils.patch'
Writing recipe for alabaster
Done
