Error: prefix already exists: /home/ubuntu/miniconda/envs/_pipbuild_
Collecting alabaster==0.7.6
  Could not find a version that satisfies the requirement alabaster==0.7.6 (from versions: 0.1.0, 0.2.0, 0.3.0, 0.3.1, 0.4.0, 0.4.1, 0.5.0, 0.5.1, 0.6.0, 0.6.1, 0.6.2, 0.6.3, 0.7.1, 0.7.2, 0.7.3, 0.7.4)
No matching distribution found for alabaster==0.7.6
Package search: {'_pypi_ordering': False, 'version': '0.7.6', 'name': 'alabaster', 'summary': 'A configurable sidebar-enabled Sphinx theme'}
Creating standard recipe for alabaster-0.7.6
Using url https://pypi.python.org/packages/source/a/alabaster/alabaster-0.7.6.tar.gz (16 KB) for alabaster.
Downloading alabaster
Unpacking alabaster...
done
working in /tmp/tmpKoftvAconda_skeleton_alabaster-0.7.6.tar.gz
Fetching package metadata: ......

WARNING: conda-build appears to be out of date. You have version 1.13.0 but the
latest version is 1.14.0. Run

conda update -n root conda-build

to get the latest version.

Solving package specifications: .patching file core.py
Hunk #1 succeeded at 168 with fuzz 2 (offset 2 lines).
Traceback (most recent call last):
  File "setup.py", line 4, in <module>
    from setuptools import setup
ImportError: No module named setuptools

Applying patch: '/tmp/tmpKoftvAconda_skeleton_alabaster-0.7.6.tar.gz/pypi-distutils.patch'
$PYTHONPATH = /tmp/tmpKoftvAconda_skeleton_alabaster-0.7.6.tar.gz/alabaster-0.7.6
Error: command failed: /home/ubuntu/miniconda/envs/_build/bin/python setup.py install

conda create -n _pipbuild_ --yes python pip
/home/ubuntu/miniconda/envs/_pipbuild_/bin/pip install alabaster==0.7.6
Error: Could not pip install alabaster==0.7.6
