Error: prefix already exists: /home/ubuntu/miniconda/envs/_pipbuild_
Collecting alembic==0.7.6
  Downloading http://localhost/packages/source/a/alembic/alembic-0.7.6.tar.gz (623kB)
setuptools must be installed to install from a source distribution
Package search: {'_pypi_ordering': False, 'version': '0.7.6', 'name': 'alembic', 'summary': 'A database migration tool for SQLAlchemy.'}
Creating standard recipe for alembic-0.7.6
Using url https://pypi.python.org/packages/source/a/alembic/alembic-0.7.6.tar.gz (609 KB) for alembic.
Downloading alembic
Using cached download
Unpacking alembic...
done
working in /tmp/tmpxRAVBJconda_skeleton_alembic-0.7.6.tar.gz
Fetching package metadata: ......

WARNING: conda-build appears to be out of date. You have version 1.13.0 but the
latest version is 1.14.0. Run

conda update -n root conda-build

to get the latest version.

Solving package specifications: .patching file core.py
Hunk #1 succeeded at 168 with fuzz 2 (offset 2 lines).
Traceback (most recent call last):
  File "setup.py", line 1, in <module>
    from setuptools import setup, find_packages
ImportError: No module named setuptools

Applying patch: '/tmp/tmpxRAVBJconda_skeleton_alembic-0.7.6.tar.gz/pypi-distutils.patch'
$PYTHONPATH = /tmp/tmpxRAVBJconda_skeleton_alembic-0.7.6.tar.gz/alembic-0.7.6
Error: command failed: /home/ubuntu/miniconda/envs/_build/bin/python setup.py install

conda create -n _pipbuild_ --yes python pip
/home/ubuntu/miniconda/envs/_pipbuild_/bin/pip install alembic==0.7.6
Error: Could not pip install alembic==0.7.6
