Error: prefix already exists: /home/ubuntu/miniconda/envs/_pipbuild_
Collecting aniso8601==1.0.0
  Downloading http://localhost/packages/source/a/aniso8601/aniso8601-1.0.0.tar.gz (44kB)
setuptools must be installed to install from a source distribution
Package search: {'_pypi_ordering': False, 'version': '1.0.0', 'name': 'aniso8601', 'summary': 'A library for parsing ISO 8601 strings.'}
Creating standard recipe for aniso8601-1.0.0
Using url https://pypi.python.org/packages/source/a/aniso8601/aniso8601-1.0.0.tar.gz (43 KB) for aniso8601.
Downloading aniso8601
Using cached download
Unpacking aniso8601...
done
working in /tmp/tmpqyjXC_conda_skeleton_aniso8601-1.0.0.tar.gz
Fetching package metadata: ......

WARNING: conda-build appears to be out of date. You have version 1.13.0 but the
latest version is 1.14.0. Run

conda update -n root conda-build

to get the latest version.

Solving package specifications: .patching file core.py
Hunk #1 succeeded at 168 with fuzz 2 (offset 2 lines).
Traceback (most recent call last):
  File "setup.py", line 4, in <module>
    from distutils import setup
ImportError: cannot import name setup

Applying patch: '/tmp/tmpqyjXC_conda_skeleton_aniso8601-1.0.0.tar.gz/pypi-distutils.patch'
$PYTHONPATH = /tmp/tmpqyjXC_conda_skeleton_aniso8601-1.0.0.tar.gz/aniso8601-1.0.0
Error: command failed: /home/ubuntu/miniconda/envs/_build/bin/python setup.py install

conda create -n _pipbuild_ --yes python pip
/home/ubuntu/miniconda/envs/_pipbuild_/bin/pip install aniso8601==1.0.0
Error: Could not pip install aniso8601==1.0.0
