Error: prefix already exists: /home/ubuntu/miniconda/envs/_pipbuild_
Collecting ansi2html==1.1.0
  Downloading http://localhost/packages/source/a/ansi2html/ansi2html-1.1.0.tar.gz (51kB)
setuptools must be installed to install from a source distribution
Package search: {'_pypi_ordering': False, 'version': '1.1.0', 'name': 'ansi2html', 'summary': 'Convert text with ANSI color codes to HTML'}
Creating standard recipe for ansi2html-1.1.0
Using url https://pypi.python.org/packages/source/a/ansi2html/ansi2html-1.1.0.tar.gz (50 KB) for ansi2html.
Downloading ansi2html
Using cached download
Unpacking ansi2html...
done
working in /tmp/tmpBA0lrIconda_skeleton_ansi2html-1.1.0.tar.gz
Fetching package metadata: ......

WARNING: conda-build appears to be out of date. You have version 1.13.0 but the
latest version is 1.14.0. Run

conda update -n root conda-build

to get the latest version.

Solving package specifications: .patching file core.py
Hunk #1 succeeded at 168 with fuzz 2 (offset 2 lines).
Traceback (most recent call last):
  File "setup.py", line 25, in <module>
    from ez_setup import use_setuptools
ImportError: No module named ez_setup

Applying patch: '/tmp/tmpBA0lrIconda_skeleton_ansi2html-1.1.0.tar.gz/pypi-distutils.patch'
$PYTHONPATH = /tmp/tmpBA0lrIconda_skeleton_ansi2html-1.1.0.tar.gz/ansi2html-1.1.0
Error: command failed: /home/ubuntu/miniconda/envs/_build/bin/python setup.py install

conda create -n _pipbuild_ --yes python pip
/home/ubuntu/miniconda/envs/_pipbuild_/bin/pip install ansi2html==1.1.0
Error: Could not pip install ansi2html==1.1.0
