Error: prefix already exists: /home/ubuntu/miniconda/envs/_pipbuild_
Collecting anyjson==0.3.3
  Downloading http://localhost/packages/source/a/anyjson/anyjson-0.3.3.tar.gz
setuptools must be installed to install from a source distribution
Package search: {'_pypi_ordering': False, 'version': '0.3.3', 'name': 'anyjson', 'summary': 'Wraps the best available JSON implementation available in a common interface'}
Creating standard recipe for anyjson-0.3.3
Using url https://pypi.python.org/packages/source/a/anyjson/anyjson-0.3.3.tar.gz (8 KB) for anyjson.
Downloading anyjson
Using cached download
Unpacking anyjson...
done
working in /tmp/tmp6rqLDSconda_skeleton_anyjson-0.3.3.tar.gz
Fetching package metadata: ......

WARNING: conda-build appears to be out of date. You have version 1.13.0 but the
latest version is 1.14.0. Run

conda update -n root conda-build

to get the latest version.

Solving package specifications: .patching file core.py
Hunk #1 succeeded at 168 with fuzz 2 (offset 2 lines).
Traceback (most recent call last):
  File "setup.py", line 11, in <module>
    from distutils.core import setup, find_packages
ImportError: cannot import name find_packages

Applying patch: '/tmp/tmp6rqLDSconda_skeleton_anyjson-0.3.3.tar.gz/pypi-distutils.patch'
$PYTHONPATH = /tmp/tmp6rqLDSconda_skeleton_anyjson-0.3.3.tar.gz/anyjson-0.3.3
Error: command failed: /home/ubuntu/miniconda/envs/_build/bin/python setup.py install

conda create -n _pipbuild_ --yes python pip
/home/ubuntu/miniconda/envs/_pipbuild_/bin/pip install anyjson==0.3.3
Error: Could not pip install anyjson==0.3.3
