Removing old build directory
Removing old work directory
BUILD START: backports.ssl_match_hostname-3.4.0.2-py27_0
Fetching package metadata: ......

WARNING: conda-build appears to be out of date. You have version 1.13.0 but the
latest version is 1.14.1. Run

conda update -n root conda-build

to get the latest version.

Solving package specifications: .+ pip install backports.ssl_match_hostname
Collecting backports.ssl-match-hostname
  Downloading http://localhost/packages/source/b/backports.ssl_match_hostname/backports.ssl_match_hostname-3.4.0.2.tar.gz
Installing collected packages: backports.ssl-match-hostname
  Running setup.py install for backports.ssl-match-hostname
Successfully installed backports.ssl-match-hostname-3.4.0.2

The following NEW packages will be INSTALLED:

    openssl:    1.0.1k-1     
    pip:        7.0.3-py27_0 
    python:     2.7.10-0     
    readline:   6.2-2        
    setuptools: 18.0.1-py27_0
    sqlite:     3.8.4.1-1    
    system:     5.8-2        
    tk:         8.5.18-0     
    zlib:       1.2.8-0      

Linking packages ...
[                    ]|                                                  |   0%[openssl             ]|                                                  |   0%[readline            ]|#####                                             |  11%[sqlite              ]|###########                                       |  22%[system              ]|################                                  |  33%[tk                  ]|######################                            |  44%[zlib                ]|###########################                       |  55%[python              ]|#################################                 |  66%[setuptools          ]|######################################            |  77%[pip                 ]|############################################      |  88%[      COMPLETE      ]|##################################################| 100%
Removing old work directory
Copying /home/ubuntu/pypi-conda-builds/backports.ssl_match_hostname to /home/ubuntu/miniconda/conda-bld/work
Package: backports.ssl_match_hostname-3.4.0.2-py27_0
source tree in: /home/ubuntu/miniconda/conda-bld/work
number of files: 11
Fixing permissions
Fixing permissions
BUILD END: backports.ssl_match_hostname-3.4.0.2-py27_0
# If you want to upload this package to binstar.org later, type:
#
# $ binstar upload /home/ubuntu/miniconda/conda-bld/linux-64/backports.ssl_match_hostname-3.4.0.2-py27_0.tar.bz2
#
# To have conda build upload to binstar automatically, use
# $ conda config --set binstar_upload yes

Removing old build directory
Removing old work directory
BUILD START: apache-libcloud-0.17.0-py_0
Fetching package metadata: ......

WARNING: conda-build appears to be out of date. You have version 1.13.0 but the
latest version is 1.14.1. Run

conda update -n root conda-build

to get the latest version.

Solving package specifications: .................
Warning: 2 possible package resolutions (only showing differing packages):
	[u'backports.ssl_match_hostname-3.4.0.2-py_0.tar.bz2'],
	[u'backports.ssl_match_hostname-3.4.0.2-py27_0.tar.bz2'],
/home/ubuntu/miniconda/pkgs/backports.ssl_match_hostname-3.4.0.2-py_0/bin/.backports.ssl_match_hostname-pre-link.sh: line 2: /home/ubuntu/miniconda/envs/_build/bin/python: No such file or directory

The following NEW packages will be INSTALLED:

    backports.ssl_match_hostname: 3.4.0.2-py_0 
    openssl:                      1.0.1k-1     
    pip:                          7.0.3-py27_0 
    python:                       2.7.10-0     
    readline:                     6.2-2        
    setuptools:                   18.0.1-py27_0
    sqlite:                       3.8.4.1-1    
    system:                       5.8-2        
    tk:                           8.5.18-0     
    zlib:                         1.2.8-0      

Linking packages ...
[                    ]|                                                  |   0%[openssl             ]|                                                  |   0%[readline            ]|#####                                             |  10%[sqlite              ]|##########                                        |  20%[system              ]|###############                                   |  30%[tk                  ]|####################                              |  40%[zlib                ]|#########################                         |  50%[backports.ssl_match_hostname]|#########################                 |  60%Error: pre-link failed: backports.ssl_match_hostname-3.4.0.2-py_0
Package search: {'_pypi_ordering': False, 'version': '0.17.0', 'name': 'apache-libcloud', 'summary': 'A standard Python library that abstracts away differences among multiple cloud provider APIs. For more information and documentation, please see http://libcloud.apache.org'}
Creating standard recipe for apache-libcloud-0.17.0
Converting recipe in /home/ubuntu/pypi-conda-builds/apache-libcloud
package = apache-libcloud
   dependencies = [u'backports.ssl_match_hostname']
Creating standard recipe for backports.ssl_match_hostname
Converting recipe in /home/ubuntu/pypi-conda-builds/backports.ssl_match_hostname
package = backports.ssl_match_hostname
   dependencies = []
Building conda package for backports.ssl_match_hostname
Building conda package for apache-libcloud
