Error: prefix already exists: /home/ubuntu/miniconda/envs/_pipbuild_
Collecting APScheduler==3.0.3
  Downloading http://localhost/packages/py2.py3/A/APScheduler/APScheduler-3.0.3-py2.py3-none-any.whl (47kB)
Requirement already satisfied (use --upgrade to upgrade): six in /home/ubuntu/miniconda/envs/_pipbuild_/lib/python2.7/site-packages (from APScheduler==3.0.3)
Collecting futures (from APScheduler==3.0.3)
  Downloading http://localhost/packages/py2/f/futures/futures-3.0.2-py2-none-any.whl
Collecting pytz (from APScheduler==3.0.3)
  Downloading http://localhost/packages/py2.py3/p/pytz/pytz-2015.4-py2.py3-none-any.whl (475kB)
Collecting tzlocal (from APScheduler==3.0.3)
  Downloading http://localhost/packages/source/t/tzlocal/tzlocal-1.1.3.tar.gz
setuptools must be installed to install from a source distribution
Package search: {'_pypi_ordering': False, 'version': '3.0.3', 'name': 'APScheduler', 'summary': 'In-process task scheduler with Cron-like capabilities'}
Creating standard recipe for apscheduler-3.0.3
Using url https://pypi.python.org/packages/source/A/APScheduler/APScheduler-3.0.3.tar.gz (73 KB) for APScheduler.
Downloading APScheduler
Using cached download
Unpacking APScheduler...
done
working in /tmp/tmpXpiLvjconda_skeleton_APScheduler-3.0.3.tar.gz
Fetching package metadata: ......

WARNING: conda-build appears to be out of date. You have version 1.13.0 but the
latest version is 1.14.0. Run

conda update -n root conda-build

to get the latest version.

Solving package specifications: .patching file core.py
Hunk #1 succeeded at 168 with fuzz 2 (offset 2 lines).
Traceback (most recent call last):
  File "setup.py", line 5, in <module>
    from setuptools import setup, find_packages
ImportError: No module named setuptools

Applying patch: '/tmp/tmpXpiLvjconda_skeleton_APScheduler-3.0.3.tar.gz/pypi-distutils.patch'
$PYTHONPATH = /tmp/tmpXpiLvjconda_skeleton_APScheduler-3.0.3.tar.gz/APScheduler-3.0.3
Error: command failed: /home/ubuntu/miniconda/envs/_build/bin/python setup.py install

conda create -n _pipbuild_ --yes python pip
/home/ubuntu/miniconda/envs/_pipbuild_/bin/pip install APScheduler==3.0.3
Error: Could not pip install APScheduler==3.0.3
