Error: prefix already exists: /home/ubuntu/miniconda/envs/_pipbuild_
Collecting argh==0.26.1
  Downloading http://localhost/packages/source/a/argh/argh-0.26.1.tar.gz
setuptools must be installed to install from a source distribution
Package search: {'_pypi_ordering': False, 'version': '0.26.1', 'name': 'argh', 'summary': 'An unobtrusive argparse wrapper with natural syntax'}
Creating standard recipe for argh-0.26.1
Using url https://pypi.python.org/packages/source/a/argh/argh-0.26.1.tar.gz (32 KB) for argh.
Downloading argh
Using cached download
Unpacking argh...
done
working in /tmp/tmps4AEHZconda_skeleton_argh-0.26.1.tar.gz
Fetching package metadata: ......

WARNING: conda-build appears to be out of date. You have version 1.13.0 but the
latest version is 1.14.0. Run

conda update -n root conda-build

to get the latest version.

Solving package specifications: .patching file core.py
Hunk #1 succeeded at 168 with fuzz 2 (offset 2 lines).
Traceback (most recent call last):
  File "setup.py", line 26, in <module>
    from setuptools import setup
ImportError: No module named setuptools

Applying patch: '/tmp/tmps4AEHZconda_skeleton_argh-0.26.1.tar.gz/pypi-distutils.patch'
$PYTHONPATH = /tmp/tmps4AEHZconda_skeleton_argh-0.26.1.tar.gz/argh-0.26.1
Error: command failed: /home/ubuntu/miniconda/envs/_build/bin/python setup.py install

conda create -n _pipbuild_ --yes python pip
/home/ubuntu/miniconda/envs/_pipbuild_/bin/pip install argh==0.26.1
Error: Could not pip install argh==0.26.1
