Removing old build directory
Removing old work directory
BUILD START: beautifulsoup4-4.3.2-py27_0
Fetching package metadata: ......

WARNING: conda-build appears to be out of date. You have version 1.13.0 but the
latest version is 1.14.1. Run

conda update -n root conda-build

to get the latest version.

Solving package specifications: .+ pip install beautifulsoup4
Collecting beautifulsoup4
  Downloading http://localhost/packages/source/b/beautifulsoup4/beautifulsoup4-4.3.2.tar.gz (143kB)
Installing collected packages: beautifulsoup4
  Running setup.py install for beautifulsoup4
Successfully installed beautifulsoup4-4.3.2

The following NEW packages will be INSTALLED:

    openssl:    1.0.1k-1     
    pip:        7.0.3-py27_0 
    python:     2.7.10-0     
    readline:   6.2-2        
    setuptools: 18.0.1-py27_0
    sqlite:     3.8.4.1-1    
    system:     5.8-2        
    tk:         8.5.18-0     
    zlib:       1.2.8-0      

Linking packages ...
[                    ]|                                                  |   0%[openssl             ]|                                                  |   0%[readline            ]|#####                                             |  11%[sqlite              ]|###########                                       |  22%[system              ]|################                                  |  33%[tk                  ]|######################                            |  44%[zlib                ]|###########################                       |  55%[python              ]|#################################                 |  66%[setuptools          ]|######################################            |  77%[pip                 ]|############################################      |  88%[      COMPLETE      ]|##################################################| 100%
Removing old work directory
Copying /home/ubuntu/pypi-conda-builds/beautifulsoup4 to /home/ubuntu/miniconda/conda-bld/work
Package: beautifulsoup4-4.3.2-py27_0
source tree in: /home/ubuntu/miniconda/conda-bld/work
number of files: 39
Fixing permissions
Fixing permissions
BUILD END: beautifulsoup4-4.3.2-py27_0
# If you want to upload this package to binstar.org later, type:
#
# $ binstar upload /home/ubuntu/miniconda/conda-bld/linux-64/beautifulsoup4-4.3.2-py27_0.tar.bz2
#
# To have conda build upload to binstar automatically, use
# $ conda config --set binstar_upload yes

Error: prefix already exists: /home/ubuntu/miniconda/envs/_pipbuild_
Exception:
Traceback (most recent call last):
  File "/home/ubuntu/miniconda/envs/_pipbuild_/lib/python2.7/site-packages/pip/basecommand.py", line 223, in main
    status = self.run(options, args)
  File "/home/ubuntu/miniconda/envs/_pipbuild_/lib/python2.7/site-packages/pip/commands/install.py", line 268, in run
    wheel_cache
  File "/home/ubuntu/miniconda/envs/_pipbuild_/lib/python2.7/site-packages/pip/basecommand.py", line 268, in populate_requirement_set
    wheel_cache=wheel_cache
  File "/home/ubuntu/miniconda/envs/_pipbuild_/lib/python2.7/site-packages/pip/req/req_install.py", line 207, in from_line
    wheel_cache=wheel_cache)
  File "/home/ubuntu/miniconda/envs/_pipbuild_/lib/python2.7/site-packages/pip/req/req_install.py", line 66, in __init__
    req = pkg_resources.Requirement.parse(req)
  File "/home/ubuntu/miniconda/envs/_pipbuild_/lib/python2.7/site-packages/pip/_vendor/pkg_resources/__init__.py", line 2960, in parse
    reqs = list(parse_requirements(s))
  File "/home/ubuntu/miniconda/envs/_pipbuild_/lib/python2.7/site-packages/pip/_vendor/pkg_resources/__init__.py", line 2904, in parse_requirements
    "version spec")
  File "/home/ubuntu/miniconda/envs/_pipbuild_/lib/python2.7/site-packages/pip/_vendor/pkg_resources/__init__.py", line 2869, in scan_list
    raise ValueError(msg, line, "at", line[p:])
ValueError: ('Expected version spec in', 'django-celery==>=3.0.11', 'at', '==>=3.0.11')

Package search: {'_pypi_ordering': False, 'version': '0.7.53', 'name': 'askbot', 'summary': 'Question and Answer forum, like StackOverflow, written in python and Django'}
Creating standard recipe for askbot-0.7.53
Converting recipe in /home/ubuntu/pypi-conda-builds/askbot
package = askbot
   dependencies = [u'beautifulsoup4', u'django-celery >=3.0.11', u'sanction ==0.3.1', u'longerusername', u'django-recaptcha-works', u'html5lib ==0.90', u'django-followit ==0.0.7', u'django-tinymce ==1.5.1b2', u'django-kombu ==0.9.4', u'django-countries ==3.3', u'django-transaction-signals', u'akismet', u'pystache ==0.3.1', u'python-openid', u'django-picklefield ==0.3.0', u'django-robots', u'django-compressor ==1.2', u'pytz ==2013b', u'jinja2', u'django-threaded-multihost', u'markdown2', u'unidecode', u'oauth2', u'pyjwt', u'django-keyedcache', u'django >=1.3.1,<1.6', u'django-avatar >=2.0', u'lamson', u'coffin >=0.3,<=0.3.8', u'south >=0.7.1']
Creating standard recipe for beautifulsoup4
Converting recipe in /home/ubuntu/pypi-conda-builds/beautifulsoup4
package = beautifulsoup4
   dependencies = []
Building conda package for beautifulsoup4
Creating standard recipe for django-celery->=3.0.11
Error: Version >=3.0.11 of django-celery is not available on PyPI.

conda create -n _pipbuild_ --yes python pip
/home/ubuntu/miniconda/envs/_pipbuild_/bin/pip install django-celery==>=3.0.11
Error: Could not pip install django-celery==>=3.0.11
