Warning, the following versions were found for aspen
0.40
0.39
0.38
0.37
0.36
0.35
0.34
0.33
0.32
0.31
0.30
0.29
0.28.3
0.28.2
0.28.1
0.28
0.27
0.26.1
0.26
0.25.3
0.25.2
0.25.1
0.25.0
0.24.3
0.24.2
0.24.1
0.24.0-dev
0.23.1
0.23
0.22.22
0.22.21
0.22.20
0.22.19
0.22.18
0.22.15
0.22.14
0.22.13
0.22.12
0.22.11
0.22.10
0.22.9
0.22.8
0.22.7
0.22.6
0.22.5
0.22.4
0.22.3
0.22.2
0.22.1
0.22
0.21
0.20.8
0.20.7
0.20.6
0.20.5
0.20.4
0.20.3
0.20.2
0.20.1
0.20
0.19.7
0.19.6
0.19.5
0.19.4
0.19.3
0.19.2
0.19.1
0.19
0.18.46
0.18.43
0.18.42
0.18.41
0.18.40
0.18.37
0.18.36
0.18.35
0.18.34
0.18.33
0.18.32
0.18.31
0.18.30
0.18.29
0.18.28
0.18.27
0.18.26
0.18.25
0.18.24
0.18.23
0.18.22
0.18.21
0.18.20
0.18.18
0.18.17
0.18.16
0.18.13
0.18.11
0.18.10
0.18.9
0.18.8
0.18.6
0.18.5
0.18.4
0.18.3
0.18.2
0.18.1
0.18.0
0.17.1
0.17.0
0.16.7
0.16.6
0.16.5
0.16.4
0.16.3
0.16.2
0.16.1
0.16.0
0.15.5
0.15.4
0.15.3
0.15.2
0.15.1
0.15.0
0.14.4
0.14.3
0.14.2
0.14.1
0.14.0
0.13.11
0.13.10
0.13.9
0.13.8
0.13.7
0.13.6
0.13.5
0.13.4
0.13.3
0.13.2
0.13.1
0.13.0
0.12.10
0.12.9
0.12.8
0.12.7
0.12.6
0.12.5
0.12.4
0.12.3
0.12.2
0.12.1
0.12.0
0.11.18
0.11.17
0.11.16
0.11.14
0.11.13
0.11.12
0.11.11
0.11.10
0.11.9
0.11.8
0.11.7
0.11.6
0.11.5
0.11.4
0.11.3
0.11.1
0.11.0
0.10.16
0.10.15
0.10.14
0.10.13
0.10.12
0.10.11
0.10.10
0.10.9
0.10.8
0.10.7
0.10.6
0.10.5
0.10.4
0.10.3
0.10.2
0.10.1
0.10
0.9.40
0.9.39
0.9.38
0.9.37
0.9.36
0.9.35
0.9.34
0.9.33
0.9.32
0.9.31
0.9.30
0.9.29
0.9.28
0.9.27
0.9.26
0.9.25
0.9.24
0.9.23
0.9.22
0.9.21
0.9.18
0.8
0.7.1
0.7
0.6
0.5
0.4
0.3.1
0.3
-n.0.18.45-
-n.0.18.44-
Using 0.40
Use --version to specify a different version.
Using url https://pypi.python.org/packages/source/a/aspen/aspen-0.40.tar.bz2 (48 KB) for aspen.
Downloading aspen
Using cached download
Unpacking aspen...
done
working in /tmp/tmpCtyoU_conda_skeleton_aspen-0.40.tar.bz2
Fetching package metadata: ......

WARNING: conda-build appears to be out of date. You have version 1.13.0 but the
latest version is 1.14.1. Run

conda update -n root conda-build

to get the latest version.

Solving package specifications: .patching file core.py
Hunk #1 succeeded at 168 with fuzz 2 (offset 2 lines).

WARNING: conda-build appears to be out of date. You have version 1.13.0 but the
latest version is 1.14.1. Run

conda update -n root conda-build

to get the latest version.


The following NEW packages will be INSTALLED:

    numpy:  1.9.2-py27_0
    pyyaml: 3.11-py27_1 
    yaml:   0.1.6-0     

Linking packages ...
[                    ]|                                                  |   0%[yaml                ]|                                                  |   0%[numpy               ]|################                                  |  33%[pyyaml              ]|#################################                 |  66%[      COMPLETE      ]|##################################################| 100%
Applying patch: '/tmp/tmpCtyoU_conda_skeleton_aspen-0.40.tar.bz2/pypi-distutils.patch'
Warning, the following versions were found for filesystem_tree
1.0.1
1.0.0
1.0.0rc2
1.0.0rc1
Using 1.0.1
Use --version to specify a different version.
Using url https://pypi.python.org/packages/source/f/filesystem_tree/filesystem_tree-1.0.1.tar.gz (3 KB) for filesystem_tree.
Downloading filesystem_tree
Using cached download
Unpacking filesystem_tree...
done
working in /tmp/tmpPM0Pmcconda_skeleton_filesystem_tree-1.0.1.tar.gz
Solving package specifications: .patching file core.py
Hunk #1 succeeded at 168 with fuzz 2 (offset 2 lines).

WARNING: conda-build appears to be out of date. You have version 1.13.0 but the
latest version is 1.14.1. Run

conda update -n root conda-build

to get the latest version.


Applying patch: '/tmp/tmpPM0Pmcconda_skeleton_filesystem_tree-1.0.1.tar.gz/pypi-distutils.patch'
Warning, the following versions were found for algorithm
1.0.0
1.0.0rc1
0.0.0-dev
Using 1.0.0
Use --version to specify a different version.
Using url https://pypi.python.org/packages/source/a/algorithm/algorithm-1.0.0.tar.gz (8 KB) for algorithm.
Downloading algorithm
Using cached download
Unpacking algorithm...
done
working in /tmp/tmp9Y4SWuconda_skeleton_algorithm-1.0.0.tar.gz
Solving package specifications: .patching file core.py
Hunk #1 succeeded at 168 with fuzz 2 (offset 2 lines).

WARNING: conda-build appears to be out of date. You have version 1.13.0 but the
latest version is 1.14.1. Run

conda update -n root conda-build

to get the latest version.


Applying patch: '/tmp/tmp9Y4SWuconda_skeleton_algorithm-1.0.0.tar.gz/pypi-distutils.patch'
Warning, the following versions were found for dependency_injection
1.1.0
1.0.1
1.0.0
1.0.0rc1
0.0.0-dev
Using 1.1.0
Use --version to specify a different version.
Using url https://pypi.python.org/packages/source/d/dependency_injection/dependency_injection-1.1.0.tar.gz (3 KB) for dependency_injection.
Downloading dependency_injection
Using cached download
Unpacking dependency_injection...
done
working in /tmp/tmp1fDSBBconda_skeleton_dependency_injection-1.1.0.tar.gz
Solving package specifications: .patching file core.py
Hunk #1 succeeded at 168 with fuzz 2 (offset 2 lines).

WARNING: conda-build appears to be out of date. You have version 1.13.0 but the
latest version is 1.14.1. Run

conda update -n root conda-build

to get the latest version.


Applying patch: '/tmp/tmp1fDSBBconda_skeleton_dependency_injection-1.1.0.tar.gz/pypi-distutils.patch'
Warning, the following versions were found for first
2.0.1
2.0.0
1.0.2
1.0.1
1.0.0
Using 2.0.1
Use --version to specify a different version.
Using url https://pypi.python.org/packages/source/f/first/first-2.0.1.tar.gz (5 KB) for first.
Downloading first
Using cached download
Unpacking first...
done
working in /tmp/tmpWzPS59conda_skeleton_first-2.0.1.tar.gz
Solving package specifications: .patching file core.py
Hunk #1 succeeded at 168 with fuzz 2 (offset 2 lines).

Applying patch: '/tmp/tmpWzPS59conda_skeleton_first-2.0.1.tar.gz/pypi-distutils.patch'
Warning, the following versions were found for mimeparse
0.1.4
0.1.3
0.1.2
Using 0.1.4
Use --version to specify a different version.
Error: Could not parse url for mimeparse: UNKNOWN
