Error: prefix already exists: /home/ubuntu/miniconda/envs/_pipbuild_
Collecting astroid==1.3.6
  Downloading http://localhost/packages/3.4/a/astroid/astroid-1.3.6-py2.py3-none-any.whl (182kB)
Requirement already satisfied (use --upgrade to upgrade): six in /home/ubuntu/miniconda/envs/_pipbuild_/lib/python2.7/site-packages (from astroid==1.3.6)
Collecting logilab-common>=0.60.0 (from astroid==1.3.6)
  Downloading http://localhost/packages/source/l/logilab-common/logilab-common-0.63.2.tar.gz (196kB)
setuptools must be installed to install from a source distribution
Package search: {'_pypi_ordering': False, 'version': '1.2.1', 'name': 'astroid', 'summary': "rebuild a new abstract syntax tree from Python's ast"}
Creating standard recipe for astroid-1.3.6
Using url https://pypi.python.org/packages/source/a/astroid/astroid-1.3.6.tar.gz (150 KB) for astroid.
Downloading astroid
Using cached download
Unpacking astroid...
done
working in /tmp/tmpYTM8f4conda_skeleton_astroid-1.3.6.tar.gz
Fetching package metadata: ......

WARNING: conda-build appears to be out of date. You have version 1.13.0 but the
latest version is 1.14.0. Run

conda update -n root conda-build

to get the latest version.

Solving package specifications: .patching file core.py
Hunk #1 succeeded at 168 with fuzz 2 (offset 2 lines).
Traceback (most recent call last):
  File "setup.py", line 22, in <module>
    from setuptools import setup, find_packages
ImportError: No module named setuptools

The following NEW packages will be INSTALLED:

    numpy:  1.9.2-py27_0
    pyyaml: 3.11-py27_1 
    yaml:   0.1.6-0     

Linking packages ...
[                    ]|                                                  |   0%[yaml                ]|                                                  |   0%[numpy               ]|################                                  |  33%[pyyaml              ]|#################################                 |  66%[      COMPLETE      ]|##################################################| 100%
Applying patch: '/tmp/tmpYTM8f4conda_skeleton_astroid-1.3.6.tar.gz/pypi-distutils.patch'
$PYTHONPATH = /tmp/tmpYTM8f4conda_skeleton_astroid-1.3.6.tar.gz/astroid-1.3.6
Error: command failed: /home/ubuntu/miniconda/envs/_build/bin/python setup.py install

conda create -n _pipbuild_ --yes python pip
/home/ubuntu/miniconda/envs/_pipbuild_/bin/pip install astroid==1.3.6
Error: Could not pip install astroid==1.3.6
