Warning, the following versions were found for async
0.6.2
0.6.1
0.6.0
Using 0.6.2
Use --version to specify a different version.
Using url https://pypi.python.org/packages/source/a/async/async-0.6.2.tar.gz (29 KB) for async.
Downloading async
Using cached download
Unpacking async...
done
working in /tmp/tmp6NjtKPconda_skeleton_async-0.6.2.tar.gz
Fetching package metadata: ......

WARNING: conda-build appears to be out of date. You have version 1.13.0 but the
latest version is 1.14.1. Run

conda update -n root conda-build

to get the latest version.

Solving package specifications: .patching file core.py
Hunk #1 succeeded at 168 with fuzz 2 (offset 2 lines).

The following NEW packages will be INSTALLED:

    numpy:  1.9.2-py27_0
    pyyaml: 3.11-py27_1 
    yaml:   0.1.6-0     

Linking packages ...
[                    ]|                                                  |   0%[yaml                ]|                                                  |   0%[numpy               ]|################                                  |  33%[pyyaml              ]|#################################                 |  66%[      COMPLETE      ]|##################################################| 100%
Applying patch: '/tmp/tmp6NjtKPconda_skeleton_async-0.6.2.tar.gz/pypi-distutils.patch'
Writing recipe for async
Done
