Error: prefix already exists: /home/ubuntu/miniconda/envs/_pipbuild_
Collecting awscli==1.7.36
  Could not find a version that satisfies the requirement awscli==1.7.36 (from versions: 0.4.1, 0.4.2, 0.4.3, 0.4.4, 0.4.5, 0.5.0, 0.5.1, 0.5.2, 0.5.3, 0.6.0, 0.7.0, 0.8.0, 0.8.1, 0.8.2, 0.8.3, 0.9.1, 0.9.2, 0.9.3, 0.10.1, 0.11.0, 0.12.0, 0.13.0, 0.13.1, 0.13.2, 0.14.0, 0.14.1, 0.15.0, 0.16.0, 1.0.0, 1.1.0, 1.1.1, 1.1.2, 1.2.0, 1.2.1, 1.2.2, 1.2.3, 1.2.4, 1.2.5, 1.2.6, 1.2.7, 1.2.8, 1.2.9, 1.2.10, 1.2.11, 1.2.12, 1.2.13, 1.3.0, 1.3.1, 1.3.2, 1.3.3, 1.3.4, 1.3.5, 1.3.6, 1.3.7, 1.3.8, 1.3.9, 1.3.10, 1.3.11, 1.3.12, 1.3.13, 1.3.14, 1.3.15, 1.3.16, 1.3.17, 1.3.18, 1.3.19, 1.3.20, 1.3.21, 1.3.22, 1.3.23, 1.3.24, 1.3.25, 1.4.0, 1.4.1, 1.4.2, 1.4.3, 1.4.4, 1.5.0, 1.5.1, 1.5.2, 1.5.3, 1.5.4, 1.5.5, 1.5.6, 1.6.0, 1.6.1, 1.6.2, 1.6.3, 1.6.4, 1.6.5, 1.6.6, 1.6.7, 1.6.8, 1.6.9, 1.6.10, 1.7.0, 1.7.1, 1.7.2, 1.7.3, 1.7.4, 1.7.5, 1.7.6, 1.7.7, 1.7.8, 1.7.9, 1.7.10, 1.7.11, 1.7.12, 1.7.13, 1.7.14, 1.7.15, 1.7.16, 1.7.17, 1.7.18, 1.7.19, 1.7.20, 1.7.21, 1.7.22, 1.7.23, 1.7.24, 1.7.25, 1.7.26, 1.7.27)
No matching distribution found for awscli==1.7.36
Package search: {'_pypi_ordering': False, 'version': '1.7.36', 'name': 'awscli', 'summary': 'Universal Command Line Environment for AWS.'}
Creating standard recipe for awscli-1.7.36
Using url https://pypi.python.org/packages/source/a/awscli/awscli-1.7.36.tar.gz (356 KB) for awscli.
Downloading awscli
Unpacking awscli...
done
working in /tmp/tmppSIgYkconda_skeleton_awscli-1.7.36.tar.gz
Fetching package metadata: ......

WARNING: conda-build appears to be out of date. You have version 1.13.0 but the
latest version is 1.14.0. Run

conda update -n root conda-build

to get the latest version.

Solving package specifications: .patching file core.py
Hunk #1 succeeded at 168 with fuzz 2 (offset 2 lines).
Traceback (most recent call last):
  File "setup.py", line 4, in <module>
    from setuptools import setup, find_packages
ImportError: No module named setuptools

Applying patch: '/tmp/tmppSIgYkconda_skeleton_awscli-1.7.36.tar.gz/pypi-distutils.patch'
$PYTHONPATH = /tmp/tmppSIgYkconda_skeleton_awscli-1.7.36.tar.gz/awscli-1.7.36
Error: command failed: /home/ubuntu/miniconda/envs/_build/bin/python setup.py install

conda create -n _pipbuild_ --yes python pip
/home/ubuntu/miniconda/envs/_pipbuild_/bin/pip install awscli==1.7.36
Error: Could not pip install awscli==1.7.36
