Removing old build directory
Removing old work directory
BUILD START: azure-0.11.0-py27_0
Fetching package metadata: ......

WARNING: conda-build appears to be out of date. You have version 1.13.0 but the
latest version is 1.14.1. Run

conda update -n root conda-build

to get the latest version.

Solving package specifications: .................
Warning: 4 possible package resolutions (only showing differing packages):
	[u'idna-2.0-py_0.tar.bz2', u'ipaddress-1.0.7-py_0.tar.bz2'],
	[u'idna-2.0-py_0.tar.bz2', u'ipaddress-1.0.7-py27_0.tar.bz2'],
	[u'idna-2.0-py27_0.tar.bz2', u'ipaddress-1.0.7-py27_0.tar.bz2'],
	[u'idna-2.0-py27_0.tar.bz2', u'ipaddress-1.0.7-py_0.tar.bz2'],
/home/ubuntu/miniconda/pkgs/idna-2.0-py_0/bin/.idna-pre-link.sh: line 2: /home/ubuntu/miniconda/envs/_build/bin/python: No such file or directory

The following NEW packages will be INSTALLED:

    cffi:            1.1.0-py27_0 
    cryptography:    0.9.1-py27_0 
    enum34:          1.0.4-py27_0 
    futures:         3.0.3-py27_0 
    idna:            2.0-py_0     
    ipaddress:       1.0.7-py_0   
    libffi:          3.0.13-0     
    openssl:         1.0.1k-1     
    pip:             7.0.3-py27_0 
    pyasn1:          0.1.7-py27_0 
    pycparser:       2.14-py27_0  
    pyopenssl:       0.15.1-py27_1
    python:          2.7.10-0     
    python-dateutil: 2.4.2-py27_0 
    readline:        6.2-2        
    setuptools:      18.0.1-py27_0
    six:             1.9.0-py27_0 
    sqlite:          3.8.4.1-1    
    system:          5.8-2        
    tk:              8.5.18-0     
    zlib:            1.2.8-0      

Linking packages ...
[                    ]|                                                  |   0%[libffi              ]|                                                  |   0%[openssl             ]|##                                                |   4%[readline            ]|####                                              |   9%[sqlite              ]|#######                                           |  14%[system              ]|#########                                         |  19%[tk                  ]|###########                                       |  23%[zlib                ]|##############                                    |  28%[enum34              ]|################                                  |  33%[futures             ]|###################                               |  38%[idna                ]|#####################                             |  42%Error: pre-link failed: idna-2.0-py_0
