Error: prefix already exists: /home/ubuntu/miniconda/envs/_pipbuild_
Collecting B1python==0.8.7
  Downloading http://localhost/packages/source/B/B1python/B1python-0.8.7.tar.gz (154kB)
setuptools must be installed to install from a source distribution
Package search: {'_pypi_ordering': False, 'version': '0.8.7', 'name': 'B1python', 'summary': 'Python macros for (A)SAXS evaluation'}
Creating standard recipe for b1python-0.8.7
Using url https://pypi.python.org/packages/source/B/B1python/B1python-0.8.7.tar.gz (151 KB) for B1python.
Downloading B1python
Using cached download
Unpacking B1python...
done
working in /tmp/tmplP0O6dconda_skeleton_B1python-0.8.7.tar.gz
Fetching package metadata: ......

WARNING: conda-build appears to be out of date. You have version 1.13.0 but the
latest version is 1.14.1. Run

conda update -n root conda-build

to get the latest version.

Solving package specifications: .patching file core.py
Hunk #1 succeeded at 168 with fuzz 2 (offset 2 lines).
Traceback (most recent call last):
  File "setup.py", line 5, in <module>
    from Cython.Distutils import build_ext
ImportError: No module named Cython.Distutils

Applying patch: '/tmp/tmplP0O6dconda_skeleton_B1python-0.8.7.tar.gz/pypi-distutils.patch'
$PYTHONPATH = /tmp/tmplP0O6dconda_skeleton_B1python-0.8.7.tar.gz/B1python-0.8.7
Error: command failed: /home/ubuntu/miniconda/envs/_build/bin/python setup.py install

conda create -n _pipbuild_ --yes python pip
/home/ubuntu/miniconda/envs/_pipbuild_/bin/pip install B1python==0.8.7
Error: Could not pip install B1python==0.8.7
