Error: prefix already exists: /home/ubuntu/miniconda/envs/_pipbuild_
Collecting Babel==1.3
  Downloading http://localhost/packages/source/B/Babel/Babel-1.3.tar.gz (3.4MB)
setuptools must be installed to install from a source distribution
Package search: {'_pypi_ordering': False, 'version': '1.3', 'name': 'Babel', 'summary': 'Internationalization utilities'}
Creating standard recipe for babel-1.3
Using url https://pypi.python.org/packages/source/B/Babel/Babel-1.3.tar.gz (3.2 MB) for Babel.
Downloading Babel
Using cached download
Unpacking Babel...
done
working in /tmp/tmp35217uconda_skeleton_Babel-1.3.tar.gz
Fetching package metadata: ......

WARNING: conda-build appears to be out of date. You have version 1.13.0 but the
latest version is 1.14.0. Run

conda update -n root conda-build

to get the latest version.

Solving package specifications: .patching file core.py
Hunk #1 succeeded at 168 with fuzz 2 (offset 2 lines).
Traceback (most recent call last):
  File "setup.py", line 6, in <module>
    from setuptools import setup
ImportError: No module named setuptools

Applying patch: '/tmp/tmp35217uconda_skeleton_Babel-1.3.tar.gz/pypi-distutils.patch'
$PYTHONPATH = /tmp/tmp35217uconda_skeleton_Babel-1.3.tar.gz/Babel-1.3
Error: command failed: /home/ubuntu/miniconda/envs/_build/bin/python setup.py install

conda create -n _pipbuild_ --yes python pip
/home/ubuntu/miniconda/envs/_pipbuild_/bin/pip install Babel==1.3
Error: Could not pip install Babel==1.3
