Error: prefix already exists: /home/ubuntu/miniconda/envs/_pipbuild_
Collecting backports.ssl-match-hostname==3.4.0.2
  Downloading http://localhost/packages/source/b/backports.ssl_match_hostname/backports.ssl_match_hostname-3.4.0.2.tar.gz
setuptools must be installed to install from a source distribution
Package search: {'_pypi_ordering': False, 'version': '3.4.0.2', 'name': 'backports.ssl_match_hostname', 'summary': 'The ssl.match_hostname() function from Python 3.4'}
Creating standard recipe for backports.ssl_match_hostname-3.4.0.2
Using url https://pypi.python.org/packages/source/b/backports.ssl_match_hostname/backports.ssl_match_hostname-3.4.0.2.tar.gz (5 KB) for backports.ssl_match_hostname.
Downloading backports.ssl_match_hostname
Using cached download
Unpacking backports.ssl_match_hostname...
done
working in /tmp/tmprj6dAtconda_skeleton_backports.ssl_match_hostname-3.4.0.2.tar.gz
Fetching package metadata: ......

WARNING: conda-build appears to be out of date. You have version 1.13.0 but the
latest version is 1.14.0. Run

conda update -n root conda-build

to get the latest version.

Solving package specifications: .patching file core.py
Hunk #1 succeeded at 168 with fuzz 2 (offset 2 lines).
Traceback (most recent call last):
  File "setup.py", line 5, in <module>
    from setuptools import setup, find_packages
ImportError: No module named setuptools

Applying patch: '/tmp/tmprj6dAtconda_skeleton_backports.ssl_match_hostname-3.4.0.2.tar.gz/pypi-distutils.patch'
$PYTHONPATH = /tmp/tmprj6dAtconda_skeleton_backports.ssl_match_hostname-3.4.0.2.tar.gz/backports.ssl_match_hostname-3.4.0.2
Error: command failed: /home/ubuntu/miniconda/envs/_build/bin/python setup.py install

conda create -n _pipbuild_ --yes python pip
/home/ubuntu/miniconda/envs/_pipbuild_/bin/pip install backports.ssl_match_hostname==3.4.0.2
Error: Could not pip install backports.ssl_match_hostname==3.4.0.2
