Error: prefix already exists: /home/ubuntu/miniconda/envs/_pipbuild_
Collecting bcrypt==2.0.0
  Could not find a version that satisfies the requirement bcrypt==2.0.0 (from versions: 1.0.0, 1.0.1, 1.0.2, 1.1.0, 1.1.1)
No matching distribution found for bcrypt==2.0.0
Package search: {'_pypi_ordering': False, 'version': '1.0.0', 'name': 'bcrypt', 'summary': 'Modern password hashing for your software and your servers'}
Creating standard recipe for bcrypt-2.0.0
Using url https://pypi.python.org/packages/source/b/bcrypt/bcrypt-2.0.0.tar.gz (38 KB) for bcrypt.
Downloading bcrypt
Using cached download
Unpacking bcrypt...
done
working in /tmp/tmp0__rAyconda_skeleton_bcrypt-2.0.0.tar.gz
Fetching package metadata: ......

WARNING: conda-build appears to be out of date. You have version 1.13.0 but the
latest version is 1.14.0. Run

conda update -n root conda-build

to get the latest version.

Solving package specifications: .patching file core.py
Hunk #1 succeeded at 168 with fuzz 2 (offset 2 lines).
Traceback (most recent call last):
  File "setup.py", line 5, in <module>
    from setuptools import setup
ImportError: No module named setuptools

Applying patch: '/tmp/tmp0__rAyconda_skeleton_bcrypt-2.0.0.tar.gz/pypi-distutils.patch'
$PYTHONPATH = /tmp/tmp0__rAyconda_skeleton_bcrypt-2.0.0.tar.gz/bcrypt-2.0.0
Error: command failed: /home/ubuntu/miniconda/envs/_build/bin/python setup.py install

conda create -n _pipbuild_ --yes python pip
/home/ubuntu/miniconda/envs/_pipbuild_/bin/pip install bcrypt==2.0.0
Error: Could not pip install bcrypt==2.0.0
