Warning, the following versions were found for bcrypt
2.0.0
1.1.1
1.1.0
1.0.2
1.0.1
1.0.0
Using 2.0.0
Use --version to specify a different version.
Using url https://pypi.python.org/packages/source/b/bcrypt/bcrypt-2.0.0.tar.gz (38 KB) for bcrypt.
Downloading bcrypt
Using cached download
Unpacking bcrypt...
done
working in /tmp/tmpccU1Pnconda_skeleton_bcrypt-2.0.0.tar.gz
Fetching package metadata: ......

WARNING: conda-build appears to be out of date. You have version 1.13.0 but the
latest version is 1.14.1. Run

conda update -n root conda-build

to get the latest version.

Solving package specifications: .patching file core.py
Hunk #1 succeeded at 168 with fuzz 2 (offset 2 lines).

Applying patch: '/tmp/tmpccU1Pnconda_skeleton_bcrypt-2.0.0.tar.gz/pypi-distutils.patch'
Writing recipe for bcrypt
Done
