Removing old build directory
Removing old work directory
BUILD START: bcrypt-2.0.0-py_0
Fetching package metadata: ......

WARNING: conda-build appears to be out of date. You have version 1.13.0 but the
latest version is 1.14.1. Run

conda update -n root conda-build

to get the latest version.

Solving package specifications: .+ /home/ubuntu/miniconda/envs/_build/bin/python setup.py install
running install
running bdist_egg
running egg_info
writing requirements to src/bcrypt.egg-info/requires.txt
writing src/bcrypt.egg-info/PKG-INFO
writing top-level names to src/bcrypt.egg-info/top_level.txt
writing dependency_links to src/bcrypt.egg-info/dependency_links.txt
reading manifest file 'src/bcrypt.egg-info/SOURCES.txt'
reading manifest template 'MANIFEST.in'
writing manifest file 'src/bcrypt.egg-info/SOURCES.txt'
installing library code to build/bdist.linux-x86_64/egg
running install_lib
running build_py
creating build
creating build/lib.linux-x86_64-2.7
creating build/lib.linux-x86_64-2.7/bcrypt
copying src/bcrypt/__about__.py -> build/lib.linux-x86_64-2.7/bcrypt
copying src/bcrypt/__init__.py -> build/lib.linux-x86_64-2.7/bcrypt
running build_ext
generating cffi module 'build/temp.linux-x86_64-2.7/_bcrypt.c'
creating build/temp.linux-x86_64-2.7
building '_bcrypt' extension
creating build/temp.linux-x86_64-2.7/build
creating build/temp.linux-x86_64-2.7/build/temp.linux-x86_64-2.7
creating build/temp.linux-x86_64-2.7/src
creating build/temp.linux-x86_64-2.7/src/crypt_blowfish-1.3
gcc -pthread -fno-strict-aliasing -g -O2 -DNDEBUG -g -fwrapv -O3 -Wall -Wstrict-prototypes -fPIC -Isrc/crypt_blowfish-1.3 -I/home/ubuntu/miniconda/envs/_build/include/python2.7 -c build/temp.linux-x86_64-2.7/_bcrypt.c -o build/temp.linux-x86_64-2.7/build/temp.linux-x86_64-2.7/_bcrypt.o
gcc -pthread -fno-strict-aliasing -g -O2 -DNDEBUG -g -fwrapv -O3 -Wall -Wstrict-prototypes -fPIC -Isrc/crypt_blowfish-1.3 -I/home/ubuntu/miniconda/envs/_build/include/python2.7 -c src/crypt_blowfish-1.3/crypt_blowfish.c -o build/temp.linux-x86_64-2.7/src/crypt_blowfish-1.3/crypt_blowfish.o
gcc -pthread -fno-strict-aliasing -g -O2 -DNDEBUG -g -fwrapv -O3 -Wall -Wstrict-prototypes -fPIC -Isrc/crypt_blowfish-1.3 -I/home/ubuntu/miniconda/envs/_build/include/python2.7 -c src/crypt_blowfish-1.3/crypt_gensalt.c -o build/temp.linux-x86_64-2.7/src/crypt_blowfish-1.3/crypt_gensalt.o
gcc -pthread -fno-strict-aliasing -g -O2 -DNDEBUG -g -fwrapv -O3 -Wall -Wstrict-prototypes -fPIC -Isrc/crypt_blowfish-1.3 -I/home/ubuntu/miniconda/envs/_build/include/python2.7 -c src/crypt_blowfish-1.3/wrapper.c -o build/temp.linux-x86_64-2.7/src/crypt_blowfish-1.3/wrapper.o
gcc -pthread -shared -L/home/ubuntu/miniconda/envs/_build/lib -Wl,-rpath=/home/ubuntu/miniconda/envs/_build/lib,--no-as-needed build/temp.linux-x86_64-2.7/build/temp.linux-x86_64-2.7/_bcrypt.o build/temp.linux-x86_64-2.7/src/crypt_blowfish-1.3/crypt_blowfish.o build/temp.linux-x86_64-2.7/src/crypt_blowfish-1.3/crypt_gensalt.o build/temp.linux-x86_64-2.7/src/crypt_blowfish-1.3/wrapper.o -L/home/ubuntu/miniconda/envs/_build/lib -lpython2.7 -o build/lib.linux-x86_64-2.7/bcrypt/_bcrypt.so
creating build/bdist.linux-x86_64
creating build/bdist.linux-x86_64/egg
creating build/bdist.linux-x86_64/egg/bcrypt
copying build/lib.linux-x86_64-2.7/bcrypt/_bcrypt.so -> build/bdist.linux-x86_64/egg/bcrypt
copying build/lib.linux-x86_64-2.7/bcrypt/__about__.py -> build/bdist.linux-x86_64/egg/bcrypt
copying build/lib.linux-x86_64-2.7/bcrypt/__init__.py -> build/bdist.linux-x86_64/egg/bcrypt
byte-compiling build/bdist.linux-x86_64/egg/bcrypt/__about__.py to __about__.pyc
byte-compiling build/bdist.linux-x86_64/egg/bcrypt/__init__.py to __init__.pyc
creating stub loader for bcrypt/_bcrypt.so
byte-compiling build/bdist.linux-x86_64/egg/bcrypt/_bcrypt.py to _bcrypt.pyc
creating build/bdist.linux-x86_64/egg/EGG-INFO
copying src/bcrypt.egg-info/PKG-INFO -> build/bdist.linux-x86_64/egg/EGG-INFO
copying src/bcrypt.egg-info/SOURCES.txt -> build/bdist.linux-x86_64/egg/EGG-INFO
copying src/bcrypt.egg-info/dependency_links.txt -> build/bdist.linux-x86_64/egg/EGG-INFO
copying src/bcrypt.egg-info/not-zip-safe -> build/bdist.linux-x86_64/egg/EGG-INFO
copying src/bcrypt.egg-info/pbr.json -> build/bdist.linux-x86_64/egg/EGG-INFO
copying src/bcrypt.egg-info/requires.txt -> build/bdist.linux-x86_64/egg/EGG-INFO
copying src/bcrypt.egg-info/top_level.txt -> build/bdist.linux-x86_64/egg/EGG-INFO
writing build/bdist.linux-x86_64/egg/EGG-INFO/native_libs.txt
creating dist
creating 'dist/bcrypt-2.0.0-py2.7-linux-x86_64.egg' and adding 'build/bdist.linux-x86_64/egg' to it
removing 'build/bdist.linux-x86_64/egg' (and everything under it)
Processing bcrypt-2.0.0-py2.7-linux-x86_64.egg
creating /home/ubuntu/miniconda/envs/_build/lib/python2.7/site-packages/bcrypt-2.0.0-py2.7-linux-x86_64.egg
Extracting bcrypt-2.0.0-py2.7-linux-x86_64.egg to /home/ubuntu/miniconda/envs/_build/lib/python2.7/site-packages
Adding bcrypt 2.0.0 to easy-install.pth file

Installed /home/ubuntu/miniconda/envs/_build/lib/python2.7/site-packages/bcrypt-2.0.0-py2.7-linux-x86_64.egg
Processing dependencies for bcrypt==2.0.0
Searching for six==1.9.0
Best match: six 1.9.0
Adding six 1.9.0 to easy-install.pth file

Using /home/ubuntu/miniconda/envs/_build/lib/python2.7/site-packages
Searching for cffi==1.1.0
Best match: cffi 1.1.0
Adding cffi 1.1.0 to easy-install.pth file

Using /home/ubuntu/miniconda/envs/_build/lib/python2.7/site-packages
Searching for pycparser==2.14
Best match: pycparser 2.14
Adding pycparser 2.14 to easy-install.pth file

Using /home/ubuntu/miniconda/envs/_build/lib/python2.7/site-packages
Finished processing dependencies for bcrypt==2.0.0

The following NEW packages will be INSTALLED:

    cffi:       1.1.0-py27_0 
    libffi:     3.0.13-0     
    openssl:    1.0.1k-1     
    pip:        7.0.3-py27_0 
    py:         1.4.27-py27_0
    pycparser:  2.14-py27_0  
    pytest:     2.7.1-py27_0 
    python:     2.7.10-0     
    readline:   6.2-2        
    setuptools: 18.0.1-py27_0
    six:        1.9.0-py27_0 
    sqlite:     3.8.4.1-1    
    system:     5.8-2        
    tk:         8.5.18-0     
    zlib:       1.2.8-0      

Linking packages ...
[                    ]|                                                  |   0%[libffi              ]|                                                  |   0%[openssl             ]|###                                               |   6%[readline            ]|######                                            |  13%[sqlite              ]|##########                                        |  20%[system              ]|#############                                     |  26%[tk                  ]|################                                  |  33%[zlib                ]|####################                              |  40%[py                  ]|#######################                           |  46%[pycparser           ]|##########################                        |  53%[cffi                ]|##############################                    |  60%[pytest              ]|#################################                 |  66%[python              ]|####################################              |  73%[setuptools          ]|########################################          |  80%[six                 ]|###########################################       |  86%[pip                 ]|##############################################    |  93%[      COMPLETE      ]|##################################################| 100%
Removing old work directory
Source cache directory is: /home/ubuntu/miniconda/conda-bld/src_cache
Found source in cache: bcrypt-2.0.0.tar.gz
Extracting download
Package: bcrypt-2.0.0-py_0
source tree in: /home/ubuntu/miniconda/conda-bld/work/bcrypt-2.0.0
found egg dir: /home/ubuntu/miniconda/envs/_build/lib/python2.7/site-packages/bcrypt-2.0.0-py2.7-linux-x86_64.egg
number of files: 6
Fixing permissions
patchelf: file: /home/ubuntu/miniconda/envs/_build/lib/python2.7/site-packages/bcrypt/_bcrypt.so
    setting rpath to: $ORIGIN/../../..
[noarch_python] Error: Shared object file found: lib/python2.7/site-packages/bcrypt/_bcrypt.so
