Error: prefix already exists: /home/ubuntu/miniconda/envs/_pipbuild_
Collecting bdist-venv==0.1.2
  Downloading http://localhost/packages/source/b/bdist_venv/bdist_venv-0.1.2.tar.gz
setuptools must be installed to install from a source distribution
Package search: {'_pypi_ordering': False, 'version': '0.1.2', 'name': 'bdist_venv', 'summary': 'Python distutils extension to bundle package as a virtualenv.'}
Creating standard recipe for bdist_venv-0.1.2
Using url https://pypi.python.org/packages/source/b/bdist_venv/bdist_venv-0.1.2.tar.gz (3 KB) for bdist_venv.
Downloading bdist_venv
Using cached download
Unpacking bdist_venv...
done
working in /tmp/tmp_dKkLBconda_skeleton_bdist_venv-0.1.2.tar.gz
Fetching package metadata: ......

WARNING: conda-build appears to be out of date. You have version 1.13.0 but the
latest version is 1.14.0. Run

conda update -n root conda-build

to get the latest version.

Solving package specifications: .patching file core.py
Hunk #1 succeeded at 168 with fuzz 2 (offset 2 lines).
Traceback (most recent call last):
  File "setup.py", line 2, in <module>
    from setuptools import setup
ImportError: No module named setuptools

Applying patch: '/tmp/tmp_dKkLBconda_skeleton_bdist_venv-0.1.2.tar.gz/pypi-distutils.patch'
$PYTHONPATH = /tmp/tmp_dKkLBconda_skeleton_bdist_venv-0.1.2.tar.gz/bdist_venv-0.1.2
Error: command failed: /home/ubuntu/miniconda/envs/_build/bin/python setup.py install

conda create -n _pipbuild_ --yes python pip
/home/ubuntu/miniconda/envs/_pipbuild_/bin/pip install bdist_venv==0.1.2
Error: Could not pip install bdist_venv==0.1.2
