Error: prefix already exists: /home/ubuntu/miniconda/envs/_pipbuild_
Collecting Beaker==1.7.0
  Downloading http://localhost/packages/source/B/Beaker/Beaker-1.7.0.tar.gz
setuptools must be installed to install from a source distribution
Package search: {'_pypi_ordering': False, 'version': '1.7.0', 'name': 'Beaker', 'summary': 'A Session and Caching library with WSGI Middleware'}
Creating standard recipe for beaker-1.7.0
Using url https://pypi.python.org/packages/source/B/Beaker/Beaker-1.7.0.tar.gz (33 KB) for Beaker.
Downloading Beaker
Using cached download
Unpacking Beaker...
done
working in /tmp/tmplLHx7Gconda_skeleton_Beaker-1.7.0.tar.gz
Fetching package metadata: ......

WARNING: conda-build appears to be out of date. You have version 1.13.0 but the
latest version is 1.14.0. Run

conda update -n root conda-build

to get the latest version.

Solving package specifications: .patching file core.py
Hunk #1 succeeded at 168 with fuzz 2 (offset 2 lines).
Traceback (most recent call last):
  File "setup.py", line 5, in <module>
    from setuptools import setup, find_packages
ImportError: No module named setuptools

Applying patch: '/tmp/tmplLHx7Gconda_skeleton_Beaker-1.7.0.tar.gz/pypi-distutils.patch'
$PYTHONPATH = /tmp/tmplLHx7Gconda_skeleton_Beaker-1.7.0.tar.gz/Beaker-1.7.0
Error: command failed: /home/ubuntu/miniconda/envs/_build/bin/python setup.py install

conda create -n _pipbuild_ --yes python pip
/home/ubuntu/miniconda/envs/_pipbuild_/bin/pip install Beaker==1.7.0
Error: Could not pip install Beaker==1.7.0
