Warning, the following versions were found for beanstalk-stack
0.1.92
0.1.91
0.1.90
0.1.89
0.1.88
0.1.87
0.1.86
0.1.85
0.1.84
0.1.83
0.1.82
0.1.81
0.1.80
0.1.78
0.1.77
0.1.76
0.1.75
0.1.74
0.1.73
0.1.72
0.1.71
0.1.70
0.1.69
0.1.67
0.1.66
0.1.65
0.1.64
0.1.62
0.1.61
0.1.60
0.1.58
0.1.57
0.1.56
0.1.54
0.1.52
0.1.51
0.1.50
0.1.49
0.1.48
0.1.47
0.1.46
0.1.45
0.1.44
0.1.43
0.1.42
0.1.41
0.1.40
0.1.39
0.1.38
0.1.36
0.1.35
0.1.34
0.1.33
0.1.32
0.1.31
0.1.30
0.1.29
0.1.28
0.1.27
0.1.26
0.1.25
0.1.24
0.1.23
0.1.22
0.1.21
0.1.20
0.1.19
0.1.18
0.1.17
0.1.16
0.1.15
0.1.14
0.1.13
0.1.12
0.1.11
0.1.10
0.1.9
0.1.8
0.1.7
0.1.6
0.1.4
0.1.3
0.1.2
0.1.1
0.1.0.10
0.1.0.9
0.1.0.8
0.1.0.7
0.1.0.6
0.1.0.5
0.1.0.4
0.1.0.3
0.1.0.2
0.1.0.1
0.1.0
Using 0.1.92
Use --version to specify a different version.
Using url https://pypi.python.org/packages/source/b/beanstalk-stack/beanstalk-stack-0.1.92.tar.gz (19 KB) for beanstalk-stack.
Downloading beanstalk-stack
Using cached download
Unpacking beanstalk-stack...
done
working in /tmp/tmpZQJGnLconda_skeleton_beanstalk-stack-0.1.92.tar.gz
Fetching package metadata: ......

WARNING: conda-build appears to be out of date. You have version 1.13.0 but the
latest version is 1.14.1. Run

conda update -n root conda-build

to get the latest version.

Solving package specifications: .patching file core.py
Hunk #1 succeeded at 168 with fuzz 2 (offset 2 lines).

WARNING: conda-build appears to be out of date. You have version 1.13.0 but the
latest version is 1.14.1. Run

conda update -n root conda-build

to get the latest version.


The following NEW packages will be INSTALLED:

    numpy:      1.9.2-py27_0 
    openssl:    1.0.1k-1     
    pip:        7.0.3-py27_0 
    python:     2.7.10-0     
    pyyaml:     3.11-py27_1  
    readline:   6.2-2        
    setuptools: 18.0.1-py27_0
    sqlite:     3.8.4.1-1    
    system:     5.8-2        
    tk:         8.5.18-0     
    yaml:       0.1.6-0      
    zlib:       1.2.8-0      

Linking packages ...
[                    ]|                                                  |   0%[openssl             ]|                                                  |   0%[readline            ]|####                                              |   8%[sqlite              ]|########                                          |  16%[system              ]|############                                      |  25%[tk                  ]|################                                  |  33%[yaml                ]|####################                              |  41%[zlib                ]|#########################                         |  50%[numpy               ]|#############################                     |  58%[python              ]|#################################                 |  66%[pyyaml              ]|#####################################             |  75%[setuptools          ]|#########################################         |  83%[pip                 ]|#############################################     |  91%[      COMPLETE      ]|##################################################| 100%
Applying patch: '/tmp/tmpZQJGnLconda_skeleton_beanstalk-stack-0.1.92.tar.gz/pypi-distutils.patch'
Warning, the following versions were found for ground-soil
0.2.5
0.2.4
0.2.3
0.2.2
0.2.1
0.2.0
0.1.13
0.1.12
0.1.11
0.1.10
0.1.9
0.1.8
0.1.6
0.1.5
0.1.4
0.1.3
0.1.2
0.1.1
0.1.0.4
0.1.0.3
0.1.0.2
0.1.0.1
0.1.0
Using 0.2.5
Use --version to specify a different version.
Using url https://pypi.python.org/packages/source/g/ground-soil/ground-soil-0.2.5.tar.gz (6 KB) for ground-soil.
Downloading ground-soil
Using cached download
Unpacking ground-soil...
done
working in /tmp/tmpSE0nplconda_skeleton_ground-soil-0.2.5.tar.gz
Solving package specifications: .patching file core.py
Hunk #1 succeeded at 168 with fuzz 2 (offset 2 lines).

Applying patch: '/tmp/tmpSE0nplconda_skeleton_ground-soil-0.2.5.tar.gz/pypi-distutils.patch'
Writing recipe for ground-soil
Writing recipe for beanstalk-stack
Done
