Removing old build directory
Removing old work directory
BUILD START: behave-1.2.5-py_0
Fetching package metadata: ......

WARNING: conda-build appears to be out of date. You have version 1.13.0 but the
latest version is 1.14.1. Run

conda update -n root conda-build

to get the latest version.

Solving package specifications: .................
Warning: 2 possible package resolutions (only showing differing packages):
	[u'parse-1.6.6-py_0.tar.bz2'],
	[u'parse-1.6.6-py27_0.tar.bz2'],
/home/ubuntu/miniconda/pkgs/parse-1.6.6-py_0/bin/.parse-pre-link.sh: line 2: /home/ubuntu/miniconda/envs/_build/bin/python: No such file or directory

The following NEW packages will be INSTALLED:

    enum34:     1.0.4-py27_0 
    openssl:    1.0.1k-1     
    parse:      1.6.6-py_0   
    parse_type: 0.3.4-py27_0 
    pip:        7.0.3-py27_0 
    python:     2.7.10-0     
    readline:   6.2-2        
    setuptools: 18.0.1-py27_0
    six:        1.9.0-py27_0 
    sqlite:     3.8.4.1-1    
    system:     5.8-2        
    tk:         8.5.18-0     
    zlib:       1.2.8-0      

Linking packages ...
[                    ]|                                                  |   0%[openssl             ]|                                                  |   0%[readline            ]|###                                               |   7%[sqlite              ]|#######                                           |  15%[system              ]|###########                                       |  23%[tk                  ]|###############                                   |  30%[zlib                ]|###################                               |  38%[enum34              ]|#######################                           |  46%[parse               ]|##########################                        |  53%Error: pre-link failed: parse-1.6.6-py_0
