Warning, the following versions were found for behave
1.2.5
1.2.4
1.2.3
1.2.2
1.2.1
1.2.0
1.1.0
1.0.0
Using 1.2.5
Use --version to specify a different version.
Using url https://pypi.python.org/packages/source/b/behave/behave-1.2.5.tar.bz2 (341 KB) for behave.
Downloading behave
Using cached download
Unpacking behave...
done
working in /tmp/tmp1PkQV0conda_skeleton_behave-1.2.5.tar.bz2
Fetching package metadata: ......

WARNING: conda-build appears to be out of date. You have version 1.13.0 but the
latest version is 1.14.1. Run

conda update -n root conda-build

to get the latest version.

Solving package specifications: .patching file core.py
Hunk #1 succeeded at 168 with fuzz 2 (offset 2 lines).

WARNING: conda-build appears to be out of date. You have version 1.13.0 but the
latest version is 1.14.1. Run

conda update -n root conda-build

to get the latest version.


The following NEW packages will be INSTALLED:

    numpy:  1.9.2-py27_0
    pyyaml: 3.11-py27_1 
    yaml:   0.1.6-0     

Linking packages ...
[                    ]|                                                  |   0%[yaml                ]|                                                  |   0%[numpy               ]|################                                  |  33%[pyyaml              ]|#################################                 |  66%[      COMPLETE      ]|##################################################| 100%
Applying patch: '/tmp/tmp1PkQV0conda_skeleton_behave-1.2.5.tar.bz2/pypi-distutils.patch'
Using url https://pypi.python.org/packages/source/p/parse_type/parse_type-0.3.4.tar.gz (61 KB) for parse_type.
Downloading parse_type
Using cached download
Unpacking parse_type...
done
working in /tmp/tmpRoQ49Nconda_skeleton_parse_type-0.3.4.tar.gz
Solving package specifications: .patching file core.py
Hunk #1 succeeded at 168 with fuzz 2 (offset 2 lines).

Applying patch: '/tmp/tmpRoQ49Nconda_skeleton_parse_type-0.3.4.tar.gz/pypi-distutils.patch'
Writing recipe for parse_type
Writing recipe for behave
Done
