Error: prefix already exists: /home/ubuntu/miniconda/envs/_pipbuild_
Collecting bernhard==0.2.3
  Downloading http://localhost/packages/source/b/bernhard/bernhard-0.2.3.tar.gz
setuptools must be installed to install from a source distribution
Package search: {'_pypi_ordering': False, 'version': '0.2.3', 'name': 'bernhard', 'summary': 'Python client for Riemann'}
Creating standard recipe for bernhard-0.2.3
Using url https://pypi.python.org/packages/source/b/bernhard/bernhard-0.2.3.tar.gz (9 KB) for bernhard.
Downloading bernhard
Using cached download
Unpacking bernhard...
done
working in /tmp/tmp_HtBijconda_skeleton_bernhard-0.2.3.tar.gz
Fetching package metadata: ......

WARNING: conda-build appears to be out of date. You have version 1.13.0 but the
latest version is 1.14.0. Run

conda update -n root conda-build

to get the latest version.

Solving package specifications: .patching file core.py
Hunk #1 succeeded at 168 with fuzz 2 (offset 2 lines).
Traceback (most recent call last):
  File "setup.py", line 7, in <module>
    from setuptools import setup
ImportError: No module named setuptools

Applying patch: '/tmp/tmp_HtBijconda_skeleton_bernhard-0.2.3.tar.gz/pypi-distutils.patch'
$PYTHONPATH = /tmp/tmp_HtBijconda_skeleton_bernhard-0.2.3.tar.gz/bernhard-0.2.3
Error: command failed: /home/ubuntu/miniconda/envs/_build/bin/python setup.py install

conda create -n _pipbuild_ --yes python pip
/home/ubuntu/miniconda/envs/_pipbuild_/bin/pip install bernhard==0.2.3
Error: Could not pip install bernhard==0.2.3
