bigjob not found, trying BigJob
Warning, the following versions were found for BigJob
0.64.5
0.63.4
0.63.3
0.63.2
0.63.1
0.59
0.58
0.57
0.56
0.53
0.52
0.50
0.50d
0.50c
0.50b
0.4.134
0.4.132
0.4.131
0.4.130-1-g879bec5
0.4.128
0.4.127
0.4.126
0.4.125
0.4.124
0.4.123
0.4.122
0.4.121
0.4.120
0.4.119
0.4.118
0.4.117
0.4.116
0.4.115
0.4.114
0.4.113
0.4.110
0.4.109
0.4.108
0.4.107
0.4.106
0.4.105
0.4.104
0.4.103
0.4.102
0.4.101
0.4.100
0.4.99
0.4.98
0.4.97
0.4.96
0.4.95
0.4.89
0.4.88
0.4.87
0.4.86
0.4.85
0.4.84
0.4.83
0.4.82
0.4.81
0.4.80
0.4.79
0.4.78
0.4.77
0.4.76
0.4.74
0.4.73
0.4.72
0.4.71
0.4.70
0.4.64
0.4.63
0.4.62
0.4.61
0.4.60
0.4.59
0.4.58
0.4.57
0.4.56
0.4.55
0.4.53
0.4.52
0.4.51
0.4.50
0.4.49
0.4.48
Using 0.64.5
Use --version to specify a different version.
Using url https://pypi.python.org/packages/source/B/BigJob/BigJob-0.64.5.tar.gz (2.0 MB) for BigJob.
Downloading BigJob
Using cached download
Unpacking BigJob...
done
working in /tmp/tmpAEGHAOconda_skeleton_BigJob-0.64.5.tar.gz
Fetching package metadata: ......

WARNING: conda-build appears to be out of date. You have version 1.13.0 but the
latest version is 1.14.1. Run

conda update -n root conda-build

to get the latest version.

Solving package specifications: .patching file core.py
Hunk #1 succeeded at 168 with fuzz 2 (offset 2 lines).
Installing BigJob and SAGA/Python.
This does not appear to be a Git repository.

WARNING: conda-build appears to be out of date. You have version 1.13.0 but the
latest version is 1.14.1. Run

conda update -n root conda-build

to get the latest version.


The following NEW packages will be INSTALLED:

    numpy:  1.9.2-py27_0
    pyyaml: 3.11-py27_1 
    yaml:   0.1.6-0     

Linking packages ...
[                    ]|                                                  |   0%[yaml                ]|                                                  |   0%[numpy               ]|################                                  |  33%[pyyaml              ]|#################################                 |  66%[      COMPLETE      ]|##################################################| 100%
Applying patch: '/tmp/tmpAEGHAOconda_skeleton_BigJob-0.64.5.tar.gz/pypi-distutils.patch'
Warning, the following versions were found for globusonline-transfer-api-client
0.10.16
0.10.15
0.10.14
0.10.13
0.10.12
0.10.11
0.10.10
0.10.9
0.10.8
0.10.7
0.10.6
Using 0.10.16
Use --version to specify a different version.
Using url https://pypi.python.org/packages/source/g/globusonline-transfer-api-client/globusonline-transfer-api-client-0.10.16.tar.gz (36 KB) for globusonline-transfer-api-client.
Downloading globusonline-transfer-api-client
Using cached download
Unpacking globusonline-transfer-api-client...
done
working in /tmp/tmpBSXoVgconda_skeleton_globusonline-transfer-api-client-0.10.16.tar.gz
Solving package specifications: .patching file core.py
Hunk #1 succeeded at 168 with fuzz 2 (offset 2 lines).

WARNING: conda-build appears to be out of date. You have version 1.13.0 but the
latest version is 1.14.1. Run

conda update -n root conda-build

to get the latest version.


Applying patch: '/tmp/tmpBSXoVgconda_skeleton_globusonline-transfer-api-client-0.10.16.tar.gz/pypi-distutils.patch'
Warning, the following versions were found for python-hostlist
1.14
1.13
1.12
1.11
1.10
1.9
1.6
1.5
1.4
1.3
1.2
1.1
1.0
Using 1.14
Use --version to specify a different version.
Using url https://pypi.python.org/packages/source/p/python-hostlist/python-hostlist-1.14.tar.gz (31 KB) for python-hostlist.
Downloading python-hostlist
Using cached download
Unpacking python-hostlist...
done
working in /tmp/tmpnpDqJrconda_skeleton_python-hostlist-1.14.tar.gz
Solving package specifications: .patching file core.py
Hunk #1 succeeded at 168 with fuzz 2 (offset 2 lines).

WARNING: conda-build appears to be out of date. You have version 1.13.0 but the
latest version is 1.14.1. Run

conda update -n root conda-build

to get the latest version.


Applying patch: '/tmp/tmpnpDqJrconda_skeleton_python-hostlist-1.14.tar.gz/pypi-distutils.patch'
Warning, the following versions were found for google-api-python-client
1.4.1
1.4.0
1.3.2
1.3.1
1.3
1.2
1.1
1.0
1.0c3
1.0c2
1.0c1
1.0b9
1.0beta8
1.0beta7
1.0beta6
1.0beta5
1.0beta4
1.0beta3
1.0beta2
1.0beta1
1.0alpha11
1.0alpha10
1.0alpha9
1.0alpha8
1.0alpha7
1.0alpha6
1.0alpha5
1.0alpha4
1.0alpha3
1.0alpha2
1.0alpha1
1.0beta5prerelease2
1.0beta5prerelease
Using 1.4.1
Use --version to specify a different version.
Using url https://pypi.python.org/packages/source/g/google-api-python-client/google-api-python-client-1.4.1.tar.gz (40 KB) for google-api-python-client.
Downloading google-api-python-client
Using cached download
Unpacking google-api-python-client...
done
working in /tmp/tmp8kBCy0conda_skeleton_google-api-python-client-1.4.1.tar.gz
Solving package specifications: .patching file core.py
Hunk #1 succeeded at 168 with fuzz 2 (offset 2 lines).

WARNING: conda-build appears to be out of date. You have version 1.13.0 but the
latest version is 1.14.1. Run

conda update -n root conda-build

to get the latest version.


Applying patch: '/tmp/tmp8kBCy0conda_skeleton_google-api-python-client-1.4.1.tar.gz/pypi-distutils.patch'
Warning, the following versions were found for oauth2client
1.4.11
1.4.10
1.4.9
1.4.8
1.4.7
1.4.6
1.4.5
1.4.4
1.4.3
1.4.2
1.4.1
1.4
1.3.2
1.3.1
1.3
1.2
1.1
1.0
1.0c3
1.0c2
1.0c1
1.0beta8
1.0beta7
1.0beta6
1.0beta4
1.0beta3
1.0beta2
1.0beta5prerelease
Using 1.4.11
Use --version to specify a different version.
Using url https://pypi.python.org/packages/source/o/oauth2client/oauth2client-1.4.11.tar.gz (48 KB) for oauth2client.
Downloading oauth2client
Using cached download
Unpacking oauth2client...
done
working in /tmp/tmphOPxPgconda_skeleton_oauth2client-1.4.11.tar.gz
Solving package specifications: .patching file core.py
Hunk #1 succeeded at 168 with fuzz 2 (offset 2 lines).

Applying patch: '/tmp/tmphOPxPgconda_skeleton_oauth2client-1.4.11.tar.gz/pypi-distutils.patch'
Error: Could not find any versions of package pyasn1_modules
