Error: prefix already exists: /home/ubuntu/miniconda/envs/_pipbuild_
Exception:
Traceback (most recent call last):
  File "/home/ubuntu/miniconda/envs/_pipbuild_/lib/python2.7/site-packages/pip/basecommand.py", line 223, in main
    status = self.run(options, args)
  File "/home/ubuntu/miniconda/envs/_pipbuild_/lib/python2.7/site-packages/pip/commands/install.py", line 268, in run
    wheel_cache
  File "/home/ubuntu/miniconda/envs/_pipbuild_/lib/python2.7/site-packages/pip/basecommand.py", line 268, in populate_requirement_set
    wheel_cache=wheel_cache
  File "/home/ubuntu/miniconda/envs/_pipbuild_/lib/python2.7/site-packages/pip/req/req_install.py", line 207, in from_line
    wheel_cache=wheel_cache)
  File "/home/ubuntu/miniconda/envs/_pipbuild_/lib/python2.7/site-packages/pip/req/req_install.py", line 66, in __init__
    req = pkg_resources.Requirement.parse(req)
  File "/home/ubuntu/miniconda/envs/_pipbuild_/lib/python2.7/site-packages/pip/_vendor/pkg_resources/__init__.py", line 2960, in parse
    reqs = list(parse_requirements(s))
  File "/home/ubuntu/miniconda/envs/_pipbuild_/lib/python2.7/site-packages/pip/_vendor/pkg_resources/__init__.py", line 2904, in parse_requirements
    "version spec")
  File "/home/ubuntu/miniconda/envs/_pipbuild_/lib/python2.7/site-packages/pip/_vendor/pkg_resources/__init__.py", line 2869, in scan_list
    raise ValueError(msg, line, "at", line[p:])
ValueError: ('Expected version spec in', 'setuptools==>2.0', 'at', '==>2.0')

Package search: {'_pypi_ordering': False, 'version': '0.64.5', 'name': 'BigJob', 'summary': 'P* Pilot-Job Implementation based on SAGA-Python'}
Creating standard recipe for bigjob-0.64.5
Converting recipe in /home/ubuntu/pypi-conda-builds/bigjob
package = BigJob
   dependencies = [u'setuptools >2.0', u'uuid', u'threadpool', u'virtualenv', u'redis', u'radical.utils', u'saga-python', u'google-api-python-client', u'python-hostlist', u'globusonline-transfer-api-client', u'boto >=2.2,<2.3', u'simplejson <2.1', u'pexpect', u'tldextract']
Creating standard recipe for setuptools->2.0
Error: Version >2.0 of setuptools is not available on PyPI.

conda create -n _pipbuild_ --yes python pip
/home/ubuntu/miniconda/envs/_pipbuild_/bin/pip install setuptools==>2.0
Error: Could not pip install setuptools==>2.0
