Removing old build directory
Removing old work directory
BUILD START: billiard-3.3.0.20-py_0
Fetching package metadata: ......

WARNING: conda-build appears to be out of date. You have version 1.13.0 but the
latest version is 1.14.1. Run

conda update -n root conda-build

to get the latest version.

Solving package specifications: .+ pip install billiard
Collecting billiard
  Downloading http://localhost/packages/source/b/billiard/billiard-3.3.0.20.tar.gz (150kB)
Installing collected packages: billiard
  Running setup.py install for billiard
Successfully installed billiard-3.3.0.20

The following NEW packages will be INSTALLED:

    openssl:    1.0.1k-1     
    pip:        7.0.3-py27_0 
    python:     2.7.10-0     
    readline:   6.2-2        
    setuptools: 18.0.1-py27_0
    sqlite:     3.8.4.1-1    
    system:     5.8-2        
    tk:         8.5.18-0     
    zlib:       1.2.8-0      

Linking packages ...
[                    ]|                                                  |   0%[openssl             ]|                                                  |   0%[readline            ]|#####                                             |  11%[sqlite              ]|###########                                       |  22%[system              ]|################                                  |  33%[tk                  ]|######################                            |  44%[zlib                ]|###########################                       |  55%[python              ]|#################################                 |  66%[setuptools          ]|######################################            |  77%[pip                 ]|############################################      |  88%[      COMPLETE      ]|##################################################| 100%
Removing old work directory
Copying /home/ubuntu/pypi-conda-builds/billiard to /home/ubuntu/miniconda/conda-bld/work
Package: billiard-3.3.0.20-py_0
source tree in: /home/ubuntu/miniconda/conda-bld/work
number of files: 69
Fixing permissions
patchelf: file: /home/ubuntu/miniconda/envs/_build/lib/python2.7/site-packages/_billiard.so
    setting rpath to: $ORIGIN/../..
[noarch_python] Error: Shared object file found: lib/python2.7/site-packages/_billiard.so
Package search: {'_pypi_ordering': False, 'version': '3.3.0.20', 'name': 'billiard', 'summary': 'Python multiprocessing fork with improvements and bugfixes'}
Creating standard recipe for billiard-3.3.0.20
Converting recipe in /home/ubuntu/pypi-conda-builds/billiard
package = billiard
   dependencies = []
Building conda package for billiard
