Warning, the following versions were found for bitstring
3.1.3
3.1.2
3.1.1
3.1.0
3.0.2
3.0.1
3.0.0
2.2.0
2.1.1
2.1.0
2.0.3
2.0.2
2.0.1_beta_2
2.0.0_beta_1
1.3.0
1.2.0
1.1.3
1.1.2
1.1.1
1.1.0
1.0.0
0.5.2
0.5.1
0.5.0
0.4.3
0.4.2
0.4.0
0.3.2
Using 3.1.3
Use --version to specify a different version.
Using url https://pypi.python.org/packages/source/b/bitstring/bitstring-3.1.3.zip (606 KB) for bitstring.
Downloading bitstring
Using cached download
Unpacking bitstring...
done
working in /tmp/tmpkP_n5Xconda_skeleton_bitstring-3.1.3.zip
Fetching package metadata: ......

WARNING: conda-build appears to be out of date. You have version 1.13.0 but the
latest version is 1.14.1. Run

conda update -n root conda-build

to get the latest version.

Solving package specifications: .patching file core.py
Hunk #1 succeeded at 168 with fuzz 2 (offset 2 lines).

Applying patch: '/tmp/tmpkP_n5Xconda_skeleton_bitstring-3.1.3.zip/pypi-distutils.patch'
Writing recipe for bitstring
Done
