Error: prefix already exists: /home/ubuntu/miniconda/envs/_pipbuild_
Collecting bleach==1.4.1
  Downloading http://localhost/packages/source/b/bleach/bleach-1.4.1.tar.gz
setuptools must be installed to install from a source distribution
Package search: {'_pypi_ordering': False, 'version': '1.4.1', 'name': 'bleach', 'summary': 'An easy whitelist-based HTML-sanitizing tool.'}
Creating standard recipe for bleach-1.4.1
Using url https://pypi.python.org/packages/source/b/bleach/bleach-1.4.1.tar.gz (17 KB) for bleach.
Downloading bleach
Using cached download
Unpacking bleach...
done
working in /tmp/tmpBUtfzlconda_skeleton_bleach-1.4.1.tar.gz
Fetching package metadata: ......

WARNING: conda-build appears to be out of date. You have version 1.13.0 but the
latest version is 1.14.0. Run

conda update -n root conda-build

to get the latest version.

Solving package specifications: .patching file core.py
Hunk #1 succeeded at 168 with fuzz 2 (offset 2 lines).
Traceback (most recent call last):
  File "setup.py", line 1, in <module>
    from setuptools import setup, find_packages
ImportError: No module named setuptools

The following NEW packages will be INSTALLED:

    numpy:  1.9.2-py27_0
    pyyaml: 3.11-py27_1 
    yaml:   0.1.6-0     

Linking packages ...
[                    ]|                                                  |   0%[yaml                ]|                                                  |   0%[numpy               ]|################                                  |  33%[pyyaml              ]|#################################                 |  66%[      COMPLETE      ]|##################################################| 100%
Applying patch: '/tmp/tmpBUtfzlconda_skeleton_bleach-1.4.1.tar.gz/pypi-distutils.patch'
$PYTHONPATH = /tmp/tmpBUtfzlconda_skeleton_bleach-1.4.1.tar.gz/bleach-1.4.1
Error: command failed: /home/ubuntu/miniconda/envs/_build/bin/python setup.py install

conda create -n _pipbuild_ --yes python pip
/home/ubuntu/miniconda/envs/_pipbuild_/bin/pip install bleach==1.4.1
Error: Could not pip install bleach==1.4.1
