Warning, the following versions were found for blist
1.3.6
1.3.5
1.3.4
1.3.3
1.3.2
1.3.1
1.3.0
1.2.1
1.2.0
1.1.1
1.1.0
1.0.2
1.0.1
1.0.0
0.9.17
0.9.16
0.9.15
0.9.14
0.9.13
0.9.12
0.9.11
0.9.10
0.9.9
0.9.8
0.9.7
0.9.6
0.9.5
0.9.4
0.9.3
0.9.2
Using 1.3.6
Use --version to specify a different version.
Using url https://pypi.python.org/packages/source/b/blist/blist-1.3.6.tar.gz (120 KB) for blist.
Downloading blist
Using cached download
Unpacking blist...
done
working in /tmp/tmp6qfwI2conda_skeleton_blist-1.3.6.tar.gz
Fetching package metadata: ......

WARNING: conda-build appears to be out of date. You have version 1.13.0 but the
latest version is 1.14.1. Run

conda update -n root conda-build

to get the latest version.

Solving package specifications: .patching file core.py
Hunk #1 succeeded at 168 with fuzz 2 (offset 2 lines).

The following NEW packages will be INSTALLED:

    numpy:  1.9.2-py27_0
    pyyaml: 3.11-py27_1 
    yaml:   0.1.6-0     

Linking packages ...
[                    ]|                                                  |   0%[yaml                ]|                                                  |   0%[numpy               ]|################                                  |  33%[pyyaml              ]|#################################                 |  66%[      COMPLETE      ]|##################################################| 100%
Applying patch: '/tmp/tmp6qfwI2conda_skeleton_blist-1.3.6.tar.gz/pypi-distutils.patch'
Writing recipe for blist
Done
