Error: prefix already exists: /home/ubuntu/miniconda/envs/_pipbuild_
Collecting blist==1.3.6
  Downloading http://localhost/packages/source/b/blist/blist-1.3.6.tar.gz (122kB)
setuptools must be installed to install from a source distribution
Package search: {'_pypi_ordering': False, 'version': '1.3.6', 'name': 'blist', 'summary': 'a list-like type with better asymptotic performance and similar performance on small lists'}
Creating standard recipe for blist-1.3.6
Using url https://pypi.python.org/packages/source/b/blist/blist-1.3.6.tar.gz (120 KB) for blist.
Downloading blist
Using cached download
Unpacking blist...
done
working in /tmp/tmpp40S_Fconda_skeleton_blist-1.3.6.tar.gz
Fetching package metadata: ......

WARNING: conda-build appears to be out of date. You have version 1.13.0 but the
latest version is 1.14.0. Run

conda update -n root conda-build

to get the latest version.

Solving package specifications: .patching file core.py
Hunk #1 succeeded at 168 with fuzz 2 (offset 2 lines).
Downloading https://pypi.python.org/packages/source/s/setuptools/setuptools-1.1.6.tar.gz
Traceback (most recent call last):
  File "setup.py", line 6, in <module>
    ez_setup.use_setuptools()
  File "/tmp/tmpp40S_Fconda_skeleton_blist-1.3.6.tar.gz/blist-1.3.6/ez_setup.py", line 132, in use_setuptools
    return _do_download(version, download_base, to_dir, download_delay)
  File "/tmp/tmpp40S_Fconda_skeleton_blist-1.3.6.tar.gz/blist-1.3.6/ez_setup.py", line 110, in _do_download
    to_dir, download_delay)
  File "/tmp/tmpp40S_Fconda_skeleton_blist-1.3.6.tar.gz/blist-1.3.6/ez_setup.py", line 278, in download_setuptools
    downloader(url, saveto)
  File "/tmp/tmpp40S_Fconda_skeleton_blist-1.3.6.tar.gz/blist-1.3.6/ez_setup.py", line 185, in download_file_curl
    subprocess.check_call(cmd)
  File "/home/ubuntu/miniconda/envs/_build/lib/python2.7/subprocess.py", line 540, in check_call
    raise CalledProcessError(retcode, cmd)
subprocess.CalledProcessError: Command '['curl', 'https://pypi.python.org/packages/source/s/setuptools/setuptools-1.1.6.tar.gz', '--silent', '--output', '/tmp/tmpp40S_Fconda_skeleton_blist-1.3.6.tar.gz/blist-1.3.6/setuptools-1.1.6.tar.gz']' returned non-zero exit status 77

Applying patch: '/tmp/tmpp40S_Fconda_skeleton_blist-1.3.6.tar.gz/pypi-distutils.patch'
$PYTHONPATH = /tmp/tmpp40S_Fconda_skeleton_blist-1.3.6.tar.gz/blist-1.3.6
Error: command failed: /home/ubuntu/miniconda/envs/_build/bin/python setup.py install

conda create -n _pipbuild_ --yes python pip
/home/ubuntu/miniconda/envs/_pipbuild_/bin/pip install blist==1.3.6
Error: Could not pip install blist==1.3.6
