Error: prefix already exists: /home/ubuntu/miniconda/envs/_pipbuild_
Collecting blockdiag==1.5.2
  Could not find a version that satisfies the requirement blockdiag==1.5.2 (from versions: 0.6.1, 0.6.2, 0.6.3, 0.6.4, 0.6.5, 0.6.6, 0.6.7, 0.7.0, 0.7.1, 0.7.2, 0.7.3, 0.7.4, 0.7.5, 0.7.6, 0.7.7, 0.7.8, 0.8.0, 0.8.1, 0.8.2, 0.8.3, 0.8.4, 0.8.5, 0.8.6, 0.8.7, 0.8.8, 0.8.9, 0.9.0, 0.9.1, 0.9.2, 0.9.3, 0.9.4, 0.9.5, 0.9.6, 0.9.7, 1.0.0, 1.0.1, 1.0.2, 1.0.3, 1.1.0, 1.1.1, 1.1.2, 1.1.3, 1.1.4, 1.1.5, 1.1.6, 1.1.7, 1.1.8, 1.2.0, 1.2.1, 1.2.2, 1.2.3, 1.2.4, 1.3.0, 1.3.1, 1.3.2, 1.3.3, 1.4.0, 1.4.1, 1.4.2, 1.4.3, 1.4.4, 1.4.5, 1.4.6, 1.4.7, 1.5.0, 1.5.1)
No matching distribution found for blockdiag==1.5.2
Package search: {'_pypi_ordering': False, 'version': '1.5.2', 'name': 'blockdiag', 'summary': 'blockdiag generates block-diagram image from text'}
Creating standard recipe for blockdiag-1.5.2
Using url https://pypi.python.org/packages/source/b/blockdiag/blockdiag-1.5.2.tar.gz (2.6 MB) for blockdiag.
Downloading blockdiag
Using cached download
Unpacking blockdiag...
done
working in /tmp/tmpDnfa9Econda_skeleton_blockdiag-1.5.2.tar.gz
Fetching package metadata: ......

WARNING: conda-build appears to be out of date. You have version 1.13.0 but the
latest version is 1.14.0. Run

conda update -n root conda-build

to get the latest version.

Solving package specifications: .patching file core.py
Hunk #1 succeeded at 168 with fuzz 2 (offset 2 lines).
Traceback (most recent call last):
  File "setup.py", line 3, in <module>
    from setuptools import setup, find_packages
ImportError: No module named setuptools

Applying patch: '/tmp/tmpDnfa9Econda_skeleton_blockdiag-1.5.2.tar.gz/pypi-distutils.patch'
$PYTHONPATH = /tmp/tmpDnfa9Econda_skeleton_blockdiag-1.5.2.tar.gz/blockdiag-1.5.2
Error: command failed: /home/ubuntu/miniconda/envs/_build/bin/python setup.py install

conda create -n _pipbuild_ --yes python pip
/home/ubuntu/miniconda/envs/_pipbuild_/bin/pip install blockdiag==1.5.2
Error: Could not pip install blockdiag==1.5.2
