Warning, the following versions were found for borg.localrole
3.1.1
3.1
3.0.2
3.0.1
3.0
3.0a1
2.0.1
2.0.0
2.0a1
1.1rc3
1.1rc2
1.1rc1
1.0rc1
1.0b2
1.0b1
Using 3.1.1
Use --version to specify a different version.
Using url https://pypi.python.org/packages/source/b/borg.localrole/borg.localrole-3.1.1.zip (25 KB) for borg.localrole.
Downloading borg.localrole
Using cached download
Unpacking borg.localrole...
done
working in /tmp/tmpVWagQ0conda_skeleton_borg.localrole-3.1.1.zip
Fetching package metadata: ......

WARNING: conda-build appears to be out of date. You have version 1.13.0 but the
latest version is 1.14.1. Run

conda update -n root conda-build

to get the latest version.

Solving package specifications: .patching file core.py
Hunk #1 succeeded at 168 with fuzz 2 (offset 2 lines).

WARNING: conda-build appears to be out of date. You have version 1.13.0 but the
latest version is 1.14.1. Run

conda update -n root conda-build

to get the latest version.


Applying patch: '/tmp/tmpVWagQ0conda_skeleton_borg.localrole-3.1.1.zip/pypi-distutils.patch'
Warning, the following versions were found for plone.app.testing
5.0b4
5.0b3
5.0b2
5.0b1
5.0a2
5.0a1
4.2.5
4.2.4
4.2.3
4.2.2
4.2.1
4.2
4.0.2
4.0.1
4.0
4.0a6
4.0a5
4.0a4
4.0a3
3.0a1
1.0a2
1.0a1
Using 5.0b4
Use --version to specify a different version.
Using url https://pypi.python.org/packages/source/p/plone.app.testing/plone.app.testing-5.0b4.tar.gz (80 KB) for plone.app.testing.
Downloading plone.app.testing
Using cached download
Unpacking plone.app.testing...
done
working in /tmp/tmp_XRA1Sconda_skeleton_plone.app.testing-5.0b4.tar.gz
Solving package specifications: .patching file core.py
Hunk #1 succeeded at 168 with fuzz 2 (offset 2 lines).

Applying patch: '/tmp/tmp_XRA1Sconda_skeleton_plone.app.testing-5.0b4.tar.gz/pypi-distutils.patch'
Error: Could not parse: plone.testing [zca,security,zodb,z2]
