Error: prefix already exists: /home/ubuntu/miniconda/envs/_pipbuild_
Collecting bpython==0.14.2
  Could not find a version that satisfies the requirement bpython==0.14.2 (from versions: 0.7.1, 0.10.1, 0.11, 0.12, 0.13, 0.13.1, 0.13.2, 0.14, 0.14.1)
  Some externally hosted files were ignored as access to them may be unreliable (use --allow-external bpython to allow).
No matching distribution found for bpython==0.14.2
Package search: {'_pypi_ordering': False, 'version': '0.14.2', 'name': 'bpython', 'summary': 'Fancy Interface to the Python Interpreter'}
Creating standard recipe for bpython-0.14.2
Using url https://pypi.python.org/packages/source/b/bpython/bpython-0.14.2.tar.gz (180 KB) for bpython.
Downloading bpython
Using cached download
Unpacking bpython...
done
working in /tmp/tmpozPpcgconda_skeleton_bpython-0.14.2.tar.gz
Fetching package metadata: ......

WARNING: conda-build appears to be out of date. You have version 1.13.0 but the
latest version is 1.14.0. Run

conda update -n root conda-build

to get the latest version.

Solving package specifications: .patching file core.py
Hunk #1 succeeded at 168 with fuzz 2 (offset 2 lines).
Traceback (most recent call last):
  File "setup.py", line 12, in <module>
    from setuptools import setup
ImportError: No module named setuptools

Applying patch: '/tmp/tmpozPpcgconda_skeleton_bpython-0.14.2.tar.gz/pypi-distutils.patch'
$PYTHONPATH = /tmp/tmpozPpcgconda_skeleton_bpython-0.14.2.tar.gz/bpython-0.14.2
Error: command failed: /home/ubuntu/miniconda/envs/_build/bin/python setup.py install

conda create -n _pipbuild_ --yes python pip
/home/ubuntu/miniconda/envs/_pipbuild_/bin/pip install bpython==0.14.2
Error: Could not pip install bpython==0.14.2
