Error: prefix already exists: /home/ubuntu/miniconda/envs/_pipbuild_
Collecting BTrees==4.1.4
  Could not find a version that satisfies the requirement BTrees==4.1.4 (from versions: 4.0.0, 4.0.1, 4.0.2, 4.0.3, 4.0.4, 4.0.5, 4.0.6, 4.0.7, 4.0.8, 4.1.0, 4.1.1, 4.1.2)
No matching distribution found for BTrees==4.1.4
Package search: {'_pypi_ordering': False, 'version': '4.1.4', 'name': 'BTrees', 'summary': 'Scalable persistent object containers'}
Creating standard recipe for btrees-4.1.4
Using url https://pypi.python.org/packages/source/B/BTrees/BTrees-4.1.4.tar.gz (179 KB) for BTrees.
Downloading BTrees
Using cached download
Unpacking BTrees...
done
working in /tmp/tmpKnw34hconda_skeleton_BTrees-4.1.4.tar.gz
Fetching package metadata: ......

WARNING: conda-build appears to be out of date. You have version 1.13.0 but the
latest version is 1.14.0. Run

conda update -n root conda-build

to get the latest version.

Solving package specifications: .patching file core.py
Hunk #1 succeeded at 168 with fuzz 2 (offset 2 lines).
Traceback (most recent call last):
  File "setup.py", line 21, in <module>
    from setuptools import Extension
ImportError: No module named setuptools

Applying patch: '/tmp/tmpKnw34hconda_skeleton_BTrees-4.1.4.tar.gz/pypi-distutils.patch'
$PYTHONPATH = /tmp/tmpKnw34hconda_skeleton_BTrees-4.1.4.tar.gz/BTrees-4.1.4
Error: command failed: /home/ubuntu/miniconda/envs/_build/bin/python setup.py install

conda create -n _pipbuild_ --yes python pip
/home/ubuntu/miniconda/envs/_pipbuild_/bin/pip install BTrees==4.1.4
Error: Could not pip install BTrees==4.1.4
