Error: prefix already exists: /home/ubuntu/miniconda/envs/_pipbuild_
Collecting bu-cascade==1.98
  Could not find a version that satisfies the requirement bu-cascade==1.98 (from versions: 0.1, 0.2, 0.3, 0.4, 0.5, 1.0, 1.1, 1.2, 1.4, 1.5, 1.8, 1.9, 1.21, 1.22, 1.23, 1.24, 1.25, 1.26, 1.27, 1.28, 1.29, 1.31, 1.32, 1.33, 1.34, 1.35, 1.36, 1.37, 1.38, 1.39, 1.41, 1.42, 1.43, 1.44, 1.45, 1.47, 1.48, 1.49, 1.51, 1.52, 1.53, 1.54, 1.55, 1.56, 1.57, 1.58, 1.59, 1.61, 1.62, 1.63, 1.64, 1.65, 1.66, 1.67, 1.68, 1.69, 1.71, 1.72, 1.73, 1.74, 1.75, 1.76, 1.77, 1.78, 1.79, 1.81, 1.82, 1.83, 1.84, 1.85, 1.86, 1.87, 1.88, 1.91, 1.92, 1.93, 1.94, 1.95, 1.96, 1.97)
No matching distribution found for bu-cascade==1.98
Package search: {'_pypi_ordering': False, 'version': '1.98', 'name': 'bu-cascade', 'summary': 'Cascade Server web services integration'}
Creating standard recipe for bu-cascade-1.98
Using url https://pypi.python.org/packages/source/b/bu-cascade/bu_cascade-1.98.tar.gz (4 KB) for bu-cascade.
Downloading bu-cascade
Using cached download
Unpacking bu-cascade...
done
working in /tmp/tmpdwM4sbconda_skeleton_bu_cascade-1.98.tar.gz
Fetching package metadata: ......

WARNING: conda-build appears to be out of date. You have version 1.13.0 but the
latest version is 1.14.0. Run

conda update -n root conda-build

to get the latest version.

Solving package specifications: .patching file core.py
Hunk #1 succeeded at 168 with fuzz 2 (offset 2 lines).
Traceback (most recent call last):
  File "setup.py", line 1, in <module>
    from setuptools import find_packages
ImportError: No module named setuptools

The following NEW packages will be INSTALLED:

    numpy:  1.9.2-py27_0
    pyyaml: 3.11-py27_1 
    yaml:   0.1.6-0     

Linking packages ...
[                    ]|                                                  |   0%[yaml                ]|                                                  |   0%[numpy               ]|################                                  |  33%[pyyaml              ]|#################################                 |  66%[      COMPLETE      ]|##################################################| 100%
Applying patch: '/tmp/tmpdwM4sbconda_skeleton_bu_cascade-1.98.tar.gz/pypi-distutils.patch'
$PYTHONPATH = /tmp/tmpdwM4sbconda_skeleton_bu_cascade-1.98.tar.gz/bu_cascade-1.98
Error: command failed: /home/ubuntu/miniconda/envs/_build/bin/python setup.py install

conda create -n _pipbuild_ --yes python pip
/home/ubuntu/miniconda/envs/_pipbuild_/bin/pip install bu-cascade==1.98
Error: Could not pip install bu-cascade==1.98
