Error: prefix already exists: /home/ubuntu/miniconda/envs/_pipbuild_
Collecting bunch==1.0.1
  Downloading http://localhost/packages/source/b/bunch/bunch-1.0.1.tar.gz
setuptools must be installed to install from a source distribution
Package search: {'_pypi_ordering': False, 'version': '1.0.1', 'name': 'bunch', 'summary': 'A dot-accessible dictionary (a la JavaScript objects)'}
Creating standard recipe for bunch-1.0.1
Using url https://pypi.python.org/packages/source/b/bunch/bunch-1.0.1.tar.gz (6 KB) for bunch.
Downloading bunch
Using cached download
Unpacking bunch...
done
working in /tmp/tmpl4CfiGconda_skeleton_bunch-1.0.1.tar.gz
Fetching package metadata: ......

WARNING: conda-build appears to be out of date. You have version 1.13.0 but the
latest version is 1.14.0. Run

conda update -n root conda-build

to get the latest version.

Solving package specifications: .patching file core.py
Hunk #1 succeeded at 168 with fuzz 2 (offset 2 lines).
Traceback (most recent call last):
  File "setup.py", line 5, in <module>
    from setuptools import setup
ImportError: No module named setuptools

Applying patch: '/tmp/tmpl4CfiGconda_skeleton_bunch-1.0.1.tar.gz/pypi-distutils.patch'
$PYTHONPATH = /tmp/tmpl4CfiGconda_skeleton_bunch-1.0.1.tar.gz/bunch-1.0.1
Error: command failed: /home/ubuntu/miniconda/envs/_build/bin/python setup.py install

conda create -n _pipbuild_ --yes python pip
/home/ubuntu/miniconda/envs/_pipbuild_/bin/pip install bunch==1.0.1
Error: Could not pip install bunch==1.0.1
