Error: prefix already exists: /home/ubuntu/miniconda/envs/_pipbuild_
Collecting cachetools==1.0.3
  Could not find a version that satisfies the requirement cachetools==1.0.3 (from versions: 0.0.0, 0.1.0, 0.2.0, 0.3.0, 0.3.1, 0.4.0, 0.5.0, 0.5.1, 0.6.0, 0.7.0, 0.7.1, 0.8.0, 0.8.1, 0.8.2, 1.0.0)
No matching distribution found for cachetools==1.0.3
Package search: {'_pypi_ordering': False, 'version': '1.0.3', 'name': 'cachetools', 'summary': 'Extensible memoizing collections and decorators'}
Creating standard recipe for cachetools-1.0.3
Using url https://pypi.python.org/packages/source/c/cachetools/cachetools-1.0.3.tar.gz (11 KB) for cachetools.
Downloading cachetools
Unpacking cachetools...
done
working in /tmp/tmpLAqMQfconda_skeleton_cachetools-1.0.3.tar.gz
Fetching package metadata: ......

WARNING: conda-build appears to be out of date. You have version 1.13.0 but the
latest version is 1.14.0. Run

conda update -n root conda-build

to get the latest version.

Solving package specifications: .patching file core.py
Hunk #1 succeeded at 168 with fuzz 2 (offset 2 lines).
Traceback (most recent call last):
  File "setup.py", line 3, in <module>
    from setuptools import setup
ImportError: No module named setuptools

Applying patch: '/tmp/tmpLAqMQfconda_skeleton_cachetools-1.0.3.tar.gz/pypi-distutils.patch'
$PYTHONPATH = /tmp/tmpLAqMQfconda_skeleton_cachetools-1.0.3.tar.gz/cachetools-1.0.3
Error: command failed: /home/ubuntu/miniconda/envs/_build/bin/python setup.py install

conda create -n _pipbuild_ --yes python pip
/home/ubuntu/miniconda/envs/_pipbuild_/bin/pip install cachetools==1.0.3
Error: Could not pip install cachetools==1.0.3
