Removing old build directory
Removing old work directory
BUILD START: cchardet-0.3.5-py_0
Fetching package metadata: ......

WARNING: conda-build appears to be out of date. You have version 1.13.0 but the
latest version is 1.14.0. Run

conda update -n root conda-build

to get the latest version.

Solving package specifications: .+ pip install cchardet
Collecting cchardet
  Downloading http://localhost/packages/source/c/cchardet/cchardet-0.3.5.tar.gz (619kB)
Installing collected packages: cchardet
  Running setup.py install for cchardet
    Complete output from command /home/ubuntu/miniconda/envs/_build/bin/python -c "import setuptools, tokenize;__file__='/tmp/pip-build-yo37aU/cchardet/setup.py';exec(compile(getattr(tokenize, 'open', open)(__file__).read().replace('\r\n', '\n'), __file__, 'exec'))" install --record /tmp/pip-x8tR0F-record/install-record.txt --single-version-externally-managed --compile:
    running install
    running build
    running build_py
    creating build
    creating build/lib.linux-x86_64-2.7
    creating build/lib.linux-x86_64-2.7/cchardet
    copying src/cchardet/__init__.py -> build/lib.linux-x86_64-2.7/cchardet
    running build_ext
    building 'cchardet._cchardet' extension
    creating build/temp.linux-x86_64-2.7
    creating build/temp.linux-x86_64-2.7/src
    creating build/temp.linux-x86_64-2.7/src/cchardet
    creating build/temp.linux-x86_64-2.7/src/ext
    creating build/temp.linux-x86_64-2.7/src/ext/libcharsetdetect
    creating build/temp.linux-x86_64-2.7/src/ext/libcharsetdetect/mozilla
    creating build/temp.linux-x86_64-2.7/src/ext/libcharsetdetect/mozilla/extensions
    creating build/temp.linux-x86_64-2.7/src/ext/libcharsetdetect/mozilla/extensions/universalchardet
    creating build/temp.linux-x86_64-2.7/src/ext/libcharsetdetect/mozilla/extensions/universalchardet/src
    creating build/temp.linux-x86_64-2.7/src/ext/libcharsetdetect/mozilla/extensions/universalchardet/src/base
    gcc -pthread -fno-strict-aliasing -g -O2 -DNDEBUG -g -fwrapv -O3 -Wall -Wstrict-prototypes -fPIC -Isrc/ext/libcharsetdetect/mozilla/extensions/universalchardet/src/base/ -Isrc/ext/libcharsetdetect/nspr-emu/ -Isrc/ext/libcharsetdetect/ -I/home/ubuntu/miniconda/envs/_build/include/python2.7 -c src/cchardet/_cchardet.cpp -o build/temp.linux-x86_64-2.7/src/cchardet/_cchardet.o
    gcc: error trying to exec 'cc1plus': execvp: No such file or directory
    error: command 'gcc' failed with exit status 1
    
    ----------------------------------------
Command "/home/ubuntu/miniconda/envs/_build/bin/python -c "import setuptools, tokenize;__file__='/tmp/pip-build-yo37aU/cchardet/setup.py';exec(compile(getattr(tokenize, 'open', open)(__file__).read().replace('\r\n', '\n'), __file__, 'exec'))" install --record /tmp/pip-x8tR0F-record/install-record.txt --single-version-externally-managed --compile" failed with error code 1 in /tmp/pip-build-yo37aU/cchardet

The following NEW packages will be INSTALLED:

    openssl:    1.0.1k-1     
    pip:        7.0.3-py27_0 
    python:     2.7.10-0     
    readline:   6.2-2        
    setuptools: 18.0.1-py27_0
    sqlite:     3.8.4.1-1    
    system:     5.8-2        
    tk:         8.5.18-0     
    zlib:       1.2.8-0      

Linking packages ...
[                    ]|                                                  |   0%[openssl             ]|                                                  |   0%[readline            ]|#####                                             |  11%[sqlite              ]|###########                                       |  22%[system              ]|################                                  |  33%[tk                  ]|######################                            |  44%[zlib                ]|###########################                       |  55%[python              ]|#################################                 |  66%[setuptools          ]|######################################            |  77%[pip                 ]|############################################      |  88%[      COMPLETE      ]|##################################################| 100%
Removing old work directory
Copying /home/ubuntu/pypi-conda-builds/cchardet to /home/ubuntu/miniconda/conda-bld/work
Package: cchardet-0.3.5-py_0
source tree in: /home/ubuntu/miniconda/conda-bld/work
Command failed: /bin/bash -x -e /home/ubuntu/pypi-conda-builds/cchardet/build.sh
Package search: {'_pypi_ordering': False, 'version': '0.3.5', 'name': 'cchardet', 'summary': 'Universal encoding detector. This library is faster than chardet.'}
Creating standard recipe for cchardet-0.3.5
Converting recipe in /home/ubuntu/pypi-conda-builds/cchardet
package = cchardet
   dependencies = []
Building conda package for cchardet
