Error: prefix already exists: /home/ubuntu/miniconda/envs/_pipbuild_
Collecting cement==2.6.2
  Could not find a version that satisfies the requirement cement==2.6.2 (from versions: 2.0.2, 2.2.0, 2.2.2, 2.4.0, 2.6.0)
  Some externally hosted files were ignored as access to them may be unreliable (use --allow-external cement to allow).
No matching distribution found for cement==2.6.2
Package search: {'_pypi_ordering': False, 'version': '2.6.2', 'name': 'cement', 'summary': 'CLI Application Framework for Python'}
Creating standard recipe for cement-2.6.2
Using url https://pypi.python.org/packages/source/c/cement/cement-2.6.2.tar.gz (137 KB) for cement.
Downloading cement
Unpacking cement...
done
working in /tmp/tmpG1yKtDconda_skeleton_cement-2.6.2.tar.gz
Fetching package metadata: ......

WARNING: conda-build appears to be out of date. You have version 1.13.0 but the
latest version is 1.14.0. Run

conda update -n root conda-build

to get the latest version.

Solving package specifications: .patching file core.py
Hunk #1 succeeded at 168 with fuzz 2 (offset 2 lines).
Traceback (most recent call last):
  File "setup.py", line 3, in <module>
    from setuptools import setup, find_packages
ImportError: No module named setuptools

Applying patch: '/tmp/tmpG1yKtDconda_skeleton_cement-2.6.2.tar.gz/pypi-distutils.patch'
$PYTHONPATH = /tmp/tmpG1yKtDconda_skeleton_cement-2.6.2.tar.gz/cement-2.6.2
Error: command failed: /home/ubuntu/miniconda/envs/_build/bin/python setup.py install

conda create -n _pipbuild_ --yes python pip
/home/ubuntu/miniconda/envs/_pipbuild_/bin/pip install cement==2.6.2
Error: Could not pip install cement==2.6.2
