Error: prefix already exists: /home/ubuntu/miniconda/envs/_pipbuild_
Collecting Cerberus==0.9
  Could not find a version that satisfies the requirement Cerberus==0.9 (from versions: 0.0.1, 0.0.2, 0.0.3, 0.1.0, 0.2.0, 0.3.0, 0.4.0, 0.5, 0.6, 0.7, 0.7.1, 0.7.2, 0.8, 0.8.1)
No matching distribution found for Cerberus==0.9
Package search: {'_pypi_ordering': False, 'version': '0.9', 'name': 'Cerberus', 'summary': 'Lightweight, extensible schema and data validation tool for Python dictionaries.'}
Creating standard recipe for cerberus-0.9
Using url https://pypi.python.org/packages/source/C/Cerberus/Cerberus-0.9.tar.gz (17 KB) for Cerberus.
Downloading Cerberus
Unpacking Cerberus...
done
working in /tmp/tmpGlH8WOconda_skeleton_Cerberus-0.9.tar.gz
Fetching package metadata: ......

WARNING: conda-build appears to be out of date. You have version 1.13.0 but the
latest version is 1.14.0. Run

conda update -n root conda-build

to get the latest version.

Solving package specifications: .patching file core.py
Hunk #1 succeeded at 168 with fuzz 2 (offset 2 lines).
Traceback (most recent call last):
  File "setup.py", line 3, in <module>
    from setuptools import setup, find_packages
ImportError: No module named setuptools

Applying patch: '/tmp/tmpGlH8WOconda_skeleton_Cerberus-0.9.tar.gz/pypi-distutils.patch'
$PYTHONPATH = /tmp/tmpGlH8WOconda_skeleton_Cerberus-0.9.tar.gz/Cerberus-0.9
Error: command failed: /home/ubuntu/miniconda/envs/_build/bin/python setup.py install

conda create -n _pipbuild_ --yes python pip
/home/ubuntu/miniconda/envs/_pipbuild_/bin/pip install Cerberus==0.9
Error: Could not pip install Cerberus==0.9
