Error: prefix already exists: /home/ubuntu/miniconda/envs/_pipbuild_
Collecting chardet==2.3.0
  Downloading http://localhost/packages/source/c/chardet/chardet-2.3.0.tar.gz (164kB)
setuptools must be installed to install from a source distribution
Package search: {'_pypi_ordering': False, 'version': '2.3.0', 'name': 'chardet', 'summary': 'Universal encoding detector for Python 2 and 3'}
Creating standard recipe for chardet-2.3.0
Using url https://pypi.python.org/packages/source/c/chardet/chardet-2.3.0.tar.gz (160 KB) for chardet.
Downloading chardet
Using cached download
Unpacking chardet...
done
working in /tmp/tmpKDGJqoconda_skeleton_chardet-2.3.0.tar.gz
Fetching package metadata: ......

WARNING: conda-build appears to be out of date. You have version 1.13.0 but the
latest version is 1.14.0. Run

conda update -n root conda-build

to get the latest version.

Solving package specifications: .patching file core.py
Hunk #1 succeeded at 168 with fuzz 2 (offset 2 lines).
Traceback (most recent call last):
  File "setup.py", line 2, in <module>
    from setuptools import setup
ImportError: No module named setuptools

The following NEW packages will be INSTALLED:

    numpy:  1.9.2-py27_0
    pyyaml: 3.11-py27_1 
    yaml:   0.1.6-0     

Linking packages ...
[                    ]|                                                  |   0%[yaml                ]|                                                  |   0%[numpy               ]|################                                  |  33%[pyyaml              ]|#################################                 |  66%[      COMPLETE      ]|##################################################| 100%
Applying patch: '/tmp/tmpKDGJqoconda_skeleton_chardet-2.3.0.tar.gz/pypi-distutils.patch'
$PYTHONPATH = /tmp/tmpKDGJqoconda_skeleton_chardet-2.3.0.tar.gz/chardet-2.3.0
Error: command failed: /home/ubuntu/miniconda/envs/_build/bin/python setup.py install

conda create -n _pipbuild_ --yes python pip
/home/ubuntu/miniconda/envs/_pipbuild_/bin/pip install chardet==2.3.0
Error: Could not pip install chardet==2.3.0
