Warning, the following versions were found for characteristic
14.3.0
14.2.0
14.1.0
14.0.0
0.1.0
Using 14.3.0
Use --version to specify a different version.
Using url https://pypi.python.org/packages/source/c/characteristic/characteristic-14.3.0.tar.gz (26 KB) for characteristic.
Downloading characteristic
Using cached download
Unpacking characteristic...
done
working in /tmp/tmpcygRBCconda_skeleton_characteristic-14.3.0.tar.gz
Fetching package metadata: ......

WARNING: conda-build appears to be out of date. You have version 1.13.0 but the
latest version is 1.14.1. Run

conda update -n root conda-build

to get the latest version.

Solving package specifications: .patching file core.py
Hunk #1 succeeded at 168 with fuzz 2 (offset 2 lines).

Applying patch: '/tmp/tmpcygRBCconda_skeleton_characteristic-14.3.0.tar.gz/pypi-distutils.patch'
Writing recipe for characteristic
Done
