Removing old build directory
Removing old work directory
BUILD START: cheetah-2.4.4-py_0
Fetching package metadata: ......

WARNING: conda-build appears to be out of date. You have version 1.13.0 but the
latest version is 1.14.0. Run

conda update -n root conda-build

to get the latest version.

Solving package specifications: .+ pip install Cheetah
Collecting Cheetah
  Downloading http://localhost/packages/source/C/Cheetah/Cheetah-2.4.4.tar.gz (190kB)
setuptools must be installed to install from a source distribution

The following NEW packages will be INSTALLED:

    openssl:    1.0.1k-1     
    pip:        7.0.3-py27_0 
    python:     2.7.10-0     
    readline:   6.2-2        
    setuptools: 17.1.1-py27_0
    sqlite:     3.8.4.1-1    
    system:     5.8-2        
    tk:         8.5.18-0     
    zlib:       1.2.8-0      

Linking packages ...
[                    ]|                                                  |   0%[openssl             ]|                                                  |   0%[readline            ]|#####                                             |  11%[sqlite              ]|###########                                       |  22%[system              ]|################                                  |  33%[tk                  ]|######################                            |  44%[zlib                ]|###########################                       |  55%[python              ]|#################################                 |  66%[setuptools          ]|######################################            |  77%[pip                 ]|############################################      |  88%[      COMPLETE      ]|##################################################| 100%
Removing old work directory
Copying /home/ubuntu/pypi-conda-builds/cheetah to /home/ubuntu/miniconda/conda-bld/work
Package: cheetah-2.4.4-py_0
source tree in: /home/ubuntu/miniconda/conda-bld/work
Command failed: /bin/bash -x -e /home/ubuntu/pypi-conda-builds/cheetah/build.sh
Package search: {'_pypi_ordering': False, 'version': '2.0.1', 'name': 'Cheetah', 'summary': 'Cheetah is a template engine and code generation tool.'}
Creating standard recipe for cheetah-2.4.4
Converting recipe in /home/ubuntu/pypi-conda-builds/cheetah
package = Cheetah
   dependencies = []
Building conda package for cheetah
