Error: prefix already exists: /home/ubuntu/miniconda/envs/_pipbuild_
Collecting chromium-compact-language-detector==0.2
  Downloading http://localhost/packages/source/c/chromium_compact_language_detector/chromium_compact_language_detector-0.2.tar.gz
setuptools must be installed to install from a source distribution
Package search: {'_pypi_ordering': False, 'version': '0.2', 'name': 'chromium_compact_language_detector', 'summary': "Python bindings around Google Chromium's embedded compact language detection library"}
Creating standard recipe for chromium_compact_language_detector-0.2
Using url https://pypi.python.org/packages/source/c/chromium_compact_language_detector/chromium_compact_language_detector-0.2.tar.gz (37 KB) for chromium_compact_language_detector.
Downloading chromium_compact_language_detector
Using cached download
Unpacking chromium_compact_language_detector...
done
working in /tmp/tmpdW5Rvnconda_skeleton_chromium_compact_language_detector-0.2.tar.gz
Fetching package metadata: ......

WARNING: conda-build appears to be out of date. You have version 1.13.0 but the
latest version is 1.14.0. Run

conda update -n root conda-build

to get the latest version.

Solving package specifications: .patching file core.py
Hunk #1 succeeded at 168 with fuzz 2 (offset 2 lines).
`pkg-config` has not been found but this setup script relies on it.

Applying patch: '/tmp/tmpdW5Rvnconda_skeleton_chromium_compact_language_detector-0.2.tar.gz/pypi-distutils.patch'
$PYTHONPATH = /tmp/tmpdW5Rvnconda_skeleton_chromium_compact_language_detector-0.2.tar.gz/chromium_compact_language_detector-0.2
Error: command failed: /home/ubuntu/miniconda/envs/_build/bin/python setup.py install

conda create -n _pipbuild_ --yes python pip
/home/ubuntu/miniconda/envs/_pipbuild_/bin/pip install chromium_compact_language_detector==0.2
Error: Could not pip install chromium_compact_language_detector==0.2
