Removing old build directory
Removing old work directory
BUILD START: cli53-0.4.4-py_0
Fetching package metadata: ......

WARNING: conda-build appears to be out of date. You have version 1.13.0 but the
latest version is 1.14.1. Run

conda update -n root conda-build

to get the latest version.

Solving package specifications: ...............
Warning: 4 possible package resolutions (only showing differing packages):
	[u'argparse-1.3.0-py_0.tar.bz2', u'dnspython-1.12.0-py_0.tar.bz2'],
	[u'argparse-1.3.0-py_0.tar.bz2', u'dnspython-1.12.0-py27_0.tar.bz2'],
	[u'argparse-1.3.0-py27_0.tar.bz2', u'dnspython-1.12.0-py27_0.tar.bz2'],
	[u'argparse-1.3.0-py27_0.tar.bz2', u'dnspython-1.12.0-py_0.tar.bz2'],
/home/ubuntu/miniconda/pkgs/argparse-1.3.0-py_0/bin/.argparse-pre-link.sh: line 2: /home/ubuntu/miniconda/envs/_build/bin/python: No such file or directory

The following packages will be downloaded:

    package                    |            build
    ---------------------------|-----------------
    dnspython-1.12.0           |             py_0          68 KB

The following NEW packages will be INSTALLED:

    argparse:   1.3.0-py_0   
    boto:       2.38.0-py27_0
    dnspython:  1.12.0-py_0  
    openssl:    1.0.1k-1     
    pip:        7.0.3-py27_0 
    python:     2.7.10-0     
    readline:   6.2-2        
    setuptools: 18.0.1-py27_0
    sqlite:     3.8.4.1-1    
    system:     5.8-2        
    tk:         8.5.18-0     
    zlib:       1.2.8-0      

Fetching packages ...
dnspython-1.12   0% |                              | ETA:  --:--:--   0.00  B/sdnspython-1.12  23% |#######                        | ETA:  0:00:00   1.91 MB/sdnspython-1.12  46% |##############                 | ETA:  0:00:00   3.73 MB/sdnspython-1.12  70% |#####################          | ETA:  0:00:00   5.48 MB/sdnspython-1.12  93% |#############################  | ETA:  0:00:00   7.15 MB/sdnspython-1.12 100% |###############################| ETA:  0:00:00   7.50 MB/sdnspython-1.12 100% |###############################| Time: 0:00:00   7.31 MB/s
Extracting packages ...
[                    ]|                                                  |   0%[dnspython           ]|                                                  |   0%[      COMPLETE      ]|##################################################| 100%
Linking packages ...
[      COMPLETE      ]|                                                  |   0%[openssl             ]|                                                  |   0%[openssl             ]|                                                  |   0%[readline            ]|####                                              |   8%[sqlite              ]|########                                          |  16%[system              ]|############                                      |  25%[tk                  ]|################                                  |  33%[zlib                ]|####################                              |  41%[argparse            ]|#########################                         |  50%Error: pre-link failed: argparse-1.3.0-py_0
