Error: prefix already exists: /home/ubuntu/miniconda/envs/_pipbuild_
Collecting cliff-tablib==1.1
  Downloading http://localhost/packages/source/c/cliff-tablib/cliff-tablib-1.1.tar.gz (80kB)
setuptools must be installed to install from a source distribution
Package search: {'_pypi_ordering': False, 'version': '1.1', 'name': 'cliff-tablib', 'summary': 'tablib formatters for cliff'}
Creating standard recipe for cliff-tablib-1.1
Using url https://pypi.python.org/packages/source/c/cliff-tablib/cliff-tablib-1.1.tar.gz (79 KB) for cliff-tablib.
Downloading cliff-tablib
Using cached download
Unpacking cliff-tablib...
done
working in /tmp/tmpqQMQsOconda_skeleton_cliff-tablib-1.1.tar.gz
Fetching package metadata: ......

WARNING: conda-build appears to be out of date. You have version 1.13.0 but the
latest version is 1.14.0. Run

conda update -n root conda-build

to get the latest version.

Solving package specifications: .patching file core.py
Hunk #1 succeeded at 168 with fuzz 2 (offset 2 lines).
Traceback (most recent call last):
  File "setup.py", line 6, in <module>
    from setuptools import setup, find_packages
ImportError: No module named setuptools

Applying patch: '/tmp/tmpqQMQsOconda_skeleton_cliff-tablib-1.1.tar.gz/pypi-distutils.patch'
$PYTHONPATH = /tmp/tmpqQMQsOconda_skeleton_cliff-tablib-1.1.tar.gz/cliff-tablib-1.1
Error: command failed: /home/ubuntu/miniconda/envs/_build/bin/python setup.py install

conda create -n _pipbuild_ --yes python pip
/home/ubuntu/miniconda/envs/_pipbuild_/bin/pip install cliff-tablib==1.1
Error: Could not pip install cliff-tablib==1.1
