Error: prefix already exists: /home/ubuntu/miniconda/envs/_pipbuild_
Collecting cligj==0.2.0
  Could not find a version that satisfies the requirement cligj==0.2.0 (from versions: 0.1.0)
No matching distribution found for cligj==0.2.0
Package search: {'_pypi_ordering': False, 'version': '0.2.0', 'name': 'cligj', 'summary': 'Click params for commmand line interfaces to GeoJSON'}
Creating standard recipe for cligj-0.2.0
Using url https://pypi.python.org/packages/source/c/cligj/cligj-0.2.0.tar.gz (5 KB) for cligj.
Downloading cligj
Using cached download
Unpacking cligj...
done
working in /tmp/tmpa5BAbIconda_skeleton_cligj-0.2.0.tar.gz
Fetching package metadata: ......

WARNING: conda-build appears to be out of date. You have version 1.13.0 but the
latest version is 1.14.0. Run

conda update -n root conda-build

to get the latest version.

Solving package specifications: .patching file core.py
Hunk #1 succeeded at 168 with fuzz 2 (offset 2 lines).
Traceback (most recent call last):
  File "setup.py", line 2, in <module>
    from setuptools import setup, find_packages
ImportError: No module named setuptools

The following NEW packages will be INSTALLED:

    numpy:  1.9.2-py27_0
    pyyaml: 3.11-py27_1 
    yaml:   0.1.6-0     

Linking packages ...
[                    ]|                                                  |   0%[yaml                ]|                                                  |   0%[numpy               ]|################                                  |  33%[pyyaml              ]|#################################                 |  66%[      COMPLETE      ]|##################################################| 100%
Applying patch: '/tmp/tmpa5BAbIconda_skeleton_cligj-0.2.0.tar.gz/pypi-distutils.patch'
$PYTHONPATH = /tmp/tmpa5BAbIconda_skeleton_cligj-0.2.0.tar.gz/cligj-0.2.0
Error: command failed: /home/ubuntu/miniconda/envs/_build/bin/python setup.py install

conda create -n _pipbuild_ --yes python pip
/home/ubuntu/miniconda/envs/_pipbuild_/bin/pip install cligj==0.2.0
Error: Could not pip install cligj==0.2.0
