Warning, the following versions were found for clihelper
1.7.6
1.7.5
1.7.3
1.7.1
1.6.3
1.6.2
1.6.1
1.6.0
1.5.3
1.5.1
1.5.0
1.4.8
1.4.7
1.4.6
1.4.5
1.4.4
1.4.3
1.4.2
1.4.1
1.4.0
1.3.1
1.3.0
1.2.0
1.1.0
1.0.1
1.0.0
Using 1.7.6
Use --version to specify a different version.
Using url https://pypi.python.org/packages/source/c/clihelper/clihelper-1.7.6.tar.gz (11 KB) for clihelper.
Downloading clihelper
Using cached download
Unpacking clihelper...
done
working in /tmp/tmpViuA17conda_skeleton_clihelper-1.7.6.tar.gz
Fetching package metadata: ......

WARNING: conda-build appears to be out of date. You have version 1.13.0 but the
latest version is 1.14.1. Run

conda update -n root conda-build

to get the latest version.

Solving package specifications: .patching file core.py
Hunk #1 succeeded at 168 with fuzz 2 (offset 2 lines).

Applying patch: '/tmp/tmpViuA17conda_skeleton_clihelper-1.7.6.tar.gz/pypi-distutils.patch'
Writing recipe for clihelper
Done
