Error: prefix already exists: /home/ubuntu/miniconda/envs/_pipbuild_
Collecting args==0.1.0
  Downloading http://localhost/packages/source/a/args/args-0.1.0.tar.gz
setuptools must be installed to install from a source distribution
Package search: {'_pypi_ordering': False, 'version': '0.4.1', 'name': 'clint', 'summary': 'Python Command-line Application Tools'}
Creating standard recipe for clint-0.4.1
Converting recipe in /home/ubuntu/pypi-conda-builds/clint
package = clint
   dependencies = [u'args']
Creating standard recipe for args
Warning, the following versions were found for args
0.1.0
0
Using 0.1.0
Use --version to specify a different version.
Using url https://pypi.python.org/packages/source/a/args/args-0.1.0.tar.gz (3 KB) for args.
Downloading args
Using cached download
Unpacking args...
done
working in /tmp/tmpEokxASconda_skeleton_args-0.1.0.tar.gz
Fetching package metadata: ......

WARNING: conda-build appears to be out of date. You have version 1.13.0 but the
latest version is 1.14.0. Run

conda update -n root conda-build

to get the latest version.

Solving package specifications: .patching file core.py
Hunk #1 succeeded at 168 with fuzz 2 (offset 2 lines).
Traceback (most recent call last):
  File "setup.py", line 10, in <module>
    from setuptools import setup
ImportError: No module named setuptools

Applying patch: '/tmp/tmpEokxASconda_skeleton_args-0.1.0.tar.gz/pypi-distutils.patch'
$PYTHONPATH = /tmp/tmpEokxASconda_skeleton_args-0.1.0.tar.gz/args-0.1.0
Error: command failed: /home/ubuntu/miniconda/envs/_build/bin/python setup.py install

conda create -n _pipbuild_ --yes python pip
/home/ubuntu/miniconda/envs/_pipbuild_/bin/pip install args==0.1.0
Error: Could not pip install args==0.1.0
