Warning, the following versions were found for clint
0.4.1
0.4.0
0.3.7
0.3.6
0.3.5
0.3.4
0.3.3
0.3.2
0.3.1
0.3.0
0.2.6
0.2.5
0.2.4
0.2.3
0.2.1
0
Using 0.4.1
Use --version to specify a different version.
Using url https://pypi.python.org/packages/source/c/clint/clint-0.4.1.tar.gz (28 KB) for clint.
Downloading clint
Using cached download
Unpacking clint...
done
working in /tmp/tmp5obDKJconda_skeleton_clint-0.4.1.tar.gz
Fetching package metadata: ......

WARNING: conda-build appears to be out of date. You have version 1.13.0 but the
latest version is 1.14.1. Run

conda update -n root conda-build

to get the latest version.

Solving package specifications: .patching file core.py
Hunk #1 succeeded at 168 with fuzz 2 (offset 2 lines).

WARNING: conda-build appears to be out of date. You have version 1.13.0 but the
latest version is 1.14.1. Run

conda update -n root conda-build

to get the latest version.


The following NEW packages will be INSTALLED:

    numpy:  1.9.2-py27_0
    pyyaml: 3.11-py27_1 
    yaml:   0.1.6-0     

Linking packages ...
[                    ]|                                                  |   0%[yaml                ]|                                                  |   0%[numpy               ]|################                                  |  33%[pyyaml              ]|#################################                 |  66%[      COMPLETE      ]|##################################################| 100%
Applying patch: '/tmp/tmp5obDKJconda_skeleton_clint-0.4.1.tar.gz/pypi-distutils.patch'
Warning, the following versions were found for args
0.1.0
0
Using 0.1.0
Use --version to specify a different version.
Using url https://pypi.python.org/packages/source/a/args/args-0.1.0.tar.gz (3 KB) for args.
Downloading args
Using cached download
Unpacking args...
done
working in /tmp/tmp5TTMhUconda_skeleton_args-0.1.0.tar.gz
Solving package specifications: .patching file core.py
Hunk #1 succeeded at 168 with fuzz 2 (offset 2 lines).

Applying patch: '/tmp/tmp5TTMhUconda_skeleton_args-0.1.0.tar.gz/pypi-distutils.patch'
Writing recipe for args
Writing recipe for clint
Done
