Removing old build directory
Removing old work directory
BUILD START: cloud-2.8.5-py_0
Fetching package metadata: ......

WARNING: conda-build appears to be out of date. You have version 1.13.0 but the
latest version is 1.14.0. Run

conda update -n root conda-build

to get the latest version.

Solving package specifications: .+ pip install cloud
Collecting cloud
  Downloading http://localhost/packages/source/c/cloud/cloud-2.8.5.tar.gz (247kB)
Requirement already satisfied (use --upgrade to upgrade): setuptools in /home/ubuntu/miniconda/envs/_build/lib/python2.7/site-packages (from cloud)
Installing collected packages: cloud
  Running setup.py install for cloud
Successfully installed cloud-2.8.5

The following NEW packages will be INSTALLED:

    openssl:    1.0.1k-1     
    pip:        7.0.3-py27_0 
    python:     2.7.10-0     
    readline:   6.2-2        
    setuptools: 18.0.1-py27_0
    sqlite:     3.8.4.1-1    
    system:     5.8-2        
    tk:         8.5.18-0     
    zlib:       1.2.8-0      

Linking packages ...
[                    ]|                                                  |   0%[openssl             ]|                                                  |   0%[readline            ]|#####                                             |  11%[sqlite              ]|###########                                       |  22%[system              ]|################                                  |  33%[tk                  ]|######################                            |  44%[zlib                ]|###########################                       |  55%[python              ]|#################################                 |  66%[setuptools          ]|######################################            |  77%[pip                 ]|############################################      |  88%[      COMPLETE      ]|##################################################| 100%
Removing old work directory
Copying /home/ubuntu/pypi-conda-builds/cloud to /home/ubuntu/miniconda/conda-bld/work
Package: cloud-2.8.5-py_0
source tree in: /home/ubuntu/miniconda/conda-bld/work
number of files: 124
Fixing permissions
Fixing permissions
BUILD END: cloud-2.8.5-py_0
# If you want to upload this package to binstar.org later, type:
#
# $ binstar upload /home/ubuntu/miniconda/conda-bld/noarch/cloud-2.8.5-py_0.tar.bz2
#
# To have conda build upload to binstar automatically, use
# $ conda config --set binstar_upload yes

Package search: {'_pypi_ordering': False, 'version': '2.8.5', 'name': 'cloud', 'summary': 'PiCloud client-side library'}
Creating standard recipe for cloud-2.8.5
Converting recipe in /home/ubuntu/pypi-conda-builds/cloud
package = cloud
   dependencies = []
Building conda package for cloud
