Warning, the following versions were found for coinor.dippy
1.91.4
1.91.2
1.91.0
1.9.12
1.9.9
1.9.8
1.9.6
1.5.8
1.5.7
1.5.6
1.5.5
1.5.4
1.5.3
1.5.2
1.5.1
1.5.0
1.4.7
1.4.6
1.4.4
1.4.3
1.4.2
1.4.1
1.4.0
1.3.4
1.3.3
1.3.2
1.3.1
1.3.0
1.2.13
1.2.10
1.2.9
1.2.7
1.2.6
1.2.5
1.2.4
1.2.3
1.2.2
1.2
1.1.20
1.1.19
1.1.18
1.1.15
1.1.14
1.1.13
1.1.12
1.1.11
1.1.7
1.1.4
1.1.3
1.1.1
1.1.0
1.0.14
1.0.13
1.0.10
1.0.9
1.0.8
1.0.7
1.0.6
1.0.5
1.0.2
1.0.1
1.0.0
0.0.0
Using 1.91.4
Use --version to specify a different version.
Using url https://pypi.python.org/packages/source/c/coinor.dippy/coinor.dippy-1.91.4.zip (34 KB) for coinor.dippy.
Downloading coinor.dippy
Unpacking coinor.dippy...
done
working in /tmp/tmpJ470hmconda_skeleton_coinor.dippy-1.91.4.zip
Fetching package metadata: ......

WARNING: conda-build appears to be out of date. You have version 1.13.0 but the
latest version is 1.14.1. Run

conda update -n root conda-build

to get the latest version.

Solving package specifications: .patching file core.py
Hunk #1 succeeded at 168 with fuzz 2 (offset 2 lines).
Traceback (most recent call last):
  File "setup.py", line 3, in <module>
    from ez_setup import use_setuptools
ImportError: No module named ez_setup

Applying patch: '/tmp/tmpJ470hmconda_skeleton_coinor.dippy-1.91.4.zip/pypi-distutils.patch'
$PYTHONPATH = /tmp/tmpJ470hmconda_skeleton_coinor.dippy-1.91.4.zip/coinor.dippy-1.91.4
Error: command failed: /home/ubuntu/miniconda/envs/_build/bin/python setup.py install
