Error: prefix already exists: /home/ubuntu/miniconda/envs/_pipbuild_
Collecting coinor.dippy==1.91.4
  Could not find a version that satisfies the requirement coinor.dippy==1.91.4 (from versions: 1.9.8, 1.9.9, 1.9.12, 1.91.0, 1.91.2)
No matching distribution found for coinor.dippy==1.91.4
Package search: {'_pypi_ordering': False, 'version': '1.91.4', 'name': 'coinor.dippy', 'summary': 'DIP Python Interface'}
Creating standard recipe for coinor.dippy-1.91.4
Using url https://pypi.python.org/packages/source/c/coinor.dippy/coinor.dippy-1.91.4.zip (34 KB) for coinor.dippy.
Downloading coinor.dippy
Using cached download
Unpacking coinor.dippy...
done
working in /tmp/tmpLzpkNrconda_skeleton_coinor.dippy-1.91.4.zip
Fetching package metadata: ......

WARNING: conda-build appears to be out of date. You have version 1.13.0 but the
latest version is 1.14.1. Run

conda update -n root conda-build

to get the latest version.

Solving package specifications: .patching file core.py
Hunk #1 succeeded at 168 with fuzz 2 (offset 2 lines).
Traceback (most recent call last):
  File "setup.py", line 3, in <module>
    from ez_setup import use_setuptools
ImportError: No module named ez_setup

Applying patch: '/tmp/tmpLzpkNrconda_skeleton_coinor.dippy-1.91.4.zip/pypi-distutils.patch'
$PYTHONPATH = /tmp/tmpLzpkNrconda_skeleton_coinor.dippy-1.91.4.zip/coinor.dippy-1.91.4
Error: command failed: /home/ubuntu/miniconda/envs/_build/bin/python setup.py install

conda create -n _pipbuild_ --yes python pip
/home/ubuntu/miniconda/envs/_pipbuild_/bin/pip install coinor.dippy==1.91.4
Error: Could not pip install coinor.dippy==1.91.4
