Removing old build directory
Removing old work directory
BUILD START: colander-1.0-py_0
Fetching package metadata: ......

WARNING: conda-build appears to be out of date. You have version 1.13.0 but the
latest version is 1.14.1. Run

conda update -n root conda-build

to get the latest version.

Solving package specifications: ...............
Warning: 32 possible package resolutions (only showing differing packages):
	[u'babel-1.3-py_0.tar.bz2', u'iso8601-0.1.10-py_0.tar.bz2', u'pygments-2.0.2-py_0.tar.bz2', u'snowballstemmer-1.2.0-py_0.tar.bz2', u'translationstring-1.3-py_0.tar.bz2'],
	[u'babel-1.3-py_0.tar.bz2', u'iso8601-0.1.10-py_0.tar.bz2', u'pygments-2.0.2-py_0.tar.bz2', u'snowballstemmer-1.2.0-py_0.tar.bz2', u'translationstring-1.3-py27_0.tar.bz2'],
	[u'babel-1.3-py_0.tar.bz2', u'iso8601-0.1.10-py_0.tar.bz2', u'pygments-2.0.2-py_0.tar.bz2', u'snowballstemmer-1.2.0-py27_0.tar.bz2', u'translationstring-1.3-py27_0.tar.bz2'],
	[u'babel-1.3-py_0.tar.bz2', u'iso8601-0.1.10-py_0.tar.bz2', u'pygments-2.0.2-py_0.tar.bz2', u'snowballstemmer-1.2.0-py27_0.tar.bz2', u'translationstring-1.3-py_0.tar.bz2'],
	[u'babel-1.3-py_0.tar.bz2', u'iso8601-0.1.10-py_0.tar.bz2', u'pygments-2.0.2-py27_0.tar.bz2', u'snowballstemmer-1.2.0-py27_0.tar.bz2', u'translationstring-1.3-py_0.tar.bz2'],
	[u'babel-1.3-py_0.tar.bz2', u'iso8601-0.1.10-py_0.tar.bz2', u'pygments-2.0.2-py27_0.tar.bz2', u'snowballstemmer-1.2.0-py27_0.tar.bz2', u'translationstring-1.3-py27_0.tar.bz2'],
	[u'babel-1.3-py_0.tar.bz2', u'iso8601-0.1.10-py_0.tar.bz2', u'pygments-2.0.2-py27_0.tar.bz2', u'snowballstemmer-1.2.0-py_0.tar.bz2', u'translationstring-1.3-py27_0.tar.bz2'],
	[u'babel-1.3-py_0.tar.bz2', u'iso8601-0.1.10-py_0.tar.bz2', u'pygments-2.0.2-py27_0.tar.bz2', u'snowballstemmer-1.2.0-py_0.tar.bz2', u'translationstring-1.3-py_0.tar.bz2'],
	[u'babel-1.3-py_0.tar.bz2', u'iso8601-0.1.10-py27_0.tar.bz2', u'pygments-2.0.2-py27_0.tar.bz2', u'snowballstemmer-1.2.0-py_0.tar.bz2', u'translationstring-1.3-py_0.tar.bz2'],
	[u'babel-1.3-py_0.tar.bz2', u'iso8601-0.1.10-py27_0.tar.bz2', u'pygments-2.0.2-py27_0.tar.bz2', u'snowballstemmer-1.2.0-py_0.tar.bz2', u'translationstring-1.3-py27_0.tar.bz2'],
	[u'babel-1.3-py_0.tar.bz2', u'iso8601-0.1.10-py27_0.tar.bz2', u'pygments-2.0.2-py27_0.tar.bz2', u'snowballstemmer-1.2.0-py27_0.tar.bz2', u'translationstring-1.3-py27_0.tar.bz2'],
	[u'babel-1.3-py_0.tar.bz2', u'iso8601-0.1.10-py27_0.tar.bz2', u'pygments-2.0.2-py27_0.tar.bz2', u'snowballstemmer-1.2.0-py27_0.tar.bz2', u'translationstring-1.3-py_0.tar.bz2'],
	[u'babel-1.3-py_0.tar.bz2', u'iso8601-0.1.10-py27_0.tar.bz2', u'pygments-2.0.2-py_0.tar.bz2', u'snowballstemmer-1.2.0-py27_0.tar.bz2', u'translationstring-1.3-py_0.tar.bz2'],
	[u'babel-1.3-py_0.tar.bz2', u'iso8601-0.1.10-py27_0.tar.bz2', u'pygments-2.0.2-py_0.tar.bz2', u'snowballstemmer-1.2.0-py27_0.tar.bz2', u'translationstring-1.3-py27_0.tar.bz2'],
	[u'babel-1.3-py_0.tar.bz2', u'iso8601-0.1.10-py27_0.tar.bz2', u'pygments-2.0.2-py_0.tar.bz2', u'snowballstemmer-1.2.0-py_0.tar.bz2', u'translationstring-1.3-py27_0.tar.bz2'],
	[u'babel-1.3-py_0.tar.bz2', u'iso8601-0.1.10-py27_0.tar.bz2', u'pygments-2.0.2-py_0.tar.bz2', u'snowballstemmer-1.2.0-py_0.tar.bz2', u'translationstring-1.3-py_0.tar.bz2'],
	[u'babel-1.3-py27_0.tar.bz2', u'iso8601-0.1.10-py27_0.tar.bz2', u'pygments-2.0.2-py_0.tar.bz2', u'snowballstemmer-1.2.0-py_0.tar.bz2', u'translationstring-1.3-py_0.tar.bz2'],
	[u'babel-1.3-py27_0.tar.bz2', u'iso8601-0.1.10-py27_0.tar.bz2', u'pygments-2.0.2-py_0.tar.bz2', u'snowballstemmer-1.2.0-py_0.tar.bz2', u'translationstring-1.3-py27_0.tar.bz2'],
	[u'babel-1.3-py27_0.tar.bz2', u'iso8601-0.1.10-py27_0.tar.bz2', u'pygments-2.0.2-py_0.tar.bz2', u'snowballstemmer-1.2.0-py27_0.tar.bz2', u'translationstring-1.3-py27_0.tar.bz2'],
	[u'babel-1.3-py27_0.tar.bz2', u'iso8601-0.1.10-py27_0.tar.bz2', u'pygments-2.0.2-py_0.tar.bz2', u'snowballstemmer-1.2.0-py27_0.tar.bz2', u'translationstring-1.3-py_0.tar.bz2'],
	[u'babel-1.3-py27_0.tar.bz2', u'iso8601-0.1.10-py27_0.tar.bz2', u'pygments-2.0.2-py27_0.tar.bz2', u'snowballstemmer-1.2.0-py27_0.tar.bz2', u'translationstring-1.3-py_0.tar.bz2'],
	[u'babel-1.3-py27_0.tar.bz2', u'iso8601-0.1.10-py27_0.tar.bz2', u'pygments-2.0.2-py27_0.tar.bz2', u'snowballstemmer-1.2.0-py27_0.tar.bz2', u'translationstring-1.3-py27_0.tar.bz2'],
	[u'babel-1.3-py27_0.tar.bz2', u'iso8601-0.1.10-py27_0.tar.bz2', u'pygments-2.0.2-py27_0.tar.bz2', u'snowballstemmer-1.2.0-py_0.tar.bz2', u'translationstring-1.3-py27_0.tar.bz2'],
	[u'babel-1.3-py27_0.tar.bz2', u'iso8601-0.1.10-py27_0.tar.bz2', u'pygments-2.0.2-py27_0.tar.bz2', u'snowballstemmer-1.2.0-py_0.tar.bz2', u'translationstring-1.3-py_0.tar.bz2'],
	[u'babel-1.3-py27_0.tar.bz2', u'iso8601-0.1.10-py_0.tar.bz2', u'pygments-2.0.2-py27_0.tar.bz2', u'snowballstemmer-1.2.0-py_0.tar.bz2', u'translationstring-1.3-py_0.tar.bz2'],
	[u'babel-1.3-py27_0.tar.bz2', u'iso8601-0.1.10-py_0.tar.bz2', u'pygments-2.0.2-py27_0.tar.bz2', u'snowballstemmer-1.2.0-py_0.tar.bz2', u'translationstring-1.3-py27_0.tar.bz2'],
	[u'babel-1.3-py27_0.tar.bz2', u'iso8601-0.1.10-py_0.tar.bz2', u'pygments-2.0.2-py27_0.tar.bz2', u'snowballstemmer-1.2.0-py27_0.tar.bz2', u'translationstring-1.3-py27_0.tar.bz2'],
	[u'babel-1.3-py27_0.tar.bz2', u'iso8601-0.1.10-py_0.tar.bz2', u'pygments-2.0.2-py27_0.tar.bz2', u'snowballstemmer-1.2.0-py27_0.tar.bz2', u'translationstring-1.3-py_0.tar.bz2'],
	[u'babel-1.3-py27_0.tar.bz2', u'iso8601-0.1.10-py_0.tar.bz2', u'pygments-2.0.2-py_0.tar.bz2', u'snowballstemmer-1.2.0-py27_0.tar.bz2', u'translationstring-1.3-py_0.tar.bz2'],
	[u'babel-1.3-py27_0.tar.bz2', u'iso8601-0.1.10-py_0.tar.bz2', u'pygments-2.0.2-py_0.tar.bz2', u'snowballstemmer-1.2.0-py27_0.tar.bz2', u'translationstring-1.3-py27_0.tar.bz2'],
	[u'babel-1.3-py27_0.tar.bz2', u'iso8601-0.1.10-py_0.tar.bz2', u'pygments-2.0.2-py_0.tar.bz2', u'snowballstemmer-1.2.0-py_0.tar.bz2', u'translationstring-1.3-py27_0.tar.bz2'],
	[u'babel-1.3-py27_0.tar.bz2', u'iso8601-0.1.10-py_0.tar.bz2', u'pygments-2.0.2-py_0.tar.bz2', u'snowballstemmer-1.2.0-py_0.tar.bz2', u'translationstring-1.3-py_0.tar.bz2'],
/home/ubuntu/miniconda/pkgs/iso8601-0.1.10-py_0/bin/.iso8601-pre-link.sh: line 2: /home/ubuntu/miniconda/envs/_build/bin/python: No such file or directory

The following packages will be downloaded:

    package                    |            build
    ---------------------------|-----------------
    translationstring-1.3      |             py_0          13 KB

The following NEW packages will be INSTALLED:

    alabaster:         0.7.4-py27_0 
    babel:             1.3-py_0     
    coverage:          4.0a5-py27_0 
    docutils:          0.12-py27_0  
    iso8601:           0.1.10-py_0  
    jinja2:            2.7.3-py27_1 
    markupsafe:        0.23-py27_0  
    nose:              1.3.7-py27_0 
    openssl:           1.0.1k-1     
    pip:               7.0.3-py27_0 
    pygments:          2.0.2-py_0   
    python:            2.7.10-0     
    pytz:              2015.4-py27_0
    readline:          6.2-2        
    setuptools:        18.0.1-py27_0
    six:               1.9.0-py27_0 
    snowballstemmer:   1.2.0-py_0   
    sphinx:            1.3.1-py27_0 
    sphinx_rtd_theme:  0.1.7-py27_0 
    sqlite:            3.8.4.1-1    
    system:            5.8-2        
    tk:                8.5.18-0     
    translationstring: 1.3-py_0     
    zlib:              1.2.8-0      

Fetching packages ...
translationstr   0% |                              | ETA:  --:--:--   0.00  B/stranslationstr 100% |###############################| ETA:  0:00:00  28.07 MB/stranslationstr 100% |###############################| Time: 0:00:00  17.84 MB/s
Extracting packages ...
[                    ]|                                                  |   0%[translationstring   ]|                                                  |   0%[      COMPLETE      ]|##################################################| 100%
Linking packages ...
[      COMPLETE      ]|                                                  |   0%[openssl             ]|                                                  |   0%[openssl             ]|                                                  |   0%[readline            ]|##                                                |   4%[sqlite              ]|####                                              |   8%[system              ]|######                                            |  12%[tk                  ]|########                                          |  16%[zlib                ]|##########                                        |  20%[alabaster           ]|############                                      |  25%[coverage            ]|##############                                    |  29%[docutils            ]|################                                  |  33%[iso8601             ]|##################                                |  37%Error: pre-link failed: iso8601-0.1.10-py_0
