Warning, the following versions were found for collective.plonetruegallery
3.4.5
3.4.4
3.4.3
3.4.2
3.4.2.dev0
3.4.1
3.4.1dev
3.4.0
3.3.2
3.3.1
3.3.1b1
3.3.1a2
3.3.1a1
3.3.0a1
3.2a1
3.1
3.0
3.0b4
3.0b3
3.0b1
2.4b3
2.4b2
2.4b1
2.3.1
2.3.0b2
2.3.0b1
2.2.0
2.1b2
2.1b1
2.1a1
2.0a2
2.0a1
1.3.4
1.3.3
1.3.2
1.3.1
1.3.0
1.2.1
1.2.0
1.1.0
1.0.5
1.0.4
1.0.3
1.0.2
1.0.1
1.0
1.0rc2
1.0rc1
0.9.1rc5
0.9.1rc4
0.9.1rc3
0.9.1rc2
0.9.1rc1
0.9.0b1
0.8.2b4
0.8.2b3
0.8.2b2
0.8.2b1
0.8.1b2
0.8.1b1
0.8.1a3
0.8a2
0.8a1
0.7.1
0.7rc1
0.7b2.4
0.7b2.3
0.7b2.2
0.7b2
0.7b1
0.7a1.2
0.7a1.1
0.6b2.4
0.6b2.3
0.6b2.2
0.6b2.1
0.6b1.4
0.6b1.3
0.6b1.2
0.6b1.1
0.6b1
0.5.3.2
0.5.3.1
0.5.2
0.5r1
0.5b2
0.5b1
0.4rc4
0.4rc3
0.4rc2
0.4rc1
0.3
0.3rc1
Using 3.4.5
Use --version to specify a different version.
Using url https://pypi.python.org/packages/source/c/collective.plonetruegallery/collective.plonetruegallery-3.4.5.zip (385 KB) for collective.plonetruegallery.
Downloading collective.plonetruegallery
Using cached download
Unpacking collective.plonetruegallery...
done
working in /tmp/tmpbtlvhvconda_skeleton_collective.plonetruegallery-3.4.5.zip
Fetching package metadata: ......

WARNING: conda-build appears to be out of date. You have version 1.13.0 but the
latest version is 1.14.1. Run

conda update -n root conda-build

to get the latest version.

Solving package specifications: .patching file core.py
Hunk #1 succeeded at 168 with fuzz 2 (offset 2 lines).

WARNING: conda-build appears to be out of date. You have version 1.13.0 but the
latest version is 1.14.1. Run

conda update -n root conda-build

to get the latest version.


The following NEW packages will be INSTALLED:

    numpy:      1.9.2-py27_0 
    openssl:    1.0.1k-1     
    pip:        7.0.3-py27_0 
    python:     2.7.10-0     
    pyyaml:     3.11-py27_1  
    readline:   6.2-2        
    setuptools: 18.0.1-py27_0
    sqlite:     3.8.4.1-1    
    system:     5.8-2        
    tk:         8.5.18-0     
    yaml:       0.1.6-0      
    zlib:       1.2.8-0      

Linking packages ...
[                    ]|                                                  |   0%[openssl             ]|                                                  |   0%[readline            ]|####                                              |   8%[sqlite              ]|########                                          |  16%[system              ]|############                                      |  25%[tk                  ]|################                                  |  33%[yaml                ]|####################                              |  41%[zlib                ]|#########################                         |  50%[numpy               ]|#############################                     |  58%[python              ]|#################################                 |  66%[pyyaml              ]|#####################################             |  75%[setuptools          ]|#########################################         |  83%[pip                 ]|#############################################     |  91%[      COMPLETE      ]|##################################################| 100%
Applying patch: '/tmp/tmpbtlvhvconda_skeleton_collective.plonetruegallery-3.4.5.zip/pypi-distutils.patch'
WARNING: Could not add entry points. They were:

      # -*- Entry points: -*-

      [z3c.autoinclude.plugin]
      target = plone
      
Warning, the following versions were found for unittest2
1.1.0
1.0.1
1.0.0
0.8.0
0.7.1
0.7.0
0.6.0
0.5.1
0.5.0
0.4.2
0.4.1
0.4.0
0.3.0
0.2.0
0.1.6
0.1.5
0.1.4
0.1.3
0.1.2
0.1.1
0.1.0
0.0
Using 1.1.0
Use --version to specify a different version.
Using url https://pypi.python.org/packages/source/u/unittest2/unittest2-1.1.0.tar.gz (80 KB) for unittest2.
Downloading unittest2
Using cached download
Unpacking unittest2...
done
working in /tmp/tmpt4mnyXconda_skeleton_unittest2-1.1.0.tar.gz
Solving package specifications: .patching file core.py
Hunk #1 succeeded at 168 with fuzz 2 (offset 2 lines).
An unexpected error has occurred, please consider sending the
following traceback to the conda GitHub issue tracker at:

    https://github.com/conda/conda-build/issues

Include the output of the command 'conda info' in your report.



Applying patch: '/tmp/tmpt4mnyXconda_skeleton_unittest2-1.1.0.tar.gz/pypi-distutils.patch'
Traceback (most recent call last):
  File "/home/ubuntu/miniconda/bin/conda-skeleton", line 6, in <module>
    exec(compile(open(__file__).read(), __file__, 'exec'))
  File "/home/ubuntu/conda-build/bin/conda-skeleton", line 5, in <module>
    sys.exit(main())
  File "/home/ubuntu/conda-build/conda_build/main_skeleton.py", line 240, in main
    args_func(args, p)
  File "/home/ubuntu/conda-build/conda_build/main_build.py", line 349, in args_func
    args.func(args, p)
  File "/home/ubuntu/conda-build/conda_build/main_skeleton.py", line 254, in execute
    pypi.main(args, parser)
  File "/home/ubuntu/conda-build/conda_build/pypi.py", line 387, in main
    get_package_metadata(args, package, d, data)
  File "/home/ubuntu/conda-build/conda_build/pypi.py", line 486, in get_package_metadata
    pkginfo = yaml.load(fn)
  File "/home/ubuntu/miniconda/lib/python2.7/site-packages/yaml/__init__.py", line 71, in load
    return loader.get_single_data()
  File "/home/ubuntu/miniconda/lib/python2.7/site-packages/yaml/constructor.py", line 39, in get_single_data
    return self.construct_document(node)
  File "/home/ubuntu/miniconda/lib/python2.7/site-packages/yaml/constructor.py", line 48, in construct_document
    for dummy in generator:
  File "/home/ubuntu/miniconda/lib/python2.7/site-packages/yaml/constructor.py", line 398, in construct_yaml_map
    value = self.construct_mapping(node)
  File "/home/ubuntu/miniconda/lib/python2.7/site-packages/yaml/constructor.py", line 208, in construct_mapping
    return BaseConstructor.construct_mapping(self, node, deep=deep)
  File "/home/ubuntu/miniconda/lib/python2.7/site-packages/yaml/constructor.py", line 133, in construct_mapping
    value = self.construct_object(value_node, deep=deep)
  File "/home/ubuntu/miniconda/lib/python2.7/site-packages/yaml/constructor.py", line 93, in construct_object
    data = generator.next()
  File "/home/ubuntu/miniconda/lib/python2.7/site-packages/yaml/constructor.py", line 568, in construct_python_object
    instance = self.make_python_instance(suffix, node, newobj=True)
  File "/home/ubuntu/miniconda/lib/python2.7/site-packages/yaml/constructor.py", line 540, in make_python_instance
    cls = self.find_python_name(suffix, node.start_mark)
  File "/home/ubuntu/miniconda/lib/python2.7/site-packages/yaml/constructor.py", line 513, in find_python_name
    module.__name__), mark)
yaml.constructor.ConstructorError: while constructing a Python object
cannot find 'late_version' in the module '__main__'
  in "/tmp/tmpt4mnyXconda_skeleton_unittest2-1.1.0.tar.gz/pkginfo.yaml", line 20, column 10
