Removing old build directory
Removing old work directory
BUILD START: concurrentloghandler-0.9.1-py_0
Fetching package metadata: ......

WARNING: conda-build appears to be out of date. You have version 1.13.0 but the
latest version is 1.14.1. Run

conda update -n root conda-build

to get the latest version.

Solving package specifications: .+ /home/ubuntu/miniconda/envs/_build/bin/python setup.py install
running install
running bdist_egg
running egg_info
writing src/ConcurrentLogHandler.egg-info/PKG-INFO
writing top-level names to src/ConcurrentLogHandler.egg-info/top_level.txt
writing dependency_links to src/ConcurrentLogHandler.egg-info/dependency_links.txt
reading manifest file 'src/ConcurrentLogHandler.egg-info/SOURCES.txt'
writing manifest file 'src/ConcurrentLogHandler.egg-info/SOURCES.txt'
installing library code to build/bdist.linux-x86_64/egg
running install_lib
running build_py
creating build
creating build/lib
copying src/cloghandler.py -> build/lib
copying src/portalocker.py -> build/lib
creating build/bdist.linux-x86_64
creating build/bdist.linux-x86_64/egg
copying build/lib/cloghandler.py -> build/bdist.linux-x86_64/egg
copying build/lib/portalocker.py -> build/bdist.linux-x86_64/egg
byte-compiling build/bdist.linux-x86_64/egg/cloghandler.py to cloghandler.pyc
byte-compiling build/bdist.linux-x86_64/egg/portalocker.py to portalocker.pyc
installing package data to build/bdist.linux-x86_64/egg
running install_data
creating build/bdist.linux-x86_64/egg/tests
copying stresstest.py -> build/bdist.linux-x86_64/egg/tests
creating build/bdist.linux-x86_64/egg/docs
copying README -> build/bdist.linux-x86_64/egg/docs
copying LICENSE -> build/bdist.linux-x86_64/egg/docs
creating build/bdist.linux-x86_64/egg/EGG-INFO
copying src/ConcurrentLogHandler.egg-info/PKG-INFO -> build/bdist.linux-x86_64/egg/EGG-INFO
copying src/ConcurrentLogHandler.egg-info/SOURCES.txt -> build/bdist.linux-x86_64/egg/EGG-INFO
copying src/ConcurrentLogHandler.egg-info/dependency_links.txt -> build/bdist.linux-x86_64/egg/EGG-INFO
copying src/ConcurrentLogHandler.egg-info/top_level.txt -> build/bdist.linux-x86_64/egg/EGG-INFO
copying src/ConcurrentLogHandler.egg-info/zip-safe -> build/bdist.linux-x86_64/egg/EGG-INFO
creating dist
creating 'dist/ConcurrentLogHandler-0.9.1-py2.7.egg' and adding 'build/bdist.linux-x86_64/egg' to it
removing 'build/bdist.linux-x86_64/egg' (and everything under it)
Processing ConcurrentLogHandler-0.9.1-py2.7.egg
Copying ConcurrentLogHandler-0.9.1-py2.7.egg to /home/ubuntu/miniconda/envs/_build/lib/python2.7/site-packages
Adding ConcurrentLogHandler 0.9.1 to easy-install.pth file

Installed /home/ubuntu/miniconda/envs/_build/lib/python2.7/site-packages/ConcurrentLogHandler-0.9.1-py2.7.egg
Processing dependencies for ConcurrentLogHandler==0.9.1
Finished processing dependencies for ConcurrentLogHandler==0.9.1

The following NEW packages will be INSTALLED:

    openssl:    1.0.1k-1     
    pip:        7.0.3-py27_0 
    python:     2.7.10-0     
    readline:   6.2-2        
    setuptools: 18.0.1-py27_0
    sqlite:     3.8.4.1-1    
    system:     5.8-2        
    tk:         8.5.18-0     
    zlib:       1.2.8-0      

Linking packages ...
[                    ]|                                                  |   0%[openssl             ]|                                                  |   0%[readline            ]|#####                                             |  11%[sqlite              ]|###########                                       |  22%[system              ]|################                                  |  33%[tk                  ]|######################                            |  44%[zlib                ]|###########################                       |  55%[python              ]|#################################                 |  66%[setuptools          ]|######################################            |  77%[pip                 ]|############################################      |  88%[      COMPLETE      ]|##################################################| 100%
Removing old work directory
Source cache directory is: /home/ubuntu/miniconda/conda-bld/src_cache
Found source in cache: ConcurrentLogHandler-0.9.1.tar.gz
Extracting download
Package: concurrentloghandler-0.9.1-py_0
source tree in: /home/ubuntu/miniconda/conda-bld/work/ConcurrentLogHandler-0.9.1
found egg: /home/ubuntu/miniconda/envs/_build/lib/python2.7/site-packages/ConcurrentLogHandler-0.9.1-py2.7.egg
number of files: 2
Fixing permissions
Fixing permissions
BUILD END: concurrentloghandler-0.9.1-py_0
Nothing to test for: concurrentloghandler-0.9.1-py_0
# If you want to upload this package to binstar.org later, type:
#
# $ binstar upload /home/ubuntu/miniconda/conda-bld/noarch/concurrentloghandler-0.9.1-py_0.tar.bz2
#
# To have conda build upload to binstar automatically, use
# $ conda config --set binstar_upload yes

