Error: prefix already exists: /home/ubuntu/miniconda/envs/_pipbuild_
Collecting configparser==3.5.0b2
  Downloading http://localhost/packages/source/c/configparser/configparser-3.5.0b2.tar.gz
setuptools must be installed to install from a source distribution
Package search: {'_pypi_ordering': False, 'version': '3.5.0b2', 'name': 'configparser', 'summary': 'This library brings the updated configparser from Python 3.5 to Python 2.6-3.5.'}
Creating standard recipe for configparser-3.5.0b2
Using url https://pypi.python.org/packages/source/c/configparser/configparser-3.5.0b2.tar.gz (38 KB) for configparser.
Downloading configparser
Using cached download
Unpacking configparser...
done
working in /tmp/tmpjVgW3Hconda_skeleton_configparser-3.5.0b2.tar.gz
Fetching package metadata: ......

WARNING: conda-build appears to be out of date. You have version 1.13.0 but the
latest version is 1.14.0. Run

conda update -n root conda-build

to get the latest version.

Solving package specifications: .patching file core.py
Hunk #1 succeeded at 168 with fuzz 2 (offset 2 lines).
Traceback (most recent call last):
  File "setup.py", line 13, in <module>
    from setuptools import setup, find_packages
ImportError: No module named setuptools

The following NEW packages will be INSTALLED:

    numpy:  1.9.2-py27_0
    pyyaml: 3.11-py27_1 
    yaml:   0.1.6-0     

Linking packages ...
[                    ]|                                                  |   0%[yaml                ]|                                                  |   0%[numpy               ]|################                                  |  33%[pyyaml              ]|#################################                 |  66%[      COMPLETE      ]|##################################################| 100%
Applying patch: '/tmp/tmpjVgW3Hconda_skeleton_configparser-3.5.0b2.tar.gz/pypi-distutils.patch'
$PYTHONPATH = /tmp/tmpjVgW3Hconda_skeleton_configparser-3.5.0b2.tar.gz/configparser-3.5.0b2
Error: command failed: /home/ubuntu/miniconda/envs/_build/bin/python setup.py install

conda create -n _pipbuild_ --yes python pip
/home/ubuntu/miniconda/envs/_pipbuild_/bin/pip install configparser==3.5.0b2
Error: Could not pip install configparser==3.5.0b2
