Removing old build directory
Removing old work directory
BUILD START: coolprop-5.1.0-py_0
Fetching package metadata: ......

WARNING: conda-build appears to be out of date. You have version 1.13.0 but the
latest version is 1.14.0. Run

conda update -n root conda-build

to get the latest version.

Solving package specifications: .+ pip install CoolProp
Collecting CoolProp
  Downloading http://localhost/packages/source/C/CoolProp/CoolProp-5.1.0.tar.gz (3.6MB)
Installing collected packages: CoolProp
  Running setup.py install for CoolProp
    Complete output from command /home/ubuntu/miniconda/envs/_build/bin/python -c "import setuptools, tokenize;__file__='/tmp/pip-build-Jfar2U/CoolProp/setup.py';exec(compile(getattr(tokenize, 'open', open)(__file__).read().replace('\r\n', '\n'), __file__, 'exec'))" install --record /tmp/pip-HN62SA-record/install-record.txt --single-version-externally-managed --compile:
    Cython will not be used; cy_ext is cpp
    running install
    running build
    running build_py
    creating build
    creating build/lib.linux-x86_64-2.7
    creating build/lib.linux-x86_64-2.7/CoolProp
    copying CoolProp/BibtexParser.py -> build/lib.linux-x86_64-2.7/CoolProp
    copying CoolProp/State.py -> build/lib.linux-x86_64-2.7/CoolProp
    copying CoolProp/HumidAirProp.py -> build/lib.linux-x86_64-2.7/CoolProp
    copying CoolProp/constants.py -> build/lib.linux-x86_64-2.7/CoolProp
    copying CoolProp/__init__.py -> build/lib.linux-x86_64-2.7/CoolProp
    creating build/lib.linux-x86_64-2.7/CoolProp/Plots
    copying CoolProp/Plots/SimpleCycles.py -> build/lib.linux-x86_64-2.7/CoolProp/Plots
    copying CoolProp/Plots/Plots.py -> build/lib.linux-x86_64-2.7/CoolProp/Plots
    copying CoolProp/Plots/psyrc.py -> build/lib.linux-x86_64-2.7/CoolProp/Plots
    copying CoolProp/Plots/psy.py -> build/lib.linux-x86_64-2.7/CoolProp/Plots
    copying CoolProp/Plots/Common.py -> build/lib.linux-x86_64-2.7/CoolProp/Plots
    copying CoolProp/Plots/Tests.py -> build/lib.linux-x86_64-2.7/CoolProp/Plots
    copying CoolProp/Plots/__init__.py -> build/lib.linux-x86_64-2.7/CoolProp/Plots
    copying CoolProp/Plots/ConsistencyPlots.py -> build/lib.linux-x86_64-2.7/CoolProp/Plots
    copying CoolProp/Plots/PsychScript.py -> build/lib.linux-x86_64-2.7/CoolProp/Plots
    copying CoolProp/Plots/PsychChart.py -> build/lib.linux-x86_64-2.7/CoolProp/Plots
    creating build/lib.linux-x86_64-2.7/CoolProp/tests
    copying CoolProp/tests/test_Props.py -> build/lib.linux-x86_64-2.7/CoolProp/tests
    copying CoolProp/tests/test_CoolPropState.py -> build/lib.linux-x86_64-2.7/CoolProp/tests
    copying CoolProp/tests/test_plots.py -> build/lib.linux-x86_64-2.7/CoolProp/tests
    copying CoolProp/tests/__init__.py -> build/lib.linux-x86_64-2.7/CoolProp/tests
    copying CoolProp/tests/runner.py -> build/lib.linux-x86_64-2.7/CoolProp/tests
    creating build/lib.linux-x86_64-2.7/CoolProp/GUI
    copying CoolProp/GUI/__init__.py -> build/lib.linux-x86_64-2.7/CoolProp/GUI
    copying CoolProp/GUI/PsychScript.py -> build/lib.linux-x86_64-2.7/CoolProp/GUI
    copying CoolProp/GUI/CoolPropGUI.py -> build/lib.linux-x86_64-2.7/CoolProp/GUI
    copying CoolProp/constants_header.pxd -> build/lib.linux-x86_64-2.7/CoolProp
    copying CoolProp/State.pxd -> build/lib.linux-x86_64-2.7/CoolProp
    copying CoolProp/CoolProp.pxd -> build/lib.linux-x86_64-2.7/CoolProp
    copying CoolProp/AbstractState.pxd -> build/lib.linux-x86_64-2.7/CoolProp
    copying CoolProp/cAbstractState.pxd -> build/lib.linux-x86_64-2.7/CoolProp
    running build_ext
    building 'CoolProp.CoolProp' extension
    creating build/temp.linux-x86_64-2.7
    creating build/temp.linux-x86_64-2.7/CoolProp
    creating build/temp.linux-x86_64-2.7/src
    creating build/temp.linux-x86_64-2.7/src/Backends
    creating build/temp.linux-x86_64-2.7/src/Backends/Incompressible
    creating build/temp.linux-x86_64-2.7/src/Backends/IF97
    creating build/temp.linux-x86_64-2.7/src/Backends/Helmholtz
    creating build/temp.linux-x86_64-2.7/src/Backends/Helmholtz/Fluids
    creating build/temp.linux-x86_64-2.7/src/Backends/REFPROP
    creating build/temp.linux-x86_64-2.7/src/Backends/Tabular
    creating build/temp.linux-x86_64-2.7/src/Tests
    gcc -pthread -fno-strict-aliasing -g -O2 -DNDEBUG -g -fwrapv -O3 -Wall -Wstrict-prototypes -fPIC -I./include -I./src -I./externals/Eigen -I./externals/REFPROP-headers -I./externals/msgpack-c/include -I./externals/IF97 -I/home/ubuntu/miniconda/envs/_build/include/python2.7 -c CoolProp/CoolProp.cpp -o build/temp.linux-x86_64-2.7/CoolProp/CoolProp.o
    gcc: error trying to exec 'cc1plus': execvp: No such file or directory
    error: command 'gcc' failed with exit status 1
    
    ----------------------------------------
Command "/home/ubuntu/miniconda/envs/_build/bin/python -c "import setuptools, tokenize;__file__='/tmp/pip-build-Jfar2U/CoolProp/setup.py';exec(compile(getattr(tokenize, 'open', open)(__file__).read().replace('\r\n', '\n'), __file__, 'exec'))" install --record /tmp/pip-HN62SA-record/install-record.txt --single-version-externally-managed --compile" failed with error code 1 in /tmp/pip-build-Jfar2U/CoolProp

The following NEW packages will be INSTALLED:

    openssl:    1.0.1k-1     
    pip:        7.0.3-py27_0 
    python:     2.7.10-0     
    readline:   6.2-2        
    setuptools: 18.0.1-py27_0
    sqlite:     3.8.4.1-1    
    system:     5.8-2        
    tk:         8.5.18-0     
    zlib:       1.2.8-0      

Linking packages ...
[                    ]|                                                  |   0%[openssl             ]|                                                  |   0%[readline            ]|#####                                             |  11%[sqlite              ]|###########                                       |  22%[system              ]|################                                  |  33%[tk                  ]|######################                            |  44%[zlib                ]|###########################                       |  55%[python              ]|#################################                 |  66%[setuptools          ]|######################################            |  77%[pip                 ]|############################################      |  88%[      COMPLETE      ]|##################################################| 100%
Removing old work directory
Copying /home/ubuntu/pypi-conda-builds/coolprop to /home/ubuntu/miniconda/conda-bld/work
Package: coolprop-5.1.0-py_0
source tree in: /home/ubuntu/miniconda/conda-bld/work
Command failed: /bin/bash -x -e /home/ubuntu/pypi-conda-builds/coolprop/build.sh
Package search: {'_pypi_ordering': False, 'version': '5.1.0', 'name': 'CoolProp', 'summary': 'Open-source thermodynamic and transport properties database'}
Creating standard recipe for coolprop-5.1.0
Converting recipe in /home/ubuntu/pypi-conda-builds/coolprop
package = CoolProp
   dependencies = []
Building conda package for coolprop
