Removing old build directory
Removing old work directory
BUILD START: coveralls-1.0a2-py_0
Fetching package metadata: ......

WARNING: conda-build appears to be out of date. You have version 1.13.0 but the
latest version is 1.14.1. Run

conda update -n root conda-build

to get the latest version.

Solving package specifications: .................
Warning: 2 possible package resolutions (only showing differing packages):
	[u'docopt-0.6.2-py_0.tar.bz2'],
	[u'docopt-0.6.2-py27_0.tar.bz2'],
/home/ubuntu/miniconda/pkgs/docopt-0.6.2-py_0/bin/.docopt-pre-link.sh: line 2: /home/ubuntu/miniconda/envs/_build/bin/python: No such file or directory

The following packages will be downloaded:

    package                    |            build
    ---------------------------|-----------------
    docopt-0.6.2               |             py_0          25 KB

The following NEW packages will be INSTALLED:

    coverage:   4.0a5-py27_0 
    docopt:     0.6.2-py_0   
    openssl:    1.0.1k-1     
    pip:        7.0.3-py27_0 
    python:     2.7.10-0     
    pyyaml:     3.11-py27_1  
    readline:   6.2-2        
    requests:   2.7.0-py27_0 
    setuptools: 18.0.1-py27_0
    sqlite:     3.8.4.1-1    
    system:     5.8-2        
    tk:         8.5.18-0     
    yaml:       0.1.6-0      
    zlib:       1.2.8-0      

Fetching packages ...
docopt-0.6.2-p   0% |                              | ETA:  --:--:--   0.00  B/sdocopt-0.6.2-p  64% |###################            | ETA:  0:00:00  35.30 MB/sdocopt-0.6.2-p 100% |###############################| ETA:  0:00:00  38.59 MB/sdocopt-0.6.2-p 100% |###############################| Time: 0:00:00  28.20 MB/s
Extracting packages ...
[                    ]|                                                  |   0%[docopt              ]|                                                  |   0%[      COMPLETE      ]|##################################################| 100%
Linking packages ...
[      COMPLETE      ]|                                                  |   0%[openssl             ]|                                                  |   0%[openssl             ]|                                                  |   0%[readline            ]|###                                               |   7%[sqlite              ]|#######                                           |  14%[system              ]|##########                                        |  21%[tk                  ]|##############                                    |  28%[yaml                ]|#################                                 |  35%[zlib                ]|#####################                             |  42%[coverage            ]|#########################                         |  50%[docopt              ]|############################                      |  57%Error: pre-link failed: docopt-0.6.2-py_0
