Error: prefix already exists: /home/ubuntu/miniconda/envs/_pipbuild_
Collecting cpp-coveralls==0.3.9
  Could not find a version that satisfies the requirement cpp-coveralls==0.3.9 (from versions: 0.0.3, 0.0.4, 0.0.5, 0.0.6, 0.0.7, 0.0.8, 0.0.9, 0.1.0, 0.1.1, 0.1.2, 0.1.3, 0.1.4, 0.1.5, 0.1.6, 0.1.7, 0.2.0, 0.2.1, 0.2.2, 0.2.3, 0.2.4, 0.2.5, 0.2.6, 0.2.7, 0.2.8, 0.2.9, 0.3.0, 0.3.1, 0.3.2, 0.3.3, 0.3.4, 0.3.5, 0.3.6, 0.3.7)
No matching distribution found for cpp-coveralls==0.3.9
Package search: {'_pypi_ordering': False, 'version': '0.3.9', 'name': 'cpp-coveralls', 'summary': 'Upload gcov to coveralls.io'}
Creating standard recipe for cpp-coveralls-0.3.9
Using url https://pypi.python.org/packages/source/c/cpp-coveralls/cpp-coveralls-0.3.9.tar.gz (14 KB) for cpp-coveralls.
Downloading cpp-coveralls
Unpacking cpp-coveralls...
done
working in /tmp/tmpgJelweconda_skeleton_cpp-coveralls-0.3.9.tar.gz
Fetching package metadata: ......

WARNING: conda-build appears to be out of date. You have version 1.13.0 but the
latest version is 1.14.0. Run

conda update -n root conda-build

to get the latest version.

Solving package specifications: .patching file core.py
Hunk #1 succeeded at 168 with fuzz 2 (offset 2 lines).
Traceback (most recent call last):
  File "setup.py", line 7, in <module>
    from setuptools import setup, find_packages
ImportError: No module named setuptools

Applying patch: '/tmp/tmpgJelweconda_skeleton_cpp-coveralls-0.3.9.tar.gz/pypi-distutils.patch'
$PYTHONPATH = /tmp/tmpgJelweconda_skeleton_cpp-coveralls-0.3.9.tar.gz/cpp-coveralls-0.3.9
Error: command failed: /home/ubuntu/miniconda/envs/_build/bin/python setup.py install

conda create -n _pipbuild_ --yes python pip
/home/ubuntu/miniconda/envs/_pipbuild_/bin/pip install cpp-coveralls==0.3.9
Error: Could not pip install cpp-coveralls==0.3.9
