Error: prefix already exists: /home/ubuntu/miniconda/envs/_pipbuild_
Collecting croniter==0.3.8
  Could not find a version that satisfies the requirement croniter==0.3.8 (from versions: 0.1.4.macosx-10.5-i386, 0.1.1, 0.1.2, 0.1.3, 0.1.4, 0.1.5, 0.1.6, 0.2.0, 0.2.2, 0.2.4, 0.2.5, 0.2.7, 0.3.0, 0.3.1, 0.3.2, 0.3.3, 0.3.4, 0.3.5)
No matching distribution found for croniter==0.3.8
Package search: {'_pypi_ordering': False, 'version': '0.3.8', 'name': 'croniter', 'summary': 'croniter provides iteration for datetime object with cron like format'}
Creating standard recipe for croniter-0.3.8
Using url https://pypi.python.org/packages/source/c/croniter/croniter-0.3.8.tar.gz (13 KB) for croniter.
Downloading croniter
Unpacking croniter...
done
working in /tmp/tmpujWQtrconda_skeleton_croniter-0.3.8.tar.gz
Fetching package metadata: ......

WARNING: conda-build appears to be out of date. You have version 1.13.0 but the
latest version is 1.14.0. Run

conda update -n root conda-build

to get the latest version.

Solving package specifications: .patching file core.py
Hunk #1 succeeded at 168 with fuzz 2 (offset 2 lines).
Traceback (most recent call last):
  File "setup.py", line 3, in <module>
    from setuptools import setup, find_packages
ImportError: No module named setuptools

Applying patch: '/tmp/tmpujWQtrconda_skeleton_croniter-0.3.8.tar.gz/pypi-distutils.patch'
$PYTHONPATH = /tmp/tmpujWQtrconda_skeleton_croniter-0.3.8.tar.gz/croniter-0.3.8
Error: command failed: /home/ubuntu/miniconda/envs/_build/bin/python setup.py install

conda create -n _pipbuild_ --yes python pip
/home/ubuntu/miniconda/envs/_pipbuild_/bin/pip install croniter==0.3.8
Error: Could not pip install croniter==0.3.8
