ctrax not found, trying Ctrax
Warning, the following versions were found for Ctrax
0.5.5
0.5.3
0.5.0
0.4.2
0.4.1
0.4.0
0.3.16
0.3.15
0.3.14
0.3.13
0.3.12
0.3.11
0.3.10
0.3.9
0.3.8
0.3.7
0.3.6
0.3.5
0.3.4
0.3.3
0.3.2
0.3.1
0.1.5.6
0.1.5.5
0.1.5.4
0.1.5.3
0.1.5.2
0.1.5
0.1.4.1
0.1.4
0.1.3.2
0.1.3.2a
0.1.3.1
0.1.3
0.1.2
0.1
Using 0.5.5
Use --version to specify a different version.
Using url https://pypi.python.org/packages/source/C/Ctrax/Ctrax-0.5.5.tar.gz (503 KB) for Ctrax.
Downloading Ctrax
Using cached download
Unpacking Ctrax...
done
working in /tmp/tmp6aPhcOconda_skeleton_Ctrax-0.5.5.tar.gz
Fetching package metadata: ......

WARNING: conda-build appears to be out of date. You have version 1.13.0 but the
latest version is 1.14.1. Run

conda update -n root conda-build

to get the latest version.

Solving package specifications: .patching file core.py
Hunk #1 succeeded at 168 with fuzz 2 (offset 2 lines).
Traceback (most recent call last):
  File "setup.py", line 4, in <module>
    from Cython.Distutils import build_ext
ImportError: No module named Cython.Distutils

Applying patch: '/tmp/tmp6aPhcOconda_skeleton_Ctrax-0.5.5.tar.gz/pypi-distutils.patch'
$PYTHONPATH = /tmp/tmp6aPhcOconda_skeleton_Ctrax-0.5.5.tar.gz/Ctrax-0.5.5
Error: command failed: /home/ubuntu/miniconda/envs/_build/bin/python setup.py install
