Error: prefix already exists: /home/ubuntu/miniconda/envs/_pipbuild_
Collecting Ctrax==0.5.5
  Downloading http://localhost/packages/source/C/Ctrax/Ctrax-0.5.5.tar.gz (515kB)
setuptools must be installed to install from a source distribution
Package search: {'_pypi_ordering': False, 'version': '0.5.5', 'name': 'Ctrax', 'summary': 'Ctrax: The Caltech Multiple Fly Tracker'}
Creating standard recipe for ctrax-0.5.5
Using url https://pypi.python.org/packages/source/C/Ctrax/Ctrax-0.5.5.tar.gz (503 KB) for Ctrax.
Downloading Ctrax
Using cached download
Unpacking Ctrax...
done
working in /tmp/tmpxMIe7Kconda_skeleton_Ctrax-0.5.5.tar.gz
Fetching package metadata: ......

WARNING: conda-build appears to be out of date. You have version 1.13.0 but the
latest version is 1.14.1. Run

conda update -n root conda-build

to get the latest version.

Solving package specifications: .patching file core.py
Hunk #1 succeeded at 168 with fuzz 2 (offset 2 lines).
Traceback (most recent call last):
  File "setup.py", line 4, in <module>
    from Cython.Distutils import build_ext
ImportError: No module named Cython.Distutils

Applying patch: '/tmp/tmpxMIe7Kconda_skeleton_Ctrax-0.5.5.tar.gz/pypi-distutils.patch'
$PYTHONPATH = /tmp/tmpxMIe7Kconda_skeleton_Ctrax-0.5.5.tar.gz/Ctrax-0.5.5
Error: command failed: /home/ubuntu/miniconda/envs/_build/bin/python setup.py install

conda create -n _pipbuild_ --yes python pip
/home/ubuntu/miniconda/envs/_pipbuild_/bin/pip install Ctrax==0.5.5
Error: Could not pip install Ctrax==0.5.5
