cx_oracle not found, trying cx_Oracle
Warning, the following versions were found for cx_Oracle
5.2
5.1.3
5.1.2
5.1.1
5.1
5.0.4
5.0.3
5.0.2
5.0.1
5.0
4.4.1
4.4
4.3.3
4.3.2
4.3.1
4.3
4.2.1
4.2
4.1.2
4.1
4.0
3.1
Using 5.2
Use --version to specify a different version.
Using url https://pypi.python.org/packages/source/c/cx_Oracle/cx_Oracle-5.2.tar.gz (106 KB) for cx_Oracle.
Downloading cx_Oracle
Using cached download
Unpacking cx_Oracle...
done
working in /tmp/tmpQI7bW2conda_skeleton_cx_Oracle-5.2.tar.gz
Fetching package metadata: ......

WARNING: conda-build appears to be out of date. You have version 1.13.0 but the
latest version is 1.14.1. Run

conda update -n root conda-build

to get the latest version.

Solving package specifications: .patching file core.py
Hunk #1 succeeded at 168 with fuzz 2 (offset 2 lines).
Traceback (most recent call last):
  File "setup.py", line 170, in <module>
    raise DistutilsSetupError("cannot locate an Oracle software " \
distutils.errors.DistutilsSetupError: cannot locate an Oracle software installation

The following NEW packages will be INSTALLED:

    numpy:  1.9.2-py27_0
    pyyaml: 3.11-py27_1 
    yaml:   0.1.6-0     

Linking packages ...
[                    ]|                                                  |   0%[yaml                ]|                                                  |   0%[numpy               ]|################                                  |  33%[pyyaml              ]|#################################                 |  66%[      COMPLETE      ]|##################################################| 100%
Applying patch: '/tmp/tmpQI7bW2conda_skeleton_cx_Oracle-5.2.tar.gz/pypi-distutils.patch'
$PYTHONPATH = /tmp/tmpQI7bW2conda_skeleton_cx_Oracle-5.2.tar.gz/cx_Oracle-5.2
Error: command failed: /home/ubuntu/miniconda/envs/_build/bin/python setup.py install
