Error: prefix already exists: /home/ubuntu/miniconda/envs/_pipbuild_
Collecting cx-Oracle==5.2
  Could not find a version that satisfies the requirement cx-Oracle==5.2 (from versions: 5.1.3)
  Some externally hosted files were ignored as access to them may be unreliable (use --allow-external cx-Oracle to allow).
No matching distribution found for cx-Oracle==5.2
Package search: {'_pypi_ordering': False, 'version': '5.2', 'name': 'cx_Oracle', 'summary': 'Python interface to Oracle'}
Creating standard recipe for cx_oracle-5.2
Using url https://pypi.python.org/packages/source/c/cx_Oracle/cx_Oracle-5.2.tar.gz (106 KB) for cx_Oracle.
Downloading cx_Oracle
Unpacking cx_Oracle...
done
working in /tmp/tmppR6QNdconda_skeleton_cx_Oracle-5.2.tar.gz
Fetching package metadata: ......

WARNING: conda-build appears to be out of date. You have version 1.13.0 but the
latest version is 1.14.0. Run

conda update -n root conda-build

to get the latest version.

Solving package specifications: .patching file core.py
Hunk #1 succeeded at 168 with fuzz 2 (offset 2 lines).
Traceback (most recent call last):
  File "setup.py", line 170, in <module>
    raise DistutilsSetupError("cannot locate an Oracle software " \
distutils.errors.DistutilsSetupError: cannot locate an Oracle software installation

Applying patch: '/tmp/tmppR6QNdconda_skeleton_cx_Oracle-5.2.tar.gz/pypi-distutils.patch'
$PYTHONPATH = /tmp/tmppR6QNdconda_skeleton_cx_Oracle-5.2.tar.gz/cx_Oracle-5.2
Error: command failed: /home/ubuntu/miniconda/envs/_build/bin/python setup.py install

conda create -n _pipbuild_ --yes python pip
/home/ubuntu/miniconda/envs/_pipbuild_/bin/pip install cx_Oracle==5.2
Error: Could not pip install cx_Oracle==5.2
