Removing old build directory
Removing old work directory
BUILD START: setuptools-18.0.1-py27_0
Fetching package metadata: ......

WARNING: conda-build appears to be out of date. You have version 1.13.0 but the
latest version is 1.14.1. Run

conda update -n root conda-build

to get the latest version.

Solving package specifications: .+ pip install setuptools
Requirement already satisfied (use --upgrade to upgrade): setuptools in /home/ubuntu/miniconda/envs/_build/lib/python2.7/site-packages

The following NEW packages will be INSTALLED:

    openssl:    1.0.1k-1     
    pip:        7.0.3-py27_0 
    python:     2.7.10-0     
    readline:   6.2-2        
    setuptools: 18.0.1-py27_0
    sqlite:     3.8.4.1-1    
    system:     5.8-2        
    tk:         8.5.18-0     
    zlib:       1.2.8-0      

Linking packages ...
[                    ]|                                                  |   0%[openssl             ]|                                                  |   0%[readline            ]|#####                                             |  11%[sqlite              ]|###########                                       |  22%[system              ]|################                                  |  33%[tk                  ]|######################                            |  44%[zlib                ]|###########################                       |  55%[python              ]|#################################                 |  66%[setuptools          ]|######################################            |  77%[pip                 ]|############################################      |  88%[      COMPLETE      ]|##################################################| 100%
Removing old work directory
Copying /home/ubuntu/pypi-conda-builds/setuptools to /home/ubuntu/miniconda/conda-bld/work
Package: setuptools-18.0.1-py27_0
source tree in: /home/ubuntu/miniconda/conda-bld/work
number of files: 0
Fixing permissions
Fixing permissions
BUILD END: setuptools-18.0.1-py27_0
# If you want to upload this package to binstar.org later, type:
#
# $ binstar upload /home/ubuntu/miniconda/conda-bld/linux-64/setuptools-18.0.1-py27_0.tar.bz2
#
# To have conda build upload to binstar automatically, use
# $ conda config --set binstar_upload yes

Removing old build directory
Removing old work directory
BUILD START: d2to1-0.2.11-py_0
Fetching package metadata: ......

WARNING: conda-build appears to be out of date. You have version 1.13.0 but the
latest version is 1.14.1. Run

conda update -n root conda-build

to get the latest version.

Solving package specifications: .+ pip install d2to1
Collecting d2to1
  Downloading http://localhost/packages/source/d/d2to1/d2to1-0.2.11.tar.gz
Requirement already satisfied (use --upgrade to upgrade): setuptools in /home/ubuntu/miniconda/envs/_build/lib/python2.7/site-packages (from d2to1)
Installing collected packages: d2to1
  Running setup.py install for d2to1
Successfully installed d2to1-0.2.11

The following NEW packages will be INSTALLED:

    openssl:    1.0.1k-1     
    pip:        7.0.3-py27_0 
    python:     2.7.10-0     
    readline:   6.2-2        
    setuptools: 18.0.1-py27_0
    sqlite:     3.8.4.1-1    
    system:     5.8-2        
    tk:         8.5.18-0     
    zlib:       1.2.8-0      

Linking packages ...
[                    ]|                                                  |   0%[openssl             ]|                                                  |   0%[readline            ]|#####                                             |  11%[sqlite              ]|###########                                       |  22%[system              ]|################                                  |  33%[tk                  ]|######################                            |  44%[zlib                ]|###########################                       |  55%[python              ]|#################################                 |  66%[setuptools          ]|######################################            |  77%[pip                 ]|############################################      |  88%[      COMPLETE      ]|##################################################| 100%
Removing old work directory
Copying /home/ubuntu/pypi-conda-builds/d2to1 to /home/ubuntu/miniconda/conda-bld/work
Package: d2to1-0.2.11-py_0
source tree in: /home/ubuntu/miniconda/conda-bld/work
number of files: 20
Fixing permissions
Fixing permissions
BUILD END: d2to1-0.2.11-py_0
# If you want to upload this package to binstar.org later, type:
#
# $ binstar upload /home/ubuntu/miniconda/conda-bld/noarch/d2to1-0.2.11-py_0.tar.bz2
#
# To have conda build upload to binstar automatically, use
# $ conda config --set binstar_upload yes

Package search: {'_pypi_ordering': False, 'version': '0.2.11', 'name': 'd2to1', 'summary': "Allows using distutils2-like setup.cfg files for a package's metadata with a distribute/setuptools setup.py"}
Creating standard recipe for d2to1-0.2.11
Converting recipe in /home/ubuntu/pypi-conda-builds/d2to1
package = d2to1
   dependencies = [u'setuptools']
Creating standard recipe for setuptools
Converting recipe in /home/ubuntu/pypi-conda-builds/setuptools
package = setuptools
   dependencies = []
Building conda package for setuptools
Building conda package for d2to1
