Error: prefix already exists: /home/ubuntu/miniconda/envs/_pipbuild_
Collecting daemonize==2.3.1
  Downloading http://localhost/packages/source/d/daemonize/daemonize-2.3.1.tar.gz
setuptools must be installed to install from a source distribution
Package search: {'_pypi_ordering': False, 'version': '2.3.1', 'name': 'daemonize', 'summary': 'Library to enable your code run as a daemon process on Unix-like systems.'}
Creating standard recipe for daemonize-2.3.1
Using url https://pypi.python.org/packages/source/d/daemonize/daemonize-2.3.1.tar.gz (5 KB) for daemonize.
Downloading daemonize
Using cached download
Unpacking daemonize...
done
working in /tmp/tmpzeu2_4conda_skeleton_daemonize-2.3.1.tar.gz
Fetching package metadata: ......

WARNING: conda-build appears to be out of date. You have version 1.13.0 but the
latest version is 1.14.0. Run

conda update -n root conda-build

to get the latest version.

Solving package specifications: .patching file core.py
Hunk #1 succeeded at 168 with fuzz 2 (offset 2 lines).
Traceback (most recent call last):
  File "setup.py", line 3, in <module>
    from setuptools import setup, find_packages
ImportError: No module named setuptools

Applying patch: '/tmp/tmpzeu2_4conda_skeleton_daemonize-2.3.1.tar.gz/pypi-distutils.patch'
$PYTHONPATH = /tmp/tmpzeu2_4conda_skeleton_daemonize-2.3.1.tar.gz/daemonize-2.3.1
Error: command failed: /home/ubuntu/miniconda/envs/_build/bin/python setup.py install

conda create -n _pipbuild_ --yes python pip
/home/ubuntu/miniconda/envs/_pipbuild_/bin/pip install daemonize==2.3.1
Error: Could not pip install daemonize==2.3.1
