Error: prefix already exists: /home/ubuntu/miniconda/envs/_pipbuild_
Collecting datadog==0.6.0
  Could not find a version that satisfies the requirement datadog==0.6.0 (from versions: 0.1.1, 0.1.2, 0.2.0, 0.2.2, 0.3.0, 0.4.0)
No matching distribution found for datadog==0.6.0
Package search: {'_pypi_ordering': False, 'version': '0.6.0', 'name': 'datadog', 'summary': 'The Datadog Python library'}
Creating standard recipe for datadog-0.6.0
Using url https://pypi.python.org/packages/source/d/datadog/datadog-0.6.0.tar.gz (33 KB) for datadog.
Downloading datadog
Using cached download
Unpacking datadog...
done
working in /tmp/tmplYB7ELconda_skeleton_datadog-0.6.0.tar.gz
Fetching package metadata: ......

WARNING: conda-build appears to be out of date. You have version 1.13.0 but the
latest version is 1.14.0. Run

conda update -n root conda-build

to get the latest version.

Solving package specifications: .patching file core.py
Hunk #1 succeeded at 168 with fuzz 2 (offset 2 lines).
Traceback (most recent call last):
  File "setup.py", line 1, in <module>
    from setuptools import setup
ImportError: No module named setuptools

Applying patch: '/tmp/tmplYB7ELconda_skeleton_datadog-0.6.0.tar.gz/pypi-distutils.patch'
$PYTHONPATH = /tmp/tmplYB7ELconda_skeleton_datadog-0.6.0.tar.gz/datadog-0.6.0
Error: command failed: /home/ubuntu/miniconda/envs/_build/bin/python setup.py install

conda create -n _pipbuild_ --yes python pip
/home/ubuntu/miniconda/envs/_pipbuild_/bin/pip install datadog==0.6.0
Error: Could not pip install datadog==0.6.0
