datetime not found, trying DateTime
Warning, the following versions were found for DateTime
4.0.1
4.0
3.0.3
3.0.2
3.0.1
3.0
3.0b3
3.0b2
3.0b1
3.0a2
3.0a1
2.12.8
2.12.7
2.12.6
2.12.5
2.12.4
2.12.3
2.12.2
2.12.1
2.12.0
2.11.2
2.11.1
2.11.0b1
Using 4.0.1
Use --version to specify a different version.
Using url https://pypi.python.org/packages/source/D/DateTime/DateTime-4.0.1.zip (64 KB) for DateTime.
Downloading DateTime
Using cached download
Unpacking DateTime...
done
working in /tmp/tmpMqZla3conda_skeleton_DateTime-4.0.1.zip
Fetching package metadata: ......

WARNING: conda-build appears to be out of date. You have version 1.13.0 but the
latest version is 1.14.1. Run

conda update -n root conda-build

to get the latest version.

Solving package specifications: .patching file core.py
Hunk #1 succeeded at 168 with fuzz 2 (offset 2 lines).

Applying patch: '/tmp/tmpMqZla3conda_skeleton_DateTime-4.0.1.zip/pypi-distutils.patch'
Writing recipe for datetime
Done
