Warning, the following versions were found for ddt
1.0.0
0.8.1
0.8.0
0.7.1
0.7.0
0.6.0
0.5.0
0.4.0
0.3.0
0.2.0
0.1.1
0.1.0
Using 1.0.0
Use --version to specify a different version.
Using url https://pypi.python.org/packages/source/d/ddt/ddt-1.0.0.tar.gz (5 KB) for ddt.
Downloading ddt
Using cached download
Unpacking ddt...
done
working in /tmp/tmp1RZ25Sconda_skeleton_ddt-1.0.0.tar.gz
Fetching package metadata: ......

WARNING: conda-build appears to be out of date. You have version 1.13.0 but the
latest version is 1.14.1. Run

conda update -n root conda-build

to get the latest version.

Solving package specifications: .patching file core.py
Hunk #1 succeeded at 168 with fuzz 2 (offset 2 lines).

Applying patch: '/tmp/tmp1RZ25Sconda_skeleton_ddt-1.0.0.tar.gz/pypi-distutils.patch'
Writing recipe for ddt
Done
