Removing old build directory
Removing old work directory
BUILD START: debtcollector-0.5.0-py27_0
Fetching package metadata: ......

WARNING: conda-build appears to be out of date. You have version 1.13.0 but the
latest version is 1.14.1. Run

conda update -n root conda-build

to get the latest version.

Solving package specifications: .+ /home/ubuntu/miniconda/envs/_build/bin/python setup.py install

Installed /home/ubuntu/miniconda/conda-bld/work/debtcollector-0.5.0/.eggs/pbr-1.2.0-py2.7.egg
running install
running build
running build_py
creating build
creating build/lib
creating build/lib/debtcollector
creating build/lib/debtcollector/tests
copying debtcollector/tests/__init__.py -> build/lib/debtcollector/tests
copying debtcollector/tests/test_deprecation.py -> build/lib/debtcollector/tests
copying debtcollector/tests/base.py -> build/lib/debtcollector/tests
copying debtcollector/removals.py -> build/lib/debtcollector
copying debtcollector/__init__.py -> build/lib/debtcollector
copying debtcollector/_utils.py -> build/lib/debtcollector
copying debtcollector/moves.py -> build/lib/debtcollector
copying debtcollector/renames.py -> build/lib/debtcollector
running egg_info
writing requirements to debtcollector.egg-info/requires.txt
writing debtcollector.egg-info/PKG-INFO
writing top-level names to debtcollector.egg-info/top_level.txt
writing dependency_links to debtcollector.egg-info/dependency_links.txt
[pbr] Reusing existing SOURCES.txt
running install_lib
creating /home/ubuntu/miniconda/envs/_build/lib/python2.7/site-packages/debtcollector
copying build/lib/debtcollector/removals.py -> /home/ubuntu/miniconda/envs/_build/lib/python2.7/site-packages/debtcollector
creating /home/ubuntu/miniconda/envs/_build/lib/python2.7/site-packages/debtcollector/tests
copying build/lib/debtcollector/tests/__init__.py -> /home/ubuntu/miniconda/envs/_build/lib/python2.7/site-packages/debtcollector/tests
copying build/lib/debtcollector/tests/test_deprecation.py -> /home/ubuntu/miniconda/envs/_build/lib/python2.7/site-packages/debtcollector/tests
copying build/lib/debtcollector/tests/base.py -> /home/ubuntu/miniconda/envs/_build/lib/python2.7/site-packages/debtcollector/tests
copying build/lib/debtcollector/__init__.py -> /home/ubuntu/miniconda/envs/_build/lib/python2.7/site-packages/debtcollector
copying build/lib/debtcollector/_utils.py -> /home/ubuntu/miniconda/envs/_build/lib/python2.7/site-packages/debtcollector
copying build/lib/debtcollector/moves.py -> /home/ubuntu/miniconda/envs/_build/lib/python2.7/site-packages/debtcollector
copying build/lib/debtcollector/renames.py -> /home/ubuntu/miniconda/envs/_build/lib/python2.7/site-packages/debtcollector
byte-compiling /home/ubuntu/miniconda/envs/_build/lib/python2.7/site-packages/debtcollector/removals.py to removals.pyc
byte-compiling /home/ubuntu/miniconda/envs/_build/lib/python2.7/site-packages/debtcollector/tests/__init__.py to __init__.pyc
byte-compiling /home/ubuntu/miniconda/envs/_build/lib/python2.7/site-packages/debtcollector/tests/test_deprecation.py to test_deprecation.pyc
byte-compiling /home/ubuntu/miniconda/envs/_build/lib/python2.7/site-packages/debtcollector/tests/base.py to base.pyc
byte-compiling /home/ubuntu/miniconda/envs/_build/lib/python2.7/site-packages/debtcollector/__init__.py to __init__.pyc
byte-compiling /home/ubuntu/miniconda/envs/_build/lib/python2.7/site-packages/debtcollector/_utils.py to _utils.pyc
byte-compiling /home/ubuntu/miniconda/envs/_build/lib/python2.7/site-packages/debtcollector/moves.py to moves.pyc
byte-compiling /home/ubuntu/miniconda/envs/_build/lib/python2.7/site-packages/debtcollector/renames.py to renames.pyc
running install_egg_info
Copying debtcollector.egg-info to /home/ubuntu/miniconda/envs/_build/lib/python2.7/site-packages/debtcollector-0.5.0-py2.7.egg-info
running install_scripts

The following NEW packages will be INSTALLED:

    openssl:    1.0.1k-1     
    pip:        7.0.3-py27_0 
    python:     2.7.10-0     
    readline:   6.2-2        
    setuptools: 18.0.1-py27_0
    sqlite:     3.8.4.1-1    
    system:     5.8-2        
    tk:         8.5.18-0     
    zlib:       1.2.8-0      

Linking packages ...
[                    ]|                                                  |   0%[openssl             ]|                                                  |   0%[readline            ]|#####                                             |  11%[sqlite              ]|###########                                       |  22%[system              ]|################                                  |  33%[tk                  ]|######################                            |  44%[zlib                ]|###########################                       |  55%[python              ]|#################################                 |  66%[setuptools          ]|######################################            |  77%[pip                 ]|############################################      |  88%[      COMPLETE      ]|##################################################| 100%
Removing old work directory
Source cache directory is: /home/ubuntu/miniconda/conda-bld/src_cache
Found source in cache: debtcollector-0.5.0.tar.gz
Extracting download
Package: debtcollector-0.5.0-py27_0
source tree in: /home/ubuntu/miniconda/conda-bld/work/debtcollector-0.5.0
number of files: 23
Fixing permissions
Fixing permissions
BUILD END: debtcollector-0.5.0-py27_0
Nothing to test for: debtcollector-0.5.0-py27_0
# If you want to upload this package to binstar.org later, type:
#
# $ binstar upload /home/ubuntu/miniconda/conda-bld/linux-64/debtcollector-0.5.0-py27_0.tar.bz2
#
# To have conda build upload to binstar automatically, use
# $ conda config --set binstar_upload yes

