Error: prefix already exists: /home/ubuntu/miniconda/envs/_pipbuild_
Collecting DeepCL==6.0.0
  Could not find a version that satisfies the requirement DeepCL==6.0.0 (from versions: 0.0.7, 1.0.0, 1.0.1, 1.0.2, 3.2.1, 3.4.1, 3.4.2rc1, 3.5.0rc1, 3.5.0, 4.0.0rc1, 4.0.0rc2, 4.0.0rc3, 4.0.0rc4, 4.0.0rc5, 4.0.0rc10, 4.0.0rc14, 4.0.0rc15, 4.0.0rc16, 4.0.0rc17, 4.0.0rc18, 4.0.0, 5.5.0, 5.7.0, 5.8.0a2)
No matching distribution found for DeepCL==6.0.0
Package search: {'_pypi_ordering': False, 'version': '1.0.2', 'name': 'DeepCL', 'summary': 'python wrapper for DeepCL deep convolutional neural network library for OpenCL'}
Creating standard recipe for deepcl-6.0.0
Using url https://pypi.python.org/packages/source/D/DeepCL/DeepCL-6.0.0.tar.gz (430 KB) for DeepCL.
Downloading DeepCL
Unpacking DeepCL...
done
working in /tmp/tmpcTlQVaconda_skeleton_DeepCL-6.0.0.tar.gz
Fetching package metadata: ......

WARNING: conda-build appears to be out of date. You have version 1.13.0 but the
latest version is 1.14.0. Run

conda update -n root conda-build

to get the latest version.

Solving package specifications: .patching file core.py
Hunk #1 succeeded at 168 with fuzz 2 (offset 2 lines).
Traceback (most recent call last):
  File "setup.py", line 14, in <module>
    from setuptools import setup
ImportError: No module named setuptools

The following NEW packages will be INSTALLED:

    numpy:  1.9.2-py27_0
    pyyaml: 3.11-py27_1 
    yaml:   0.1.6-0     

Linking packages ...
[                    ]|                                                  |   0%[yaml                ]|                                                  |   0%[numpy               ]|################                                  |  33%[pyyaml              ]|#################################                 |  66%[      COMPLETE      ]|##################################################| 100%
Applying patch: '/tmp/tmpcTlQVaconda_skeleton_DeepCL-6.0.0.tar.gz/pypi-distutils.patch'
$PYTHONPATH = /tmp/tmpcTlQVaconda_skeleton_DeepCL-6.0.0.tar.gz/DeepCL-6.0.0
Error: command failed: /home/ubuntu/miniconda/envs/_build/bin/python setup.py install

conda create -n _pipbuild_ --yes python pip
/home/ubuntu/miniconda/envs/_pipbuild_/bin/pip install DeepCL==6.0.0
Error: Could not pip install DeepCL==6.0.0
