Error: prefix already exists: /home/ubuntu/miniconda/envs/_pipbuild_
Collecting diff-match-patch==20121119
  Downloading http://localhost/packages/source/d/diff-match-patch/diff-match-patch-20121119.tar.gz (54kB)
setuptools must be installed to install from a source distribution
Package search: {'_pypi_ordering': False, 'version': '20121119', 'name': 'diff-match-patch', 'summary': 'The Diff Match and Patch libraries offer robust algorithms to perform the operations required for synchronizing plain text.'}
Creating standard recipe for diff-match-patch-20121119
Using url https://pypi.python.org/packages/source/d/diff-match-patch/diff-match-patch-20121119.tar.gz (53 KB) for diff-match-patch.
Downloading diff-match-patch
Using cached download
Unpacking diff-match-patch...
done
working in /tmp/tmpz6yzFBconda_skeleton_diff-match-patch-20121119.tar.gz
Fetching package metadata: ......

WARNING: conda-build appears to be out of date. You have version 1.13.0 but the
latest version is 1.14.0. Run

conda update -n root conda-build

to get the latest version.

Solving package specifications: .patching file core.py
Hunk #1 succeeded at 168 with fuzz 2 (offset 2 lines).
Traceback (most recent call last):
  File "setup.py", line 2, in <module>
    from setuptools import setup, find_packages
ImportError: No module named setuptools

Applying patch: '/tmp/tmpz6yzFBconda_skeleton_diff-match-patch-20121119.tar.gz/pypi-distutils.patch'
$PYTHONPATH = /tmp/tmpz6yzFBconda_skeleton_diff-match-patch-20121119.tar.gz/diff-match-patch-20121119
Error: command failed: /home/ubuntu/miniconda/envs/_build/bin/python setup.py install

conda create -n _pipbuild_ --yes python pip
/home/ubuntu/miniconda/envs/_pipbuild_/bin/pip install diff-match-patch==20121119
Error: Could not pip install diff-match-patch==20121119
