Error: prefix already exists: /home/ubuntu/miniconda/envs/_pipbuild_
Collecting diskimage-builder==0.1.47
  Could not find a version that satisfies the requirement diskimage-builder==0.1.47 (from versions: 0.0.1, 0.0.2, 0.0.3, 0.0.4, 0.0.5, 0.0.6, 0.0.7, 0.0.8, 0.0.9, 0.0.10, 0.0.11, 0.1.0, 0.1.1, 0.1.2, 0.1.3, 0.1.4, 0.1.5, 0.1.6, 0.1.7, 0.1.8, 0.1.9, 0.1.10, 0.1.11, 0.1.12, 0.1.13, 0.1.14, 0.1.15, 0.1.16, 0.1.17, 0.1.18, 0.1.19, 0.1.20, 0.1.21, 0.1.22, 0.1.23, 0.1.24, 0.1.25, 0.1.26, 0.1.27, 0.1.28, 0.1.29, 0.1.30, 0.1.31, 0.1.32, 0.1.33, 0.1.34, 0.1.35, 0.1.36, 0.1.37, 0.1.38, 0.1.39, 0.1.40, 0.1.41, 0.1.42, 0.1.43, 0.1.44, 0.1.45)
No matching distribution found for diskimage-builder==0.1.47
Package search: {'_pypi_ordering': False, 'version': '0.1.47', 'name': 'diskimage-builder', 'summary': 'Golden Disk Image builder.'}
Creating standard recipe for diskimage-builder-0.1.47
Using url https://pypi.python.org/packages/source/d/diskimage-builder/diskimage-builder-0.1.47.tar.gz (194 KB) for diskimage-builder.
Downloading diskimage-builder
Unpacking diskimage-builder...
done
working in /tmp/tmpgUFNWIconda_skeleton_diskimage-builder-0.1.47.tar.gz
Fetching package metadata: ......

WARNING: conda-build appears to be out of date. You have version 1.13.0 but the
latest version is 1.14.0. Run

conda update -n root conda-build

to get the latest version.

Solving package specifications: .patching file core.py
Hunk #1 succeeded at 168 with fuzz 2 (offset 2 lines).
Traceback (most recent call last):
  File "setup.py", line 17, in <module>
    import setuptools
ImportError: No module named setuptools

Applying patch: '/tmp/tmpgUFNWIconda_skeleton_diskimage-builder-0.1.47.tar.gz/pypi-distutils.patch'
$PYTHONPATH = /tmp/tmpgUFNWIconda_skeleton_diskimage-builder-0.1.47.tar.gz/diskimage-builder-0.1.47
Error: command failed: /home/ubuntu/miniconda/envs/_build/bin/python setup.py install

conda create -n _pipbuild_ --yes python pip
/home/ubuntu/miniconda/envs/_pipbuild_/bin/pip install diskimage-builder==0.1.47
Error: Could not pip install diskimage-builder==0.1.47
