Removing old build directory
Removing old work directory
BUILD START: dj-static-0.0.6-py_0
Fetching package metadata: ......

WARNING: conda-build appears to be out of date. You have version 1.13.0 but the
latest version is 1.14.1. Run

conda update -n root conda-build

to get the latest version.

Solving package specifications: .+ /home/ubuntu/miniconda/envs/_build/bin/python setup.py install
running install
running bdist_egg
running egg_info
writing requirements to dj_static.egg-info/requires.txt
writing dj_static.egg-info/PKG-INFO
writing top-level names to dj_static.egg-info/top_level.txt
writing dependency_links to dj_static.egg-info/dependency_links.txt
reading manifest file 'dj_static.egg-info/SOURCES.txt'
writing manifest file 'dj_static.egg-info/SOURCES.txt'
installing library code to build/bdist.linux-x86_64/egg
running install_lib
running build_py
creating build
creating build/lib
copying dj_static.py -> build/lib
creating build/bdist.linux-x86_64
creating build/bdist.linux-x86_64/egg
copying build/lib/dj_static.py -> build/bdist.linux-x86_64/egg
byte-compiling build/bdist.linux-x86_64/egg/dj_static.py to dj_static.pyc
creating build/bdist.linux-x86_64/egg/EGG-INFO
copying dj_static.egg-info/PKG-INFO -> build/bdist.linux-x86_64/egg/EGG-INFO
copying dj_static.egg-info/SOURCES.txt -> build/bdist.linux-x86_64/egg/EGG-INFO
copying dj_static.egg-info/dependency_links.txt -> build/bdist.linux-x86_64/egg/EGG-INFO
copying dj_static.egg-info/not-zip-safe -> build/bdist.linux-x86_64/egg/EGG-INFO
copying dj_static.egg-info/requires.txt -> build/bdist.linux-x86_64/egg/EGG-INFO
copying dj_static.egg-info/top_level.txt -> build/bdist.linux-x86_64/egg/EGG-INFO
creating dist
creating 'dist/dj_static-0.0.6-py2.7.egg' and adding 'build/bdist.linux-x86_64/egg' to it
removing 'build/bdist.linux-x86_64/egg' (and everything under it)
Processing dj_static-0.0.6-py2.7.egg
creating /home/ubuntu/miniconda/envs/_build/lib/python2.7/site-packages/dj_static-0.0.6-py2.7.egg
Extracting dj_static-0.0.6-py2.7.egg to /home/ubuntu/miniconda/envs/_build/lib/python2.7/site-packages
Adding dj-static 0.0.6 to easy-install.pth file

Installed /home/ubuntu/miniconda/envs/_build/lib/python2.7/site-packages/dj_static-0.0.6-py2.7.egg
Processing dependencies for dj-static==0.0.6
Searching for static3==0.6.0
Best match: static3 0.6.0
Adding static3 0.6.0 to easy-install.pth file
Installing static script to /home/ubuntu/miniconda/envs/_build/bin

Using /home/ubuntu/miniconda/envs/_build/lib/python2.7/site-packages
Finished processing dependencies for dj-static==0.0.6

The following NEW packages will be INSTALLED:

    openssl:    1.0.1k-1     
    pip:        7.0.3-py27_0 
    python:     2.7.10-0     
    readline:   6.2-2        
    setuptools: 18.0.1-py27_0
    sqlite:     3.8.4.1-1    
    static3:    0.6.1-py27_0 
    system:     5.8-2        
    tk:         8.5.18-0     
    zlib:       1.2.8-0      

Linking packages ...
[                    ]|                                                  |   0%[openssl             ]|                                                  |   0%[readline            ]|#####                                             |  10%[sqlite              ]|##########                                        |  20%[system              ]|###############                                   |  30%[tk                  ]|####################                              |  40%[zlib                ]|#########################                         |  50%[python              ]|##############################                    |  60%[setuptools          ]|###################################               |  70%[static3             ]|########################################          |  80%[pip                 ]|#############################################     |  90%[      COMPLETE      ]|##################################################| 100%
Removing old work directory
Source cache directory is: /home/ubuntu/miniconda/conda-bld/src_cache
Found source in cache: dj-static-0.0.6.tar.gz
Extracting download
Package: dj-static-0.0.6-py_0
source tree in: /home/ubuntu/miniconda/conda-bld/work/dj-static-0.0.6
found egg dir: /home/ubuntu/miniconda/envs/_build/lib/python2.7/site-packages/dj_static-0.0.6-py2.7.egg
number of files: 3
Fixing permissions
Fixing permissions
BUILD END: dj-static-0.0.6-py_0
Nothing to test for: dj-static-0.0.6-py_0
# If you want to upload this package to binstar.org later, type:
#
# $ binstar upload /home/ubuntu/miniconda/conda-bld/noarch/dj-static-0.0.6-py_0.tar.bz2
#
# To have conda build upload to binstar automatically, use
# $ conda config --set binstar_upload yes

