Error: prefix already exists: /home/ubuntu/miniconda/envs/_pipbuild_
Collecting dj-static==0.0.6
  Downloading http://localhost/packages/source/d/dj-static/dj-static-0.0.6.tar.gz
setuptools must be installed to install from a source distribution
Package search: {'_pypi_ordering': False, 'version': '0.0.6', 'name': 'dj-static', 'summary': 'Serve production static files with Django.'}
Creating standard recipe for dj-static-0.0.6
Using url https://pypi.python.org/packages/source/d/dj-static/dj-static-0.0.6.tar.gz (3 KB) for dj-static.
Downloading dj-static
Using cached download
Unpacking dj-static...
done
working in /tmp/tmpiNiMz_conda_skeleton_dj-static-0.0.6.tar.gz
Fetching package metadata: ......

WARNING: conda-build appears to be out of date. You have version 1.13.0 but the
latest version is 1.14.0. Run

conda update -n root conda-build

to get the latest version.

Solving package specifications: .patching file core.py
Hunk #1 succeeded at 168 with fuzz 2 (offset 2 lines).
Traceback (most recent call last):
  File "setup.py", line 32, in <module>
    from setuptools import setup
ImportError: No module named setuptools

Applying patch: '/tmp/tmpiNiMz_conda_skeleton_dj-static-0.0.6.tar.gz/pypi-distutils.patch'
$PYTHONPATH = /tmp/tmpiNiMz_conda_skeleton_dj-static-0.0.6.tar.gz/dj-static-0.0.6
Error: command failed: /home/ubuntu/miniconda/envs/_build/bin/python setup.py install

conda create -n _pipbuild_ --yes python pip
/home/ubuntu/miniconda/envs/_pipbuild_/bin/pip install dj-static==0.0.6
Error: Could not pip install dj-static==0.0.6
