Error: prefix already exists: /home/ubuntu/miniconda/envs/_pipbuild_
Collecting django-suit==0.3a1
  Downloading http://localhost/packages/source/d/django-suit/django-suit-0.3a1.tar.gz (926kB)
setuptools must be installed to install from a source distribution
Package search: {'_pypi_ordering': False, 'version': '0.2.13', 'name': 'django-suit', 'summary': 'Modern theme for Django admin interface.'}
Creating standard recipe for django-suit-0.3a1
Using url https://pypi.python.org/packages/source/d/django-suit/django-suit-0.3a1.tar.gz (905 KB) for django-suit.
Downloading django-suit
Using cached download
Unpacking django-suit...
done
working in /tmp/tmpPJanlxconda_skeleton_django-suit-0.3a1.tar.gz
Fetching package metadata: ......

WARNING: conda-build appears to be out of date. You have version 1.13.0 but the
latest version is 1.14.0. Run

conda update -n root conda-build

to get the latest version.

Solving package specifications: .patching file core.py
Hunk #1 succeeded at 168 with fuzz 2 (offset 2 lines).
Traceback (most recent call last):
  File "setup.py", line 1, in <module>
    from setuptools import setup
ImportError: No module named setuptools

Applying patch: '/tmp/tmpPJanlxconda_skeleton_django-suit-0.3a1.tar.gz/pypi-distutils.patch'
$PYTHONPATH = /tmp/tmpPJanlxconda_skeleton_django-suit-0.3a1.tar.gz/django-suit-0.3a1
Error: command failed: /home/ubuntu/miniconda/envs/_build/bin/python setup.py install

conda create -n _pipbuild_ --yes python pip
/home/ubuntu/miniconda/envs/_pipbuild_/bin/pip install django-suit==0.3a1
Error: Could not pip install django-suit==0.3a1
