Error: prefix already exists: /home/ubuntu/miniconda/envs/_pipbuild_
Collecting django-autoslug==1.8.0
  Could not find a version that satisfies the requirement django-autoslug==1.8.0 (from versions: 1.0.1.linux-x86_64, 1.0.2.linux-x86_64, 1.0.3.linux-x86_64, 1.3.3.linux-x86_64, 1.0.1, 1.1.0, 1.1.1, 1.1.2, 1.1.3, 1.2.0, 1.2.1, 1.3.0, 1.3.1, 1.3.2, 1.3.3, 1.3.4, 1.3.5, 1.3.6, 1.3.7, 1.3.8, 1.3.9, 1.4.0, 1.4.1, 1.5.0, 1.6.0, 1.6.1, 1.7.0, 1.7.1, 1.7.2)
No matching distribution found for django-autoslug==1.8.0
Package search: {'_pypi_ordering': False, 'version': '1.8.0', 'name': 'django-autoslug', 'summary': 'An automated slug field for Django.'}
Creating standard recipe for django-autoslug-1.8.0
Using url https://pypi.python.org/packages/source/d/django-autoslug/django-autoslug-1.8.0.tar.gz (11 KB) for django-autoslug.
Downloading django-autoslug
Using cached download
Unpacking django-autoslug...
done
working in /tmp/tmpqKt0SLconda_skeleton_django-autoslug-1.8.0.tar.gz
Fetching package metadata: ......

WARNING: conda-build appears to be out of date. You have version 1.13.0 but the
latest version is 1.14.0. Run

conda update -n root conda-build

to get the latest version.

Solving package specifications: .patching file core.py
Hunk #1 succeeded at 168 with fuzz 2 (offset 2 lines).
Traceback (most recent call last):
  File "setup.py", line 14, in <module>
    from setuptools import setup
ImportError: No module named setuptools

Applying patch: '/tmp/tmpqKt0SLconda_skeleton_django-autoslug-1.8.0.tar.gz/pypi-distutils.patch'
$PYTHONPATH = /tmp/tmpqKt0SLconda_skeleton_django-autoslug-1.8.0.tar.gz/django-autoslug-1.8.0
Error: command failed: /home/ubuntu/miniconda/envs/_build/bin/python setup.py install

conda create -n _pipbuild_ --yes python pip
/home/ubuntu/miniconda/envs/_pipbuild_/bin/pip install django-autoslug==1.8.0
Error: Could not pip install django-autoslug==1.8.0
