Removing old build directory
Removing old work directory
BUILD START: django-1.8.2-py27_0
Fetching package metadata: ......

WARNING: conda-build appears to be out of date. You have version 1.13.0 but the
latest version is 1.14.0. Run

conda update -n root conda-build

to get the latest version.

Solving package specifications: .+ pip install django
Collecting django
  Downloading http://localhost/packages/py2.py3/D/Django/Django-1.8.1-py2.py3-none-any.whl (6.2MB)
Installing collected packages: django
Successfully installed django-1.8.1

The following NEW packages will be INSTALLED:

    openssl:    1.0.1k-1     
    pip:        7.0.3-py27_0 
    python:     2.7.10-0     
    readline:   6.2-2        
    setuptools: 18.0.1-py27_0
    sqlite:     3.8.4.1-1    
    system:     5.8-2        
    tk:         8.5.18-0     
    zlib:       1.2.8-0      

Linking packages ...
[                    ]|                                                  |   0%[openssl             ]|                                                  |   0%[readline            ]|#####                                             |  11%[sqlite              ]|###########                                       |  22%[system              ]|################                                  |  33%[tk                  ]|######################                            |  44%[zlib                ]|###########################                       |  55%[python              ]|#################################                 |  66%[setuptools          ]|######################################            |  77%[pip                 ]|############################################      |  88%[      COMPLETE      ]|##################################################| 100%
Removing old work directory
Copying /home/ubuntu/pypi-conda-builds/django to /home/ubuntu/miniconda/conda-bld/work
Package: django-1.8.2-py27_0
source tree in: /home/ubuntu/miniconda/conda-bld/work
number of files: 3908
Fixing permissions
Detected hard-coded path in text file bin/django-admin
Detected hard-coded path in text file bin/django-admin.py
Detected hard-coded path in text file lib/python2.7/site-packages/Django-1.8.1.dist-info/RECORD
Fixing permissions
BUILD END: django-1.8.2-py27_0
# If you want to upload this package to binstar.org later, type:
#
# $ binstar upload /home/ubuntu/miniconda/conda-bld/linux-64/django-1.8.2-py27_0.tar.bz2
#
# To have conda build upload to binstar automatically, use
# $ conda config --set binstar_upload yes

Error: prefix already exists: /home/ubuntu/miniconda/envs/_pipbuild_
Exception:
Traceback (most recent call last):
  File "/home/ubuntu/miniconda/envs/_pipbuild_/lib/python2.7/site-packages/pip/basecommand.py", line 223, in main
    status = self.run(options, args)
  File "/home/ubuntu/miniconda/envs/_pipbuild_/lib/python2.7/site-packages/pip/commands/install.py", line 268, in run
    wheel_cache
  File "/home/ubuntu/miniconda/envs/_pipbuild_/lib/python2.7/site-packages/pip/basecommand.py", line 268, in populate_requirement_set
    wheel_cache=wheel_cache
  File "/home/ubuntu/miniconda/envs/_pipbuild_/lib/python2.7/site-packages/pip/req/req_install.py", line 207, in from_line
    wheel_cache=wheel_cache)
  File "/home/ubuntu/miniconda/envs/_pipbuild_/lib/python2.7/site-packages/pip/req/req_install.py", line 66, in __init__
    req = pkg_resources.Requirement.parse(req)
  File "/home/ubuntu/miniconda/envs/_pipbuild_/lib/python2.7/site-packages/pip/_vendor/pkg_resources/__init__.py", line 2960, in parse
    reqs = list(parse_requirements(s))
  File "/home/ubuntu/miniconda/envs/_pipbuild_/lib/python2.7/site-packages/pip/_vendor/pkg_resources/__init__.py", line 2904, in parse_requirements
    "version spec")
  File "/home/ubuntu/miniconda/envs/_pipbuild_/lib/python2.7/site-packages/pip/_vendor/pkg_resources/__init__.py", line 2869, in scan_list
    raise ValueError(msg, line, "at", line[p:])
ValueError: ('Expected version spec in', 'python-ldap==>=2.0', 'at', '==>=2.0')

Package search: {'_pypi_ordering': False, 'version': '1.0.19', 'name': 'django-auth-ldap', 'summary': 'Django LDAP authentication backend'}
Creating standard recipe for django-auth-ldap-1.2.6
Converting recipe in /home/ubuntu/pypi-conda-builds/django-auth-ldap
package = django-auth-ldap
   dependencies = [u'django', u'python-ldap >=2.0']
Creating standard recipe for django
Converting recipe in /home/ubuntu/pypi-conda-builds/django
package = django
   dependencies = []
Building conda package for django
Creating standard recipe for python-ldap->=2.0
Error: Version >=2.0 of python-ldap is not available on PyPI.

conda create -n _pipbuild_ --yes python pip
/home/ubuntu/miniconda/envs/_pipbuild_/bin/pip install python-ldap==>=2.0
Error: Could not pip install python-ldap==>=2.0
