Error: prefix already exists: /home/ubuntu/miniconda/envs/_pipbuild_
Collecting Django==1.8.2
  Could not find a version that satisfies the requirement Django==1.8.2 (from versions: 1.1.3, 1.1.4, 1.2, 1.2.1, 1.2.2, 1.2.3, 1.2.4, 1.2.5, 1.2.6, 1.2.7, 1.3, 1.3.1, 1.3.2, 1.3.3, 1.3.4, 1.3.5, 1.3.6, 1.3.7, 1.4, 1.4.1, 1.4.2, 1.4.3, 1.4.4, 1.4.5, 1.4.6, 1.4.7, 1.4.8, 1.4.9, 1.4.10, 1.4.11, 1.4.12, 1.4.13, 1.4.14, 1.4.15, 1.4.16, 1.4.17, 1.4.18, 1.4.19, 1.4.20, 1.5, 1.5.1, 1.5.2, 1.5.3, 1.5.4, 1.5.5, 1.5.6, 1.5.7, 1.5.8, 1.5.9, 1.5.10, 1.5.11, 1.5.12, 1.6, 1.6.1, 1.6.2, 1.6.3, 1.6.4, 1.6.5, 1.6.6, 1.6.7, 1.6.8, 1.6.9, 1.6.10, 1.6.11, 1.7, 1.7.1, 1.7.2, 1.7.3, 1.7.4, 1.7.5, 1.7.6, 1.7.7, 1.7.8, 1.8a1, 1.8b1, 1.8b2, 1.8rc1, 1.8, 1.8.1)
No matching distribution found for Django==1.8.2
Creating standard recipe for django-1.8.2
Using url https://pypi.python.org/packages/source/D/Django/Django-1.8.2.tar.gz (6.9 MB) for Django.
Downloading Django
Using cached download
Unpacking Django...
done
working in /tmp/tmpdivENAconda_skeleton_Django-1.8.2.tar.gz
Fetching package metadata: ......

WARNING: conda-build appears to be out of date. You have version 1.13.0 but the
latest version is 1.14.0. Run

conda update -n root conda-build

to get the latest version.

Solving package specifications: .patching file core.py
Hunk #1 succeeded at 168 with fuzz 2 (offset 2 lines).
Traceback (most recent call last):
  File "setup.py", line 5, in <module>
    from setuptools import find_packages, setup
ImportError: No module named setuptools

Applying patch: '/tmp/tmpdivENAconda_skeleton_Django-1.8.2.tar.gz/pypi-distutils.patch'
$PYTHONPATH = /tmp/tmpdivENAconda_skeleton_Django-1.8.2.tar.gz/Django-1.8.2
Error: command failed: /home/ubuntu/miniconda/envs/_build/bin/python setup.py install

conda create -n _pipbuild_ --yes python pip
/home/ubuntu/miniconda/envs/_pipbuild_/bin/pip install Django==1.8.2
Error: Could not pip install Django==1.8.2
