Warning, the following versions were found for django-grappelli
2.6.5
2.6.4
2.6.3
2.6.2
2.6.1
2.5.7
2.5.6
2.5.5
2.5.4
2.5.3
2.5.2
2.5.1
2.5.0
2.4.12
2.4.11
2.4.10
2.4.9
2.4.8
2.4.7
2.4.6
2.4.5
2.4.4
2.4.3
2.4.2
2.4.1
2.4.0
2.3.9
2.3.8
2.3.7
2.3.6
2.3.5
2.3.4
2.3.3
2.3.2
2.3.1
2.3
2.2
2.1.1
2.1
1.3
Using 2.6.5
Use --version to specify a different version.
Using url https://pypi.python.org/packages/source/d/django-grappelli/django-grappelli-2.6.5.tar.gz (1.5 MB) for django-grappelli.
Downloading django-grappelli
Using cached download
Unpacking django-grappelli...
done
working in /tmp/tmpDbpDYdconda_skeleton_django-grappelli-2.6.5.tar.gz
Fetching package metadata: ......

WARNING: conda-build appears to be out of date. You have version 1.13.0 but the
latest version is 1.14.1. Run

conda update -n root conda-build

to get the latest version.

Solving package specifications: .patching file core.py
Hunk #1 succeeded at 168 with fuzz 2 (offset 2 lines).

The following NEW packages will be INSTALLED:

    numpy:      1.9.2-py27_0 
    pip:        7.0.3-py27_0 
    python:     2.7.10-0     
    pyyaml:     3.11-py27_1  
    setuptools: 18.0.1-py27_0
    yaml:       0.1.6-0      

Linking packages ...
[                    ]|                                                  |   0%[yaml                ]|                                                  |   0%[numpy               ]|########                                          |  16%[python              ]|################                                  |  33%[pyyaml              ]|#########################                         |  50%[setuptools          ]|#################################                 |  66%[pip                 ]|#########################################         |  83%[      COMPLETE      ]|##################################################| 100%
Applying patch: '/tmp/tmpDbpDYdconda_skeleton_django-grappelli-2.6.5.tar.gz/pypi-distutils.patch'
Writing recipe for django-grappelli
Done
