Error: prefix already exists: /home/ubuntu/miniconda/envs/_pipbuild_
Collecting django-grappelli==2.6.5
  Could not find a version that satisfies the requirement django-grappelli==2.6.5 (from versions: 1.3, 2.1, 2.1.1, 2.2, 2.3, 2.3.1, 2.3.2, 2.3.3, 2.3.4, 2.3.5, 2.3.6, 2.3.7, 2.3.8, 2.3.9, 2.4.0, 2.4.1, 2.4.2, 2.4.3, 2.4.4, 2.4.5, 2.4.6, 2.4.7, 2.4.8, 2.4.9, 2.4.10, 2.4.11, 2.4.12, 2.5.0, 2.5.1, 2.5.2, 2.5.3, 2.5.4, 2.5.5, 2.5.6, 2.5.7, 2.6.1, 2.6.2, 2.6.3, 2.6.4)
No matching distribution found for django-grappelli==2.6.5
Package search: {'_pypi_ordering': False, 'version': '2.4.12', 'name': 'django-grappelli', 'summary': 'A jazzy skin for the Django Admin-Interface.'}
Creating standard recipe for django-grappelli-2.6.5
Using url https://pypi.python.org/packages/source/d/django-grappelli/django-grappelli-2.6.5.tar.gz (1.5 MB) for django-grappelli.
Downloading django-grappelli
Using cached download
Unpacking django-grappelli...
done
working in /tmp/tmpusiwt1conda_skeleton_django-grappelli-2.6.5.tar.gz
Fetching package metadata: ......

WARNING: conda-build appears to be out of date. You have version 1.13.0 but the
latest version is 1.14.0. Run

conda update -n root conda-build

to get the latest version.

Solving package specifications: .patching file core.py
Hunk #1 succeeded at 168 with fuzz 2 (offset 2 lines).
Traceback (most recent call last):
  File "setup.py", line 2, in <module>
    from setuptools import setup, find_packages
ImportError: No module named setuptools

Applying patch: '/tmp/tmpusiwt1conda_skeleton_django-grappelli-2.6.5.tar.gz/pypi-distutils.patch'
$PYTHONPATH = /tmp/tmpusiwt1conda_skeleton_django-grappelli-2.6.5.tar.gz/django-grappelli-2.6.5
Error: command failed: /home/ubuntu/miniconda/envs/_build/bin/python setup.py install

conda create -n _pipbuild_ --yes python pip
/home/ubuntu/miniconda/envs/_pipbuild_/bin/pip install django-grappelli==2.6.5
Error: Could not pip install django-grappelli==2.6.5
