Removing old build directory
Removing old work directory
BUILD START: django-bootstrap-toolkit-2.15.0-py_0
Fetching package metadata: ......

WARNING: conda-build appears to be out of date. You have version 1.13.0 but the
latest version is 1.14.1. Run

conda update -n root conda-build

to get the latest version.

Solving package specifications: .+ pip install django-bootstrap-toolkit
Collecting django-bootstrap-toolkit
  Downloading http://localhost/packages/source/d/django-bootstrap-toolkit/django-bootstrap-toolkit-2.15.0.tar.gz
Installing collected packages: django-bootstrap-toolkit
  Running setup.py install for django-bootstrap-toolkit
Successfully installed django-bootstrap-toolkit-2.15.0

The following NEW packages will be INSTALLED:

    openssl:    1.0.1k-1     
    pip:        7.0.3-py27_0 
    python:     2.7.10-0     
    readline:   6.2-2        
    setuptools: 18.0.1-py27_0
    sqlite:     3.8.4.1-1    
    system:     5.8-2        
    tk:         8.5.18-0     
    zlib:       1.2.8-0      

Linking packages ...
[                    ]|                                                  |   0%[openssl             ]|                                                  |   0%[readline            ]|#####                                             |  11%[sqlite              ]|###########                                       |  22%[system              ]|################                                  |  33%[tk                  ]|######################                            |  44%[zlib                ]|###########################                       |  55%[python              ]|#################################                 |  66%[setuptools          ]|######################################            |  77%[pip                 ]|############################################      |  88%[      COMPLETE      ]|##################################################| 100%
Removing old work directory
Copying /home/ubuntu/pypi-conda-builds/django-bootstrap-toolkit to /home/ubuntu/miniconda/conda-bld/work
Package: django-bootstrap-toolkit-2.15.0-py_0
source tree in: /home/ubuntu/miniconda/conda-bld/work
number of files: 83
Fixing permissions
Fixing permissions
BUILD END: django-bootstrap-toolkit-2.15.0-py_0
# If you want to upload this package to binstar.org later, type:
#
# $ binstar upload /home/ubuntu/miniconda/conda-bld/noarch/django-bootstrap-toolkit-2.15.0-py_0.tar.bz2
#
# To have conda build upload to binstar automatically, use
# $ conda config --set binstar_upload yes

Package search: {'_pypi_ordering': False, 'version': '2.15.0', 'name': 'django-bootstrap-toolkit', 'summary': 'Bootstrap support for Django projects'}
Creating standard recipe for django-bootstrap-toolkit-2.15.0
Converting recipe in /home/ubuntu/pypi-conda-builds/django-bootstrap-toolkit
package = django-bootstrap-toolkit
   dependencies = []
Building conda package for django-bootstrap-toolkit
