Error: prefix already exists: /home/ubuntu/miniconda/envs/_pipbuild_
Collecting django-treebeard==3.0
  Downloading http://localhost/packages/source/d/django-treebeard/django-treebeard-3.0.tar.gz (93kB)
setuptools must be installed to install from a source distribution
Package search: {'_pypi_ordering': False, 'version': '3.0', 'name': 'django-treebeard', 'summary': 'Efficient tree implementations for Django 1.6+'}
Creating standard recipe for django-treebeard-3.0
Using url https://pypi.python.org/packages/source/d/django-treebeard/django-treebeard-3.0.tar.gz (91 KB) for django-treebeard.
Downloading django-treebeard
Using cached download
Unpacking django-treebeard...
done
working in /tmp/tmpqPwfO9conda_skeleton_django-treebeard-3.0.tar.gz
Fetching package metadata: ......

WARNING: conda-build appears to be out of date. You have version 1.13.0 but the
latest version is 1.14.0. Run

conda update -n root conda-build

to get the latest version.

Solving package specifications: .patching file core.py
Hunk #1 succeeded at 168 with fuzz 2 (offset 2 lines).
Traceback (most recent call last):
  File "setup.py", line 4, in <module>
    from setuptools import setup
ImportError: No module named setuptools

Applying patch: '/tmp/tmpqPwfO9conda_skeleton_django-treebeard-3.0.tar.gz/pypi-distutils.patch'
$PYTHONPATH = /tmp/tmpqPwfO9conda_skeleton_django-treebeard-3.0.tar.gz/django-treebeard-3.0
Error: command failed: /home/ubuntu/miniconda/envs/_build/bin/python setup.py install

conda create -n _pipbuild_ --yes python pip
/home/ubuntu/miniconda/envs/_pipbuild_/bin/pip install django-treebeard==3.0
Error: Could not pip install django-treebeard==3.0
