Warning, the following versions were found for django-bootstrap-toolkit
2.15.0
2.14.0
2.13.4
2.13.3
2.13.2
2.13.1
2.13.0
2.12.1
2.12.0
2.11.7
2.11.6
2.11.5
2.11.4
2.11.2
2.11.1
2.11.0
2.10.7
2.10.6
2.10.5
2.10.4
2.10.1
2.10.0
2.9.1
2.9.0
2.8.0
2.7.1
2.7.0
2.6.24
2.6.23
2.6.22
2.6.21
2.6.20
2.6.19
2.6.18
2.6.17
2.6.16
2.6.15
2.6.14
2.5.12
2.5.11
2.5.10
2.5.9
2.5.8
2.5.7
2.5.6
2.5.5
2.5.4
2.5.3
2.5.2
2.5.1
2.5.0
2.4.0
2.3.7
2.3.6
2.3.5
2.3.4
2.3.3
2.3.2
2.3.1
2.2.1
2.2.0
2.1.0
2.0.2
2.0.1
2.0.0
1.0.8
1.0.7
1.0.6
1.0.5
1.0.4
1.0.3
Using 2.15.0
Use --version to specify a different version.
Using url https://pypi.python.org/packages/source/d/django-bootstrap-toolkit/django-bootstrap-toolkit-2.15.0.tar.gz (29 KB) for django-bootstrap-toolkit.
Downloading django-bootstrap-toolkit
Using cached download
Unpacking django-bootstrap-toolkit...
done
working in /tmp/tmpyl377tconda_skeleton_django-bootstrap-toolkit-2.15.0.tar.gz
Fetching package metadata: ......

WARNING: conda-build appears to be out of date. You have version 1.13.0 but the
latest version is 1.14.1. Run

conda update -n root conda-build

to get the latest version.

Solving package specifications: .patching file core.py
Hunk #1 succeeded at 168 with fuzz 2 (offset 2 lines).

The following NEW packages will be INSTALLED:

    numpy:  1.9.2-py27_0
    pyyaml: 3.11-py27_1 
    yaml:   0.1.6-0     

Linking packages ...
[                    ]|                                                  |   0%[yaml                ]|                                                  |   0%[numpy               ]|################                                  |  33%[pyyaml              ]|#################################                 |  66%[      COMPLETE      ]|##################################################| 100%
Applying patch: '/tmp/tmpyl377tconda_skeleton_django-bootstrap-toolkit-2.15.0.tar.gz/pypi-distutils.patch'
Writing recipe for django-bootstrap-toolkit
Done
