Error: prefix already exists: /home/ubuntu/miniconda/envs/_pipbuild_
Exception:
Traceback (most recent call last):
  File "/home/ubuntu/miniconda/envs/_pipbuild_/lib/python2.7/site-packages/pip/basecommand.py", line 223, in main
    status = self.run(options, args)
  File "/home/ubuntu/miniconda/envs/_pipbuild_/lib/python2.7/site-packages/pip/commands/install.py", line 268, in run
    wheel_cache
  File "/home/ubuntu/miniconda/envs/_pipbuild_/lib/python2.7/site-packages/pip/basecommand.py", line 268, in populate_requirement_set
    wheel_cache=wheel_cache
  File "/home/ubuntu/miniconda/envs/_pipbuild_/lib/python2.7/site-packages/pip/req/req_install.py", line 207, in from_line
    wheel_cache=wheel_cache)
  File "/home/ubuntu/miniconda/envs/_pipbuild_/lib/python2.7/site-packages/pip/req/req_install.py", line 66, in __init__
    req = pkg_resources.Requirement.parse(req)
  File "/home/ubuntu/miniconda/envs/_pipbuild_/lib/python2.7/site-packages/pip/_vendor/pkg_resources/__init__.py", line 2960, in parse
    reqs = list(parse_requirements(s))
  File "/home/ubuntu/miniconda/envs/_pipbuild_/lib/python2.7/site-packages/pip/_vendor/pkg_resources/__init__.py", line 2904, in parse_requirements
    "version spec")
  File "/home/ubuntu/miniconda/envs/_pipbuild_/lib/python2.7/site-packages/pip/_vendor/pkg_resources/__init__.py", line 2869, in scan_list
    raise ValueError(msg, line, "at", line[p:])
ValueError: ('Expected version spec in', 'django==>=1.7.8,<1.9', 'at', '==>=1.7.8,<1.9')

Package search: {'_pypi_ordering': False, 'version': '0.6.5', 'name': 'django-oscar', 'summary': 'A domain-driven e-commerce framework for Django'}
Creating standard recipe for django-oscar-1.1
Converting recipe in /home/ubuntu/pypi-conda-builds/django-oscar
package = django-oscar
   dependencies = [u'django >=1.7.8,<1.9', u'pillow >=1.7.8,<=2.7', u'django-extra-views >=0.2,<0.6.5', u'django-haystack >=2.3.1,<2.4.0', u'django-treebeard >=3.0', u'sorl-thumbnail >=11.12.1b,<=12.2', u'babel >=1.0,<1.4', u'django-compressor >=1.4', u'unidecode >=0.04.12,<0.05', u'purl >=0.7', u'phonenumbers >=6.3.0,<7.0.0', u'mock >=1.0.1,<1.1', u'factory-boy >=2.4.1,<2.5', u'django-tables2 >=1.0.4,<1.1', u'django-widget-tweaks >=1.3,<1.4']
Creating standard recipe for django->=1.7.8,<1.9
Error: Version >=1.7.8,<1.9 of django is not available on PyPI.

conda create -n _pipbuild_ --yes python pip
/home/ubuntu/miniconda/envs/_pipbuild_/bin/pip install django==>=1.7.8,<1.9
Error: Could not pip install django==>=1.7.8,<1.9
