Error: prefix already exists: /home/ubuntu/miniconda/envs/_pipbuild_
Collecting django-haystack==2.4.0
  Could not find a version that satisfies the requirement django-haystack==2.4.0 (from versions: 1.0.0-final, 1.0.1-final, 1.0.2-final, 1.0.0rc1, 1.1.0, 1.2.0, 1.2.1, 1.2.2, 1.2.3, 1.2.4, 1.2.5, 1.2.6, 1.2.7, 2.0.0, 2.1.0, 2.2.0, 2.2.1, 2.3.0, 2.3.1)
No matching distribution found for django-haystack==2.4.0
Package search: {'_pypi_ordering': False, 'version': '1.0.0-final', 'name': 'django-haystack', 'summary': 'Pluggable search for Django.'}
Creating standard recipe for django-haystack-2.4.0
Using url https://pypi.python.org/packages/source/d/django-haystack/django-haystack-2.4.0.tar.gz (157 KB) for django-haystack.
Downloading django-haystack
Using cached download
Unpacking django-haystack...
done
working in /tmp/tmp9nkOaxconda_skeleton_django-haystack-2.4.0.tar.gz
Fetching package metadata: ......

WARNING: conda-build appears to be out of date. You have version 1.13.0 but the
latest version is 1.14.0. Run

conda update -n root conda-build

to get the latest version.

Solving package specifications: .patching file core.py
Hunk #1 succeeded at 168 with fuzz 2 (offset 2 lines).
Traceback (most recent call last):
  File "setup.py", line 10, in <module>
    from ez_setup import use_setuptools
ImportError: No module named ez_setup

The following NEW packages will be INSTALLED:

    numpy:  1.9.2-py27_0
    pyyaml: 3.11-py27_1 
    yaml:   0.1.6-0     

Linking packages ...
[                    ]|                                                  |   0%[yaml                ]|                                                  |   0%[numpy               ]|################                                  |  33%[pyyaml              ]|#################################                 |  66%[      COMPLETE      ]|##################################################| 100%
Applying patch: '/tmp/tmp9nkOaxconda_skeleton_django-haystack-2.4.0.tar.gz/pypi-distutils.patch'
$PYTHONPATH = /tmp/tmp9nkOaxconda_skeleton_django-haystack-2.4.0.tar.gz/django-haystack-2.4.0
Error: command failed: /home/ubuntu/miniconda/envs/_build/bin/python setup.py install

conda create -n _pipbuild_ --yes python pip
/home/ubuntu/miniconda/envs/_pipbuild_/bin/pip install django-haystack==2.4.0
Error: Could not pip install django-haystack==2.4.0
