Error: prefix already exists: /home/ubuntu/miniconda/envs/_pipbuild_
Collecting django-jsonfield==0.9.13
  Downloading http://localhost/packages/source/d/django-jsonfield/django-jsonfield-0.9.13.tar.gz
setuptools must be installed to install from a source distribution
Package search: {'_pypi_ordering': False, 'version': '0.9.13', 'name': 'django-jsonfield', 'summary': 'JSONField for django models'}
Creating standard recipe for django-jsonfield-0.9.13
Using url https://pypi.python.org/packages/source/d/django-jsonfield/django-jsonfield-0.9.13.tar.gz (11 KB) for django-jsonfield.
Downloading django-jsonfield
Using cached download
Unpacking django-jsonfield...
done
working in /tmp/tmpPtwHXQconda_skeleton_django-jsonfield-0.9.13.tar.gz
Fetching package metadata: ......

WARNING: conda-build appears to be out of date. You have version 1.13.0 but the
latest version is 1.14.0. Run

conda update -n root conda-build

to get the latest version.

Solving package specifications: .patching file core.py
Hunk #1 succeeded at 168 with fuzz 2 (offset 2 lines).
Traceback (most recent call last):
  File "setup.py", line 2, in <module>
    from setuptools import setup
ImportError: No module named setuptools

Applying patch: '/tmp/tmpPtwHXQconda_skeleton_django-jsonfield-0.9.13.tar.gz/pypi-distutils.patch'
$PYTHONPATH = /tmp/tmpPtwHXQconda_skeleton_django-jsonfield-0.9.13.tar.gz/django-jsonfield-0.9.13
Error: command failed: /home/ubuntu/miniconda/envs/_build/bin/python setup.py install

conda create -n _pipbuild_ --yes python pip
/home/ubuntu/miniconda/envs/_pipbuild_/bin/pip install django-jsonfield==0.9.13
Error: Could not pip install django-jsonfield==0.9.13
