Error: prefix already exists: /home/ubuntu/miniconda/envs/_pipbuild_
Collecting django-picklefield==0.3.1
  Downloading http://localhost/packages/source/d/django-picklefield/django-picklefield-0.3.1.tar.gz
setuptools must be installed to install from a source distribution
Package search: {'_pypi_ordering': False, 'version': '0.3.1', 'name': 'django-picklefield', 'summary': 'Pickled object field for Django'}
Creating standard recipe for django-picklefield-0.3.1
Using url https://pypi.python.org/packages/source/d/django-picklefield/django-picklefield-0.3.1.tar.gz (10 KB) for django-picklefield.
Downloading django-picklefield
Using cached download
Unpacking django-picklefield...
done
working in /tmp/tmpzDlPBkconda_skeleton_django-picklefield-0.3.1.tar.gz
Fetching package metadata: ......

WARNING: conda-build appears to be out of date. You have version 1.13.0 but the
latest version is 1.14.0. Run

conda update -n root conda-build

to get the latest version.

Solving package specifications: .patching file core.py
Hunk #1 succeeded at 168 with fuzz 2 (offset 2 lines).
Traceback (most recent call last):
  File "setup.py", line 23, in <module>
    from setuptools import setup, find_packages
ImportError: No module named setuptools

Applying patch: '/tmp/tmpzDlPBkconda_skeleton_django-picklefield-0.3.1.tar.gz/pypi-distutils.patch'
$PYTHONPATH = /tmp/tmpzDlPBkconda_skeleton_django-picklefield-0.3.1.tar.gz/django-picklefield-0.3.1
Error: command failed: /home/ubuntu/miniconda/envs/_build/bin/python setup.py install

conda create -n _pipbuild_ --yes python pip
/home/ubuntu/miniconda/envs/_pipbuild_/bin/pip install django-picklefield==0.3.1
Error: Could not pip install django-picklefield==0.3.1
