Warning, the following versions were found for django-annoying
0.8.2
0.8.1
0.8.0
0.7.9
0.7.8
0.7.7
0.7.6
0.7.5
0.7.4
0.7.3
0.7.2
0.7.1
0.7.0
0.6.0
0.5.1
0.5
0.4.1
0.4
0.3
0.2
0.1
Using 0.8.2
Use --version to specify a different version.
Using url https://pypi.python.org/packages/source/d/django-annoying/django-annoying-0.8.2.tar.gz (9 KB) for django-annoying.
Downloading django-annoying
Using cached download
Unpacking django-annoying...
done
working in /tmp/tmpQl7WUuconda_skeleton_django-annoying-0.8.2.tar.gz
Fetching package metadata: ......

WARNING: conda-build appears to be out of date. You have version 1.13.0 but the
latest version is 1.14.1. Run

conda update -n root conda-build

to get the latest version.

Solving package specifications: .patching file core.py
Hunk #1 succeeded at 168 with fuzz 2 (offset 2 lines).

Applying patch: '/tmp/tmpQl7WUuconda_skeleton_django-annoying-0.8.2.tar.gz/pypi-distutils.patch'
Writing recipe for django-annoying
Done
