Error: prefix already exists: /home/ubuntu/miniconda/envs/_pipbuild_
Collecting django-debug-toolbar==1.3.2
  Could not find a version that satisfies the requirement django-debug-toolbar==1.3.2 (from versions: 0.7.0, 0.8.0, 0.8.1, 0.8.2, 0.8.3, 0.8.4, 0.8.5, 0.9.1, 0.9.2, 0.9.3, 0.9.4, 0.10.0, 0.10.1, 0.10.2, 0.11.0, 0.11, 1.0, 1.0.1, 1.1, 1.2, 1.2.1, 1.2.2, 1.3.0)
No matching distribution found for django-debug-toolbar==1.3.2
Package search: {'_pypi_ordering': False, 'version': '1.3.2', 'name': 'django-debug-toolbar', 'summary': 'A configurable set of panels that display various debug information about the current request/response.'}
Creating standard recipe for django-debug-toolbar-1.3.2
Using url https://pypi.python.org/packages/source/d/django-debug-toolbar/django-debug-toolbar-1.3.2.tar.gz (112 KB) for django-debug-toolbar.
Downloading django-debug-toolbar
Unpacking django-debug-toolbar...
done
working in /tmp/tmpyxB8lXconda_skeleton_django-debug-toolbar-1.3.2.tar.gz
Fetching package metadata: ......

WARNING: conda-build appears to be out of date. You have version 1.13.0 but the
latest version is 1.14.0. Run

conda update -n root conda-build

to get the latest version.

Solving package specifications: .patching file core.py
Hunk #1 succeeded at 168 with fuzz 2 (offset 2 lines).
Traceback (most recent call last):
  File "setup.py", line 1, in <module>
    from setuptools import setup, find_packages
ImportError: No module named setuptools

The following NEW packages will be INSTALLED:

    numpy:  1.9.2-py27_0
    pyyaml: 3.11-py27_1 
    yaml:   0.1.6-0     

Linking packages ...
[                    ]|                                                  |   0%[yaml                ]|                                                  |   0%[numpy               ]|################                                  |  33%[pyyaml              ]|#################################                 |  66%[      COMPLETE      ]|##################################################| 100%
Applying patch: '/tmp/tmpyxB8lXconda_skeleton_django-debug-toolbar-1.3.2.tar.gz/pypi-distutils.patch'
$PYTHONPATH = /tmp/tmpyxB8lXconda_skeleton_django-debug-toolbar-1.3.2.tar.gz/django-debug-toolbar-1.3.2
Error: command failed: /home/ubuntu/miniconda/envs/_build/bin/python setup.py install

conda create -n _pipbuild_ --yes python pip
/home/ubuntu/miniconda/envs/_pipbuild_/bin/pip install django-debug-toolbar==1.3.2
Error: Could not pip install django-debug-toolbar==1.3.2
