Error: prefix already exists: /home/ubuntu/miniconda/envs/_pipbuild_
Collecting django-pyscss==2.0.2
  Downloading http://localhost/packages/source/d/django-pyscss/django-pyscss-2.0.2.tar.gz
setuptools must be installed to install from a source distribution
Package search: {'_pypi_ordering': False, 'version': '2.0.2', 'name': 'django-pyscss', 'summary': 'Makes it easier to use PySCSS in Django.'}
Creating standard recipe for django-pyscss-2.0.2
Using url https://pypi.python.org/packages/source/d/django-pyscss/django-pyscss-2.0.2.tar.gz (17 KB) for django-pyscss.
Downloading django-pyscss
Using cached download
Unpacking django-pyscss...
done
working in /tmp/tmpf7gHsSconda_skeleton_django-pyscss-2.0.2.tar.gz
Fetching package metadata: ......

WARNING: conda-build appears to be out of date. You have version 1.13.0 but the
latest version is 1.14.0. Run

conda update -n root conda-build

to get the latest version.

Solving package specifications: .patching file core.py
Hunk #1 succeeded at 168 with fuzz 2 (offset 2 lines).
Traceback (most recent call last):
  File "setup.py", line 2, in <module>
    from setuptools import setup, find_packages
ImportError: No module named setuptools

Applying patch: '/tmp/tmpf7gHsSconda_skeleton_django-pyscss-2.0.2.tar.gz/pypi-distutils.patch'
$PYTHONPATH = /tmp/tmpf7gHsSconda_skeleton_django-pyscss-2.0.2.tar.gz/django-pyscss-2.0.2
Error: command failed: /home/ubuntu/miniconda/envs/_build/bin/python setup.py install

conda create -n _pipbuild_ --yes python pip
/home/ubuntu/miniconda/envs/_pipbuild_/bin/pip install django-pyscss==2.0.2
Error: Could not pip install django-pyscss==2.0.2
