Error: prefix already exists: /home/ubuntu/miniconda/envs/_pipbuild_
Collecting django-widget-tweaks==1.4
  Could not find a version that satisfies the requirement django-widget-tweaks==1.4 (from versions: 0.1, 0.1.1, 0.2, 0.2.1, 0.3, 1.0, 1.1, 1.1.1, 1.1.2, 1.2, 1.3)
No matching distribution found for django-widget-tweaks==1.4
Package search: {'_pypi_ordering': False, 'version': '1.4', 'name': 'django-widget-tweaks', 'summary': 'Tweak the form field rendering in templates, not in python-level form definitions.'}
Creating standard recipe for django-widget-tweaks-1.4
Using url https://pypi.python.org/packages/source/d/django-widget-tweaks/django-widget-tweaks-1.4.tar.gz (9 KB) for django-widget-tweaks.
Downloading django-widget-tweaks
Unpacking django-widget-tweaks...
done
working in /tmp/tmpFPTO_gconda_skeleton_django-widget-tweaks-1.4.tar.gz
Fetching package metadata: ......

WARNING: conda-build appears to be out of date. You have version 1.13.0 but the
latest version is 1.14.0. Run

conda update -n root conda-build

to get the latest version.

Solving package specifications: .patching file core.py
Hunk #1 succeeded at 168 with fuzz 2 (offset 2 lines).
Traceback (most recent call last):
  File "setup.py", line 2, in <module>
    from setuptools import setup
ImportError: No module named setuptools

Applying patch: '/tmp/tmpFPTO_gconda_skeleton_django-widget-tweaks-1.4.tar.gz/pypi-distutils.patch'
$PYTHONPATH = /tmp/tmpFPTO_gconda_skeleton_django-widget-tweaks-1.4.tar.gz/django-widget-tweaks-1.4
Error: command failed: /home/ubuntu/miniconda/envs/_build/bin/python setup.py install

conda create -n _pipbuild_ --yes python pip
/home/ubuntu/miniconda/envs/_pipbuild_/bin/pip install django-widget-tweaks==1.4
Error: Could not pip install django-widget-tweaks==1.4
