Error: prefix already exists: /home/ubuntu/miniconda/envs/_pipbuild_
Collecting django-fsm==2.2.1
  Downloading http://localhost/packages/source/d/django-fsm/django-fsm-2.2.1.tar.gz
setuptools must be installed to install from a source distribution
Package search: {'_pypi_ordering': False, 'version': '2.2.1', 'name': 'django-fsm', 'summary': 'Django friendly finite state machine support.'}
Creating standard recipe for django-fsm-2.2.1
Using url https://pypi.python.org/packages/source/d/django-fsm/django-fsm-2.2.1.tar.gz (8 KB) for django-fsm.
Downloading django-fsm
Using cached download
Unpacking django-fsm...
done
working in /tmp/tmpsbM1fgconda_skeleton_django-fsm-2.2.1.tar.gz
Fetching package metadata: ......

WARNING: conda-build appears to be out of date. You have version 1.13.0 but the
latest version is 1.14.0. Run

conda update -n root conda-build

to get the latest version.

Solving package specifications: .patching file core.py
Hunk #1 succeeded at 168 with fuzz 2 (offset 2 lines).
Traceback (most recent call last):
  File "setup.py", line 1, in <module>
    from setuptools import setup
ImportError: No module named setuptools

Applying patch: '/tmp/tmpsbM1fgconda_skeleton_django-fsm-2.2.1.tar.gz/pypi-distutils.patch'
$PYTHONPATH = /tmp/tmpsbM1fgconda_skeleton_django-fsm-2.2.1.tar.gz/django-fsm-2.2.1
Error: command failed: /home/ubuntu/miniconda/envs/_build/bin/python setup.py install

conda create -n _pipbuild_ --yes python pip
/home/ubuntu/miniconda/envs/_pipbuild_/bin/pip install django-fsm==2.2.1
Error: Could not pip install django-fsm==2.2.1
