Error: prefix already exists: /home/ubuntu/miniconda/envs/_pipbuild_
Collecting djangocms-text-ckeditor==2.5.2
  Could not find a version that satisfies the requirement djangocms-text-ckeditor==2.5.2 (from versions: 1.0.0, 1.0.1, 1.0.2, 1.0.3, 1.0.4, 1.0.5, 1.0.6, 1.0.7, 1.0.8, 1.0.9, 1.0.10, 1.0.11, 2.0.0, 2.0.1, 2.0.2, 2.0.4, 2.0.5, 2.0.6, 2.1, 2.1.1, 2.1.2, 2.1.3, 2.1.4, 2.1.5, 2.1.6, 2.2.0, 2.3.0, 2.4.0, 2.4.1, 2.4.2, 2.4.3)
No matching distribution found for djangocms-text-ckeditor==2.5.2
Package search: {'_pypi_ordering': False, 'version': '2.5.2', 'name': 'djangocms-text-ckeditor', 'summary': 'Text Plugin for django CMS with CKEditor support'}
Creating standard recipe for djangocms-text-ckeditor-2.5.2
Using url https://pypi.python.org/packages/source/d/djangocms-text-ckeditor/djangocms-text-ckeditor-2.5.2.tar.gz (1.1 MB) for djangocms-text-ckeditor.
Downloading djangocms-text-ckeditor
Using cached download
Unpacking djangocms-text-ckeditor...
done
working in /tmp/tmpxz4b8Uconda_skeleton_djangocms-text-ckeditor-2.5.2.tar.gz
Fetching package metadata: ......

WARNING: conda-build appears to be out of date. You have version 1.13.0 but the
latest version is 1.14.0. Run

conda update -n root conda-build

to get the latest version.

Solving package specifications: .patching file core.py
Hunk #1 succeeded at 168 with fuzz 2 (offset 2 lines).
Traceback (most recent call last):
  File "setup.py", line 3, in <module>
    from setuptools import setup
ImportError: No module named setuptools

Applying patch: '/tmp/tmpxz4b8Uconda_skeleton_djangocms-text-ckeditor-2.5.2.tar.gz/pypi-distutils.patch'
$PYTHONPATH = /tmp/tmpxz4b8Uconda_skeleton_djangocms-text-ckeditor-2.5.2.tar.gz/djangocms-text-ckeditor-2.5.2
Error: command failed: /home/ubuntu/miniconda/envs/_build/bin/python setup.py install

conda create -n _pipbuild_ --yes python pip
/home/ubuntu/miniconda/envs/_pipbuild_/bin/pip install djangocms-text-ckeditor==2.5.2
Error: Could not pip install djangocms-text-ckeditor==2.5.2
