Error: prefix already exists: /home/ubuntu/miniconda/envs/_pipbuild_
Collecting django-storages==1.1.8
  Downloading http://localhost/packages/source/d/django-storages/django-storages-1.1.8.tar.gz
setuptools must be installed to install from a source distribution
Package search: {'_pypi_ordering': False, 'version': '1.1.8', 'name': 'django-storages', 'summary': 'Support for many storages (S3, MogileFS, etc) in Django.'}
Creating standard recipe for django-storages-1.1.8
Using url https://pypi.python.org/packages/source/d/django-storages/django-storages-1.1.8.tar.gz (26 KB) for django-storages.
Downloading django-storages
Using cached download
Unpacking django-storages...
done
working in /tmp/tmpkEmxmRconda_skeleton_django-storages-1.1.8.tar.gz
Fetching package metadata: ......

WARNING: conda-build appears to be out of date. You have version 1.13.0 but the
latest version is 1.14.0. Run

conda update -n root conda-build

to get the latest version.

Solving package specifications: .patching file core.py
Hunk #1 succeeded at 168 with fuzz 2 (offset 2 lines).
Traceback (most recent call last):
  File "setup.py", line 1, in <module>
    from setuptools import setup, find_packages
ImportError: No module named setuptools

Applying patch: '/tmp/tmpkEmxmRconda_skeleton_django-storages-1.1.8.tar.gz/pypi-distutils.patch'
$PYTHONPATH = /tmp/tmpkEmxmRconda_skeleton_django-storages-1.1.8.tar.gz/django-storages-1.1.8
Error: command failed: /home/ubuntu/miniconda/envs/_build/bin/python setup.py install

conda create -n _pipbuild_ --yes python pip
/home/ubuntu/miniconda/envs/_pipbuild_/bin/pip install django-storages==1.1.8
Error: Could not pip install django-storages==1.1.8
