Error: prefix already exists: /home/ubuntu/miniconda/envs/_pipbuild_
Collecting django-autocomplete-light==2.2.3
  Could not find a version that satisfies the requirement django-autocomplete-light==2.2.3 (from versions: 0.1, 0.2, 0.3, 0.4, 0.5, 0.5.1, 0.5.2, 0.6, 0.7rc2, 0.7rc3, 0.7, 0.8, 1.0.0, 1.0.1, 1.0.2, 1.0.3, 1.0.4, 1.0.5, 1.0.6, 1.0.8, 1.0.9, 1.0.10, 1.0.11, 1.0.12, 1.0.13, 1.0.14, 1.0.15, 1.0.16, 1.0.17, 1.0.18, 1.0.19, 1.0.20, 1.0.21, 1.0.22, 1.0.23, 1.0.24, 1.0.25, 1.0.26, 1.1.0, 1.1.1, 1.1.2, 1.1.3, 1.1.4, 1.1.5, 1.1.6, 1.1.7, 1.1.9, 1.1.10, 1.1.11, 1.1.12, 1.1.13, 1.1.14, 1.1.15, 1.1.16, 1.1.17, 1.1.18, 1.1.19, 1.1.20, 1.1.22, 1.1.23, 1.1.24, 1.1.25, 1.1.26, 1.1.27, 1.1.28, 1.1.29, 1.1.30, 1.1.31, 1.2.0, 1.2.1, 1.2.2, 1.2.3, 1.2.4, 1.2.5, 1.2.6, 1.3.1, 1.4.0, 1.4.1, 1.4.2, 1.4.3, 1.4.4, 1.4.5, 1.4.6, 1.4.7, 1.4.8, 1.4.9, 1.4.10, 1.4.11, 1.4.12, 1.4.13, 1.4.14, 2.0.0a1, 2.0.0a2, 2.0.0a3, 2.0.0a4, 2.0.0a5, 2.0.0a6, 2.0.0a8, 2.0.0a9, 2.0.0a11, 2.0.0a12, 2.0.0a13, 2.0.0a14, 2.0.0a15, 2.0.0a16, 2.0.0a17, 2.0.0a18, 2.0.1, 2.0.2, 2.0.3, 2.0.4, 2.0.5, 2.0.7, 2.0.9, 2.1.0rc1, 2.1.0rc2, 2.1.0rc3, 2.1.0rc4, 2.1.1)
No matching distribution found for django-autocomplete-light==2.2.3
Package search: {'_pypi_ordering': False, 'version': '2.2.3', 'name': 'django-autocomplete-light', 'summary': 'Fresh autocompletes for Django'}
Creating standard recipe for django-autocomplete-light-2.2.3
Using url https://pypi.python.org/packages/source/d/django-autocomplete-light/django-autocomplete-light-2.2.3.tar.gz (87 KB) for django-autocomplete-light.
Downloading django-autocomplete-light
Unpacking django-autocomplete-light...
done
working in /tmp/tmphKEHC1conda_skeleton_django-autocomplete-light-2.2.3.tar.gz
Fetching package metadata: ......

WARNING: conda-build appears to be out of date. You have version 1.13.0 but the
latest version is 1.14.0. Run

conda update -n root conda-build

to get the latest version.

Solving package specifications: .patching file core.py
Hunk #1 succeeded at 168 with fuzz 2 (offset 2 lines).
Traceback (most recent call last):
  File "setup.py", line 4, in <module>
    from setuptools import setup, find_packages, Command
ImportError: No module named setuptools

Applying patch: '/tmp/tmphKEHC1conda_skeleton_django-autocomplete-light-2.2.3.tar.gz/pypi-distutils.patch'
$PYTHONPATH = /tmp/tmphKEHC1conda_skeleton_django-autocomplete-light-2.2.3.tar.gz/django-autocomplete-light-2.2.3
Error: command failed: /home/ubuntu/miniconda/envs/_build/bin/python setup.py install

conda create -n _pipbuild_ --yes python pip
/home/ubuntu/miniconda/envs/_pipbuild_/bin/pip install django-autocomplete-light==2.2.3
Error: Could not pip install django-autocomplete-light==2.2.3
