Warning, the following versions were found for django-localflavor
1.1
1.0
Using 1.1
Use --version to specify a different version.
Using url https://pypi.python.org/packages/source/d/django-localflavor/django-localflavor-1.1.tar.gz (2.4 MB) for django-localflavor.
Downloading django-localflavor
Using cached download
Unpacking django-localflavor...
done
working in /tmp/tmp6qxrYxconda_skeleton_django-localflavor-1.1.tar.gz
Fetching package metadata: ......

WARNING: conda-build appears to be out of date. You have version 1.13.0 but the
latest version is 1.14.1. Run

conda update -n root conda-build

to get the latest version.

Solving package specifications: .patching file core.py
Hunk #1 succeeded at 168 with fuzz 2 (offset 2 lines).

Applying patch: '/tmp/tmp6qxrYxconda_skeleton_django-localflavor-1.1.tar.gz/pypi-distutils.patch'
Writing recipe for django-localflavor
Done
