Warning, the following versions were found for django-pipeline
1.5.1
1.5.0
1.4.7
1.4.6
1.4.5
1.4.4.1
1.4.4
1.4.3
1.4.2
1.4.1
1.4.0
1.3.27
1.3.26
1.3.25
1.3.24
1.3.23
1.3.22
1.3.21
1.3.20
1.3.19
1.3.18.1
1.3.18
1.3.17
1.3.16
1.3.15
1.3.14
1.3.13
1.3.12
1.3.11
1.3.10
1.3.9
1.3.8
1.3.6
1.3.5
1.3.4
1.3.3
1.3.2
1.3.1
1.3.0
1.2.24
1.2.23
1.2.22
1.2.21
1.2.20
1.2.19
1.2.18
1.2.17
1.2.16
1.2.15
1.2.14
1.2.13
1.2.12
1.2.11
1.2.10
1.2.9
1.2.8
1.2.7
1.2.6
1.2.5
1.2.4
1.2.3
1.2.2.1
1.2.2
1.2.1
1.2.0
1.1.27
1.1.26
1.1.25
1.1.24
1.1.23
1.1.22
1.1.21
1.1.20
1.1.19
1.1.18.1
1.1.18
1.1.17
1.1.16
1.1.15.2
1.1.15.1
1.1.15
1.1.14.1
1.1.14
1.1.13
1.1.12
1.1.11
1.1.10
1.1.9
1.1.8.1
1.1.8
1.1.7
1.1.6.2
1.1.6.1
1.1.6
1.1.5.2
1.1.5.1
1.1.5
1.1.4.2
1.1.4.1
1.1.4
1.1.3
1.1.2
1.1.1
1.1.0
Using 1.5.1
Use --version to specify a different version.
Using url https://pypi.python.org/packages/source/d/django-pipeline/django-pipeline-1.5.1.tar.gz (200 KB) for django-pipeline.
Downloading django-pipeline
Using cached download
Unpacking django-pipeline...
done
working in /tmp/tmpaB9jN_conda_skeleton_django-pipeline-1.5.1.tar.gz
Fetching package metadata: ......

WARNING: conda-build appears to be out of date. You have version 1.13.0 but the
latest version is 1.14.1. Run

conda update -n root conda-build

to get the latest version.

Solving package specifications: .patching file core.py
Hunk #1 succeeded at 168 with fuzz 2 (offset 2 lines).

The following NEW packages will be INSTALLED:

    numpy:      1.9.2-py27_0 
    openssl:    1.0.1k-1     
    pip:        7.0.3-py27_0 
    python:     2.7.10-0     
    pyyaml:     3.11-py27_1  
    readline:   6.2-2        
    setuptools: 18.0.1-py27_0
    sqlite:     3.8.4.1-1    
    system:     5.8-2        
    tk:         8.5.18-0     
    yaml:       0.1.6-0      
    zlib:       1.2.8-0      

Linking packages ...
[                    ]|                                                  |   0%[openssl             ]|                                                  |   0%[readline            ]|####                                              |   8%[sqlite              ]|########                                          |  16%[system              ]|############                                      |  25%[tk                  ]|################                                  |  33%[yaml                ]|####################                              |  41%[zlib                ]|#########################                         |  50%[numpy               ]|#############################                     |  58%[python              ]|#################################                 |  66%[pyyaml              ]|#####################################             |  75%[setuptools          ]|#########################################         |  83%[pip                 ]|#############################################     |  91%[      COMPLETE      ]|##################################################| 100%
Applying patch: '/tmp/tmpaB9jN_conda_skeleton_django-pipeline-1.5.1.tar.gz/pypi-distutils.patch'
Writing recipe for django-pipeline
Done
