Error: prefix already exists: /home/ubuntu/miniconda/envs/_pipbuild_
Collecting django-ckeditor==4.4.8
  Could not find a version that satisfies the requirement django-ckeditor==4.4.8 (from versions: 0.0.1, 0.0.2, 0.0.3, 0.0.4, 0.0.5, 0.0.6, 0.0.7, 0.0.8, 0.0.9, 3.6.2, 3.6.2.1, 4.0.2, 4.2.8, 4.4.4, 4.4.5, 4.4.6, 4.4.7)
No matching distribution found for django-ckeditor==4.4.8
Package search: {'_pypi_ordering': False, 'version': '4.4.8', 'name': 'django-ckeditor', 'summary': 'Django admin CKEditor integration.'}
Creating standard recipe for django-ckeditor-4.4.8
Using url https://pypi.python.org/packages/source/d/django-ckeditor/django-ckeditor-4.4.8.tar.gz (1.2 MB) for django-ckeditor.
Downloading django-ckeditor
Using cached download
Unpacking django-ckeditor...
done
working in /tmp/tmpd1YLTMconda_skeleton_django-ckeditor-4.4.8.tar.gz
Fetching package metadata: ......

WARNING: conda-build appears to be out of date. You have version 1.13.0 but the
latest version is 1.14.0. Run

conda update -n root conda-build

to get the latest version.

Solving package specifications: .patching file core.py
Hunk #1 succeeded at 168 with fuzz 2 (offset 2 lines).
Traceback (most recent call last):
  File "setup.py", line 2, in <module>
    from setuptools import setup, find_packages
ImportError: No module named setuptools

Applying patch: '/tmp/tmpd1YLTMconda_skeleton_django-ckeditor-4.4.8.tar.gz/pypi-distutils.patch'
$PYTHONPATH = /tmp/tmpd1YLTMconda_skeleton_django-ckeditor-4.4.8.tar.gz/django-ckeditor-4.4.8
Error: command failed: /home/ubuntu/miniconda/envs/_build/bin/python setup.py install

conda create -n _pipbuild_ --yes python pip
/home/ubuntu/miniconda/envs/_pipbuild_/bin/pip install django-ckeditor==4.4.8
Error: Could not pip install django-ckeditor==4.4.8
