Error: prefix already exists: /home/ubuntu/miniconda/envs/_pipbuild_
Collecting django-guardian==1.3
  Could not find a version that satisfies the requirement django-guardian==1.3 (from versions: 0.1.0, 0.1.1, 0.2.0, 0.2.1, 0.2.2, 0.2.3, 1.0.0a1, 1.0.0a2, 1.0.0b1, 1.0.0b2, 1.0.0, 1.0.1, 1.0.2, 1.0.3, 1.0.4, 1.1.0b0, 1.1.0, 1.1.1, 1.2.0, 1.2.1, 1.2.2, 1.2.3, 1.2.4, 1.2.5)
No matching distribution found for django-guardian==1.3
Package search: {'_pypi_ordering': False, 'version': '1.3', 'name': 'django-guardian', 'summary': 'Implementation of per object permissions for Django 1.2 or later.'}
Creating standard recipe for django-guardian-1.3
Using url https://pypi.python.org/packages/source/d/django-guardian/django-guardian-1.3.tar.gz (285 KB) for django-guardian.
Downloading django-guardian
Using cached download
Unpacking django-guardian...
done
working in /tmp/tmpo0Igxqconda_skeleton_django-guardian-1.3.tar.gz
Fetching package metadata: ......

WARNING: conda-build appears to be out of date. You have version 1.13.0 but the
latest version is 1.14.0. Run

conda update -n root conda-build

to get the latest version.

Solving package specifications: .patching file core.py
Hunk #1 succeeded at 168 with fuzz 2 (offset 2 lines).
Traceback (most recent call last):
  File "setup.py", line 3, in <module>
    from setuptools import setup, find_packages
ImportError: No module named setuptools

Applying patch: '/tmp/tmpo0Igxqconda_skeleton_django-guardian-1.3.tar.gz/pypi-distutils.patch'
$PYTHONPATH = /tmp/tmpo0Igxqconda_skeleton_django-guardian-1.3.tar.gz/django-guardian-1.3
Error: command failed: /home/ubuntu/miniconda/envs/_build/bin/python setup.py install

conda create -n _pipbuild_ --yes python pip
/home/ubuntu/miniconda/envs/_pipbuild_/bin/pip install django-guardian==1.3
Error: Could not pip install django-guardian==1.3
