Error: prefix already exists: /home/ubuntu/miniconda/envs/_pipbuild_
Collecting django-crispy-forms==1.4.0
  Downloading http://localhost/packages/source/d/django-crispy-forms/django-crispy-forms-1.4.0.tar.gz (47kB)
setuptools must be installed to install from a source distribution
Package search: {'_pypi_ordering': False, 'version': '1.0.0', 'name': 'django-crispy-forms', 'summary': 'Best way to have Django DRY forms'}
Creating standard recipe for django-crispy-forms-1.4.0
Using url https://pypi.python.org/packages/source/d/django-crispy-forms/django-crispy-forms-1.4.0.tar.gz (46 KB) for django-crispy-forms.
Downloading django-crispy-forms
Using cached download
Unpacking django-crispy-forms...
done
working in /tmp/tmpS1Lp5Lconda_skeleton_django-crispy-forms-1.4.0.tar.gz
Fetching package metadata: ......

WARNING: conda-build appears to be out of date. You have version 1.13.0 but the
latest version is 1.14.0. Run

conda update -n root conda-build

to get the latest version.

Solving package specifications: .patching file core.py
Hunk #1 succeeded at 168 with fuzz 2 (offset 2 lines).
Traceback (most recent call last):
  File "setup.py", line 3, in <module>
    from setuptools import setup, find_packages
ImportError: No module named setuptools

Applying patch: '/tmp/tmpS1Lp5Lconda_skeleton_django-crispy-forms-1.4.0.tar.gz/pypi-distutils.patch'
$PYTHONPATH = /tmp/tmpS1Lp5Lconda_skeleton_django-crispy-forms-1.4.0.tar.gz/django-crispy-forms-1.4.0
Error: command failed: /home/ubuntu/miniconda/envs/_build/bin/python setup.py install

conda create -n _pipbuild_ --yes python pip
/home/ubuntu/miniconda/envs/_pipbuild_/bin/pip install django-crispy-forms==1.4.0
Error: Could not pip install django-crispy-forms==1.4.0
