Error: prefix already exists: /home/ubuntu/miniconda/envs/_pipbuild_
Collecting django-annoying==0.8.2
  Could not find a version that satisfies the requirement django-annoying==0.8.2 (from versions: 0.4.linux-i686, 0.1, 0.2, 0.3, 0.4.1, 0.5, 0.5.1, 0.6.0, 0.7.0, 0.7.1, 0.7.2, 0.7.3, 0.7.4, 0.7.5, 0.7.6, 0.7.7, 0.7.8, 0.7.9, 0.8.0, 0.8.1)
No matching distribution found for django-annoying==0.8.2
Package search: {'_pypi_ordering': False, 'version': '0.8.2', 'name': 'django-annoying', 'summary': 'This is a django application that tries to eliminate annoying things in the Django framework.'}
Creating standard recipe for django-annoying-0.8.2
Using url https://pypi.python.org/packages/source/d/django-annoying/django-annoying-0.8.2.tar.gz (9 KB) for django-annoying.
Downloading django-annoying
Using cached download
Unpacking django-annoying...
done
working in /tmp/tmpYVrYRSconda_skeleton_django-annoying-0.8.2.tar.gz
Fetching package metadata: ......

WARNING: conda-build appears to be out of date. You have version 1.13.0 but the
latest version is 1.14.0. Run

conda update -n root conda-build

to get the latest version.

Solving package specifications: .patching file core.py
Hunk #1 succeeded at 168 with fuzz 2 (offset 2 lines).
Traceback (most recent call last):
  File "setup.py", line 1, in <module>
    from setuptools import setup, find_packages
ImportError: No module named setuptools

Applying patch: '/tmp/tmpYVrYRSconda_skeleton_django-annoying-0.8.2.tar.gz/pypi-distutils.patch'
$PYTHONPATH = /tmp/tmpYVrYRSconda_skeleton_django-annoying-0.8.2.tar.gz/django-annoying-0.8.2
Error: command failed: /home/ubuntu/miniconda/envs/_build/bin/python setup.py install

conda create -n _pipbuild_ --yes python pip
/home/ubuntu/miniconda/envs/_pipbuild_/bin/pip install django-annoying==0.8.2
Error: Could not pip install django-annoying==0.8.2
