Warning, the following versions were found for django-bootstrap-form
3.2
3.1
3.0
2.0.6
2.0.5
2.0.4
2.0.3
2.0.2
2.0.1
0.2
Using 3.2
Use --version to specify a different version.
Using url https://pypi.python.org/packages/source/d/django-bootstrap-form/django-bootstrap-form-3.2.tar.gz (4 KB) for django-bootstrap-form.
Downloading django-bootstrap-form
Using cached download
Unpacking django-bootstrap-form...
done
working in /tmp/tmpMCcFz6conda_skeleton_django-bootstrap-form-3.2.tar.gz
Fetching package metadata: ......

WARNING: conda-build appears to be out of date. You have version 1.13.0 but the
latest version is 1.14.1. Run

conda update -n root conda-build

to get the latest version.

Solving package specifications: .patching file core.py
Hunk #1 succeeded at 168 with fuzz 2 (offset 2 lines).

Applying patch: '/tmp/tmpMCcFz6conda_skeleton_django-bootstrap-form-3.2.tar.gz/pypi-distutils.patch'
Writing recipe for django-bootstrap-form
Done
