Error: prefix already exists: /home/ubuntu/miniconda/envs/_pipbuild_
Collecting django-secure==1.0.1
  Downloading http://localhost/packages/source/d/django-secure/django-secure-1.0.1.tar.gz
setuptools must be installed to install from a source distribution
Package search: {'_pypi_ordering': False, 'version': '1.0.1', 'name': 'django-secure', 'summary': "Utilities and a 'linter' to help you make your Django site more secure."}
Creating standard recipe for django-secure-1.0.1
Using url https://pypi.python.org/packages/source/d/django-secure/django-secure-1.0.1.tar.gz (23 KB) for django-secure.
Downloading django-secure
Using cached download
Unpacking django-secure...
done
working in /tmp/tmpJA53nCconda_skeleton_django-secure-1.0.1.tar.gz
Fetching package metadata: ......

WARNING: conda-build appears to be out of date. You have version 1.13.0 but the
latest version is 1.14.0. Run

conda update -n root conda-build

to get the latest version.

Solving package specifications: .patching file core.py
Hunk #1 succeeded at 168 with fuzz 2 (offset 2 lines).
Traceback (most recent call last):
  File "setup.py", line 3, in <module>
    from setuptools import setup, find_packages
ImportError: No module named setuptools

The following NEW packages will be INSTALLED:

    numpy:  1.9.2-py27_0
    pyyaml: 3.11-py27_1 
    yaml:   0.1.6-0     

Linking packages ...
[                    ]|                                                  |   0%[yaml                ]|                                                  |   0%[numpy               ]|################                                  |  33%[pyyaml              ]|#################################                 |  66%[      COMPLETE      ]|##################################################| 100%
Applying patch: '/tmp/tmpJA53nCconda_skeleton_django-secure-1.0.1.tar.gz/pypi-distutils.patch'
$PYTHONPATH = /tmp/tmpJA53nCconda_skeleton_django-secure-1.0.1.tar.gz/django-secure-1.0.1
Error: command failed: /home/ubuntu/miniconda/envs/_build/bin/python setup.py install

conda create -n _pipbuild_ --yes python pip
/home/ubuntu/miniconda/envs/_pipbuild_/bin/pip install django-secure==1.0.1
Error: Could not pip install django-secure==1.0.1
