Warning, the following versions were found for django-lfs
0.10.2
0.10.1
0.10.0
0.9.0
0.9.0a1
0.8.0a3
0.8.0a2
0.8.0a1
0.7.8
0.7.7
0.7.6
0.7.5
0.7.4
0.7.3
0.7.2
0.7.1
0.7.0
0.7.0b7
0.7.0b6
0.7.0b5
0.7.0b4
0.7.0b3
0.7.0b2
0.7.0b1
0.6.18
0.6.17
0.6.16
0.6.15
0.6.14
0.6.13
0.6.12
0.6.11
0.6.10
0.6.9
0.6.8
0.6.7
0.6.6
0.6.5
0.6.4
0.6.3
0.6.2
0.6.1
0.6.0
0.6.0b7
0.6.0b6
0.6.0b5
0.6.0b4
0.6.0b3
0.6.0b2
0.6.0b1
0.5.2
0.5.1
0.5.0
0.5.0b8
0.5.0b7
0.5.0b6
0.5.0b5
0.5.0b4
0.5.0b3
0.5.0b2
0.5.0b1
0.2.3
0.2.2
0.2.1
0.2.0
0.1.4
0.1.3
0.1.2
0.1.1
0.1.0
Using 0.10.2
Use --version to specify a different version.
Using url https://pypi.python.org/packages/source/d/django-lfs/django-lfs-0.10.2.tar.gz (6.9 MB) for django-lfs.
Downloading django-lfs
Using cached download
Unpacking django-lfs...
done
working in /tmp/tmprMWTQUconda_skeleton_django-lfs-0.10.2.tar.gz
Fetching package metadata: ......

WARNING: conda-build appears to be out of date. You have version 1.13.0 but the
latest version is 1.14.1. Run

conda update -n root conda-build

to get the latest version.

Solving package specifications: .patching file core.py
Hunk #1 succeeded at 168 with fuzz 2 (offset 2 lines).

WARNING: conda-build appears to be out of date. You have version 1.13.0 but the
latest version is 1.14.1. Run

conda update -n root conda-build

to get the latest version.


Applying patch: '/tmp/tmprMWTQUconda_skeleton_django-lfs-0.10.2.tar.gz/pypi-distutils.patch'
Warning, the following versions were found for lfs-theme
0.10.1
0.10.0
0.9.0
0.9.0a1
0.8.0a2
0.8.0a1
Using 0.10.1
Use --version to specify a different version.
Using url https://pypi.python.org/packages/source/l/lfs-theme/lfs-theme-0.10.1.tar.gz (855 KB) for lfs-theme.
Downloading lfs-theme
Using cached download
Unpacking lfs-theme...
done
working in /tmp/tmp07v1cEconda_skeleton_lfs-theme-0.10.1.tar.gz
Solving package specifications: .patching file core.py
Hunk #1 succeeded at 168 with fuzz 2 (offset 2 lines).

WARNING: conda-build appears to be out of date. You have version 1.13.0 but the
latest version is 1.14.1. Run

conda update -n root conda-build

to get the latest version.


Applying patch: '/tmp/tmp07v1cEconda_skeleton_lfs-theme-0.10.1.tar.gz/pypi-distutils.patch'
Warning, the following versions were found for lfs-paypal
1.3
1.2
1.1
Using 1.3
Use --version to specify a different version.
Using url https://pypi.python.org/packages/source/l/lfs-paypal/lfs-paypal-1.3.tar.gz (5 KB) for lfs-paypal.
Downloading lfs-paypal
lfs-paypal-1.3   0% |                              | ETA:  --:--:--   0.00  B/slfs-paypal-1.3 100% |###############################| ETA:  0:00:00  11.76 MB/slfs-paypal-1.3 100% |###############################| Time: 0:00:00   7.29 MB/s
Unpacking lfs-paypal...
done
working in /tmp/tmpYjb2Qoconda_skeleton_lfs-paypal-1.3.tar.gz
Solving package specifications: .patching file core.py
Hunk #1 succeeded at 168 with fuzz 2 (offset 2 lines).

WARNING: conda-build appears to be out of date. You have version 1.13.0 but the
latest version is 1.14.1. Run

conda update -n root conda-build

to get the latest version.


Applying patch: '/tmp/tmpYjb2Qoconda_skeleton_lfs-paypal-1.3.tar.gz/pypi-distutils.patch'
Warning, the following versions were found for lfs-order-numbers
1.1
1.0b1
Using 1.1
Use --version to specify a different version.
Using url https://pypi.python.org/packages/source/l/lfs-order-numbers/lfs-order-numbers-1.1.tar.gz (2 KB) for lfs-order-numbers.
Downloading lfs-order-numbers
lfs-order-numb   0% |                              | ETA:  --:--:--   0.00  B/slfs-order-numb 100% |###############################| Time: 0:00:00   9.30 MB/slfs-order-numb 100% |###############################| Time: 0:00:00   5.78 MB/slfs-order-numb 100% |###############################| Time: 0:00:00   4.04 MB/s
Unpacking lfs-order-numbers...
done
working in /tmp/tmpDUje1Iconda_skeleton_lfs-order-numbers-1.1.tar.gz
Solving package specifications: .patching file core.py
Hunk #1 succeeded at 168 with fuzz 2 (offset 2 lines).

WARNING: conda-build appears to be out of date. You have version 1.13.0 but the
latest version is 1.14.1. Run

conda update -n root conda-build

to get the latest version.


Applying patch: '/tmp/tmpDUje1Iconda_skeleton_lfs-order-numbers-1.1.tar.gz/pypi-distutils.patch'
Warning, the following versions were found for lfs-contact
1.2
1.1
1.0
Using 1.2
Use --version to specify a different version.
Using url https://pypi.python.org/packages/source/l/lfs-contact/lfs-contact-1.2.tar.gz (3 KB) for lfs-contact.
Downloading lfs-contact
lfs-contact-1.   0% |                              | ETA:  --:--:--   0.00  B/slfs-contact-1. 100% |###############################| Time: 0:00:00  11.16 MB/slfs-contact-1. 100% |###############################| Time: 0:00:00   6.89 MB/slfs-contact-1. 100% |###############################| Time: 0:00:00   4.88 MB/s
Unpacking lfs-contact...
done
working in /tmp/tmp4Ze1t4conda_skeleton_lfs-contact-1.2.tar.gz
Solving package specifications: .patching file core.py
Hunk #1 succeeded at 168 with fuzz 2 (offset 2 lines).

WARNING: conda-build appears to be out of date. You have version 1.13.0 but the
latest version is 1.14.1. Run

conda update -n root conda-build

to get the latest version.


Applying patch: '/tmp/tmp4Ze1t4conda_skeleton_lfs-contact-1.2.tar.gz/pypi-distutils.patch'
Warning, the following versions were found for django-reviews
1.1.2
1.1.1
1.1
1.0
0.2.1
0.2.0
0.1.1
0.1.0
Using 1.1.2
Use --version to specify a different version.
Using url https://pypi.python.org/packages/source/d/django-reviews/django-reviews-1.1.2.tar.gz (8 KB) for django-reviews.
Downloading django-reviews
django-reviews   0% |                              | ETA:  --:--:--   0.00  B/sdjango-reviews 100% |###############################| Time: 0:00:00  28.10 MB/sdjango-reviews 100% |###############################| Time: 0:00:00  17.84 MB/sdjango-reviews 100% |###############################| Time: 0:00:00  12.71 MB/s
Unpacking django-reviews...
done
working in /tmp/tmpfCfIVzconda_skeleton_django-reviews-1.1.2.tar.gz
Solving package specifications: .patching file core.py
Hunk #1 succeeded at 168 with fuzz 2 (offset 2 lines).

WARNING: conda-build appears to be out of date. You have version 1.13.0 but the
latest version is 1.14.1. Run

conda update -n root conda-build

to get the latest version.


Applying patch: '/tmp/tmpfCfIVzconda_skeleton_django-reviews-1.1.2.tar.gz/pypi-distutils.patch'
Warning, the following versions were found for django-postal
0.96
0.95
0.94
0.93
0.92
0.91
0.9
0.8
0.7.9
0.7.8
0.7.7
0.7.6
0.7.5
0.7.4
0.7.3
0.7.2
0.6.2
0.6.1
0.6
0.5.3
0.5.2
0.5.1
0.5
0.4
0.3
0.2
0.1
Using 0.96
Use --version to specify a different version.
Using url https://pypi.python.org/packages/source/d/django-postal/django-postal-0.96.tar.gz (43 KB) for django-postal.
Downloading django-postal
Using cached download
Unpacking django-postal...
done
working in /tmp/tmpb2QTqlconda_skeleton_django-postal-0.96.tar.gz
Solving package specifications: .patching file core.py
Hunk #1 succeeded at 168 with fuzz 2 (offset 2 lines).

WARNING: conda-build appears to be out of date. You have version 1.13.0 but the
latest version is 1.14.1. Run

conda update -n root conda-build

to get the latest version.


Applying patch: '/tmp/tmpb2QTqlconda_skeleton_django-postal-0.96.tar.gz/pypi-distutils.patch'
Warning, the following versions were found for django-portlets
1.4
1.3
1.2
1.1.1
1.1
1.0
1.0b4
1.0b3
1.0b2
1.0b1
0.3.3
0.3.2
0.3.1
0.3.0
0.2.0
0.1.0
Using 1.4
Use --version to specify a different version.
Using url https://pypi.python.org/packages/source/d/django-portlets/django-portlets-1.4.tar.gz (10 KB) for django-portlets.
Downloading django-portlets
Using cached download
Unpacking django-portlets...
done
working in /tmp/tmp5YTdkyconda_skeleton_django-portlets-1.4.tar.gz
Solving package specifications: .patching file core.py
Hunk #1 succeeded at 168 with fuzz 2 (offset 2 lines).

WARNING: conda-build appears to be out of date. You have version 1.13.0 but the
latest version is 1.14.1. Run

conda update -n root conda-build

to get the latest version.


Applying patch: '/tmp/tmp5YTdkyconda_skeleton_django-portlets-1.4.tar.gz/pypi-distutils.patch'
Warning, the following versions were found for django-paypal
0.2.5
0.2.4
0.2.3
0.2.2
0.2.1
0.2
0.1.5
0.1.4
0.1.3
0.1.2
0.1.1
0.1
Using 0.2.5
Use --version to specify a different version.
Using url https://pypi.python.org/packages/source/d/django-paypal/django-paypal-0.2.5.tar.gz (56 KB) for django-paypal.
Downloading django-paypal
django-paypal-   0% |                              | ETA:  --:--:--   0.00  B/sdjango-paypal-  28% |########                       | Time: 0:00:00  48.63 MB/sdjango-paypal-  57% |#################              | Time: 0:00:00   5.59 MB/sdjango-paypal-  85% |##########################     | Time: 0:00:00   7.40 MB/sdjango-paypal- 100% |###############################| Time: 0:00:00   8.38 MB/sdjango-paypal- 100% |###############################| Time: 0:00:00   8.21 MB/sdjango-paypal- 100% |###############################| Time: 0:00:00   8.00 MB/s
Unpacking django-paypal...
done
working in /tmp/tmptfyUxoconda_skeleton_django-paypal-0.2.5.tar.gz
Solving package specifications: .patching file core.py
Hunk #1 succeeded at 168 with fuzz 2 (offset 2 lines).

Applying patch: '/tmp/tmptfyUxoconda_skeleton_django-paypal-0.2.5.tar.gz/pypi-distutils.patch'
Error: Could not find any versions of package django-compressor
