Error: prefix already exists: /home/ubuntu/miniconda/envs/_pipbuild_
Collecting django-celery==3.1.16
  Downloading http://localhost/packages/2.7/d/django-celery/django_celery-3.1.16-py2-none-any.whl (65kB)
Collecting celery>=3.1.15 (from django-celery==3.1.16)
  Downloading http://localhost/packages/2.7/c/celery/celery-3.1.18-py2.py3-none-any.whl (515kB)
Collecting pytz>dev (from celery>=3.1.15->django-celery==3.1.16)
  Downloading http://localhost/packages/py2.py3/p/pytz/pytz-2015.4-py2.py3-none-any.whl (475kB)
Collecting billiard<3.4,>=3.3.0.20 (from celery>=3.1.15->django-celery==3.1.16)
  Downloading http://localhost/packages/source/b/billiard/billiard-3.3.0.20.tar.gz (150kB)
setuptools must be installed to install from a source distribution
Package search: {'_pypi_ordering': False, 'version': '3.1.16', 'name': 'django-celery', 'summary': 'Old django celery integration project.'}
Creating standard recipe for django-celery-3.1.16
Using url https://pypi.python.org/packages/source/d/django-celery/django-celery-3.1.16.tar.gz (76 KB) for django-celery.
Downloading django-celery
Using cached download
Unpacking django-celery...
done
working in /tmp/tmpHDS9lsconda_skeleton_django-celery-3.1.16.tar.gz
Fetching package metadata: ......

WARNING: conda-build appears to be out of date. You have version 1.13.0 but the
latest version is 1.14.0. Run

conda update -n root conda-build

to get the latest version.

Solving package specifications: .patching file core.py
Hunk #1 succeeded at 168 with fuzz 2 (offset 2 lines).
Traceback (most recent call last):
  File "setup.py", line 10, in <module>
    from ez_setup import use_setuptools
ImportError: No module named ez_setup

Applying patch: '/tmp/tmpHDS9lsconda_skeleton_django-celery-3.1.16.tar.gz/pypi-distutils.patch'
$PYTHONPATH = /tmp/tmpHDS9lsconda_skeleton_django-celery-3.1.16.tar.gz/django-celery-3.1.16
Error: command failed: /home/ubuntu/miniconda/envs/_build/bin/python setup.py install

conda create -n _pipbuild_ --yes python pip
/home/ubuntu/miniconda/envs/_pipbuild_/bin/pip install django-celery==3.1.16
Error: Could not pip install django-celery==3.1.16
