Removing old build directory
Removing old work directory
BUILD START: django-rest-swagger-0.3.2-py_0
Fetching package metadata: ......

WARNING: conda-build appears to be out of date. You have version 1.13.0 but the
latest version is 1.14.1. Run

conda update -n root conda-build

to get the latest version.

Solving package specifications: ./home/ubuntu/miniconda/pkgs/djangorestframework-3.1.3-py_0/bin/.djangorestframework-pre-link.sh: line 2: /home/ubuntu/miniconda/envs/_build/bin/python: No such file or directory

The following NEW packages will be INSTALLED:

    django:              1.8.2-py27_0 
    djangorestframework: 3.1.3-py_0   
    docutils:            0.12-py27_0  
    openssl:             1.0.1k-1     
    pip:                 7.0.3-py27_0 
    python:              2.7.10-0     
    pyyaml:              3.11-py27_1  
    readline:            6.2-2        
    setuptools:          18.0.1-py27_0
    sqlite:              3.8.4.1-1    
    system:              5.8-2        
    tk:                  8.5.18-0     
    yaml:                0.1.6-0      
    zlib:                1.2.8-0      

Linking packages ...
[                    ]|                                                  |   0%[openssl             ]|                                                  |   0%[readline            ]|###                                               |   7%[sqlite              ]|#######                                           |  14%[system              ]|##########                                        |  21%[tk                  ]|##############                                    |  28%[yaml                ]|#################                                 |  35%[zlib                ]|#####################                             |  42%[django              ]|#########################                         |  50%[djangorestframework ]|############################                      |  57%Error: pre-link failed: djangorestframework-3.1.3-py_0
