Error: prefix already exists: /home/ubuntu/miniconda/envs/_pipbuild_
Collecting django-openstack-auth==1.3.1
  Downloading http://localhost/packages/py2/d/django_openstack_auth/django_openstack_auth-1.3.1-py2-none-any.whl (103kB)
Requirement already satisfied (use --upgrade to upgrade): six>=1.9.0 in /home/ubuntu/miniconda/envs/_pipbuild_/lib/python2.7/site-packages (from django-openstack-auth==1.3.1)
Collecting Django<1.8,>=1.4.2 (from django-openstack-auth==1.3.1)
  Downloading http://localhost/packages/py2.py3/D/Django/Django-1.7.8-py2.py3-none-any.whl (7.4MB)
Collecting pbr<2.0,>=0.11 (from django-openstack-auth==1.3.1)
  Downloading http://localhost/packages/py2.py3/p/pbr/pbr-0.11.0-py2.py3-none-any.whl (78kB)
Collecting oslo.config>=1.11.0 (from django-openstack-auth==1.3.1)
  Downloading http://localhost/packages/py2.py3/o/oslo.config/oslo.config-1.11.0-py2.py3-none-any.whl (67kB)
Collecting python-keystoneclient>=1.3.0 (from django-openstack-auth==1.3.1)
  Downloading http://localhost/packages/py2.py3/p/python-keystoneclient/python_keystoneclient-1.4.0-py2.py3-none-any.whl (410kB)
Requirement already satisfied (use --upgrade to upgrade): pip in /home/ubuntu/miniconda/envs/_pipbuild_/lib/python2.7/site-packages (from pbr<2.0,>=0.11->django-openstack-auth==1.3.1)
Requirement already satisfied (use --upgrade to upgrade): argparse in /home/ubuntu/miniconda/envs/_pipbuild_/lib/python2.7/site-packages (from oslo.config>=1.11.0->django-openstack-auth==1.3.1)
Collecting netaddr>=0.7.12 (from oslo.config>=1.11.0->django-openstack-auth==1.3.1)
  Downloading http://localhost/packages/any/n/netaddr/netaddr-0.7.14-py2.py3-none-any.whl (1.5MB)
Collecting stevedore>=1.3.0 (from oslo.config>=1.11.0->django-openstack-auth==1.3.1)
  Downloading http://localhost/packages/py2.py3/s/stevedore/stevedore-1.4.0-py2.py3-none-any.whl
Collecting oslo.serialization>=1.4.0 (from python-keystoneclient>=1.3.0->django-openstack-auth==1.3.1)
  Downloading http://localhost/packages/py2.py3/o/oslo.serialization/oslo.serialization-1.5.0-py2.py3-none-any.whl
Collecting oslo.i18n>=1.5.0 (from python-keystoneclient>=1.3.0->django-openstack-auth==1.3.1)
  Downloading http://localhost/packages/py2.py3/o/oslo.i18n/oslo.i18n-1.6.0-py2.py3-none-any.whl
Collecting PrettyTable<0.8,>=0.7 (from python-keystoneclient>=1.3.0->django-openstack-auth==1.3.1)
  Downloading http://localhost/packages/source/P/PrettyTable/prettytable-0.7.2.tar.bz2
setuptools must be installed to install from a source distribution
Package search: {'_pypi_ordering': False, 'version': '1.3.1', 'name': 'django_openstack_auth', 'summary': 'Django authentication backend for use with OpenStack Identity'}
Creating standard recipe for django_openstack_auth-1.3.1
Using url https://pypi.python.org/packages/source/d/django_openstack_auth/django_openstack_auth-1.3.1.tar.gz (73 KB) for django_openstack_auth.
Downloading django_openstack_auth
Using cached download
Unpacking django_openstack_auth...
done
working in /tmp/tmpCp5oIKconda_skeleton_django_openstack_auth-1.3.1.tar.gz
Fetching package metadata: ......

WARNING: conda-build appears to be out of date. You have version 1.13.0 but the
latest version is 1.14.0. Run

conda update -n root conda-build

to get the latest version.

Solving package specifications: .patching file core.py
Hunk #1 succeeded at 168 with fuzz 2 (offset 2 lines).
Traceback (most recent call last):
  File "setup.py", line 18, in <module>
    import setuptools
ImportError: No module named setuptools

Applying patch: '/tmp/tmpCp5oIKconda_skeleton_django_openstack_auth-1.3.1.tar.gz/pypi-distutils.patch'
$PYTHONPATH = /tmp/tmpCp5oIKconda_skeleton_django_openstack_auth-1.3.1.tar.gz/django_openstack_auth-1.3.1
Error: command failed: /home/ubuntu/miniconda/envs/_build/bin/python setup.py install

conda create -n _pipbuild_ --yes python pip
/home/ubuntu/miniconda/envs/_pipbuild_/bin/pip install django_openstack_auth==1.3.1
Error: Could not pip install django_openstack_auth==1.3.1
