Error: prefix already exists: /home/ubuntu/miniconda/envs/_pipbuild_
Collecting djangorestframework==3.1.3
  Could not find a version that satisfies the requirement djangorestframework==3.1.3 (from versions: 0.1, 0.1.1, 0.2.0, 0.2.1, 0.2.2, 0.2.3, 0.2.4, 0.3.0, 0.3.1, 0.3.2, 0.3.3, 0.4.0, 2.0.0, 2.0.1, 2.0.2, 2.1.0, 2.1.1, 2.1.2, 2.1.3, 2.1.4, 2.1.5, 2.1.6, 2.1.7, 2.1.8, 2.1.9, 2.1.10, 2.1.11, 2.1.12, 2.1.13, 2.1.14, 2.1.15, 2.1.16, 2.1.17, 2.2.0, 2.2.1, 2.2.2, 2.2.3, 2.2.4, 2.2.5, 2.2.6, 2.2.7, 2.3.0, 2.3.1, 2.3.2, 2.3.3, 2.3.4, 2.3.5, 2.3.6, 2.3.7, 2.3.8, 2.3.9, 2.3.10, 2.3.11, 2.3.12, 2.3.13, 2.3.14, 2.4.0, 2.4.1, 2.4.2, 2.4.3, 2.4.4, 2.4.5, 3.0.0, 3.0.1, 3.0.2, 3.0.3, 3.0.4, 3.0.5, 3.1.0, 3.1.1, 3.1.2)
No matching distribution found for djangorestframework==3.1.3
Package search: {'_pypi_ordering': False, 'version': '0.1', 'name': 'djangorestframework', 'summary': 'A lightweight REST framework for Django.'}
Creating standard recipe for djangorestframework-3.1.3
Using url https://pypi.python.org/packages/source/d/djangorestframework/djangorestframework-3.1.3.tar.gz (336 KB) for djangorestframework.
Downloading djangorestframework
Using cached download
Unpacking djangorestframework...
done
working in /tmp/tmptdYzMcconda_skeleton_djangorestframework-3.1.3.tar.gz
Fetching package metadata: ......

WARNING: conda-build appears to be out of date. You have version 1.13.0 but the
latest version is 1.14.0. Run

conda update -n root conda-build

to get the latest version.

Solving package specifications: .patching file core.py
Hunk #1 succeeded at 168 with fuzz 2 (offset 2 lines).
Traceback (most recent call last):
  File "setup.py", line 4, in <module>
    from setuptools import setup
ImportError: No module named setuptools

Applying patch: '/tmp/tmptdYzMcconda_skeleton_djangorestframework-3.1.3.tar.gz/pypi-distutils.patch'
$PYTHONPATH = /tmp/tmptdYzMcconda_skeleton_djangorestframework-3.1.3.tar.gz/djangorestframework-3.1.3
Error: command failed: /home/ubuntu/miniconda/envs/_build/bin/python setup.py install

conda create -n _pipbuild_ --yes python pip
/home/ubuntu/miniconda/envs/_pipbuild_/bin/pip install djangorestframework==3.1.3
Error: Could not pip install djangorestframework==3.1.3
