Warning, the following versions were found for django-buckeye-corpus
0.3.55
0.3.54
0.3.53
0.3.52
0.3.51
0.3.50
0.3.49
0.3.48
0.3.47
0.3.46
0.3.45
0.3.44
0.3.43
0.3.42
0.3.41
0.3.40
0.3.39
0.3.38
0.3.37
0.3.36
0.3.35
0.3.34
0.3.33
0.3.32
0.3.31
0.3.30
0.3.29
0.3.27
0.3.26
0.3.25
0.3.24
0.3.23
0.3.22
0.3.21
0.3.20
0.3.19
0.3.18
0.3.15
0.3.14
0.3.13
0.3.12
0.3.11
0.3.10
0.3.9
0.3.8
0.3.7
0.3.6
0.3.5
0.3.4
0.3.3
0.3.2
0.3.1
0.3.0
0.2.99
0.2.97
0.2.96
0.2.95
0.2.94
0.2.93
0.2.92
0.2.91
0.2.89
0.2.88
0.2.87
0.2.86
0.2.85
0.2.84
0.2.83
0.2.81
0.2.80
0.2.78
0.2.77
0.2.76
0.2.75
0.2.74
0.2.72
0.2.71
0.2.70
0.2.69
0.2.68
0.2.67
0.2.66
0.2.65
0.2.64
0.2.63
0.2.62
0.2.61
0.2.60
0.2.59
0.2.58
0.2.57
0.2.56
0.2.55
0.2.54
0.2.53
0.2.52
0.2.51
0.2.50
0.2.49
0.2.48
0.2.47
0.2.46
0.2.44
0.2.43
0.2.42
0.2.41
0.2.40
0.2.39
0.2.38
0.2.37
0.2.36
0.2.35
0.2.34
0.2.33
0.2.32
0.2.31
0.2.30
0.2.29
0.2.27
0.2.26
0.2.25
0.2.24
0.2.23
0.2.22
0.2.21
0.2.20
0.2.19
0.2.18
0.2.17
0.2.16
0.2.15
0.2.14
0.2.13
0.2.12
0.2.11
0.2.10
0.2.9
0.2.8
0.2.7
0.2.6
0.2.5
0.2.4
0.2.3
0.2.2
0.2.1
0.2.0
0.1.18
0.1.17
0.1.16
0.1.15
0.1.14
0.1.13
0.1.12
0.1.11
0.1.10
0.1.9
0.1.8
0.1.7
0.1.6
0.1.5
0.1.4
0.1.3
0.1.2
0.1.1
0.1.0
Using 0.3.55
Use --version to specify a different version.
Using url https://pypi.python.org/packages/source/d/django-buckeye-corpus/django-buckeye-corpus-0.3.55.tar.gz (35 KB) for django-buckeye-corpus.
Downloading django-buckeye-corpus
Using cached download
Unpacking django-buckeye-corpus...
done
working in /tmp/tmpjs1Gexconda_skeleton_django-buckeye-corpus-0.3.55.tar.gz
Fetching package metadata: ......

WARNING: conda-build appears to be out of date. You have version 1.13.0 but the
latest version is 1.14.1. Run

conda update -n root conda-build

to get the latest version.

Solving package specifications: .patching file core.py
Hunk #1 succeeded at 168 with fuzz 2 (offset 2 lines).

WARNING: conda-build appears to be out of date. You have version 1.13.0 but the
latest version is 1.14.1. Run

conda update -n root conda-build

to get the latest version.


The following NEW packages will be INSTALLED:

    numpy:  1.9.2-py27_0
    pyyaml: 3.11-py27_1 
    yaml:   0.1.6-0     

Linking packages ...
[                    ]|                                                  |   0%[yaml                ]|                                                  |   0%[numpy               ]|################                                  |  33%[pyyaml              ]|#################################                 |  66%[      COMPLETE      ]|##################################################| 100%
Applying patch: '/tmp/tmpjs1Gexconda_skeleton_django-buckeye-corpus-0.3.55.tar.gz/pypi-distutils.patch'
Warning, the following versions were found for linguistic-helper-functions
0.1.23
0.1.22
0.1.21
0.1.20
0.1.19
0.1.18
0.1.17
0.1.16
0.1.15
0.1.14
0.1.13
0.1.12
0.1.11
0.1.10
0.1.9
0.1.8
0.1.7
0.1.6
0.1.5
0.1.4
0.1.3
0.1.2
0.1.1
0.1.0
Using 0.1.23
Use --version to specify a different version.
Using url https://pypi.python.org/packages/source/l/linguistic-helper-functions/linguistic-helper-functions-0.1.23.tar.gz (304 KB) for linguistic-helper-functions.
Downloading linguistic-helper-functions
Using cached download
Unpacking linguistic-helper-functions...
done
working in /tmp/tmpockmE9conda_skeleton_linguistic-helper-functions-0.1.23.tar.gz
Solving package specifications: .patching file core.py
Hunk #1 succeeded at 168 with fuzz 2 (offset 2 lines).

WARNING: conda-build appears to be out of date. You have version 1.13.0 but the
latest version is 1.14.1. Run

conda update -n root conda-build

to get the latest version.


Applying patch: '/tmp/tmpockmE9conda_skeleton_linguistic-helper-functions-0.1.23.tar.gz/pypi-distutils.patch'
Warning, the following versions were found for numpy
1.9.2
1.9.1
1.9.0
1.8.2
1.8.1
1.8.0
1.7.2
1.7.1
1.7.0
1.6.2
1.6.1
1.6.0
1.5.1
1.5.0
1.4.1
1.4.0
1.3.0
1.2.1
1.2.0
1.1.1
1.0.4
1.0.3
1.0
1.0rc3
1.0rc2
1.0rc1
1.0b5
1.0b4
1.0b1
0.9.8
0.9.6
Using 1.9.2
Use --version to specify a different version.
Using url https://pypi.python.org/packages/source/n/numpy/numpy-1.9.2.tar.gz (3.8 MB) for numpy.
Downloading numpy
Using cached download
Unpacking numpy...
done
working in /tmp/tmpvQUBUWconda_skeleton_numpy-1.9.2.tar.gz
Solving package specifications: .patching file core.py
Hunk #1 succeeded at 168 with fuzz 2 (offset 2 lines).
Running from numpy source directory.
Traceback (most recent call last):
  File "setup.py", line 251, in <module>
    setup_package()
  File "setup.py", line 243, in setup_package
    setup(**metadata)
  File "/tmp/tmpvQUBUWconda_skeleton_numpy-1.9.2.tar.gz/numpy-1.9.2/numpy/distutils/core.py", line 130, in setup
    if dist.help or not _command_line_ok():
AttributeError: 'NoneType' object has no attribute 'help'

Applying patch: '/tmp/tmpvQUBUWconda_skeleton_numpy-1.9.2.tar.gz/pypi-distutils.patch'
$PYTHONPATH = /tmp/tmpvQUBUWconda_skeleton_numpy-1.9.2.tar.gz/numpy-1.9.2
Error: command failed: /home/ubuntu/miniconda/envs/_build/bin/python setup.py install
