Warning, the following versions were found for django-facebook
6.0.3
6.0.2
6.0.1
6.0.0
5.3.1
5.3.0
5.2.10
5.2.9
5.2.8
5.2.7
5.2.6
5.2.5
5.2.4
5.2.3
5.2.2
5.2.1
5.2.0
5.1.10
5.1.9
5.1.8
5.1.7
5.1.6
5.1.5
5.1.2
5.1.1
5.1.0
5.0.13
5.0.12
5.0.11beta
5.0.10beta
5.0.9beta
5.0.8beta
5.0.7beta
5.0.6beta
5.0.5alpha
4.3.4
4.3.3
4.3.1
4.3.0
4.2.11
4.2.10
4.2.9
4.2.8
4.2.7
4.2.5
4.2.4
4.2.3
4.2.2
4.2.1
4.2.0
4.1.7
4.1.6
4.1.5
4.1.4
4.1.3
4.1.2
4.1.1
4.1.0
4.0.11
4.0.10
4.0.9
4.0.8
4.0.7
4.0.6
4.0.5
4.0.4
4.0.3
4.0.2
4.0.1
3.6.7
3.6.6
3.6.5
3.6.4
3.6.3
3.6.2
3.6.1
3.6.0
3.5.93
3.5.92
3.5.9
3.5.8
3.5.7
3.5.6
3.5.5
3.5.4
3.5.3
3.5.0
3.4.4
3.3.0
3.2.7
3.2.5
3.2.4
3.2.3
3.2.2
3.2.1
3.2.0
3.1.9
3.1.8
3.1.7
3.1.6
3.1.5
3.1.2
3.1.1
3.1.0
3.0.8
3.0.5
3.0.4
2.3.3
2.3.2
2.3.1
2.3.0
2.2.15
2.2.14
2.2.13
2.2.12
2.2.10
2.2.9
2.2.8
2.2.7
2.2.6
2.2.5
2.2.4
2.2.3
2.2.2
2.2.1
2.2.0
2.1.5
2.1.3
2.1.2
2.1.1
2.1
2.0.18
2.0.16
2.0.15
2.0.14
2.0.13
2.0.12
2.0.11
2.0.10
2.0.8
2.0.7
2.0.6
2.0.5
2.0.4
2.0.3
2.0.2
2.0.1
2.0
1.0
5.0.2prealpha
5.0.1prealpha
5.0.0prealpha
Using 6.0.3
Use --version to specify a different version.
Using url https://pypi.python.org/packages/source/d/django-facebook/django-facebook-6.0.3.tar.gz (94 KB) for django-facebook.
Downloading django-facebook
Using cached download
Unpacking django-facebook...
done
working in /tmp/tmpO5wiwJconda_skeleton_django-facebook-6.0.3.tar.gz
Fetching package metadata: ......

WARNING: conda-build appears to be out of date. You have version 1.13.0 but the
latest version is 1.14.1. Run

conda update -n root conda-build

to get the latest version.

Solving package specifications: .patching file core.py
Hunk #1 succeeded at 168 with fuzz 2 (offset 2 lines).

The following NEW packages will be INSTALLED:

    numpy:      1.9.2-py27_0 
    openssl:    1.0.1k-1     
    pip:        7.0.3-py27_0 
    python:     2.7.10-0     
    pyyaml:     3.11-py27_1  
    readline:   6.2-2        
    setuptools: 18.0.1-py27_0
    sqlite:     3.8.4.1-1    
    system:     5.8-2        
    tk:         8.5.18-0     
    yaml:       0.1.6-0      
    zlib:       1.2.8-0      

Linking packages ...
[                    ]|                                                  |   0%[openssl             ]|                                                  |   0%[readline            ]|####                                              |   8%[sqlite              ]|########                                          |  16%[system              ]|############                                      |  25%[tk                  ]|################                                  |  33%[yaml                ]|####################                              |  41%[zlib                ]|#########################                         |  50%[numpy               ]|#############################                     |  58%[python              ]|#################################                 |  66%[pyyaml              ]|#####################################             |  75%[setuptools          ]|#########################################         |  83%[pip                 ]|#############################################     |  91%[      COMPLETE      ]|##################################################| 100%
Applying patch: '/tmp/tmpO5wiwJconda_skeleton_django-facebook-6.0.3.tar.gz/pypi-distutils.patch'
Writing recipe for django-facebook
Done
