Error: prefix already exists: /home/ubuntu/miniconda/envs/_pipbuild_
Collecting django-ses==0.7.0
  Downloading http://localhost/packages/source/d/django-ses/django-ses-0.7.0.tar.gz
setuptools must be installed to install from a source distribution
Package search: {'_pypi_ordering': False, 'version': '0.7.0', 'name': 'django-ses', 'summary': "A Django email backend for Amazon's Simple Email Service"}
Creating standard recipe for django-ses-0.7.0
Using url https://pypi.python.org/packages/source/d/django-ses/django-ses-0.7.0.tar.gz (30 KB) for django-ses.
Downloading django-ses
Using cached download
Unpacking django-ses...
done
working in /tmp/tmpT6u0Yzconda_skeleton_django-ses-0.7.0.tar.gz
Fetching package metadata: ......

WARNING: conda-build appears to be out of date. You have version 1.13.0 but the
latest version is 1.14.0. Run

conda update -n root conda-build

to get the latest version.

Solving package specifications: .patching file core.py
Hunk #1 succeeded at 168 with fuzz 2 (offset 2 lines).
Traceback (most recent call last):
  File "setup.py", line 7, in <module>
    from setuptools import setup, find_packages
ImportError: No module named setuptools

Applying patch: '/tmp/tmpT6u0Yzconda_skeleton_django-ses-0.7.0.tar.gz/pypi-distutils.patch'
$PYTHONPATH = /tmp/tmpT6u0Yzconda_skeleton_django-ses-0.7.0.tar.gz/django-ses-0.7.0
Error: command failed: /home/ubuntu/miniconda/envs/_build/bin/python setup.py install

conda create -n _pipbuild_ --yes python pip
/home/ubuntu/miniconda/envs/_pipbuild_/bin/pip install django-ses==0.7.0
Error: Could not pip install django-ses==0.7.0
