Warning, the following versions were found for djangorecipe
2.1.1
2.1
2.0
1.11
1.10
1.9
1.8
1.7
1.6
1.5
1.4
1.3
1.2.1
1.2
1.1.2
1.1.1
1.0
0.99
0.23.1
0.23
0.22
0.21
0.20
0.19.2
0.19.1
0.19
0.18
0.17.4
0.17.3
0.17.2
0.17.1
0.17
0.16
0.15.2
0.15.1
0.15
0.14
0.13
0.12.1
0.12
0.11
0.10
0.9.1
0.9
0.8
0.7
0.6
0.5
0.4
0.3
0.2
0.1dev
Using 2.1.1
Use --version to specify a different version.
Using url https://pypi.python.org/packages/source/d/djangorecipe/djangorecipe-2.1.1.tar.gz (25 KB) for djangorecipe.
Downloading djangorecipe
Unpacking djangorecipe...
done
working in /tmp/tmpJ3OjE5conda_skeleton_djangorecipe-2.1.1.tar.gz
Fetching package metadata: ......

WARNING: conda-build appears to be out of date. You have version 1.13.0 but the
latest version is 1.14.1. Run

conda update -n root conda-build

to get the latest version.

Solving package specifications: .patching file core.py
Hunk #1 succeeded at 168 with fuzz 2 (offset 2 lines).

Applying patch: '/tmp/tmpJ3OjE5conda_skeleton_djangorecipe-2.1.1.tar.gz/pypi-distutils.patch'
WARNING: Could not add entry points. They were:

      # -*- Entry points: -*-
      [zc.buildout]
      default = djangorecipe.recipe:Recipe
      
Writing recipe for djangorecipe
Done
