Removing old build directory
Removing old work directory
BUILD START: django_openstack_auth-1.3.1-py_0
Fetching package metadata: ......

WARNING: conda-build appears to be out of date. You have version 1.13.0 but the
latest version is 1.14.1. Run

conda update -n root conda-build

to get the latest version.

Solving package specifications: .+ /home/ubuntu/miniconda/envs/_build/bin/python setup.py install

Installed /home/ubuntu/miniconda/conda-bld/work/django_openstack_auth-1.3.1/.eggs/pbr-1.2.0-py2.7.egg
running install
running build
running build_py
creating build
creating build/lib
creating build/lib/openstack_auth
creating build/lib/openstack_auth/tests
copying openstack_auth/tests/data_v2.py -> build/lib/openstack_auth/tests
copying openstack_auth/tests/tests.py -> build/lib/openstack_auth/tests
copying openstack_auth/tests/urls.py -> build/lib/openstack_auth/tests
copying openstack_auth/tests/__init__.py -> build/lib/openstack_auth/tests
copying openstack_auth/tests/run_tests.py -> build/lib/openstack_auth/tests
copying openstack_auth/tests/settings.py -> build/lib/openstack_auth/tests
copying openstack_auth/tests/models.py -> build/lib/openstack_auth/tests
copying openstack_auth/tests/data_v3.py -> build/lib/openstack_auth/tests
creating build/lib/openstack_auth/openstack
creating build/lib/openstack_auth/openstack/common
copying openstack_auth/openstack/common/_i18n.py -> build/lib/openstack_auth/openstack/common
copying openstack_auth/openstack/common/policy.py -> build/lib/openstack_auth/openstack/common
copying openstack_auth/openstack/common/local.py -> build/lib/openstack_auth/openstack/common
copying openstack_auth/openstack/common/log.py -> build/lib/openstack_auth/openstack/common
copying openstack_auth/openstack/common/__init__.py -> build/lib/openstack_auth/openstack/common
copying openstack_auth/openstack/common/fileutils.py -> build/lib/openstack_auth/openstack/common
copying openstack_auth/utils.py -> build/lib/openstack_auth
copying openstack_auth/policy.py -> build/lib/openstack_auth
copying openstack_auth/user.py -> build/lib/openstack_auth
copying openstack_auth/views.py -> build/lib/openstack_auth
copying openstack_auth/urls.py -> build/lib/openstack_auth
copying openstack_auth/forms.py -> build/lib/openstack_auth
copying openstack_auth/__init__.py -> build/lib/openstack_auth
copying openstack_auth/backend.py -> build/lib/openstack_auth
copying openstack_auth/exceptions.py -> build/lib/openstack_auth
creating build/lib/openstack_auth/plugin
copying openstack_auth/plugin/token.py -> build/lib/openstack_auth/plugin
copying openstack_auth/plugin/__init__.py -> build/lib/openstack_auth/plugin
copying openstack_auth/plugin/password.py -> build/lib/openstack_auth/plugin
copying openstack_auth/plugin/base.py -> build/lib/openstack_auth/plugin
copying openstack_auth/openstack/__init__.py -> build/lib/openstack_auth/openstack
running egg_info
writing requirements to django_openstack_auth.egg-info/requires.txt
writing django_openstack_auth.egg-info/PKG-INFO
writing top-level names to django_openstack_auth.egg-info/top_level.txt
writing dependency_links to django_openstack_auth.egg-info/dependency_links.txt
[pbr] Reusing existing SOURCES.txt
creating build/lib/openstack_auth/tests/conf
copying openstack_auth/tests/conf/keystone_policy.json -> build/lib/openstack_auth/tests/conf
copying openstack_auth/tests/conf/nova_policy.json -> build/lib/openstack_auth/tests/conf
creating build/lib/openstack_auth/tests/templates
creating build/lib/openstack_auth/tests/templates/auth
copying openstack_auth/tests/templates/auth/blank.html -> build/lib/openstack_auth/tests/templates/auth
copying openstack_auth/tests/templates/auth/login.html -> build/lib/openstack_auth/tests/templates/auth
creating build/lib/openstack_auth/locale
copying openstack_auth/locale/openstack_auth.pot -> build/lib/openstack_auth/locale
creating build/lib/openstack_auth/locale/ar
creating build/lib/openstack_auth/locale/ar/LC_MESSAGES
copying openstack_auth/locale/ar/LC_MESSAGES/django.po -> build/lib/openstack_auth/locale/ar/LC_MESSAGES
creating build/lib/openstack_auth/locale/ca
creating build/lib/openstack_auth/locale/ca/LC_MESSAGES
copying openstack_auth/locale/ca/LC_MESSAGES/django.po -> build/lib/openstack_auth/locale/ca/LC_MESSAGES
creating build/lib/openstack_auth/locale/cs
creating build/lib/openstack_auth/locale/cs/LC_MESSAGES
copying openstack_auth/locale/cs/LC_MESSAGES/django.po -> build/lib/openstack_auth/locale/cs/LC_MESSAGES
creating build/lib/openstack_auth/locale/de
creating build/lib/openstack_auth/locale/de/LC_MESSAGES
copying openstack_auth/locale/de/LC_MESSAGES/django.po -> build/lib/openstack_auth/locale/de/LC_MESSAGES
creating build/lib/openstack_auth/locale/en_AU
creating build/lib/openstack_auth/locale/en_AU/LC_MESSAGES
copying openstack_auth/locale/en_AU/LC_MESSAGES/django.po -> build/lib/openstack_auth/locale/en_AU/LC_MESSAGES
creating build/lib/openstack_auth/locale/en_GB
creating build/lib/openstack_auth/locale/en_GB/LC_MESSAGES
copying openstack_auth/locale/en_GB/LC_MESSAGES/django.po -> build/lib/openstack_auth/locale/en_GB/LC_MESSAGES
creating build/lib/openstack_auth/locale/es
creating build/lib/openstack_auth/locale/es/LC_MESSAGES
copying openstack_auth/locale/es/LC_MESSAGES/django.po -> build/lib/openstack_auth/locale/es/LC_MESSAGES
creating build/lib/openstack_auth/locale/es_MX
creating build/lib/openstack_auth/locale/es_MX/LC_MESSAGES
copying openstack_auth/locale/es_MX/LC_MESSAGES/django.po -> build/lib/openstack_auth/locale/es_MX/LC_MESSAGES
creating build/lib/openstack_auth/locale/fi_FI
creating build/lib/openstack_auth/locale/fi_FI/LC_MESSAGES
copying openstack_auth/locale/fi_FI/LC_MESSAGES/django.po -> build/lib/openstack_auth/locale/fi_FI/LC_MESSAGES
creating build/lib/openstack_auth/locale/fr
creating build/lib/openstack_auth/locale/fr/LC_MESSAGES
copying openstack_auth/locale/fr/LC_MESSAGES/django.po -> build/lib/openstack_auth/locale/fr/LC_MESSAGES
creating build/lib/openstack_auth/locale/hi
creating build/lib/openstack_auth/locale/hi/LC_MESSAGES
copying openstack_auth/locale/hi/LC_MESSAGES/django.po -> build/lib/openstack_auth/locale/hi/LC_MESSAGES
creating build/lib/openstack_auth/locale/it
creating build/lib/openstack_auth/locale/it/LC_MESSAGES
copying openstack_auth/locale/it/LC_MESSAGES/django.po -> build/lib/openstack_auth/locale/it/LC_MESSAGES
creating build/lib/openstack_auth/locale/ja
creating build/lib/openstack_auth/locale/ja/LC_MESSAGES
copying openstack_auth/locale/ja/LC_MESSAGES/django.po -> build/lib/openstack_auth/locale/ja/LC_MESSAGES
creating build/lib/openstack_auth/locale/ko_KR
creating build/lib/openstack_auth/locale/ko_KR/LC_MESSAGES
copying openstack_auth/locale/ko_KR/LC_MESSAGES/django.po -> build/lib/openstack_auth/locale/ko_KR/LC_MESSAGES
creating build/lib/openstack_auth/locale/ne
creating build/lib/openstack_auth/locale/ne/LC_MESSAGES
copying openstack_auth/locale/ne/LC_MESSAGES/django.po -> build/lib/openstack_auth/locale/ne/LC_MESSAGES
creating build/lib/openstack_auth/locale/nl_NL
creating build/lib/openstack_auth/locale/nl_NL/LC_MESSAGES
copying openstack_auth/locale/nl_NL/LC_MESSAGES/django.po -> build/lib/openstack_auth/locale/nl_NL/LC_MESSAGES
creating build/lib/openstack_auth/locale/pa_IN
creating build/lib/openstack_auth/locale/pa_IN/LC_MESSAGES
copying openstack_auth/locale/pa_IN/LC_MESSAGES/django.po -> build/lib/openstack_auth/locale/pa_IN/LC_MESSAGES
creating build/lib/openstack_auth/locale/pl_PL
creating build/lib/openstack_auth/locale/pl_PL/LC_MESSAGES
copying openstack_auth/locale/pl_PL/LC_MESSAGES/django.po -> build/lib/openstack_auth/locale/pl_PL/LC_MESSAGES
creating build/lib/openstack_auth/locale/pt
creating build/lib/openstack_auth/locale/pt/LC_MESSAGES
copying openstack_auth/locale/pt/LC_MESSAGES/django.po -> build/lib/openstack_auth/locale/pt/LC_MESSAGES
creating build/lib/openstack_auth/locale/pt_BR
creating build/lib/openstack_auth/locale/pt_BR/LC_MESSAGES
copying openstack_auth/locale/pt_BR/LC_MESSAGES/django.po -> build/lib/openstack_auth/locale/pt_BR/LC_MESSAGES
creating build/lib/openstack_auth/locale/ru
creating build/lib/openstack_auth/locale/ru/LC_MESSAGES
copying openstack_auth/locale/ru/LC_MESSAGES/django.po -> build/lib/openstack_auth/locale/ru/LC_MESSAGES
creating build/lib/openstack_auth/locale/sl_SI
creating build/lib/openstack_auth/locale/sl_SI/LC_MESSAGES
copying openstack_auth/locale/sl_SI/LC_MESSAGES/django.po -> build/lib/openstack_auth/locale/sl_SI/LC_MESSAGES
creating build/lib/openstack_auth/locale/sr
creating build/lib/openstack_auth/locale/sr/LC_MESSAGES
copying openstack_auth/locale/sr/LC_MESSAGES/django.po -> build/lib/openstack_auth/locale/sr/LC_MESSAGES
creating build/lib/openstack_auth/locale/tr_TR
creating build/lib/openstack_auth/locale/tr_TR/LC_MESSAGES
copying openstack_auth/locale/tr_TR/LC_MESSAGES/django.po -> build/lib/openstack_auth/locale/tr_TR/LC_MESSAGES
creating build/lib/openstack_auth/locale/uk
creating build/lib/openstack_auth/locale/uk/LC_MESSAGES
copying openstack_auth/locale/uk/LC_MESSAGES/django.po -> build/lib/openstack_auth/locale/uk/LC_MESSAGES
creating build/lib/openstack_auth/locale/zh_CN
creating build/lib/openstack_auth/locale/zh_CN/LC_MESSAGES
copying openstack_auth/locale/zh_CN/LC_MESSAGES/django.po -> build/lib/openstack_auth/locale/zh_CN/LC_MESSAGES
creating build/lib/openstack_auth/locale/zh_TW
creating build/lib/openstack_auth/locale/zh_TW/LC_MESSAGES
copying openstack_auth/locale/zh_TW/LC_MESSAGES/django.po -> build/lib/openstack_auth/locale/zh_TW/LC_MESSAGES
running install_lib
creating /home/ubuntu/miniconda/envs/_build/lib/python2.7/site-packages/openstack_auth
copying build/lib/openstack_auth/utils.py -> /home/ubuntu/miniconda/envs/_build/lib/python2.7/site-packages/openstack_auth
copying build/lib/openstack_auth/policy.py -> /home/ubuntu/miniconda/envs/_build/lib/python2.7/site-packages/openstack_auth
copying build/lib/openstack_auth/user.py -> /home/ubuntu/miniconda/envs/_build/lib/python2.7/site-packages/openstack_auth
copying build/lib/openstack_auth/views.py -> /home/ubuntu/miniconda/envs/_build/lib/python2.7/site-packages/openstack_auth
creating /home/ubuntu/miniconda/envs/_build/lib/python2.7/site-packages/openstack_auth/tests
copying build/lib/openstack_auth/tests/data_v2.py -> /home/ubuntu/miniconda/envs/_build/lib/python2.7/site-packages/openstack_auth/tests
creating /home/ubuntu/miniconda/envs/_build/lib/python2.7/site-packages/openstack_auth/tests/conf
copying build/lib/openstack_auth/tests/conf/keystone_policy.json -> /home/ubuntu/miniconda/envs/_build/lib/python2.7/site-packages/openstack_auth/tests/conf
copying build/lib/openstack_auth/tests/conf/nova_policy.json -> /home/ubuntu/miniconda/envs/_build/lib/python2.7/site-packages/openstack_auth/tests/conf
creating /home/ubuntu/miniconda/envs/_build/lib/python2.7/site-packages/openstack_auth/tests/templates
creating /home/ubuntu/miniconda/envs/_build/lib/python2.7/site-packages/openstack_auth/tests/templates/auth
copying build/lib/openstack_auth/tests/templates/auth/login.html -> /home/ubuntu/miniconda/envs/_build/lib/python2.7/site-packages/openstack_auth/tests/templates/auth
copying build/lib/openstack_auth/tests/templates/auth/blank.html -> /home/ubuntu/miniconda/envs/_build/lib/python2.7/site-packages/openstack_auth/tests/templates/auth
copying build/lib/openstack_auth/tests/tests.py -> /home/ubuntu/miniconda/envs/_build/lib/python2.7/site-packages/openstack_auth/tests
copying build/lib/openstack_auth/tests/urls.py -> /home/ubuntu/miniconda/envs/_build/lib/python2.7/site-packages/openstack_auth/tests
copying build/lib/openstack_auth/tests/__init__.py -> /home/ubuntu/miniconda/envs/_build/lib/python2.7/site-packages/openstack_auth/tests
copying build/lib/openstack_auth/tests/run_tests.py -> /home/ubuntu/miniconda/envs/_build/lib/python2.7/site-packages/openstack_auth/tests
copying build/lib/openstack_auth/tests/settings.py -> /home/ubuntu/miniconda/envs/_build/lib/python2.7/site-packages/openstack_auth/tests
copying build/lib/openstack_auth/tests/models.py -> /home/ubuntu/miniconda/envs/_build/lib/python2.7/site-packages/openstack_auth/tests
copying build/lib/openstack_auth/tests/data_v3.py -> /home/ubuntu/miniconda/envs/_build/lib/python2.7/site-packages/openstack_auth/tests
copying build/lib/openstack_auth/urls.py -> /home/ubuntu/miniconda/envs/_build/lib/python2.7/site-packages/openstack_auth
copying build/lib/openstack_auth/forms.py -> /home/ubuntu/miniconda/envs/_build/lib/python2.7/site-packages/openstack_auth
copying build/lib/openstack_auth/__init__.py -> /home/ubuntu/miniconda/envs/_build/lib/python2.7/site-packages/openstack_auth
copying build/lib/openstack_auth/backend.py -> /home/ubuntu/miniconda/envs/_build/lib/python2.7/site-packages/openstack_auth
creating /home/ubuntu/miniconda/envs/_build/lib/python2.7/site-packages/openstack_auth/openstack
creating /home/ubuntu/miniconda/envs/_build/lib/python2.7/site-packages/openstack_auth/openstack/common
copying build/lib/openstack_auth/openstack/common/_i18n.py -> /home/ubuntu/miniconda/envs/_build/lib/python2.7/site-packages/openstack_auth/openstack/common
copying build/lib/openstack_auth/openstack/common/policy.py -> /home/ubuntu/miniconda/envs/_build/lib/python2.7/site-packages/openstack_auth/openstack/common
copying build/lib/openstack_auth/openstack/common/local.py -> /home/ubuntu/miniconda/envs/_build/lib/python2.7/site-packages/openstack_auth/openstack/common
copying build/lib/openstack_auth/openstack/common/log.py -> /home/ubuntu/miniconda/envs/_build/lib/python2.7/site-packages/openstack_auth/openstack/common
copying build/lib/openstack_auth/openstack/common/__init__.py -> /home/ubuntu/miniconda/envs/_build/lib/python2.7/site-packages/openstack_auth/openstack/common
copying build/lib/openstack_auth/openstack/common/fileutils.py -> /home/ubuntu/miniconda/envs/_build/lib/python2.7/site-packages/openstack_auth/openstack/common
copying build/lib/openstack_auth/openstack/__init__.py -> /home/ubuntu/miniconda/envs/_build/lib/python2.7/site-packages/openstack_auth/openstack
creating /home/ubuntu/miniconda/envs/_build/lib/python2.7/site-packages/openstack_auth/plugin
copying build/lib/openstack_auth/plugin/token.py -> /home/ubuntu/miniconda/envs/_build/lib/python2.7/site-packages/openstack_auth/plugin
copying build/lib/openstack_auth/plugin/__init__.py -> /home/ubuntu/miniconda/envs/_build/lib/python2.7/site-packages/openstack_auth/plugin
copying build/lib/openstack_auth/plugin/password.py -> /home/ubuntu/miniconda/envs/_build/lib/python2.7/site-packages/openstack_auth/plugin
copying build/lib/openstack_auth/plugin/base.py -> /home/ubuntu/miniconda/envs/_build/lib/python2.7/site-packages/openstack_auth/plugin
creating /home/ubuntu/miniconda/envs/_build/lib/python2.7/site-packages/openstack_auth/locale
creating /home/ubuntu/miniconda/envs/_build/lib/python2.7/site-packages/openstack_auth/locale/pl_PL
creating /home/ubuntu/miniconda/envs/_build/lib/python2.7/site-packages/openstack_auth/locale/pl_PL/LC_MESSAGES
copying build/lib/openstack_auth/locale/pl_PL/LC_MESSAGES/django.po -> /home/ubuntu/miniconda/envs/_build/lib/python2.7/site-packages/openstack_auth/locale/pl_PL/LC_MESSAGES
creating /home/ubuntu/miniconda/envs/_build/lib/python2.7/site-packages/openstack_auth/locale/de
creating /home/ubuntu/miniconda/envs/_build/lib/python2.7/site-packages/openstack_auth/locale/de/LC_MESSAGES
copying build/lib/openstack_auth/locale/de/LC_MESSAGES/django.po -> /home/ubuntu/miniconda/envs/_build/lib/python2.7/site-packages/openstack_auth/locale/de/LC_MESSAGES
creating /home/ubuntu/miniconda/envs/_build/lib/python2.7/site-packages/openstack_auth/locale/it
creating /home/ubuntu/miniconda/envs/_build/lib/python2.7/site-packages/openstack_auth/locale/it/LC_MESSAGES
copying build/lib/openstack_auth/locale/it/LC_MESSAGES/django.po -> /home/ubuntu/miniconda/envs/_build/lib/python2.7/site-packages/openstack_auth/locale/it/LC_MESSAGES
creating /home/ubuntu/miniconda/envs/_build/lib/python2.7/site-packages/openstack_auth/locale/es_MX
creating /home/ubuntu/miniconda/envs/_build/lib/python2.7/site-packages/openstack_auth/locale/es_MX/LC_MESSAGES
copying build/lib/openstack_auth/locale/es_MX/LC_MESSAGES/django.po -> /home/ubuntu/miniconda/envs/_build/lib/python2.7/site-packages/openstack_auth/locale/es_MX/LC_MESSAGES
creating /home/ubuntu/miniconda/envs/_build/lib/python2.7/site-packages/openstack_auth/locale/zh_TW
creating /home/ubuntu/miniconda/envs/_build/lib/python2.7/site-packages/openstack_auth/locale/zh_TW/LC_MESSAGES
copying build/lib/openstack_auth/locale/zh_TW/LC_MESSAGES/django.po -> /home/ubuntu/miniconda/envs/_build/lib/python2.7/site-packages/openstack_auth/locale/zh_TW/LC_MESSAGES
creating /home/ubuntu/miniconda/envs/_build/lib/python2.7/site-packages/openstack_auth/locale/ja
creating /home/ubuntu/miniconda/envs/_build/lib/python2.7/site-packages/openstack_auth/locale/ja/LC_MESSAGES
copying build/lib/openstack_auth/locale/ja/LC_MESSAGES/django.po -> /home/ubuntu/miniconda/envs/_build/lib/python2.7/site-packages/openstack_auth/locale/ja/LC_MESSAGES
creating /home/ubuntu/miniconda/envs/_build/lib/python2.7/site-packages/openstack_auth/locale/cs
creating /home/ubuntu/miniconda/envs/_build/lib/python2.7/site-packages/openstack_auth/locale/cs/LC_MESSAGES
copying build/lib/openstack_auth/locale/cs/LC_MESSAGES/django.po -> /home/ubuntu/miniconda/envs/_build/lib/python2.7/site-packages/openstack_auth/locale/cs/LC_MESSAGES
creating /home/ubuntu/miniconda/envs/_build/lib/python2.7/site-packages/openstack_auth/locale/nl_NL
creating /home/ubuntu/miniconda/envs/_build/lib/python2.7/site-packages/openstack_auth/locale/nl_NL/LC_MESSAGES
copying build/lib/openstack_auth/locale/nl_NL/LC_MESSAGES/django.po -> /home/ubuntu/miniconda/envs/_build/lib/python2.7/site-packages/openstack_auth/locale/nl_NL/LC_MESSAGES
creating /home/ubuntu/miniconda/envs/_build/lib/python2.7/site-packages/openstack_auth/locale/sl_SI
creating /home/ubuntu/miniconda/envs/_build/lib/python2.7/site-packages/openstack_auth/locale/sl_SI/LC_MESSAGES
copying build/lib/openstack_auth/locale/sl_SI/LC_MESSAGES/django.po -> /home/ubuntu/miniconda/envs/_build/lib/python2.7/site-packages/openstack_auth/locale/sl_SI/LC_MESSAGES
creating /home/ubuntu/miniconda/envs/_build/lib/python2.7/site-packages/openstack_auth/locale/ar
creating /home/ubuntu/miniconda/envs/_build/lib/python2.7/site-packages/openstack_auth/locale/ar/LC_MESSAGES
copying build/lib/openstack_auth/locale/ar/LC_MESSAGES/django.po -> /home/ubuntu/miniconda/envs/_build/lib/python2.7/site-packages/openstack_auth/locale/ar/LC_MESSAGES
creating /home/ubuntu/miniconda/envs/_build/lib/python2.7/site-packages/openstack_auth/locale/ko_KR
creating /home/ubuntu/miniconda/envs/_build/lib/python2.7/site-packages/openstack_auth/locale/ko_KR/LC_MESSAGES
copying build/lib/openstack_auth/locale/ko_KR/LC_MESSAGES/django.po -> /home/ubuntu/miniconda/envs/_build/lib/python2.7/site-packages/openstack_auth/locale/ko_KR/LC_MESSAGES
creating /home/ubuntu/miniconda/envs/_build/lib/python2.7/site-packages/openstack_auth/locale/zh_CN
creating /home/ubuntu/miniconda/envs/_build/lib/python2.7/site-packages/openstack_auth/locale/zh_CN/LC_MESSAGES
copying build/lib/openstack_auth/locale/zh_CN/LC_MESSAGES/django.po -> /home/ubuntu/miniconda/envs/_build/lib/python2.7/site-packages/openstack_auth/locale/zh_CN/LC_MESSAGES
creating /home/ubuntu/miniconda/envs/_build/lib/python2.7/site-packages/openstack_auth/locale/fi_FI
creating /home/ubuntu/miniconda/envs/_build/lib/python2.7/site-packages/openstack_auth/locale/fi_FI/LC_MESSAGES
copying build/lib/openstack_auth/locale/fi_FI/LC_MESSAGES/django.po -> /home/ubuntu/miniconda/envs/_build/lib/python2.7/site-packages/openstack_auth/locale/fi_FI/LC_MESSAGES
creating /home/ubuntu/miniconda/envs/_build/lib/python2.7/site-packages/openstack_auth/locale/tr_TR
creating /home/ubuntu/miniconda/envs/_build/lib/python2.7/site-packages/openstack_auth/locale/tr_TR/LC_MESSAGES
copying build/lib/openstack_auth/locale/tr_TR/LC_MESSAGES/django.po -> /home/ubuntu/miniconda/envs/_build/lib/python2.7/site-packages/openstack_auth/locale/tr_TR/LC_MESSAGES
creating /home/ubuntu/miniconda/envs/_build/lib/python2.7/site-packages/openstack_auth/locale/es
creating /home/ubuntu/miniconda/envs/_build/lib/python2.7/site-packages/openstack_auth/locale/es/LC_MESSAGES
copying build/lib/openstack_auth/locale/es/LC_MESSAGES/django.po -> /home/ubuntu/miniconda/envs/_build/lib/python2.7/site-packages/openstack_auth/locale/es/LC_MESSAGES
creating /home/ubuntu/miniconda/envs/_build/lib/python2.7/site-packages/openstack_auth/locale/en_GB
creating /home/ubuntu/miniconda/envs/_build/lib/python2.7/site-packages/openstack_auth/locale/en_GB/LC_MESSAGES
copying build/lib/openstack_auth/locale/en_GB/LC_MESSAGES/django.po -> /home/ubuntu/miniconda/envs/_build/lib/python2.7/site-packages/openstack_auth/locale/en_GB/LC_MESSAGES
creating /home/ubuntu/miniconda/envs/_build/lib/python2.7/site-packages/openstack_auth/locale/ne
creating /home/ubuntu/miniconda/envs/_build/lib/python2.7/site-packages/openstack_auth/locale/ne/LC_MESSAGES
copying build/lib/openstack_auth/locale/ne/LC_MESSAGES/django.po -> /home/ubuntu/miniconda/envs/_build/lib/python2.7/site-packages/openstack_auth/locale/ne/LC_MESSAGES
creating /home/ubuntu/miniconda/envs/_build/lib/python2.7/site-packages/openstack_auth/locale/pt
creating /home/ubuntu/miniconda/envs/_build/lib/python2.7/site-packages/openstack_auth/locale/pt/LC_MESSAGES
copying build/lib/openstack_auth/locale/pt/LC_MESSAGES/django.po -> /home/ubuntu/miniconda/envs/_build/lib/python2.7/site-packages/openstack_auth/locale/pt/LC_MESSAGES
creating /home/ubuntu/miniconda/envs/_build/lib/python2.7/site-packages/openstack_auth/locale/fr
creating /home/ubuntu/miniconda/envs/_build/lib/python2.7/site-packages/openstack_auth/locale/fr/LC_MESSAGES
copying build/lib/openstack_auth/locale/fr/LC_MESSAGES/django.po -> /home/ubuntu/miniconda/envs/_build/lib/python2.7/site-packages/openstack_auth/locale/fr/LC_MESSAGES
creating /home/ubuntu/miniconda/envs/_build/lib/python2.7/site-packages/openstack_auth/locale/ca
creating /home/ubuntu/miniconda/envs/_build/lib/python2.7/site-packages/openstack_auth/locale/ca/LC_MESSAGES
copying build/lib/openstack_auth/locale/ca/LC_MESSAGES/django.po -> /home/ubuntu/miniconda/envs/_build/lib/python2.7/site-packages/openstack_auth/locale/ca/LC_MESSAGES
creating /home/ubuntu/miniconda/envs/_build/lib/python2.7/site-packages/openstack_auth/locale/sr
creating /home/ubuntu/miniconda/envs/_build/lib/python2.7/site-packages/openstack_auth/locale/sr/LC_MESSAGES
copying build/lib/openstack_auth/locale/sr/LC_MESSAGES/django.po -> /home/ubuntu/miniconda/envs/_build/lib/python2.7/site-packages/openstack_auth/locale/sr/LC_MESSAGES
creating /home/ubuntu/miniconda/envs/_build/lib/python2.7/site-packages/openstack_auth/locale/uk
creating /home/ubuntu/miniconda/envs/_build/lib/python2.7/site-packages/openstack_auth/locale/uk/LC_MESSAGES
copying build/lib/openstack_auth/locale/uk/LC_MESSAGES/django.po -> /home/ubuntu/miniconda/envs/_build/lib/python2.7/site-packages/openstack_auth/locale/uk/LC_MESSAGES
creating /home/ubuntu/miniconda/envs/_build/lib/python2.7/site-packages/openstack_auth/locale/en_AU
creating /home/ubuntu/miniconda/envs/_build/lib/python2.7/site-packages/openstack_auth/locale/en_AU/LC_MESSAGES
copying build/lib/openstack_auth/locale/en_AU/LC_MESSAGES/django.po -> /home/ubuntu/miniconda/envs/_build/lib/python2.7/site-packages/openstack_auth/locale/en_AU/LC_MESSAGES
creating /home/ubuntu/miniconda/envs/_build/lib/python2.7/site-packages/openstack_auth/locale/pa_IN
creating /home/ubuntu/miniconda/envs/_build/lib/python2.7/site-packages/openstack_auth/locale/pa_IN/LC_MESSAGES
copying build/lib/openstack_auth/locale/pa_IN/LC_MESSAGES/django.po -> /home/ubuntu/miniconda/envs/_build/lib/python2.7/site-packages/openstack_auth/locale/pa_IN/LC_MESSAGES
creating /home/ubuntu/miniconda/envs/_build/lib/python2.7/site-packages/openstack_auth/locale/hi
creating /home/ubuntu/miniconda/envs/_build/lib/python2.7/site-packages/openstack_auth/locale/hi/LC_MESSAGES
copying build/lib/openstack_auth/locale/hi/LC_MESSAGES/django.po -> /home/ubuntu/miniconda/envs/_build/lib/python2.7/site-packages/openstack_auth/locale/hi/LC_MESSAGES
copying build/lib/openstack_auth/locale/openstack_auth.pot -> /home/ubuntu/miniconda/envs/_build/lib/python2.7/site-packages/openstack_auth/locale
creating /home/ubuntu/miniconda/envs/_build/lib/python2.7/site-packages/openstack_auth/locale/pt_BR
creating /home/ubuntu/miniconda/envs/_build/lib/python2.7/site-packages/openstack_auth/locale/pt_BR/LC_MESSAGES
copying build/lib/openstack_auth/locale/pt_BR/LC_MESSAGES/django.po -> /home/ubuntu/miniconda/envs/_build/lib/python2.7/site-packages/openstack_auth/locale/pt_BR/LC_MESSAGES
creating /home/ubuntu/miniconda/envs/_build/lib/python2.7/site-packages/openstack_auth/locale/ru
creating /home/ubuntu/miniconda/envs/_build/lib/python2.7/site-packages/openstack_auth/locale/ru/LC_MESSAGES
copying build/lib/openstack_auth/locale/ru/LC_MESSAGES/django.po -> /home/ubuntu/miniconda/envs/_build/lib/python2.7/site-packages/openstack_auth/locale/ru/LC_MESSAGES
copying build/lib/openstack_auth/exceptions.py -> /home/ubuntu/miniconda/envs/_build/lib/python2.7/site-packages/openstack_auth
byte-compiling /home/ubuntu/miniconda/envs/_build/lib/python2.7/site-packages/openstack_auth/utils.py to utils.pyc
byte-compiling /home/ubuntu/miniconda/envs/_build/lib/python2.7/site-packages/openstack_auth/policy.py to policy.pyc
byte-compiling /home/ubuntu/miniconda/envs/_build/lib/python2.7/site-packages/openstack_auth/user.py to user.pyc
byte-compiling /home/ubuntu/miniconda/envs/_build/lib/python2.7/site-packages/openstack_auth/views.py to views.pyc
byte-compiling /home/ubuntu/miniconda/envs/_build/lib/python2.7/site-packages/openstack_auth/tests/data_v2.py to data_v2.pyc
byte-compiling /home/ubuntu/miniconda/envs/_build/lib/python2.7/site-packages/openstack_auth/tests/tests.py to tests.pyc
byte-compiling /home/ubuntu/miniconda/envs/_build/lib/python2.7/site-packages/openstack_auth/tests/urls.py to urls.pyc
byte-compiling /home/ubuntu/miniconda/envs/_build/lib/python2.7/site-packages/openstack_auth/tests/__init__.py to __init__.pyc
byte-compiling /home/ubuntu/miniconda/envs/_build/lib/python2.7/site-packages/openstack_auth/tests/run_tests.py to run_tests.pyc
byte-compiling /home/ubuntu/miniconda/envs/_build/lib/python2.7/site-packages/openstack_auth/tests/settings.py to settings.pyc
byte-compiling /home/ubuntu/miniconda/envs/_build/lib/python2.7/site-packages/openstack_auth/tests/models.py to models.pyc
byte-compiling /home/ubuntu/miniconda/envs/_build/lib/python2.7/site-packages/openstack_auth/tests/data_v3.py to data_v3.pyc
byte-compiling /home/ubuntu/miniconda/envs/_build/lib/python2.7/site-packages/openstack_auth/urls.py to urls.pyc
byte-compiling /home/ubuntu/miniconda/envs/_build/lib/python2.7/site-packages/openstack_auth/forms.py to forms.pyc
byte-compiling /home/ubuntu/miniconda/envs/_build/lib/python2.7/site-packages/openstack_auth/__init__.py to __init__.pyc
byte-compiling /home/ubuntu/miniconda/envs/_build/lib/python2.7/site-packages/openstack_auth/backend.py to backend.pyc
byte-compiling /home/ubuntu/miniconda/envs/_build/lib/python2.7/site-packages/openstack_auth/openstack/common/_i18n.py to _i18n.pyc
byte-compiling /home/ubuntu/miniconda/envs/_build/lib/python2.7/site-packages/openstack_auth/openstack/common/policy.py to policy.pyc
byte-compiling /home/ubuntu/miniconda/envs/_build/lib/python2.7/site-packages/openstack_auth/openstack/common/local.py to local.pyc
byte-compiling /home/ubuntu/miniconda/envs/_build/lib/python2.7/site-packages/openstack_auth/openstack/common/log.py to log.pyc
byte-compiling /home/ubuntu/miniconda/envs/_build/lib/python2.7/site-packages/openstack_auth/openstack/common/__init__.py to __init__.pyc
byte-compiling /home/ubuntu/miniconda/envs/_build/lib/python2.7/site-packages/openstack_auth/openstack/common/fileutils.py to fileutils.pyc
byte-compiling /home/ubuntu/miniconda/envs/_build/lib/python2.7/site-packages/openstack_auth/openstack/__init__.py to __init__.pyc
byte-compiling /home/ubuntu/miniconda/envs/_build/lib/python2.7/site-packages/openstack_auth/plugin/token.py to token.pyc
byte-compiling /home/ubuntu/miniconda/envs/_build/lib/python2.7/site-packages/openstack_auth/plugin/__init__.py to __init__.pyc
byte-compiling /home/ubuntu/miniconda/envs/_build/lib/python2.7/site-packages/openstack_auth/plugin/password.py to password.pyc
byte-compiling /home/ubuntu/miniconda/envs/_build/lib/python2.7/site-packages/openstack_auth/plugin/base.py to base.pyc
byte-compiling /home/ubuntu/miniconda/envs/_build/lib/python2.7/site-packages/openstack_auth/exceptions.py to exceptions.pyc
running install_egg_info
Copying django_openstack_auth.egg-info to /home/ubuntu/miniconda/envs/_build/lib/python2.7/site-packages/django_openstack_auth-1.3.1-py2.7.egg-info
running install_scripts

The following NEW packages will be INSTALLED:

    openssl:    1.0.1k-1     
    pip:        7.0.3-py27_0 
    python:     2.7.10-0     
    readline:   6.2-2        
    setuptools: 18.0.1-py27_0
    sqlite:     3.8.4.1-1    
    system:     5.8-2        
    tk:         8.5.18-0     
    zlib:       1.2.8-0      

Linking packages ...
[                    ]|                                                  |   0%[openssl             ]|                                                  |   0%[readline            ]|#####                                             |  11%[sqlite              ]|###########                                       |  22%[system              ]|################                                  |  33%[tk                  ]|######################                            |  44%[zlib                ]|###########################                       |  55%[python              ]|#################################                 |  66%[setuptools          ]|######################################            |  77%[pip                 ]|############################################      |  88%[      COMPLETE      ]|##################################################| 100%
Removing old work directory
Source cache directory is: /home/ubuntu/miniconda/conda-bld/src_cache
Found source in cache: django_openstack_auth-1.3.1.tar.gz
Extracting download
Package: django_openstack_auth-1.3.1-py_0
source tree in: /home/ubuntu/miniconda/conda-bld/work/django_openstack_auth-1.3.1
number of files: 95
Fixing permissions
Fixing permissions
BUILD END: django_openstack_auth-1.3.1-py_0
Nothing to test for: django_openstack_auth-1.3.1-py_0
# If you want to upload this package to binstar.org later, type:
#
# $ binstar upload /home/ubuntu/miniconda/conda-bld/noarch/django_openstack_auth-1.3.1-py_0.tar.bz2
#
# To have conda build upload to binstar automatically, use
# $ conda config --set binstar_upload yes

