Warning, the following versions were found for django-autocomplete-light
2.2.3
2.2.2
2.2.1
2.2.0
2.2.0rc8
2.2.0rc7
2.2.0rc6
2.2.0rc5
2.2.0rc4
2.2.0rc3
2.2.0rc2
2.2.0rc1
2.1.1
2.1.0
2.1.0rc4
2.1.0rc3
2.1.0rc2
2.1.0rc1
2.0.9
2.0.8
2.0.7
2.0.5
2.0.4
2.0.3
2.0.2
2.0.1
2.0.0a18
2.0.0a17
2.0.0a16
2.0.0a15
2.0.0a14
2.0.0a13
2.0.0a12
2.0.0a11
2.0.0a9
2.0.0a8
2.0.0a6
2.0.0a5
2.0.0a4
2.0.0a3
2.0.0a2
2.0.0a1
1.4.14
1.4.13
1.4.12
1.4.11
1.4.10
1.4.9
1.4.8
1.4.7
1.4.6
1.4.5
1.4.4
1.4.3
1.4.2
1.4.1
1.4.0
1.3.1
1.2.6
1.2.5
1.2.4
1.2.3
1.2.2
1.2.1
1.2.0
1.1.31
1.1.30
1.1.29
1.1.28
1.1.27
1.1.26
1.1.25
1.1.24
1.1.23
1.1.22
1.1.20
1.1.19
1.1.18
1.1.17
1.1.16
1.1.15
1.1.14
1.1.13
1.1.12
1.1.11
1.1.10
1.1.9
1.1.7
1.1.6
1.1.5
1.1.4
1.1.3
1.1.2
1.1.1
1.1.0
1.0.26
1.0.25
1.0.24
1.0.23
1.0.22
1.0.21
1.0.20
1.0.19
1.0.18
1.0.17
1.0.16
1.0.15
1.0.14
1.0.13
1.0.12
1.0.11
1.0.10
1.0.9
1.0.8
1.0.6
1.0.5
1.0.4
1.0.3
1.0.2
1.0.1
1.0.0
0.8
0.7
0.7rc3
0.7rc2
0.6
0.5.2
0.5.1
0.5
0.4
0.3
0.2
0.1
Using 2.2.3
Use --version to specify a different version.
Using url https://pypi.python.org/packages/source/d/django-autocomplete-light/django-autocomplete-light-2.2.3.tar.gz (87 KB) for django-autocomplete-light.
Downloading django-autocomplete-light
Using cached download
Unpacking django-autocomplete-light...
done
working in /tmp/tmpnMvkRGconda_skeleton_django-autocomplete-light-2.2.3.tar.gz
Fetching package metadata: ......

WARNING: conda-build appears to be out of date. You have version 1.13.0 but the
latest version is 1.14.1. Run

conda update -n root conda-build

to get the latest version.

Solving package specifications: .patching file core.py
Hunk #1 succeeded at 168 with fuzz 2 (offset 2 lines).

WARNING: conda-build appears to be out of date. You have version 1.13.0 but the
latest version is 1.14.1. Run

conda update -n root conda-build

to get the latest version.


Applying patch: '/tmp/tmpnMvkRGconda_skeleton_django-autocomplete-light-2.2.3.tar.gz/pypi-distutils.patch'
Warning, the following versions were found for django-taggit
0.15.0
0.14.0
0.13.0
0.12.3
0.12.2
0.12.1
0.12
0.11.2
0.11.1
0.11
0.10
0.10a1
0.9.3
0.9.2
0.9.1
0.9.0
0.8.0
0.6.0
0.4.0
0.2.0
Using 0.15.0
Use --version to specify a different version.
Using url https://pypi.python.org/packages/source/d/django-taggit/django-taggit-0.15.0.tar.gz (49 KB) for django-taggit.
Downloading django-taggit
Using cached download
Unpacking django-taggit...
done
working in /tmp/tmp_ZtqyNconda_skeleton_django-taggit-0.15.0.tar.gz
Solving package specifications: .patching file core.py
Hunk #1 succeeded at 168 with fuzz 2 (offset 2 lines).

WARNING: conda-build appears to be out of date. You have version 1.13.0 but the
latest version is 1.14.1. Run

conda update -n root conda-build

to get the latest version.


Applying patch: '/tmp/tmp_ZtqyNconda_skeleton_django-taggit-0.15.0.tar.gz/pypi-distutils.patch'
Warning, the following versions were found for django-generic-m2m
0.3.0
0.2.2
0.2.1
0.2.0
0.1.0
Using 0.3.0
Use --version to specify a different version.
Using url https://pypi.python.org/packages/source/d/django-generic-m2m/django-generic-m2m-0.3.0.tar.gz (11 KB) for django-generic-m2m.
Downloading django-generic-m2m
Using cached download
Unpacking django-generic-m2m...
done
working in /tmp/tmpca_2Rnconda_skeleton_django-generic-m2m-0.3.0.tar.gz
Solving package specifications: .patching file core.py
Hunk #1 succeeded at 168 with fuzz 2 (offset 2 lines).

Applying patch: '/tmp/tmpca_2Rnconda_skeleton_django-generic-m2m-0.3.0.tar.gz/pypi-distutils.patch'
Writing recipe for django-generic-m2m
Writing recipe for django-taggit
Writing recipe for django-autocomplete-light
Done
