Error: prefix already exists: /home/ubuntu/miniconda/envs/_pipbuild_
Collecting django-rest-swagger==0.3.2
  Could not find a version that satisfies the requirement django-rest-swagger==0.3.2 (from versions: 0.1.7, 0.1.8, 0.1.9, 0.1.10, 0.1.11, 0.1.12, 0.1.13, 0.1.14, 0.2.0, 0.2.1, 0.2.2, 0.2.3, 0.2.4, 0.2.5, 0.2.6, 0.2.7, 0.2.8, 0.2.9)
  Some externally hosted files were ignored as access to them may be unreliable (use --allow-external django-rest-swagger to allow).
No matching distribution found for django-rest-swagger==0.3.2
Package search: {'_pypi_ordering': False, 'version': '0.3.2', 'name': 'django-rest-swagger', 'summary': 'Swagger UI for Django REST Framework 2.3.8+'}
Creating standard recipe for django-rest-swagger-0.3.2
Using url https://pypi.python.org/packages/source/d/django-rest-swagger/django-rest-swagger-0.3.2.tar.gz (190 KB) for django-rest-swagger.
Downloading django-rest-swagger
Using cached download
Unpacking django-rest-swagger...
done
working in /tmp/tmp6TUwaxconda_skeleton_django-rest-swagger-0.3.2.tar.gz
Fetching package metadata: ......

WARNING: conda-build appears to be out of date. You have version 1.13.0 but the
latest version is 1.14.0. Run

conda update -n root conda-build

to get the latest version.

Solving package specifications: .patching file core.py
Hunk #1 succeeded at 168 with fuzz 2 (offset 2 lines).
Traceback (most recent call last):
  File "setup.py", line 2, in <module>
    from setuptools import setup
ImportError: No module named setuptools

The following NEW packages will be INSTALLED:

    numpy:  1.9.2-py27_0
    pyyaml: 3.11-py27_1 
    yaml:   0.1.6-0     

Linking packages ...
[                    ]|                                                  |   0%[yaml                ]|                                                  |   0%[numpy               ]|################                                  |  33%[pyyaml              ]|#################################                 |  66%[      COMPLETE      ]|##################################################| 100%
Applying patch: '/tmp/tmp6TUwaxconda_skeleton_django-rest-swagger-0.3.2.tar.gz/pypi-distutils.patch'
$PYTHONPATH = /tmp/tmp6TUwaxconda_skeleton_django-rest-swagger-0.3.2.tar.gz/django-rest-swagger-0.3.2
Error: command failed: /home/ubuntu/miniconda/envs/_build/bin/python setup.py install

conda create -n _pipbuild_ --yes python pip
/home/ubuntu/miniconda/envs/_pipbuild_/bin/pip install django-rest-swagger==0.3.2
Error: Could not pip install django-rest-swagger==0.3.2
