Error: prefix already exists: /home/ubuntu/miniconda/envs/_pipbuild_
Collecting django-db-signals==0.1.1
  Downloading http://localhost/packages/source/d/django-db-signals/django-db-signals-0.1.1.tar.gz
setuptools must be installed to install from a source distribution
Package search: {'_pypi_ordering': False, 'version': '0.1.1', 'name': 'django-db-signals', 'summary': 'Django database signals (pre/post commit/rollback).'}
Creating standard recipe for django-db-signals-0.1.1
Using url https://pypi.python.org/packages/source/d/django-db-signals/django-db-signals-0.1.1.tar.gz (4 KB) for django-db-signals.
Downloading django-db-signals
Using cached download
Unpacking django-db-signals...
done
working in /tmp/tmpqXMNQBconda_skeleton_django-db-signals-0.1.1.tar.gz
Fetching package metadata: ......

WARNING: conda-build appears to be out of date. You have version 1.13.0 but the
latest version is 1.14.0. Run

conda update -n root conda-build

to get the latest version.

Solving package specifications: .patching file core.py
Hunk #1 succeeded at 168 with fuzz 2 (offset 2 lines).
Traceback (most recent call last):
  File "setup.py", line 2, in <module>
    from setuptools import setup
ImportError: No module named setuptools

The following NEW packages will be INSTALLED:

    numpy:  1.9.2-py27_0
    pyyaml: 3.11-py27_1 
    yaml:   0.1.6-0     

Linking packages ...
[                    ]|                                                  |   0%[yaml                ]|                                                  |   0%[numpy               ]|################                                  |  33%[pyyaml              ]|#################################                 |  66%[      COMPLETE      ]|##################################################| 100%
Applying patch: '/tmp/tmpqXMNQBconda_skeleton_django-db-signals-0.1.1.tar.gz/pypi-distutils.patch'
$PYTHONPATH = /tmp/tmpqXMNQBconda_skeleton_django-db-signals-0.1.1.tar.gz/django-db-signals-0.1.1
Error: command failed: /home/ubuntu/miniconda/envs/_build/bin/python setup.py install

conda create -n _pipbuild_ --yes python pip
/home/ubuntu/miniconda/envs/_pipbuild_/bin/pip install django-db-signals==0.1.1
Error: Could not pip install django-db-signals==0.1.1
