Error: prefix already exists: /home/ubuntu/miniconda/envs/_pipbuild_
Collecting django-tinymce==1.5.3
  Downloading http://localhost/packages/source/d/django-tinymce/django-tinymce-1.5.3.tar.gz (2.4MB)
setuptools must be installed to install from a source distribution
Package search: {'_pypi_ordering': False, 'version': '1.5', 'name': 'django-tinymce', 'summary': 'A Django application that contains a widget to render a form field as a TinyMCE editor.'}
Creating standard recipe for django-tinymce-1.5.3
Using url https://pypi.python.org/packages/source/d/django-tinymce/django-tinymce-1.5.3.tar.gz (2.3 MB) for django-tinymce.
Downloading django-tinymce
Using cached download
Unpacking django-tinymce...
done
working in /tmp/tmpxZ3DvKconda_skeleton_django-tinymce-1.5.3.tar.gz
Fetching package metadata: ......

WARNING: conda-build appears to be out of date. You have version 1.13.0 but the
latest version is 1.14.0. Run

conda update -n root conda-build

to get the latest version.

Solving package specifications: .patching file core.py
Hunk #1 succeeded at 168 with fuzz 2 (offset 2 lines).
Traceback (most recent call last):
  File "setup.py", line 4, in <module>
    from setuptools import setup, find_packages
ImportError: No module named setuptools

The following NEW packages will be INSTALLED:

    numpy:  1.9.2-py27_0
    pyyaml: 3.11-py27_1 
    yaml:   0.1.6-0     

Linking packages ...
[                    ]|                                                  |   0%[yaml                ]|                                                  |   0%[numpy               ]|################                                  |  33%[pyyaml              ]|#################################                 |  66%[      COMPLETE      ]|##################################################| 100%
Applying patch: '/tmp/tmpxZ3DvKconda_skeleton_django-tinymce-1.5.3.tar.gz/pypi-distutils.patch'
$PYTHONPATH = /tmp/tmpxZ3DvKconda_skeleton_django-tinymce-1.5.3.tar.gz/django-tinymce-1.5.3
Error: command failed: /home/ubuntu/miniconda/envs/_build/bin/python setup.py install

conda create -n _pipbuild_ --yes python pip
/home/ubuntu/miniconda/envs/_pipbuild_/bin/pip install django-tinymce==1.5.3
Error: Could not pip install django-tinymce==1.5.3
