Error: prefix already exists: /home/ubuntu/miniconda/envs/_pipbuild_
Collecting django-cors-headers==1.1.0
  Could not find a version that satisfies the requirement django-cors-headers==1.1.0 (from versions: 0.1, 0.2, 0.3, 0.4, 0.5, 0.6, 0.10, 0.11, 0.12, 0.13, 1.0.0)
No matching distribution found for django-cors-headers==1.1.0
Package search: {'_pypi_ordering': False, 'version': '0.01', 'name': 'django-cors-headers', 'summary': 'Django app for handling the server headers required for Cross-Origin Resource Sharing (CORS).'}
Creating standard recipe for django-cors-headers-1.1.0
Using url https://pypi.python.org/packages/source/d/django-cors-headers/django-cors-headers-1.1.0.tar.gz (5 KB) for django-cors-headers.
Downloading django-cors-headers
Using cached download
Unpacking django-cors-headers...
done
working in /tmp/tmpSgSNxCconda_skeleton_django-cors-headers-1.1.0.tar.gz
Fetching package metadata: ......

WARNING: conda-build appears to be out of date. You have version 1.13.0 but the
latest version is 1.14.0. Run

conda update -n root conda-build

to get the latest version.

Solving package specifications: .patching file core.py
Hunk #1 succeeded at 168 with fuzz 2 (offset 2 lines).
Traceback (most recent call last):
  File "setup.py", line 2, in <module>
    from setuptools import setup
ImportError: No module named setuptools

Applying patch: '/tmp/tmpSgSNxCconda_skeleton_django-cors-headers-1.1.0.tar.gz/pypi-distutils.patch'
$PYTHONPATH = /tmp/tmpSgSNxCconda_skeleton_django-cors-headers-1.1.0.tar.gz/django-cors-headers-1.1.0
Error: command failed: /home/ubuntu/miniconda/envs/_build/bin/python setup.py install

conda create -n _pipbuild_ --yes python pip
/home/ubuntu/miniconda/envs/_pipbuild_/bin/pip install django-cors-headers==1.1.0
Error: Could not pip install django-cors-headers==1.1.0
