Error: prefix already exists: /home/ubuntu/miniconda/envs/_pipbuild_
Collecting django-sekizai==0.8.2
  Could not find a version that satisfies the requirement django-sekizai==0.8.2 (from versions: 0.1.0, 0.1.1, 0.1.2, 0.2.0, 0.3.0, 0.4.0, 0.4.1, 0.4.2, 0.5, 0.6, 0.6.1, 0.7, 0.8, 0.8.1)
No matching distribution found for django-sekizai==0.8.2
Package search: {'_pypi_ordering': False, 'version': '0.8.2', 'name': 'django-sekizai', 'summary': 'Django Sekizai'}
Creating standard recipe for django-sekizai-0.8.2
Using url https://pypi.python.org/packages/source/d/django-sekizai/django-sekizai-0.8.2.tar.gz (163 KB) for django-sekizai.
Downloading django-sekizai
Using cached download
Unpacking django-sekizai...
done
working in /tmp/tmpSv1Lpoconda_skeleton_django-sekizai-0.8.2.tar.gz
Fetching package metadata: ......

WARNING: conda-build appears to be out of date. You have version 1.13.0 but the
latest version is 1.14.0. Run

conda update -n root conda-build

to get the latest version.

Solving package specifications: .patching file core.py
Hunk #1 succeeded at 168 with fuzz 2 (offset 2 lines).
Traceback (most recent call last):
  File "setup.py", line 1, in <module>
    from setuptools import setup, find_packages
ImportError: No module named setuptools

Applying patch: '/tmp/tmpSv1Lpoconda_skeleton_django-sekizai-0.8.2.tar.gz/pypi-distutils.patch'
$PYTHONPATH = /tmp/tmpSv1Lpoconda_skeleton_django-sekizai-0.8.2.tar.gz/django-sekizai-0.8.2
Error: command failed: /home/ubuntu/miniconda/envs/_build/bin/python setup.py install

conda create -n _pipbuild_ --yes python pip
/home/ubuntu/miniconda/envs/_pipbuild_/bin/pip install django-sekizai==0.8.2
Error: Could not pip install django-sekizai==0.8.2
