Warning, the following versions were found for django-appconf
1.0.1
1.0
0.6
0.5
0.4.1
0.4
Using 1.0.1
Use --version to specify a different version.
Using url https://pypi.python.org/packages/source/d/django-appconf/django-appconf-1.0.1.tar.gz (16 KB) for django-appconf.
Downloading django-appconf
Using cached download
Unpacking django-appconf...
done
working in /tmp/tmpaz3keKconda_skeleton_django-appconf-1.0.1.tar.gz
Fetching package metadata: ......

WARNING: conda-build appears to be out of date. You have version 1.13.0 but the
latest version is 1.14.1. Run

conda update -n root conda-build

to get the latest version.

Solving package specifications: .patching file core.py
Hunk #1 succeeded at 168 with fuzz 2 (offset 2 lines).

Applying patch: '/tmp/tmpaz3keKconda_skeleton_django-appconf-1.0.1.tar.gz/pypi-distutils.patch'
Writing recipe for django-appconf
Done
