Error: prefix already exists: /home/ubuntu/miniconda/envs/_pipbuild_
Collecting django-model-utils==2.2
  Downloading http://localhost/packages/source/d/django-model-utils/django-model-utils-2.2.tar.gz
setuptools must be installed to install from a source distribution
Package search: {'_pypi_ordering': False, 'version': '2.2', 'name': 'django-model-utils', 'summary': 'Django model mixins and utilities'}
Creating standard recipe for django-model-utils-2.2
Using url https://pypi.python.org/packages/source/d/django-model-utils/django-model-utils-2.2.tar.gz (29 KB) for django-model-utils.
Downloading django-model-utils
Using cached download
Unpacking django-model-utils...
done
working in /tmp/tmp065aREconda_skeleton_django-model-utils-2.2.tar.gz
Fetching package metadata: ......

WARNING: conda-build appears to be out of date. You have version 1.13.0 but the
latest version is 1.14.0. Run

conda update -n root conda-build

to get the latest version.

Solving package specifications: .patching file core.py
Hunk #1 succeeded at 168 with fuzz 2 (offset 2 lines).
Traceback (most recent call last):
  File "setup.py", line 2, in <module>
    from setuptools import setup, find_packages
ImportError: No module named setuptools

Applying patch: '/tmp/tmp065aREconda_skeleton_django-model-utils-2.2.tar.gz/pypi-distutils.patch'
$PYTHONPATH = /tmp/tmp065aREconda_skeleton_django-model-utils-2.2.tar.gz/django-model-utils-2.2
Error: command failed: /home/ubuntu/miniconda/envs/_build/bin/python setup.py install

conda create -n _pipbuild_ --yes python pip
/home/ubuntu/miniconda/envs/_pipbuild_/bin/pip install django-model-utils==2.2
Error: Could not pip install django-model-utils==2.2
