Error: prefix already exists: /home/ubuntu/miniconda/envs/_pipbuild_
Collecting django-redis-sessions==0.4.0
  Downloading http://localhost/packages/source/d/django-redis-sessions/django-redis-sessions-0.4.0.tar.gz
setuptools must be installed to install from a source distribution
Package search: {'_pypi_ordering': False, 'version': '0.4.0', 'name': 'django-redis-sessions', 'summary': 'Redis Session Backend For Django'}
Creating standard recipe for django-redis-sessions-0.4.0
Using url https://pypi.python.org/packages/source/d/django-redis-sessions/django-redis-sessions-0.4.0.tar.gz (4 KB) for django-redis-sessions.
Downloading django-redis-sessions
Using cached download
Unpacking django-redis-sessions...
done
working in /tmp/tmpKxdAuyconda_skeleton_django-redis-sessions-0.4.0.tar.gz
Fetching package metadata: ......

WARNING: conda-build appears to be out of date. You have version 1.13.0 but the
latest version is 1.14.0. Run

conda update -n root conda-build

to get the latest version.

Solving package specifications: .patching file core.py
Hunk #1 succeeded at 168 with fuzz 2 (offset 2 lines).
Traceback (most recent call last):
  File "setup.py", line 1, in <module>
    from setuptools import setup
ImportError: No module named setuptools

Applying patch: '/tmp/tmpKxdAuyconda_skeleton_django-redis-sessions-0.4.0.tar.gz/pypi-distutils.patch'
$PYTHONPATH = /tmp/tmpKxdAuyconda_skeleton_django-redis-sessions-0.4.0.tar.gz/django-redis-sessions-0.4.0
Error: command failed: /home/ubuntu/miniconda/envs/_build/bin/python setup.py install

conda create -n _pipbuild_ --yes python pip
/home/ubuntu/miniconda/envs/_pipbuild_/bin/pip install django-redis-sessions==0.4.0
Error: Could not pip install django-redis-sessions==0.4.0
