Error: prefix already exists: /home/ubuntu/miniconda/envs/_pipbuild_
Collecting django-page-cms==1.8.0
  Downloading http://localhost/packages/source/d/django-page-cms/django-page-cms-1.8.0.tar.gz (314kB)
setuptools must be installed to install from a source distribution
Package search: {'_pypi_ordering': False, 'version': '1.8.0', 'name': 'django-page-cms', 'summary': 'A tree based Django CMS application'}
Creating standard recipe for django-page-cms-1.8.0
Using url https://pypi.python.org/packages/source/d/django-page-cms/django-page-cms-1.8.0.tar.gz (307 KB) for django-page-cms.
Downloading django-page-cms
Using cached download
Unpacking django-page-cms...
done
working in /tmp/tmpGjL78aconda_skeleton_django-page-cms-1.8.0.tar.gz
Fetching package metadata: ......

WARNING: conda-build appears to be out of date. You have version 1.13.0 but the
latest version is 1.14.0. Run

conda update -n root conda-build

to get the latest version.

Solving package specifications: .patching file core.py
Hunk #1 succeeded at 168 with fuzz 2 (offset 2 lines).
Traceback (most recent call last):
  File "setup.py", line 2, in <module>
    from setuptools import setup, find_packages
ImportError: No module named setuptools

Applying patch: '/tmp/tmpGjL78aconda_skeleton_django-page-cms-1.8.0.tar.gz/pypi-distutils.patch'
$PYTHONPATH = /tmp/tmpGjL78aconda_skeleton_django-page-cms-1.8.0.tar.gz/django-page-cms-1.8.0
Error: command failed: /home/ubuntu/miniconda/envs/_build/bin/python setup.py install

conda create -n _pipbuild_ --yes python pip
/home/ubuntu/miniconda/envs/_pipbuild_/bin/pip install django-page-cms==1.8.0
Error: Could not pip install django-page-cms==1.8.0
