Warning, the following versions were found for django-tables2
1.0.4
1.0.3
1.0.2
1.0.1
1.0.0
0.16.0
0.15.0
0.14.0
0.13.0
0.12.1
0.12.0
0.11.0
0.10.4
0.10.3
0.10.2
0.10.1
0.10.0
0.9.6
0.9.5
0.9.4
0.9.3
0.9.2
0.9.1
0.8.4
0.8.3
0.8.2
0.8.1
0.8.0
0.7.8
0.7.7
0.7.6
0.7.5
0.7.4
0.7.3
0.7.2
0.7.1
0.7.0
0.6.1
0.6.0
0.6.0.dev
Using 1.0.4
Use --version to specify a different version.
Using url https://pypi.python.org/packages/source/d/django-tables2/django-tables2-1.0.4.tar.gz (56 KB) for django-tables2.
Downloading django-tables2
Using cached download
Unpacking django-tables2...
done
working in /tmp/tmpwf3ZrBconda_skeleton_django-tables2-1.0.4.tar.gz
Fetching package metadata: ......

WARNING: conda-build appears to be out of date. You have version 1.13.0 but the
latest version is 1.14.1. Run

conda update -n root conda-build

to get the latest version.

Solving package specifications: .patching file core.py
Hunk #1 succeeded at 168 with fuzz 2 (offset 2 lines).

Applying patch: '/tmp/tmpwf3ZrBconda_skeleton_django-tables2-1.0.4.tar.gz/pypi-distutils.patch'
Writing recipe for django-tables2
Done
