Removing old build directory
Removing old work directory
BUILD START: django-auth-ldap-1.2.6-py_0
Fetching package metadata: ......

WARNING: conda-build appears to be out of date. You have version 1.13.0 but the
latest version is 1.14.1. Run

conda update -n root conda-build

to get the latest version.

Solving package specifications: .+ /home/ubuntu/miniconda/envs/_build/bin/python setup.py install
running install
running bdist_egg
running egg_info
writing requirements to django_auth_ldap.egg-info/requires.txt
writing django_auth_ldap.egg-info/PKG-INFO
writing top-level names to django_auth_ldap.egg-info/top_level.txt
writing dependency_links to django_auth_ldap.egg-info/dependency_links.txt
reading manifest file 'django_auth_ldap.egg-info/SOURCES.txt'
reading manifest template 'MANIFEST.in'
no previously-included directories found matching 'docs/build'
warning: no previously-included files matching '*.pyc' found anywhere in distribution
warning: no previously-included files matching '.DS_Store' found anywhere in distribution
warning: no previously-included files matching '.workon' found anywhere in distribution
writing manifest file 'django_auth_ldap.egg-info/SOURCES.txt'
installing library code to build/bdist.linux-x86_64/egg
running install_lib
running build_py
creating build
creating build/lib
creating build/lib/django_auth_ldap
copying django_auth_ldap/dn.py -> build/lib/django_auth_ldap
copying django_auth_ldap/config.py -> build/lib/django_auth_ldap
copying django_auth_ldap/tests.py -> build/lib/django_auth_ldap
copying django_auth_ldap/__init__.py -> build/lib/django_auth_ldap
copying django_auth_ldap/backend.py -> build/lib/django_auth_ldap
copying django_auth_ldap/models.py -> build/lib/django_auth_ldap
creating build/bdist.linux-x86_64
creating build/bdist.linux-x86_64/egg
creating build/bdist.linux-x86_64/egg/django_auth_ldap
copying build/lib/django_auth_ldap/dn.py -> build/bdist.linux-x86_64/egg/django_auth_ldap
copying build/lib/django_auth_ldap/config.py -> build/bdist.linux-x86_64/egg/django_auth_ldap
copying build/lib/django_auth_ldap/tests.py -> build/bdist.linux-x86_64/egg/django_auth_ldap
copying build/lib/django_auth_ldap/__init__.py -> build/bdist.linux-x86_64/egg/django_auth_ldap
copying build/lib/django_auth_ldap/backend.py -> build/bdist.linux-x86_64/egg/django_auth_ldap
copying build/lib/django_auth_ldap/models.py -> build/bdist.linux-x86_64/egg/django_auth_ldap
byte-compiling build/bdist.linux-x86_64/egg/django_auth_ldap/dn.py to dn.pyc
byte-compiling build/bdist.linux-x86_64/egg/django_auth_ldap/config.py to config.pyc
byte-compiling build/bdist.linux-x86_64/egg/django_auth_ldap/tests.py to tests.pyc
byte-compiling build/bdist.linux-x86_64/egg/django_auth_ldap/__init__.py to __init__.pyc
byte-compiling build/bdist.linux-x86_64/egg/django_auth_ldap/backend.py to backend.pyc
byte-compiling build/bdist.linux-x86_64/egg/django_auth_ldap/models.py to models.pyc
creating build/bdist.linux-x86_64/egg/EGG-INFO
copying django_auth_ldap.egg-info/PKG-INFO -> build/bdist.linux-x86_64/egg/EGG-INFO
copying django_auth_ldap.egg-info/SOURCES.txt -> build/bdist.linux-x86_64/egg/EGG-INFO
copying django_auth_ldap.egg-info/dependency_links.txt -> build/bdist.linux-x86_64/egg/EGG-INFO
copying django_auth_ldap.egg-info/requires.txt -> build/bdist.linux-x86_64/egg/EGG-INFO
copying django_auth_ldap.egg-info/top_level.txt -> build/bdist.linux-x86_64/egg/EGG-INFO
zip_safe flag not set; analyzing archive contents...
creating dist
creating 'dist/django_auth_ldap-1.2.6-py2.7.egg' and adding 'build/bdist.linux-x86_64/egg' to it
removing 'build/bdist.linux-x86_64/egg' (and everything under it)
Processing django_auth_ldap-1.2.6-py2.7.egg
Copying django_auth_ldap-1.2.6-py2.7.egg to /home/ubuntu/miniconda/envs/_build/lib/python2.7/site-packages
Adding django-auth-ldap 1.2.6 to easy-install.pth file

Installed /home/ubuntu/miniconda/envs/_build/lib/python2.7/site-packages/django_auth_ldap-1.2.6-py2.7.egg
Processing dependencies for django-auth-ldap==1.2.6
Searching for python-ldap==2.4.13
Best match: python-ldap 2.4.13
Adding python-ldap 2.4.13 to easy-install.pth file

Using /home/ubuntu/miniconda/envs/_build/lib/python2.7/site-packages
Searching for Django==1.8.2
Best match: Django 1.8.2
Adding Django 1.8.2 to easy-install.pth file

Using /home/ubuntu/miniconda/envs/_build/lib/python2.7/site-packages
Finished processing dependencies for django-auth-ldap==1.2.6

The following NEW packages will be INSTALLED:

    django:      1.8.2-py27_0 
    openldap:    2.4.36-0     
    openssl:     1.0.1k-1     
    pip:         7.0.3-py27_0 
    python:      2.7.10-0     
    python-ldap: 2.4.13-py27_0
    readline:    6.2-2        
    setuptools:  18.0.1-py27_0
    sqlite:      3.8.4.1-1    
    system:      5.8-2        
    tk:          8.5.18-0     
    zlib:        1.2.8-0      

Linking packages ...
[                    ]|                                                  |   0%[openssl             ]|                                                  |   0%[readline            ]|####                                              |   8%[sqlite              ]|########                                          |  16%[system              ]|############                                      |  25%[tk                  ]|################                                  |  33%[zlib                ]|####################                              |  41%[openldap            ]|#########################                         |  50%[django              ]|#############################                     |  58%[python              ]|#################################                 |  66%[python-ldap         ]|#####################################             |  75%[setuptools          ]|#########################################         |  83%[pip                 ]|#############################################     |  91%[      COMPLETE      ]|##################################################| 100%
Removing old work directory
Source cache directory is: /home/ubuntu/miniconda/conda-bld/src_cache
Found source in cache: django-auth-ldap-1.2.6.tar.gz
Extracting download
Package: django-auth-ldap-1.2.6-py_0
source tree in: /home/ubuntu/miniconda/conda-bld/work/django-auth-ldap-1.2.6
found egg: /home/ubuntu/miniconda/envs/_build/lib/python2.7/site-packages/django_auth_ldap-1.2.6-py2.7.egg
number of files: 2
Fixing permissions
Fixing permissions
BUILD END: django-auth-ldap-1.2.6-py_0
TEST START: django-auth-ldap-1.2.6-py_0
Fetching package metadata: ......

WARNING: conda-build appears to be out of date. You have version 1.13.0 but the
latest version is 1.14.1. Run

conda update -n root conda-build

to get the latest version.

Error: No packages found in current linux-64 channels matching: mockldap >=0.2
