Warning, the following versions were found for django-indexer
0.3.0
0.2.1.1
0.2.1
0.2
0.1
Using 0.3.0
Use --version to specify a different version.
Using url https://pypi.python.org/packages/source/d/django-indexer/django-indexer-0.3.0.tar.gz (7 KB) for django-indexer.
Downloading django-indexer
Using cached download
Unpacking django-indexer...
done
working in /tmp/tmpJ4ztJCconda_skeleton_django-indexer-0.3.0.tar.gz
Fetching package metadata: ......

WARNING: conda-build appears to be out of date. You have version 1.13.0 but the
latest version is 1.14.1. Run

conda update -n root conda-build

to get the latest version.

Solving package specifications: .patching file core.py
Hunk #1 succeeded at 168 with fuzz 2 (offset 2 lines).

Applying patch: '/tmp/tmpJ4ztJCconda_skeleton_django-indexer-0.3.0.tar.gz/pypi-distutils.patch'
Writing recipe for django-indexer
Done
