Error: prefix already exists: /home/ubuntu/miniconda/envs/_pipbuild_
Collecting django-taggit==0.15.0
  Could not find a version that satisfies the requirement django-taggit==0.15.0 (from versions: 0.2.0, 0.4.0, 0.6.0, 0.8.0, 0.9.0, 0.9.1, 0.9.2, 0.9.3, 0.10a1, 0.10, 0.11, 0.11.1, 0.11.2, 0.12, 0.12.1, 0.12.2, 0.12.3, 0.13.0, 0.14.0)
No matching distribution found for django-taggit==0.15.0
Package search: {'_pypi_ordering': False, 'version': '0.15.0', 'name': 'django-taggit', 'summary': 'django-taggit is a reusable Django application for simple tagging.'}
Creating standard recipe for django-taggit-0.15.0
Using url https://pypi.python.org/packages/source/d/django-taggit/django-taggit-0.15.0.tar.gz (49 KB) for django-taggit.
Downloading django-taggit
Unpacking django-taggit...
done
working in /tmp/tmp7nL0S_conda_skeleton_django-taggit-0.15.0.tar.gz
Fetching package metadata: ......

WARNING: conda-build appears to be out of date. You have version 1.13.0 but the
latest version is 1.14.0. Run

conda update -n root conda-build

to get the latest version.

Solving package specifications: .patching file core.py
Hunk #1 succeeded at 168 with fuzz 2 (offset 2 lines).
Traceback (most recent call last):
  File "setup.py", line 1, in <module>
    from setuptools import setup, find_packages
ImportError: No module named setuptools

Applying patch: '/tmp/tmp7nL0S_conda_skeleton_django-taggit-0.15.0.tar.gz/pypi-distutils.patch'
$PYTHONPATH = /tmp/tmp7nL0S_conda_skeleton_django-taggit-0.15.0.tar.gz/django-taggit-0.15.0
Error: command failed: /home/ubuntu/miniconda/envs/_build/bin/python setup.py install

conda create -n _pipbuild_ --yes python pip
/home/ubuntu/miniconda/envs/_pipbuild_/bin/pip install django-taggit==0.15.0
Error: Could not pip install django-taggit==0.15.0
