Error: prefix already exists: /home/ubuntu/miniconda/envs/_pipbuild_
Collecting docker-py==1.2.3
  Could not find a version that satisfies the requirement docker-py==1.2.3 (from versions: 0.0.4, 0.0.5, 0.0.6, 0.1.0, 0.1.1, 0.1.2, 0.1.3, 0.1.4, 0.1.5, 0.2.0, 0.2.1, 0.2.2, 0.2.3, 0.3.0, 0.3.1, 0.3.2, 0.4.0, 0.5.0, 0.5.1, 0.5.2, 0.5.3, 0.6.0, 0.7.0, 0.7.1, 0.7.2, 1.0.0, 1.1.0, 1.2.1, 1.2.2)
No matching distribution found for docker-py==1.2.3
Package search: {'_pypi_ordering': False, 'version': '1.2.3', 'name': 'docker-py', 'summary': 'Python client for Docker.'}
Creating standard recipe for docker-py-1.2.3
Using url https://pypi.python.org/packages/source/d/docker-py/docker-py-1.2.3.tar.gz (47 KB) for docker-py.
Downloading docker-py
Unpacking docker-py...
done
working in /tmp/tmp3Do3A8conda_skeleton_docker-py-1.2.3.tar.gz
Fetching package metadata: ......

WARNING: conda-build appears to be out of date. You have version 1.13.0 but the
latest version is 1.14.0. Run

conda update -n root conda-build

to get the latest version.

Solving package specifications: .patching file core.py
Hunk #1 succeeded at 168 with fuzz 2 (offset 2 lines).
Traceback (most recent call last):
  File "setup.py", line 4, in <module>
    from setuptools import setup
ImportError: No module named setuptools

Applying patch: '/tmp/tmp3Do3A8conda_skeleton_docker-py-1.2.3.tar.gz/pypi-distutils.patch'
$PYTHONPATH = /tmp/tmp3Do3A8conda_skeleton_docker-py-1.2.3.tar.gz/docker-py-1.2.3
Error: command failed: /home/ubuntu/miniconda/envs/_build/bin/python setup.py install

conda create -n _pipbuild_ --yes python pip
/home/ubuntu/miniconda/envs/_pipbuild_/bin/pip install docker-py==1.2.3
Error: Could not pip install docker-py==1.2.3
