Error: prefix already exists: /home/ubuntu/miniconda/envs/_pipbuild_
Exception:
Traceback (most recent call last):
  File "/home/ubuntu/miniconda/envs/_pipbuild_/lib/python2.7/site-packages/pip/basecommand.py", line 223, in main
    status = self.run(options, args)
  File "/home/ubuntu/miniconda/envs/_pipbuild_/lib/python2.7/site-packages/pip/commands/install.py", line 268, in run
    wheel_cache
  File "/home/ubuntu/miniconda/envs/_pipbuild_/lib/python2.7/site-packages/pip/basecommand.py", line 268, in populate_requirement_set
    wheel_cache=wheel_cache
  File "/home/ubuntu/miniconda/envs/_pipbuild_/lib/python2.7/site-packages/pip/req/req_install.py", line 207, in from_line
    wheel_cache=wheel_cache)
  File "/home/ubuntu/miniconda/envs/_pipbuild_/lib/python2.7/site-packages/pip/req/req_install.py", line 66, in __init__
    req = pkg_resources.Requirement.parse(req)
  File "/home/ubuntu/miniconda/envs/_pipbuild_/lib/python2.7/site-packages/pip/_vendor/pkg_resources/__init__.py", line 2960, in parse
    reqs = list(parse_requirements(s))
  File "/home/ubuntu/miniconda/envs/_pipbuild_/lib/python2.7/site-packages/pip/_vendor/pkg_resources/__init__.py", line 2904, in parse_requirements
    "version spec")
  File "/home/ubuntu/miniconda/envs/_pipbuild_/lib/python2.7/site-packages/pip/_vendor/pkg_resources/__init__.py", line 2869, in scan_list
    raise ValueError(msg, line, "at", line[p:])
ValueError: ('Expected version spec in', 'docopt==>=0.6.1,<0.7', 'at', '==>=0.6.1,<0.7')

Package search: {'_pypi_ordering': False, 'version': '1.3.1', 'name': 'docker-compose', 'summary': 'Multi-container orchestration for Docker'}
Creating standard recipe for docker-compose-1.3.1
Converting recipe in /home/ubuntu/pypi-conda-builds/docker-compose
package = docker-compose
   dependencies = [u'docopt >=0.6.1,<0.7', u'pyyaml >=3.10,<4', u'requests >=2.6.1,<2.7', u'texttable >=0.8.1,<0.9', u'websocket-client >=0.11.0,<1.0', u'docker-py >=1.2.3,<1.3', u'dockerpty >=0.3.4,<0.4', u'six >=1.3.0,<2']
Creating standard recipe for docopt->=0.6.1,<0.7
Error: Version >=0.6.1,<0.7 of docopt is not available on PyPI.

conda create -n _pipbuild_ --yes python pip
/home/ubuntu/miniconda/envs/_pipbuild_/bin/pip install docopt==>=0.6.1,<0.7
Error: Could not pip install docopt==>=0.6.1,<0.7
