Removing old build directory
Removing old work directory
BUILD START: docker-py-1.2.3-py_0
Fetching package metadata: ......

WARNING: conda-build appears to be out of date. You have version 1.13.0 but the
latest version is 1.14.1. Run

conda update -n root conda-build

to get the latest version.

Solving package specifications: .................
Warning: 2 possible package resolutions (only showing differing packages):
	[u'websocket-client-0.32.0-py_0.tar.bz2'],
	[u'websocket-client-0.32.0-py27_0.tar.bz2'],
+ /home/ubuntu/miniconda/envs/_build/bin/python setup.py install
running install
running bdist_egg
running egg_info
writing requirements to docker_py.egg-info/requires.txt
writing docker_py.egg-info/PKG-INFO
writing top-level names to docker_py.egg-info/top_level.txt
writing dependency_links to docker_py.egg-info/dependency_links.txt
reading manifest file 'docker_py.egg-info/SOURCES.txt'
reading manifest template 'MANIFEST.in'
writing manifest file 'docker_py.egg-info/SOURCES.txt'
installing library code to build/bdist.linux-x86_64/egg
running install_lib
running build_py
creating build
creating build/lib
creating build/lib/docker
copying docker/tls.py -> build/lib/docker
copying docker/errors.py -> build/lib/docker
copying docker/version.py -> build/lib/docker
copying docker/constants.py -> build/lib/docker
copying docker/client.py -> build/lib/docker
copying docker/__init__.py -> build/lib/docker
creating build/lib/docker/auth
copying docker/auth/__init__.py -> build/lib/docker/auth
copying docker/auth/auth.py -> build/lib/docker/auth
creating build/lib/docker/unixconn
copying docker/unixconn/unixconn.py -> build/lib/docker/unixconn
copying docker/unixconn/__init__.py -> build/lib/docker/unixconn
creating build/lib/docker/utils
copying docker/utils/utils.py -> build/lib/docker/utils
copying docker/utils/types.py -> build/lib/docker/utils
copying docker/utils/__init__.py -> build/lib/docker/utils
copying docker/utils/decorators.py -> build/lib/docker/utils
creating build/lib/docker/utils/ports
copying docker/utils/ports/ports.py -> build/lib/docker/utils/ports
copying docker/utils/ports/__init__.py -> build/lib/docker/utils/ports
creating build/lib/docker/ssladapter
copying docker/ssladapter/__init__.py -> build/lib/docker/ssladapter
copying docker/ssladapter/ssladapter.py -> build/lib/docker/ssladapter
creating build/bdist.linux-x86_64
creating build/bdist.linux-x86_64/egg
creating build/bdist.linux-x86_64/egg/docker
copying build/lib/docker/tls.py -> build/bdist.linux-x86_64/egg/docker
copying build/lib/docker/errors.py -> build/bdist.linux-x86_64/egg/docker
creating build/bdist.linux-x86_64/egg/docker/unixconn
copying build/lib/docker/unixconn/unixconn.py -> build/bdist.linux-x86_64/egg/docker/unixconn
copying build/lib/docker/unixconn/__init__.py -> build/bdist.linux-x86_64/egg/docker/unixconn
creating build/bdist.linux-x86_64/egg/docker/utils
copying build/lib/docker/utils/utils.py -> build/bdist.linux-x86_64/egg/docker/utils
copying build/lib/docker/utils/types.py -> build/bdist.linux-x86_64/egg/docker/utils
creating build/bdist.linux-x86_64/egg/docker/utils/ports
copying build/lib/docker/utils/ports/ports.py -> build/bdist.linux-x86_64/egg/docker/utils/ports
copying build/lib/docker/utils/ports/__init__.py -> build/bdist.linux-x86_64/egg/docker/utils/ports
copying build/lib/docker/utils/__init__.py -> build/bdist.linux-x86_64/egg/docker/utils
copying build/lib/docker/utils/decorators.py -> build/bdist.linux-x86_64/egg/docker/utils
copying build/lib/docker/version.py -> build/bdist.linux-x86_64/egg/docker
creating build/bdist.linux-x86_64/egg/docker/auth
copying build/lib/docker/auth/__init__.py -> build/bdist.linux-x86_64/egg/docker/auth
copying build/lib/docker/auth/auth.py -> build/bdist.linux-x86_64/egg/docker/auth
copying build/lib/docker/constants.py -> build/bdist.linux-x86_64/egg/docker
creating build/bdist.linux-x86_64/egg/docker/ssladapter
copying build/lib/docker/ssladapter/__init__.py -> build/bdist.linux-x86_64/egg/docker/ssladapter
copying build/lib/docker/ssladapter/ssladapter.py -> build/bdist.linux-x86_64/egg/docker/ssladapter
copying build/lib/docker/client.py -> build/bdist.linux-x86_64/egg/docker
copying build/lib/docker/__init__.py -> build/bdist.linux-x86_64/egg/docker
byte-compiling build/bdist.linux-x86_64/egg/docker/tls.py to tls.pyc
byte-compiling build/bdist.linux-x86_64/egg/docker/errors.py to errors.pyc
byte-compiling build/bdist.linux-x86_64/egg/docker/unixconn/unixconn.py to unixconn.pyc
byte-compiling build/bdist.linux-x86_64/egg/docker/unixconn/__init__.py to __init__.pyc
byte-compiling build/bdist.linux-x86_64/egg/docker/utils/utils.py to utils.pyc
byte-compiling build/bdist.linux-x86_64/egg/docker/utils/types.py to types.pyc
byte-compiling build/bdist.linux-x86_64/egg/docker/utils/ports/ports.py to ports.pyc
byte-compiling build/bdist.linux-x86_64/egg/docker/utils/ports/__init__.py to __init__.pyc
byte-compiling build/bdist.linux-x86_64/egg/docker/utils/__init__.py to __init__.pyc
byte-compiling build/bdist.linux-x86_64/egg/docker/utils/decorators.py to decorators.pyc
byte-compiling build/bdist.linux-x86_64/egg/docker/version.py to version.pyc
byte-compiling build/bdist.linux-x86_64/egg/docker/auth/__init__.py to __init__.pyc
byte-compiling build/bdist.linux-x86_64/egg/docker/auth/auth.py to auth.pyc
byte-compiling build/bdist.linux-x86_64/egg/docker/constants.py to constants.pyc
byte-compiling build/bdist.linux-x86_64/egg/docker/ssladapter/__init__.py to __init__.pyc
byte-compiling build/bdist.linux-x86_64/egg/docker/ssladapter/ssladapter.py to ssladapter.pyc
byte-compiling build/bdist.linux-x86_64/egg/docker/client.py to client.pyc
byte-compiling build/bdist.linux-x86_64/egg/docker/__init__.py to __init__.pyc
creating build/bdist.linux-x86_64/egg/EGG-INFO
copying docker_py.egg-info/PKG-INFO -> build/bdist.linux-x86_64/egg/EGG-INFO
copying docker_py.egg-info/SOURCES.txt -> build/bdist.linux-x86_64/egg/EGG-INFO
copying docker_py.egg-info/dependency_links.txt -> build/bdist.linux-x86_64/egg/EGG-INFO
copying docker_py.egg-info/not-zip-safe -> build/bdist.linux-x86_64/egg/EGG-INFO
copying docker_py.egg-info/requires.txt -> build/bdist.linux-x86_64/egg/EGG-INFO
copying docker_py.egg-info/top_level.txt -> build/bdist.linux-x86_64/egg/EGG-INFO
creating dist
creating 'dist/docker_py-1.2.3-py2.7.egg' and adding 'build/bdist.linux-x86_64/egg' to it
removing 'build/bdist.linux-x86_64/egg' (and everything under it)
Processing docker_py-1.2.3-py2.7.egg
creating /home/ubuntu/miniconda/envs/_build/lib/python2.7/site-packages/docker_py-1.2.3-py2.7.egg
Extracting docker_py-1.2.3-py2.7.egg to /home/ubuntu/miniconda/envs/_build/lib/python2.7/site-packages
Adding docker-py 1.2.3 to easy-install.pth file

Installed /home/ubuntu/miniconda/envs/_build/lib/python2.7/site-packages/docker_py-1.2.3-py2.7.egg
Processing dependencies for docker-py==1.2.3
Searching for websocket-client>=0.11.0
Reading https://pypi.python.org/simple/websocket-client/
Best match: websocket-client 0.32.0
Downloading https://pypi.python.org/packages/source/w/websocket-client/websocket_client-0.32.0.tar.gz#md5=b07a897511a3c585251fe2ea85a9d9d9
Processing websocket_client-0.32.0.tar.gz
Writing /tmp/easy_install-1a4dE_/websocket_client-0.32.0/setup.cfg
Running websocket_client-0.32.0/setup.py -q bdist_egg --dist-dir /tmp/easy_install-1a4dE_/websocket_client-0.32.0/egg-dist-tmp-g_ktFc
zip_safe flag not set; analyzing archive contents...
websocket._http: module references __file__
websocket.tests.test_websocket: module references __file__
creating /home/ubuntu/miniconda/envs/_build/lib/python2.7/site-packages/websocket_client-0.32.0-py2.7.egg
Extracting websocket_client-0.32.0-py2.7.egg to /home/ubuntu/miniconda/envs/_build/lib/python2.7/site-packages
Adding websocket-client 0.32.0 to easy-install.pth file
Installing wsdump.py script to /home/ubuntu/miniconda/envs/_build/bin

Installed /home/ubuntu/miniconda/envs/_build/lib/python2.7/site-packages/websocket_client-0.32.0-py2.7.egg
Searching for six==1.9.0
Best match: six 1.9.0
Adding six 1.9.0 to easy-install.pth file

Using /home/ubuntu/miniconda/envs/_build/lib/python2.7/site-packages
Searching for requests==2.7.0
Best match: requests 2.7.0
Adding requests 2.7.0 to easy-install.pth file

Using /home/ubuntu/miniconda/envs/_build/lib/python2.7/site-packages
Finished processing dependencies for docker-py==1.2.3
An unexpected error has occurred, please consider sending the
following traceback to the conda GitHub issue tracker at:

    https://github.com/conda/conda-build/issues

Include the output of the command 'conda info' in your report.



The following NEW packages will be INSTALLED:

    openssl:          1.0.1k-1     
    pip:              7.0.3-py27_0 
    python:           2.7.10-0     
    readline:         6.2-2        
    requests:         2.7.0-py27_0 
    setuptools:       18.0.1-py27_0
    six:              1.9.0-py27_0 
    sqlite:           3.8.4.1-1    
    system:           5.8-2        
    tk:               8.5.18-0     
    websocket-client: 0.32.0-py_0  
    zlib:             1.2.8-0      

Linking packages ...
[                    ]|                                                  |   0%[openssl             ]|                                                  |   0%[readline            ]|####                                              |   8%[sqlite              ]|########                                          |  16%[system              ]|############                                      |  25%[tk                  ]|################                                  |  33%[zlib                ]|####################                              |  41%[python              ]|#########################                         |  50%[requests            ]|#############################                     |  58%[setuptools          ]|#################################                 |  66%[six                 ]|#####################################             |  75%[pip                 ]|#########################################         |  83%[websocket-client    ]|#############################################     |  91%[      COMPLETE      ]|##################################################| 100%
Removing old work directory
Source cache directory is: /home/ubuntu/miniconda/conda-bld/src_cache
Found source in cache: docker-py-1.2.3.tar.gz
Extracting download
Package: docker-py-1.2.3-py_0
source tree in: /home/ubuntu/miniconda/conda-bld/work/docker-py-1.2.3
found egg dir: /home/ubuntu/miniconda/envs/_build/lib/python2.7/site-packages/websocket_client-0.32.0-py2.7.egg
Traceback (most recent call last):
  File "/home/ubuntu/miniconda/bin/conda-build", line 6, in <module>
    exec(compile(open(__file__).read(), __file__, 'exec'))
  File "/home/ubuntu/conda-build/bin/conda-build", line 5, in <module>
    sys.exit(main())
  File "/home/ubuntu/conda-build/conda_build/main_build.py", line 127, in main
    args_func(args, p)
  File "/home/ubuntu/conda-build/conda_build/main_build.py", line 349, in args_func
    args.func(args, p)
  File "/home/ubuntu/conda-build/conda_build/main_build.py", line 308, in execute
    channel_urls=channel_urls, override_channels=args.override_channels)
  File "/home/ubuntu/conda-build/conda_build/build.py", line 398, in build
    post_process(sorted(files2 - files1), preserve_egg_dir=bool(m.get_value('build/preserve_egg_dir')))
  File "/home/ubuntu/conda-build/conda_build/post.py", line 147, in post_process
    remove_easy_install_pth(files, preserve_egg_dir=preserve_egg_dir)
  File "/home/ubuntu/conda-build/conda_build/post.py", line 104, in remove_easy_install_pth
    utils.copy_into(join(egg_path, fn), join(sp_dir, fn))
  File "/home/ubuntu/conda-build/conda_build/utils.py", line 34, in copy_into
    shutil.copytree(srcname, dstname)
  File "/home/ubuntu/miniconda/lib/python2.7/shutil.py", line 177, in copytree
    os.makedirs(dst)
  File "/home/ubuntu/miniconda/lib/python2.7/os.py", line 157, in makedirs
    mkdir(name, mode)
OSError: [Errno 17] File exists: '/home/ubuntu/miniconda/envs/_build/lib/python2.7/site-packages/websocket/tests'
