Error: prefix already exists: /home/ubuntu/miniconda/envs/_pipbuild_
Collecting dogapi==1.11.1
  Downloading http://localhost/packages/source/d/dogapi/dogapi-1.11.1.tar.gz
setuptools must be installed to install from a source distribution
Package search: {'_pypi_ordering': False, 'version': '1.11.1', 'name': 'dogapi', 'summary': "Python bindings to Datadog's API and a user-facing command line tool."}
Creating standard recipe for dogapi-1.11.1
Using url https://pypi.python.org/packages/source/d/dogapi/dogapi-1.11.1.tar.gz (25 KB) for dogapi.
Downloading dogapi
Using cached download
Unpacking dogapi...
done
working in /tmp/tmp6ADHgeconda_skeleton_dogapi-1.11.1.tar.gz
Fetching package metadata: ......

WARNING: conda-build appears to be out of date. You have version 1.13.0 but the
latest version is 1.14.0. Run

conda update -n root conda-build

to get the latest version.

Solving package specifications: .patching file core.py
Hunk #1 succeeded at 168 with fuzz 2 (offset 2 lines).
Traceback (most recent call last):
  File "setup.py", line 1, in <module>
    from setuptools import setup, find_packages
ImportError: No module named setuptools

Applying patch: '/tmp/tmp6ADHgeconda_skeleton_dogapi-1.11.1.tar.gz/pypi-distutils.patch'
$PYTHONPATH = /tmp/tmp6ADHgeconda_skeleton_dogapi-1.11.1.tar.gz/dogapi-1.11.1
Error: command failed: /home/ubuntu/miniconda/envs/_build/bin/python setup.py install

conda create -n _pipbuild_ --yes python pip
/home/ubuntu/miniconda/envs/_pipbuild_/bin/pip install dogapi==1.11.1
Error: Could not pip install dogapi==1.11.1
