Error: prefix already exists: /home/ubuntu/miniconda/envs/_pipbuild_
Collecting dogpile.cache==0.5.6
  Downloading http://localhost/packages/source/d/dogpile.cache/dogpile.cache-0.5.6.tar.gz (189kB)
setuptools must be installed to install from a source distribution
Package search: {'_pypi_ordering': False, 'version': '0.5.6', 'name': 'dogpile.cache', 'summary': 'A caching front-end based on the Dogpile lock.'}
Creating standard recipe for dogpile.cache-0.5.6
Using url https://pypi.python.org/packages/source/d/dogpile.cache/dogpile.cache-0.5.6.tar.gz (185 KB) for dogpile.cache.
Downloading dogpile.cache
Using cached download
Unpacking dogpile.cache...
done
working in /tmp/tmpCFJO4aconda_skeleton_dogpile.cache-0.5.6.tar.gz
Fetching package metadata: ......

WARNING: conda-build appears to be out of date. You have version 1.13.0 but the
latest version is 1.14.0. Run

conda update -n root conda-build

to get the latest version.

Solving package specifications: .patching file core.py
Hunk #1 succeeded at 168 with fuzz 2 (offset 2 lines).
Traceback (most recent call last):
  File "setup.py", line 4, in <module>
    from setuptools import setup, find_packages
ImportError: No module named setuptools

Applying patch: '/tmp/tmpCFJO4aconda_skeleton_dogpile.cache-0.5.6.tar.gz/pypi-distutils.patch'
$PYTHONPATH = /tmp/tmpCFJO4aconda_skeleton_dogpile.cache-0.5.6.tar.gz/dogpile.cache-0.5.6
Error: command failed: /home/ubuntu/miniconda/envs/_build/bin/python setup.py install

conda create -n _pipbuild_ --yes python pip
/home/ubuntu/miniconda/envs/_pipbuild_/bin/pip install dogpile.cache==0.5.6
Error: Could not pip install dogpile.cache==0.5.6
