Error: prefix already exists: /home/ubuntu/miniconda/envs/_pipbuild_
Collecting dogpile.core==0.4.1
  Downloading http://localhost/packages/source/d/dogpile.core/dogpile.core-0.4.1.tar.gz (99kB)
setuptools must be installed to install from a source distribution
Package search: {'_pypi_ordering': False, 'version': '0.4.1', 'name': 'dogpile.core', 'summary': "A 'dogpile' lock, typically used as a component of a larger caching solution"}
Creating standard recipe for dogpile.core-0.4.1
Using url https://pypi.python.org/packages/source/d/dogpile.core/dogpile.core-0.4.1.tar.gz (97 KB) for dogpile.core.
Downloading dogpile.core
Using cached download
Unpacking dogpile.core...
done
working in /tmp/tmptrx42Dconda_skeleton_dogpile.core-0.4.1.tar.gz
Fetching package metadata: ......

WARNING: conda-build appears to be out of date. You have version 1.13.0 but the
latest version is 1.14.0. Run

conda update -n root conda-build

to get the latest version.

Solving package specifications: .patching file core.py
Hunk #1 succeeded at 168 with fuzz 2 (offset 2 lines).
Traceback (most recent call last):
  File "setup.py", line 5, in <module>
    from setuptools import setup, find_packages
ImportError: No module named setuptools

The following NEW packages will be INSTALLED:

    numpy:  1.9.2-py27_0
    pyyaml: 3.11-py27_1 
    yaml:   0.1.6-0     

Linking packages ...
[                    ]|                                                  |   0%[yaml                ]|                                                  |   0%[numpy               ]|################                                  |  33%[pyyaml              ]|#################################                 |  66%[      COMPLETE      ]|##################################################| 100%
Applying patch: '/tmp/tmptrx42Dconda_skeleton_dogpile.core-0.4.1.tar.gz/pypi-distutils.patch'
$PYTHONPATH = /tmp/tmptrx42Dconda_skeleton_dogpile.core-0.4.1.tar.gz/dogpile.core-0.4.1
Error: command failed: /home/ubuntu/miniconda/envs/_build/bin/python setup.py install

conda create -n _pipbuild_ --yes python pip
/home/ubuntu/miniconda/envs/_pipbuild_/bin/pip install dogpile.core==0.4.1
Error: Could not pip install dogpile.core==0.4.1
