Error: prefix already exists: /home/ubuntu/miniconda/envs/_pipbuild_
Collecting dogstatsd-python==0.5.6
  Downloading http://localhost/packages/source/d/dogstatsd-python/dogstatsd-python-0.5.6.tar.gz
setuptools must be installed to install from a source distribution
Package search: {'_pypi_ordering': False, 'version': '0.5.6', 'name': 'dogstatsd-python', 'summary': "Python bindings to Datadog's API and a user-facing command line tool."}
Creating standard recipe for dogstatsd-python-0.5.6
Using url https://pypi.python.org/packages/source/d/dogstatsd-python/dogstatsd-python-0.5.6.tar.gz (3 KB) for dogstatsd-python.
Downloading dogstatsd-python
Using cached download
Unpacking dogstatsd-python...
done
working in /tmp/tmpjM8H0fconda_skeleton_dogstatsd-python-0.5.6.tar.gz
Fetching package metadata: ......

WARNING: conda-build appears to be out of date. You have version 1.13.0 but the
latest version is 1.14.0. Run

conda update -n root conda-build

to get the latest version.

Solving package specifications: .patching file core.py
Hunk #1 succeeded at 168 with fuzz 2 (offset 2 lines).
Traceback (most recent call last):
  File "setup.py", line 1, in <module>
    from setuptools import setup, find_packages
ImportError: No module named setuptools

Applying patch: '/tmp/tmpjM8H0fconda_skeleton_dogstatsd-python-0.5.6.tar.gz/pypi-distutils.patch'
$PYTHONPATH = /tmp/tmpjM8H0fconda_skeleton_dogstatsd-python-0.5.6.tar.gz/dogstatsd-python-0.5.6
Error: command failed: /home/ubuntu/miniconda/envs/_build/bin/python setup.py install

conda create -n _pipbuild_ --yes python pip
/home/ubuntu/miniconda/envs/_pipbuild_/bin/pip install dogstatsd-python==0.5.6
Error: Could not pip install dogstatsd-python==0.5.6
