Removing old build directory
Removing old work directory
BUILD START: dotcloud-0.9.8-py_0
Fetching package metadata: ......

WARNING: conda-build appears to be out of date. You have version 1.13.0 but the
latest version is 1.14.1. Run

conda update -n root conda-build

to get the latest version.

Solving package specifications: .................
Warning: 2 possible package resolutions (only showing differing packages):
	[u'argparse-1.3.0-py_0.tar.bz2'],
	[u'argparse-1.3.0-py27_0.tar.bz2'],
/home/ubuntu/miniconda/pkgs/argparse-1.3.0-py_0/bin/.argparse-pre-link.sh: line 2: /home/ubuntu/miniconda/envs/_build/bin/python: No such file or directory

The following NEW packages will be INSTALLED:

    argparse:   1.3.0-py_0   
    colorama:   0.3.3-py27_0 
    openssl:    1.0.1k-1     
    pip:        7.0.3-py27_0 
    python:     2.7.10-0     
    readline:   6.2-2        
    requests:   1.2.3-py27_0 
    setuptools: 18.0.1-py27_0
    sqlite:     3.8.4.1-1    
    system:     5.8-2        
    tk:         8.5.18-0     
    zlib:       1.2.8-0      

Linking packages ...
[                    ]|                                                  |   0%[openssl             ]|                                                  |   0%[readline            ]|####                                              |   8%[sqlite              ]|########                                          |  16%[system              ]|############                                      |  25%[tk                  ]|################                                  |  33%[zlib                ]|####################                              |  41%[argparse            ]|#########################                         |  50%Error: pre-link failed: argparse-1.3.0-py_0
