Error: prefix already exists: /home/ubuntu/miniconda/envs/_pipbuild_
Collecting doxx==0.9.4
  Downloading http://localhost/packages/2.7/d/doxx/doxx-0.9.4-py2.py3-none-any.whl (45kB)
Collecting Naked (from doxx==0.9.4)
  Downloading http://localhost/packages/2.7/N/Naked/Naked-0.1.31-py2.py3-none-any.whl (590kB)
Collecting requests (from Naked->doxx==0.9.4)
  Downloading http://localhost/packages/2.7/r/requests/requests-2.7.0-py2.py3-none-any.whl (470kB)
Collecting pyyaml (from Naked->doxx==0.9.4)
  Downloading http://localhost/packages/source/P/PyYAML/PyYAML-3.11.tar.gz (248kB)
setuptools must be installed to install from a source distribution
Package search: {'_pypi_ordering': False, 'version': '0.9.4', 'name': 'doxx', 'summary': 'A Simple, Flexible Text Templating, Build, & Project Distribution System'}
Creating standard recipe for doxx-0.9.4
Using url https://pypi.python.org/packages/source/d/doxx/doxx-0.9.4.tar.gz (32 KB) for doxx.
Downloading doxx
Using cached download
Unpacking doxx...
done
working in /tmp/tmpnm64SKconda_skeleton_doxx-0.9.4.tar.gz
Fetching package metadata: ......

WARNING: conda-build appears to be out of date. You have version 1.13.0 but the
latest version is 1.14.0. Run

conda update -n root conda-build

to get the latest version.

Solving package specifications: .patching file core.py
Hunk #1 succeeded at 168 with fuzz 2 (offset 2 lines).
Traceback (most recent call last):
  File "setup.py", line 3, in <module>
    from setuptools import setup, find_packages
ImportError: No module named setuptools

Applying patch: '/tmp/tmpnm64SKconda_skeleton_doxx-0.9.4.tar.gz/pypi-distutils.patch'
$PYTHONPATH = /tmp/tmpnm64SKconda_skeleton_doxx-0.9.4.tar.gz/doxx-0.9.4
Error: command failed: /home/ubuntu/miniconda/envs/_build/bin/python setup.py install

conda create -n _pipbuild_ --yes python pip
/home/ubuntu/miniconda/envs/_pipbuild_/bin/pip install doxx==0.9.4
Error: Could not pip install doxx==0.9.4
