Warning, the following versions were found for dropbox
2.2.0
2.1.0
2.0.0
1.6
1.5.1
1.4
1.3
1.2
1.1
-insert-version-number-here-
Using 2.2.0
Use --version to specify a different version.
Using url https://pypi.python.org/packages/source/d/dropbox/dropbox-2.2.0.zip (675 KB) for dropbox.
Downloading dropbox
Using cached download
Unpacking dropbox...
done
working in /tmp/tmpQBNkibconda_skeleton_dropbox-2.2.0.zip
Fetching package metadata: ......

WARNING: conda-build appears to be out of date. You have version 1.13.0 but the
latest version is 1.14.1. Run

conda update -n root conda-build

to get the latest version.

Solving package specifications: .patching file core.py
Hunk #1 succeeded at 168 with fuzz 2 (offset 2 lines).

Applying patch: '/tmp/tmpQBNkibconda_skeleton_dropbox-2.2.0.zip/pypi-distutils.patch'
Writing recipe for dropbox
Done
