Error: prefix already exists: /home/ubuntu/miniconda/envs/_pipbuild_
Collecting easy-thumbnails==2.2
  Downloading http://localhost/packages/source/e/easy-thumbnails/easy-thumbnails-2.2.tar.gz (71kB)
setuptools must be installed to install from a source distribution
Package search: {'_pypi_ordering': False, 'version': '2.2', 'name': 'easy-thumbnails', 'summary': 'Easy thumbnails for Django'}
Creating standard recipe for easy-thumbnails-2.2
Using url https://pypi.python.org/packages/source/e/easy-thumbnails/easy-thumbnails-2.2.tar.gz (70 KB) for easy-thumbnails.
Downloading easy-thumbnails
Using cached download
Unpacking easy-thumbnails...
done
working in /tmp/tmpDf1RQmconda_skeleton_easy-thumbnails-2.2.tar.gz
Fetching package metadata: ......

WARNING: conda-build appears to be out of date. You have version 1.13.0 but the
latest version is 1.14.0. Run

conda update -n root conda-build

to get the latest version.

Solving package specifications: .patching file core.py
Hunk #1 succeeded at 168 with fuzz 2 (offset 2 lines).
Traceback (most recent call last):
  File "setup.py", line 5, in <module>
    from setuptools import setup, find_packages
ImportError: No module named setuptools

Applying patch: '/tmp/tmpDf1RQmconda_skeleton_easy-thumbnails-2.2.tar.gz/pypi-distutils.patch'
$PYTHONPATH = /tmp/tmpDf1RQmconda_skeleton_easy-thumbnails-2.2.tar.gz/easy-thumbnails-2.2
Error: command failed: /home/ubuntu/miniconda/envs/_build/bin/python setup.py install

conda create -n _pipbuild_ --yes python pip
/home/ubuntu/miniconda/envs/_pipbuild_/bin/pip install easy-thumbnails==2.2
Error: Could not pip install easy-thumbnails==2.2
