editra not found, trying Editra
Warning, the following versions were found for Editra
0.7.20
0.7.12
0.7.08
0.7.01
0.7.0
0.6.99
0.6.89
0.6.76
0.6.58
0.6.48
0.6.37
0.6.26
0.6.20
0.6.0
0.5.99
0.5.86
0.5.72
0.5.70
0.5.60
0.5.51
0.5.32
0.5.30
0.5.25
0.5.15
0.5.05
0.5.0
0.4.95
0.4.88
0.4.85
0.4.75
0.4.65
0.4.40
0.4.28
0.4.20
0.4.01
0.4.0
0.3.90
0.3.80
0.3.38
0.3.15
0.3.0
0.2.90
0.2.65
0.2.50
0.2.29
0.2.15
0.2.0
0.1.78
0.1.64
0.1.50
Using 0.7.20
Use --version to specify a different version.
Using url https://pypi.python.org/packages/source/E/Editra/Editra-0.7.20.tar.gz (3.9 MB) for Editra.
Downloading Editra
Using cached download
Unpacking Editra...
done
working in /tmp/tmpeCggzJconda_skeleton_Editra-0.7.20.tar.gz
Fetching package metadata: ......

WARNING: conda-build appears to be out of date. You have version 1.13.0 but the
latest version is 1.14.1. Run

conda update -n root conda-build

to get the latest version.

Solving package specifications: .patching file core.py
Hunk #1 succeeded at 168 with fuzz 2 (offset 2 lines).
[ERROR] wxPython2.8 is required.

The following NEW packages will be INSTALLED:

    numpy:      1.9.2-py27_0 
    openssl:    1.0.1k-1     
    pip:        7.0.3-py27_0 
    python:     2.7.10-0     
    pyyaml:     3.11-py27_1  
    readline:   6.2-2        
    setuptools: 18.0.1-py27_0
    sqlite:     3.8.4.1-1    
    system:     5.8-2        
    tk:         8.5.18-0     
    yaml:       0.1.6-0      
    zlib:       1.2.8-0      

Linking packages ...
[                    ]|                                                  |   0%[openssl             ]|                                                  |   0%[readline            ]|####                                              |   8%[sqlite              ]|########                                          |  16%[system              ]|############                                      |  25%[tk                  ]|################                                  |  33%[yaml                ]|####################                              |  41%[zlib                ]|#########################                         |  50%[numpy               ]|#############################                     |  58%[python              ]|#################################                 |  66%[pyyaml              ]|#####################################             |  75%[setuptools          ]|#########################################         |  83%[pip                 ]|#############################################     |  91%[      COMPLETE      ]|##################################################| 100%
Applying patch: '/tmp/tmpeCggzJconda_skeleton_Editra-0.7.20.tar.gz/pypi-distutils.patch'
$PYTHONPATH = /tmp/tmpeCggzJconda_skeleton_Editra-0.7.20.tar.gz/Editra-0.7.20
Error: command failed: /home/ubuntu/miniconda/envs/_build/bin/python setup.py install
