Error: prefix already exists: /home/ubuntu/miniconda/envs/_pipbuild_
Collecting Editra==0.7.20
  Downloading http://localhost/packages/source/E/Editra/Editra-0.7.20.tar.gz (4.1MB)
setuptools must be installed to install from a source distribution
Package search: {'_pypi_ordering': False, 'version': '0.7.20', 'name': 'Editra', 'summary': "Developer's Text Editor"}
Creating standard recipe for editra-0.7.20
Using url https://pypi.python.org/packages/source/E/Editra/Editra-0.7.20.tar.gz (3.9 MB) for Editra.
Downloading Editra
Using cached download
Unpacking Editra...
done
working in /tmp/tmpDNgTaZconda_skeleton_Editra-0.7.20.tar.gz
Fetching package metadata: ......

WARNING: conda-build appears to be out of date. You have version 1.13.0 but the
latest version is 1.14.1. Run

conda update -n root conda-build

to get the latest version.

Solving package specifications: .patching file core.py
Hunk #1 succeeded at 168 with fuzz 2 (offset 2 lines).
[ERROR] wxPython2.8 is required.

Applying patch: '/tmp/tmpDNgTaZconda_skeleton_Editra-0.7.20.tar.gz/pypi-distutils.patch'
$PYTHONPATH = /tmp/tmpDNgTaZconda_skeleton_Editra-0.7.20.tar.gz/Editra-0.7.20
Error: command failed: /home/ubuntu/miniconda/envs/_build/bin/python setup.py install

conda create -n _pipbuild_ --yes python pip
/home/ubuntu/miniconda/envs/_pipbuild_/bin/pip install Editra==0.7.20
Error: Could not pip install Editra==0.7.20
