Error: prefix already exists: /home/ubuntu/miniconda/envs/_pipbuild_
Collecting eelbrain==0.16.2
  Could not find a version that satisfies the requirement eelbrain==0.16.2 (from versions: 0.1.0, 0.1.1, 0.1.2, 0.1.3, 0.1.4, 0.1.5, 0.1.6, 0.1.7, 0.1.8, 0.1.9, 0.1.10, 0.1.11, 0.2, 0.3, 0.4.0, 0.4.1, 0.4.2, 0.4.3, 0.4.4, 0.4.5, 0.5.0, 0.5.1, 0.5.2, 0.5.3, 0.5.4, 0.6.0, 0.6.1, 0.6.2, 0.6.3, 0.6.4, 0.7.0, 0.7.1, 0.7.2, 0.7.3, 0.7.4, 0.7.5, 0.8.0, 0.8.1, 0.8.2, 0.8.3, 0.8.4, 0.8.5, 0.9.0, 0.9.1, 0.9.2, 0.10.0, 0.10.1, 0.10.2, 0.10.3, 0.10.4, 0.10.5, 0.10.6, 0.11.0, 0.11.1, 0.11.2, 0.12.0, 0.12.1, 0.13.0, 0.13.1, 0.13.2, 0.14.0, 0.14.1, 0.14.2, 0.14.3, 0.14.4, 0.14.5, 0.14.6, 0.14.7, 0.14.8, 0.15.1, 0.15.2, 0.15.3)
No matching distribution found for eelbrain==0.16.2
Package search: {'_pypi_ordering': False, 'version': '0.16.2', 'name': 'eelbrain', 'summary': 'MEG/EEG analysis tools'}
Creating standard recipe for eelbrain-0.16.2
Using url https://pypi.python.org/packages/source/e/eelbrain/eelbrain-0.16.2.tar.gz (583 KB) for eelbrain.
Downloading eelbrain
Using cached download
Unpacking eelbrain...
done
working in /tmp/tmpt5U7P0conda_skeleton_eelbrain-0.16.2.tar.gz
Fetching package metadata: ......

WARNING: conda-build appears to be out of date. You have version 1.13.0 but the
latest version is 1.14.0. Run

conda update -n root conda-build

to get the latest version.

Solving package specifications: .patching file core.py
Hunk #1 succeeded at 168 with fuzz 2 (offset 2 lines).
Downloading https://pypi.python.org/packages/source/s/setuptools/setuptools-12.3.zip
Traceback (most recent call last):
  File "setup.py", line 13, in <module>
    use_setuptools()
  File "/tmp/tmpt5U7P0conda_skeleton_eelbrain-0.16.2.tar.gz/eelbrain-0.16.2/ez_setup.py", line 169, in use_setuptools
    return _do_download(version, download_base, to_dir, download_delay)
  File "/tmp/tmpt5U7P0conda_skeleton_eelbrain-0.16.2.tar.gz/eelbrain-0.16.2/ez_setup.py", line 120, in _do_download
    to_dir, download_delay)
  File "/tmp/tmpt5U7P0conda_skeleton_eelbrain-0.16.2.tar.gz/eelbrain-0.16.2/ez_setup.py", line 330, in download_setuptools
    downloader(url, saveto)
  File "/tmp/tmpt5U7P0conda_skeleton_eelbrain-0.16.2.tar.gz/eelbrain-0.16.2/ez_setup.py", line 251, in download_file_curl
    _clean_check(cmd, target)
  File "/tmp/tmpt5U7P0conda_skeleton_eelbrain-0.16.2.tar.gz/eelbrain-0.16.2/ez_setup.py", line 206, in _clean_check
    subprocess.check_call(cmd)
  File "/home/ubuntu/miniconda/envs/_build/lib/python2.7/subprocess.py", line 540, in check_call
    raise CalledProcessError(retcode, cmd)
subprocess.CalledProcessError: Command '['curl', 'https://pypi.python.org/packages/source/s/setuptools/setuptools-12.3.zip', '--silent', '--output', '/tmp/tmpt5U7P0conda_skeleton_eelbrain-0.16.2.tar.gz/eelbrain-0.16.2/setuptools-12.3.zip']' returned non-zero exit status 77

Applying patch: '/tmp/tmpt5U7P0conda_skeleton_eelbrain-0.16.2.tar.gz/pypi-distutils.patch'
$PYTHONPATH = /tmp/tmpt5U7P0conda_skeleton_eelbrain-0.16.2.tar.gz/eelbrain-0.16.2
Error: command failed: /home/ubuntu/miniconda/envs/_build/bin/python setup.py install

conda create -n _pipbuild_ --yes python pip
/home/ubuntu/miniconda/envs/_pipbuild_/bin/pip install eelbrain==0.16.2
Error: Could not pip install eelbrain==0.16.2
