Error: prefix already exists: /home/ubuntu/miniconda/envs/_pipbuild_
Collecting elasticsearch==1.6.0
  Could not find a version that satisfies the requirement elasticsearch==1.6.0 (from versions: 0.4.1, 0.4.2, 0.4.3, 0.4.4, 0.4.5, 1.0.0, 1.1.0, 1.1.1, 1.2.0, 1.3.0, 1.4.0)
No matching distribution found for elasticsearch==1.6.0
Package search: {'_pypi_ordering': False, 'version': '0.4.5', 'name': 'elasticsearch', 'summary': 'Python client for Elasticsearch'}
Creating standard recipe for elasticsearch-1.6.0
Using url https://pypi.python.org/packages/source/e/elasticsearch/elasticsearch-1.6.0.tar.gz (62 KB) for elasticsearch.
Downloading elasticsearch
Using cached download
Unpacking elasticsearch...
done
working in /tmp/tmpqfD1Iyconda_skeleton_elasticsearch-1.6.0.tar.gz
Fetching package metadata: ......

WARNING: conda-build appears to be out of date. You have version 1.13.0 but the
latest version is 1.14.0. Run

conda update -n root conda-build

to get the latest version.

Solving package specifications: .patching file core.py
Hunk #1 succeeded at 168 with fuzz 2 (offset 2 lines).
Traceback (most recent call last):
  File "setup.py", line 3, in <module>
    from setuptools import setup, find_packages
ImportError: No module named setuptools

Applying patch: '/tmp/tmpqfD1Iyconda_skeleton_elasticsearch-1.6.0.tar.gz/pypi-distutils.patch'
$PYTHONPATH = /tmp/tmpqfD1Iyconda_skeleton_elasticsearch-1.6.0.tar.gz/elasticsearch-1.6.0
Error: command failed: /home/ubuntu/miniconda/envs/_build/bin/python setup.py install

conda create -n _pipbuild_ --yes python pip
/home/ubuntu/miniconda/envs/_pipbuild_/bin/pip install elasticsearch==1.6.0
Error: Could not pip install elasticsearch==1.6.0
