Warning, the following versions were found for enum
0.4.4
0.4.3
0.4.2
0.4.1
0.4
0.3.1
0.3
0.2
0.1.1
0.1
Using 0.4.4
Use --version to specify a different version.
Using url https://pypi.python.org/packages/source/e/enum/enum-0.4.4.tar.gz (18 KB) for enum.
Downloading enum
Using cached download
Unpacking enum...
done
working in /tmp/tmpdUkWgkconda_skeleton_enum-0.4.4.tar.gz
Fetching package metadata: ......

WARNING: conda-build appears to be out of date. You have version 1.13.0 but the
latest version is 1.14.1. Run

conda update -n root conda-build

to get the latest version.

Solving package specifications: .patching file core.py
Hunk #1 succeeded at 168 with fuzz 2 (offset 2 lines).

Applying patch: '/tmp/tmpdUkWgkconda_skeleton_enum-0.4.4.tar.gz/pypi-distutils.patch'
Writing recipe for enum
Done
