Error: prefix already exists: /home/ubuntu/miniconda/envs/_pipbuild_
Collecting Fabric==1.10.2
  Could not find a version that satisfies the requirement Fabric==1.10.2 (from versions: 0.0.1.macosx-10.4-i386, 0.0.2.macosx-10.4-i386, 0.0.3.macosx-10.4-i386, 0.0.4.macosx-10.4-i386, 0.0.5.macosx-10.4-i386, 0.0.1, 0.0.2, 0.0.3, 0.0.4, 0.0.5, 0.0.6, 0.0.7, 0.0.8, 0.0.9, 0.1.0, 0.1.1, 0.9.0, 0.9.1, 0.9.2, 0.9.3, 0.9.4, 0.9.5, 0.9.6, 0.9.7, 1.0.0, 1.0.1, 1.0.2, 1.0.3, 1.0.4, 1.0.5, 1.1.0, 1.1.1, 1.1.2, 1.1.3, 1.1.4, 1.1.5, 1.1.6, 1.1.7, 1.1.8, 1.2.0, 1.2.1, 1.2.2, 1.2.3, 1.2.4, 1.2.5, 1.2.6, 1.3.0, 1.3.1, 1.3.2, 1.3.3, 1.3.4, 1.3.5, 1.3.6, 1.3.7, 1.3.8, 1.4.0, 1.4.1, 1.4.2, 1.4.3, 1.4.4, 1.5.0, 1.5.1, 1.5.2, 1.5.3, 1.5.4, 1.5.5, 1.6.0, 1.6.1, 1.6.2, 1.6.4, 1.7.0, 1.7.1, 1.7.2, 1.7.3, 1.7.4, 1.7.5, 1.8.0, 1.8.1, 1.8.2, 1.8.3, 1.8.4, 1.8.5, 1.9.0, 1.9.1, 1.9.2, 1.10.0, 1.10.1)
No matching distribution found for Fabric==1.10.2
Package search: {'_pypi_ordering': False, 'version': '0.9.0', 'name': 'Fabric', 'summary': 'Fabric is a simple, Pythonic tool for remote execution and deployment.'}
Creating standard recipe for fabric-1.10.2
Using url https://pypi.python.org/packages/source/F/Fabric/Fabric-1.10.2.tar.gz (208 KB) for Fabric.
Downloading Fabric
Unpacking Fabric...
done
working in /tmp/tmpwPuB50conda_skeleton_Fabric-1.10.2.tar.gz
Fetching package metadata: ......

WARNING: conda-build appears to be out of date. You have version 1.13.0 but the
latest version is 1.14.0. Run

conda update -n root conda-build

to get the latest version.

Solving package specifications: .patching file core.py
Hunk #1 succeeded at 168 with fuzz 2 (offset 2 lines).
Traceback (most recent call last):
  File "setup.py", line 7, in <module>
    from setuptools import setup, find_packages
ImportError: No module named setuptools

Applying patch: '/tmp/tmpwPuB50conda_skeleton_Fabric-1.10.2.tar.gz/pypi-distutils.patch'
$PYTHONPATH = /tmp/tmpwPuB50conda_skeleton_Fabric-1.10.2.tar.gz/Fabric-1.10.2
Error: command failed: /home/ubuntu/miniconda/envs/_build/bin/python setup.py install

conda create -n _pipbuild_ --yes python pip
/home/ubuntu/miniconda/envs/_pipbuild_/bin/pip install Fabric==1.10.2
Error: Could not pip install Fabric==1.10.2
