Error: prefix already exists: /home/ubuntu/miniconda/envs/_pipbuild_
Collecting fakeredis==0.6.1
  Downloading http://localhost/packages/py2.py3/f/fakeredis/fakeredis-0.6.1-py2.py3-none-any.whl
Collecting redis (from fakeredis==0.6.1)
  Downloading http://localhost/packages/source/r/redis/redis-2.10.3.tar.gz (86kB)
setuptools must be installed to install from a source distribution
Package search: {'_pypi_ordering': False, 'version': '0.6.1', 'name': 'fakeredis', 'summary': 'Fake implementation of redis API for testing purposes.'}
Creating standard recipe for fakeredis-0.6.1
Using url https://pypi.python.org/packages/source/f/fakeredis/fakeredis-0.6.1.tar.gz (16 KB) for fakeredis.
Downloading fakeredis
Using cached download
Unpacking fakeredis...
done
working in /tmp/tmpQ_ZoTAconda_skeleton_fakeredis-0.6.1.tar.gz
Fetching package metadata: ......

WARNING: conda-build appears to be out of date. You have version 1.13.0 but the
latest version is 1.14.0. Run

conda update -n root conda-build

to get the latest version.

Solving package specifications: .patching file core.py
Hunk #1 succeeded at 168 with fuzz 2 (offset 2 lines).
Traceback (most recent call last):
  File "setup.py", line 3, in <module>
    from setuptools import setup, find_packages
ImportError: No module named setuptools

Applying patch: '/tmp/tmpQ_ZoTAconda_skeleton_fakeredis-0.6.1.tar.gz/pypi-distutils.patch'
$PYTHONPATH = /tmp/tmpQ_ZoTAconda_skeleton_fakeredis-0.6.1.tar.gz/fakeredis-0.6.1
Error: command failed: /home/ubuntu/miniconda/envs/_build/bin/python setup.py install

conda create -n _pipbuild_ --yes python pip
/home/ubuntu/miniconda/envs/_pipbuild_/bin/pip install fakeredis==0.6.1
Error: Could not pip install fakeredis==0.6.1
