Error: prefix already exists: /home/ubuntu/miniconda/envs/_pipbuild_
Collecting fake-factory==0.5.2
  Could not find a version that satisfies the requirement fake-factory==0.5.2 (from versions: 0.2, 0.3, 0.3.1, 0.3.2, 0.4.0, 0.4.2, 0.5.0)
No matching distribution found for fake-factory==0.5.2
Package search: {'_pypi_ordering': False, 'version': '0.5.2', 'name': 'fake-factory', 'summary': 'Faker is a Python package that generates fake data for you.'}
Creating standard recipe for fake-factory-0.5.2
Using url https://pypi.python.org/packages/source/f/fake-factory/fake-factory-0.5.2.tar.gz (366 KB) for fake-factory.
Downloading fake-factory
Using cached download
Unpacking fake-factory...
done
working in /tmp/tmpCAFKDeconda_skeleton_fake-factory-0.5.2.tar.gz
Fetching package metadata: ......

WARNING: conda-build appears to be out of date. You have version 1.13.0 but the
latest version is 1.14.0. Run

conda update -n root conda-build

to get the latest version.

Solving package specifications: .patching file core.py
Hunk #1 succeeded at 168 with fuzz 2 (offset 2 lines).
Traceback (most recent call last):
  File "setup.py", line 7, in <module>
    from setuptools import setup, find_packages
ImportError: No module named setuptools

Applying patch: '/tmp/tmpCAFKDeconda_skeleton_fake-factory-0.5.2.tar.gz/pypi-distutils.patch'
$PYTHONPATH = /tmp/tmpCAFKDeconda_skeleton_fake-factory-0.5.2.tar.gz/fake-factory-0.5.2
Error: command failed: /home/ubuntu/miniconda/envs/_build/bin/python setup.py install

conda create -n _pipbuild_ --yes python pip
/home/ubuntu/miniconda/envs/_pipbuild_/bin/pip install fake-factory==0.5.2
Error: Could not pip install fake-factory==0.5.2
