Error: prefix already exists: /home/ubuntu/miniconda/envs/_pipbuild_
Collecting feedparser==5.2.0
  Could not find a version that satisfies the requirement feedparser==5.2.0 (from versions: 4.1, 5.0, 5.0.1, 5.1, 5.1.1, 5.1.2, 5.1.3, 5.2.0.post1)
  Some externally hosted files were ignored as access to them may be unreliable (use --allow-external feedparser to allow).
No matching distribution found for feedparser==5.2.0
Package search: {'_pypi_ordering': False, 'version': '5.2.0', 'name': 'feedparser', 'summary': 'Handles RSS 0.9x, RSS 1.0, RSS 2.0, CDF, Atom 0.3, and Atom 1.0 feeds'}
Creating standard recipe for feedparser-5.2.0
Using url https://pypi.python.org/packages/source/f/feedparser/feedparser-5.2.0.post1.tar.bz2 (188 KB) for feedparser.
Downloading feedparser
Using cached download
Unpacking feedparser...
done
working in /tmp/tmpQClcDCconda_skeleton_feedparser-5.2.0.post1.tar.bz2
Fetching package metadata: ......

WARNING: conda-build appears to be out of date. You have version 1.13.0 but the
latest version is 1.14.0. Run

conda update -n root conda-build

to get the latest version.

Solving package specifications: .patching file core.py
Hunk #1 succeeded at 168 with fuzz 2 (offset 2 lines).
Traceback (most recent call last):
  File "setup.py", line 1, in <module>
    from setuptools import setup
ImportError: No module named setuptools

Applying patch: '/tmp/tmpQClcDCconda_skeleton_feedparser-5.2.0.post1.tar.bz2/pypi-distutils.patch'
$PYTHONPATH = /tmp/tmpQClcDCconda_skeleton_feedparser-5.2.0.post1.tar.bz2/feedparser-5.2.0
Error: command failed: /home/ubuntu/miniconda/envs/_build/bin/python setup.py install

conda create -n _pipbuild_ --yes python pip
/home/ubuntu/miniconda/envs/_pipbuild_/bin/pip install feedparser==5.2.0
Error: Could not pip install feedparser==5.2.0
