feincms not found, trying FeinCMS
Warning, the following versions were found for FeinCMS
1.11.0
1.10.1
1.10.0
1.9.5
1.9.4
1.9.3
1.9.2
1.9.1
1.9.0
1.8.4
1.8.3
1.8.2
1.8.1
1.8.0
1.7.7
1.7.6
1.7.5
1.7.4
1.7.3
1.7.2
1.7.1
1.7.0
1.6.6
1.6.5
1.6.4
1.6.3
1.6.2
1.6.1
1.6.0
1.5.6
1.5.5
1.5.4
1.5.3
1.5.2
1.5.1
1.5.0
1.5.0.pre1
1.5.0.rc1
1.4.2
1.4.1
1.4.0
1.4.0.rc1
1.3.1
1.3.0
1.3.0.pre3
1.3.0.pre2
1.3.0.pre1
1.3.0.rc1
1.2.2
1.2.1
1.2.0
1.1.4
1.1.3
1.1.2
1.1.1
1.1.0
1.0.99
1.0.4
1.0.3
1.0.2
1.0.1
0.1.0.pre
Using 1.11.0
Use --version to specify a different version.
Using url https://pypi.python.org/packages/source/F/FeinCMS/FeinCMS-1.11.0.tar.gz (344 KB) for FeinCMS.
Downloading FeinCMS
Using cached download
Unpacking FeinCMS...
done
working in /tmp/tmpOMPMwWconda_skeleton_FeinCMS-1.11.0.tar.gz
Fetching package metadata: ......

WARNING: conda-build appears to be out of date. You have version 1.13.0 but the
latest version is 1.14.1. Run

conda update -n root conda-build

to get the latest version.

Solving package specifications: .patching file core.py
Hunk #1 succeeded at 168 with fuzz 2 (offset 2 lines).

Applying patch: '/tmp/tmpOMPMwWconda_skeleton_FeinCMS-1.11.0.tar.gz/pypi-distutils.patch'
Writing recipe for feincms
Done
