Warning, the following versions were found for filebrowser_safe
0.3.8
0.3.7
0.3.6
0.3.5
0.3.4
0.3.3
0.3.2
0.3.1
0.3.0
0.2.31
0.2.30
0.2.29
0.2.28
0.2.27
0.2.26
0.2.25
0.2.24
0.2.23
0.2.22
0.2.21
0.2.20
0.2.19
0.2.18
0.2.17
0.2.16
0.2.15
0.2.14
0.2.13
0.2.12
0.2.11
0.2.10
0.2.9
0.2.8
0.2.7
0.2.6
0.2.5
0.2.4
0.2.3
0.2.2
0.2.1
0.2.0
0.1.3
0.1.2
0.1.1
0.1
Using 0.3.8
Use --version to specify a different version.
Using url https://pypi.python.org/packages/source/f/filebrowser_safe/filebrowser_safe-0.3.8.tar.gz (159 KB) for filebrowser_safe.
Downloading filebrowser_safe
Using cached download
Unpacking filebrowser_safe...
done
working in /tmp/tmpwYxVKfconda_skeleton_filebrowser_safe-0.3.8.tar.gz
Fetching package metadata: ......

WARNING: conda-build appears to be out of date. You have version 1.13.0 but the
latest version is 1.14.1. Run

conda update -n root conda-build

to get the latest version.

Solving package specifications: .patching file core.py
Hunk #1 succeeded at 168 with fuzz 2 (offset 2 lines).

Applying patch: '/tmp/tmpwYxVKfconda_skeleton_filebrowser_safe-0.3.8.tar.gz/pypi-distutils.patch'
Writing recipe for filebrowser_safe
Done
