Error: prefix already exists: /home/ubuntu/miniconda/envs/_pipbuild_
Collecting fixtures==1.3.0
  Could not find a version that satisfies the requirement fixtures==1.3.0 (from versions: 0.1, 0.2, 0.3, 0.3.1, 0.3.2, 0.3.3, 0.3.4, 0.3.5, 0.3.6, 0.3.7, 0.3.8, 0.3.9, 0.3.10, 0.3.11, 0.3.12, 0.3.13, 0.3.14, 0.3.15, 0.3.16, 0.3.17, 1.0.0, 1.1.0, 1.2.0)
  Some externally hosted files were ignored as access to them may be unreliable (use --allow-external fixtures to allow).
No matching distribution found for fixtures==1.3.0
Package search: {'_pypi_ordering': False, 'version': '1.3.0', 'name': 'fixtures', 'summary': 'Fixtures, reusable state for writing clean tests and more.'}
Creating standard recipe for fixtures-1.3.0
Using url https://pypi.python.org/packages/source/f/fixtures/fixtures-1.3.0.tar.gz (48 KB) for fixtures.
Downloading fixtures
Unpacking fixtures...
done
working in /tmp/tmpHT97J6conda_skeleton_fixtures-1.3.0.tar.gz
Fetching package metadata: ......

WARNING: conda-build appears to be out of date. You have version 1.13.0 but the
latest version is 1.14.0. Run

conda update -n root conda-build

to get the latest version.

Solving package specifications: .patching file core.py
Hunk #1 succeeded at 168 with fuzz 2 (offset 2 lines).
Traceback (most recent call last):
  File "setup.py", line 3, in <module>
    import setuptools
ImportError: No module named setuptools

The following NEW packages will be INSTALLED:

    numpy:  1.9.2-py27_0
    pyyaml: 3.11-py27_1 
    yaml:   0.1.6-0     

Linking packages ...
[                    ]|                                                  |   0%[yaml                ]|                                                  |   0%[numpy               ]|################                                  |  33%[pyyaml              ]|#################################                 |  66%[      COMPLETE      ]|##################################################| 100%
Applying patch: '/tmp/tmpHT97J6conda_skeleton_fixtures-1.3.0.tar.gz/pypi-distutils.patch'
$PYTHONPATH = /tmp/tmpHT97J6conda_skeleton_fixtures-1.3.0.tar.gz/fixtures-1.3.0
Error: command failed: /home/ubuntu/miniconda/envs/_build/bin/python setup.py install

conda create -n _pipbuild_ --yes python pip
/home/ubuntu/miniconda/envs/_pipbuild_/bin/pip install fixtures==1.3.0
Error: Could not pip install fixtures==1.3.0
