Error: prefix already exists: /home/ubuntu/miniconda/envs/_pipbuild_
Collecting flaky==2.1.1
  Could not find a version that satisfies the requirement flaky==2.1.1 (from versions: 0.0.1, 0.0.2, 0.0.3, 0.0.4, 0.2.0, 0.3.0, 0.4.0, 1.0.0, 1.0.1, 1.0.2, 1.1.0, 2.0.0, 2.0.3, 2.0.4, 2.1.0)
No matching distribution found for flaky==2.1.1
Package search: {'_pypi_ordering': False, 'version': '2.1.1', 'name': 'flaky', 'summary': 'Plugin for nose or py.test that automatically reruns flaky tests.'}
Creating standard recipe for flaky-2.1.1
Using url https://pypi.python.org/packages/source/f/flaky/flaky-2.1.1.tar.gz (21 KB) for flaky.
Downloading flaky
Using cached download
Unpacking flaky...
done
working in /tmp/tmp82C60econda_skeleton_flaky-2.1.1.tar.gz
Fetching package metadata: ......

WARNING: conda-build appears to be out of date. You have version 1.13.0 but the
latest version is 1.14.0. Run

conda update -n root conda-build

to get the latest version.

Solving package specifications: .patching file core.py
Hunk #1 succeeded at 168 with fuzz 2 (offset 2 lines).
Traceback (most recent call last):
  File "setup.py", line 4, in <module>
    from setuptools import setup, find_packages
ImportError: No module named setuptools

The following NEW packages will be INSTALLED:

    numpy:  1.9.2-py27_0
    pyyaml: 3.11-py27_1 
    yaml:   0.1.6-0     

Linking packages ...
[                    ]|                                                  |   0%[yaml                ]|                                                  |   0%[numpy               ]|################                                  |  33%[pyyaml              ]|#################################                 |  66%[      COMPLETE      ]|##################################################| 100%
Applying patch: '/tmp/tmp82C60econda_skeleton_flaky-2.1.1.tar.gz/pypi-distutils.patch'
$PYTHONPATH = /tmp/tmp82C60econda_skeleton_flaky-2.1.1.tar.gz/flaky-2.1.1
Error: command failed: /home/ubuntu/miniconda/envs/_build/bin/python setup.py install

conda create -n _pipbuild_ --yes python pip
/home/ubuntu/miniconda/envs/_pipbuild_/bin/pip install flaky==2.1.1
Error: Could not pip install flaky==2.1.1
