Error: prefix already exists: /home/ubuntu/miniconda/envs/_pipbuild_
Collecting flake8==2.4.1
  Could not find a version that satisfies the requirement flake8==2.4.1 (from versions: 0.1, 0.2, 0.3, 0.4, 0.5, 0.6, 0.7, 0.8, 0.9, 1.0, 1.1, 1.2, 1.3, 1.3.1, 1.4, 1.5, 1.6, 1.6.1, 1.6.2, 1.7.0, 2.0, 2.1.0, 2.2.0, 2.2.1, 2.2.2, 2.2.3, 2.2.4, 2.2.5, 2.3.0, 2.4.0)
No matching distribution found for flake8==2.4.1
Package search: {'_pypi_ordering': False, 'version': '2.4.1', 'name': 'flake8', 'summary': 'the modular source code checker: pep8, pyflakes and co'}
Creating standard recipe for flake8-2.4.1
Using url https://pypi.python.org/packages/source/f/flake8/flake8-2.4.1.tar.gz (49 KB) for flake8.
Downloading flake8
Using cached download
Unpacking flake8...
done
working in /tmp/tmpP_e_Kiconda_skeleton_flake8-2.4.1.tar.gz
Fetching package metadata: ......

WARNING: conda-build appears to be out of date. You have version 1.13.0 but the
latest version is 1.14.0. Run

conda update -n root conda-build

to get the latest version.

Solving package specifications: .patching file core.py
Hunk #1 succeeded at 168 with fuzz 2 (offset 2 lines).
Traceback (most recent call last):
  File "setup.py", line 3, in <module>
    from setuptools import setup
ImportError: No module named setuptools

Applying patch: '/tmp/tmpP_e_Kiconda_skeleton_flake8-2.4.1.tar.gz/pypi-distutils.patch'
$PYTHONPATH = /tmp/tmpP_e_Kiconda_skeleton_flake8-2.4.1.tar.gz/flake8-2.4.1
Error: command failed: /home/ubuntu/miniconda/envs/_build/bin/python setup.py install

conda create -n _pipbuild_ --yes python pip
/home/ubuntu/miniconda/envs/_pipbuild_/bin/pip install flake8==2.4.1
Error: Could not pip install flake8==2.4.1
