Error: prefix already exists: /home/ubuntu/miniconda/envs/_pipbuild_
Collecting Flask-Login==0.2.11
  Downloading http://localhost/packages/source/F/Flask-Login/Flask-Login-0.2.11.tar.gz
setuptools must be installed to install from a source distribution
Package search: {'_pypi_ordering': False, 'version': '0.2.11', 'name': 'Flask-Login', 'summary': 'User session management for Flask'}
Creating standard recipe for flask-login-0.2.11
Using url https://pypi.python.org/packages/source/F/Flask-Login/Flask-Login-0.2.11.tar.gz (11 KB) for Flask-Login.
Downloading Flask-Login
Using cached download
Unpacking Flask-Login...
done
working in /tmp/tmpTlbwgBconda_skeleton_Flask-Login-0.2.11.tar.gz
Fetching package metadata: ......

WARNING: conda-build appears to be out of date. You have version 1.13.0 but the
latest version is 1.14.0. Run

conda update -n root conda-build

to get the latest version.

Solving package specifications: .patching file core.py
Hunk #1 succeeded at 168 with fuzz 2 (offset 2 lines).
Traceback (most recent call last):
  File "setup.py", line 23, in <module>
    from setuptools import setup
ImportError: No module named setuptools

Applying patch: '/tmp/tmpTlbwgBconda_skeleton_Flask-Login-0.2.11.tar.gz/pypi-distutils.patch'
$PYTHONPATH = /tmp/tmpTlbwgBconda_skeleton_Flask-Login-0.2.11.tar.gz/Flask-Login-0.2.11
Error: command failed: /home/ubuntu/miniconda/envs/_build/bin/python setup.py install

conda create -n _pipbuild_ --yes python pip
/home/ubuntu/miniconda/envs/_pipbuild_/bin/pip install Flask-Login==0.2.11
Error: Could not pip install Flask-Login==0.2.11
