flask-appbuilder not found, trying Flask-AppBuilder
Warning, the following versions were found for Flask-AppBuilder
1.4.1
1.4.0
1.3.7
1.3.6
1.3.5
1.3.4
1.3.3
1.3.2
1.3.1
1.3.0
1.2.1
1.2.0
1.1.3
1.1.2
1.1.1
1.1.0
1.0.1
1.0.0
0.10.7
0.10.6
0.10.5
0.10.4
0.10.3
0.10.2
0.10.1
0.10.0
0.9.3
0.9.2
0.9.1
0.9.0
0.8.5
0.8.4
0.8.3
0.8.2
0.8.1
0.8.0
0.7.8
0.7.7
0.7.6
0.7.5
0.7.4
0.7.3
0.7.2
0.7.1
0.7.0
0.6.14
0.6.13
0.6.12
0.6.11
0.6.10
0.6.9
0.6.8
0.6.7
0.6.6
0.6.5
0.6.4
0.6.3
0.6.2
0.6.1
0.5.6
0.5.5
0.5.4
0.5.3
0.5.2
0.5.1
0.5.0
0.4.3
0.4.2
0.4.1
0.4.0
0.3.17
0.3.16
0.3.15
0.3.14
0.3.13
0.3.12
0.3.11
0.3.10
0.3.9
0.3.8
0.3.7
0.3.6
0.3.5
0.3.4
0.3.3
0.3.2
0.3.1
0.3.0
0.2.2
0.2.1
0.2.0
0.1.47
0.1.46
0.1.45
0.1.44
0.1.43
0.1.38
0.1.37
0.1.36
0.1.35
0.1.34
0.1.33
0.1.29
0.1.28
0.1.27
0.1.26
0.1.25
0.1.24
0.1.23
0.1.22
0.1.21
0.1.20
0.1.19
0.1.18
0.1.17
0.1.16
0.1.15
0.1.14
0.1.13
0.1.12
0.1.11
0.1.10
0.1.9
0.1.8
0.1.7
0.1.6
0.1.5
0.1.4
0.1.3
Using 1.4.1
Use --version to specify a different version.
Using url https://pypi.python.org/packages/source/F/Flask-AppBuilder/Flask-AppBuilder-1.4.1.tar.gz (1.0 MB) for Flask-AppBuilder.
Downloading Flask-AppBuilder
Unpacking Flask-AppBuilder...
done
working in /tmp/tmp2oVdLDconda_skeleton_Flask-AppBuilder-1.4.1.tar.gz
Fetching package metadata: ......

WARNING: conda-build appears to be out of date. You have version 1.13.0 but the
latest version is 1.14.1. Run

conda update -n root conda-build

to get the latest version.

Solving package specifications: .patching file core.py
Hunk #1 succeeded at 168 with fuzz 2 (offset 2 lines).

WARNING: conda-build appears to be out of date. You have version 1.13.0 but the
latest version is 1.14.1. Run

conda update -n root conda-build

to get the latest version.


The following NEW packages will be INSTALLED:

    numpy:  1.9.2-py27_0
    pyyaml: 3.11-py27_1 
    yaml:   0.1.6-0     

Linking packages ...
[                    ]|                                                  |   0%[yaml                ]|                                                  |   0%[numpy               ]|################                                  |  33%[pyyaml              ]|#################################                 |  66%[      COMPLETE      ]|##################################################| 100%
Applying patch: '/tmp/tmp2oVdLDconda_skeleton_Flask-AppBuilder-1.4.1.tar.gz/pypi-distutils.patch'
flask-openid not found, trying Flask-OpenID
Warning, the following versions were found for Flask-OpenID
1.2.4
1.2.3
1.2.2
1.2.1
1.2
1.1.1
1.1
1.0.1
1.0
0.9.1
0.9
Using 1.2.4
Use --version to specify a different version.
Using url https://pypi.python.org/packages/source/F/Flask-OpenID/Flask-OpenID-1.2.4.tar.gz (42 KB) for Flask-OpenID.
Downloading Flask-OpenID
Using cached download
Unpacking Flask-OpenID...
done
working in /tmp/tmpVEX9HBconda_skeleton_Flask-OpenID-1.2.4.tar.gz
Solving package specifications: .patching file core.py
Hunk #1 succeeded at 168 with fuzz 2 (offset 2 lines).

WARNING: conda-build appears to be out of date. You have version 1.13.0 but the
latest version is 1.14.1. Run

conda update -n root conda-build

to get the latest version.


Applying patch: '/tmp/tmpVEX9HBconda_skeleton_Flask-OpenID-1.2.4.tar.gz/pypi-distutils.patch'
flask-babelpkg not found, trying Flask-BabelPkg
Warning, the following versions were found for Flask-BabelPkg
0.9.6
0.9.5
0.9.4
0.9.3
0.9.2
0.9.1
0.9
Using 0.9.6
Use --version to specify a different version.
Using url https://pypi.python.org/packages/source/F/Flask-BabelPkg/Flask-BabelPkg-0.9.6.tar.gz (38 KB) for Flask-BabelPkg.
Downloading Flask-BabelPkg
Using cached download
Unpacking Flask-BabelPkg...
done
working in /tmp/tmpzPd0bJconda_skeleton_Flask-BabelPkg-0.9.6.tar.gz
Solving package specifications: .patching file core.py
Hunk #1 succeeded at 168 with fuzz 2 (offset 2 lines).

Applying patch: '/tmp/tmpzPd0bJconda_skeleton_Flask-BabelPkg-0.9.6.tar.gz/pypi-distutils.patch'
Writing recipe for flask-appbuilder
Writing recipe for flask-babelpkg
Writing recipe for flask-openid
Done
