Error: prefix already exists: /home/ubuntu/miniconda/envs/_pipbuild_
Collecting Flask-SQLAlchemy==2.0
  Downloading http://localhost/packages/source/F/Flask-SQLAlchemy/Flask-SQLAlchemy-2.0.tar.gz (93kB)
setuptools must be installed to install from a source distribution
Package search: {'_pypi_ordering': False, 'version': '2.0', 'name': 'Flask-SQLAlchemy', 'summary': 'Adds SQLAlchemy support to your Flask application'}
Creating standard recipe for flask-sqlalchemy-2.0
Using url https://pypi.python.org/packages/source/F/Flask-SQLAlchemy/Flask-SQLAlchemy-2.0.tar.gz (91 KB) for Flask-SQLAlchemy.
Downloading Flask-SQLAlchemy
Using cached download
Unpacking Flask-SQLAlchemy...
done
working in /tmp/tmpbmJVDgconda_skeleton_Flask-SQLAlchemy-2.0.tar.gz
Fetching package metadata: ......

WARNING: conda-build appears to be out of date. You have version 1.13.0 but the
latest version is 1.14.0. Run

conda update -n root conda-build

to get the latest version.

Solving package specifications: .patching file core.py
Hunk #1 succeeded at 168 with fuzz 2 (offset 2 lines).
Traceback (most recent call last):
  File "setup.py", line 15, in <module>
    from setuptools import setup
ImportError: No module named setuptools

Applying patch: '/tmp/tmpbmJVDgconda_skeleton_Flask-SQLAlchemy-2.0.tar.gz/pypi-distutils.patch'
$PYTHONPATH = /tmp/tmpbmJVDgconda_skeleton_Flask-SQLAlchemy-2.0.tar.gz/Flask-SQLAlchemy-2.0
Error: command failed: /home/ubuntu/miniconda/envs/_build/bin/python setup.py install

conda create -n _pipbuild_ --yes python pip
/home/ubuntu/miniconda/envs/_pipbuild_/bin/pip install Flask-SQLAlchemy==2.0
Error: Could not pip install Flask-SQLAlchemy==2.0
