Error: prefix already exists: /home/ubuntu/miniconda/envs/_pipbuild_
Collecting Flask-Assets==0.10
  Downloading http://localhost/packages/source/F/Flask-Assets/Flask-Assets-0.10.tar.gz
setuptools must be installed to install from a source distribution
Package search: {'_pypi_ordering': False, 'version': '0.10', 'name': 'Flask-Assets', 'summary': 'Asset management for Flask, to compress and merge CSS and Javascript files.'}
Creating standard recipe for flask-assets-0.10
Using url https://pypi.python.org/packages/source/F/Flask-Assets/Flask-Assets-0.10.tar.gz (21 KB) for Flask-Assets.
Downloading Flask-Assets
Using cached download
Unpacking Flask-Assets...
done
working in /tmp/tmpOtNlmsconda_skeleton_Flask-Assets-0.10.tar.gz
Fetching package metadata: ......

WARNING: conda-build appears to be out of date. You have version 1.13.0 but the
latest version is 1.14.0. Run

conda update -n root conda-build

to get the latest version.

Solving package specifications: .patching file core.py
Hunk #1 succeeded at 168 with fuzz 2 (offset 2 lines).
Traceback (most recent call last):
  File "setup.py", line 12, in <module>
    from setuptools import setup
ImportError: No module named setuptools

Applying patch: '/tmp/tmpOtNlmsconda_skeleton_Flask-Assets-0.10.tar.gz/pypi-distutils.patch'
$PYTHONPATH = /tmp/tmpOtNlmsconda_skeleton_Flask-Assets-0.10.tar.gz/Flask-Assets-0.10
Error: command failed: /home/ubuntu/miniconda/envs/_build/bin/python setup.py install

conda create -n _pipbuild_ --yes python pip
/home/ubuntu/miniconda/envs/_pipbuild_/bin/pip install Flask-Assets==0.10
Error: Could not pip install Flask-Assets==0.10
