Error: prefix already exists: /home/ubuntu/miniconda/envs/_pipbuild_
Collecting Flask-SSLify==0.1.5
  Downloading http://localhost/packages/source/F/Flask-SSLify/Flask-SSLify-0.1.5.tar.gz
setuptools must be installed to install from a source distribution
Package search: {'_pypi_ordering': False, 'version': '0.1.5', 'name': 'Flask-SSLify', 'summary': 'Force SSL on your Flask app.'}
Creating standard recipe for flask-sslify-0.1.5
Using url https://pypi.python.org/packages/source/F/Flask-SSLify/Flask-SSLify-0.1.5.tar.gz (3 KB) for Flask-SSLify.
Downloading Flask-SSLify
Using cached download
Unpacking Flask-SSLify...
done
working in /tmp/tmpXTyjDvconda_skeleton_Flask-SSLify-0.1.5.tar.gz
Fetching package metadata: ......

WARNING: conda-build appears to be out of date. You have version 1.13.0 but the
latest version is 1.14.0. Run

conda update -n root conda-build

to get the latest version.

Solving package specifications: .patching file core.py
Hunk #1 succeeded at 168 with fuzz 2 (offset 2 lines).
Traceback (most recent call last):
  File "setup.py", line 11, in <module>
    from setuptools import setup
ImportError: No module named setuptools

Applying patch: '/tmp/tmpXTyjDvconda_skeleton_Flask-SSLify-0.1.5.tar.gz/pypi-distutils.patch'
$PYTHONPATH = /tmp/tmpXTyjDvconda_skeleton_Flask-SSLify-0.1.5.tar.gz/Flask-SSLify-0.1.5
Error: command failed: /home/ubuntu/miniconda/envs/_build/bin/python setup.py install

conda create -n _pipbuild_ --yes python pip
/home/ubuntu/miniconda/envs/_pipbuild_/bin/pip install Flask-SSLify==0.1.5
Error: Could not pip install Flask-SSLify==0.1.5
