Removing old build directory
Removing old work directory
BUILD START: flask-assets-0.10-py27_0
Fetching package metadata: ......

WARNING: conda-build appears to be out of date. You have version 1.13.0 but the
latest version is 1.14.1. Run

conda update -n root conda-build

to get the latest version.

Solving package specifications: .................
Warning: 4 possible package resolutions (only showing differing packages):
	[u'webassets-0.10.1-py_0.tar.bz2', u'werkzeug-0.10.4-py_0.tar.bz2'],
	[u'webassets-0.10.1-py_0.tar.bz2', u'werkzeug-0.10.4-py27_0.tar.bz2'],
	[u'webassets-0.10.1-py27_0.tar.bz2', u'werkzeug-0.10.4-py27_0.tar.bz2'],
	[u'webassets-0.10.1-py27_0.tar.bz2', u'werkzeug-0.10.4-py_0.tar.bz2'],
+ /home/ubuntu/miniconda/envs/_build/bin/python setup.py install
running install
running bdist_egg
running egg_info
writing requirements to src/Flask_Assets.egg-info/requires.txt
writing src/Flask_Assets.egg-info/PKG-INFO
writing top-level names to src/Flask_Assets.egg-info/top_level.txt
writing dependency_links to src/Flask_Assets.egg-info/dependency_links.txt
reading manifest file 'src/Flask_Assets.egg-info/SOURCES.txt'
reading manifest template 'MANIFEST.in'
no previously-included directories found matching 'docs/_build'
no previously-included directories found matching 'docs/_themes/.git'
warning: no previously-included files matching '*.pyc' found under directory 'tests'
warning: no previously-included files matching '*.pyc' found under directory 'example'
writing manifest file 'src/Flask_Assets.egg-info/SOURCES.txt'
installing library code to build/bdist.linux-x86_64/egg
running install_lib
running build_py
creating build
creating build/lib
copying src/flask_assets.py -> build/lib
creating build/bdist.linux-x86_64
creating build/bdist.linux-x86_64/egg
copying build/lib/flask_assets.py -> build/bdist.linux-x86_64/egg
byte-compiling build/bdist.linux-x86_64/egg/flask_assets.py to flask_assets.pyc
creating build/bdist.linux-x86_64/egg/EGG-INFO
copying src/Flask_Assets.egg-info/PKG-INFO -> build/bdist.linux-x86_64/egg/EGG-INFO
copying src/Flask_Assets.egg-info/SOURCES.txt -> build/bdist.linux-x86_64/egg/EGG-INFO
copying src/Flask_Assets.egg-info/dependency_links.txt -> build/bdist.linux-x86_64/egg/EGG-INFO
copying src/Flask_Assets.egg-info/not-zip-safe -> build/bdist.linux-x86_64/egg/EGG-INFO
copying src/Flask_Assets.egg-info/requires.txt -> build/bdist.linux-x86_64/egg/EGG-INFO
copying src/Flask_Assets.egg-info/top_level.txt -> build/bdist.linux-x86_64/egg/EGG-INFO
creating dist
creating 'dist/Flask_Assets-0.10-py2.7.egg' and adding 'build/bdist.linux-x86_64/egg' to it
removing 'build/bdist.linux-x86_64/egg' (and everything under it)
Processing Flask_Assets-0.10-py2.7.egg
creating /home/ubuntu/miniconda/envs/_build/lib/python2.7/site-packages/Flask_Assets-0.10-py2.7.egg
Extracting Flask_Assets-0.10-py2.7.egg to /home/ubuntu/miniconda/envs/_build/lib/python2.7/site-packages
Adding Flask-Assets 0.10 to easy-install.pth file

Installed /home/ubuntu/miniconda/envs/_build/lib/python2.7/site-packages/Flask_Assets-0.10-py2.7.egg
Processing dependencies for Flask-Assets==0.10
Searching for webassets>=0.10
Reading https://pypi.python.org/simple/webassets/
Reading https://pypi.python.org/simple/webassets/github.com/miracle2k/webassets/
Reading http://github.com/miracle2k/webassets/
Best match: webassets 0.10.1
Downloading https://pypi.python.org/packages/source/w/webassets/webassets-0.10.1.tar.gz#md5=8007980e0ef38c9a42f577b2b2362e76
Processing webassets-0.10.1.tar.gz
Writing /tmp/easy_install-dffgPv/webassets-0.10.1/setup.cfg
Running webassets-0.10.1/setup.py -q bdist_egg --dist-dir /tmp/easy_install-dffgPv/webassets-0.10.1/egg-dist-tmp-9VPIj4
warning: no files found matching 'run_tests.py'
no previously-included directories found matching 'docs/_build'
warning: no previously-included files matching 'out.css' found under directory 'examples'
warning: no previously-included files matching 'out.js' found under directory 'examples'
no previously-included directories found matching 'examples/appengine-sdk'
warning: no previously-included files matching '*.pyc' found anywhere in distribution
warning: no previously-included files matching '.gitignore' found anywhere in distribution
warning: no previously-included files matching '*.orig' found anywhere in distribution
warning: no previously-included files matching 'webassets-cache/*' found anywhere in distribution
warning: no previously-included files matching '.sass-cache/*' found anywhere in distribution
zip_safe flag not set; analyzing archive contents...
webassets.filter.__init__: module references __file__
creating /home/ubuntu/miniconda/envs/_build/lib/python2.7/site-packages/webassets-0.10.1-py2.7.egg
Extracting webassets-0.10.1-py2.7.egg to /home/ubuntu/miniconda/envs/_build/lib/python2.7/site-packages
Adding webassets 0.10.1 to easy-install.pth file
Installing webassets script to /home/ubuntu/miniconda/envs/_build/bin

Installed /home/ubuntu/miniconda/envs/_build/lib/python2.7/site-packages/webassets-0.10.1-py2.7.egg
Searching for Flask==0.10.1
Best match: Flask 0.10.1
Adding Flask 0.10.1 to easy-install.pth file

Using /home/ubuntu/miniconda/envs/_build/lib/python2.7/site-packages
Finished processing dependencies for Flask-Assets==0.10
An unexpected error has occurred, please consider sending the
following traceback to the conda GitHub issue tracker at:

    https://github.com/conda/conda-build/issues

Include the output of the command 'conda info' in your report.



The following NEW packages will be INSTALLED:

    flask:        0.10.1-py27_1
    itsdangerous: 0.24-py27_0  
    jinja2:       2.7.3-py27_1 
    markupsafe:   0.23-py27_0  
    openssl:      1.0.1k-1     
    pip:          7.0.3-py27_0 
    python:       2.7.10-0     
    readline:     6.2-2        
    setuptools:   18.0.1-py27_0
    sqlite:       3.8.4.1-1    
    system:       5.8-2        
    tk:           8.5.18-0     
    webassets:    0.10.1-py_0  
    werkzeug:     0.10.4-py_0  
    zlib:         1.2.8-0      

Linking packages ...
[                    ]|                                                  |   0%[openssl             ]|                                                  |   0%[readline            ]|###                                               |   6%[sqlite              ]|######                                            |  13%[system              ]|##########                                        |  20%[tk                  ]|#############                                     |  26%[zlib                ]|################                                  |  33%[itsdangerous        ]|####################                              |  40%[markupsafe          ]|#######################                           |  46%[python              ]|##########################                        |  53%[setuptools          ]|##############################                    |  60%[webassets           ]|#################################                 |  66%[werkzeug            ]|####################################              |  73%[jinja2              ]|########################################          |  80%[pip                 ]|###########################################       |  86%[flask               ]|##############################################    |  93%[      COMPLETE      ]|##################################################| 100%
Removing old work directory
Source cache directory is: /home/ubuntu/miniconda/conda-bld/src_cache
Found source in cache: Flask-Assets-0.10.tar.gz
Extracting download
Package: flask-assets-0.10-py27_0
source tree in: /home/ubuntu/miniconda/conda-bld/work/Flask-Assets-0.10
found egg dir: /home/ubuntu/miniconda/envs/_build/lib/python2.7/site-packages/Flask_Assets-0.10-py2.7.egg
found egg dir: /home/ubuntu/miniconda/envs/_build/lib/python2.7/site-packages/webassets-0.10.1-py2.7.egg
Traceback (most recent call last):
  File "/home/ubuntu/miniconda/bin/conda-build", line 6, in <module>
    exec(compile(open(__file__).read(), __file__, 'exec'))
  File "/home/ubuntu/conda-build/bin/conda-build", line 5, in <module>
    sys.exit(main())
  File "/home/ubuntu/conda-build/conda_build/main_build.py", line 127, in main
    args_func(args, p)
  File "/home/ubuntu/conda-build/conda_build/main_build.py", line 349, in args_func
    args.func(args, p)
  File "/home/ubuntu/conda-build/conda_build/main_build.py", line 308, in execute
    channel_urls=channel_urls, override_channels=args.override_channels)
  File "/home/ubuntu/conda-build/conda_build/build.py", line 398, in build
    post_process(sorted(files2 - files1), preserve_egg_dir=bool(m.get_value('build/preserve_egg_dir')))
  File "/home/ubuntu/conda-build/conda_build/post.py", line 147, in post_process
    remove_easy_install_pth(files, preserve_egg_dir=preserve_egg_dir)
  File "/home/ubuntu/conda-build/conda_build/post.py", line 104, in remove_easy_install_pth
    utils.copy_into(join(egg_path, fn), join(sp_dir, fn))
  File "/home/ubuntu/conda-build/conda_build/utils.py", line 34, in copy_into
    shutil.copytree(srcname, dstname)
  File "/home/ubuntu/miniconda/lib/python2.7/shutil.py", line 177, in copytree
    os.makedirs(dst)
  File "/home/ubuntu/miniconda/lib/python2.7/os.py", line 157, in makedirs
    mkdir(name, mode)
OSError: [Errno 17] File exists: '/home/ubuntu/miniconda/envs/_build/lib/python2.7/site-packages/webassets/filter'
