Error: prefix already exists: /home/ubuntu/miniconda/envs/_pipbuild_
Collecting Flask-PyMongo==0.3.1
  Downloading http://localhost/packages/source/F/Flask-PyMongo/Flask-PyMongo-0.3.1.tar.gz
setuptools must be installed to install from a source distribution
Package search: {'_pypi_ordering': False, 'version': '0.3.1', 'name': 'Flask-PyMongo', 'summary': 'PyMongo support for Flask applications'}
Creating standard recipe for flask-pymongo-0.3.1
Using url https://pypi.python.org/packages/source/F/Flask-PyMongo/Flask-PyMongo-0.3.1.tar.gz (22 KB) for Flask-PyMongo.
Downloading Flask-PyMongo
Using cached download
Unpacking Flask-PyMongo...
done
working in /tmp/tmpPG5Lp6conda_skeleton_Flask-PyMongo-0.3.1.tar.gz
Fetching package metadata: ......

WARNING: conda-build appears to be out of date. You have version 1.13.0 but the
latest version is 1.14.0. Run

conda update -n root conda-build

to get the latest version.

Solving package specifications: .patching file core.py
Hunk #1 succeeded at 168 with fuzz 2 (offset 2 lines).
Traceback (most recent call last):
  File "setup.py", line 39, in <module>
    from setuptools import find_packages, setup
ImportError: No module named setuptools

Applying patch: '/tmp/tmpPG5Lp6conda_skeleton_Flask-PyMongo-0.3.1.tar.gz/pypi-distutils.patch'
$PYTHONPATH = /tmp/tmpPG5Lp6conda_skeleton_Flask-PyMongo-0.3.1.tar.gz/Flask-PyMongo-0.3.1
Error: command failed: /home/ubuntu/miniconda/envs/_build/bin/python setup.py install

conda create -n _pipbuild_ --yes python pip
/home/ubuntu/miniconda/envs/_pipbuild_/bin/pip install Flask-PyMongo==0.3.1
Error: Could not pip install Flask-PyMongo==0.3.1
