Error: prefix already exists: /home/ubuntu/miniconda/envs/_pipbuild_
Collecting Flask-RESTful==0.3.3
  Could not find a version that satisfies the requirement Flask-RESTful==0.3.3 (from versions: 0.1, 0.1.1, 0.1.2, 0.1.3, 0.1.4, 0.1.5, 0.1.6, 0.1.7, 0.2.0, 0.2.1, 0.2.2, 0.2.3, 0.2.4, 0.2.5, 0.2.6, 0.2.7, 0.2.8, 0.2.9, 0.2.10, 0.2.11, 0.2.12, 0.3.0, 0.3.1, 0.3.2)
No matching distribution found for Flask-RESTful==0.3.3
Package search: {'_pypi_ordering': False, 'version': '0.3.3', 'name': 'Flask-RESTful', 'summary': 'Simple framework for creating REST APIs'}
Creating standard recipe for flask-restful-0.3.3
Using url https://pypi.python.org/packages/source/F/Flask-RESTful/Flask-RESTful-0.3.3.tar.gz (20 KB) for Flask-RESTful.
Downloading Flask-RESTful
Using cached download
Unpacking Flask-RESTful...
done
working in /tmp/tmpfDnBSEconda_skeleton_Flask-RESTful-0.3.3.tar.gz
Fetching package metadata: ......

WARNING: conda-build appears to be out of date. You have version 1.13.0 but the
latest version is 1.14.0. Run

conda update -n root conda-build

to get the latest version.

Solving package specifications: .patching file core.py
Hunk #1 succeeded at 168 with fuzz 2 (offset 2 lines).
Traceback (most recent call last):
  File "setup.py", line 3, in <module>
    from setuptools import setup, find_packages
ImportError: No module named setuptools

Applying patch: '/tmp/tmpfDnBSEconda_skeleton_Flask-RESTful-0.3.3.tar.gz/pypi-distutils.patch'
$PYTHONPATH = /tmp/tmpfDnBSEconda_skeleton_Flask-RESTful-0.3.3.tar.gz/Flask-RESTful-0.3.3
Error: command failed: /home/ubuntu/miniconda/envs/_build/bin/python setup.py install

conda create -n _pipbuild_ --yes python pip
/home/ubuntu/miniconda/envs/_pipbuild_/bin/pip install Flask-RESTful==0.3.3
Error: Could not pip install Flask-RESTful==0.3.3
