Error: prefix already exists: /home/ubuntu/miniconda/envs/_pipbuild_
Collecting Flask-Script==2.0.5
  Downloading http://localhost/packages/source/F/Flask-Script/Flask-Script-2.0.5.tar.gz (42kB)
setuptools must be installed to install from a source distribution
Package search: {'_pypi_ordering': False, 'version': '2.0.5', 'name': 'Flask-Script', 'summary': 'Scripting support for Flask'}
Creating standard recipe for flask-script-2.0.5
Using url https://pypi.python.org/packages/source/F/Flask-Script/Flask-Script-2.0.5.tar.gz (42 KB) for Flask-Script.
Downloading Flask-Script
Using cached download
Unpacking Flask-Script...
done
working in /tmp/tmpR8izoTconda_skeleton_Flask-Script-2.0.5.tar.gz
Fetching package metadata: ......

WARNING: conda-build appears to be out of date. You have version 1.13.0 but the
latest version is 1.14.0. Run

conda update -n root conda-build

to get the latest version.

Solving package specifications: .patching file core.py
Hunk #1 succeeded at 168 with fuzz 2 (offset 2 lines).
Traceback (most recent call last):
  File "setup.py", line 15, in <module>
    from setuptools import setup
ImportError: No module named setuptools

Applying patch: '/tmp/tmpR8izoTconda_skeleton_Flask-Script-2.0.5.tar.gz/pypi-distutils.patch'
$PYTHONPATH = /tmp/tmpR8izoTconda_skeleton_Flask-Script-2.0.5.tar.gz/Flask-Script-2.0.5
Error: command failed: /home/ubuntu/miniconda/envs/_build/bin/python setup.py install

conda create -n _pipbuild_ --yes python pip
/home/ubuntu/miniconda/envs/_pipbuild_/bin/pip install Flask-Script==2.0.5
Error: Could not pip install Flask-Script==2.0.5
