Removing old build directory
Removing old work directory
BUILD START: flask-migrate-1.4.0-py27_0
Fetching package metadata: ......

WARNING: conda-build appears to be out of date. You have version 1.13.0 but the
latest version is 1.14.1. Run

conda update -n root conda-build

to get the latest version.

Solving package specifications: .................
Warning: 8 possible package resolutions (only showing differing packages):
	[u'alembic-0.7.6-py_0.tar.bz2', u'mako-1.0.1-py_0.tar.bz2', u'werkzeug-0.10.4-py_0.tar.bz2'],
	[u'alembic-0.7.6-py_0.tar.bz2', u'mako-1.0.1-py_0.tar.bz2', u'werkzeug-0.10.4-py27_0.tar.bz2'],
	[u'alembic-0.7.6-py_0.tar.bz2', u'mako-1.0.1-py27_0.tar.bz2', u'werkzeug-0.10.4-py27_0.tar.bz2'],
	[u'alembic-0.7.6-py_0.tar.bz2', u'mako-1.0.1-py27_0.tar.bz2', u'werkzeug-0.10.4-py_0.tar.bz2'],
	[u'alembic-0.7.6-py27_0.tar.bz2', u'mako-1.0.1-py27_0.tar.bz2', u'werkzeug-0.10.4-py_0.tar.bz2'],
	[u'alembic-0.7.6-py27_0.tar.bz2', u'mako-1.0.1-py27_0.tar.bz2', u'werkzeug-0.10.4-py27_0.tar.bz2'],
	[u'alembic-0.7.6-py27_0.tar.bz2', u'mako-1.0.1-py_0.tar.bz2', u'werkzeug-0.10.4-py27_0.tar.bz2'],
	[u'alembic-0.7.6-py27_0.tar.bz2', u'mako-1.0.1-py_0.tar.bz2', u'werkzeug-0.10.4-py_0.tar.bz2'],
+ /home/ubuntu/miniconda/envs/_build/bin/python setup.py install
running install
running bdist_egg
running egg_info
writing requirements to Flask_Migrate.egg-info/requires.txt
writing Flask_Migrate.egg-info/PKG-INFO
writing top-level names to Flask_Migrate.egg-info/top_level.txt
writing dependency_links to Flask_Migrate.egg-info/dependency_links.txt
reading manifest file 'Flask_Migrate.egg-info/SOURCES.txt'
reading manifest template 'MANIFEST.in'
writing manifest file 'Flask_Migrate.egg-info/SOURCES.txt'
installing library code to build/bdist.linux-x86_64/egg
running install_lib
running build_py
creating build
creating build/lib
creating build/lib/flask_migrate
copying flask_migrate/__init__.py -> build/lib/flask_migrate
creating build/lib/flask_migrate/templates
creating build/lib/flask_migrate/templates/flask
copying flask_migrate/templates/flask/README -> build/lib/flask_migrate/templates/flask
copying flask_migrate/templates/flask/alembic.ini.mako -> build/lib/flask_migrate/templates/flask
copying flask_migrate/templates/flask/env.py -> build/lib/flask_migrate/templates/flask
copying flask_migrate/templates/flask/script.py.mako -> build/lib/flask_migrate/templates/flask
creating build/bdist.linux-x86_64
creating build/bdist.linux-x86_64/egg
creating build/bdist.linux-x86_64/egg/flask_migrate
creating build/bdist.linux-x86_64/egg/flask_migrate/templates
creating build/bdist.linux-x86_64/egg/flask_migrate/templates/flask
copying build/lib/flask_migrate/templates/flask/script.py.mako -> build/bdist.linux-x86_64/egg/flask_migrate/templates/flask
copying build/lib/flask_migrate/templates/flask/env.py -> build/bdist.linux-x86_64/egg/flask_migrate/templates/flask
copying build/lib/flask_migrate/templates/flask/alembic.ini.mako -> build/bdist.linux-x86_64/egg/flask_migrate/templates/flask
copying build/lib/flask_migrate/templates/flask/README -> build/bdist.linux-x86_64/egg/flask_migrate/templates/flask
copying build/lib/flask_migrate/__init__.py -> build/bdist.linux-x86_64/egg/flask_migrate
byte-compiling build/bdist.linux-x86_64/egg/flask_migrate/templates/flask/env.py to env.pyc
byte-compiling build/bdist.linux-x86_64/egg/flask_migrate/__init__.py to __init__.pyc
creating build/bdist.linux-x86_64/egg/EGG-INFO
copying Flask_Migrate.egg-info/PKG-INFO -> build/bdist.linux-x86_64/egg/EGG-INFO
copying Flask_Migrate.egg-info/SOURCES.txt -> build/bdist.linux-x86_64/egg/EGG-INFO
copying Flask_Migrate.egg-info/dependency_links.txt -> build/bdist.linux-x86_64/egg/EGG-INFO
copying Flask_Migrate.egg-info/not-zip-safe -> build/bdist.linux-x86_64/egg/EGG-INFO
copying Flask_Migrate.egg-info/requires.txt -> build/bdist.linux-x86_64/egg/EGG-INFO
copying Flask_Migrate.egg-info/top_level.txt -> build/bdist.linux-x86_64/egg/EGG-INFO
creating dist
creating 'dist/Flask_Migrate-1.4.0-py2.7.egg' and adding 'build/bdist.linux-x86_64/egg' to it
removing 'build/bdist.linux-x86_64/egg' (and everything under it)
Processing Flask_Migrate-1.4.0-py2.7.egg
creating /home/ubuntu/miniconda/envs/_build/lib/python2.7/site-packages/Flask_Migrate-1.4.0-py2.7.egg
Extracting Flask_Migrate-1.4.0-py2.7.egg to /home/ubuntu/miniconda/envs/_build/lib/python2.7/site-packages
Adding Flask-Migrate 1.4.0 to easy-install.pth file

Installed /home/ubuntu/miniconda/envs/_build/lib/python2.7/site-packages/Flask_Migrate-1.4.0-py2.7.egg
Processing dependencies for Flask-Migrate==1.4.0
Searching for alembic>=0.6
Reading https://pypi.python.org/simple/alembic/
Best match: alembic 0.7.6
Downloading https://pypi.python.org/packages/source/a/alembic/alembic-0.7.6.tar.gz#md5=99b539f8bb8780047bf90a5951ac5e0e
Processing alembic-0.7.6.tar.gz
Writing /tmp/easy_install-p__lfc/alembic-0.7.6/setup.cfg
Running alembic-0.7.6/setup.py -q bdist_egg --dist-dir /tmp/easy_install-p__lfc/alembic-0.7.6/egg-dist-tmp-tnSSoI
warning: no files found matching '*.jpg' under directory 'docs'
warning: no files found matching '*.sty' under directory 'docs'
warning: no files found matching '*.dat' under directory 'tests'
no previously-included directories found matching 'docs/build/output'
creating /home/ubuntu/miniconda/envs/_build/lib/python2.7/site-packages/alembic-0.7.6-py2.7.egg
Extracting alembic-0.7.6-py2.7.egg to /home/ubuntu/miniconda/envs/_build/lib/python2.7/site-packages
Adding alembic 0.7.6 to easy-install.pth file
Installing alembic script to /home/ubuntu/miniconda/envs/_build/bin

Installed /home/ubuntu/miniconda/envs/_build/lib/python2.7/site-packages/alembic-0.7.6-py2.7.egg
Searching for Flask-Script==2.0.5
Best match: Flask-Script 2.0.5
Adding Flask-Script 2.0.5 to easy-install.pth file

Using /home/ubuntu/miniconda/envs/_build/lib/python2.7/site-packages
Searching for Flask-SQLAlchemy==2.0
Best match: Flask-SQLAlchemy 2.0
Adding Flask-SQLAlchemy 2.0 to easy-install.pth file

Using /home/ubuntu/miniconda/envs/_build/lib/python2.7/site-packages
Searching for Flask==0.10.1
Best match: Flask 0.10.1
Adding Flask 0.10.1 to easy-install.pth file

Using /home/ubuntu/miniconda/envs/_build/lib/python2.7/site-packages
Searching for Mako==1.0.1
Best match: Mako 1.0.1
Processing Mako-1.0.1-py2.7.egg
Adding Mako 1.0.1 to easy-install.pth file
Installing mako-render script to /home/ubuntu/miniconda/envs/_build/bin

Using /home/ubuntu/miniconda/envs/_build/lib/python2.7/site-packages/Mako-1.0.1-py2.7.egg
Searching for SQLAlchemy==1.0.4
Best match: SQLAlchemy 1.0.4
Adding SQLAlchemy 1.0.4 to easy-install.pth file

Using /home/ubuntu/miniconda/envs/_build/lib/python2.7/site-packages
Searching for MarkupSafe==0.23
Best match: MarkupSafe 0.23
Adding MarkupSafe 0.23 to easy-install.pth file

Using /home/ubuntu/miniconda/envs/_build/lib/python2.7/site-packages
Finished processing dependencies for Flask-Migrate==1.4.0
An unexpected error has occurred, please consider sending the
following traceback to the conda GitHub issue tracker at:

    https://github.com/conda/conda-build/issues

Include the output of the command 'conda info' in your report.



The following NEW packages will be INSTALLED:

    alembic:          0.7.6-py_0   
    flask:            0.10.1-py27_1
    flask-script:     2.0.5-py27_0 
    flask-sqlalchemy: 2.0-py27_0   
    itsdangerous:     0.24-py27_0  
    jinja2:           2.7.3-py27_1 
    mako:             1.0.1-py_0   
    markupsafe:       0.23-py27_0  
    openssl:          1.0.1k-1     
    pip:              7.0.3-py27_0 
    python:           2.7.10-0     
    readline:         6.2-2        
    setuptools:       18.0.1-py27_0
    sqlalchemy:       1.0.5-py27_0 
    sqlite:           3.8.4.1-1    
    system:           5.8-2        
    tk:               8.5.18-0     
    werkzeug:         0.10.4-py_0  
    zlib:             1.2.8-0      

Linking packages ...
[                    ]|                                                  |   0%[openssl             ]|                                                  |   0%[readline            ]|##                                                |   5%[sqlite              ]|#####                                             |  10%[system              ]|#######                                           |  15%[tk                  ]|##########                                        |  21%[zlib                ]|#############                                     |  26%[itsdangerous        ]|###############                                   |  31%[markupsafe          ]|##################                                |  36%[python              ]|#####################                             |  42%[setuptools          ]|#######################                           |  47%[sqlalchemy          ]|##########################                        |  52%[werkzeug            ]|############################                      |  57%[jinja2              ]|###############################                   |  63%[mako                ]|##################################                |  68%[pip                 ]|####################################              |  73%[alembic             ]|#######################################           |  78%[flask               ]|##########################################        |  84%[flask-script        ]|############################################      |  89%[flask-sqlalchemy    ]|###############################################   |  94%[      COMPLETE      ]|##################################################| 100%
Removing old work directory
Source cache directory is: /home/ubuntu/miniconda/conda-bld/src_cache
Found source in cache: Flask-Migrate-1.4.0.zip
Extracting download
Package: flask-migrate-1.4.0-py27_0
source tree in: /home/ubuntu/miniconda/conda-bld/work/Flask-Migrate-1.4.0
found egg dir: /home/ubuntu/miniconda/envs/_build/lib/python2.7/site-packages/Flask_Migrate-1.4.0-py2.7.egg
found egg dir: /home/ubuntu/miniconda/envs/_build/lib/python2.7/site-packages/alembic-0.7.6-py2.7.egg
Traceback (most recent call last):
  File "/home/ubuntu/miniconda/bin/conda-build", line 6, in <module>
    exec(compile(open(__file__).read(), __file__, 'exec'))
  File "/home/ubuntu/conda-build/bin/conda-build", line 5, in <module>
    sys.exit(main())
  File "/home/ubuntu/conda-build/conda_build/main_build.py", line 127, in main
    args_func(args, p)
  File "/home/ubuntu/conda-build/conda_build/main_build.py", line 349, in args_func
    args.func(args, p)
  File "/home/ubuntu/conda-build/conda_build/main_build.py", line 308, in execute
    channel_urls=channel_urls, override_channels=args.override_channels)
  File "/home/ubuntu/conda-build/conda_build/build.py", line 398, in build
    post_process(sorted(files2 - files1), preserve_egg_dir=bool(m.get_value('build/preserve_egg_dir')))
  File "/home/ubuntu/conda-build/conda_build/post.py", line 147, in post_process
    remove_easy_install_pth(files, preserve_egg_dir=preserve_egg_dir)
  File "/home/ubuntu/conda-build/conda_build/post.py", line 104, in remove_easy_install_pth
    utils.copy_into(join(egg_path, fn), join(sp_dir, fn))
  File "/home/ubuntu/conda-build/conda_build/utils.py", line 34, in copy_into
    shutil.copytree(srcname, dstname)
  File "/home/ubuntu/miniconda/lib/python2.7/shutil.py", line 177, in copytree
    os.makedirs(dst)
  File "/home/ubuntu/miniconda/lib/python2.7/os.py", line 157, in makedirs
    mkdir(name, mode)
OSError: [Errno 17] File exists: '/home/ubuntu/miniconda/envs/_build/lib/python2.7/site-packages/alembic/ddl'
