Removing old build directory
Removing old work directory
BUILD START: flask-debugtoolbar-0.10.0-py_0
Fetching package metadata: ......

WARNING: conda-build appears to be out of date. You have version 1.13.0 but the
latest version is 1.14.1. Run

conda update -n root conda-build

to get the latest version.

Solving package specifications: .................
Warning: 2 possible package resolutions (only showing differing packages):
	[u'werkzeug-0.10.4-py_0.tar.bz2'],
	[u'werkzeug-0.10.4-py27_0.tar.bz2'],
+ /home/ubuntu/miniconda/envs/_build/bin/python setup.py install
running install
running bdist_egg
running egg_info
writing requirements to Flask_DebugToolbar.egg-info/requires.txt
writing Flask_DebugToolbar.egg-info/PKG-INFO
writing top-level names to Flask_DebugToolbar.egg-info/top_level.txt
writing dependency_links to Flask_DebugToolbar.egg-info/dependency_links.txt
reading manifest file 'Flask_DebugToolbar.egg-info/SOURCES.txt'
reading manifest template 'MANIFEST.in'
writing manifest file 'Flask_DebugToolbar.egg-info/SOURCES.txt'
installing library code to build/bdist.linux-x86_64/egg
running install_lib
running build_py
creating build
creating build/lib
creating build/lib/flask_debugtoolbar
copying flask_debugtoolbar/utils.py -> build/lib/flask_debugtoolbar
copying flask_debugtoolbar/compat.py -> build/lib/flask_debugtoolbar
copying flask_debugtoolbar/toolbar.py -> build/lib/flask_debugtoolbar
copying flask_debugtoolbar/__init__.py -> build/lib/flask_debugtoolbar
creating build/lib/flask_debugtoolbar/panels
copying flask_debugtoolbar/panels/headers.py -> build/lib/flask_debugtoolbar/panels
copying flask_debugtoolbar/panels/route_list.py -> build/lib/flask_debugtoolbar/panels
copying flask_debugtoolbar/panels/request_vars.py -> build/lib/flask_debugtoolbar/panels
copying flask_debugtoolbar/panels/profiler.py -> build/lib/flask_debugtoolbar/panels
copying flask_debugtoolbar/panels/timer.py -> build/lib/flask_debugtoolbar/panels
copying flask_debugtoolbar/panels/config_vars.py -> build/lib/flask_debugtoolbar/panels
copying flask_debugtoolbar/panels/versions.py -> build/lib/flask_debugtoolbar/panels
copying flask_debugtoolbar/panels/__init__.py -> build/lib/flask_debugtoolbar/panels
copying flask_debugtoolbar/panels/logger.py -> build/lib/flask_debugtoolbar/panels
copying flask_debugtoolbar/panels/template.py -> build/lib/flask_debugtoolbar/panels
copying flask_debugtoolbar/panels/sqlalchemy.py -> build/lib/flask_debugtoolbar/panels
creating build/lib/flask_debugtoolbar/static
copying flask_debugtoolbar/static/.DS_Store -> build/lib/flask_debugtoolbar/static
creating build/lib/flask_debugtoolbar/static/codemirror
copying flask_debugtoolbar/static/codemirror/codemirror.css -> build/lib/flask_debugtoolbar/static/codemirror
copying flask_debugtoolbar/static/codemirror/codemirror.js -> build/lib/flask_debugtoolbar/static/codemirror
creating build/lib/flask_debugtoolbar/static/codemirror/mode
creating build/lib/flask_debugtoolbar/static/codemirror/mode/clike
copying flask_debugtoolbar/static/codemirror/mode/clike/clike.js -> build/lib/flask_debugtoolbar/static/codemirror/mode/clike
copying flask_debugtoolbar/static/codemirror/mode/clike/index.html -> build/lib/flask_debugtoolbar/static/codemirror/mode/clike
creating build/lib/flask_debugtoolbar/static/codemirror/mode/clojure
copying flask_debugtoolbar/static/codemirror/mode/clojure/clojure.js -> build/lib/flask_debugtoolbar/static/codemirror/mode/clojure
copying flask_debugtoolbar/static/codemirror/mode/clojure/index.html -> build/lib/flask_debugtoolbar/static/codemirror/mode/clojure
creating build/lib/flask_debugtoolbar/static/codemirror/mode/coffeescript
copying flask_debugtoolbar/static/codemirror/mode/coffeescript/LICENSE -> build/lib/flask_debugtoolbar/static/codemirror/mode/coffeescript
copying flask_debugtoolbar/static/codemirror/mode/coffeescript/coffeescript.js -> build/lib/flask_debugtoolbar/static/codemirror/mode/coffeescript
copying flask_debugtoolbar/static/codemirror/mode/coffeescript/index.html -> build/lib/flask_debugtoolbar/static/codemirror/mode/coffeescript
creating build/lib/flask_debugtoolbar/static/codemirror/mode/css
copying flask_debugtoolbar/static/codemirror/mode/css/css.js -> build/lib/flask_debugtoolbar/static/codemirror/mode/css
copying flask_debugtoolbar/static/codemirror/mode/css/index.html -> build/lib/flask_debugtoolbar/static/codemirror/mode/css
creating build/lib/flask_debugtoolbar/static/codemirror/mode/diff
copying flask_debugtoolbar/static/codemirror/mode/diff/diff.css -> build/lib/flask_debugtoolbar/static/codemirror/mode/diff
copying flask_debugtoolbar/static/codemirror/mode/diff/diff.js -> build/lib/flask_debugtoolbar/static/codemirror/mode/diff
copying flask_debugtoolbar/static/codemirror/mode/diff/index.html -> build/lib/flask_debugtoolbar/static/codemirror/mode/diff
creating build/lib/flask_debugtoolbar/static/codemirror/mode/ecl
copying flask_debugtoolbar/static/codemirror/mode/ecl/ecl.js -> build/lib/flask_debugtoolbar/static/codemirror/mode/ecl
copying flask_debugtoolbar/static/codemirror/mode/ecl/index.html -> build/lib/flask_debugtoolbar/static/codemirror/mode/ecl
creating build/lib/flask_debugtoolbar/static/codemirror/mode/gfm
copying flask_debugtoolbar/static/codemirror/mode/gfm/gfm.js -> build/lib/flask_debugtoolbar/static/codemirror/mode/gfm
copying flask_debugtoolbar/static/codemirror/mode/gfm/index.html -> build/lib/flask_debugtoolbar/static/codemirror/mode/gfm
creating build/lib/flask_debugtoolbar/static/codemirror/mode/go
copying flask_debugtoolbar/static/codemirror/mode/go/go.js -> build/lib/flask_debugtoolbar/static/codemirror/mode/go
copying flask_debugtoolbar/static/codemirror/mode/go/index.html -> build/lib/flask_debugtoolbar/static/codemirror/mode/go
creating build/lib/flask_debugtoolbar/static/codemirror/mode/groovy
copying flask_debugtoolbar/static/codemirror/mode/groovy/groovy.js -> build/lib/flask_debugtoolbar/static/codemirror/mode/groovy
copying flask_debugtoolbar/static/codemirror/mode/groovy/index.html -> build/lib/flask_debugtoolbar/static/codemirror/mode/groovy
creating build/lib/flask_debugtoolbar/static/codemirror/mode/haskell
copying flask_debugtoolbar/static/codemirror/mode/haskell/haskell.js -> build/lib/flask_debugtoolbar/static/codemirror/mode/haskell
copying flask_debugtoolbar/static/codemirror/mode/haskell/index.html -> build/lib/flask_debugtoolbar/static/codemirror/mode/haskell
creating build/lib/flask_debugtoolbar/static/codemirror/mode/htmlembedded
copying flask_debugtoolbar/static/codemirror/mode/htmlembedded/htmlembedded.js -> build/lib/flask_debugtoolbar/static/codemirror/mode/htmlembedded
copying flask_debugtoolbar/static/codemirror/mode/htmlembedded/index.html -> build/lib/flask_debugtoolbar/static/codemirror/mode/htmlembedded
creating build/lib/flask_debugtoolbar/static/codemirror/mode/htmlmixed
copying flask_debugtoolbar/static/codemirror/mode/htmlmixed/htmlmixed.js -> build/lib/flask_debugtoolbar/static/codemirror/mode/htmlmixed
copying flask_debugtoolbar/static/codemirror/mode/htmlmixed/index.html -> build/lib/flask_debugtoolbar/static/codemirror/mode/htmlmixed
creating build/lib/flask_debugtoolbar/static/codemirror/mode/javascript
copying flask_debugtoolbar/static/codemirror/mode/javascript/index.html -> build/lib/flask_debugtoolbar/static/codemirror/mode/javascript
copying flask_debugtoolbar/static/codemirror/mode/javascript/javascript.js -> build/lib/flask_debugtoolbar/static/codemirror/mode/javascript
creating build/lib/flask_debugtoolbar/static/codemirror/mode/jinja2
copying flask_debugtoolbar/static/codemirror/mode/jinja2/index.html -> build/lib/flask_debugtoolbar/static/codemirror/mode/jinja2
copying flask_debugtoolbar/static/codemirror/mode/jinja2/jinja2.js -> build/lib/flask_debugtoolbar/static/codemirror/mode/jinja2
creating build/lib/flask_debugtoolbar/static/codemirror/mode/less
copying flask_debugtoolbar/static/codemirror/mode/less/index.html -> build/lib/flask_debugtoolbar/static/codemirror/mode/less
copying flask_debugtoolbar/static/codemirror/mode/less/less.js -> build/lib/flask_debugtoolbar/static/codemirror/mode/less
creating build/lib/flask_debugtoolbar/static/codemirror/mode/lua
copying flask_debugtoolbar/static/codemirror/mode/lua/index.html -> build/lib/flask_debugtoolbar/static/codemirror/mode/lua
copying flask_debugtoolbar/static/codemirror/mode/lua/lua.js -> build/lib/flask_debugtoolbar/static/codemirror/mode/lua
creating build/lib/flask_debugtoolbar/static/codemirror/mode/markdown
copying flask_debugtoolbar/static/codemirror/mode/markdown/index.html -> build/lib/flask_debugtoolbar/static/codemirror/mode/markdown
copying flask_debugtoolbar/static/codemirror/mode/markdown/markdown.js -> build/lib/flask_debugtoolbar/static/codemirror/mode/markdown
creating build/lib/flask_debugtoolbar/static/codemirror/mode/mysql
copying flask_debugtoolbar/static/codemirror/mode/mysql/index.html -> build/lib/flask_debugtoolbar/static/codemirror/mode/mysql
copying flask_debugtoolbar/static/codemirror/mode/mysql/mysql.js -> build/lib/flask_debugtoolbar/static/codemirror/mode/mysql
creating build/lib/flask_debugtoolbar/static/codemirror/mode/ntriples
copying flask_debugtoolbar/static/codemirror/mode/ntriples/index.html -> build/lib/flask_debugtoolbar/static/codemirror/mode/ntriples
copying flask_debugtoolbar/static/codemirror/mode/ntriples/ntriples.js -> build/lib/flask_debugtoolbar/static/codemirror/mode/ntriples
creating build/lib/flask_debugtoolbar/static/codemirror/mode/pascal
copying flask_debugtoolbar/static/codemirror/mode/pascal/LICENSE -> build/lib/flask_debugtoolbar/static/codemirror/mode/pascal
copying flask_debugtoolbar/static/codemirror/mode/pascal/index.html -> build/lib/flask_debugtoolbar/static/codemirror/mode/pascal
copying flask_debugtoolbar/static/codemirror/mode/pascal/pascal.js -> build/lib/flask_debugtoolbar/static/codemirror/mode/pascal
creating build/lib/flask_debugtoolbar/static/codemirror/mode/perl
copying flask_debugtoolbar/static/codemirror/mode/perl/LICENSE -> build/lib/flask_debugtoolbar/static/codemirror/mode/perl
copying flask_debugtoolbar/static/codemirror/mode/perl/index.html -> build/lib/flask_debugtoolbar/static/codemirror/mode/perl
copying flask_debugtoolbar/static/codemirror/mode/perl/perl.js -> build/lib/flask_debugtoolbar/static/codemirror/mode/perl
creating build/lib/flask_debugtoolbar/static/codemirror/mode/php
copying flask_debugtoolbar/static/codemirror/mode/php/index.html -> build/lib/flask_debugtoolbar/static/codemirror/mode/php
copying flask_debugtoolbar/static/codemirror/mode/php/php.js -> build/lib/flask_debugtoolbar/static/codemirror/mode/php
creating build/lib/flask_debugtoolbar/static/codemirror/mode/plsql
copying flask_debugtoolbar/static/codemirror/mode/plsql/index.html -> build/lib/flask_debugtoolbar/static/codemirror/mode/plsql
copying flask_debugtoolbar/static/codemirror/mode/plsql/plsql.js -> build/lib/flask_debugtoolbar/static/codemirror/mode/plsql
creating build/lib/flask_debugtoolbar/static/codemirror/mode/properties
copying flask_debugtoolbar/static/codemirror/mode/properties/index.html -> build/lib/flask_debugtoolbar/static/codemirror/mode/properties
copying flask_debugtoolbar/static/codemirror/mode/properties/properties.js -> build/lib/flask_debugtoolbar/static/codemirror/mode/properties
creating build/lib/flask_debugtoolbar/static/codemirror/mode/python
copying flask_debugtoolbar/static/codemirror/mode/python/LICENSE.txt -> build/lib/flask_debugtoolbar/static/codemirror/mode/python
copying flask_debugtoolbar/static/codemirror/mode/python/index.html -> build/lib/flask_debugtoolbar/static/codemirror/mode/python
copying flask_debugtoolbar/static/codemirror/mode/python/python.js -> build/lib/flask_debugtoolbar/static/codemirror/mode/python
creating build/lib/flask_debugtoolbar/static/codemirror/mode/r
copying flask_debugtoolbar/static/codemirror/mode/r/LICENSE -> build/lib/flask_debugtoolbar/static/codemirror/mode/r
copying flask_debugtoolbar/static/codemirror/mode/r/index.html -> build/lib/flask_debugtoolbar/static/codemirror/mode/r
copying flask_debugtoolbar/static/codemirror/mode/r/r.js -> build/lib/flask_debugtoolbar/static/codemirror/mode/r
creating build/lib/flask_debugtoolbar/static/codemirror/mode/rpm
creating build/lib/flask_debugtoolbar/static/codemirror/mode/rpm/changes
copying flask_debugtoolbar/static/codemirror/mode/rpm/changes/changes.js -> build/lib/flask_debugtoolbar/static/codemirror/mode/rpm/changes
copying flask_debugtoolbar/static/codemirror/mode/rpm/changes/index.html -> build/lib/flask_debugtoolbar/static/codemirror/mode/rpm/changes
creating build/lib/flask_debugtoolbar/static/codemirror/mode/rpm/spec
copying flask_debugtoolbar/static/codemirror/mode/rpm/spec/index.html -> build/lib/flask_debugtoolbar/static/codemirror/mode/rpm/spec
copying flask_debugtoolbar/static/codemirror/mode/rpm/spec/spec.css -> build/lib/flask_debugtoolbar/static/codemirror/mode/rpm/spec
copying flask_debugtoolbar/static/codemirror/mode/rpm/spec/spec.js -> build/lib/flask_debugtoolbar/static/codemirror/mode/rpm/spec
creating build/lib/flask_debugtoolbar/static/codemirror/mode/rst
copying flask_debugtoolbar/static/codemirror/mode/rst/index.html -> build/lib/flask_debugtoolbar/static/codemirror/mode/rst
copying flask_debugtoolbar/static/codemirror/mode/rst/rst.js -> build/lib/flask_debugtoolbar/static/codemirror/mode/rst
creating build/lib/flask_debugtoolbar/static/codemirror/mode/ruby
copying flask_debugtoolbar/static/codemirror/mode/ruby/LICENSE -> build/lib/flask_debugtoolbar/static/codemirror/mode/ruby
copying flask_debugtoolbar/static/codemirror/mode/ruby/index.html -> build/lib/flask_debugtoolbar/static/codemirror/mode/ruby
copying flask_debugtoolbar/static/codemirror/mode/ruby/ruby.js -> build/lib/flask_debugtoolbar/static/codemirror/mode/ruby
creating build/lib/flask_debugtoolbar/static/codemirror/mode/rust
copying flask_debugtoolbar/static/codemirror/mode/rust/index.html -> build/lib/flask_debugtoolbar/static/codemirror/mode/rust
copying flask_debugtoolbar/static/codemirror/mode/rust/rust.js -> build/lib/flask_debugtoolbar/static/codemirror/mode/rust
creating build/lib/flask_debugtoolbar/static/codemirror/mode/scheme
copying flask_debugtoolbar/static/codemirror/mode/scheme/index.html -> build/lib/flask_debugtoolbar/static/codemirror/mode/scheme
copying flask_debugtoolbar/static/codemirror/mode/scheme/scheme.js -> build/lib/flask_debugtoolbar/static/codemirror/mode/scheme
creating build/lib/flask_debugtoolbar/static/codemirror/mode/smalltalk
copying flask_debugtoolbar/static/codemirror/mode/smalltalk/index.html -> build/lib/flask_debugtoolbar/static/codemirror/mode/smalltalk
copying flask_debugtoolbar/static/codemirror/mode/smalltalk/smalltalk.js -> build/lib/flask_debugtoolbar/static/codemirror/mode/smalltalk
creating build/lib/flask_debugtoolbar/static/codemirror/mode/smarty
copying flask_debugtoolbar/static/codemirror/mode/smarty/index.html -> build/lib/flask_debugtoolbar/static/codemirror/mode/smarty
copying flask_debugtoolbar/static/codemirror/mode/smarty/smarty.js -> build/lib/flask_debugtoolbar/static/codemirror/mode/smarty
creating build/lib/flask_debugtoolbar/static/codemirror/mode/sparql
copying flask_debugtoolbar/static/codemirror/mode/sparql/index.html -> build/lib/flask_debugtoolbar/static/codemirror/mode/sparql
copying flask_debugtoolbar/static/codemirror/mode/sparql/sparql.js -> build/lib/flask_debugtoolbar/static/codemirror/mode/sparql
creating build/lib/flask_debugtoolbar/static/codemirror/mode/stex
copying flask_debugtoolbar/static/codemirror/mode/stex/index.html -> build/lib/flask_debugtoolbar/static/codemirror/mode/stex
copying flask_debugtoolbar/static/codemirror/mode/stex/stex.js -> build/lib/flask_debugtoolbar/static/codemirror/mode/stex
copying flask_debugtoolbar/static/codemirror/mode/stex/test.html -> build/lib/flask_debugtoolbar/static/codemirror/mode/stex
creating build/lib/flask_debugtoolbar/static/codemirror/mode/tiddlywiki
copying flask_debugtoolbar/static/codemirror/mode/tiddlywiki/index.html -> build/lib/flask_debugtoolbar/static/codemirror/mode/tiddlywiki
copying flask_debugtoolbar/static/codemirror/mode/tiddlywiki/tiddlywiki.css -> build/lib/flask_debugtoolbar/static/codemirror/mode/tiddlywiki
copying flask_debugtoolbar/static/codemirror/mode/tiddlywiki/tiddlywiki.js -> build/lib/flask_debugtoolbar/static/codemirror/mode/tiddlywiki
creating build/lib/flask_debugtoolbar/static/codemirror/mode/vbscript
copying flask_debugtoolbar/static/codemirror/mode/vbscript/index.html -> build/lib/flask_debugtoolbar/static/codemirror/mode/vbscript
copying flask_debugtoolbar/static/codemirror/mode/vbscript/vbscript.js -> build/lib/flask_debugtoolbar/static/codemirror/mode/vbscript
creating build/lib/flask_debugtoolbar/static/codemirror/mode/velocity
copying flask_debugtoolbar/static/codemirror/mode/velocity/index.html -> build/lib/flask_debugtoolbar/static/codemirror/mode/velocity
copying flask_debugtoolbar/static/codemirror/mode/velocity/velocity.js -> build/lib/flask_debugtoolbar/static/codemirror/mode/velocity
creating build/lib/flask_debugtoolbar/static/codemirror/mode/verilog
copying flask_debugtoolbar/static/codemirror/mode/verilog/index.html -> build/lib/flask_debugtoolbar/static/codemirror/mode/verilog
copying flask_debugtoolbar/static/codemirror/mode/verilog/verilog.js -> build/lib/flask_debugtoolbar/static/codemirror/mode/verilog
creating build/lib/flask_debugtoolbar/static/codemirror/mode/xml
copying flask_debugtoolbar/static/codemirror/mode/xml/index.html -> build/lib/flask_debugtoolbar/static/codemirror/mode/xml
copying flask_debugtoolbar/static/codemirror/mode/xml/xml.js -> build/lib/flask_debugtoolbar/static/codemirror/mode/xml
creating build/lib/flask_debugtoolbar/static/codemirror/mode/xmlpure
copying flask_debugtoolbar/static/codemirror/mode/xmlpure/index.html -> build/lib/flask_debugtoolbar/static/codemirror/mode/xmlpure
copying flask_debugtoolbar/static/codemirror/mode/xmlpure/xmlpure.js -> build/lib/flask_debugtoolbar/static/codemirror/mode/xmlpure
creating build/lib/flask_debugtoolbar/static/codemirror/mode/xquery
copying flask_debugtoolbar/static/codemirror/mode/xquery/LICENSE -> build/lib/flask_debugtoolbar/static/codemirror/mode/xquery
copying flask_debugtoolbar/static/codemirror/mode/xquery/index.html -> build/lib/flask_debugtoolbar/static/codemirror/mode/xquery
copying flask_debugtoolbar/static/codemirror/mode/xquery/xquery.js -> build/lib/flask_debugtoolbar/static/codemirror/mode/xquery
creating build/lib/flask_debugtoolbar/static/codemirror/mode/xquery/test
copying flask_debugtoolbar/static/codemirror/mode/xquery/test/index.html -> build/lib/flask_debugtoolbar/static/codemirror/mode/xquery/test
copying flask_debugtoolbar/static/codemirror/mode/xquery/test/testBase.js -> build/lib/flask_debugtoolbar/static/codemirror/mode/xquery/test
copying flask_debugtoolbar/static/codemirror/mode/xquery/test/testEmptySequenceKeyword.js -> build/lib/flask_debugtoolbar/static/codemirror/mode/xquery/test
copying flask_debugtoolbar/static/codemirror/mode/xquery/test/testMultiAttr.js -> build/lib/flask_debugtoolbar/static/codemirror/mode/xquery/test
copying flask_debugtoolbar/static/codemirror/mode/xquery/test/testNamespaces.js -> build/lib/flask_debugtoolbar/static/codemirror/mode/xquery/test
copying flask_debugtoolbar/static/codemirror/mode/xquery/test/testProcessingInstructions.js -> build/lib/flask_debugtoolbar/static/codemirror/mode/xquery/test
copying flask_debugtoolbar/static/codemirror/mode/xquery/test/testQuotes.js -> build/lib/flask_debugtoolbar/static/codemirror/mode/xquery/test
creating build/lib/flask_debugtoolbar/static/codemirror/mode/yaml
copying flask_debugtoolbar/static/codemirror/mode/yaml/index.html -> build/lib/flask_debugtoolbar/static/codemirror/mode/yaml
copying flask_debugtoolbar/static/codemirror/mode/yaml/yaml.js -> build/lib/flask_debugtoolbar/static/codemirror/mode/yaml
creating build/lib/flask_debugtoolbar/static/codemirror/theme
copying flask_debugtoolbar/static/codemirror/theme/cobalt.css -> build/lib/flask_debugtoolbar/static/codemirror/theme
copying flask_debugtoolbar/static/codemirror/theme/eclipse.css -> build/lib/flask_debugtoolbar/static/codemirror/theme
copying flask_debugtoolbar/static/codemirror/theme/elegant.css -> build/lib/flask_debugtoolbar/static/codemirror/theme
copying flask_debugtoolbar/static/codemirror/theme/lesser-dark.css -> build/lib/flask_debugtoolbar/static/codemirror/theme
copying flask_debugtoolbar/static/codemirror/theme/monokai.css -> build/lib/flask_debugtoolbar/static/codemirror/theme
copying flask_debugtoolbar/static/codemirror/theme/neat.css -> build/lib/flask_debugtoolbar/static/codemirror/theme
copying flask_debugtoolbar/static/codemirror/theme/night.css -> build/lib/flask_debugtoolbar/static/codemirror/theme
copying flask_debugtoolbar/static/codemirror/theme/rubyblue.css -> build/lib/flask_debugtoolbar/static/codemirror/theme
copying flask_debugtoolbar/static/codemirror/theme/xq-dark.css -> build/lib/flask_debugtoolbar/static/codemirror/theme
creating build/lib/flask_debugtoolbar/static/codemirror/util
copying flask_debugtoolbar/static/codemirror/util/closetag.js -> build/lib/flask_debugtoolbar/static/codemirror/util
copying flask_debugtoolbar/static/codemirror/util/dialog.css -> build/lib/flask_debugtoolbar/static/codemirror/util
copying flask_debugtoolbar/static/codemirror/util/dialog.js -> build/lib/flask_debugtoolbar/static/codemirror/util
copying flask_debugtoolbar/static/codemirror/util/foldcode.js -> build/lib/flask_debugtoolbar/static/codemirror/util
copying flask_debugtoolbar/static/codemirror/util/formatting.js -> build/lib/flask_debugtoolbar/static/codemirror/util
copying flask_debugtoolbar/static/codemirror/util/javascript-hint.js -> build/lib/flask_debugtoolbar/static/codemirror/util
copying flask_debugtoolbar/static/codemirror/util/match-highlighter.js -> build/lib/flask_debugtoolbar/static/codemirror/util
copying flask_debugtoolbar/static/codemirror/util/overlay.js -> build/lib/flask_debugtoolbar/static/codemirror/util
copying flask_debugtoolbar/static/codemirror/util/runmode.js -> build/lib/flask_debugtoolbar/static/codemirror/util
copying flask_debugtoolbar/static/codemirror/util/search.js -> build/lib/flask_debugtoolbar/static/codemirror/util
copying flask_debugtoolbar/static/codemirror/util/searchcursor.js -> build/lib/flask_debugtoolbar/static/codemirror/util
copying flask_debugtoolbar/static/codemirror/util/simple-hint.css -> build/lib/flask_debugtoolbar/static/codemirror/util
copying flask_debugtoolbar/static/codemirror/util/simple-hint.js -> build/lib/flask_debugtoolbar/static/codemirror/util
creating build/lib/flask_debugtoolbar/static/css
copying flask_debugtoolbar/static/css/toolbar.css -> build/lib/flask_debugtoolbar/static/css
creating build/lib/flask_debugtoolbar/static/img
copying flask_debugtoolbar/static/img/asc.gif -> build/lib/flask_debugtoolbar/static/img
copying flask_debugtoolbar/static/img/back.png -> build/lib/flask_debugtoolbar/static/img
copying flask_debugtoolbar/static/img/back_hover.png -> build/lib/flask_debugtoolbar/static/img
copying flask_debugtoolbar/static/img/bg.gif -> build/lib/flask_debugtoolbar/static/img
copying flask_debugtoolbar/static/img/close.png -> build/lib/flask_debugtoolbar/static/img
copying flask_debugtoolbar/static/img/close_hover.png -> build/lib/flask_debugtoolbar/static/img
copying flask_debugtoolbar/static/img/desc.gif -> build/lib/flask_debugtoolbar/static/img
copying flask_debugtoolbar/static/img/djdt_vertical.png -> build/lib/flask_debugtoolbar/static/img
copying flask_debugtoolbar/static/img/indicator.png -> build/lib/flask_debugtoolbar/static/img
copying flask_debugtoolbar/static/img/panel_bg.png -> build/lib/flask_debugtoolbar/static/img
copying flask_debugtoolbar/static/img/tick-red.png -> build/lib/flask_debugtoolbar/static/img
copying flask_debugtoolbar/static/img/tick.png -> build/lib/flask_debugtoolbar/static/img
creating build/lib/flask_debugtoolbar/static/js
copying flask_debugtoolbar/static/js/jquery.js -> build/lib/flask_debugtoolbar/static/js
copying flask_debugtoolbar/static/js/jquery.tablesorter.js -> build/lib/flask_debugtoolbar/static/js
copying flask_debugtoolbar/static/js/toolbar.js -> build/lib/flask_debugtoolbar/static/js
creating build/lib/flask_debugtoolbar/templates
copying flask_debugtoolbar/templates/base.html -> build/lib/flask_debugtoolbar/templates
copying flask_debugtoolbar/templates/redirect.html -> build/lib/flask_debugtoolbar/templates
creating build/lib/flask_debugtoolbar/templates/panels
copying flask_debugtoolbar/templates/panels/config_vars.html -> build/lib/flask_debugtoolbar/templates/panels
copying flask_debugtoolbar/templates/panels/headers.html -> build/lib/flask_debugtoolbar/templates/panels
copying flask_debugtoolbar/templates/panels/logger.html -> build/lib/flask_debugtoolbar/templates/panels
copying flask_debugtoolbar/templates/panels/profiler.html -> build/lib/flask_debugtoolbar/templates/panels
copying flask_debugtoolbar/templates/panels/request_vars.html -> build/lib/flask_debugtoolbar/templates/panels
copying flask_debugtoolbar/templates/panels/route_list.html -> build/lib/flask_debugtoolbar/templates/panels
copying flask_debugtoolbar/templates/panels/sqlalchemy.html -> build/lib/flask_debugtoolbar/templates/panels
copying flask_debugtoolbar/templates/panels/sqlalchemy_error.html -> build/lib/flask_debugtoolbar/templates/panels
copying flask_debugtoolbar/templates/panels/sqlalchemy_select.html -> build/lib/flask_debugtoolbar/templates/panels
copying flask_debugtoolbar/templates/panels/template.html -> build/lib/flask_debugtoolbar/templates/panels
copying flask_debugtoolbar/templates/panels/template_editor.html -> build/lib/flask_debugtoolbar/templates/panels
copying flask_debugtoolbar/templates/panels/timer.html -> build/lib/flask_debugtoolbar/templates/panels
copying flask_debugtoolbar/templates/panels/versions.html -> build/lib/flask_debugtoolbar/templates/panels
creating build/bdist.linux-x86_64
creating build/bdist.linux-x86_64/egg
creating build/bdist.linux-x86_64/egg/flask_debugtoolbar
copying build/lib/flask_debugtoolbar/utils.py -> build/bdist.linux-x86_64/egg/flask_debugtoolbar
copying build/lib/flask_debugtoolbar/compat.py -> build/bdist.linux-x86_64/egg/flask_debugtoolbar
creating build/bdist.linux-x86_64/egg/flask_debugtoolbar/templates
copying build/lib/flask_debugtoolbar/templates/redirect.html -> build/bdist.linux-x86_64/egg/flask_debugtoolbar/templates
creating build/bdist.linux-x86_64/egg/flask_debugtoolbar/templates/panels
copying build/lib/flask_debugtoolbar/templates/panels/template.html -> build/bdist.linux-x86_64/egg/flask_debugtoolbar/templates/panels
copying build/lib/flask_debugtoolbar/templates/panels/config_vars.html -> build/bdist.linux-x86_64/egg/flask_debugtoolbar/templates/panels
copying build/lib/flask_debugtoolbar/templates/panels/template_editor.html -> build/bdist.linux-x86_64/egg/flask_debugtoolbar/templates/panels
copying build/lib/flask_debugtoolbar/templates/panels/headers.html -> build/bdist.linux-x86_64/egg/flask_debugtoolbar/templates/panels
copying build/lib/flask_debugtoolbar/templates/panels/sqlalchemy_error.html -> build/bdist.linux-x86_64/egg/flask_debugtoolbar/templates/panels
copying build/lib/flask_debugtoolbar/templates/panels/timer.html -> build/bdist.linux-x86_64/egg/flask_debugtoolbar/templates/panels
copying build/lib/flask_debugtoolbar/templates/panels/profiler.html -> build/bdist.linux-x86_64/egg/flask_debugtoolbar/templates/panels
copying build/lib/flask_debugtoolbar/templates/panels/request_vars.html -> build/bdist.linux-x86_64/egg/flask_debugtoolbar/templates/panels
copying build/lib/flask_debugtoolbar/templates/panels/sqlalchemy_select.html -> build/bdist.linux-x86_64/egg/flask_debugtoolbar/templates/panels
copying build/lib/flask_debugtoolbar/templates/panels/logger.html -> build/bdist.linux-x86_64/egg/flask_debugtoolbar/templates/panels
copying build/lib/flask_debugtoolbar/templates/panels/route_list.html -> build/bdist.linux-x86_64/egg/flask_debugtoolbar/templates/panels
copying build/lib/flask_debugtoolbar/templates/panels/sqlalchemy.html -> build/bdist.linux-x86_64/egg/flask_debugtoolbar/templates/panels
copying build/lib/flask_debugtoolbar/templates/panels/versions.html -> build/bdist.linux-x86_64/egg/flask_debugtoolbar/templates/panels
copying build/lib/flask_debugtoolbar/templates/base.html -> build/bdist.linux-x86_64/egg/flask_debugtoolbar/templates
creating build/bdist.linux-x86_64/egg/flask_debugtoolbar/panels
copying build/lib/flask_debugtoolbar/panels/headers.py -> build/bdist.linux-x86_64/egg/flask_debugtoolbar/panels
copying build/lib/flask_debugtoolbar/panels/route_list.py -> build/bdist.linux-x86_64/egg/flask_debugtoolbar/panels
copying build/lib/flask_debugtoolbar/panels/request_vars.py -> build/bdist.linux-x86_64/egg/flask_debugtoolbar/panels
copying build/lib/flask_debugtoolbar/panels/profiler.py -> build/bdist.linux-x86_64/egg/flask_debugtoolbar/panels
copying build/lib/flask_debugtoolbar/panels/timer.py -> build/bdist.linux-x86_64/egg/flask_debugtoolbar/panels
copying build/lib/flask_debugtoolbar/panels/config_vars.py -> build/bdist.linux-x86_64/egg/flask_debugtoolbar/panels
copying build/lib/flask_debugtoolbar/panels/versions.py -> build/bdist.linux-x86_64/egg/flask_debugtoolbar/panels
copying build/lib/flask_debugtoolbar/panels/__init__.py -> build/bdist.linux-x86_64/egg/flask_debugtoolbar/panels
copying build/lib/flask_debugtoolbar/panels/logger.py -> build/bdist.linux-x86_64/egg/flask_debugtoolbar/panels
copying build/lib/flask_debugtoolbar/panels/template.py -> build/bdist.linux-x86_64/egg/flask_debugtoolbar/panels
copying build/lib/flask_debugtoolbar/panels/sqlalchemy.py -> build/bdist.linux-x86_64/egg/flask_debugtoolbar/panels
creating build/bdist.linux-x86_64/egg/flask_debugtoolbar/static
creating build/bdist.linux-x86_64/egg/flask_debugtoolbar/static/img
copying build/lib/flask_debugtoolbar/static/img/tick.png -> build/bdist.linux-x86_64/egg/flask_debugtoolbar/static/img
copying build/lib/flask_debugtoolbar/static/img/bg.gif -> build/bdist.linux-x86_64/egg/flask_debugtoolbar/static/img
copying build/lib/flask_debugtoolbar/static/img/desc.gif -> build/bdist.linux-x86_64/egg/flask_debugtoolbar/static/img
copying build/lib/flask_debugtoolbar/static/img/close_hover.png -> build/bdist.linux-x86_64/egg/flask_debugtoolbar/static/img
copying build/lib/flask_debugtoolbar/static/img/back.png -> build/bdist.linux-x86_64/egg/flask_debugtoolbar/static/img
copying build/lib/flask_debugtoolbar/static/img/close.png -> build/bdist.linux-x86_64/egg/flask_debugtoolbar/static/img
copying build/lib/flask_debugtoolbar/static/img/tick-red.png -> build/bdist.linux-x86_64/egg/flask_debugtoolbar/static/img
copying build/lib/flask_debugtoolbar/static/img/indicator.png -> build/bdist.linux-x86_64/egg/flask_debugtoolbar/static/img
copying build/lib/flask_debugtoolbar/static/img/back_hover.png -> build/bdist.linux-x86_64/egg/flask_debugtoolbar/static/img
copying build/lib/flask_debugtoolbar/static/img/asc.gif -> build/bdist.linux-x86_64/egg/flask_debugtoolbar/static/img
copying build/lib/flask_debugtoolbar/static/img/panel_bg.png -> build/bdist.linux-x86_64/egg/flask_debugtoolbar/static/img
copying build/lib/flask_debugtoolbar/static/img/djdt_vertical.png -> build/bdist.linux-x86_64/egg/flask_debugtoolbar/static/img
creating build/bdist.linux-x86_64/egg/flask_debugtoolbar/static/css
copying build/lib/flask_debugtoolbar/static/css/toolbar.css -> build/bdist.linux-x86_64/egg/flask_debugtoolbar/static/css
creating build/bdist.linux-x86_64/egg/flask_debugtoolbar/static/js
copying build/lib/flask_debugtoolbar/static/js/jquery.js -> build/bdist.linux-x86_64/egg/flask_debugtoolbar/static/js
copying build/lib/flask_debugtoolbar/static/js/toolbar.js -> build/bdist.linux-x86_64/egg/flask_debugtoolbar/static/js
copying build/lib/flask_debugtoolbar/static/js/jquery.tablesorter.js -> build/bdist.linux-x86_64/egg/flask_debugtoolbar/static/js
copying build/lib/flask_debugtoolbar/static/.DS_Store -> build/bdist.linux-x86_64/egg/flask_debugtoolbar/static
creating build/bdist.linux-x86_64/egg/flask_debugtoolbar/static/codemirror
creating build/bdist.linux-x86_64/egg/flask_debugtoolbar/static/codemirror/theme
copying build/lib/flask_debugtoolbar/static/codemirror/theme/monokai.css -> build/bdist.linux-x86_64/egg/flask_debugtoolbar/static/codemirror/theme
copying build/lib/flask_debugtoolbar/static/codemirror/theme/cobalt.css -> build/bdist.linux-x86_64/egg/flask_debugtoolbar/static/codemirror/theme
copying build/lib/flask_debugtoolbar/static/codemirror/theme/night.css -> build/bdist.linux-x86_64/egg/flask_debugtoolbar/static/codemirror/theme
copying build/lib/flask_debugtoolbar/static/codemirror/theme/eclipse.css -> build/bdist.linux-x86_64/egg/flask_debugtoolbar/static/codemirror/theme
copying build/lib/flask_debugtoolbar/static/codemirror/theme/rubyblue.css -> build/bdist.linux-x86_64/egg/flask_debugtoolbar/static/codemirror/theme
copying build/lib/flask_debugtoolbar/static/codemirror/theme/xq-dark.css -> build/bdist.linux-x86_64/egg/flask_debugtoolbar/static/codemirror/theme
copying build/lib/flask_debugtoolbar/static/codemirror/theme/elegant.css -> build/bdist.linux-x86_64/egg/flask_debugtoolbar/static/codemirror/theme
copying build/lib/flask_debugtoolbar/static/codemirror/theme/lesser-dark.css -> build/bdist.linux-x86_64/egg/flask_debugtoolbar/static/codemirror/theme
copying build/lib/flask_debugtoolbar/static/codemirror/theme/neat.css -> build/bdist.linux-x86_64/egg/flask_debugtoolbar/static/codemirror/theme
creating build/bdist.linux-x86_64/egg/flask_debugtoolbar/static/codemirror/util
copying build/lib/flask_debugtoolbar/static/codemirror/util/runmode.js -> build/bdist.linux-x86_64/egg/flask_debugtoolbar/static/codemirror/util
copying build/lib/flask_debugtoolbar/static/codemirror/util/closetag.js -> build/bdist.linux-x86_64/egg/flask_debugtoolbar/static/codemirror/util
copying build/lib/flask_debugtoolbar/static/codemirror/util/dialog.css -> build/bdist.linux-x86_64/egg/flask_debugtoolbar/static/codemirror/util
copying build/lib/flask_debugtoolbar/static/codemirror/util/foldcode.js -> build/bdist.linux-x86_64/egg/flask_debugtoolbar/static/codemirror/util
copying build/lib/flask_debugtoolbar/static/codemirror/util/javascript-hint.js -> build/bdist.linux-x86_64/egg/flask_debugtoolbar/static/codemirror/util
copying build/lib/flask_debugtoolbar/static/codemirror/util/search.js -> build/bdist.linux-x86_64/egg/flask_debugtoolbar/static/codemirror/util
copying build/lib/flask_debugtoolbar/static/codemirror/util/simple-hint.css -> build/bdist.linux-x86_64/egg/flask_debugtoolbar/static/codemirror/util
copying build/lib/flask_debugtoolbar/static/codemirror/util/dialog.js -> build/bdist.linux-x86_64/egg/flask_debugtoolbar/static/codemirror/util
copying build/lib/flask_debugtoolbar/static/codemirror/util/overlay.js -> build/bdist.linux-x86_64/egg/flask_debugtoolbar/static/codemirror/util
copying build/lib/flask_debugtoolbar/static/codemirror/util/formatting.js -> build/bdist.linux-x86_64/egg/flask_debugtoolbar/static/codemirror/util
copying build/lib/flask_debugtoolbar/static/codemirror/util/searchcursor.js -> build/bdist.linux-x86_64/egg/flask_debugtoolbar/static/codemirror/util
copying build/lib/flask_debugtoolbar/static/codemirror/util/simple-hint.js -> build/bdist.linux-x86_64/egg/flask_debugtoolbar/static/codemirror/util
copying build/lib/flask_debugtoolbar/static/codemirror/util/match-highlighter.js -> build/bdist.linux-x86_64/egg/flask_debugtoolbar/static/codemirror/util
copying build/lib/flask_debugtoolbar/static/codemirror/codemirror.js -> build/bdist.linux-x86_64/egg/flask_debugtoolbar/static/codemirror
copying build/lib/flask_debugtoolbar/static/codemirror/codemirror.css -> build/bdist.linux-x86_64/egg/flask_debugtoolbar/static/codemirror
creating build/bdist.linux-x86_64/egg/flask_debugtoolbar/static/codemirror/mode
creating build/bdist.linux-x86_64/egg/flask_debugtoolbar/static/codemirror/mode/smalltalk
copying build/lib/flask_debugtoolbar/static/codemirror/mode/smalltalk/index.html -> build/bdist.linux-x86_64/egg/flask_debugtoolbar/static/codemirror/mode/smalltalk
copying build/lib/flask_debugtoolbar/static/codemirror/mode/smalltalk/smalltalk.js -> build/bdist.linux-x86_64/egg/flask_debugtoolbar/static/codemirror/mode/smalltalk
creating build/bdist.linux-x86_64/egg/flask_debugtoolbar/static/codemirror/mode/pascal
copying build/lib/flask_debugtoolbar/static/codemirror/mode/pascal/index.html -> build/bdist.linux-x86_64/egg/flask_debugtoolbar/static/codemirror/mode/pascal
copying build/lib/flask_debugtoolbar/static/codemirror/mode/pascal/LICENSE -> build/bdist.linux-x86_64/egg/flask_debugtoolbar/static/codemirror/mode/pascal
copying build/lib/flask_debugtoolbar/static/codemirror/mode/pascal/pascal.js -> build/bdist.linux-x86_64/egg/flask_debugtoolbar/static/codemirror/mode/pascal
creating build/bdist.linux-x86_64/egg/flask_debugtoolbar/static/codemirror/mode/velocity
copying build/lib/flask_debugtoolbar/static/codemirror/mode/velocity/index.html -> build/bdist.linux-x86_64/egg/flask_debugtoolbar/static/codemirror/mode/velocity
copying build/lib/flask_debugtoolbar/static/codemirror/mode/velocity/velocity.js -> build/bdist.linux-x86_64/egg/flask_debugtoolbar/static/codemirror/mode/velocity
creating build/bdist.linux-x86_64/egg/flask_debugtoolbar/static/codemirror/mode/xmlpure
copying build/lib/flask_debugtoolbar/static/codemirror/mode/xmlpure/index.html -> build/bdist.linux-x86_64/egg/flask_debugtoolbar/static/codemirror/mode/xmlpure
copying build/lib/flask_debugtoolbar/static/codemirror/mode/xmlpure/xmlpure.js -> build/bdist.linux-x86_64/egg/flask_debugtoolbar/static/codemirror/mode/xmlpure
creating build/bdist.linux-x86_64/egg/flask_debugtoolbar/static/codemirror/mode/htmlembedded
copying build/lib/flask_debugtoolbar/static/codemirror/mode/htmlembedded/index.html -> build/bdist.linux-x86_64/egg/flask_debugtoolbar/static/codemirror/mode/htmlembedded
copying build/lib/flask_debugtoolbar/static/codemirror/mode/htmlembedded/htmlembedded.js -> build/bdist.linux-x86_64/egg/flask_debugtoolbar/static/codemirror/mode/htmlembedded
creating build/bdist.linux-x86_64/egg/flask_debugtoolbar/static/codemirror/mode/rust
copying build/lib/flask_debugtoolbar/static/codemirror/mode/rust/index.html -> build/bdist.linux-x86_64/egg/flask_debugtoolbar/static/codemirror/mode/rust
copying build/lib/flask_debugtoolbar/static/codemirror/mode/rust/rust.js -> build/bdist.linux-x86_64/egg/flask_debugtoolbar/static/codemirror/mode/rust
creating build/bdist.linux-x86_64/egg/flask_debugtoolbar/static/codemirror/mode/stex
copying build/lib/flask_debugtoolbar/static/codemirror/mode/stex/index.html -> build/bdist.linux-x86_64/egg/flask_debugtoolbar/static/codemirror/mode/stex
copying build/lib/flask_debugtoolbar/static/codemirror/mode/stex/stex.js -> build/bdist.linux-x86_64/egg/flask_debugtoolbar/static/codemirror/mode/stex
copying build/lib/flask_debugtoolbar/static/codemirror/mode/stex/test.html -> build/bdist.linux-x86_64/egg/flask_debugtoolbar/static/codemirror/mode/stex
creating build/bdist.linux-x86_64/egg/flask_debugtoolbar/static/codemirror/mode/r
copying build/lib/flask_debugtoolbar/static/codemirror/mode/r/index.html -> build/bdist.linux-x86_64/egg/flask_debugtoolbar/static/codemirror/mode/r
copying build/lib/flask_debugtoolbar/static/codemirror/mode/r/r.js -> build/bdist.linux-x86_64/egg/flask_debugtoolbar/static/codemirror/mode/r
copying build/lib/flask_debugtoolbar/static/codemirror/mode/r/LICENSE -> build/bdist.linux-x86_64/egg/flask_debugtoolbar/static/codemirror/mode/r
creating build/bdist.linux-x86_64/egg/flask_debugtoolbar/static/codemirror/mode/ntriples
copying build/lib/flask_debugtoolbar/static/codemirror/mode/ntriples/index.html -> build/bdist.linux-x86_64/egg/flask_debugtoolbar/static/codemirror/mode/ntriples
copying build/lib/flask_debugtoolbar/static/codemirror/mode/ntriples/ntriples.js -> build/bdist.linux-x86_64/egg/flask_debugtoolbar/static/codemirror/mode/ntriples
creating build/bdist.linux-x86_64/egg/flask_debugtoolbar/static/codemirror/mode/clike
copying build/lib/flask_debugtoolbar/static/codemirror/mode/clike/index.html -> build/bdist.linux-x86_64/egg/flask_debugtoolbar/static/codemirror/mode/clike
copying build/lib/flask_debugtoolbar/static/codemirror/mode/clike/clike.js -> build/bdist.linux-x86_64/egg/flask_debugtoolbar/static/codemirror/mode/clike
creating build/bdist.linux-x86_64/egg/flask_debugtoolbar/static/codemirror/mode/smarty
copying build/lib/flask_debugtoolbar/static/codemirror/mode/smarty/index.html -> build/bdist.linux-x86_64/egg/flask_debugtoolbar/static/codemirror/mode/smarty
copying build/lib/flask_debugtoolbar/static/codemirror/mode/smarty/smarty.js -> build/bdist.linux-x86_64/egg/flask_debugtoolbar/static/codemirror/mode/smarty
creating build/bdist.linux-x86_64/egg/flask_debugtoolbar/static/codemirror/mode/rst
copying build/lib/flask_debugtoolbar/static/codemirror/mode/rst/index.html -> build/bdist.linux-x86_64/egg/flask_debugtoolbar/static/codemirror/mode/rst
copying build/lib/flask_debugtoolbar/static/codemirror/mode/rst/rst.js -> build/bdist.linux-x86_64/egg/flask_debugtoolbar/static/codemirror/mode/rst
creating build/bdist.linux-x86_64/egg/flask_debugtoolbar/static/codemirror/mode/properties
copying build/lib/flask_debugtoolbar/static/codemirror/mode/properties/index.html -> build/bdist.linux-x86_64/egg/flask_debugtoolbar/static/codemirror/mode/properties
copying build/lib/flask_debugtoolbar/static/codemirror/mode/properties/properties.js -> build/bdist.linux-x86_64/egg/flask_debugtoolbar/static/codemirror/mode/properties
creating build/bdist.linux-x86_64/egg/flask_debugtoolbar/static/codemirror/mode/javascript
copying build/lib/flask_debugtoolbar/static/codemirror/mode/javascript/index.html -> build/bdist.linux-x86_64/egg/flask_debugtoolbar/static/codemirror/mode/javascript
copying build/lib/flask_debugtoolbar/static/codemirror/mode/javascript/javascript.js -> build/bdist.linux-x86_64/egg/flask_debugtoolbar/static/codemirror/mode/javascript
creating build/bdist.linux-x86_64/egg/flask_debugtoolbar/static/codemirror/mode/mysql
copying build/lib/flask_debugtoolbar/static/codemirror/mode/mysql/index.html -> build/bdist.linux-x86_64/egg/flask_debugtoolbar/static/codemirror/mode/mysql
copying build/lib/flask_debugtoolbar/static/codemirror/mode/mysql/mysql.js -> build/bdist.linux-x86_64/egg/flask_debugtoolbar/static/codemirror/mode/mysql
creating build/bdist.linux-x86_64/egg/flask_debugtoolbar/static/codemirror/mode/php
copying build/lib/flask_debugtoolbar/static/codemirror/mode/php/index.html -> build/bdist.linux-x86_64/egg/flask_debugtoolbar/static/codemirror/mode/php
copying build/lib/flask_debugtoolbar/static/codemirror/mode/php/php.js -> build/bdist.linux-x86_64/egg/flask_debugtoolbar/static/codemirror/mode/php
creating build/bdist.linux-x86_64/egg/flask_debugtoolbar/static/codemirror/mode/scheme
copying build/lib/flask_debugtoolbar/static/codemirror/mode/scheme/index.html -> build/bdist.linux-x86_64/egg/flask_debugtoolbar/static/codemirror/mode/scheme
copying build/lib/flask_debugtoolbar/static/codemirror/mode/scheme/scheme.js -> build/bdist.linux-x86_64/egg/flask_debugtoolbar/static/codemirror/mode/scheme
creating build/bdist.linux-x86_64/egg/flask_debugtoolbar/static/codemirror/mode/css
copying build/lib/flask_debugtoolbar/static/codemirror/mode/css/index.html -> build/bdist.linux-x86_64/egg/flask_debugtoolbar/static/codemirror/mode/css
copying build/lib/flask_debugtoolbar/static/codemirror/mode/css/css.js -> build/bdist.linux-x86_64/egg/flask_debugtoolbar/static/codemirror/mode/css
creating build/bdist.linux-x86_64/egg/flask_debugtoolbar/static/codemirror/mode/tiddlywiki
copying build/lib/flask_debugtoolbar/static/codemirror/mode/tiddlywiki/index.html -> build/bdist.linux-x86_64/egg/flask_debugtoolbar/static/codemirror/mode/tiddlywiki
copying build/lib/flask_debugtoolbar/static/codemirror/mode/tiddlywiki/tiddlywiki.js -> build/bdist.linux-x86_64/egg/flask_debugtoolbar/static/codemirror/mode/tiddlywiki
copying build/lib/flask_debugtoolbar/static/codemirror/mode/tiddlywiki/tiddlywiki.css -> build/bdist.linux-x86_64/egg/flask_debugtoolbar/static/codemirror/mode/tiddlywiki
creating build/bdist.linux-x86_64/egg/flask_debugtoolbar/static/codemirror/mode/clojure
copying build/lib/flask_debugtoolbar/static/codemirror/mode/clojure/index.html -> build/bdist.linux-x86_64/egg/flask_debugtoolbar/static/codemirror/mode/clojure
copying build/lib/flask_debugtoolbar/static/codemirror/mode/clojure/clojure.js -> build/bdist.linux-x86_64/egg/flask_debugtoolbar/static/codemirror/mode/clojure
creating build/bdist.linux-x86_64/egg/flask_debugtoolbar/static/codemirror/mode/perl
copying build/lib/flask_debugtoolbar/static/codemirror/mode/perl/index.html -> build/bdist.linux-x86_64/egg/flask_debugtoolbar/static/codemirror/mode/perl
copying build/lib/flask_debugtoolbar/static/codemirror/mode/perl/perl.js -> build/bdist.linux-x86_64/egg/flask_debugtoolbar/static/codemirror/mode/perl
copying build/lib/flask_debugtoolbar/static/codemirror/mode/perl/LICENSE -> build/bdist.linux-x86_64/egg/flask_debugtoolbar/static/codemirror/mode/perl
creating build/bdist.linux-x86_64/egg/flask_debugtoolbar/static/codemirror/mode/less
copying build/lib/flask_debugtoolbar/static/codemirror/mode/less/index.html -> build/bdist.linux-x86_64/egg/flask_debugtoolbar/static/codemirror/mode/less
copying build/lib/flask_debugtoolbar/static/codemirror/mode/less/less.js -> build/bdist.linux-x86_64/egg/flask_debugtoolbar/static/codemirror/mode/less
creating build/bdist.linux-x86_64/egg/flask_debugtoolbar/static/codemirror/mode/rpm
creating build/bdist.linux-x86_64/egg/flask_debugtoolbar/static/codemirror/mode/rpm/changes
copying build/lib/flask_debugtoolbar/static/codemirror/mode/rpm/changes/index.html -> build/bdist.linux-x86_64/egg/flask_debugtoolbar/static/codemirror/mode/rpm/changes
copying build/lib/flask_debugtoolbar/static/codemirror/mode/rpm/changes/changes.js -> build/bdist.linux-x86_64/egg/flask_debugtoolbar/static/codemirror/mode/rpm/changes
creating build/bdist.linux-x86_64/egg/flask_debugtoolbar/static/codemirror/mode/rpm/spec
copying build/lib/flask_debugtoolbar/static/codemirror/mode/rpm/spec/spec.css -> build/bdist.linux-x86_64/egg/flask_debugtoolbar/static/codemirror/mode/rpm/spec
copying build/lib/flask_debugtoolbar/static/codemirror/mode/rpm/spec/index.html -> build/bdist.linux-x86_64/egg/flask_debugtoolbar/static/codemirror/mode/rpm/spec
copying build/lib/flask_debugtoolbar/static/codemirror/mode/rpm/spec/spec.js -> build/bdist.linux-x86_64/egg/flask_debugtoolbar/static/codemirror/mode/rpm/spec
creating build/bdist.linux-x86_64/egg/flask_debugtoolbar/static/codemirror/mode/diff
copying build/lib/flask_debugtoolbar/static/codemirror/mode/diff/index.html -> build/bdist.linux-x86_64/egg/flask_debugtoolbar/static/codemirror/mode/diff
copying build/lib/flask_debugtoolbar/static/codemirror/mode/diff/diff.js -> build/bdist.linux-x86_64/egg/flask_debugtoolbar/static/codemirror/mode/diff
copying build/lib/flask_debugtoolbar/static/codemirror/mode/diff/diff.css -> build/bdist.linux-x86_64/egg/flask_debugtoolbar/static/codemirror/mode/diff
creating build/bdist.linux-x86_64/egg/flask_debugtoolbar/static/codemirror/mode/xquery
copying build/lib/flask_debugtoolbar/static/codemirror/mode/xquery/index.html -> build/bdist.linux-x86_64/egg/flask_debugtoolbar/static/codemirror/mode/xquery
creating build/bdist.linux-x86_64/egg/flask_debugtoolbar/static/codemirror/mode/xquery/test
copying build/lib/flask_debugtoolbar/static/codemirror/mode/xquery/test/index.html -> build/bdist.linux-x86_64/egg/flask_debugtoolbar/static/codemirror/mode/xquery/test
copying build/lib/flask_debugtoolbar/static/codemirror/mode/xquery/test/testNamespaces.js -> build/bdist.linux-x86_64/egg/flask_debugtoolbar/static/codemirror/mode/xquery/test
copying build/lib/flask_debugtoolbar/static/codemirror/mode/xquery/test/testProcessingInstructions.js -> build/bdist.linux-x86_64/egg/flask_debugtoolbar/static/codemirror/mode/xquery/test
copying build/lib/flask_debugtoolbar/static/codemirror/mode/xquery/test/testQuotes.js -> build/bdist.linux-x86_64/egg/flask_debugtoolbar/static/codemirror/mode/xquery/test
copying build/lib/flask_debugtoolbar/static/codemirror/mode/xquery/test/testBase.js -> build/bdist.linux-x86_64/egg/flask_debugtoolbar/static/codemirror/mode/xquery/test
copying build/lib/flask_debugtoolbar/static/codemirror/mode/xquery/test/testMultiAttr.js -> build/bdist.linux-x86_64/egg/flask_debugtoolbar/static/codemirror/mode/xquery/test
copying build/lib/flask_debugtoolbar/static/codemirror/mode/xquery/test/testEmptySequenceKeyword.js -> build/bdist.linux-x86_64/egg/flask_debugtoolbar/static/codemirror/mode/xquery/test
copying build/lib/flask_debugtoolbar/static/codemirror/mode/xquery/LICENSE -> build/bdist.linux-x86_64/egg/flask_debugtoolbar/static/codemirror/mode/xquery
copying build/lib/flask_debugtoolbar/static/codemirror/mode/xquery/xquery.js -> build/bdist.linux-x86_64/egg/flask_debugtoolbar/static/codemirror/mode/xquery
creating build/bdist.linux-x86_64/egg/flask_debugtoolbar/static/codemirror/mode/verilog
copying build/lib/flask_debugtoolbar/static/codemirror/mode/verilog/index.html -> build/bdist.linux-x86_64/egg/flask_debugtoolbar/static/codemirror/mode/verilog
copying build/lib/flask_debugtoolbar/static/codemirror/mode/verilog/verilog.js -> build/bdist.linux-x86_64/egg/flask_debugtoolbar/static/codemirror/mode/verilog
creating build/bdist.linux-x86_64/egg/flask_debugtoolbar/static/codemirror/mode/haskell
copying build/lib/flask_debugtoolbar/static/codemirror/mode/haskell/index.html -> build/bdist.linux-x86_64/egg/flask_debugtoolbar/static/codemirror/mode/haskell
copying build/lib/flask_debugtoolbar/static/codemirror/mode/haskell/haskell.js -> build/bdist.linux-x86_64/egg/flask_debugtoolbar/static/codemirror/mode/haskell
creating build/bdist.linux-x86_64/egg/flask_debugtoolbar/static/codemirror/mode/python
copying build/lib/flask_debugtoolbar/static/codemirror/mode/python/index.html -> build/bdist.linux-x86_64/egg/flask_debugtoolbar/static/codemirror/mode/python
copying build/lib/flask_debugtoolbar/static/codemirror/mode/python/python.js -> build/bdist.linux-x86_64/egg/flask_debugtoolbar/static/codemirror/mode/python
copying build/lib/flask_debugtoolbar/static/codemirror/mode/python/LICENSE.txt -> build/bdist.linux-x86_64/egg/flask_debugtoolbar/static/codemirror/mode/python
creating build/bdist.linux-x86_64/egg/flask_debugtoolbar/static/codemirror/mode/lua
copying build/lib/flask_debugtoolbar/static/codemirror/mode/lua/index.html -> build/bdist.linux-x86_64/egg/flask_debugtoolbar/static/codemirror/mode/lua
copying build/lib/flask_debugtoolbar/static/codemirror/mode/lua/lua.js -> build/bdist.linux-x86_64/egg/flask_debugtoolbar/static/codemirror/mode/lua
creating build/bdist.linux-x86_64/egg/flask_debugtoolbar/static/codemirror/mode/ruby
copying build/lib/flask_debugtoolbar/static/codemirror/mode/ruby/index.html -> build/bdist.linux-x86_64/egg/flask_debugtoolbar/static/codemirror/mode/ruby
copying build/lib/flask_debugtoolbar/static/codemirror/mode/ruby/ruby.js -> build/bdist.linux-x86_64/egg/flask_debugtoolbar/static/codemirror/mode/ruby
copying build/lib/flask_debugtoolbar/static/codemirror/mode/ruby/LICENSE -> build/bdist.linux-x86_64/egg/flask_debugtoolbar/static/codemirror/mode/ruby
creating build/bdist.linux-x86_64/egg/flask_debugtoolbar/static/codemirror/mode/xml
copying build/lib/flask_debugtoolbar/static/codemirror/mode/xml/index.html -> build/bdist.linux-x86_64/egg/flask_debugtoolbar/static/codemirror/mode/xml
copying build/lib/flask_debugtoolbar/static/codemirror/mode/xml/xml.js -> build/bdist.linux-x86_64/egg/flask_debugtoolbar/static/codemirror/mode/xml
creating build/bdist.linux-x86_64/egg/flask_debugtoolbar/static/codemirror/mode/htmlmixed
copying build/lib/flask_debugtoolbar/static/codemirror/mode/htmlmixed/index.html -> build/bdist.linux-x86_64/egg/flask_debugtoolbar/static/codemirror/mode/htmlmixed
copying build/lib/flask_debugtoolbar/static/codemirror/mode/htmlmixed/htmlmixed.js -> build/bdist.linux-x86_64/egg/flask_debugtoolbar/static/codemirror/mode/htmlmixed
creating build/bdist.linux-x86_64/egg/flask_debugtoolbar/static/codemirror/mode/markdown
copying build/lib/flask_debugtoolbar/static/codemirror/mode/markdown/index.html -> build/bdist.linux-x86_64/egg/flask_debugtoolbar/static/codemirror/mode/markdown
copying build/lib/flask_debugtoolbar/static/codemirror/mode/markdown/markdown.js -> build/bdist.linux-x86_64/egg/flask_debugtoolbar/static/codemirror/mode/markdown
creating build/bdist.linux-x86_64/egg/flask_debugtoolbar/static/codemirror/mode/groovy
copying build/lib/flask_debugtoolbar/static/codemirror/mode/groovy/index.html -> build/bdist.linux-x86_64/egg/flask_debugtoolbar/static/codemirror/mode/groovy
copying build/lib/flask_debugtoolbar/static/codemirror/mode/groovy/groovy.js -> build/bdist.linux-x86_64/egg/flask_debugtoolbar/static/codemirror/mode/groovy
creating build/bdist.linux-x86_64/egg/flask_debugtoolbar/static/codemirror/mode/ecl
copying build/lib/flask_debugtoolbar/static/codemirror/mode/ecl/index.html -> build/bdist.linux-x86_64/egg/flask_debugtoolbar/static/codemirror/mode/ecl
copying build/lib/flask_debugtoolbar/static/codemirror/mode/ecl/ecl.js -> build/bdist.linux-x86_64/egg/flask_debugtoolbar/static/codemirror/mode/ecl
creating build/bdist.linux-x86_64/egg/flask_debugtoolbar/static/codemirror/mode/vbscript
copying build/lib/flask_debugtoolbar/static/codemirror/mode/vbscript/index.html -> build/bdist.linux-x86_64/egg/flask_debugtoolbar/static/codemirror/mode/vbscript
copying build/lib/flask_debugtoolbar/static/codemirror/mode/vbscript/vbscript.js -> build/bdist.linux-x86_64/egg/flask_debugtoolbar/static/codemirror/mode/vbscript
creating build/bdist.linux-x86_64/egg/flask_debugtoolbar/static/codemirror/mode/yaml
copying build/lib/flask_debugtoolbar/static/codemirror/mode/yaml/index.html -> build/bdist.linux-x86_64/egg/flask_debugtoolbar/static/codemirror/mode/yaml
copying build/lib/flask_debugtoolbar/static/codemirror/mode/yaml/yaml.js -> build/bdist.linux-x86_64/egg/flask_debugtoolbar/static/codemirror/mode/yaml
creating build/bdist.linux-x86_64/egg/flask_debugtoolbar/static/codemirror/mode/coffeescript
copying build/lib/flask_debugtoolbar/static/codemirror/mode/coffeescript/index.html -> build/bdist.linux-x86_64/egg/flask_debugtoolbar/static/codemirror/mode/coffeescript
copying build/lib/flask_debugtoolbar/static/codemirror/mode/coffeescript/LICENSE -> build/bdist.linux-x86_64/egg/flask_debugtoolbar/static/codemirror/mode/coffeescript
copying build/lib/flask_debugtoolbar/static/codemirror/mode/coffeescript/coffeescript.js -> build/bdist.linux-x86_64/egg/flask_debugtoolbar/static/codemirror/mode/coffeescript
creating build/bdist.linux-x86_64/egg/flask_debugtoolbar/static/codemirror/mode/jinja2
copying build/lib/flask_debugtoolbar/static/codemirror/mode/jinja2/jinja2.js -> build/bdist.linux-x86_64/egg/flask_debugtoolbar/static/codemirror/mode/jinja2
copying build/lib/flask_debugtoolbar/static/codemirror/mode/jinja2/index.html -> build/bdist.linux-x86_64/egg/flask_debugtoolbar/static/codemirror/mode/jinja2
creating build/bdist.linux-x86_64/egg/flask_debugtoolbar/static/codemirror/mode/gfm
copying build/lib/flask_debugtoolbar/static/codemirror/mode/gfm/index.html -> build/bdist.linux-x86_64/egg/flask_debugtoolbar/static/codemirror/mode/gfm
copying build/lib/flask_debugtoolbar/static/codemirror/mode/gfm/gfm.js -> build/bdist.linux-x86_64/egg/flask_debugtoolbar/static/codemirror/mode/gfm
creating build/bdist.linux-x86_64/egg/flask_debugtoolbar/static/codemirror/mode/plsql
copying build/lib/flask_debugtoolbar/static/codemirror/mode/plsql/index.html -> build/bdist.linux-x86_64/egg/flask_debugtoolbar/static/codemirror/mode/plsql
copying build/lib/flask_debugtoolbar/static/codemirror/mode/plsql/plsql.js -> build/bdist.linux-x86_64/egg/flask_debugtoolbar/static/codemirror/mode/plsql
creating build/bdist.linux-x86_64/egg/flask_debugtoolbar/static/codemirror/mode/go
copying build/lib/flask_debugtoolbar/static/codemirror/mode/go/index.html -> build/bdist.linux-x86_64/egg/flask_debugtoolbar/static/codemirror/mode/go
copying build/lib/flask_debugtoolbar/static/codemirror/mode/go/go.js -> build/bdist.linux-x86_64/egg/flask_debugtoolbar/static/codemirror/mode/go
creating build/bdist.linux-x86_64/egg/flask_debugtoolbar/static/codemirror/mode/sparql
copying build/lib/flask_debugtoolbar/static/codemirror/mode/sparql/index.html -> build/bdist.linux-x86_64/egg/flask_debugtoolbar/static/codemirror/mode/sparql
copying build/lib/flask_debugtoolbar/static/codemirror/mode/sparql/sparql.js -> build/bdist.linux-x86_64/egg/flask_debugtoolbar/static/codemirror/mode/sparql
copying build/lib/flask_debugtoolbar/toolbar.py -> build/bdist.linux-x86_64/egg/flask_debugtoolbar
copying build/lib/flask_debugtoolbar/__init__.py -> build/bdist.linux-x86_64/egg/flask_debugtoolbar
byte-compiling build/bdist.linux-x86_64/egg/flask_debugtoolbar/utils.py to utils.pyc
byte-compiling build/bdist.linux-x86_64/egg/flask_debugtoolbar/compat.py to compat.pyc
byte-compiling build/bdist.linux-x86_64/egg/flask_debugtoolbar/panels/headers.py to headers.pyc
byte-compiling build/bdist.linux-x86_64/egg/flask_debugtoolbar/panels/route_list.py to route_list.pyc
byte-compiling build/bdist.linux-x86_64/egg/flask_debugtoolbar/panels/request_vars.py to request_vars.pyc
byte-compiling build/bdist.linux-x86_64/egg/flask_debugtoolbar/panels/profiler.py to profiler.pyc
byte-compiling build/bdist.linux-x86_64/egg/flask_debugtoolbar/panels/timer.py to timer.pyc
byte-compiling build/bdist.linux-x86_64/egg/flask_debugtoolbar/panels/config_vars.py to config_vars.pyc
byte-compiling build/bdist.linux-x86_64/egg/flask_debugtoolbar/panels/versions.py to versions.pyc
byte-compiling build/bdist.linux-x86_64/egg/flask_debugtoolbar/panels/__init__.py to __init__.pyc
byte-compiling build/bdist.linux-x86_64/egg/flask_debugtoolbar/panels/logger.py to logger.pyc
byte-compiling build/bdist.linux-x86_64/egg/flask_debugtoolbar/panels/template.py to template.pyc
byte-compiling build/bdist.linux-x86_64/egg/flask_debugtoolbar/panels/sqlalchemy.py to sqlalchemy.pyc
byte-compiling build/bdist.linux-x86_64/egg/flask_debugtoolbar/toolbar.py to toolbar.pyc
byte-compiling build/bdist.linux-x86_64/egg/flask_debugtoolbar/__init__.py to __init__.pyc
creating build/bdist.linux-x86_64/egg/EGG-INFO
copying Flask_DebugToolbar.egg-info/PKG-INFO -> build/bdist.linux-x86_64/egg/EGG-INFO
copying Flask_DebugToolbar.egg-info/SOURCES.txt -> build/bdist.linux-x86_64/egg/EGG-INFO
copying Flask_DebugToolbar.egg-info/dependency_links.txt -> build/bdist.linux-x86_64/egg/EGG-INFO
copying Flask_DebugToolbar.egg-info/not-zip-safe -> build/bdist.linux-x86_64/egg/EGG-INFO
copying Flask_DebugToolbar.egg-info/requires.txt -> build/bdist.linux-x86_64/egg/EGG-INFO
copying Flask_DebugToolbar.egg-info/top_level.txt -> build/bdist.linux-x86_64/egg/EGG-INFO
creating dist
creating 'dist/Flask_DebugToolbar-0.10.0-py2.7.egg' and adding 'build/bdist.linux-x86_64/egg' to it
removing 'build/bdist.linux-x86_64/egg' (and everything under it)
Processing Flask_DebugToolbar-0.10.0-py2.7.egg
creating /home/ubuntu/miniconda/envs/_build/lib/python2.7/site-packages/Flask_DebugToolbar-0.10.0-py2.7.egg
Extracting Flask_DebugToolbar-0.10.0-py2.7.egg to /home/ubuntu/miniconda/envs/_build/lib/python2.7/site-packages
Adding Flask-DebugToolbar 0.10.0 to easy-install.pth file

Installed /home/ubuntu/miniconda/envs/_build/lib/python2.7/site-packages/Flask_DebugToolbar-0.10.0-py2.7.egg
Processing dependencies for Flask-DebugToolbar==0.10.0
Searching for Werkzeug==0.10.4
Best match: Werkzeug 0.10.4
Adding Werkzeug 0.10.4 to easy-install.pth file

Using /home/ubuntu/miniconda/envs/_build/lib/python2.7/site-packages
Searching for itsdangerous==0.24
Best match: itsdangerous 0.24
Adding itsdangerous 0.24 to easy-install.pth file

Using /home/ubuntu/miniconda/envs/_build/lib/python2.7/site-packages
Searching for blinker==1.3
Best match: blinker 1.3
Adding blinker 1.3 to easy-install.pth file

Using /home/ubuntu/miniconda/envs/_build/lib/python2.7/site-packages
Searching for Flask==0.10.1
Best match: Flask 0.10.1
Adding Flask 0.10.1 to easy-install.pth file

Using /home/ubuntu/miniconda/envs/_build/lib/python2.7/site-packages
Finished processing dependencies for Flask-DebugToolbar==0.10.0

The following NEW packages will be INSTALLED:

    blinker:      1.3-py27_0   
    flask:        0.10.1-py27_1
    itsdangerous: 0.24-py27_0  
    jinja2:       2.7.3-py27_1 
    markupsafe:   0.23-py27_0  
    openssl:      1.0.1k-1     
    pip:          7.0.3-py27_0 
    python:       2.7.10-0     
    readline:     6.2-2        
    setuptools:   18.0.1-py27_0
    sqlite:       3.8.4.1-1    
    system:       5.8-2        
    tk:           8.5.18-0     
    werkzeug:     0.10.4-py_0  
    zlib:         1.2.8-0      

Linking packages ...
[                    ]|                                                  |   0%[openssl             ]|                                                  |   0%[readline            ]|###                                               |   6%[sqlite              ]|######                                            |  13%[system              ]|##########                                        |  20%[tk                  ]|#############                                     |  26%[zlib                ]|################                                  |  33%[blinker             ]|####################                              |  40%[itsdangerous        ]|#######################                           |  46%[markupsafe          ]|##########################                        |  53%[python              ]|##############################                    |  60%[setuptools          ]|#################################                 |  66%[werkzeug            ]|####################################              |  73%[jinja2              ]|########################################          |  80%[pip                 ]|###########################################       |  86%[flask               ]|##############################################    |  93%[      COMPLETE      ]|##################################################| 100%
Removing old work directory
Source cache directory is: /home/ubuntu/miniconda/conda-bld/src_cache
Found source in cache: Flask-DebugToolbar-0.10.0.tar.gz
Extracting download
Package: flask-debugtoolbar-0.10.0-py_0
source tree in: /home/ubuntu/miniconda/conda-bld/work/Flask-DebugToolbar-0.10.0
found egg dir: /home/ubuntu/miniconda/envs/_build/lib/python2.7/site-packages/Flask_DebugToolbar-0.10.0-py2.7.egg
compiling .pyc files...
number of files: 231
Fixing permissions
Fixing permissions
BUILD END: flask-debugtoolbar-0.10.0-py_0
TEST START: flask-debugtoolbar-0.10.0-py_0
Fetching package metadata: ......

WARNING: conda-build appears to be out of date. You have version 1.13.0 but the
latest version is 1.14.1. Run

conda update -n root conda-build

to get the latest version.

Solving package specifications: .................
Warning: 2 possible package resolutions (only showing differing packages):
	[u'werkzeug-0.10.4-py_0.tar.bz2'],
	[u'werkzeug-0.10.4-py27_0.tar.bz2'],
===== testing package: flask-debugtoolbar-0.10.0-py_0 =====
import: u'flask_debugtoolbar'
import: u'flask_debugtoolbar.panels'
===== flask-debugtoolbar-0.10.0-py_0 OK =====

The following packages will be downloaded:

    package                    |            build
    ---------------------------|-----------------
    flask-debugtoolbar-0.10.0  |             py_0         206 KB

The following NEW packages will be INSTALLED:

    blinker:            1.3-py27_0   
    flask:              0.10.1-py27_1
    flask-debugtoolbar: 0.10.0-py_0  
    itsdangerous:       0.24-py27_0  
    jinja2:             2.7.3-py27_1 
    markupsafe:         0.23-py27_0  
    openssl:            1.0.1k-1     
    pip:                7.0.3-py27_0 
    python:             2.7.10-0     
    readline:           6.2-2        
    setuptools:         18.0.1-py27_0
    sqlite:             3.8.4.1-1    
    system:             5.8-2        
    tk:                 8.5.18-0     
    werkzeug:           0.10.4-py_0  
    zlib:               1.2.8-0      

Fetching packages ...
flask-debugtoo   0% |                              | ETA:  --:--:--   0.00  B/sflask-debugtoo   7% |##                             | ETA:  0:00:00  44.54 MB/sflask-debugtoo  15% |####                           | ETA:  0:00:00  56.89 MB/sflask-debugtoo  23% |#######                        | ETA:  0:00:00  64.08 MB/sflask-debugtoo  31% |#########                      | ETA:  0:00:00  68.63 MB/sflask-debugtoo  38% |############                   | ETA:  0:00:00  71.55 MB/sflask-debugtoo  46% |##############                 | ETA:  0:00:00  74.02 MB/sflask-debugtoo  54% |################               | ETA:  0:00:00  75.80 MB/sflask-debugtoo  62% |###################            | ETA:  0:00:00  77.29 MB/sflask-debugtoo  69% |#####################          | ETA:  0:00:00  78.44 MB/sflask-debugtoo  77% |########################       | ETA:  0:00:00  79.50 MB/sflask-debugtoo  85% |##########################     | ETA:  0:00:00  80.39 MB/sflask-debugtoo  93% |############################   | ETA:  0:00:00  81.08 MB/sflask-debugtoo 100% |###############################| ETA:  0:00:00  81.22 MB/sflask-debugtoo 100% |###############################| Time: 0:00:00  74.46 MB/s
Extracting packages ...
[      COMPLETE      ]|                                                  |   0%[flask-debugtoolbar  ]|                                                  |   0%[flask-debugtoolbar  ]|                                                  |   0%[      COMPLETE      ]|##################################################| 100%
Linking packages ...
[      COMPLETE      ]|                                                  |   0%[openssl             ]|                                                  |   0%[openssl             ]|                                                  |   0%[readline            ]|###                                               |   6%[sqlite              ]|######                                            |  12%[system              ]|#########                                         |  18%[tk                  ]|############                                      |  25%[zlib                ]|###############                                   |  31%[blinker             ]|##################                                |  37%[itsdangerous        ]|#####################                             |  43%[markupsafe          ]|#########################                         |  50%[python              ]|############################                      |  56%[setuptools          ]|###############################                   |  62%[werkzeug            ]|##################################                |  68%[jinja2              ]|#####################################             |  75%[pip                 ]|########################################          |  81%[flask               ]|###########################################       |  87%[flask-debugtoolbar  ]|##############################################    |  93%[      COMPLETE      ]|##################################################| 100%
TEST END: flask-debugtoolbar-0.10.0-py_0
# If you want to upload this package to binstar.org later, type:
#
# $ binstar upload /home/ubuntu/miniconda/conda-bld/noarch/flask-debugtoolbar-0.10.0-py_0.tar.bz2
#
# To have conda build upload to binstar automatically, use
# $ conda config --set binstar_upload yes

