flask-debugtoolbar not found, trying Flask-DebugToolbar
Warning, the following versions were found for Flask-DebugToolbar
0.10.0
0.9.2
0.9.1
0.9.0
0.8.0
0.7.1
0.7
0.6.3.1
0.6.3
0.6.2
0.6.1
0.6
0.5
0.4.6
0.4.5
0.4.4
0.4.3
0.4.1
0.4
0.03
Using 0.10.0
Use --version to specify a different version.
Using url https://pypi.python.org/packages/source/F/Flask-DebugToolbar/Flask-DebugToolbar-0.10.0.tar.gz (248 KB) for Flask-DebugToolbar.
Downloading Flask-DebugToolbar
Using cached download
Unpacking Flask-DebugToolbar...
done
working in /tmp/tmp_XacPcconda_skeleton_Flask-DebugToolbar-0.10.0.tar.gz
Fetching package metadata: ......

WARNING: conda-build appears to be out of date. You have version 1.13.0 but the
latest version is 1.14.1. Run

conda update -n root conda-build

to get the latest version.

Solving package specifications: .patching file core.py
Hunk #1 succeeded at 168 with fuzz 2 (offset 2 lines).

Applying patch: '/tmp/tmp_XacPcconda_skeleton_Flask-DebugToolbar-0.10.0.tar.gz/pypi-distutils.patch'
Writing recipe for flask-debugtoolbar
Done
