Warning, the following versions were found for flower
0.8.2
0.8.1
0.8.0
0.7.3
0.7.2
0.7.1
0.7.0
0.6.0
0.5.2
0.5.1
0.5.0
0.4.3
0.4.2
0.4.0
0.3.1
0.3.0
0.2.0
0.1.0
Using 0.8.2
Use --version to specify a different version.
Using url https://pypi.python.org/packages/source/f/flower/flower-0.8.2.tar.gz (2.1 MB) for flower.
Downloading flower
Using cached download
Unpacking flower...
done
working in /tmp/tmp2eGj5Nconda_skeleton_flower-0.8.2.tar.gz
Fetching package metadata: ......

WARNING: conda-build appears to be out of date. You have version 1.13.0 but the
latest version is 1.14.1. Run

conda update -n root conda-build

to get the latest version.

Solving package specifications: .patching file core.py
Hunk #1 succeeded at 168 with fuzz 2 (offset 2 lines).

WARNING: conda-build appears to be out of date. You have version 1.13.0 but the
latest version is 1.14.1. Run

conda update -n root conda-build

to get the latest version.


The following NEW packages will be INSTALLED:

    numpy:      1.9.2-py27_0 
    openssl:    1.0.1k-1     
    pip:        7.0.3-py27_0 
    python:     2.7.10-0     
    pyyaml:     3.11-py27_1  
    readline:   6.2-2        
    setuptools: 18.0.1-py27_0
    sqlite:     3.8.4.1-1    
    system:     5.8-2        
    tk:         8.5.18-0     
    yaml:       0.1.6-0      
    zlib:       1.2.8-0      

Linking packages ...
[                    ]|                                                  |   0%[openssl             ]|                                                  |   0%[readline            ]|####                                              |   8%[sqlite              ]|########                                          |  16%[system              ]|############                                      |  25%[tk                  ]|################                                  |  33%[yaml                ]|####################                              |  41%[zlib                ]|#########################                         |  50%[numpy               ]|#############################                     |  58%[python              ]|#################################                 |  66%[pyyaml              ]|#####################################             |  75%[setuptools          ]|#########################################         |  83%[pip                 ]|#############################################     |  91%[      COMPLETE      ]|##################################################| 100%
Applying patch: '/tmp/tmp2eGj5Nconda_skeleton_flower-0.8.2.tar.gz/pypi-distutils.patch'
Warning, the following versions were found for celery
3.1.18
3.1.17
3.1.16
3.1.15
3.1.14
3.1.13
3.1.12
3.1.11
3.1.10
3.1.9
3.1.8
3.1.7
3.1.6
3.1.5
3.1.4
3.1.3
3.1.2
3.1.1
3.1.0
3.0.25
3.0.24
3.0.23
3.0.22
3.0.21
3.0.20
3.0.19
3.0.18
3.0.17
3.0.16
3.0.15
3.0.14
3.0.13
3.0.12
3.0.11
3.0.10
3.0.9
3.0.8
3.0.7
3.0.6
3.0.5
3.0.4
3.0.3
3.0.2
3.0.1
3.0.0
2.5.5
2.5.3
2.5.2
2.5.1
2.5.0
2.4.7
2.4.6
2.4.5
2.4.4
2.4.3
2.4.2
2.4.1
2.4.0
2.3.5
2.3.4
2.3.3
2.3.2
2.3.1
2.3.0
2.2.10
2.2.9
2.2.8
2.2.7
2.2.6
2.2.5
2.2.4
2.2.3
2.2.2
2.2.1
2.2.0
2.1.4
2.1.3
2.1.2
2.1.1
2.1.0
2.0.3
2.0.2
2.0.1
2.0.0
1.0.6
1.0.5
1.0.4
1.0.3
1.0.2
1.0.1
1.0.0
0.8.4
0.8.3
0.8.2
0.8.1
0.8.0
0.6.0
0.4.1
0.4.0
0.3.20
0.3.7
0.3.0
0.2.0
0.1.15
0.1.14
0.1.13
0.1.12
0.1.11
0.1.10
0.1.8
0.1.7
0.1.6
0.1.4
0.1.2
Using 3.1.18
Use --version to specify a different version.
Using url https://pypi.python.org/packages/source/c/celery/celery-3.1.18.tar.gz (1.2 MB) for celery.
Downloading celery
Using cached download
Unpacking celery...
done
working in /tmp/tmpIuGArUconda_skeleton_celery-3.1.18.tar.gz
Solving package specifications: .patching file core.py
Hunk #1 succeeded at 168 with fuzz 2 (offset 2 lines).
- Trying to upgrade 'task' in 'celery.app'
- upgrade task: no old version found.

WARNING: conda-build appears to be out of date. You have version 1.13.0 but the
latest version is 1.14.1. Run

conda update -n root conda-build

to get the latest version.


Applying patch: '/tmp/tmpIuGArUconda_skeleton_celery-3.1.18.tar.gz/pypi-distutils.patch'
couchdb not found, trying CouchDB
Warning, the following versions were found for CouchDB
1.0
0.10
0.9
0.8
0.7
0.6.1
0.6
0.5
0.4
0.3
0.2
0.1
Using 1.0
Use --version to specify a different version.
Using url https://pypi.python.org/packages/source/C/CouchDB/CouchDB-1.0.tar.gz (55 KB) for CouchDB.
Downloading CouchDB
Using cached download
Unpacking CouchDB...
done
working in /tmp/tmpORylIeconda_skeleton_CouchDB-1.0.tar.gz
Solving package specifications: .patching file core.py
Hunk #1 succeeded at 168 with fuzz 2 (offset 2 lines).

WARNING: conda-build appears to be out of date. You have version 1.13.0 but the
latest version is 1.14.1. Run

conda update -n root conda-build

to get the latest version.


Applying patch: '/tmp/tmpORylIeconda_skeleton_CouchDB-1.0.tar.gz/pypi-distutils.patch'
Warning, the following versions were found for pycassa
1.11.1
1.11.0
1.10.0
1.9.1
1.9.0
1.8.0-4
1.8.0-3
1.8.0-2
1.8.0-1
1.8.0
1.7.2
1.7.1-2
1.7.1
1.7.0
1.6.0
1.5.1
1.5.0
1.4.0
1.3.0
1.2.1-3
1.2.1-2
1.2.1
1.2.0
1.1.1
1.1.0
1.0.8
1.0.7
1.0.6
1.0.5
1.0.4
1.0.3
1.0.2
1.0.1
1.0.0
0.5.4
0.3.0
Using 1.11.1
Use --version to specify a different version.
Using url https://pypi.python.org/packages/source/p/pycassa/pycassa-1.11.1.tar.gz (80 KB) for pycassa.
Downloading pycassa
Using cached download
Unpacking pycassa...
done
working in /tmp/tmpy_sDvpconda_skeleton_pycassa-1.11.1.tar.gz
Solving package specifications: .patching file core.py
Hunk #1 succeeded at 168 with fuzz 2 (offset 2 lines).

WARNING: conda-build appears to be out of date. You have version 1.13.0 but the
latest version is 1.14.1. Run

conda update -n root conda-build

to get the latest version.


Applying patch: '/tmp/tmpy_sDvpconda_skeleton_pycassa-1.11.1.tar.gz/pypi-distutils.patch'
Warning, the following versions were found for threadpool
1.2.7
1.2.6
1.2.5
Using 1.2.7
Use --version to specify a different version.
Using url https://pypi.python.org/packages/source/t/threadpool/threadpool-1.2.7.tar.bz2 (33 KB) for threadpool.
Downloading threadpool
Using cached download
Unpacking threadpool...
done
working in /tmp/tmpUv2rrIconda_skeleton_threadpool-1.2.7.tar.bz2
Solving package specifications: .patching file core.py
Hunk #1 succeeded at 168 with fuzz 2 (offset 2 lines).

WARNING: conda-build appears to be out of date. You have version 1.13.0 but the
latest version is 1.14.1. Run

conda update -n root conda-build

to get the latest version.


Applying patch: '/tmp/tmpUv2rrIconda_skeleton_threadpool-1.2.7.tar.bz2/pypi-distutils.patch'
Warning, the following versions were found for softlayer_messaging
1.0.3
1.0.2
1.0.1
1.0.0
Using 1.0.3
Use --version to specify a different version.
Using url https://pypi.python.org/packages/source/s/softlayer_messaging/softlayer_messaging-1.0.3.tar.gz (5 KB) for softlayer_messaging.
Downloading softlayer_messaging
Using cached download
Unpacking softlayer_messaging...
done
working in /tmp/tmpdrqK3Mconda_skeleton_softlayer_messaging-1.0.3.tar.gz
Solving package specifications: .patching file core.py
Hunk #1 succeeded at 168 with fuzz 2 (offset 2 lines).

WARNING: conda-build appears to be out of date. You have version 1.13.0 but the
latest version is 1.14.1. Run

conda update -n root conda-build

to get the latest version.


Applying patch: '/tmp/tmpdrqK3Mconda_skeleton_softlayer_messaging-1.0.3.tar.gz/pypi-distutils.patch'
Warning, the following versions were found for kombu
3.0.26
3.0.25
3.0.24
3.0.23
3.0.22
3.0.21
3.0.20
3.0.19
3.0.18
3.0.17-20140602
3.0.17
3.0.16
3.0.15
3.0.14
3.0.13
3.0.12
3.0.11
3.0.10
3.0.9
3.0.8
3.0.7
3.0.6
3.0.5
3.0.4
3.0.3
3.0.2
3.0.1
3.0.0
2.5.16
2.5.15
2.5.14
2.5.13
2.5.12
2.5.11
2.5.10
2.5.9
2.5.8
2.5.7
2.5.6
2.5.5
2.5.4
2.5.3
2.5.2
2.5.1
2.5.0
2.4.10
2.4.9
2.4.8
2.4.7
2.4.6
2.4.5
2.4.4
2.4.3
2.4.2
2.4.1
2.4.0
2.3.2
2.3.1
2.3.0
2.2.6
2.2.5
2.2.4
2.2.3
2.2.2
2.2.1
2.2.0
2.1.8
2.1.7
2.1.6
2.1.5
2.1.4
2.1.3
2.1.2
2.1.1
2.1.0
2.0.0
1.5.1
1.5.0
1.4.3
1.4.2
1.4.1
1.4.0
1.3.5
1.3.4
1.3.3
1.3.2
1.3.1
1.3.0
1.2.1
1.2.0
1.1.6
1.1.5
1.1.4
1.1.3
1.1.2
1.1.1
1.1.0
1.0.7
1.0.6
1.0.5
1.0.4
1.0.3
1.0.2
1.0.1
1.0.0
1.0.0rc4
1.0.0rc3
1.0.0rc2
1.0.0rc1
1.0.0b4
1.0.0b3
1.0.0b2
1.0.0b1
0.9.7
0.9.6
0.9.5
0.9.4
0.9.2
0.9.1
0.9.0
0.2.0
0.1.0
Using 3.0.26
Use --version to specify a different version.
Using url https://pypi.python.org/packages/source/k/kombu/kombu-3.0.26.tar.gz (367 KB) for kombu.
Downloading kombu
Using cached download
Unpacking kombu...
done
working in /tmp/tmpk2Y2rvconda_skeleton_kombu-3.0.26.tar.gz
Solving package specifications: .patching file core.py
Hunk #1 succeeded at 168 with fuzz 2 (offset 2 lines).

WARNING: conda-build appears to be out of date. You have version 1.13.0 but the
latest version is 1.14.1. Run

conda update -n root conda-build

to get the latest version.


Applying patch: '/tmp/tmpk2Y2rvconda_skeleton_kombu-3.0.26.tar.gz/pypi-distutils.patch'
Using url https://pypi.python.org/packages/source/q/qpid-tools/qpid-tools-0.26.tar.gz (38 KB) for qpid-tools.
Downloading qpid-tools
Using cached download
Unpacking qpid-tools...
done
working in /tmp/tmpDahukpconda_skeleton_qpid-tools-0.26.tar.gz
Solving package specifications: .patching file core.py
Hunk #1 succeeded at 168 with fuzz 2 (offset 2 lines).

Applying patch: '/tmp/tmpDahukpconda_skeleton_qpid-tools-0.26.tar.gz/pypi-distutils.patch'
Warning, the following versions were found for qpid-python
0.26.2
0.26.1
0.26
0.20
Using 0.26.2
Use --version to specify a different version.
Error: Could not parse url for qpid-python: UNKNOWN
