Error: prefix already exists: /home/ubuntu/miniconda/envs/_pipbuild_
Collecting flufl.enum==4.0.1
  Downloading http://localhost/packages/source/f/flufl.enum/flufl.enum-4.0.1.tar.gz
setuptools must be installed to install from a source distribution
Package search: {'_pypi_ordering': False, 'version': '4.0.1', 'name': 'flufl.enum', 'summary': 'A Python enumeration package.'}
Creating standard recipe for flufl.enum-4.0.1
Using url https://pypi.python.org/packages/source/f/flufl.enum/flufl.enum-4.0.1.tar.gz (25 KB) for flufl.enum.
Downloading flufl.enum
Using cached download
Unpacking flufl.enum...
done
working in /tmp/tmp4QVarNconda_skeleton_flufl.enum-4.0.1.tar.gz
Fetching package metadata: ......

WARNING: conda-build appears to be out of date. You have version 1.13.0 but the
latest version is 1.14.0. Run

conda update -n root conda-build

to get the latest version.

Solving package specifications: .patching file core.py
Hunk #1 succeeded at 168 with fuzz 2 (offset 2 lines).
Traceback (most recent call last):
  File "setup.py", line 20, in <module>
    from setuptools import setup, find_packages
ImportError: No module named setuptools

Applying patch: '/tmp/tmp4QVarNconda_skeleton_flufl.enum-4.0.1.tar.gz/pypi-distutils.patch'
$PYTHONPATH = /tmp/tmp4QVarNconda_skeleton_flufl.enum-4.0.1.tar.gz/flufl.enum-4.0.1
Error: command failed: /home/ubuntu/miniconda/envs/_build/bin/python setup.py install

conda create -n _pipbuild_ --yes python pip
/home/ubuntu/miniconda/envs/_pipbuild_/bin/pip install flufl.enum==4.0.1
Error: Could not pip install flufl.enum==4.0.1
