Error: prefix already exists: /home/ubuntu/miniconda/envs/_pipbuild_
Collecting flufl.lock==2.3.1
  Downloading http://localhost/packages/source/f/flufl.lock/flufl.lock-2.3.1.tar.gz
setuptools must be installed to install from a source distribution
Package search: {'_pypi_ordering': False, 'version': '2.3.1', 'name': 'flufl.lock', 'summary': 'NFS-safe file locking with timeouts for POSIX systems'}
Creating standard recipe for flufl.lock-2.3.1
Using url https://pypi.python.org/packages/source/f/flufl.lock/flufl.lock-2.3.1.tar.gz (20 KB) for flufl.lock.
Downloading flufl.lock
Using cached download
Unpacking flufl.lock...
done
working in /tmp/tmppzglpVconda_skeleton_flufl.lock-2.3.1.tar.gz
Fetching package metadata: ......

WARNING: conda-build appears to be out of date. You have version 1.13.0 but the
latest version is 1.14.0. Run

conda update -n root conda-build

to get the latest version.

Solving package specifications: .patching file core.py
Hunk #1 succeeded at 168 with fuzz 2 (offset 2 lines).
Traceback (most recent call last):
  File "setup.py", line 20, in <module>
    from setuptools import setup, find_packages
ImportError: No module named setuptools

Applying patch: '/tmp/tmppzglpVconda_skeleton_flufl.lock-2.3.1.tar.gz/pypi-distutils.patch'
$PYTHONPATH = /tmp/tmppzglpVconda_skeleton_flufl.lock-2.3.1.tar.gz/flufl.lock-2.3.1
Error: command failed: /home/ubuntu/miniconda/envs/_build/bin/python setup.py install

conda create -n _pipbuild_ --yes python pip
/home/ubuntu/miniconda/envs/_pipbuild_/bin/pip install flufl.lock==2.3.1
Error: Could not pip install flufl.lock==2.3.1
