Error: prefix already exists: /home/ubuntu/miniconda/envs/_pipbuild_
Collecting FormEncode==1.3.0
  Downloading http://localhost/packages/source/F/FormEncode/FormEncode-1.3.0.zip (347kB)
setuptools must be installed to install from a source distribution
Package search: {'_pypi_ordering': False, 'version': '1.2.4', 'name': 'FormEncode', 'summary': 'HTML form validation, generation, and conversion package'}
Creating standard recipe for formencode-1.3.0
Using url https://pypi.python.org/packages/source/F/FormEncode/FormEncode-1.3.0.zip (340 KB) for FormEncode.
Downloading FormEncode
Using cached download
Unpacking FormEncode...
done
working in /tmp/tmpjp07aQconda_skeleton_FormEncode-1.3.0.zip
Fetching package metadata: ......

WARNING: conda-build appears to be out of date. You have version 1.13.0 but the
latest version is 1.14.0. Run

conda update -n root conda-build

to get the latest version.

Solving package specifications: .patching file core.py
Hunk #1 succeeded at 168 with fuzz 2 (offset 2 lines).
Traceback (most recent call last):
  File "setup.py", line 10, in <module>
    from setuptools import setup, find_packages
ImportError: No module named setuptools

Applying patch: '/tmp/tmpjp07aQconda_skeleton_FormEncode-1.3.0.zip/pypi-distutils.patch'
$PYTHONPATH = /tmp/tmpjp07aQconda_skeleton_FormEncode-1.3.0.zip/FormEncode-1.3.0
Error: command failed: /home/ubuntu/miniconda/envs/_build/bin/python setup.py install

conda create -n _pipbuild_ --yes python pip
/home/ubuntu/miniconda/envs/_pipbuild_/bin/pip install FormEncode==1.3.0
Error: Could not pip install FormEncode==1.3.0
