Warning, the following versions were found for funkload
1.17.1
1.17.0
1.16.1
1.16.0
1.15.0
1.14.0
1.13.0
1.12.0
1.11.0
1.10.0
1.9.0
1.8.0
1.7.0
1.6.2
1.6.1
1.6.0
1.5.0
1.4.1
1.4.0
1.3.1
1.3.0
1.2.0
1.1.0
Using 1.17.1
Use --version to specify a different version.
Using url https://pypi.python.org/packages/source/f/funkload/funkload-1.17.1.tar.gz (105 KB) for funkload.
Downloading funkload
Using cached download
Unpacking funkload...
done
working in /tmp/tmpKES1pWconda_skeleton_funkload-1.17.1.tar.gz
Fetching package metadata: ......

WARNING: conda-build appears to be out of date. You have version 1.13.0 but the
latest version is 1.14.1. Run

conda update -n root conda-build

to get the latest version.

Solving package specifications: .patching file core.py
Hunk #1 succeeded at 168 with fuzz 2 (offset 2 lines).
Traceback (most recent call last):
  File "setup.py", line 24, in <module>
    import ez_setup
ImportError: No module named ez_setup

The following NEW packages will be INSTALLED:

    numpy:      1.9.2-py27_0 
    openssl:    1.0.1k-1     
    pip:        7.0.3-py27_0 
    python:     2.7.10-0     
    pyyaml:     3.11-py27_1  
    readline:   6.2-2        
    setuptools: 18.0.1-py27_0
    sqlite:     3.8.4.1-1    
    system:     5.8-2        
    tk:         8.5.18-0     
    yaml:       0.1.6-0      
    zlib:       1.2.8-0      

Linking packages ...
[                    ]|                                                  |   0%[openssl             ]|                                                  |   0%[readline            ]|####                                              |   8%[sqlite              ]|########                                          |  16%[system              ]|############                                      |  25%[tk                  ]|################                                  |  33%[yaml                ]|####################                              |  41%[zlib                ]|#########################                         |  50%[numpy               ]|#############################                     |  58%[python              ]|#################################                 |  66%[pyyaml              ]|#####################################             |  75%[setuptools          ]|#########################################         |  83%[pip                 ]|#############################################     |  91%[      COMPLETE      ]|##################################################| 100%
Applying patch: '/tmp/tmpKES1pWconda_skeleton_funkload-1.17.1.tar.gz/pypi-distutils.patch'
$PYTHONPATH = /tmp/tmpKES1pWconda_skeleton_funkload-1.17.1.tar.gz/funkload-1.17.1
Error: command failed: /home/ubuntu/miniconda/envs/_build/bin/python setup.py install
