Warning, the following versions were found for gensim
0.11.1-1
0.11.1
0.10.3
0.10.2
0.10.1
0.10.0
0.10.0rc1
0.9.1
0.9.0
0.8.9
0.8.8
0.8.7
0.8.6
0.8.5
0.8.4
0.8.3
0.8.2
0.8.1
0.8.0
0.8.0rc1
0.7.8
0.7.7
0.7.6
0.7.5
0.7.4
0.7.3
0.7.2
0.7.1
0.7.0
0.7.0rc2
0.6.0
0.5.0
0.4.7
0.4.6
0.4.5
0.4.4
0.4.3
0.4.2
0.4.1
0.4
0.3.0
0.2
Using 0.11.1-1
Use --version to specify a different version.
Using url https://pypi.python.org/packages/source/g/gensim/gensim-0.11.1-1.tar.gz (2.1 MB) for gensim.
Downloading gensim
Using cached download
Unpacking gensim...
done
working in /tmp/tmpnVZ5a9conda_skeleton_gensim-0.11.1-1.tar.gz
Fetching package metadata: ......

WARNING: conda-build appears to be out of date. You have version 1.13.0 but the
latest version is 1.14.1. Run

conda update -n root conda-build

to get the latest version.

Solving package specifications: .patching file core.py
Hunk #1 succeeded at 168 with fuzz 2 (offset 2 lines).

WARNING: conda-build appears to be out of date. You have version 1.13.0 but the
latest version is 1.14.1. Run

conda update -n root conda-build

to get the latest version.


Applying patch: '/tmp/tmpnVZ5a9conda_skeleton_gensim-0.11.1-1.tar.gz/pypi-distutils.patch'
Warning, the following versions were found for smart_open
1.2.1
1.2.0
1.1.0
1.0.2
1.0.1
0.1.1
0.1.0
Using 1.2.1
Use --version to specify a different version.
Using url https://pypi.python.org/packages/source/s/smart_open/smart_open-1.2.1.tar.gz (15 KB) for smart_open.
Downloading smart_open
Using cached download
Unpacking smart_open...
done
working in /tmp/tmpDo0XT3conda_skeleton_smart_open-1.2.1.tar.gz
Solving package specifications: .patching file core.py
Hunk #1 succeeded at 168 with fuzz 2 (offset 2 lines).

WARNING: conda-build appears to be out of date. You have version 1.13.0 but the
latest version is 1.14.1. Run

conda update -n root conda-build

to get the latest version.


Applying patch: '/tmp/tmpDo0XT3conda_skeleton_smart_open-1.2.1.tar.gz/pypi-distutils.patch'
Warning, the following versions were found for scipy
0.15.1
0.15.0
0.14.1
0.14.1rc1
0.14.1rc1.dev-205726a
0.14.1rc1.dev-52fb336
0.14.0
0.13.3
0.13.2
0.13.1
0.13.0
0.12.1
0.12.0
0.11.0
0.10.1
0.10.0
0.9.0
0.8.0
0.7.2
0.7.0
0.6.0
0.5.2
0.4.4
Using 0.15.1
Use --version to specify a different version.
Using url https://pypi.python.org/packages/source/s/scipy/scipy-0.15.1.tar.gz (10.9 MB) for scipy.
Downloading scipy
Using cached download
Unpacking scipy...
done
working in /tmp/tmpDdMPYeconda_skeleton_scipy-0.15.1.tar.gz
Solving package specifications: .patching file core.py
Hunk #1 succeeded at 168 with fuzz 2 (offset 2 lines).
Traceback (most recent call last):
  File "setup.py", line 249, in <module>
    setup_package()
  File "setup.py", line 246, in setup_package
    setup(**metadata)
  File "/home/ubuntu/miniconda/envs/_build/lib/python2.7/site-packages/numpy/distutils/core.py", line 130, in setup
    if dist.help or not _command_line_ok():
AttributeError: 'NoneType' object has no attribute 'help'

Applying patch: '/tmp/tmpDdMPYeconda_skeleton_scipy-0.15.1.tar.gz/pypi-distutils.patch'
$PYTHONPATH = /tmp/tmpDdMPYeconda_skeleton_scipy-0.15.1.tar.gz/scipy-0.15.1
Error: command failed: /home/ubuntu/miniconda/envs/_build/bin/python setup.py install
