Removing old build directory
Removing old work directory
BUILD START: git-review-1.24-py27_0
Fetching package metadata: ......

WARNING: conda-build appears to be out of date. You have version 1.13.0 but the
latest version is 1.14.1. Run

conda update -n root conda-build

to get the latest version.

Solving package specifications: .+ /home/ubuntu/miniconda/envs/_build/bin/python setup.py install

Installed /home/ubuntu/miniconda/conda-bld/work/git-review-1.24/.eggs/pbr-1.2.0-py2.7.egg
running install
running build
running build_py
creating build
creating build/lib
creating build/lib/git_review
copying git_review/cmd.py -> build/lib/git_review
copying git_review/__init__.py -> build/lib/git_review
creating build/lib/git_review/tests
copying git_review/tests/utils.py -> build/lib/git_review/tests
copying git_review/tests/prepare.py -> build/lib/git_review/tests
copying git_review/tests/test_git_review.py -> build/lib/git_review/tests
copying git_review/tests/__init__.py -> build/lib/git_review/tests
running egg_info
writing requirements to git_review.egg-info/requires.txt
writing git_review.egg-info/PKG-INFO
writing top-level names to git_review.egg-info/top_level.txt
writing dependency_links to git_review.egg-info/dependency_links.txt
writing entry points to git_review.egg-info/entry_points.txt
[pbr] Reusing existing SOURCES.txt
running install_lib
creating /home/ubuntu/miniconda/envs/_build/lib/python2.7/site-packages/git_review
creating /home/ubuntu/miniconda/envs/_build/lib/python2.7/site-packages/git_review/tests
copying build/lib/git_review/tests/utils.py -> /home/ubuntu/miniconda/envs/_build/lib/python2.7/site-packages/git_review/tests
copying build/lib/git_review/tests/prepare.py -> /home/ubuntu/miniconda/envs/_build/lib/python2.7/site-packages/git_review/tests
copying build/lib/git_review/tests/test_git_review.py -> /home/ubuntu/miniconda/envs/_build/lib/python2.7/site-packages/git_review/tests
copying build/lib/git_review/tests/__init__.py -> /home/ubuntu/miniconda/envs/_build/lib/python2.7/site-packages/git_review/tests
copying build/lib/git_review/cmd.py -> /home/ubuntu/miniconda/envs/_build/lib/python2.7/site-packages/git_review
copying build/lib/git_review/__init__.py -> /home/ubuntu/miniconda/envs/_build/lib/python2.7/site-packages/git_review
byte-compiling /home/ubuntu/miniconda/envs/_build/lib/python2.7/site-packages/git_review/tests/utils.py to utils.pyc
byte-compiling /home/ubuntu/miniconda/envs/_build/lib/python2.7/site-packages/git_review/tests/prepare.py to prepare.pyc
byte-compiling /home/ubuntu/miniconda/envs/_build/lib/python2.7/site-packages/git_review/tests/test_git_review.py to test_git_review.pyc
byte-compiling /home/ubuntu/miniconda/envs/_build/lib/python2.7/site-packages/git_review/tests/__init__.py to __init__.pyc
byte-compiling /home/ubuntu/miniconda/envs/_build/lib/python2.7/site-packages/git_review/cmd.py to cmd.pyc
byte-compiling /home/ubuntu/miniconda/envs/_build/lib/python2.7/site-packages/git_review/__init__.py to __init__.pyc
running install_egg_info
Copying git_review.egg-info to /home/ubuntu/miniconda/envs/_build/lib/python2.7/site-packages/git_review-1.24-py2.7.egg-info
running install_scripts
Installing git-review script to /home/ubuntu/miniconda/envs/_build/bin

The following NEW packages will be INSTALLED:

    openssl:    1.0.1k-1     
    pip:        7.0.3-py27_0 
    python:     2.7.10-0     
    readline:   6.2-2        
    setuptools: 18.0.1-py27_0
    sqlite:     3.8.4.1-1    
    system:     5.8-2        
    tk:         8.5.18-0     
    zlib:       1.2.8-0      

Linking packages ...
[                    ]|                                                  |   0%[openssl             ]|                                                  |   0%[readline            ]|#####                                             |  11%[sqlite              ]|###########                                       |  22%[system              ]|################                                  |  33%[tk                  ]|######################                            |  44%[zlib                ]|###########################                       |  55%[python              ]|#################################                 |  66%[setuptools          ]|######################################            |  77%[pip                 ]|############################################      |  88%[      COMPLETE      ]|##################################################| 100%
Removing old work directory
Source cache directory is: /home/ubuntu/miniconda/conda-bld/src_cache
Found source in cache: git-review-1.24.tar.gz
Extracting download
Package: git-review-1.24-py27_0
source tree in: /home/ubuntu/miniconda/conda-bld/work/git-review-1.24
number of files: 20
Fixing permissions
Detected hard-coded path in text file bin/git-review
Fixing permissions
BUILD END: git-review-1.24-py27_0
Nothing to test for: git-review-1.24-py27_0
# If you want to upload this package to binstar.org later, type:
#
# $ binstar upload /home/ubuntu/miniconda/conda-bld/linux-64/git-review-1.24-py27_0.tar.bz2
#
# To have conda build upload to binstar automatically, use
# $ conda config --set binstar_upload yes

