Removing old build directory
Removing old work directory
BUILD START: glance_store-0.6.0-py_0
Fetching package metadata: ......

WARNING: conda-build appears to be out of date. You have version 1.13.0 but the
latest version is 1.14.1. Run

conda update -n root conda-build

to get the latest version.

Solving package specifications: .+ /home/ubuntu/miniconda/envs/_build/bin/python setup.py install

Installed /home/ubuntu/miniconda/conda-bld/work/glance_store-0.6.0/.eggs/pbr-1.2.0-py2.7.egg
running install
running build
running build_py
creating build
creating build/lib
creating build/lib/glance_store
creating build/lib/glance_store/tests
copying glance_store/tests/fakes.py -> build/lib/glance_store/tests
copying glance_store/tests/utils.py -> build/lib/glance_store/tests
copying glance_store/tests/__init__.py -> build/lib/glance_store/tests
copying glance_store/tests/base.py -> build/lib/glance_store/tests
copying glance_store/i18n.py -> build/lib/glance_store
copying glance_store/location.py -> build/lib/glance_store
copying glance_store/capabilities.py -> build/lib/glance_store
copying glance_store/__init__.py -> build/lib/glance_store
copying glance_store/backend.py -> build/lib/glance_store
copying glance_store/driver.py -> build/lib/glance_store
copying glance_store/exceptions.py -> build/lib/glance_store
creating build/lib/glance_store/_drivers
creating build/lib/glance_store/_drivers/swift
copying glance_store/_drivers/swift/utils.py -> build/lib/glance_store/_drivers/swift
copying glance_store/_drivers/swift/store.py -> build/lib/glance_store/_drivers/swift
copying glance_store/_drivers/swift/__init__.py -> build/lib/glance_store/_drivers/swift
creating build/lib/glance_store/common
copying glance_store/common/utils.py -> build/lib/glance_store/common
copying glance_store/common/config.py -> build/lib/glance_store/common
copying glance_store/common/__init__.py -> build/lib/glance_store/common
copying glance_store/common/auth.py -> build/lib/glance_store/common
copying glance_store/_drivers/gridfs.py -> build/lib/glance_store/_drivers
copying glance_store/_drivers/filesystem.py -> build/lib/glance_store/_drivers
copying glance_store/_drivers/vmware_datastore.py -> build/lib/glance_store/_drivers
copying glance_store/_drivers/rbd.py -> build/lib/glance_store/_drivers
copying glance_store/_drivers/s3.py -> build/lib/glance_store/_drivers
copying glance_store/_drivers/cinder.py -> build/lib/glance_store/_drivers
copying glance_store/_drivers/http.py -> build/lib/glance_store/_drivers
copying glance_store/_drivers/__init__.py -> build/lib/glance_store/_drivers
copying glance_store/_drivers/sheepdog.py -> build/lib/glance_store/_drivers
running egg_info
writing requirements to glance_store.egg-info/requires.txt
writing glance_store.egg-info/PKG-INFO
writing top-level names to glance_store.egg-info/top_level.txt
writing dependency_links to glance_store.egg-info/dependency_links.txt
writing entry points to glance_store.egg-info/entry_points.txt
[pbr] Reusing existing SOURCES.txt
creating build/lib/glance_store/tests/etc
copying glance_store/tests/etc/glance-swift.conf -> build/lib/glance_store/tests/etc
creating build/lib/glance_store/locale
copying glance_store/locale/glance_store-log-critical.pot -> build/lib/glance_store/locale
copying glance_store/locale/glance_store-log-error.pot -> build/lib/glance_store/locale
copying glance_store/locale/glance_store-log-info.pot -> build/lib/glance_store/locale
copying glance_store/locale/glance_store-log-warning.pot -> build/lib/glance_store/locale
copying glance_store/locale/glance_store.pot -> build/lib/glance_store/locale
running install_lib
creating /home/ubuntu/miniconda/envs/_build/lib/python2.7/site-packages/glance_store
creating /home/ubuntu/miniconda/envs/_build/lib/python2.7/site-packages/glance_store/common
copying build/lib/glance_store/common/utils.py -> /home/ubuntu/miniconda/envs/_build/lib/python2.7/site-packages/glance_store/common
copying build/lib/glance_store/common/config.py -> /home/ubuntu/miniconda/envs/_build/lib/python2.7/site-packages/glance_store/common
copying build/lib/glance_store/common/__init__.py -> /home/ubuntu/miniconda/envs/_build/lib/python2.7/site-packages/glance_store/common
copying build/lib/glance_store/common/auth.py -> /home/ubuntu/miniconda/envs/_build/lib/python2.7/site-packages/glance_store/common
copying build/lib/glance_store/i18n.py -> /home/ubuntu/miniconda/envs/_build/lib/python2.7/site-packages/glance_store
copying build/lib/glance_store/location.py -> /home/ubuntu/miniconda/envs/_build/lib/python2.7/site-packages/glance_store
copying build/lib/glance_store/capabilities.py -> /home/ubuntu/miniconda/envs/_build/lib/python2.7/site-packages/glance_store
creating /home/ubuntu/miniconda/envs/_build/lib/python2.7/site-packages/glance_store/tests
copying build/lib/glance_store/tests/fakes.py -> /home/ubuntu/miniconda/envs/_build/lib/python2.7/site-packages/glance_store/tests
copying build/lib/glance_store/tests/utils.py -> /home/ubuntu/miniconda/envs/_build/lib/python2.7/site-packages/glance_store/tests
copying build/lib/glance_store/tests/__init__.py -> /home/ubuntu/miniconda/envs/_build/lib/python2.7/site-packages/glance_store/tests
creating /home/ubuntu/miniconda/envs/_build/lib/python2.7/site-packages/glance_store/tests/etc
copying build/lib/glance_store/tests/etc/glance-swift.conf -> /home/ubuntu/miniconda/envs/_build/lib/python2.7/site-packages/glance_store/tests/etc
copying build/lib/glance_store/tests/base.py -> /home/ubuntu/miniconda/envs/_build/lib/python2.7/site-packages/glance_store/tests
copying build/lib/glance_store/__init__.py -> /home/ubuntu/miniconda/envs/_build/lib/python2.7/site-packages/glance_store
copying build/lib/glance_store/backend.py -> /home/ubuntu/miniconda/envs/_build/lib/python2.7/site-packages/glance_store
creating /home/ubuntu/miniconda/envs/_build/lib/python2.7/site-packages/glance_store/_drivers
copying build/lib/glance_store/_drivers/gridfs.py -> /home/ubuntu/miniconda/envs/_build/lib/python2.7/site-packages/glance_store/_drivers
copying build/lib/glance_store/_drivers/filesystem.py -> /home/ubuntu/miniconda/envs/_build/lib/python2.7/site-packages/glance_store/_drivers
copying build/lib/glance_store/_drivers/vmware_datastore.py -> /home/ubuntu/miniconda/envs/_build/lib/python2.7/site-packages/glance_store/_drivers
copying build/lib/glance_store/_drivers/rbd.py -> /home/ubuntu/miniconda/envs/_build/lib/python2.7/site-packages/glance_store/_drivers
copying build/lib/glance_store/_drivers/s3.py -> /home/ubuntu/miniconda/envs/_build/lib/python2.7/site-packages/glance_store/_drivers
creating /home/ubuntu/miniconda/envs/_build/lib/python2.7/site-packages/glance_store/_drivers/swift
copying build/lib/glance_store/_drivers/swift/utils.py -> /home/ubuntu/miniconda/envs/_build/lib/python2.7/site-packages/glance_store/_drivers/swift
copying build/lib/glance_store/_drivers/swift/store.py -> /home/ubuntu/miniconda/envs/_build/lib/python2.7/site-packages/glance_store/_drivers/swift
copying build/lib/glance_store/_drivers/swift/__init__.py -> /home/ubuntu/miniconda/envs/_build/lib/python2.7/site-packages/glance_store/_drivers/swift
copying build/lib/glance_store/_drivers/cinder.py -> /home/ubuntu/miniconda/envs/_build/lib/python2.7/site-packages/glance_store/_drivers
copying build/lib/glance_store/_drivers/http.py -> /home/ubuntu/miniconda/envs/_build/lib/python2.7/site-packages/glance_store/_drivers
copying build/lib/glance_store/_drivers/__init__.py -> /home/ubuntu/miniconda/envs/_build/lib/python2.7/site-packages/glance_store/_drivers
copying build/lib/glance_store/_drivers/sheepdog.py -> /home/ubuntu/miniconda/envs/_build/lib/python2.7/site-packages/glance_store/_drivers
creating /home/ubuntu/miniconda/envs/_build/lib/python2.7/site-packages/glance_store/locale
copying build/lib/glance_store/locale/glance_store-log-warning.pot -> /home/ubuntu/miniconda/envs/_build/lib/python2.7/site-packages/glance_store/locale
copying build/lib/glance_store/locale/glance_store-log-info.pot -> /home/ubuntu/miniconda/envs/_build/lib/python2.7/site-packages/glance_store/locale
copying build/lib/glance_store/locale/glance_store-log-error.pot -> /home/ubuntu/miniconda/envs/_build/lib/python2.7/site-packages/glance_store/locale
copying build/lib/glance_store/locale/glance_store.pot -> /home/ubuntu/miniconda/envs/_build/lib/python2.7/site-packages/glance_store/locale
copying build/lib/glance_store/locale/glance_store-log-critical.pot -> /home/ubuntu/miniconda/envs/_build/lib/python2.7/site-packages/glance_store/locale
copying build/lib/glance_store/driver.py -> /home/ubuntu/miniconda/envs/_build/lib/python2.7/site-packages/glance_store
copying build/lib/glance_store/exceptions.py -> /home/ubuntu/miniconda/envs/_build/lib/python2.7/site-packages/glance_store
byte-compiling /home/ubuntu/miniconda/envs/_build/lib/python2.7/site-packages/glance_store/common/utils.py to utils.pyc
byte-compiling /home/ubuntu/miniconda/envs/_build/lib/python2.7/site-packages/glance_store/common/config.py to config.pyc
byte-compiling /home/ubuntu/miniconda/envs/_build/lib/python2.7/site-packages/glance_store/common/__init__.py to __init__.pyc
byte-compiling /home/ubuntu/miniconda/envs/_build/lib/python2.7/site-packages/glance_store/common/auth.py to auth.pyc
byte-compiling /home/ubuntu/miniconda/envs/_build/lib/python2.7/site-packages/glance_store/i18n.py to i18n.pyc
byte-compiling /home/ubuntu/miniconda/envs/_build/lib/python2.7/site-packages/glance_store/location.py to location.pyc
byte-compiling /home/ubuntu/miniconda/envs/_build/lib/python2.7/site-packages/glance_store/capabilities.py to capabilities.pyc
byte-compiling /home/ubuntu/miniconda/envs/_build/lib/python2.7/site-packages/glance_store/tests/fakes.py to fakes.pyc
byte-compiling /home/ubuntu/miniconda/envs/_build/lib/python2.7/site-packages/glance_store/tests/utils.py to utils.pyc
byte-compiling /home/ubuntu/miniconda/envs/_build/lib/python2.7/site-packages/glance_store/tests/__init__.py to __init__.pyc
byte-compiling /home/ubuntu/miniconda/envs/_build/lib/python2.7/site-packages/glance_store/tests/base.py to base.pyc
byte-compiling /home/ubuntu/miniconda/envs/_build/lib/python2.7/site-packages/glance_store/__init__.py to __init__.pyc
byte-compiling /home/ubuntu/miniconda/envs/_build/lib/python2.7/site-packages/glance_store/backend.py to backend.pyc
byte-compiling /home/ubuntu/miniconda/envs/_build/lib/python2.7/site-packages/glance_store/_drivers/gridfs.py to gridfs.pyc
byte-compiling /home/ubuntu/miniconda/envs/_build/lib/python2.7/site-packages/glance_store/_drivers/filesystem.py to filesystem.pyc
byte-compiling /home/ubuntu/miniconda/envs/_build/lib/python2.7/site-packages/glance_store/_drivers/vmware_datastore.py to vmware_datastore.pyc
byte-compiling /home/ubuntu/miniconda/envs/_build/lib/python2.7/site-packages/glance_store/_drivers/rbd.py to rbd.pyc
byte-compiling /home/ubuntu/miniconda/envs/_build/lib/python2.7/site-packages/glance_store/_drivers/s3.py to s3.pyc
byte-compiling /home/ubuntu/miniconda/envs/_build/lib/python2.7/site-packages/glance_store/_drivers/swift/utils.py to utils.pyc
byte-compiling /home/ubuntu/miniconda/envs/_build/lib/python2.7/site-packages/glance_store/_drivers/swift/store.py to store.pyc
byte-compiling /home/ubuntu/miniconda/envs/_build/lib/python2.7/site-packages/glance_store/_drivers/swift/__init__.py to __init__.pyc
byte-compiling /home/ubuntu/miniconda/envs/_build/lib/python2.7/site-packages/glance_store/_drivers/cinder.py to cinder.pyc
byte-compiling /home/ubuntu/miniconda/envs/_build/lib/python2.7/site-packages/glance_store/_drivers/http.py to http.pyc
byte-compiling /home/ubuntu/miniconda/envs/_build/lib/python2.7/site-packages/glance_store/_drivers/__init__.py to __init__.pyc
byte-compiling /home/ubuntu/miniconda/envs/_build/lib/python2.7/site-packages/glance_store/_drivers/sheepdog.py to sheepdog.pyc
byte-compiling /home/ubuntu/miniconda/envs/_build/lib/python2.7/site-packages/glance_store/driver.py to driver.pyc
byte-compiling /home/ubuntu/miniconda/envs/_build/lib/python2.7/site-packages/glance_store/exceptions.py to exceptions.pyc
running install_egg_info
Copying glance_store.egg-info to /home/ubuntu/miniconda/envs/_build/lib/python2.7/site-packages/glance_store-0.6.0-py2.7.egg-info
running install_scripts

The following NEW packages will be INSTALLED:

    openssl:    1.0.1k-1     
    pip:        7.0.3-py27_0 
    python:     2.7.10-0     
    readline:   6.2-2        
    setuptools: 18.0.1-py27_0
    sqlite:     3.8.4.1-1    
    system:     5.8-2        
    tk:         8.5.18-0     
    zlib:       1.2.8-0      

Linking packages ...
[                    ]|                                                  |   0%[openssl             ]|                                                  |   0%[readline            ]|#####                                             |  11%[sqlite              ]|###########                                       |  22%[system              ]|################                                  |  33%[tk                  ]|######################                            |  44%[zlib                ]|###########################                       |  55%[python              ]|#################################                 |  66%[setuptools          ]|######################################            |  77%[pip                 ]|############################################      |  88%[      COMPLETE      ]|##################################################| 100%
Removing old work directory
Source cache directory is: /home/ubuntu/miniconda/conda-bld/src_cache
Found source in cache: glance_store-0.6.0.tar.gz
Extracting download
Package: glance_store-0.6.0-py_0
source tree in: /home/ubuntu/miniconda/conda-bld/work/glance_store-0.6.0
number of files: 68
Fixing permissions
Fixing permissions
BUILD END: glance_store-0.6.0-py_0
Nothing to test for: glance_store-0.6.0-py_0
# If you want to upload this package to binstar.org later, type:
#
# $ binstar upload /home/ubuntu/miniconda/conda-bld/noarch/glance_store-0.6.0-py_0.tar.bz2
#
# To have conda build upload to binstar automatically, use
# $ conda config --set binstar_upload yes

