Error: prefix already exists: /home/ubuntu/miniconda/envs/_pipbuild_
Collecting glance-store==0.6.0
  Could not find a version that satisfies the requirement glance-store==0.6.0 (from versions: 0.1.1, 0.1.2, 0.1.3, 0.1.4, 0.1.5, 0.1.6, 0.1.7, 0.1.8, 0.1.9, 0.1.10, 0.1.11, 0.1.12, 0.2.0, 0.3.0, 0.4.0, 0.5.0)
No matching distribution found for glance-store==0.6.0
Package search: {'_pypi_ordering': False, 'version': '0.6.0', 'name': 'glance_store', 'summary': 'OpenStack Image Service Store Library'}
Creating standard recipe for glance_store-0.6.0
Using url https://pypi.python.org/packages/source/g/glance_store/glance_store-0.6.0.tar.gz (104 KB) for glance_store.
Downloading glance_store
Using cached download
Unpacking glance_store...
done
working in /tmp/tmp6CtNxPconda_skeleton_glance_store-0.6.0.tar.gz
Fetching package metadata: ......

WARNING: conda-build appears to be out of date. You have version 1.13.0 but the
latest version is 1.14.0. Run

conda update -n root conda-build

to get the latest version.

Solving package specifications: .patching file core.py
Hunk #1 succeeded at 168 with fuzz 2 (offset 2 lines).
Traceback (most recent call last):
  File "setup.py", line 18, in <module>
    import setuptools
ImportError: No module named setuptools

The following NEW packages will be INSTALLED:

    numpy:  1.9.2-py27_0
    pyyaml: 3.11-py27_1 
    yaml:   0.1.6-0     

Linking packages ...
[                    ]|                                                  |   0%[yaml                ]|                                                  |   0%[numpy               ]|################                                  |  33%[pyyaml              ]|#################################                 |  66%[      COMPLETE      ]|##################################################| 100%
Applying patch: '/tmp/tmp6CtNxPconda_skeleton_glance_store-0.6.0.tar.gz/pypi-distutils.patch'
$PYTHONPATH = /tmp/tmp6CtNxPconda_skeleton_glance_store-0.6.0.tar.gz/glance_store-0.6.0
Error: command failed: /home/ubuntu/miniconda/envs/_build/bin/python setup.py install

conda create -n _pipbuild_ --yes python pip
/home/ubuntu/miniconda/envs/_pipbuild_/bin/pip install glance_store==0.6.0
Error: Could not pip install glance_store==0.6.0
