Error: prefix already exists: /home/ubuntu/miniconda/envs/_pipbuild_
Collecting gnupg==2.0.2
  Downloading http://localhost/packages/source/g/gnupg/gnupg-2.0.2.tar.gz (97kB)
setuptools must be installed to install from a source distribution
Package search: {'_pypi_ordering': False, 'version': '2.0.2', 'name': 'gnupg', 'summary': 'A Python wrapper for GnuPG'}
Creating standard recipe for gnupg-2.0.2
Using url https://pypi.python.org/packages/source/g/gnupg/gnupg-2.0.2.tar.gz (95 KB) for gnupg.
Downloading gnupg
Using cached download
Unpacking gnupg...
done
working in /tmp/tmpdG3KWTconda_skeleton_gnupg-2.0.2.tar.gz
Fetching package metadata: ......

WARNING: conda-build appears to be out of date. You have version 1.13.0 but the
latest version is 1.14.0. Run

conda update -n root conda-build

to get the latest version.

Solving package specifications: .patching file core.py
Hunk #1 succeeded at 168 with fuzz 2 (offset 2 lines).
Traceback (most recent call last):
  File "setup.py", line 26, in <module>
    import setuptools
ImportError: No module named setuptools

Applying patch: '/tmp/tmpdG3KWTconda_skeleton_gnupg-2.0.2.tar.gz/pypi-distutils.patch'
$PYTHONPATH = /tmp/tmpdG3KWTconda_skeleton_gnupg-2.0.2.tar.gz/gnupg-2.0.2
Error: command failed: /home/ubuntu/miniconda/envs/_build/bin/python setup.py install

conda create -n _pipbuild_ --yes python pip
/home/ubuntu/miniconda/envs/_pipbuild_/bin/pip install gnupg==2.0.2
Error: Could not pip install gnupg==2.0.2
