Error: prefix already exists: /home/ubuntu/miniconda/envs/_pipbuild_
Collecting gnureadline==6.3.3
  Downloading http://localhost/packages/source/g/gnureadline/gnureadline-6.3.3.tar.gz (2.5MB)
setuptools must be installed to install from a source distribution
Package search: {'_pypi_ordering': False, 'version': '6.3.3', 'name': 'gnureadline', 'summary': 'The standard Python readline extension statically linked against the GNU readline library.'}
Creating standard recipe for gnureadline-6.3.3
Using url https://pypi.python.org/packages/source/g/gnureadline/gnureadline-6.3.3.tar.gz (2.4 MB) for gnureadline.
Downloading gnureadline
Using cached download
Unpacking gnureadline...
done
working in /tmp/tmpSXXpenconda_skeleton_gnureadline-6.3.3.tar.gz
Fetching package metadata: ......

WARNING: conda-build appears to be out of date. You have version 1.13.0 but the
latest version is 1.14.0. Run

conda update -n root conda-build

to get the latest version.

Solving package specifications: .patching file core.py
Hunk #1 succeeded at 168 with fuzz 2 (offset 2 lines).
Traceback (most recent call last):
  File "setup.py", line 8, in <module>
    from setuptools import setup, Extension
ImportError: No module named setuptools

Applying patch: '/tmp/tmpSXXpenconda_skeleton_gnureadline-6.3.3.tar.gz/pypi-distutils.patch'
$PYTHONPATH = /tmp/tmpSXXpenconda_skeleton_gnureadline-6.3.3.tar.gz/gnureadline-6.3.3
Error: command failed: /home/ubuntu/miniconda/envs/_build/bin/python setup.py install

conda create -n _pipbuild_ --yes python pip
/home/ubuntu/miniconda/envs/_pipbuild_/bin/pip install gnureadline==6.3.3
Error: Could not pip install gnureadline==6.3.3
