Warning, the following versions were found for google-api-python-client
1.4.1
1.4.0
1.3.2
1.3.1
1.3
1.2
1.1
1.0
1.0c3
1.0c2
1.0c1
1.0b9
1.0beta8
1.0beta7
1.0beta6
1.0beta5
1.0beta4
1.0beta3
1.0beta2
1.0beta1
1.0alpha11
1.0alpha10
1.0alpha9
1.0alpha8
1.0alpha7
1.0alpha6
1.0alpha5
1.0alpha4
1.0alpha3
1.0alpha2
1.0alpha1
1.0beta5prerelease2
1.0beta5prerelease
Using 1.4.1
Use --version to specify a different version.
Using url https://pypi.python.org/packages/source/g/google-api-python-client/google-api-python-client-1.4.1.tar.gz (40 KB) for google-api-python-client.
Downloading google-api-python-client
Using cached download
Unpacking google-api-python-client...
done
working in /tmp/tmpN9tiYWconda_skeleton_google-api-python-client-1.4.1.tar.gz
Fetching package metadata: ......

WARNING: conda-build appears to be out of date. You have version 1.13.0 but the
latest version is 1.14.1. Run

conda update -n root conda-build

to get the latest version.

Solving package specifications: .patching file core.py
Hunk #1 succeeded at 168 with fuzz 2 (offset 2 lines).

WARNING: conda-build appears to be out of date. You have version 1.13.0 but the
latest version is 1.14.1. Run

conda update -n root conda-build

to get the latest version.


The following NEW packages will be INSTALLED:

    numpy:      1.9.2-py27_0 
    openssl:    1.0.1k-1     
    pip:        7.0.3-py27_0 
    python:     2.7.10-0     
    pyyaml:     3.11-py27_1  
    readline:   6.2-2        
    setuptools: 18.0.1-py27_0
    sqlite:     3.8.4.1-1    
    system:     5.8-2        
    tk:         8.5.18-0     
    yaml:       0.1.6-0      
    zlib:       1.2.8-0      

Linking packages ...
[                    ]|                                                  |   0%[openssl             ]|                                                  |   0%[readline            ]|####                                              |   8%[sqlite              ]|########                                          |  16%[system              ]|############                                      |  25%[tk                  ]|################                                  |  33%[yaml                ]|####################                              |  41%[zlib                ]|#########################                         |  50%[numpy               ]|#############################                     |  58%[python              ]|#################################                 |  66%[pyyaml              ]|#####################################             |  75%[setuptools          ]|#########################################         |  83%[pip                 ]|#############################################     |  91%[      COMPLETE      ]|##################################################| 100%
Applying patch: '/tmp/tmpN9tiYWconda_skeleton_google-api-python-client-1.4.1.tar.gz/pypi-distutils.patch'
Warning, the following versions were found for oauth2client
1.4.11
1.4.10
1.4.9
1.4.8
1.4.7
1.4.6
1.4.5
1.4.4
1.4.3
1.4.2
1.4.1
1.4
1.3.2
1.3.1
1.3
1.2
1.1
1.0
1.0c3
1.0c2
1.0c1
1.0beta8
1.0beta7
1.0beta6
1.0beta4
1.0beta3
1.0beta2
1.0beta5prerelease
Using 1.4.11
Use --version to specify a different version.
Using url https://pypi.python.org/packages/source/o/oauth2client/oauth2client-1.4.11.tar.gz (48 KB) for oauth2client.
Downloading oauth2client
Using cached download
Unpacking oauth2client...
done
working in /tmp/tmpXsDPkuconda_skeleton_oauth2client-1.4.11.tar.gz
Solving package specifications: .patching file core.py
Hunk #1 succeeded at 168 with fuzz 2 (offset 2 lines).

Applying patch: '/tmp/tmpXsDPkuconda_skeleton_oauth2client-1.4.11.tar.gz/pypi-distutils.patch'
Error: Could not find any versions of package pyasn1_modules
