Removing old build directory
Removing old work directory
BUILD START: graphite-web-0.9.13-py_0
Fetching package metadata: ......

WARNING: conda-build appears to be out of date. You have version 1.13.0 but the
latest version is 1.14.1. Run

conda update -n root conda-build

to get the latest version.

Solving package specifications: .+ pip install graphite-web
Collecting graphite-web
  Downloading http://localhost/packages/source/g/graphite-web/graphite-web-0.9.13.tar.gz (2.2MB)
Installing collected packages: graphite-web
  Running setup.py install for graphite-web
    Complete output from command /home/ubuntu/miniconda/envs/_build/bin/python -c "import setuptools, tokenize;__file__='/tmp/pip-build-kNtwkN/graphite-web/setup.py';exec(compile(getattr(tokenize, 'open', open)(__file__).read().replace('\r\n', '\n'), __file__, 'exec'))" install --record /tmp/pip-SdwlvV-record/install-record.txt --single-version-externally-managed --compile:
    running install
    running build
    running build_py
    creating build
    creating build/lib
    creating build/lib/graphite
    copying webapp/graphite/storage.py -> build/lib/graphite
    copying webapp/graphite/app_settings.py -> build/lib/graphite
    copying webapp/graphite/manage.py -> build/lib/graphite
    copying webapp/graphite/remote_storage.py -> build/lib/graphite
    copying webapp/graphite/views.py -> build/lib/graphite
    copying webapp/graphite/util.py -> build/lib/graphite
    copying webapp/graphite/urls.py -> build/lib/graphite
    copying webapp/graphite/__init__.py -> build/lib/graphite
    copying webapp/graphite/settings.py -> build/lib/graphite
    copying webapp/graphite/logger.py -> build/lib/graphite
    creating build/lib/graphite/account
    copying webapp/graphite/account/ldapBackend.py -> build/lib/graphite/account
    copying webapp/graphite/account/views.py -> build/lib/graphite/account
    copying webapp/graphite/account/urls.py -> build/lib/graphite/account
    copying webapp/graphite/account/__init__.py -> build/lib/graphite/account
    copying webapp/graphite/account/models.py -> build/lib/graphite/account
    creating build/lib/graphite/browser
    copying webapp/graphite/browser/views.py -> build/lib/graphite/browser
    copying webapp/graphite/browser/urls.py -> build/lib/graphite/browser
    copying webapp/graphite/browser/__init__.py -> build/lib/graphite/browser
    creating build/lib/graphite/cli
    copying webapp/graphite/cli/completer.py -> build/lib/graphite/cli
    copying webapp/graphite/cli/commands.py -> build/lib/graphite/cli
    copying webapp/graphite/cli/parser.py -> build/lib/graphite/cli
    copying webapp/graphite/cli/views.py -> build/lib/graphite/cli
    copying webapp/graphite/cli/urls.py -> build/lib/graphite/cli
    copying webapp/graphite/cli/__init__.py -> build/lib/graphite/cli
    creating build/lib/graphite/composer
    copying webapp/graphite/composer/views.py -> build/lib/graphite/composer
    copying webapp/graphite/composer/urls.py -> build/lib/graphite/composer
    copying webapp/graphite/composer/__init__.py -> build/lib/graphite/composer
    creating build/lib/graphite/render
    copying webapp/graphite/render/evaluator.py -> build/lib/graphite/render
    copying webapp/graphite/render/grammar.py -> build/lib/graphite/render
    copying webapp/graphite/render/functions_test.py -> build/lib/graphite/render
    copying webapp/graphite/render/hashing.py -> build/lib/graphite/render
    copying webapp/graphite/render/datalib.py -> build/lib/graphite/render
    copying webapp/graphite/render/views.py -> build/lib/graphite/render
    copying webapp/graphite/render/urls.py -> build/lib/graphite/render
    copying webapp/graphite/render/__init__.py -> build/lib/graphite/render
    copying webapp/graphite/render/attime.py -> build/lib/graphite/render
    copying webapp/graphite/render/functions.py -> build/lib/graphite/render
    copying webapp/graphite/render/glyph.py -> build/lib/graphite/render
    creating build/lib/graphite/url_shortener
    copying webapp/graphite/url_shortener/baseconv.py -> build/lib/graphite/url_shortener
    copying webapp/graphite/url_shortener/views.py -> build/lib/graphite/url_shortener
    copying webapp/graphite/url_shortener/__init__.py -> build/lib/graphite/url_shortener
    copying webapp/graphite/url_shortener/models.py -> build/lib/graphite/url_shortener
    creating build/lib/graphite/whitelist
    copying webapp/graphite/whitelist/views.py -> build/lib/graphite/whitelist
    copying webapp/graphite/whitelist/urls.py -> build/lib/graphite/whitelist
    copying webapp/graphite/whitelist/__init__.py -> build/lib/graphite/whitelist
    creating build/lib/graphite/metrics
    copying webapp/graphite/metrics/search.py -> build/lib/graphite/metrics
    copying webapp/graphite/metrics/views.py -> build/lib/graphite/metrics
    copying webapp/graphite/metrics/urls.py -> build/lib/graphite/metrics
    copying webapp/graphite/metrics/__init__.py -> build/lib/graphite/metrics
    creating build/lib/graphite/dashboard
    copying webapp/graphite/dashboard/admin.py -> build/lib/graphite/dashboard
    copying webapp/graphite/dashboard/send_graph.py -> build/lib/graphite/dashboard
    copying webapp/graphite/dashboard/views.py -> build/lib/graphite/dashboard
    copying webapp/graphite/dashboard/urls.py -> build/lib/graphite/dashboard
    copying webapp/graphite/dashboard/__init__.py -> build/lib/graphite/dashboard
    copying webapp/graphite/dashboard/models.py -> build/lib/graphite/dashboard
    creating build/lib/graphite/events
    copying webapp/graphite/events/admin.py -> build/lib/graphite/events
    copying webapp/graphite/events/views.py -> build/lib/graphite/events
    copying webapp/graphite/events/urls.py -> build/lib/graphite/events
    copying webapp/graphite/events/__init__.py -> build/lib/graphite/events
    copying webapp/graphite/events/models.py -> build/lib/graphite/events
    creating build/lib/graphite/version
    copying webapp/graphite/version/views.py -> build/lib/graphite/version
    copying webapp/graphite/version/urls.py -> build/lib/graphite/version
    copying webapp/graphite/version/__init__.py -> build/lib/graphite/version
    creating build/lib/graphite/thirdparty
    copying webapp/graphite/thirdparty/pyparsing.py -> build/lib/graphite/thirdparty
    copying webapp/graphite/thirdparty/__init__.py -> build/lib/graphite/thirdparty
    creating build/lib/graphite/thirdparty/pytz
    copying webapp/graphite/thirdparty/pytz/tzfile.py -> build/lib/graphite/thirdparty/pytz
    copying webapp/graphite/thirdparty/pytz/tzinfo.py -> build/lib/graphite/thirdparty/pytz
    copying webapp/graphite/thirdparty/pytz/__init__.py -> build/lib/graphite/thirdparty/pytz
    copying webapp/graphite/thirdparty/pytz/reference.py -> build/lib/graphite/thirdparty/pytz
    copying webapp/graphite/thirdparty/pytz/exceptions.py -> build/lib/graphite/thirdparty/pytz
    creating build/lib/graphite/templates
    copying webapp/graphite/templates/browser.html -> build/lib/graphite/templates
    copying webapp/graphite/templates/events.html -> build/lib/graphite/templates
    copying webapp/graphite/templates/login.html -> build/lib/graphite/templates
    copying webapp/graphite/templates/browserHeader.html -> build/lib/graphite/templates
    copying webapp/graphite/templates/editProfile.html -> build/lib/graphite/templates
    copying webapp/graphite/templates/dashboard.html -> build/lib/graphite/templates
    copying webapp/graphite/templates/500.html -> build/lib/graphite/templates
    copying webapp/graphite/templates/version.html -> build/lib/graphite/templates
    copying webapp/graphite/templates/composer.html -> build/lib/graphite/templates
    copying webapp/graphite/templates/cli.html -> build/lib/graphite/templates
    copying webapp/graphite/templates/dashboardHelp.html -> build/lib/graphite/templates
    copying webapp/graphite/templates/event.html -> build/lib/graphite/templates
    copying webapp/graphite/local_settings.py.example -> build/lib/graphite
    running build_scripts
    creating build/scripts-2.7
    copying and adjusting bin/run-graphite-devel-server.py -> build/scripts-2.7
    copying bin/build-index.sh -> build/scripts-2.7
    changing mode of build/scripts-2.7/run-graphite-devel-server.py from 664 to 775
    running install_lib
    creating /opt/graphite
    error: could not create '/opt/graphite': Permission denied
    
    ----------------------------------------
Command "/home/ubuntu/miniconda/envs/_build/bin/python -c "import setuptools, tokenize;__file__='/tmp/pip-build-kNtwkN/graphite-web/setup.py';exec(compile(getattr(tokenize, 'open', open)(__file__).read().replace('\r\n', '\n'), __file__, 'exec'))" install --record /tmp/pip-SdwlvV-record/install-record.txt --single-version-externally-managed --compile" failed with error code 1 in /tmp/pip-build-kNtwkN/graphite-web

The following NEW packages will be INSTALLED:

    openssl:    1.0.1k-1     
    pip:        7.0.3-py27_0 
    python:     2.7.10-0     
    readline:   6.2-2        
    setuptools: 18.0.1-py27_0
    sqlite:     3.8.4.1-1    
    system:     5.8-2        
    tk:         8.5.18-0     
    zlib:       1.2.8-0      

Linking packages ...
[                    ]|                                                  |   0%[openssl             ]|                                                  |   0%[readline            ]|#####                                             |  11%[sqlite              ]|###########                                       |  22%[system              ]|################                                  |  33%[tk                  ]|######################                            |  44%[zlib                ]|###########################                       |  55%[python              ]|#################################                 |  66%[setuptools          ]|######################################            |  77%[pip                 ]|############################################      |  88%[      COMPLETE      ]|##################################################| 100%
Removing old work directory
Copying /home/ubuntu/pypi-conda-builds/graphite-web to /home/ubuntu/miniconda/conda-bld/work
Package: graphite-web-0.9.13-py_0
source tree in: /home/ubuntu/miniconda/conda-bld/work
Command failed: /bin/bash -x -e /home/ubuntu/pypi-conda-builds/graphite-web/build.sh
Package search: {'_pypi_ordering': False, 'version': '0.9.10', 'name': 'graphite-web', 'summary': 'Enterprise scalable realtime graphing'}
Creating standard recipe for graphite-web-0.9.13
Converting recipe in /home/ubuntu/pypi-conda-builds/graphite-web
package = graphite-web
   dependencies = []
Building conda package for graphite-web
