Warning, the following versions were found for grappelli_safe
0.3.13
0.3.12
0.3.11
0.3.10
0.3.9
0.3.8
0.3.7
0.3.6
0.3.5
0.3.4
0.3.3
0.3.2
0.3.1
0.3.0
0.2.23
0.2.22
0.2.21
0.2.20
0.2.19
0.2.18
0.2.17
0.2.16
0.2.15
0.2.13
0.2.12
0.2.11
0.2.10
0.2.9
0.2.8
0.2.7
0.2.6
0.2.5
0.2.4
0.2.3
0.2.2
0.2.1
0.2.0
0.1.12
0.1.11
0.1.10
0.1.9
0.1.8
0.1.7
0.1.6
0.1.5
0.1.4
0.1.3
0.1.2
0.1.1
0.1
Using 0.3.13
Use --version to specify a different version.
Using url https://pypi.python.org/packages/source/g/grappelli_safe/grappelli_safe-0.3.13.tar.gz (648 KB) for grappelli_safe.
Downloading grappelli_safe
Using cached download
Unpacking grappelli_safe...
done
working in /tmp/tmpYxZfc3conda_skeleton_grappelli_safe-0.3.13.tar.gz
Fetching package metadata: ......

WARNING: conda-build appears to be out of date. You have version 1.13.0 but the
latest version is 1.14.1. Run

conda update -n root conda-build

to get the latest version.

Solving package specifications: .patching file core.py
Hunk #1 succeeded at 168 with fuzz 2 (offset 2 lines).

The following NEW packages will be INSTALLED:

    numpy:  1.9.2-py27_0
    pyyaml: 3.11-py27_1 
    yaml:   0.1.6-0     

Linking packages ...
[                    ]|                                                  |   0%[yaml                ]|                                                  |   0%[numpy               ]|################                                  |  33%[pyyaml              ]|#################################                 |  66%[      COMPLETE      ]|##################################################| 100%
Applying patch: '/tmp/tmpYxZfc3conda_skeleton_grappelli_safe-0.3.13.tar.gz/pypi-distutils.patch'
Writing recipe for grappelli_safe
Done
