Error: prefix already exists: /home/ubuntu/miniconda/envs/_pipbuild_
Collecting guess-language-spirit==0.5.2
  Downloading http://localhost/packages/source/g/guess_language-spirit/guess_language-spirit-0.5.2.tar.bz2 (81kB)
setuptools must be installed to install from a source distribution
Package search: {'_pypi_ordering': False, 'version': '0.5.2', 'name': 'guess_language-spirit', 'summary': 'Guess the natural language of a text'}
Creating standard recipe for guess_language-spirit-0.5.2
Using url https://pypi.python.org/packages/source/g/guess_language-spirit/guess_language-spirit-0.5.2.tar.bz2 (80 KB) for guess_language-spirit.
Downloading guess_language-spirit
Using cached download
Unpacking guess_language-spirit...
done
working in /tmp/tmppHr7sHconda_skeleton_guess_language-spirit-0.5.2.tar.bz2
Fetching package metadata: ......

WARNING: conda-build appears to be out of date. You have version 1.13.0 but the
latest version is 1.14.0. Run

conda update -n root conda-build

to get the latest version.

Solving package specifications: .patching file core.py
Hunk #1 succeeded at 168 with fuzz 2 (offset 2 lines).
Traceback (most recent call last):
  File "setup.py", line 605, in <module>
    sys.exit(main())
  File "setup.py", line 600, in main
    run_setup_hooks(config)
  File "setup.py", line 576, in run_setup_hooks
    func(config)
  File "setup.py", line 590, in default_hook
    generate_py2k(config)
  File "setup.py", line 550, in generate_py2k
    run_3to2(copied_py_files)
  File "setup.py", line 394, in run_3to2
    run_3to2_script(args)
  File "setup.py", line 379, in run_3to2_script
    proc = subprocess.Popen(["3to2"] + args, stderr=subprocess.PIPE)
  File "/home/ubuntu/miniconda/envs/_build/lib/python2.7/subprocess.py", line 710, in __init__
    errread, errwrite)
  File "/home/ubuntu/miniconda/envs/_build/lib/python2.7/subprocess.py", line 1335, in _execute_child
    raise child_exception
OSError: [Errno 2] No such file or directory

Applying patch: '/tmp/tmppHr7sHconda_skeleton_guess_language-spirit-0.5.2.tar.bz2/pypi-distutils.patch'
$PYTHONPATH = /tmp/tmppHr7sHconda_skeleton_guess_language-spirit-0.5.2.tar.bz2/guess_language-spirit-0.5.2
Error: command failed: /home/ubuntu/miniconda/envs/_build/bin/python setup.py install

conda create -n _pipbuild_ --yes python pip
/home/ubuntu/miniconda/envs/_pipbuild_/bin/pip install guess_language-spirit==0.5.2
Error: Could not pip install guess_language-spirit==0.5.2
