Removing old build directory
Removing old work directory
BUILD START: gunicorn-19.3.0-py_0
Fetching package metadata: ......

WARNING: conda-build appears to be out of date. You have version 1.13.0 but the
latest version is 1.14.1. Run

conda update -n root conda-build

to get the latest version.

Solving package specifications: .+ pip install gunicorn
Collecting gunicorn
  Downloading http://localhost/packages/3.4/g/gunicorn/gunicorn-19.3.0-py2.py3-none-any.whl (110kB)
Installing collected packages: gunicorn
Successfully installed gunicorn-19.3.0
Compiling /home/ubuntu/miniconda/envs/_build/lib/python2.7/site-packages/gunicorn/workers/_gaiohttp.py ...
  File "/home/ubuntu/miniconda/envs/_build/lib/python2.7/site-packages/gunicorn/workers/_gaiohttp.py", line 68
    yield from self.wsgi.close()
             ^
SyntaxError: invalid syntax


The following NEW packages will be INSTALLED:

    openssl:    1.0.1k-1     
    pip:        7.0.3-py27_0 
    python:     2.7.10-0     
    readline:   6.2-2        
    setuptools: 18.0.1-py27_0
    sqlite:     3.8.4.1-1    
    system:     5.8-2        
    tk:         8.5.18-0     
    zlib:       1.2.8-0      

Linking packages ...
[                    ]|                                                  |   0%[openssl             ]|                                                  |   0%[readline            ]|#####                                             |  11%[sqlite              ]|###########                                       |  22%[system              ]|################                                  |  33%[tk                  ]|######################                            |  44%[zlib                ]|###########################                       |  55%[python              ]|#################################                 |  66%[setuptools          ]|######################################            |  77%[pip                 ]|############################################      |  88%[      COMPLETE      ]|##################################################| 100%
Removing old work directory
Copying /home/ubuntu/pypi-conda-builds/gunicorn to /home/ubuntu/miniconda/conda-bld/work
Package: gunicorn-19.3.0-py_0
source tree in: /home/ubuntu/miniconda/conda-bld/work
compiling .pyc files...
Command failed: /home/ubuntu/miniconda/envs/_build/bin/python -Wi /home/ubuntu/miniconda/envs/_build/lib/python2.7/compileall.py -q -x port_v3 /home/ubuntu/miniconda/envs/_build/lib/python2.7/site-packages
Package search: {'_pypi_ordering': False, 'version': '19.3.0', 'name': 'gunicorn', 'summary': 'WSGI HTTP Server for UNIX'}
Creating standard recipe for gunicorn-19.3.0
Converting recipe in /home/ubuntu/pypi-conda-builds/gunicorn
package = gunicorn
   dependencies = []
Building conda package for gunicorn
