Error: prefix already exists: /home/ubuntu/miniconda/envs/_pipbuild_
Collecting hacking==0.9.6
  Could not find a version that satisfies the requirement hacking==0.9.6 (from versions: 0.5.0, 0.5.1, 0.5.2, 0.5.3, 0.5.4, 0.5.5, 0.5.6, 0.6.0, 0.7.0, 0.7.1, 0.7.2, 0.8.0, 0.8.1, 0.9.0, 0.9.1, 0.9.2, 0.9.3, 0.9.4, 0.9.5, 0.10.0, 0.10.1)
No matching distribution found for hacking==0.9.6
Package search: {'_pypi_ordering': False, 'version': '0.9.6', 'name': 'hacking', 'summary': 'OpenStack Hacking Guideline Enforcement'}
Creating standard recipe for hacking-0.9.6
Using url https://pypi.python.org/packages/source/h/hacking/hacking-0.9.6.tar.gz (42 KB) for hacking.
Downloading hacking
Using cached download
Unpacking hacking...
done
working in /tmp/tmpQ9mFZAconda_skeleton_hacking-0.9.6.tar.gz
Fetching package metadata: ......

WARNING: conda-build appears to be out of date. You have version 1.13.0 but the
latest version is 1.14.0. Run

conda update -n root conda-build

to get the latest version.

Solving package specifications: .patching file core.py
Hunk #1 succeeded at 168 with fuzz 2 (offset 2 lines).
Traceback (most recent call last):
  File "setup.py", line 18, in <module>
    import setuptools
ImportError: No module named setuptools

Applying patch: '/tmp/tmpQ9mFZAconda_skeleton_hacking-0.9.6.tar.gz/pypi-distutils.patch'
$PYTHONPATH = /tmp/tmpQ9mFZAconda_skeleton_hacking-0.9.6.tar.gz/hacking-0.9.6
Error: command failed: /home/ubuntu/miniconda/envs/_build/bin/python setup.py install

conda create -n _pipbuild_ --yes python pip
/home/ubuntu/miniconda/envs/_pipbuild_/bin/pip install hacking==0.9.6
Error: Could not pip install hacking==0.9.6
