Removing old build directory
Removing old work directory
BUILD START: hacking-0.10.2-py_0
Fetching package metadata: ......

WARNING: conda-build appears to be out of date. You have version 1.13.0 but the
latest version is 1.14.1. Run

conda update -n root conda-build

to get the latest version.

Solving package specifications: .+ /home/ubuntu/miniconda/envs/_build/bin/python setup.py install

Installed /home/ubuntu/miniconda/conda-bld/work/hacking-0.10.2/.eggs/pbr-1.2.0-py2.7.egg
running install
running build
running build_py
creating build
creating build/lib
creating build/lib/hacking
creating build/lib/hacking/checks
copying hacking/checks/localization.py -> build/lib/hacking/checks
copying hacking/checks/python23.py -> build/lib/hacking/checks
copying hacking/checks/except_checks.py -> build/lib/hacking/checks
copying hacking/checks/dictlist.py -> build/lib/hacking/checks
copying hacking/checks/imports.py -> build/lib/hacking/checks
copying hacking/checks/__init__.py -> build/lib/hacking/checks
copying hacking/checks/comments.py -> build/lib/hacking/checks
copying hacking/checks/docstrings.py -> build/lib/hacking/checks
copying hacking/checks/other.py -> build/lib/hacking/checks
creating build/lib/hacking/tests
copying hacking/tests/test_import_exceptions.py -> build/lib/hacking/tests
copying hacking/tests/test_doctest.py -> build/lib/hacking/tests
copying hacking/tests/test_local.py -> build/lib/hacking/tests
copying hacking/tests/__init__.py -> build/lib/hacking/tests
copying hacking/tests/test_config.py -> build/lib/hacking/tests
copying hacking/config.py -> build/lib/hacking
copying hacking/__init__.py -> build/lib/hacking
copying hacking/core.py -> build/lib/hacking
creating build/lib/hacking/tests/checks
copying hacking/tests/checks/__init__.py -> build/lib/hacking/tests/checks
copying hacking/tests/checks/test_comments.py -> build/lib/hacking/tests/checks
running egg_info
writing requirements to hacking.egg-info/requires.txt
writing hacking.egg-info/PKG-INFO
writing top-level names to hacking.egg-info/top_level.txt
writing dependency_links to hacking.egg-info/dependency_links.txt
writing entry points to hacking.egg-info/entry_points.txt
[pbr] Reusing existing SOURCES.txt
running install_lib
creating /home/ubuntu/miniconda/envs/_build/lib/python2.7/site-packages/hacking
copying build/lib/hacking/config.py -> /home/ubuntu/miniconda/envs/_build/lib/python2.7/site-packages/hacking
creating /home/ubuntu/miniconda/envs/_build/lib/python2.7/site-packages/hacking/tests
copying build/lib/hacking/tests/test_import_exceptions.py -> /home/ubuntu/miniconda/envs/_build/lib/python2.7/site-packages/hacking/tests
copying build/lib/hacking/tests/test_doctest.py -> /home/ubuntu/miniconda/envs/_build/lib/python2.7/site-packages/hacking/tests
copying build/lib/hacking/tests/test_local.py -> /home/ubuntu/miniconda/envs/_build/lib/python2.7/site-packages/hacking/tests
copying build/lib/hacking/tests/__init__.py -> /home/ubuntu/miniconda/envs/_build/lib/python2.7/site-packages/hacking/tests
copying build/lib/hacking/tests/test_config.py -> /home/ubuntu/miniconda/envs/_build/lib/python2.7/site-packages/hacking/tests
creating /home/ubuntu/miniconda/envs/_build/lib/python2.7/site-packages/hacking/tests/checks
copying build/lib/hacking/tests/checks/__init__.py -> /home/ubuntu/miniconda/envs/_build/lib/python2.7/site-packages/hacking/tests/checks
copying build/lib/hacking/tests/checks/test_comments.py -> /home/ubuntu/miniconda/envs/_build/lib/python2.7/site-packages/hacking/tests/checks
copying build/lib/hacking/__init__.py -> /home/ubuntu/miniconda/envs/_build/lib/python2.7/site-packages/hacking
copying build/lib/hacking/core.py -> /home/ubuntu/miniconda/envs/_build/lib/python2.7/site-packages/hacking
creating /home/ubuntu/miniconda/envs/_build/lib/python2.7/site-packages/hacking/checks
copying build/lib/hacking/checks/localization.py -> /home/ubuntu/miniconda/envs/_build/lib/python2.7/site-packages/hacking/checks
copying build/lib/hacking/checks/python23.py -> /home/ubuntu/miniconda/envs/_build/lib/python2.7/site-packages/hacking/checks
copying build/lib/hacking/checks/except_checks.py -> /home/ubuntu/miniconda/envs/_build/lib/python2.7/site-packages/hacking/checks
copying build/lib/hacking/checks/dictlist.py -> /home/ubuntu/miniconda/envs/_build/lib/python2.7/site-packages/hacking/checks
copying build/lib/hacking/checks/imports.py -> /home/ubuntu/miniconda/envs/_build/lib/python2.7/site-packages/hacking/checks
copying build/lib/hacking/checks/__init__.py -> /home/ubuntu/miniconda/envs/_build/lib/python2.7/site-packages/hacking/checks
copying build/lib/hacking/checks/comments.py -> /home/ubuntu/miniconda/envs/_build/lib/python2.7/site-packages/hacking/checks
copying build/lib/hacking/checks/docstrings.py -> /home/ubuntu/miniconda/envs/_build/lib/python2.7/site-packages/hacking/checks
copying build/lib/hacking/checks/other.py -> /home/ubuntu/miniconda/envs/_build/lib/python2.7/site-packages/hacking/checks
byte-compiling /home/ubuntu/miniconda/envs/_build/lib/python2.7/site-packages/hacking/config.py to config.pyc
byte-compiling /home/ubuntu/miniconda/envs/_build/lib/python2.7/site-packages/hacking/tests/test_import_exceptions.py to test_import_exceptions.pyc
byte-compiling /home/ubuntu/miniconda/envs/_build/lib/python2.7/site-packages/hacking/tests/test_doctest.py to test_doctest.pyc
byte-compiling /home/ubuntu/miniconda/envs/_build/lib/python2.7/site-packages/hacking/tests/test_local.py to test_local.pyc
byte-compiling /home/ubuntu/miniconda/envs/_build/lib/python2.7/site-packages/hacking/tests/__init__.py to __init__.pyc
byte-compiling /home/ubuntu/miniconda/envs/_build/lib/python2.7/site-packages/hacking/tests/test_config.py to test_config.pyc
byte-compiling /home/ubuntu/miniconda/envs/_build/lib/python2.7/site-packages/hacking/tests/checks/__init__.py to __init__.pyc
byte-compiling /home/ubuntu/miniconda/envs/_build/lib/python2.7/site-packages/hacking/tests/checks/test_comments.py to test_comments.pyc
byte-compiling /home/ubuntu/miniconda/envs/_build/lib/python2.7/site-packages/hacking/__init__.py to __init__.pyc
byte-compiling /home/ubuntu/miniconda/envs/_build/lib/python2.7/site-packages/hacking/core.py to core.pyc
byte-compiling /home/ubuntu/miniconda/envs/_build/lib/python2.7/site-packages/hacking/checks/localization.py to localization.pyc
byte-compiling /home/ubuntu/miniconda/envs/_build/lib/python2.7/site-packages/hacking/checks/python23.py to python23.pyc
byte-compiling /home/ubuntu/miniconda/envs/_build/lib/python2.7/site-packages/hacking/checks/except_checks.py to except_checks.pyc
byte-compiling /home/ubuntu/miniconda/envs/_build/lib/python2.7/site-packages/hacking/checks/dictlist.py to dictlist.pyc
byte-compiling /home/ubuntu/miniconda/envs/_build/lib/python2.7/site-packages/hacking/checks/imports.py to imports.pyc
byte-compiling /home/ubuntu/miniconda/envs/_build/lib/python2.7/site-packages/hacking/checks/__init__.py to __init__.pyc
byte-compiling /home/ubuntu/miniconda/envs/_build/lib/python2.7/site-packages/hacking/checks/comments.py to comments.pyc
byte-compiling /home/ubuntu/miniconda/envs/_build/lib/python2.7/site-packages/hacking/checks/docstrings.py to docstrings.pyc
byte-compiling /home/ubuntu/miniconda/envs/_build/lib/python2.7/site-packages/hacking/checks/other.py to other.pyc
running install_egg_info
Copying hacking.egg-info to /home/ubuntu/miniconda/envs/_build/lib/python2.7/site-packages/hacking-0.10.2-py2.7.egg-info
running install_scripts

The following NEW packages will be INSTALLED:

    openssl:    1.0.1k-1     
    pip:        7.0.3-py27_0 
    python:     2.7.10-0     
    readline:   6.2-2        
    setuptools: 18.0.1-py27_0
    sqlite:     3.8.4.1-1    
    system:     5.8-2        
    tk:         8.5.18-0     
    zlib:       1.2.8-0      

Linking packages ...
[                    ]|                                                  |   0%[openssl             ]|                                                  |   0%[readline            ]|#####                                             |  11%[sqlite              ]|###########                                       |  22%[system              ]|################                                  |  33%[tk                  ]|######################                            |  44%[zlib                ]|###########################                       |  55%[python              ]|#################################                 |  66%[setuptools          ]|######################################            |  77%[pip                 ]|############################################      |  88%[      COMPLETE      ]|##################################################| 100%
Removing old work directory
Source cache directory is: /home/ubuntu/miniconda/conda-bld/src_cache
Found source in cache: hacking-0.10.2.tar.gz
Extracting download
Package: hacking-0.10.2-py_0
source tree in: /home/ubuntu/miniconda/conda-bld/work/hacking-0.10.2
number of files: 46
Fixing permissions
Fixing permissions
BUILD END: hacking-0.10.2-py_0
Nothing to test for: hacking-0.10.2-py_0
# If you want to upload this package to binstar.org later, type:
#
# $ binstar upload /home/ubuntu/miniconda/conda-bld/noarch/hacking-0.10.2-py_0.tar.bz2
#
# To have conda build upload to binstar automatically, use
# $ conda config --set binstar_upload yes

