Warning, the following versions were found for haigha
0.8.0
0.7.3
0.7.2
0.7.1
0.7.0
0.6.2
0.6.1
0.6.0
0.5.12
0.5.11
0.5.10
0.5.9
0.5.8
0.5.7
0.5.6
0.5.5
0.5.4
0.5.3
0.5.2
0.5.1
0.5.0
0.4.5
0.4.4
0.4.3
0.4.2
0.4.1
0.4.0
0.3.4
0.3.3
0.3.2
0.3.1
0.3.0
0.2.3
0.2.2
0.2.1
Using 0.8.0
Use --version to specify a different version.
Using url https://pypi.python.org/packages/source/h/haigha/haigha-0.8.0.tar.gz (889 KB) for haigha.
Downloading haigha
Unpacking haigha...
done
working in /tmp/tmpMKVLmJconda_skeleton_haigha-0.8.0.tar.gz
Fetching package metadata: ......

WARNING: conda-build appears to be out of date. You have version 1.13.0 but the
latest version is 1.14.1. Run

conda update -n root conda-build

to get the latest version.

Solving package specifications: .patching file core.py
Hunk #1 succeeded at 168 with fuzz 2 (offset 2 lines).

The following NEW packages will be INSTALLED:

    numpy:  1.9.2-py27_0
    pyyaml: 3.11-py27_1 
    yaml:   0.1.6-0     

Linking packages ...
[                    ]|                                                  |   0%[yaml                ]|                                                  |   0%[numpy               ]|################                                  |  33%[pyyaml              ]|#################################                 |  66%[      COMPLETE      ]|##################################################| 100%
Applying patch: '/tmp/tmpMKVLmJconda_skeleton_haigha-0.8.0.tar.gz/pypi-distutils.patch'
Writing recipe for haigha
Done
