Error: prefix already exists: /home/ubuntu/miniconda/envs/_pipbuild_
Collecting happybase==0.9
  Downloading http://localhost/packages/source/h/happybase/happybase-0.9.tar.gz (62kB)
setuptools must be installed to install from a source distribution
Package search: {'_pypi_ordering': False, 'version': '0.9', 'name': 'happybase', 'summary': 'A developer-friendly Python library to interact with Apache HBase'}
Creating standard recipe for happybase-0.9
Using url https://pypi.python.org/packages/source/h/happybase/happybase-0.9.tar.gz (61 KB) for happybase.
Downloading happybase
Using cached download
Unpacking happybase...
done
working in /tmp/tmpY89gM7conda_skeleton_happybase-0.9.tar.gz
Fetching package metadata: ......

WARNING: conda-build appears to be out of date. You have version 1.13.0 but the
latest version is 1.14.0. Run

conda update -n root conda-build

to get the latest version.

Solving package specifications: .patching file core.py
Hunk #1 succeeded at 168 with fuzz 2 (offset 2 lines).
Traceback (most recent call last):
  File "setup.py", line 2, in <module>
    from setuptools import find_packages, setup
ImportError: No module named setuptools

Applying patch: '/tmp/tmpY89gM7conda_skeleton_happybase-0.9.tar.gz/pypi-distutils.patch'
$PYTHONPATH = /tmp/tmpY89gM7conda_skeleton_happybase-0.9.tar.gz/happybase-0.9
Error: command failed: /home/ubuntu/miniconda/envs/_build/bin/python setup.py install

conda create -n _pipbuild_ --yes python pip
/home/ubuntu/miniconda/envs/_pipbuild_/bin/pip install happybase==0.9
Error: Could not pip install happybase==0.9
