Warning, the following versions were found for hexagonit.recipe.download
1.7
1.6
1.5.1
1.5.0
1.4.1
1.4.0
1.3.0
1.2.2
1.2.1
1.2.0
1.1.1
1.1.0
1.0.1
1.0.0
Using 1.7
Use --version to specify a different version.
Using url https://pypi.python.org/packages/source/h/hexagonit.recipe.download/hexagonit.recipe.download-1.7.tar.gz (26 KB) for hexagonit.recipe.download.
Downloading hexagonit.recipe.download
Using cached download
Unpacking hexagonit.recipe.download...
done
working in /tmp/tmpKqr3yfconda_skeleton_hexagonit.recipe.download-1.7.tar.gz
Fetching package metadata: ......

WARNING: conda-build appears to be out of date. You have version 1.13.0 but the
latest version is 1.14.1. Run

conda update -n root conda-build

to get the latest version.

Solving package specifications: .patching file core.py
Hunk #1 succeeded at 168 with fuzz 2 (offset 2 lines).

Applying patch: '/tmp/tmpKqr3yfconda_skeleton_hexagonit.recipe.download-1.7.tar.gz/pypi-distutils.patch'
Writing recipe for hexagonit.recipe.download
Done
