Warning, the following versions were found for hgtools
6.3
6.2.1
6.2
6.1.1
6.1
6.0
5.3
5.2
5.1
5.0.1
5.0
4.0
3.0.2
3.0.1
2.2.3
2.2.2
2.2.2b3
2.2.2b2
2.2.2b1
2.2.1
2.1
2.0.3
2.0.2
2.0.1
2.0.1b1
2.0
2.0b3
2.0b2
2.0b1
1.2.1
1.2
1.1.6
1.1.5
1.1.4
1.1.3
1.1.2
1.1.1
1.1
1.0.1
1.0.1dev
1.0
Using 6.3
Use --version to specify a different version.
Using url https://pypi.python.org/packages/source/h/hgtools/hgtools-6.3.zip (39 KB) for hgtools.
Downloading hgtools
Using cached download
Unpacking hgtools...
done
working in /tmp/tmpx_EUaUconda_skeleton_hgtools-6.3.zip
Fetching package metadata: ......

WARNING: conda-build appears to be out of date. You have version 1.13.0 but the
latest version is 1.14.1. Run

conda update -n root conda-build

to get the latest version.

Solving package specifications: .patching file core.py
Hunk #1 succeeded at 168 with fuzz 2 (offset 2 lines).

The following NEW packages will be INSTALLED:

    numpy:  1.9.2-py27_0
    pyyaml: 3.11-py27_1 
    yaml:   0.1.6-0     

Linking packages ...
[                    ]|                                                  |   0%[yaml                ]|                                                  |   0%[numpy               ]|################                                  |  33%[pyyaml              ]|#################################                 |  66%[      COMPLETE      ]|##################################################| 100%
Applying patch: '/tmp/tmpx_EUaUconda_skeleton_hgtools-6.3.zip/pypi-distutils.patch'
Writing recipe for hgtools
Done
