Error: prefix already exists: /home/ubuntu/miniconda/envs/_pipbuild_
Collecting html2text==2015.6.21
  Could not find a version that satisfies the requirement html2text==2015.6.21 (from versions: 2.35, 2.37, 2.38, 3.1, 3.2, 3.101, 3.200.0, 3.200.1, 3.200.2, 3.200.3, 2014.4.5, 2014.7.3, 2014.9.7, 2014.9.8, 2014.9.25, 2014.12.5, 2014.12.24, 2014.12.29, 2015.2.18, 2015.4.13, 2015.4.14)
No matching distribution found for html2text==2015.6.21
Package search: {'_pypi_ordering': False, 'version': '2015.6.21', 'name': 'html2text', 'summary': 'Turn HTML into equivalent Markdown-structured text.'}
Creating standard recipe for html2text-2015.6.21
Using url https://pypi.python.org/packages/source/h/html2text/html2text-2015.6.21.tar.gz (41 KB) for html2text.
Downloading html2text
Unpacking html2text...
done
working in /tmp/tmp4Azgk6conda_skeleton_html2text-2015.6.21.tar.gz
Fetching package metadata: ......

WARNING: conda-build appears to be out of date. You have version 1.13.0 but the
latest version is 1.14.0. Run

conda update -n root conda-build

to get the latest version.

Solving package specifications: .patching file core.py
Hunk #1 succeeded at 168 with fuzz 2 (offset 2 lines).
Traceback (most recent call last):
  File "setup.py", line 3, in <module>
    from setuptools import setup, Command, find_packages
ImportError: No module named setuptools

Applying patch: '/tmp/tmp4Azgk6conda_skeleton_html2text-2015.6.21.tar.gz/pypi-distutils.patch'
$PYTHONPATH = /tmp/tmp4Azgk6conda_skeleton_html2text-2015.6.21.tar.gz/html2text-2015.6.21
Error: command failed: /home/ubuntu/miniconda/envs/_build/bin/python setup.py install

conda create -n _pipbuild_ --yes python pip
/home/ubuntu/miniconda/envs/_pipbuild_/bin/pip install html2text==2015.6.21
Error: Could not pip install html2text==2015.6.21
