Error: prefix already exists: /home/ubuntu/miniconda/envs/_pipbuild_
Collecting httmock==1.2.3
  Downloading http://localhost/packages/source/h/httmock/httmock-1.2.3.tar.gz
setuptools must be installed to install from a source distribution
Package search: {'_pypi_ordering': False, 'version': '1.2.3', 'name': 'httmock', 'summary': 'A mocking library for requests.'}
Creating standard recipe for httmock-1.2.3
Using url https://pypi.python.org/packages/source/h/httmock/httmock-1.2.3.tar.gz (4 KB) for httmock.
Downloading httmock
Using cached download
Unpacking httmock...
done
working in /tmp/tmpRpV_XZconda_skeleton_httmock-1.2.3.tar.gz
Fetching package metadata: ......

WARNING: conda-build appears to be out of date. You have version 1.13.0 but the
latest version is 1.14.0. Run

conda update -n root conda-build

to get the latest version.

Solving package specifications: .patching file core.py
Hunk #1 succeeded at 168 with fuzz 2 (offset 2 lines).
Traceback (most recent call last):
  File "setup.py", line 3, in <module>
    from setuptools import setup
ImportError: No module named setuptools

Applying patch: '/tmp/tmpRpV_XZconda_skeleton_httmock-1.2.3.tar.gz/pypi-distutils.patch'
$PYTHONPATH = /tmp/tmpRpV_XZconda_skeleton_httmock-1.2.3.tar.gz/httmock-1.2.3
Error: command failed: /home/ubuntu/miniconda/envs/_build/bin/python setup.py install

conda create -n _pipbuild_ --yes python pip
/home/ubuntu/miniconda/envs/_pipbuild_/bin/pip install httmock==1.2.3
Error: Could not pip install httmock==1.2.3
