Warning, the following versions were found for httmock
1.2.3
1.2.2
1.2.1
1.2
1.1.1
1.1
1.0.7
1.0.6
1.0.5
1.0.4
1.0.3
1.0.2
1.0.1
1.0
Using 1.2.3
Use --version to specify a different version.
Using url https://pypi.python.org/packages/source/h/httmock/httmock-1.2.3.tar.gz (4 KB) for httmock.
Downloading httmock
Using cached download
Unpacking httmock...
done
working in /tmp/tmphYdIZgconda_skeleton_httmock-1.2.3.tar.gz
Fetching package metadata: ......

WARNING: conda-build appears to be out of date. You have version 1.13.0 but the
latest version is 1.14.1. Run

conda update -n root conda-build

to get the latest version.

Solving package specifications: .patching file core.py
Hunk #1 succeeded at 168 with fuzz 2 (offset 2 lines).

The following NEW packages will be INSTALLED:

    numpy:  1.9.2-py27_0
    pyyaml: 3.11-py27_1 
    yaml:   0.1.6-0     

Linking packages ...
[                    ]|                                                  |   0%[yaml                ]|                                                  |   0%[numpy               ]|################                                  |  33%[pyyaml              ]|#################################                 |  66%[      COMPLETE      ]|##################################################| 100%
Applying patch: '/tmp/tmphYdIZgconda_skeleton_httmock-1.2.3.tar.gz/pypi-distutils.patch'
Writing recipe for httmock
Done
