Error: prefix already exists: /home/ubuntu/miniconda/envs/_pipbuild_
Collecting httpretty==0.8.10
  Could not find a version that satisfies the requirement httpretty==0.8.10 (from versions: 0.1, 0.2, 0.3, 0.4, 0.5, 0.5.1, 0.5.2, 0.5.3, 0.5.4, 0.5.5, 0.5.6, 0.5.7, 0.5.8, 0.5.9, 0.5.10, 0.5.11, 0.5.12, 0.5.13, 0.5.14, 0.6.0, 0.6.1, 0.6.2, 0.6.3, 0.6.4, 0.6.5, 0.7.0, 0.7.1, 0.8.0, 0.8.1, 0.8.2, 0.8.3, 0.8.4, 0.8.5, 0.8.6, 0.8.7, 0.8.8, 0.8.9)
No matching distribution found for httpretty==0.8.10
Package search: {'_pypi_ordering': False, 'version': '0.8.10', 'name': 'httpretty', 'summary': 'HTTP client mock for Python'}
Creating standard recipe for httpretty-0.8.10
Using url https://pypi.python.org/packages/source/h/httpretty/httpretty-0.8.10.tar.gz (41 KB) for httpretty.
Downloading httpretty
Using cached download
Unpacking httpretty...
done
working in /tmp/tmpyahIQUconda_skeleton_httpretty-0.8.10.tar.gz
Fetching package metadata: ......

WARNING: conda-build appears to be out of date. You have version 1.13.0 but the
latest version is 1.14.1. Run

conda update -n root conda-build

to get the latest version.

Solving package specifications: .patching file core.py
Hunk #1 succeeded at 168 with fuzz 2 (offset 2 lines).
An unexpected error has occurred, please consider sending the
following traceback to the conda GitHub issue tracker at:

    https://github.com/conda/conda-build/issues

Include the output of the command 'conda info' in your report.



Applying patch: '/tmp/tmpyahIQUconda_skeleton_httpretty-0.8.10.tar.gz/pypi-distutils.patch'
Traceback (most recent call last):
  File "/home/ubuntu/miniconda/bin/conda-skeleton", line 6, in <module>
    exec(compile(open(__file__).read(), __file__, 'exec'))
  File "/home/ubuntu/conda-build/bin/conda-skeleton", line 5, in <module>
    sys.exit(main())
  File "/home/ubuntu/conda-build/conda_build/main_skeleton.py", line 240, in main
    args_func(args, p)
  File "/home/ubuntu/conda-build/conda_build/main_build.py", line 349, in args_func
    args.func(args, p)
  File "/home/ubuntu/conda-build/conda_build/main_skeleton.py", line 254, in execute
    pypi.main(args, parser)
  File "/home/ubuntu/conda-build/conda_build/pypi.py", line 387, in main
    get_package_metadata(args, package, d, data)
  File "/home/ubuntu/conda-build/conda_build/pypi.py", line 623, in get_package_metadata
    in pkginfo['tests_require']]))
  File "/home/ubuntu/miniconda/lib/python2.7/site-packages/conda/cli/common.py", line 438, in spec_from_line
    m = spec_pat.match(strip_comment(line))
  File "/home/ubuntu/miniconda/lib/python2.7/site-packages/conda/cli/common.py", line 435, in strip_comment
    return line.split('#')[0].rstrip()
AttributeError: 'list' object has no attribute 'split'

conda create -n _pipbuild_ --yes python pip
/home/ubuntu/miniconda/envs/_pipbuild_/bin/pip install httpretty==0.8.10
Error: Could not pip install httpretty==0.8.10
