Error: prefix already exists: /home/ubuntu/miniconda/envs/_pipbuild_
Collecting http-parser==0.8.3
  Downloading http://localhost/packages/source/h/http-parser/http-parser-0.8.3.tar.gz (83kB)
setuptools must be installed to install from a source distribution
Package search: {'_pypi_ordering': False, 'version': '0.8.3', 'name': 'http-parser', 'summary': 'http request/response parser'}
Creating standard recipe for http-parser-0.8.3
Using url https://pypi.python.org/packages/source/h/http-parser/http-parser-0.8.3.tar.gz (81 KB) for http-parser.
Downloading http-parser
Using cached download
Unpacking http-parser...
done
working in /tmp/tmpc2I_zHconda_skeleton_http-parser-0.8.3.tar.gz
Fetching package metadata: ......

WARNING: conda-build appears to be out of date. You have version 1.13.0 but the
latest version is 1.14.0. Run

conda update -n root conda-build

to get the latest version.

Solving package specifications: .patching file core.py
Hunk #1 succeeded at 168 with fuzz 2 (offset 2 lines).
Traceback (most recent call last):
  File "setup.py", line 19, in <module>
    from setuptools import setup, find_packages, Extension, Feature
ImportError: No module named setuptools

Applying patch: '/tmp/tmpc2I_zHconda_skeleton_http-parser-0.8.3.tar.gz/pypi-distutils.patch'
$PYTHONPATH = /tmp/tmpc2I_zHconda_skeleton_http-parser-0.8.3.tar.gz/http-parser-0.8.3
Error: command failed: /home/ubuntu/miniconda/envs/_build/bin/python setup.py install

conda create -n _pipbuild_ --yes python pip
/home/ubuntu/miniconda/envs/_pipbuild_/bin/pip install http-parser==0.8.3
Error: Could not pip install http-parser==0.8.3
