Warning, the following versions were found for hwrt
0.1.221
0.1.220
0.1.219
0.1.218
0.1.217
0.1.216
0.1.215
0.1.214
0.1.213
0.1.211
0.1.210
0.1.209
0.1.208
0.1.207
0.1.206
0.1.205
0.1.204
0.1.203
0.1.202
0.1.201
0.1.200
0.1.199
0.1.198
0.1.197
0.1.196
0.1.195
0.1.194
0.1.193
0.1.192
0.1.191
0.1.190
0.1.189
0.1.188
0.1.187
0.1.186
0.1.185
0.1.184
0.1.183
0.1.182
0.1.181
0.1.180
0.1.179
0.1.178
0.1.177
0.1.176
0.1.175
0.1.174
0.1.173
0.1.172
0.1.171
0.1.170
0.1.169
0.1.168
0.1.167
0.1.166
0.1.165
0.1.164
0.1.163
0.1.162
0.1.161
0.1.160
0.1.159
0.1.158
0.1.157
0.1.156
0.1.155
0.1.154
0.1.153
0.1.152
0.1.151
0.1.150
0.1.149
0.1.148
0.1.147
0.1.146
0.1.145
0.1.144
0.1.143
0.1.142
0.1.141
0.1.140
0.1.139
0.1.138
0.1.137
0.1.136
0.1.135
0.1.134
0.1.133
0.1.132
0.1.131
0.1.130
0.1.129
0.1.128
0.1.127
0.1.126
0.1.125
0.1.124
0.1.123
0.1.122
0.1.121
0.1.120
0.1.119
0.1.118
0.1.117
0.1.116
0.1.115
0.1.114
0.1.113
0.1.112
0.1.111
0.1.110
0.1.109
0.1.108
0.1.107
0.1.106
0.1.105
0.1.104
0.1.103
0.1.102
0.1.101
0.1.100
0.1.99
0.1.98
0.1.97
0.1.96
0.1.95
0.1.94
0.1.93
0.1.92
0.1.91
0.1.90
0.1.89
0.1.88
0.1.87
0.1.86
0.1.85
0.1.84
0.1.83
0.1.82
0.1.81
0.1.80
0.1.79
0.1.78
0.1.77
0.1.76
0.1.75
0.1.74
0.1.73
0.1.72
0.1.71
0.1.70
0.1.69
0.1.68
0.1.67
0.1.66
0.1.65
0.1.64
0.1.63
0.1.62
0.1.61
0.1.60
0.1.59
0.1.58
0.1.57
0.1.56
0.1.55
0.1.54
0.1.53
0.1.52
0.1.51
0.1.50
0.1.49
0.1.48
0.1.47
0.1.46
0.1.45
0.1.44
0.1.43
0.1.42
0.1.41
0.1.40
0.1.39
0.1.38
0.1.37
0.1.36
0.1.35
0.1.34
0.1.33
0.1.32
0.1.31
0.1.30
0.1.29
0.1.28
0.1.27
0.1.26
0.1.25
0.1.24
0.1.23
0.1.22
0.1.21
0.1.20
0.1.19
0.1.18
0.1.17
0.1.16
0.1.15
0.1.14
0.1.13
0.1.12
0.1.11
0.1.10
0.1.9
0.1.8
0.1.7
0.1.6
0.1.5
0.1.4
0.1.3
0.1.2
0.1.1
0.1
Using 0.1.221
Use --version to specify a different version.
Using url https://pypi.python.org/packages/source/h/hwrt/hwrt-0.1.221.tar.gz (2.2 MB) for hwrt.
Downloading hwrt
Using cached download
Unpacking hwrt...
done
working in /tmp/tmpkytj57conda_skeleton_hwrt-0.1.221.tar.gz
Fetching package metadata: ......

WARNING: conda-build appears to be out of date. You have version 1.13.0 but the
latest version is 1.14.1. Run

conda update -n root conda-build

to get the latest version.

Solving package specifications: .patching file core.py
Hunk #1 succeeded at 168 with fuzz 2 (offset 2 lines).

WARNING: conda-build appears to be out of date. You have version 1.13.0 but the
latest version is 1.14.1. Run

conda update -n root conda-build

to get the latest version.


Applying patch: '/tmp/tmpkytj57conda_skeleton_hwrt-0.1.221.tar.gz/pypi-distutils.patch'
flask-bootstrap not found, trying Flask-Bootstrap
Warning, the following versions were found for Flask-Bootstrap
3.3.5.2
3.3.5.1
3.3.4.1
3.3.2.1
3.3.0.1
3.2.0.2
3.2.0.1
3.1.1.2
3.1.1.1
3.1.0.1
3.0.3.1
3.0.2.3
3.0.2.2
3.0.2.1
3.0.0.1
3.0.0.1.dev2
3.0.0.1.dev1
2.3.2.2
2.3.2.1
2.3.1-1
2.3.0-2
2.3.0-1
2.2.2-1
2.2.1-1
2.1.1-1
2.1.0-1
2.0.4-3
2.0.4-2
Using 3.3.5.2
Use --version to specify a different version.
Using url https://pypi.python.org/packages/source/F/Flask-Bootstrap/Flask-Bootstrap-3.3.5.2.tar.gz (438 KB) for Flask-Bootstrap.
Downloading Flask-Bootstrap
Using cached download
Unpacking Flask-Bootstrap...
done
working in /tmp/tmpxiDA6econda_skeleton_Flask-Bootstrap-3.3.5.2.tar.gz
Solving package specifications: .patching file core.py
Hunk #1 succeeded at 168 with fuzz 2 (offset 2 lines).

WARNING: conda-build appears to be out of date. You have version 1.13.0 but the
latest version is 1.14.1. Run

conda update -n root conda-build

to get the latest version.


Applying patch: '/tmp/tmpxiDA6econda_skeleton_Flask-Bootstrap-3.3.5.2.tar.gz/pypi-distutils.patch'
Warning, the following versions were found for h5py
2.5.0
2.4.0
2.4.0b1
2.3.1
2.3.0
2.3.0b1
2.2.1
2.2.0
2.1.1
2.0.0
1.3.0
1.2.1
1.2.0
1.1.0
1.0.0
1.3.0.dev-r634
Using 2.5.0
Use --version to specify a different version.
Using url https://pypi.python.org/packages/source/h/h5py/h5py-2.5.0.tar.gz (668 KB) for h5py.
Downloading h5py
Using cached download
Unpacking h5py...
done
working in /tmp/tmpTEVD8_conda_skeleton_h5py-2.5.0.tar.gz
Solving package specifications: .patching file core.py
Hunk #1 succeeded at 168 with fuzz 2 (offset 2 lines).

WARNING: conda-build appears to be out of date. You have version 1.13.0 but the
latest version is 1.14.1. Run

conda update -n root conda-build

to get the latest version.


Applying patch: '/tmp/tmpTEVD8_conda_skeleton_h5py-2.5.0.tar.gz/pypi-distutils.patch'
Warning, the following versions were found for numpy
1.9.2
1.9.1
1.9.0
1.8.2
1.8.1
1.8.0
1.7.2
1.7.1
1.7.0
1.6.2
1.6.1
1.6.0
1.5.1
1.5.0
1.4.1
1.4.0
1.3.0
1.2.1
1.2.0
1.1.1
1.0.4
1.0.3
1.0
1.0rc3
1.0rc2
1.0rc1
1.0b5
1.0b4
1.0b1
0.9.8
0.9.6
Using 1.9.2
Use --version to specify a different version.
Using url https://pypi.python.org/packages/source/n/numpy/numpy-1.9.2.tar.gz (3.8 MB) for numpy.
Downloading numpy
Using cached download
Unpacking numpy...
done
working in /tmp/tmpO_xi8Dconda_skeleton_numpy-1.9.2.tar.gz
Solving package specifications: .patching file core.py
Hunk #1 succeeded at 168 with fuzz 2 (offset 2 lines).
Running from numpy source directory.
Traceback (most recent call last):
  File "setup.py", line 251, in <module>
    setup_package()
  File "setup.py", line 243, in setup_package
    setup(**metadata)
  File "/tmp/tmpO_xi8Dconda_skeleton_numpy-1.9.2.tar.gz/numpy-1.9.2/numpy/distutils/core.py", line 130, in setup
    if dist.help or not _command_line_ok():
AttributeError: 'NoneType' object has no attribute 'help'

Applying patch: '/tmp/tmpO_xi8Dconda_skeleton_numpy-1.9.2.tar.gz/pypi-distutils.patch'
$PYTHONPATH = /tmp/tmpO_xi8Dconda_skeleton_numpy-1.9.2.tar.gz/numpy-1.9.2
Error: command failed: /home/ubuntu/miniconda/envs/_build/bin/python setup.py install
