Removing old build directory
Removing old work directory
BUILD START: ibm_db-2.0.5.1-py_0
Fetching package metadata: ......

WARNING: conda-build appears to be out of date. You have version 1.13.0 but the
latest version is 1.14.1. Run

conda update -n root conda-build

to get the latest version.

Solving package specifications: .+ pip install ibm_db
Collecting ibm-db
  Downloading http://localhost/packages/source/i/ibm_db/ibm_db-2.0.5.1.tar.gz (460kB)
Installing collected packages: ibm-db
  Running setup.py install for ibm-db
Successfully installed ibm-db-2.0.5.1

The following NEW packages will be INSTALLED:

    openssl:    1.0.1k-1     
    pip:        7.0.3-py27_0 
    python:     2.7.10-0     
    readline:   6.2-2        
    setuptools: 18.0.1-py27_0
    sqlite:     3.8.4.1-1    
    system:     5.8-2        
    tk:         8.5.18-0     
    zlib:       1.2.8-0      

Linking packages ...
[                    ]|                                                  |   0%[openssl             ]|                                                  |   0%[readline            ]|#####                                             |  11%[sqlite              ]|###########                                       |  22%[system              ]|################                                  |  33%[tk                  ]|######################                            |  44%[zlib                ]|###########################                       |  55%[python              ]|#################################                 |  66%[setuptools          ]|######################################            |  77%[pip                 ]|############################################      |  88%[      COMPLETE      ]|##################################################| 100%
Removing old work directory
Copying /home/ubuntu/pypi-conda-builds/ibm_db to /home/ubuntu/miniconda/conda-bld/work
Package: ibm_db-2.0.5.1-py_0
source tree in: /home/ubuntu/miniconda/conda-bld/work
number of files: 452
Fixing permissions
patchelf: file: /home/ubuntu/miniconda/envs/_build/lib/python2.7/site-packages/clidriver/adm/db2drdat
    setting rpath to: $ORIGIN/../../../..
patchelf: file: /home/ubuntu/miniconda/envs/_build/lib/python2.7/site-packages/clidriver/adm/db2trc
    setting rpath to: $ORIGIN/../../../..
patchelf: file: /home/ubuntu/miniconda/envs/_build/lib/python2.7/site-packages/clidriver/bin/db2cli
    setting rpath to: $ORIGIN/../../../..
patchelf: file: /home/ubuntu/miniconda/envs/_build/lib/python2.7/site-packages/clidriver/bin/db2diag
    setting rpath to: $ORIGIN/../../../..
patchelf: file: /home/ubuntu/miniconda/envs/_build/lib/python2.7/site-packages/clidriver/bin/db2dsdcfgfill
    setting rpath to: $ORIGIN/../../../..
patchelf: file: /home/ubuntu/miniconda/envs/_build/lib/python2.7/site-packages/clidriver/bin/db2ldcfg
    setting rpath to: $ORIGIN/../../../..
patchelf: file: /home/ubuntu/miniconda/envs/_build/lib/python2.7/site-packages/clidriver/bin/db2lddrg
    setting rpath to: $ORIGIN/../../../..
patchelf: file: /home/ubuntu/miniconda/envs/_build/lib/python2.7/site-packages/clidriver/bin/db2level
    setting rpath to: $ORIGIN/../../../..
patchelf: file: /home/ubuntu/miniconda/envs/_build/lib/python2.7/site-packages/clidriver/bin/db2support
    setting rpath to: $ORIGIN/../../../..
patchelf: file: /home/ubuntu/miniconda/envs/_build/lib/python2.7/site-packages/clidriver/lib/icc/C/icc/icclib/libicclib082.so
    setting rpath to: $ORIGIN/../../../../../../../..
patchelf: file: /home/ubuntu/miniconda/envs/_build/lib/python2.7/site-packages/clidriver/lib/icc/C/icc/osslib/libcryptoIBM082.so.1.0.1
    setting rpath to: $ORIGIN/../../../../../../../..
patchelf: file: /home/ubuntu/miniconda/envs/_build/lib/python2.7/site-packages/clidriver/lib/icc/N/icc/icclib/libicclib083.so
    setting rpath to: $ORIGIN/../../../../../../../..
patchelf: file: /home/ubuntu/miniconda/envs/_build/lib/python2.7/site-packages/clidriver/lib/icc/N/icc/osslib/libcryptoIBM083.so.1.0.1
    setting rpath to: $ORIGIN/../../../../../../../..
patchelf: file: /home/ubuntu/miniconda/envs/_build/lib/python2.7/site-packages/clidriver/lib/icc/libgsk8cms_64.so
    setting rpath to: $ORIGIN/../../../../..
patchelf: file: /home/ubuntu/miniconda/envs/_build/lib/python2.7/site-packages/clidriver/lib/icc/libgsk8dbfl_64.so
    setting rpath to: $ORIGIN/../../../../..
patchelf: file: /home/ubuntu/miniconda/envs/_build/lib/python2.7/site-packages/clidriver/lib/icc/libgsk8iccs_64.so
    setting rpath to: $ORIGIN/../../../../..
patchelf: file: /home/ubuntu/miniconda/envs/_build/lib/python2.7/site-packages/clidriver/lib/icc/libgsk8kicc_64.so
    setting rpath to: $ORIGIN/../../../../..
patchelf: file: /home/ubuntu/miniconda/envs/_build/lib/python2.7/site-packages/clidriver/lib/icc/libgsk8km_64.so
    setting rpath to: $ORIGIN/../../../../..
patchelf: file: /home/ubuntu/miniconda/envs/_build/lib/python2.7/site-packages/clidriver/lib/icc/libgsk8ssl_64.so
    setting rpath to: $ORIGIN/../../../../..
patchelf: file: /home/ubuntu/miniconda/envs/_build/lib/python2.7/site-packages/clidriver/lib/icc/libgsk8sys_64.so
    setting rpath to: $ORIGIN/../../../../..
patchelf: file: /home/ubuntu/miniconda/envs/_build/lib/python2.7/site-packages/clidriver/lib/icc/libgsk8valn_64.so
    setting rpath to: $ORIGIN/../../../../..
patchelf: file: /home/ubuntu/miniconda/envs/_build/lib/python2.7/site-packages/clidriver/lib/libDB2xml4c.so
    setting rpath to: $ORIGIN/../../../..
patchelf: file: /home/ubuntu/miniconda/envs/_build/lib/python2.7/site-packages/clidriver/lib/libDB2xml4c.so.58
    setting rpath to: $ORIGIN/../../../..
patchelf: file: /home/ubuntu/miniconda/envs/_build/lib/python2.7/site-packages/clidriver/lib/libDB2xml4c.so.58.0
    setting rpath to: $ORIGIN/../../../..
patchelf: file: /home/ubuntu/miniconda/envs/_build/lib/python2.7/site-packages/clidriver/lib/libdb2.so
    setting rpath to: $ORIGIN/../../../..
patchelf: file: /home/ubuntu/miniconda/envs/_build/lib/python2.7/site-packages/clidriver/lib/libdb2.so.1
    setting rpath to: $ORIGIN/../../../..
patchelf: file: /home/ubuntu/miniconda/envs/_build/lib/python2.7/site-packages/clidriver/lib/libdb2clixml4c.so
    setting rpath to: $ORIGIN/../../../..
patchelf: file: /home/ubuntu/miniconda/envs/_build/lib/python2.7/site-packages/clidriver/lib/libdb2clixml4c.so.1
    setting rpath to: $ORIGIN/../../../..
patchelf: file: /home/ubuntu/miniconda/envs/_build/lib/python2.7/site-packages/ibm_db.so
    setting rpath to: $ORIGIN/../..
[noarch_python] Error: Don't know how to handle file: CHANGES
Package search: {'_pypi_ordering': False, 'version': '2.0.5.1', 'name': 'ibm_db', 'summary': 'Python DBI driver for DB2 (LUW, zOS, i5) and IDS'}
Creating standard recipe for ibm_db-2.0.5.1
Converting recipe in /home/ubuntu/pypi-conda-builds/ibm_db
package = ibm_db
   dependencies = []
Building conda package for ibm_db
