Error: prefix already exists: /home/ubuntu/miniconda/envs/_pipbuild_
Collecting icalendar==3.9.0
  Downloading http://localhost/packages/source/i/icalendar/icalendar-3.9.0.tar.gz (62kB)
setuptools must be installed to install from a source distribution
Package search: {'_pypi_ordering': False, 'version': '3.9.0', 'name': 'icalendar', 'summary': 'iCalendar parser/generator'}
Creating standard recipe for icalendar-3.9.0
Using url https://pypi.python.org/packages/source/i/icalendar/icalendar-3.9.0.tar.gz (61 KB) for icalendar.
Downloading icalendar
Using cached download
Unpacking icalendar...
done
working in /tmp/tmpmfLR_Rconda_skeleton_icalendar-3.9.0.tar.gz
Fetching package metadata: ......

WARNING: conda-build appears to be out of date. You have version 1.13.0 but the
latest version is 1.14.0. Run

conda update -n root conda-build

to get the latest version.

Solving package specifications: .patching file core.py
Hunk #1 succeeded at 168 with fuzz 2 (offset 2 lines).
Traceback (most recent call last):
  File "setup.py", line 2, in <module>
    import setuptools
ImportError: No module named setuptools

Applying patch: '/tmp/tmpmfLR_Rconda_skeleton_icalendar-3.9.0.tar.gz/pypi-distutils.patch'
$PYTHONPATH = /tmp/tmpmfLR_Rconda_skeleton_icalendar-3.9.0.tar.gz/icalendar-3.9.0
Error: command failed: /home/ubuntu/miniconda/envs/_build/bin/python setup.py install

conda create -n _pipbuild_ --yes python pip
/home/ubuntu/miniconda/envs/_pipbuild_/bin/pip install icalendar==3.9.0
Error: Could not pip install icalendar==3.9.0
