Error: prefix already exists: /home/ubuntu/miniconda/envs/_pipbuild_
Collecting inflection==0.3.1
  Downloading http://localhost/packages/source/i/inflection/inflection-0.3.1.tar.gz
setuptools must be installed to install from a source distribution
Package search: {'_pypi_ordering': False, 'version': '0.3.1', 'name': 'inflection', 'summary': 'A port of Ruby on Rails inflector to Python'}
Creating standard recipe for inflection-0.3.1
Using url https://pypi.python.org/packages/source/i/inflection/inflection-0.3.1.tar.gz (9 KB) for inflection.
Downloading inflection
Using cached download
Unpacking inflection...
done
working in /tmp/tmpAs7Cbnconda_skeleton_inflection-0.3.1.tar.gz
Fetching package metadata: ......

WARNING: conda-build appears to be out of date. You have version 1.13.0 but the
latest version is 1.14.0. Run

conda update -n root conda-build

to get the latest version.

Solving package specifications: .patching file core.py
Hunk #1 succeeded at 168 with fuzz 2 (offset 2 lines).
Traceback (most recent call last):
  File "setup.py", line 4, in <module>
    from setuptools import setup
ImportError: No module named setuptools

The following NEW packages will be INSTALLED:

    numpy:  1.9.2-py27_0
    pyyaml: 3.11-py27_1 
    yaml:   0.1.6-0     

Linking packages ...
[                    ]|                                                  |   0%[yaml                ]|                                                  |   0%[numpy               ]|################                                  |  33%[pyyaml              ]|#################################                 |  66%[      COMPLETE      ]|##################################################| 100%
Applying patch: '/tmp/tmpAs7Cbnconda_skeleton_inflection-0.3.1.tar.gz/pypi-distutils.patch'
$PYTHONPATH = /tmp/tmpAs7Cbnconda_skeleton_inflection-0.3.1.tar.gz/inflection-0.3.1
Error: command failed: /home/ubuntu/miniconda/envs/_build/bin/python setup.py install

conda create -n _pipbuild_ --yes python pip
/home/ubuntu/miniconda/envs/_pipbuild_/bin/pip install inflection==0.3.1
Error: Could not pip install inflection==0.3.1
