Removing old build directory
Removing old work directory
BUILD START: informixdb-2.5-py_0
Fetching package metadata: ......

WARNING: conda-build appears to be out of date. You have version 1.13.0 but the
latest version is 1.14.1. Run

conda update -n root conda-build

to get the latest version.

Solving package specifications: .+ pip install InformixDB
Collecting InformixDB
  Downloading http://localhost/packages/source/I/InformixDB/InformixDB-2.5.tar.gz (85kB)
    Complete output from command python setup.py egg_info:
    running egg_info
    creating pip-egg-info/InformixDB.egg-info
    writing pip-egg-info/InformixDB.egg-info/PKG-INFO
    writing top-level names to pip-egg-info/InformixDB.egg-info/top_level.txt
    writing dependency_links to pip-egg-info/InformixDB.egg-info/dependency_links.txt
    writing manifest file 'pip-egg-info/InformixDB.egg-info/SOURCES.txt'
    warning: manifest_maker: standard file '-c' not found
    
    sh: 1: /usr/informix/bin/esql: not found
    sh: 1: /usr/informix/bin/esql: not found
    error:
    Can't find esql. Please set INFORMIXDIR correctly.
    
    ----------------------------------------
Command "python setup.py egg_info" failed with error code 1 in /tmp/pip-build-3GFBnf/InformixDB

The following NEW packages will be INSTALLED:

    openssl:    1.0.1k-1     
    pip:        7.0.3-py27_0 
    python:     2.7.10-0     
    readline:   6.2-2        
    setuptools: 18.0.1-py27_0
    sqlite:     3.8.4.1-1    
    system:     5.8-2        
    tk:         8.5.18-0     
    zlib:       1.2.8-0      

Linking packages ...
[                    ]|                                                  |   0%[openssl             ]|                                                  |   0%[readline            ]|#####                                             |  11%[sqlite              ]|###########                                       |  22%[system              ]|################                                  |  33%[tk                  ]|######################                            |  44%[zlib                ]|###########################                       |  55%[python              ]|#################################                 |  66%[setuptools          ]|######################################            |  77%[pip                 ]|############################################      |  88%[      COMPLETE      ]|##################################################| 100%
Removing old work directory
Copying /home/ubuntu/pypi-conda-builds/informixdb to /home/ubuntu/miniconda/conda-bld/work
Package: informixdb-2.5-py_0
source tree in: /home/ubuntu/miniconda/conda-bld/work
Command failed: /bin/bash -x -e /home/ubuntu/pypi-conda-builds/informixdb/build.sh
Package search: {'_pypi_ordering': False, 'version': '2.5', 'name': 'InformixDB', 'summary': 'InformixDB v2.5'}
Creating standard recipe for informixdb-2.5
Converting recipe in /home/ubuntu/pypi-conda-builds/informixdb
package = InformixDB
   dependencies = []
Building conda package for informixdb
