informixdb not found, trying InformixDB
Warning, the following versions were found for InformixDB
2.5
2.4
2.3
2.2
2.1
Using 2.5
Use --version to specify a different version.
Using url https://pypi.python.org/packages/source/I/InformixDB/InformixDB-2.5.tar.gz (84 KB) for InformixDB.
Downloading InformixDB
Using cached download
Unpacking InformixDB...
done
working in /tmp/tmprv_pG1conda_skeleton_InformixDB-2.5.tar.gz
Fetching package metadata: ......

WARNING: conda-build appears to be out of date. You have version 1.13.0 but the
latest version is 1.14.1. Run

conda update -n root conda-build

to get the latest version.

Solving package specifications: .patching file core.py
Hunk #1 succeeded at 168 with fuzz 2 (offset 2 lines).

The following NEW packages will be INSTALLED:

    numpy:  1.9.2-py27_0
    pyyaml: 3.11-py27_1 
    yaml:   0.1.6-0     

Linking packages ...
[                    ]|                                                  |   0%[yaml                ]|                                                  |   0%[numpy               ]|################                                  |  33%[pyyaml              ]|#################################                 |  66%[      COMPLETE      ]|##################################################| 100%
Applying patch: '/tmp/tmprv_pG1conda_skeleton_InformixDB-2.5.tar.gz/pypi-distutils.patch'
Writing recipe for informixdb
Done
