Warning, the following versions were found for ipdb
0.8.1
0.8
0.7.1
0.7
0.6.1
0.6
0.5
0.4
0.3
0.2
0.1
0.1dev-r1716
0.1dev-r1714
0.1dev-r1713
0.1dev-r1556
Using 0.8.1
Use --version to specify a different version.
Using url https://pypi.python.org/packages/source/i/ipdb/ipdb-0.8.1.zip (20 KB) for ipdb.
Downloading ipdb
Using cached download
Unpacking ipdb...
done
working in /tmp/tmpdjcYgwconda_skeleton_ipdb-0.8.1.zip
Fetching package metadata: ......

WARNING: conda-build appears to be out of date. You have version 1.13.0 but the
latest version is 1.14.1. Run

conda update -n root conda-build

to get the latest version.

Solving package specifications: .patching file core.py
Hunk #1 succeeded at 168 with fuzz 2 (offset 2 lines).

The following NEW packages will be INSTALLED:

    numpy:  1.9.2-py27_0
    pyyaml: 3.11-py27_1 
    yaml:   0.1.6-0     

Linking packages ...
[                    ]|                                                  |   0%[yaml                ]|                                                  |   0%[numpy               ]|################                                  |  33%[pyyaml              ]|#################################                 |  66%[      COMPLETE      ]|##################################################| 100%
Applying patch: '/tmp/tmpdjcYgwconda_skeleton_ipdb-0.8.1.zip/pypi-distutils.patch'
Writing recipe for ipdb
Done
