Warning, the following versions were found for iptools
0.6.1
0.6.0
0.5.0
0.4.0
0.3
Using 0.6.1
Use --version to specify a different version.
Using url https://pypi.python.org/packages/source/i/iptools/iptools-0.6.1.tar.gz (14 KB) for iptools.
Downloading iptools
Using cached download
Unpacking iptools...
done
working in /tmp/tmpV3N1LCconda_skeleton_iptools-0.6.1.tar.gz
Fetching package metadata: ......

WARNING: conda-build appears to be out of date. You have version 1.13.0 but the
latest version is 1.14.1. Run

conda update -n root conda-build

to get the latest version.

Solving package specifications: .patching file core.py
Hunk #1 succeeded at 168 with fuzz 2 (offset 2 lines).

Applying patch: '/tmp/tmpV3N1LCconda_skeleton_iptools-0.6.1.tar.gz/pypi-distutils.patch'
Writing recipe for iptools
Done
