Warning, the following versions were found for irc
12.3
12.2
12.1.4
12.1.3
12.1.2
12.1.1
12.1
12.0
11.1.1
11.1
11.0.1
11.0
10.1
10.0.1
10.0
9.0
8.9.1
8.9
8.8
8.7
8.6
8.5.4
8.5.3
8.5.2
8.5.1
8.5
8.4
8.3.2
8.3.1
8.3
8.2
8.1.2
8.1.1
8.1
8.0.1
8.0
7.1.2
7.1.1
7.1
7.0
6.0.1
6.0
5.1.1
5.1
5.0.1
5.0
4.0
3.6.1
3.6
3.5
3.4.2
3.4.1
3.4
3.3
3.2.3
3.2.2
3.2.1
3.2
3.1.1
3.1
3.0.2dev
3.0.1
3.0
2.0.4
2.0.3
2.0.2
2.0.1
2.0
1.1
1.0
0.9
0.8
0.7.1
0.7
0.7b6
0.7b5
0.7b4
0.7b3
0.7b2
0.7b1
0.6.1dev
Using 12.3
Use --version to specify a different version.
Using url https://pypi.python.org/packages/source/i/irc/irc-12.3.tar.gz (79 KB) for irc.
Downloading irc
Unpacking irc...
done
working in /tmp/tmprmt3ieconda_skeleton_irc-12.3.tar.gz
Fetching package metadata: ......

WARNING: conda-build appears to be out of date. You have version 1.13.0 but the
latest version is 1.14.1. Run

conda update -n root conda-build

to get the latest version.

Solving package specifications: .patching file core.py
Hunk #1 succeeded at 168 with fuzz 2 (offset 2 lines).

WARNING: conda-build appears to be out of date. You have version 1.13.0 but the
latest version is 1.14.1. Run

conda update -n root conda-build

to get the latest version.


Applying patch: '/tmp/tmprmt3ieconda_skeleton_irc-12.3.tar.gz/pypi-distutils.patch'
Warning, the following versions were found for jaraco.logging
1.2
1.1
1.0
Using 1.2
Use --version to specify a different version.
Using url https://pypi.python.org/packages/source/j/jaraco.logging/jaraco.logging-1.2.zip (7 KB) for jaraco.logging.
Downloading jaraco.logging
Using cached download
Unpacking jaraco.logging...
done
working in /tmp/tmpZeWek2conda_skeleton_jaraco.logging-1.2.zip
Solving package specifications: .patching file core.py
Hunk #1 succeeded at 168 with fuzz 2 (offset 2 lines).

WARNING: conda-build appears to be out of date. You have version 1.13.0 but the
latest version is 1.14.1. Run

conda update -n root conda-build

to get the latest version.


Applying patch: '/tmp/tmpZeWek2conda_skeleton_jaraco.logging-1.2.zip/pypi-distutils.patch'
Warning, the following versions were found for tempora
1.3
1.2
1.1
1.0
Using 1.3
Use --version to specify a different version.
Using url https://pypi.python.org/packages/source/t/tempora/tempora-1.3.zip (9 KB) for tempora.
Downloading tempora
tempora-1.3.zi   0% |                              | ETA:  --:--:--   0.00  B/stempora-1.3.zi 100% |###############################| ETA:  0:00:00  19.38 MB/stempora-1.3.zi 100% |###############################| Time: 0:00:00  12.54 MB/s
Unpacking tempora...
done
working in /tmp/tmpyavBMzconda_skeleton_tempora-1.3.zip
Solving package specifications: .patching file core.py
Hunk #1 succeeded at 168 with fuzz 2 (offset 2 lines).

WARNING: conda-build appears to be out of date. You have version 1.13.0 but the
latest version is 1.14.1. Run

conda update -n root conda-build

to get the latest version.


Applying patch: '/tmp/tmpyavBMzconda_skeleton_tempora-1.3.zip/pypi-distutils.patch'
Warning, the following versions were found for jaraco.itertools
1.3
1.2
1.1
1.0
Using 1.3
Use --version to specify a different version.
Using url https://pypi.python.org/packages/source/j/jaraco.itertools/jaraco.itertools-1.3.zip (12 KB) for jaraco.itertools.
Downloading jaraco.itertools
Using cached download
Unpacking jaraco.itertools...
done
working in /tmp/tmpQUMliRconda_skeleton_jaraco.itertools-1.3.zip
Solving package specifications: .patching file core.py
Hunk #1 succeeded at 168 with fuzz 2 (offset 2 lines).

Applying patch: '/tmp/tmpQUMliRconda_skeleton_jaraco.itertools-1.3.zip/pypi-distutils.patch'
Error: Could not find any versions of package more_itertools
