Removing old build directory
Removing old work directory
BUILD START: six-1.9.0-py27_0
Fetching package metadata: ......

WARNING: conda-build appears to be out of date. You have version 1.13.0 but the
latest version is 1.14.1. Run

conda update -n root conda-build

to get the latest version.

Solving package specifications: .+ pip install six
Collecting six
  Downloading http://localhost/packages/3.3/s/six/six-1.9.0-py2.py3-none-any.whl
Installing collected packages: six
Successfully installed six-1.9.0

The following NEW packages will be INSTALLED:

    openssl:    1.0.1k-1     
    pip:        7.0.3-py27_0 
    python:     2.7.10-0     
    readline:   6.2-2        
    setuptools: 18.0.1-py27_0
    sqlite:     3.8.4.1-1    
    system:     5.8-2        
    tk:         8.5.18-0     
    zlib:       1.2.8-0      

Linking packages ...
[                    ]|                                                  |   0%[openssl             ]|                                                  |   0%[readline            ]|#####                                             |  11%[sqlite              ]|###########                                       |  22%[system              ]|################                                  |  33%[tk                  ]|######################                            |  44%[zlib                ]|###########################                       |  55%[python              ]|#################################                 |  66%[setuptools          ]|######################################            |  77%[pip                 ]|############################################      |  88%[      COMPLETE      ]|##################################################| 100%
Removing old work directory
Copying /home/ubuntu/pypi-conda-builds/six to /home/ubuntu/miniconda/conda-bld/work
Package: six-1.9.0-py27_0
source tree in: /home/ubuntu/miniconda/conda-bld/work
number of files: 8
Fixing permissions
Fixing permissions
BUILD END: six-1.9.0-py27_0
# If you want to upload this package to binstar.org later, type:
#
# $ binstar upload /home/ubuntu/miniconda/conda-bld/linux-64/six-1.9.0-py27_0.tar.bz2
#
# To have conda build upload to binstar automatically, use
# $ conda config --set binstar_upload yes

Removing old build directory
Removing old work directory
BUILD START: jaraco.functools-1.3-py27_0
Fetching package metadata: ......

WARNING: conda-build appears to be out of date. You have version 1.13.0 but the
latest version is 1.14.1. Run

conda update -n root conda-build

to get the latest version.

Solving package specifications: .+ pip install jaraco.functools
Collecting jaraco.functools
  Downloading http://localhost/packages/source/j/jaraco.functools/jaraco.functools-1.3.zip
Installing collected packages: jaraco.functools
  Running setup.py install for jaraco.functools
Successfully installed jaraco.functools-1.3

The following NEW packages will be INSTALLED:

    openssl:    1.0.1k-1     
    pip:        7.0.3-py27_0 
    python:     2.7.10-0     
    readline:   6.2-2        
    setuptools: 18.0.1-py27_0
    sqlite:     3.8.4.1-1    
    system:     5.8-2        
    tk:         8.5.18-0     
    zlib:       1.2.8-0      

Linking packages ...
[                    ]|                                                  |   0%[openssl             ]|                                                  |   0%[readline            ]|#####                                             |  11%[sqlite              ]|###########                                       |  22%[system              ]|################                                  |  33%[tk                  ]|######################                            |  44%[zlib                ]|###########################                       |  55%[python              ]|#################################                 |  66%[setuptools          ]|######################################            |  77%[pip                 ]|############################################      |  88%[      COMPLETE      ]|##################################################| 100%
Removing old work directory
Copying /home/ubuntu/pypi-conda-builds/jaraco.functools to /home/ubuntu/miniconda/conda-bld/work
Package: jaraco.functools-1.3-py27_0
source tree in: /home/ubuntu/miniconda/conda-bld/work
number of files: 9
Fixing permissions
Fixing permissions
BUILD END: jaraco.functools-1.3-py27_0
# If you want to upload this package to binstar.org later, type:
#
# $ binstar upload /home/ubuntu/miniconda/conda-bld/linux-64/jaraco.functools-1.3-py27_0.tar.bz2
#
# To have conda build upload to binstar automatically, use
# $ conda config --set binstar_upload yes

Error: prefix already exists: /home/ubuntu/miniconda/envs/_pipbuild_
Exception:
Traceback (most recent call last):
  File "/home/ubuntu/miniconda/envs/_pipbuild_/lib/python2.7/site-packages/pip/basecommand.py", line 223, in main
    status = self.run(options, args)
  File "/home/ubuntu/miniconda/envs/_pipbuild_/lib/python2.7/site-packages/pip/commands/install.py", line 268, in run
    wheel_cache
  File "/home/ubuntu/miniconda/envs/_pipbuild_/lib/python2.7/site-packages/pip/basecommand.py", line 268, in populate_requirement_set
    wheel_cache=wheel_cache
  File "/home/ubuntu/miniconda/envs/_pipbuild_/lib/python2.7/site-packages/pip/req/req_install.py", line 207, in from_line
    wheel_cache=wheel_cache)
  File "/home/ubuntu/miniconda/envs/_pipbuild_/lib/python2.7/site-packages/pip/req/req_install.py", line 66, in __init__
    req = pkg_resources.Requirement.parse(req)
  File "/home/ubuntu/miniconda/envs/_pipbuild_/lib/python2.7/site-packages/pip/_vendor/pkg_resources/__init__.py", line 2960, in parse
    reqs = list(parse_requirements(s))
  File "/home/ubuntu/miniconda/envs/_pipbuild_/lib/python2.7/site-packages/pip/_vendor/pkg_resources/__init__.py", line 2904, in parse_requirements
    "version spec")
  File "/home/ubuntu/miniconda/envs/_pipbuild_/lib/python2.7/site-packages/pip/_vendor/pkg_resources/__init__.py", line 2869, in scan_list
    raise ValueError(msg, line, "at", line[p:])
ValueError: ('Expected version spec in', 'jaraco.context==>=1.3', 'at', '==>=1.3')

Package search: {'_pypi_ordering': False, 'version': '12.3', 'name': 'irc', 'summary': 'IRC (Internet Relay Chat) protocol client library for Python'}
Creating standard recipe for irc-12.3
Converting recipe in /home/ubuntu/pypi-conda-builds/irc
package = irc
   dependencies = [u'six', u'jaraco.collections', u'jaraco.text', u'jaraco.itertools', u'jaraco.logging']
Creating standard recipe for six
Converting recipe in /home/ubuntu/pypi-conda-builds/six
package = six
   dependencies = []
Building conda package for six
Creating standard recipe for jaraco.collections
Converting recipe in /home/ubuntu/pypi-conda-builds/jaraco.collections
package = jaraco.collections
   dependencies = [u'jaraco.text', u'jaraco.classes', u'six']
Creating standard recipe for jaraco.text
Converting recipe in /home/ubuntu/pypi-conda-builds/jaraco.text
package = jaraco.text
   dependencies = [u'jaraco.functools', u'jaraco.context >=1.3', u'jaraco.collections']
Creating standard recipe for jaraco.functools
Converting recipe in /home/ubuntu/pypi-conda-builds/jaraco.functools
package = jaraco.functools
   dependencies = []
Building conda package for jaraco.functools
Creating standard recipe for jaraco.context->=1.3
Error: Version >=1.3 of jaraco.context is not available on PyPI.

conda create -n _pipbuild_ --yes python pip
/home/ubuntu/miniconda/envs/_pipbuild_/bin/pip install jaraco.context==>=1.3
Error: Could not pip install jaraco.context==>=1.3
