Error: prefix already exists: /home/ubuntu/miniconda/envs/_pipbuild_
Collecting iso8601==0.1.10
  Downloading http://localhost/packages/source/i/iso8601/iso8601-0.1.10.tar.gz
setuptools must be installed to install from a source distribution
Package search: {'_pypi_ordering': False, 'version': '0.1.10', 'name': 'iso8601', 'summary': 'Simple module to parse ISO 8601 dates'}
Creating standard recipe for iso8601-0.1.10
Using url https://pypi.python.org/packages/source/i/iso8601/iso8601-0.1.10.tar.gz (8 KB) for iso8601.
Downloading iso8601
Using cached download
Unpacking iso8601...
done
working in /tmp/tmp1BJJ5bconda_skeleton_iso8601-0.1.10.tar.gz
Fetching package metadata: ......

WARNING: conda-build appears to be out of date. You have version 1.13.0 but the
latest version is 1.14.0. Run

conda update -n root conda-build

to get the latest version.

Solving package specifications: .patching file core.py
Hunk #1 succeeded at 168 with fuzz 2 (offset 2 lines).
Traceback (most recent call last):
  File "setup.py", line 6, in <module>
    from distutils import setup
ImportError: cannot import name setup

The following NEW packages will be INSTALLED:

    numpy:  1.9.2-py27_0
    pyyaml: 3.11-py27_1 
    yaml:   0.1.6-0     

Linking packages ...
[                    ]|                                                  |   0%[yaml                ]|                                                  |   0%[numpy               ]|################                                  |  33%[pyyaml              ]|#################################                 |  66%[      COMPLETE      ]|##################################################| 100%
Applying patch: '/tmp/tmp1BJJ5bconda_skeleton_iso8601-0.1.10.tar.gz/pypi-distutils.patch'
$PYTHONPATH = /tmp/tmp1BJJ5bconda_skeleton_iso8601-0.1.10.tar.gz/iso8601-0.1.10
Error: command failed: /home/ubuntu/miniconda/envs/_build/bin/python setup.py install

conda create -n _pipbuild_ --yes python pip
/home/ubuntu/miniconda/envs/_pipbuild_/bin/pip install iso8601==0.1.10
Error: Could not pip install iso8601==0.1.10
