Error: prefix already exists: /home/ubuntu/miniconda/envs/_pipbuild_
Collecting isso==0.9.10
  Downloading http://localhost/packages/source/i/isso/isso-0.9.10.tar.gz (80kB)
setuptools must be installed to install from a source distribution
Package search: {'_pypi_ordering': False, 'version': '0.9.10', 'name': 'isso', 'summary': 'lightweight Disqus alternative'}
Creating standard recipe for isso-0.9.10
Using url https://pypi.python.org/packages/source/i/isso/isso-0.9.10.tar.gz (78 KB) for isso.
Downloading isso
Using cached download
Unpacking isso...
done
working in /tmp/tmpRqOCSVconda_skeleton_isso-0.9.10.tar.gz
Fetching package metadata: ......

WARNING: conda-build appears to be out of date. You have version 1.13.0 but the
latest version is 1.14.0. Run

conda update -n root conda-build

to get the latest version.

Solving package specifications: .patching file core.py
Hunk #1 succeeded at 168 with fuzz 2 (offset 2 lines).
Traceback (most recent call last):
  File "setup.py", line 7, in <module>
    from setuptools import setup, find_packages
ImportError: No module named setuptools

Applying patch: '/tmp/tmpRqOCSVconda_skeleton_isso-0.9.10.tar.gz/pypi-distutils.patch'
$PYTHONPATH = /tmp/tmpRqOCSVconda_skeleton_isso-0.9.10.tar.gz/isso-0.9.10
Error: command failed: /home/ubuntu/miniconda/envs/_build/bin/python setup.py install

conda create -n _pipbuild_ --yes python pip
/home/ubuntu/miniconda/envs/_pipbuild_/bin/pip install isso==0.9.10
Error: Could not pip install isso==0.9.10
