Error: prefix already exists: /home/ubuntu/miniconda/envs/_pipbuild_
Collecting jellyfish==0.5.0
  Downloading http://localhost/packages/source/j/jellyfish/jellyfish-0.5.0.tar.gz
setuptools must be installed to install from a source distribution
Package search: {'_pypi_ordering': False, 'version': '0.5.0', 'name': 'jellyfish', 'summary': 'a library for doing approximate and phonetic matching of strings.'}
Creating standard recipe for jellyfish-0.5.0
Using url https://pypi.python.org/packages/source/j/jellyfish/jellyfish-0.5.0.tar.gz (20 KB) for jellyfish.
Downloading jellyfish
Using cached download
Unpacking jellyfish...
done
working in /tmp/tmpt2M7mVconda_skeleton_jellyfish-0.5.0.tar.gz
Fetching package metadata: ......

WARNING: conda-build appears to be out of date. You have version 1.13.0 but the
latest version is 1.14.0. Run

conda update -n root conda-build

to get the latest version.

Solving package specifications: .patching file core.py
Hunk #1 succeeded at 168 with fuzz 2 (offset 2 lines).
Traceback (most recent call last):
  File "setup.py", line 4, in <module>
    from setuptools import setup, Extension, Command
ImportError: No module named setuptools

Applying patch: '/tmp/tmpt2M7mVconda_skeleton_jellyfish-0.5.0.tar.gz/pypi-distutils.patch'
$PYTHONPATH = /tmp/tmpt2M7mVconda_skeleton_jellyfish-0.5.0.tar.gz/jellyfish-0.5.0
Error: command failed: /home/ubuntu/miniconda/envs/_build/bin/python setup.py install

conda create -n _pipbuild_ --yes python pip
/home/ubuntu/miniconda/envs/_pipbuild_/bin/pip install jellyfish==0.5.0
Error: Could not pip install jellyfish==0.5.0
