Removing old build directory
Removing old work directory
BUILD START: jinja-1.2-py_0
Fetching package metadata: ......

WARNING: conda-build appears to be out of date. You have version 1.13.0 but the
latest version is 1.14.1. Run

conda update -n root conda-build

to get the latest version.

Solving package specifications: .+ pip install Jinja
Collecting Jinja
  Downloading http://localhost/packages/source/J/Jinja/Jinja-1.2.tar.gz (252kB)
Installing collected packages: Jinja
  Running setup.py install for Jinja
Successfully installed Jinja-1.2

The following NEW packages will be INSTALLED:

    openssl:    1.0.1k-1     
    pip:        7.0.3-py27_0 
    python:     2.7.10-0     
    readline:   6.2-2        
    setuptools: 18.0.1-py27_0
    sqlite:     3.8.4.1-1    
    system:     5.8-2        
    tk:         8.5.18-0     
    zlib:       1.2.8-0      

Linking packages ...
[                    ]|                                                  |   0%[openssl             ]|                                                  |   0%[readline            ]|#####                                             |  11%[sqlite              ]|###########                                       |  22%[system              ]|################                                  |  33%[tk                  ]|######################                            |  44%[zlib                ]|###########################                       |  55%[python              ]|#################################                 |  66%[setuptools          ]|######################################            |  77%[pip                 ]|############################################      |  88%[      COMPLETE      ]|##################################################| 100%
Removing old work directory
Copying /home/ubuntu/pypi-conda-builds/jinja to /home/ubuntu/miniconda/conda-bld/work
Package: jinja-1.2-py_0
source tree in: /home/ubuntu/miniconda/conda-bld/work
number of files: 98
Fixing permissions
patchelf: file: /home/ubuntu/miniconda/envs/_build/lib/python2.7/site-packages/jinja/_debugger.so
    setting rpath to: $ORIGIN/../../..
patchelf: file: /home/ubuntu/miniconda/envs/_build/lib/python2.7/site-packages/jinja/_speedups.so
    setting rpath to: $ORIGIN/../../..
[noarch_python] Error: Don't know how to handle file: docs/html/altsyntax.html
Package search: {'_pypi_ordering': False, 'version': '1.2', 'name': 'Jinja', 'summary': 'A small but fast and easy to use stand-alone template engine written in pure python.'}
Creating standard recipe for jinja-1.2
Converting recipe in /home/ubuntu/pypi-conda-builds/jinja
package = Jinja
   dependencies = []
Building conda package for jinja
