Removing old build directory
Removing old work directory
BUILD START: jinja-1.2-py_0
Fetching package metadata: ......

WARNING: conda-build appears to be out of date. You have version 1.13.0 but the
latest version is 1.14.1. Run

conda update -n root conda-build

to get the latest version.

Solving package specifications: .+ /home/ubuntu/miniconda/envs/_build/bin/python setup.py install
running install
running bdist_egg
running egg_info
writing requirements to Jinja.egg-info/requires.txt
writing Jinja.egg-info/PKG-INFO
writing top-level names to Jinja.egg-info/top_level.txt
writing dependency_links to Jinja.egg-info/dependency_links.txt
writing entry points to Jinja.egg-info/entry_points.txt
deleting Jinja.egg-info/native_libs.txt
reading manifest file 'Jinja.egg-info/SOURCES.txt'
reading manifest template 'MANIFEST.in'
writing manifest file 'Jinja.egg-info/SOURCES.txt'
installing library code to build/bdist.linux-x86_64/egg
running install_lib
running build_py
creating build
creating build/lib.linux-x86_64-2.7
creating build/lib.linux-x86_64-2.7/jinja
copying jinja/utils.py -> build/lib.linux-x86_64-2.7/jinja
copying jinja/plugin.py -> build/lib.linux-x86_64-2.7/jinja
copying jinja/filters.py -> build/lib.linux-x86_64-2.7/jinja
copying jinja/nodes.py -> build/lib.linux-x86_64-2.7/jinja
copying jinja/lexer.py -> build/lib.linux-x86_64-2.7/jinja
copying jinja/parser.py -> build/lib.linux-x86_64-2.7/jinja
copying jinja/debugger.py -> build/lib.linux-x86_64-2.7/jinja
copying jinja/defaults.py -> build/lib.linux-x86_64-2.7/jinja
copying jinja/environment.py -> build/lib.linux-x86_64-2.7/jinja
copying jinja/tests.py -> build/lib.linux-x86_64-2.7/jinja
copying jinja/loaders.py -> build/lib.linux-x86_64-2.7/jinja
copying jinja/constants.py -> build/lib.linux-x86_64-2.7/jinja
copying jinja/datastructure.py -> build/lib.linux-x86_64-2.7/jinja
copying jinja/_native.py -> build/lib.linux-x86_64-2.7/jinja
copying jinja/__init__.py -> build/lib.linux-x86_64-2.7/jinja
copying jinja/exceptions.py -> build/lib.linux-x86_64-2.7/jinja
creating build/lib.linux-x86_64-2.7/jinja/translators
copying jinja/translators/__init__.py -> build/lib.linux-x86_64-2.7/jinja/translators
copying jinja/translators/python.py -> build/lib.linux-x86_64-2.7/jinja/translators
running build_ext
building 'jinja._debugger' extension
creating build/temp.linux-x86_64-2.7
creating build/temp.linux-x86_64-2.7/jinja
gcc -pthread -fno-strict-aliasing -g -O2 -DNDEBUG -g -fwrapv -O3 -Wall -Wstrict-prototypes -fPIC -I/home/ubuntu/miniconda/envs/_build/include/python2.7 -c jinja/_debugger.c -o build/temp.linux-x86_64-2.7/jinja/_debugger.o
gcc -pthread -shared -L/home/ubuntu/miniconda/envs/_build/lib -Wl,-rpath=/home/ubuntu/miniconda/envs/_build/lib,--no-as-needed build/temp.linux-x86_64-2.7/jinja/_debugger.o -L/home/ubuntu/miniconda/envs/_build/lib -lpython2.7 -o build/lib.linux-x86_64-2.7/jinja/_debugger.so
building 'jinja._speedups' extension
gcc -pthread -fno-strict-aliasing -g -O2 -DNDEBUG -g -fwrapv -O3 -Wall -Wstrict-prototypes -fPIC -I/home/ubuntu/miniconda/envs/_build/include/python2.7 -c jinja/_speedups.c -o build/temp.linux-x86_64-2.7/jinja/_speedups.o
gcc -pthread -shared -L/home/ubuntu/miniconda/envs/_build/lib -Wl,-rpath=/home/ubuntu/miniconda/envs/_build/lib,--no-as-needed build/temp.linux-x86_64-2.7/jinja/_speedups.o -L/home/ubuntu/miniconda/envs/_build/lib -lpython2.7 -o build/lib.linux-x86_64-2.7/jinja/_speedups.so
creating build/bdist.linux-x86_64
creating build/bdist.linux-x86_64/egg
creating build/bdist.linux-x86_64/egg/jinja
creating build/bdist.linux-x86_64/egg/jinja/translators
copying build/lib.linux-x86_64-2.7/jinja/translators/__init__.py -> build/bdist.linux-x86_64/egg/jinja/translators
copying build/lib.linux-x86_64-2.7/jinja/translators/python.py -> build/bdist.linux-x86_64/egg/jinja/translators
copying build/lib.linux-x86_64-2.7/jinja/utils.py -> build/bdist.linux-x86_64/egg/jinja
copying build/lib.linux-x86_64-2.7/jinja/plugin.py -> build/bdist.linux-x86_64/egg/jinja
copying build/lib.linux-x86_64-2.7/jinja/filters.py -> build/bdist.linux-x86_64/egg/jinja
copying build/lib.linux-x86_64-2.7/jinja/nodes.py -> build/bdist.linux-x86_64/egg/jinja
copying build/lib.linux-x86_64-2.7/jinja/lexer.py -> build/bdist.linux-x86_64/egg/jinja
copying build/lib.linux-x86_64-2.7/jinja/parser.py -> build/bdist.linux-x86_64/egg/jinja
copying build/lib.linux-x86_64-2.7/jinja/_debugger.so -> build/bdist.linux-x86_64/egg/jinja
copying build/lib.linux-x86_64-2.7/jinja/debugger.py -> build/bdist.linux-x86_64/egg/jinja
copying build/lib.linux-x86_64-2.7/jinja/defaults.py -> build/bdist.linux-x86_64/egg/jinja
copying build/lib.linux-x86_64-2.7/jinja/environment.py -> build/bdist.linux-x86_64/egg/jinja
copying build/lib.linux-x86_64-2.7/jinja/tests.py -> build/bdist.linux-x86_64/egg/jinja
copying build/lib.linux-x86_64-2.7/jinja/loaders.py -> build/bdist.linux-x86_64/egg/jinja
copying build/lib.linux-x86_64-2.7/jinja/constants.py -> build/bdist.linux-x86_64/egg/jinja
copying build/lib.linux-x86_64-2.7/jinja/datastructure.py -> build/bdist.linux-x86_64/egg/jinja
copying build/lib.linux-x86_64-2.7/jinja/_native.py -> build/bdist.linux-x86_64/egg/jinja
copying build/lib.linux-x86_64-2.7/jinja/__init__.py -> build/bdist.linux-x86_64/egg/jinja
copying build/lib.linux-x86_64-2.7/jinja/_speedups.so -> build/bdist.linux-x86_64/egg/jinja
copying build/lib.linux-x86_64-2.7/jinja/exceptions.py -> build/bdist.linux-x86_64/egg/jinja
byte-compiling build/bdist.linux-x86_64/egg/jinja/translators/__init__.py to __init__.pyc
byte-compiling build/bdist.linux-x86_64/egg/jinja/translators/python.py to python.pyc
byte-compiling build/bdist.linux-x86_64/egg/jinja/utils.py to utils.pyc
byte-compiling build/bdist.linux-x86_64/egg/jinja/plugin.py to plugin.pyc
byte-compiling build/bdist.linux-x86_64/egg/jinja/filters.py to filters.pyc
byte-compiling build/bdist.linux-x86_64/egg/jinja/nodes.py to nodes.pyc
byte-compiling build/bdist.linux-x86_64/egg/jinja/lexer.py to lexer.pyc
byte-compiling build/bdist.linux-x86_64/egg/jinja/parser.py to parser.pyc
byte-compiling build/bdist.linux-x86_64/egg/jinja/debugger.py to debugger.pyc
byte-compiling build/bdist.linux-x86_64/egg/jinja/defaults.py to defaults.pyc
byte-compiling build/bdist.linux-x86_64/egg/jinja/environment.py to environment.pyc
byte-compiling build/bdist.linux-x86_64/egg/jinja/tests.py to tests.pyc
byte-compiling build/bdist.linux-x86_64/egg/jinja/loaders.py to loaders.pyc
byte-compiling build/bdist.linux-x86_64/egg/jinja/constants.py to constants.pyc
byte-compiling build/bdist.linux-x86_64/egg/jinja/datastructure.py to datastructure.pyc
byte-compiling build/bdist.linux-x86_64/egg/jinja/_native.py to _native.pyc
byte-compiling build/bdist.linux-x86_64/egg/jinja/__init__.py to __init__.pyc
byte-compiling build/bdist.linux-x86_64/egg/jinja/exceptions.py to exceptions.pyc
creating stub loader for jinja/_debugger.so
creating stub loader for jinja/_speedups.so
byte-compiling build/bdist.linux-x86_64/egg/jinja/_debugger.py to _debugger.pyc
byte-compiling build/bdist.linux-x86_64/egg/jinja/_speedups.py to _speedups.pyc
installing package data to build/bdist.linux-x86_64/egg
running install_data
creating build/bdist.linux-x86_64/egg/docs
creating build/bdist.linux-x86_64/egg/docs/html
copying docs/html/changelog.html -> build/bdist.linux-x86_64/egg/docs/html
copying docs/html/index.html -> build/bdist.linux-x86_64/egg/docs/html
copying docs/html/jinjalogo.png -> build/bdist.linux-x86_64/egg/docs/html
copying docs/html/recipies.html -> build/bdist.linux-x86_64/egg/docs/html
copying docs/html/tests.html -> build/bdist.linux-x86_64/egg/docs/html
copying docs/html/debugging.html -> build/bdist.linux-x86_64/egg/docs/html
copying docs/html/style.css -> build/bdist.linux-x86_64/egg/docs/html
copying docs/html/frameworks.html -> build/bdist.linux-x86_64/egg/docs/html
copying docs/html/designerdoc.html -> build/bdist.linux-x86_64/egg/docs/html
copying docs/html/altsyntax.html -> build/bdist.linux-x86_64/egg/docs/html
copying docs/html/installation.html -> build/bdist.linux-x86_64/egg/docs/html
copying docs/html/jinjabanner.png -> build/bdist.linux-x86_64/egg/docs/html
copying docs/html/devrecipies.html -> build/bdist.linux-x86_64/egg/docs/html
copying docs/html/fromdjango.html -> build/bdist.linux-x86_64/egg/docs/html
copying docs/html/objects.html -> build/bdist.linux-x86_64/egg/docs/html
copying docs/html/filters.html -> build/bdist.linux-x86_64/egg/docs/html
copying docs/html/i18n.html -> build/bdist.linux-x86_64/egg/docs/html
copying docs/html/streaming.html -> build/bdist.linux-x86_64/egg/docs/html
copying docs/html/watermark.png -> build/bdist.linux-x86_64/egg/docs/html
copying docs/html/scopes.html -> build/bdist.linux-x86_64/egg/docs/html
copying docs/html/templatei18n.html -> build/bdist.linux-x86_64/egg/docs/html
copying docs/html/escaping.html -> build/bdist.linux-x86_64/egg/docs/html
copying docs/html/api.html -> build/bdist.linux-x86_64/egg/docs/html
copying docs/html/devintro.html -> build/bdist.linux-x86_64/egg/docs/html
copying docs/html/translators.html -> build/bdist.linux-x86_64/egg/docs/html
copying docs/html/builtins.html -> build/bdist.linux-x86_64/egg/docs/html
copying docs/html/loaders.html -> build/bdist.linux-x86_64/egg/docs/html
copying docs/html/inheritance.html -> build/bdist.linux-x86_64/egg/docs/html
creating build/bdist.linux-x86_64/egg/docs/txt
copying docs/src/changelog.txt -> build/bdist.linux-x86_64/egg/docs/txt
copying docs/src/tests.txt -> build/bdist.linux-x86_64/egg/docs/txt
copying docs/src/frameworks.txt -> build/bdist.linux-x86_64/egg/docs/txt
copying docs/src/recipies.txt -> build/bdist.linux-x86_64/egg/docs/txt
copying docs/src/translators.txt -> build/bdist.linux-x86_64/egg/docs/txt
copying docs/src/altsyntax.txt -> build/bdist.linux-x86_64/egg/docs/txt
copying docs/src/filters.txt -> build/bdist.linux-x86_64/egg/docs/txt
copying docs/src/streaming.txt -> build/bdist.linux-x86_64/egg/docs/txt
copying docs/src/designerdoc.txt -> build/bdist.linux-x86_64/egg/docs/txt
copying docs/src/escaping.txt -> build/bdist.linux-x86_64/egg/docs/txt
copying docs/src/scopes.txt -> build/bdist.linux-x86_64/egg/docs/txt
copying docs/src/builtins.txt -> build/bdist.linux-x86_64/egg/docs/txt
copying docs/src/devintro.txt -> build/bdist.linux-x86_64/egg/docs/txt
copying docs/src/templatei18n.txt -> build/bdist.linux-x86_64/egg/docs/txt
copying docs/src/i18n.txt -> build/bdist.linux-x86_64/egg/docs/txt
copying docs/src/api.txt -> build/bdist.linux-x86_64/egg/docs/txt
copying docs/src/inheritance.txt -> build/bdist.linux-x86_64/egg/docs/txt
copying docs/src/fromdjango.txt -> build/bdist.linux-x86_64/egg/docs/txt
copying docs/src/objects.txt -> build/bdist.linux-x86_64/egg/docs/txt
copying docs/src/installation.txt -> build/bdist.linux-x86_64/egg/docs/txt
copying docs/src/loaders.txt -> build/bdist.linux-x86_64/egg/docs/txt
copying docs/src/devrecipies.txt -> build/bdist.linux-x86_64/egg/docs/txt
copying docs/src/debugging.txt -> build/bdist.linux-x86_64/egg/docs/txt
copying docs/src/index.txt -> build/bdist.linux-x86_64/egg/docs/txt
creating build/bdist.linux-x86_64/egg/EGG-INFO
copying Jinja.egg-info/PKG-INFO -> build/bdist.linux-x86_64/egg/EGG-INFO
copying Jinja.egg-info/SOURCES.txt -> build/bdist.linux-x86_64/egg/EGG-INFO
copying Jinja.egg-info/dependency_links.txt -> build/bdist.linux-x86_64/egg/EGG-INFO
copying Jinja.egg-info/entry_points.txt -> build/bdist.linux-x86_64/egg/EGG-INFO
copying Jinja.egg-info/not-zip-safe -> build/bdist.linux-x86_64/egg/EGG-INFO
copying Jinja.egg-info/requires.txt -> build/bdist.linux-x86_64/egg/EGG-INFO
copying Jinja.egg-info/top_level.txt -> build/bdist.linux-x86_64/egg/EGG-INFO
writing build/bdist.linux-x86_64/egg/EGG-INFO/native_libs.txt
creating dist
creating 'dist/Jinja-1.2-py2.7-linux-x86_64.egg' and adding 'build/bdist.linux-x86_64/egg' to it
removing 'build/bdist.linux-x86_64/egg' (and everything under it)
Processing Jinja-1.2-py2.7-linux-x86_64.egg
creating /home/ubuntu/miniconda/envs/_build/lib/python2.7/site-packages/Jinja-1.2-py2.7-linux-x86_64.egg
Extracting Jinja-1.2-py2.7-linux-x86_64.egg to /home/ubuntu/miniconda/envs/_build/lib/python2.7/site-packages
Adding Jinja 1.2 to easy-install.pth file

Installed /home/ubuntu/miniconda/envs/_build/lib/python2.7/site-packages/Jinja-1.2-py2.7-linux-x86_64.egg
Processing dependencies for Jinja==1.2
Finished processing dependencies for Jinja==1.2

The following NEW packages will be INSTALLED:

    openssl:    1.0.1k-1     
    pip:        7.0.3-py27_0 
    python:     2.7.10-0     
    readline:   6.2-2        
    setuptools: 18.0.1-py27_0
    sqlite:     3.8.4.1-1    
    system:     5.8-2        
    tk:         8.5.18-0     
    zlib:       1.2.8-0      

Linking packages ...
[                    ]|                                                  |   0%[openssl             ]|                                                  |   0%[readline            ]|#####                                             |  11%[sqlite              ]|###########                                       |  22%[system              ]|################                                  |  33%[tk                  ]|######################                            |  44%[zlib                ]|###########################                       |  55%[python              ]|#################################                 |  66%[setuptools          ]|######################################            |  77%[pip                 ]|############################################      |  88%[      COMPLETE      ]|##################################################| 100%
Removing old work directory
Source cache directory is: /home/ubuntu/miniconda/conda-bld/src_cache
Found source in cache: Jinja-1.2.tar.gz
Extracting download
Package: jinja-1.2-py_0
source tree in: /home/ubuntu/miniconda/conda-bld/work/Jinja-1.2
found egg dir: /home/ubuntu/miniconda/envs/_build/lib/python2.7/site-packages/Jinja-1.2-py2.7-linux-x86_64.egg
number of files: 91
Fixing permissions
patchelf: file: /home/ubuntu/miniconda/envs/_build/lib/python2.7/site-packages/jinja/_debugger.so
    setting rpath to: $ORIGIN/../../..
patchelf: file: /home/ubuntu/miniconda/envs/_build/lib/python2.7/site-packages/jinja/_speedups.so
    setting rpath to: $ORIGIN/../../..
[noarch_python] Error: Shared object file found: lib/python2.7/site-packages/jinja/_debugger.so
