Error: prefix already exists: /home/ubuntu/miniconda/envs/_pipbuild_
Collecting jira==0.47
  Downloading http://localhost/packages/2.7/j/jira/jira-0.47-py2.py3-none-any.whl (43kB)
Collecting tlslite>=0.4.4 (from jira==0.47)
  Downloading http://localhost/packages/source/t/tlslite/tlslite-0.4.8.tar.gz (563kB)
setuptools must be installed to install from a source distribution
Package search: {'_pypi_ordering': False, 'version': '0.47', 'name': 'jira', 'summary': 'Python library for interacting with JIRA via REST APIs.'}
Creating standard recipe for jira-0.47
Using url https://pypi.python.org/packages/source/j/jira/jira-0.47.tar.gz (40 KB) for jira.
Downloading jira
Using cached download
Unpacking jira...
done
working in /tmp/tmpdUoelyconda_skeleton_jira-0.47.tar.gz
Fetching package metadata: ......

WARNING: conda-build appears to be out of date. You have version 1.13.0 but the
latest version is 1.14.0. Run

conda update -n root conda-build

to get the latest version.

Solving package specifications: .patching file core.py
Hunk #1 succeeded at 168 with fuzz 2 (offset 2 lines).
Traceback (most recent call last):
  File "setup.py", line 9, in <module>
    from setuptools import setup, find_packages, Command
ImportError: No module named setuptools

Applying patch: '/tmp/tmpdUoelyconda_skeleton_jira-0.47.tar.gz/pypi-distutils.patch'
$PYTHONPATH = /tmp/tmpdUoelyconda_skeleton_jira-0.47.tar.gz/jira-0.47
Error: command failed: /home/ubuntu/miniconda/envs/_build/bin/python setup.py install

conda create -n _pipbuild_ --yes python pip
/home/ubuntu/miniconda/envs/_pipbuild_/bin/pip install jira==0.47
Error: Could not pip install jira==0.47
