Error: prefix already exists: /home/ubuntu/miniconda/envs/_pipbuild_
Exception:
Traceback (most recent call last):
  File "/home/ubuntu/miniconda/envs/_pipbuild_/lib/python2.7/site-packages/pip/basecommand.py", line 223, in main
    status = self.run(options, args)
  File "/home/ubuntu/miniconda/envs/_pipbuild_/lib/python2.7/site-packages/pip/commands/install.py", line 268, in run
    wheel_cache
  File "/home/ubuntu/miniconda/envs/_pipbuild_/lib/python2.7/site-packages/pip/basecommand.py", line 268, in populate_requirement_set
    wheel_cache=wheel_cache
  File "/home/ubuntu/miniconda/envs/_pipbuild_/lib/python2.7/site-packages/pip/req/req_install.py", line 207, in from_line
    wheel_cache=wheel_cache)
  File "/home/ubuntu/miniconda/envs/_pipbuild_/lib/python2.7/site-packages/pip/req/req_install.py", line 66, in __init__
    req = pkg_resources.Requirement.parse(req)
  File "/home/ubuntu/miniconda/envs/_pipbuild_/lib/python2.7/site-packages/pip/_vendor/pkg_resources/__init__.py", line 2960, in parse
    reqs = list(parse_requirements(s))
  File "/home/ubuntu/miniconda/envs/_pipbuild_/lib/python2.7/site-packages/pip/_vendor/pkg_resources/__init__.py", line 2904, in parse_requirements
    "version spec")
  File "/home/ubuntu/miniconda/envs/_pipbuild_/lib/python2.7/site-packages/pip/_vendor/pkg_resources/__init__.py", line 2869, in scan_list
    raise ValueError(msg, line, "at", line[p:])
ValueError: ('Expected version spec in', 'pyfnc==>=0.1.0', 'at', '==>=0.1.0')

Package search: {'_pypi_ordering': False, 'version': '0.7.37', 'name': 'jlddk', 'summary': 'Collection of robots'}
Creating standard recipe for jlddk-0.7.37
Converting recipe in /home/ubuntu/pypi-conda-builds/jlddk
package = jlddk
   dependencies = [u'pyfnc >=0.1.0', u'psutil', u'pyinotify', u'pyyaml >=3.10']
Creating standard recipe for pyfnc->=0.1.0
Error: Version >=0.1.0 of pyfnc is not available on PyPI.

conda create -n _pipbuild_ --yes python pip
/home/ubuntu/miniconda/envs/_pipbuild_/bin/pip install pyfnc==>=0.1.0
Error: Could not pip install pyfnc==>=0.1.0
