Warning, the following versions were found for jlddk
0.7.37
0.7.36
0.7.35
0.7.34
0.7.33
0.7.32
0.7.31
0.7.30
0.7.29
0.7.28
0.7.27
0.7.26
0.7.25
0.7.24
0.7.23
0.7.22
0.7.21
0.7.20
0.7.19
0.7.18
0.7.17
0.7.16
0.7.15
0.7.14
0.7.13
0.7.12
0.7.11
0.7.10
0.7.9
0.7.8
0.7.7
0.7.6
0.7.5
0.7.4
0.7.3
0.7.2
0.7.1
0.7.0
0.6.9
0.6.8
0.6.7
0.6.6
0.6.5
0.6.4
0.6.3
0.6.2
0.6.1
0.6.0
0.5.1
0.5.0
0.4.22
0.4.21
0.4.20
0.4.18
0.4.17
0.4.16
0.4.15
0.4.14
0.4.13
0.4.12
0.4.11
0.4.10
0.4.9
0.4.8
0.4.7
0.4.6
0.4.5
0.4.4
0.4.3
0.4.2
0.4.1
0.4.0
0.3.1
0.3.0
0.2.9
0.2.8
0.2.7
0.2.6
0.2.5
0.2.4
0.2.3
0.2.2
0.2.1
0.2.0
0.1.27
0.1.26
0.1.24
0.1.23
0.1.22
0.1.21
0.1.20
0.1.19
0.1.18
0.1.17
0.1.16
0.1.15
0.1.14
0.1.13
0.1.12
0.1.11
0.1.10
0.1.9
0.1.8
0.1.7
0.1.6
0.1.5
0.1.4
0.1.3
0.1.2
Using 0.7.37
Use --version to specify a different version.
Using url https://pypi.python.org/packages/source/j/jlddk/jlddk-0.7.37.tar.gz (55 KB) for jlddk.
Downloading jlddk
Using cached download
Unpacking jlddk...
done
working in /tmp/tmpNY5FeBconda_skeleton_jlddk-0.7.37.tar.gz
Fetching package metadata: ......

WARNING: conda-build appears to be out of date. You have version 1.13.0 but the
latest version is 1.14.1. Run

conda update -n root conda-build

to get the latest version.

Solving package specifications: .patching file core.py
Hunk #1 succeeded at 168 with fuzz 2 (offset 2 lines).

WARNING: conda-build appears to be out of date. You have version 1.13.0 but the
latest version is 1.14.1. Run

conda update -n root conda-build

to get the latest version.


The following NEW packages will be INSTALLED:

    numpy:      1.9.2-py27_0 
    openssl:    1.0.1k-1     
    pip:        7.0.3-py27_0 
    python:     2.7.10-0     
    pyyaml:     3.11-py27_1  
    readline:   6.2-2        
    setuptools: 18.0.1-py27_0
    sqlite:     3.8.4.1-1    
    system:     5.8-2        
    tk:         8.5.18-0     
    yaml:       0.1.6-0      
    zlib:       1.2.8-0      

Linking packages ...
[                    ]|                                                  |   0%[openssl             ]|                                                  |   0%[readline            ]|####                                              |   8%[sqlite              ]|########                                          |  16%[system              ]|############                                      |  25%[tk                  ]|################                                  |  33%[yaml                ]|####################                              |  41%[zlib                ]|#########################                         |  50%[numpy               ]|#############################                     |  58%[python              ]|#################################                 |  66%[pyyaml              ]|#####################################             |  75%[setuptools          ]|#########################################         |  83%[pip                 ]|#############################################     |  91%[      COMPLETE      ]|##################################################| 100%
Applying patch: '/tmp/tmpNY5FeBconda_skeleton_jlddk-0.7.37.tar.gz/pypi-distutils.patch'
Warning, the following versions were found for pyfnc
0.1.2
0.1.1
0.1.0
Using 0.1.2
Use --version to specify a different version.
Using url https://pypi.python.org/packages/source/p/pyfnc/pyfnc-0.1.2.tar.gz (7 KB) for pyfnc.
Downloading pyfnc
Using cached download
Unpacking pyfnc...
done
working in /tmp/tmpuoYN4Wconda_skeleton_pyfnc-0.1.2.tar.gz
Solving package specifications: .patching file core.py
Hunk #1 succeeded at 168 with fuzz 2 (offset 2 lines).

Applying patch: '/tmp/tmpuoYN4Wconda_skeleton_pyfnc-0.1.2.tar.gz/pypi-distutils.patch'
Writing recipe for jlddk
Writing recipe for pyfnc
Done
