Removing old build directory
Removing old work directory
BUILD START: jsonlib-1.6.1-py27_0
Fetching package metadata: ......

WARNING: conda-build appears to be out of date. You have version 1.13.0 but the
latest version is 1.14.1. Run

conda update -n root conda-build

to get the latest version.

Solving package specifications: .+ /home/ubuntu/miniconda/envs/_build/bin/python setup.py install
running install
running bdist_egg
running egg_info
creating jsonlib.egg-info
writing jsonlib.egg-info/PKG-INFO
writing top-level names to jsonlib.egg-info/top_level.txt
writing dependency_links to jsonlib.egg-info/dependency_links.txt
writing manifest file 'jsonlib.egg-info/SOURCES.txt'
reading manifest file 'jsonlib.egg-info/SOURCES.txt'
reading manifest template 'MANIFEST.in'
writing manifest file 'jsonlib.egg-info/SOURCES.txt'
installing library code to build/bdist.linux-x86_64/egg
running install_lib
running build_py
creating build
creating build/lib.linux-x86_64-2.7
copying jsonlib.py -> build/lib.linux-x86_64-2.7
running build_ext
building '_jsonlib' extension
creating build/temp.linux-x86_64-2.7
gcc -pthread -fno-strict-aliasing -g -O2 -DNDEBUG -g -fwrapv -O3 -Wall -Wstrict-prototypes -fPIC -I/home/ubuntu/miniconda/envs/_build/include/python2.7 -c _jsonlib.c -o build/temp.linux-x86_64-2.7/_jsonlib.o
_jsonlib.c: In function ‘parse_string_full’:
_jsonlib.c:366:20: warning: variable ‘existing_size’ set but not used [-Wunused-but-set-variable]
   size_t new_size, existing_size;
                    ^
gcc -pthread -shared -L/home/ubuntu/miniconda/envs/_build/lib -Wl,-rpath=/home/ubuntu/miniconda/envs/_build/lib,--no-as-needed build/temp.linux-x86_64-2.7/_jsonlib.o -L/home/ubuntu/miniconda/envs/_build/lib -lpython2.7 -o build/lib.linux-x86_64-2.7/_jsonlib.so
creating build/bdist.linux-x86_64
creating build/bdist.linux-x86_64/egg
copying build/lib.linux-x86_64-2.7/_jsonlib.so -> build/bdist.linux-x86_64/egg
copying build/lib.linux-x86_64-2.7/jsonlib.py -> build/bdist.linux-x86_64/egg
byte-compiling build/bdist.linux-x86_64/egg/jsonlib.py to jsonlib.pyc
creating stub loader for _jsonlib.so
byte-compiling build/bdist.linux-x86_64/egg/_jsonlib.py to _jsonlib.pyc
creating build/bdist.linux-x86_64/egg/EGG-INFO
copying jsonlib.egg-info/PKG-INFO -> build/bdist.linux-x86_64/egg/EGG-INFO
copying jsonlib.egg-info/SOURCES.txt -> build/bdist.linux-x86_64/egg/EGG-INFO
copying jsonlib.egg-info/dependency_links.txt -> build/bdist.linux-x86_64/egg/EGG-INFO
copying jsonlib.egg-info/top_level.txt -> build/bdist.linux-x86_64/egg/EGG-INFO
writing build/bdist.linux-x86_64/egg/EGG-INFO/native_libs.txt
zip_safe flag not set; analyzing archive contents...
creating dist
creating 'dist/jsonlib-1.6.1-py2.7-linux-x86_64.egg' and adding 'build/bdist.linux-x86_64/egg' to it
removing 'build/bdist.linux-x86_64/egg' (and everything under it)
Processing jsonlib-1.6.1-py2.7-linux-x86_64.egg
Copying jsonlib-1.6.1-py2.7-linux-x86_64.egg to /home/ubuntu/miniconda/envs/_build/lib/python2.7/site-packages
Adding jsonlib 1.6.1 to easy-install.pth file

Installed /home/ubuntu/miniconda/envs/_build/lib/python2.7/site-packages/jsonlib-1.6.1-py2.7-linux-x86_64.egg
Processing dependencies for jsonlib==1.6.1
Finished processing dependencies for jsonlib==1.6.1

The following NEW packages will be INSTALLED:

    openssl:    1.0.1k-1     
    pip:        7.0.3-py27_0 
    python:     2.7.10-0     
    readline:   6.2-2        
    setuptools: 18.0.1-py27_0
    sqlite:     3.8.4.1-1    
    system:     5.8-2        
    tk:         8.5.18-0     
    zlib:       1.2.8-0      

Linking packages ...
[                    ]|                                                  |   0%[openssl             ]|                                                  |   0%[readline            ]|#####                                             |  11%[sqlite              ]|###########                                       |  22%[system              ]|################                                  |  33%[tk                  ]|######################                            |  44%[zlib                ]|###########################                       |  55%[python              ]|#################################                 |  66%[setuptools          ]|######################################            |  77%[pip                 ]|############################################      |  88%[      COMPLETE      ]|##################################################| 100%
Removing old work directory
Source cache directory is: /home/ubuntu/miniconda/conda-bld/src_cache
Found source in cache: jsonlib-1.6.1.tar.gz
Extracting download
Package: jsonlib-1.6.1-py27_0
source tree in: /home/ubuntu/miniconda/conda-bld/work/jsonlib-1.6.1
found egg: /home/ubuntu/miniconda/envs/_build/lib/python2.7/site-packages/jsonlib-1.6.1-py2.7-linux-x86_64.egg
number of files: 2
Fixing permissions
Fixing permissions
BUILD END: jsonlib-1.6.1-py27_0
Nothing to test for: jsonlib-1.6.1-py27_0
# If you want to upload this package to binstar.org later, type:
#
# $ binstar upload /home/ubuntu/miniconda/conda-bld/linux-64/jsonlib-1.6.1-py27_0.tar.bz2
#
# To have conda build upload to binstar automatically, use
# $ conda config --set binstar_upload yes

