Error: prefix already exists: /home/ubuntu/miniconda/envs/_pipbuild_
Collecting jsonpath-rw==1.4.0
  Downloading http://localhost/packages/source/j/jsonpath-rw/jsonpath-rw-1.4.0.tar.gz
setuptools must be installed to install from a source distribution
Package search: {'_pypi_ordering': False, 'version': '1.4.0', 'name': 'jsonpath-rw', 'summary': 'A robust and significantly extended implementation of JSONPath for Python, with a clear AST for metaprogramming.'}
Creating standard recipe for jsonpath-rw-1.4.0
Using url https://pypi.python.org/packages/source/j/jsonpath-rw/jsonpath-rw-1.4.0.tar.gz (13 KB) for jsonpath-rw.
Downloading jsonpath-rw
Using cached download
Unpacking jsonpath-rw...
done
working in /tmp/tmp01lrZ3conda_skeleton_jsonpath-rw-1.4.0.tar.gz
Fetching package metadata: ......

WARNING: conda-build appears to be out of date. You have version 1.13.0 but the
latest version is 1.14.0. Run

conda update -n root conda-build

to get the latest version.

Solving package specifications: .patching file core.py
Hunk #1 succeeded at 168 with fuzz 2 (offset 2 lines).
Traceback (most recent call last):
  File "setup.py", line 1, in <module>
    import setuptools 
ImportError: No module named setuptools

Applying patch: '/tmp/tmp01lrZ3conda_skeleton_jsonpath-rw-1.4.0.tar.gz/pypi-distutils.patch'
$PYTHONPATH = /tmp/tmp01lrZ3conda_skeleton_jsonpath-rw-1.4.0.tar.gz/jsonpath-rw-1.4.0
Error: command failed: /home/ubuntu/miniconda/envs/_build/bin/python setup.py install

conda create -n _pipbuild_ --yes python pip
/home/ubuntu/miniconda/envs/_pipbuild_/bin/pip install jsonpath-rw==1.4.0
Error: Could not pip install jsonpath-rw==1.4.0
