jsonmapperhgmmpfork not found, trying JSONMapperHGMMPFork
Warning, the following versions were found for JSONMapperHGMMPFork
0.62.026
0.62.025
0.62.023
0.62.022
0.62.021
0.62.020
0.62.019
0.62.018
0.62.017
0.62.016
0.62.015
0.62.014
0.62.012
0.62.011
0.62.010
0.62.009
0.62.008
0.62.007
0.62.006
0.62.005
0.62.004
0.62.003
0.62.002
0.62.001
0.62.000
0.61.406
0.61.405
0.61.404
0.61.403
0.61.402
0.61.401
0.61.314
0.61.313
0.61.312
0.61.311
0.61.310
0.61.309
0.61.308
0.61.307
0.61.306
0.61.305
0.61.304
0.61.303
0.61.302
0.61.301
0.61.4
0.61.2
0.61.1
0.61
0.60
0.59
0.58
0.57
0.56
0.55
0.54
0.53
0.52
0.51
0.50
0.49
0.48
0.47
0.46
0.45
0.44
0.43
0.42
0.41
0.40
0.39
0.38
0.37
0.36
0.35
0.34
0.33
0.32
0.31
0.30
0.29
0.28
0.27
0.26
0.25
0.24
0.22
0.21
0.20
0.19
0.18
0.17
0.16
0.15
0.14
0.13
0.12
0.11
0.1
Using 0.62.026
Use --version to specify a different version.
Error: Could not build recipe for JSONMapperHGMMPFork. Could not find any valid urls.
