Removing old build directory
Removing old work directory
BUILD START: keystonemiddleware-2.0.0-py_0
Fetching package metadata: ......

WARNING: conda-build appears to be out of date. You have version 1.13.0 but the
latest version is 1.14.1. Run

conda update -n root conda-build

to get the latest version.

Solving package specifications: .+ /home/ubuntu/miniconda/envs/_build/bin/python setup.py install

Installed /home/ubuntu/miniconda/conda-bld/work/keystonemiddleware-2.0.0/.eggs/pbr-1.2.0-py2.7.egg
running install
running build
running build_py
creating build
creating build/lib
creating build/lib/keystonemiddleware
creating build/lib/keystonemiddleware/tests
creating build/lib/keystonemiddleware/tests/unit
copying keystonemiddleware/tests/unit/utils.py -> build/lib/keystonemiddleware/tests/unit
copying keystonemiddleware/tests/unit/test_audit_middleware.py -> build/lib/keystonemiddleware/tests/unit
copying keystonemiddleware/tests/unit/test_s3_token_middleware.py -> build/lib/keystonemiddleware/tests/unit
copying keystonemiddleware/tests/unit/client_fixtures.py -> build/lib/keystonemiddleware/tests/unit
copying keystonemiddleware/tests/unit/__init__.py -> build/lib/keystonemiddleware/tests/unit
copying keystonemiddleware/tests/unit/test_opts.py -> build/lib/keystonemiddleware/tests/unit
creating build/lib/keystonemiddleware/tests/unit/auth_token
copying keystonemiddleware/tests/unit/auth_token/test_user_auth_plugin.py -> build/lib/keystonemiddleware/tests/unit/auth_token
copying keystonemiddleware/tests/unit/auth_token/test_auth_token_middleware.py -> build/lib/keystonemiddleware/tests/unit/auth_token
copying keystonemiddleware/tests/unit/auth_token/test_revocations.py -> build/lib/keystonemiddleware/tests/unit/auth_token
copying keystonemiddleware/tests/unit/auth_token/test_request.py -> build/lib/keystonemiddleware/tests/unit/auth_token
copying keystonemiddleware/tests/unit/auth_token/test_signing_dir.py -> build/lib/keystonemiddleware/tests/unit/auth_token
copying keystonemiddleware/tests/unit/auth_token/__init__.py -> build/lib/keystonemiddleware/tests/unit/auth_token
copying keystonemiddleware/tests/unit/auth_token/test_memcache_crypt.py -> build/lib/keystonemiddleware/tests/unit/auth_token
copying keystonemiddleware/tests/unit/auth_token/test_auth.py -> build/lib/keystonemiddleware/tests/unit/auth_token
copying keystonemiddleware/tests/unit/auth_token/test_connection_pool.py -> build/lib/keystonemiddleware/tests/unit/auth_token
copying keystonemiddleware/tests/unit/auth_token/base.py -> build/lib/keystonemiddleware/tests/unit/auth_token
creating build/lib/keystonemiddleware/openstack
creating build/lib/keystonemiddleware/openstack/common
copying keystonemiddleware/openstack/common/memorycache.py -> build/lib/keystonemiddleware/openstack/common
copying keystonemiddleware/openstack/common/__init__.py -> build/lib/keystonemiddleware/openstack/common
copying keystonemiddleware/tests/__init__.py -> build/lib/keystonemiddleware/tests
copying keystonemiddleware/s3_token.py -> build/lib/keystonemiddleware
copying keystonemiddleware/i18n.py -> build/lib/keystonemiddleware
copying keystonemiddleware/ec2_token.py -> build/lib/keystonemiddleware
copying keystonemiddleware/__init__.py -> build/lib/keystonemiddleware
copying keystonemiddleware/audit.py -> build/lib/keystonemiddleware
copying keystonemiddleware/opts.py -> build/lib/keystonemiddleware
creating build/lib/keystonemiddleware/auth_token
copying keystonemiddleware/auth_token/_cache.py -> build/lib/keystonemiddleware/auth_token
copying keystonemiddleware/auth_token/_auth.py -> build/lib/keystonemiddleware/auth_token
copying keystonemiddleware/auth_token/_base.py -> build/lib/keystonemiddleware/auth_token
copying keystonemiddleware/auth_token/_signing_dir.py -> build/lib/keystonemiddleware/auth_token
copying keystonemiddleware/auth_token/_exceptions.py -> build/lib/keystonemiddleware/auth_token
copying keystonemiddleware/auth_token/_memcache_pool.py -> build/lib/keystonemiddleware/auth_token
copying keystonemiddleware/auth_token/_memcache_crypt.py -> build/lib/keystonemiddleware/auth_token
copying keystonemiddleware/auth_token/_request.py -> build/lib/keystonemiddleware/auth_token
copying keystonemiddleware/auth_token/__init__.py -> build/lib/keystonemiddleware/auth_token
copying keystonemiddleware/auth_token/_revocations.py -> build/lib/keystonemiddleware/auth_token
copying keystonemiddleware/auth_token/_user_plugin.py -> build/lib/keystonemiddleware/auth_token
copying keystonemiddleware/auth_token/_identity.py -> build/lib/keystonemiddleware/auth_token
creating build/lib/keystonemiddleware/echo
copying keystonemiddleware/echo/__main__.py -> build/lib/keystonemiddleware/echo
copying keystonemiddleware/echo/service.py -> build/lib/keystonemiddleware/echo
copying keystonemiddleware/echo/__init__.py -> build/lib/keystonemiddleware/echo
copying keystonemiddleware/openstack/__init__.py -> build/lib/keystonemiddleware/openstack
running egg_info
writing requirements to keystonemiddleware.egg-info/requires.txt
writing keystonemiddleware.egg-info/PKG-INFO
writing top-level names to keystonemiddleware.egg-info/top_level.txt
writing dependency_links to keystonemiddleware.egg-info/dependency_links.txt
writing entry points to keystonemiddleware.egg-info/entry_points.txt
[pbr] Reusing existing SOURCES.txt
running install_lib
creating /home/ubuntu/miniconda/envs/_build/lib/python2.7/site-packages/keystonemiddleware
copying build/lib/keystonemiddleware/s3_token.py -> /home/ubuntu/miniconda/envs/_build/lib/python2.7/site-packages/keystonemiddleware
copying build/lib/keystonemiddleware/i18n.py -> /home/ubuntu/miniconda/envs/_build/lib/python2.7/site-packages/keystonemiddleware
creating /home/ubuntu/miniconda/envs/_build/lib/python2.7/site-packages/keystonemiddleware/echo
copying build/lib/keystonemiddleware/echo/__main__.py -> /home/ubuntu/miniconda/envs/_build/lib/python2.7/site-packages/keystonemiddleware/echo
copying build/lib/keystonemiddleware/echo/service.py -> /home/ubuntu/miniconda/envs/_build/lib/python2.7/site-packages/keystonemiddleware/echo
copying build/lib/keystonemiddleware/echo/__init__.py -> /home/ubuntu/miniconda/envs/_build/lib/python2.7/site-packages/keystonemiddleware/echo
copying build/lib/keystonemiddleware/ec2_token.py -> /home/ubuntu/miniconda/envs/_build/lib/python2.7/site-packages/keystonemiddleware
creating /home/ubuntu/miniconda/envs/_build/lib/python2.7/site-packages/keystonemiddleware/tests
creating /home/ubuntu/miniconda/envs/_build/lib/python2.7/site-packages/keystonemiddleware/tests/unit
copying build/lib/keystonemiddleware/tests/unit/utils.py -> /home/ubuntu/miniconda/envs/_build/lib/python2.7/site-packages/keystonemiddleware/tests/unit
copying build/lib/keystonemiddleware/tests/unit/test_audit_middleware.py -> /home/ubuntu/miniconda/envs/_build/lib/python2.7/site-packages/keystonemiddleware/tests/unit
copying build/lib/keystonemiddleware/tests/unit/test_s3_token_middleware.py -> /home/ubuntu/miniconda/envs/_build/lib/python2.7/site-packages/keystonemiddleware/tests/unit
copying build/lib/keystonemiddleware/tests/unit/client_fixtures.py -> /home/ubuntu/miniconda/envs/_build/lib/python2.7/site-packages/keystonemiddleware/tests/unit
copying build/lib/keystonemiddleware/tests/unit/__init__.py -> /home/ubuntu/miniconda/envs/_build/lib/python2.7/site-packages/keystonemiddleware/tests/unit
creating /home/ubuntu/miniconda/envs/_build/lib/python2.7/site-packages/keystonemiddleware/tests/unit/auth_token
copying build/lib/keystonemiddleware/tests/unit/auth_token/test_user_auth_plugin.py -> /home/ubuntu/miniconda/envs/_build/lib/python2.7/site-packages/keystonemiddleware/tests/unit/auth_token
copying build/lib/keystonemiddleware/tests/unit/auth_token/test_auth_token_middleware.py -> /home/ubuntu/miniconda/envs/_build/lib/python2.7/site-packages/keystonemiddleware/tests/unit/auth_token
copying build/lib/keystonemiddleware/tests/unit/auth_token/test_revocations.py -> /home/ubuntu/miniconda/envs/_build/lib/python2.7/site-packages/keystonemiddleware/tests/unit/auth_token
copying build/lib/keystonemiddleware/tests/unit/auth_token/test_request.py -> /home/ubuntu/miniconda/envs/_build/lib/python2.7/site-packages/keystonemiddleware/tests/unit/auth_token
copying build/lib/keystonemiddleware/tests/unit/auth_token/test_signing_dir.py -> /home/ubuntu/miniconda/envs/_build/lib/python2.7/site-packages/keystonemiddleware/tests/unit/auth_token
copying build/lib/keystonemiddleware/tests/unit/auth_token/__init__.py -> /home/ubuntu/miniconda/envs/_build/lib/python2.7/site-packages/keystonemiddleware/tests/unit/auth_token
copying build/lib/keystonemiddleware/tests/unit/auth_token/test_memcache_crypt.py -> /home/ubuntu/miniconda/envs/_build/lib/python2.7/site-packages/keystonemiddleware/tests/unit/auth_token
copying build/lib/keystonemiddleware/tests/unit/auth_token/test_auth.py -> /home/ubuntu/miniconda/envs/_build/lib/python2.7/site-packages/keystonemiddleware/tests/unit/auth_token
copying build/lib/keystonemiddleware/tests/unit/auth_token/test_connection_pool.py -> /home/ubuntu/miniconda/envs/_build/lib/python2.7/site-packages/keystonemiddleware/tests/unit/auth_token
copying build/lib/keystonemiddleware/tests/unit/auth_token/base.py -> /home/ubuntu/miniconda/envs/_build/lib/python2.7/site-packages/keystonemiddleware/tests/unit/auth_token
copying build/lib/keystonemiddleware/tests/unit/test_opts.py -> /home/ubuntu/miniconda/envs/_build/lib/python2.7/site-packages/keystonemiddleware/tests/unit
copying build/lib/keystonemiddleware/tests/__init__.py -> /home/ubuntu/miniconda/envs/_build/lib/python2.7/site-packages/keystonemiddleware/tests
copying build/lib/keystonemiddleware/__init__.py -> /home/ubuntu/miniconda/envs/_build/lib/python2.7/site-packages/keystonemiddleware
creating /home/ubuntu/miniconda/envs/_build/lib/python2.7/site-packages/keystonemiddleware/openstack
creating /home/ubuntu/miniconda/envs/_build/lib/python2.7/site-packages/keystonemiddleware/openstack/common
copying build/lib/keystonemiddleware/openstack/common/memorycache.py -> /home/ubuntu/miniconda/envs/_build/lib/python2.7/site-packages/keystonemiddleware/openstack/common
copying build/lib/keystonemiddleware/openstack/common/__init__.py -> /home/ubuntu/miniconda/envs/_build/lib/python2.7/site-packages/keystonemiddleware/openstack/common
copying build/lib/keystonemiddleware/openstack/__init__.py -> /home/ubuntu/miniconda/envs/_build/lib/python2.7/site-packages/keystonemiddleware/openstack
copying build/lib/keystonemiddleware/audit.py -> /home/ubuntu/miniconda/envs/_build/lib/python2.7/site-packages/keystonemiddleware
creating /home/ubuntu/miniconda/envs/_build/lib/python2.7/site-packages/keystonemiddleware/auth_token
copying build/lib/keystonemiddleware/auth_token/_cache.py -> /home/ubuntu/miniconda/envs/_build/lib/python2.7/site-packages/keystonemiddleware/auth_token
copying build/lib/keystonemiddleware/auth_token/_auth.py -> /home/ubuntu/miniconda/envs/_build/lib/python2.7/site-packages/keystonemiddleware/auth_token
copying build/lib/keystonemiddleware/auth_token/_base.py -> /home/ubuntu/miniconda/envs/_build/lib/python2.7/site-packages/keystonemiddleware/auth_token
copying build/lib/keystonemiddleware/auth_token/_signing_dir.py -> /home/ubuntu/miniconda/envs/_build/lib/python2.7/site-packages/keystonemiddleware/auth_token
copying build/lib/keystonemiddleware/auth_token/_exceptions.py -> /home/ubuntu/miniconda/envs/_build/lib/python2.7/site-packages/keystonemiddleware/auth_token
copying build/lib/keystonemiddleware/auth_token/_memcache_pool.py -> /home/ubuntu/miniconda/envs/_build/lib/python2.7/site-packages/keystonemiddleware/auth_token
copying build/lib/keystonemiddleware/auth_token/_memcache_crypt.py -> /home/ubuntu/miniconda/envs/_build/lib/python2.7/site-packages/keystonemiddleware/auth_token
copying build/lib/keystonemiddleware/auth_token/_request.py -> /home/ubuntu/miniconda/envs/_build/lib/python2.7/site-packages/keystonemiddleware/auth_token
copying build/lib/keystonemiddleware/auth_token/__init__.py -> /home/ubuntu/miniconda/envs/_build/lib/python2.7/site-packages/keystonemiddleware/auth_token
copying build/lib/keystonemiddleware/auth_token/_revocations.py -> /home/ubuntu/miniconda/envs/_build/lib/python2.7/site-packages/keystonemiddleware/auth_token
copying build/lib/keystonemiddleware/auth_token/_user_plugin.py -> /home/ubuntu/miniconda/envs/_build/lib/python2.7/site-packages/keystonemiddleware/auth_token
copying build/lib/keystonemiddleware/auth_token/_identity.py -> /home/ubuntu/miniconda/envs/_build/lib/python2.7/site-packages/keystonemiddleware/auth_token
copying build/lib/keystonemiddleware/opts.py -> /home/ubuntu/miniconda/envs/_build/lib/python2.7/site-packages/keystonemiddleware
byte-compiling /home/ubuntu/miniconda/envs/_build/lib/python2.7/site-packages/keystonemiddleware/s3_token.py to s3_token.pyc
byte-compiling /home/ubuntu/miniconda/envs/_build/lib/python2.7/site-packages/keystonemiddleware/i18n.py to i18n.pyc
byte-compiling /home/ubuntu/miniconda/envs/_build/lib/python2.7/site-packages/keystonemiddleware/echo/__main__.py to __main__.pyc
byte-compiling /home/ubuntu/miniconda/envs/_build/lib/python2.7/site-packages/keystonemiddleware/echo/service.py to service.pyc
byte-compiling /home/ubuntu/miniconda/envs/_build/lib/python2.7/site-packages/keystonemiddleware/echo/__init__.py to __init__.pyc
byte-compiling /home/ubuntu/miniconda/envs/_build/lib/python2.7/site-packages/keystonemiddleware/ec2_token.py to ec2_token.pyc
byte-compiling /home/ubuntu/miniconda/envs/_build/lib/python2.7/site-packages/keystonemiddleware/tests/unit/utils.py to utils.pyc
byte-compiling /home/ubuntu/miniconda/envs/_build/lib/python2.7/site-packages/keystonemiddleware/tests/unit/test_audit_middleware.py to test_audit_middleware.pyc
byte-compiling /home/ubuntu/miniconda/envs/_build/lib/python2.7/site-packages/keystonemiddleware/tests/unit/test_s3_token_middleware.py to test_s3_token_middleware.pyc
byte-compiling /home/ubuntu/miniconda/envs/_build/lib/python2.7/site-packages/keystonemiddleware/tests/unit/client_fixtures.py to client_fixtures.pyc
byte-compiling /home/ubuntu/miniconda/envs/_build/lib/python2.7/site-packages/keystonemiddleware/tests/unit/__init__.py to __init__.pyc
byte-compiling /home/ubuntu/miniconda/envs/_build/lib/python2.7/site-packages/keystonemiddleware/tests/unit/auth_token/test_user_auth_plugin.py to test_user_auth_plugin.pyc
byte-compiling /home/ubuntu/miniconda/envs/_build/lib/python2.7/site-packages/keystonemiddleware/tests/unit/auth_token/test_auth_token_middleware.py to test_auth_token_middleware.pyc
byte-compiling /home/ubuntu/miniconda/envs/_build/lib/python2.7/site-packages/keystonemiddleware/tests/unit/auth_token/test_revocations.py to test_revocations.pyc
byte-compiling /home/ubuntu/miniconda/envs/_build/lib/python2.7/site-packages/keystonemiddleware/tests/unit/auth_token/test_request.py to test_request.pyc
byte-compiling /home/ubuntu/miniconda/envs/_build/lib/python2.7/site-packages/keystonemiddleware/tests/unit/auth_token/test_signing_dir.py to test_signing_dir.pyc
byte-compiling /home/ubuntu/miniconda/envs/_build/lib/python2.7/site-packages/keystonemiddleware/tests/unit/auth_token/__init__.py to __init__.pyc
byte-compiling /home/ubuntu/miniconda/envs/_build/lib/python2.7/site-packages/keystonemiddleware/tests/unit/auth_token/test_memcache_crypt.py to test_memcache_crypt.pyc
byte-compiling /home/ubuntu/miniconda/envs/_build/lib/python2.7/site-packages/keystonemiddleware/tests/unit/auth_token/test_auth.py to test_auth.pyc
byte-compiling /home/ubuntu/miniconda/envs/_build/lib/python2.7/site-packages/keystonemiddleware/tests/unit/auth_token/test_connection_pool.py to test_connection_pool.pyc
byte-compiling /home/ubuntu/miniconda/envs/_build/lib/python2.7/site-packages/keystonemiddleware/tests/unit/auth_token/base.py to base.pyc
byte-compiling /home/ubuntu/miniconda/envs/_build/lib/python2.7/site-packages/keystonemiddleware/tests/unit/test_opts.py to test_opts.pyc
byte-compiling /home/ubuntu/miniconda/envs/_build/lib/python2.7/site-packages/keystonemiddleware/tests/__init__.py to __init__.pyc
byte-compiling /home/ubuntu/miniconda/envs/_build/lib/python2.7/site-packages/keystonemiddleware/__init__.py to __init__.pyc
byte-compiling /home/ubuntu/miniconda/envs/_build/lib/python2.7/site-packages/keystonemiddleware/openstack/common/memorycache.py to memorycache.pyc
byte-compiling /home/ubuntu/miniconda/envs/_build/lib/python2.7/site-packages/keystonemiddleware/openstack/common/__init__.py to __init__.pyc
byte-compiling /home/ubuntu/miniconda/envs/_build/lib/python2.7/site-packages/keystonemiddleware/openstack/__init__.py to __init__.pyc
byte-compiling /home/ubuntu/miniconda/envs/_build/lib/python2.7/site-packages/keystonemiddleware/audit.py to audit.pyc
byte-compiling /home/ubuntu/miniconda/envs/_build/lib/python2.7/site-packages/keystonemiddleware/auth_token/_cache.py to _cache.pyc
byte-compiling /home/ubuntu/miniconda/envs/_build/lib/python2.7/site-packages/keystonemiddleware/auth_token/_auth.py to _auth.pyc
byte-compiling /home/ubuntu/miniconda/envs/_build/lib/python2.7/site-packages/keystonemiddleware/auth_token/_base.py to _base.pyc
byte-compiling /home/ubuntu/miniconda/envs/_build/lib/python2.7/site-packages/keystonemiddleware/auth_token/_signing_dir.py to _signing_dir.pyc
byte-compiling /home/ubuntu/miniconda/envs/_build/lib/python2.7/site-packages/keystonemiddleware/auth_token/_exceptions.py to _exceptions.pyc
byte-compiling /home/ubuntu/miniconda/envs/_build/lib/python2.7/site-packages/keystonemiddleware/auth_token/_memcache_pool.py to _memcache_pool.pyc
byte-compiling /home/ubuntu/miniconda/envs/_build/lib/python2.7/site-packages/keystonemiddleware/auth_token/_memcache_crypt.py to _memcache_crypt.pyc
byte-compiling /home/ubuntu/miniconda/envs/_build/lib/python2.7/site-packages/keystonemiddleware/auth_token/_request.py to _request.pyc
byte-compiling /home/ubuntu/miniconda/envs/_build/lib/python2.7/site-packages/keystonemiddleware/auth_token/__init__.py to __init__.pyc
byte-compiling /home/ubuntu/miniconda/envs/_build/lib/python2.7/site-packages/keystonemiddleware/auth_token/_revocations.py to _revocations.pyc
byte-compiling /home/ubuntu/miniconda/envs/_build/lib/python2.7/site-packages/keystonemiddleware/auth_token/_user_plugin.py to _user_plugin.pyc
byte-compiling /home/ubuntu/miniconda/envs/_build/lib/python2.7/site-packages/keystonemiddleware/auth_token/_identity.py to _identity.pyc
byte-compiling /home/ubuntu/miniconda/envs/_build/lib/python2.7/site-packages/keystonemiddleware/opts.py to opts.pyc
running install_egg_info
Copying keystonemiddleware.egg-info to /home/ubuntu/miniconda/envs/_build/lib/python2.7/site-packages/keystonemiddleware-2.0.0-py2.7.egg-info
running install_scripts

The following NEW packages will be INSTALLED:

    openssl:    1.0.1k-1     
    pip:        7.0.3-py27_0 
    python:     2.7.10-0     
    readline:   6.2-2        
    setuptools: 18.0.1-py27_0
    sqlite:     3.8.4.1-1    
    system:     5.8-2        
    tk:         8.5.18-0     
    zlib:       1.2.8-0      

Linking packages ...
[                    ]|                                                  |   0%[openssl             ]|                                                  |   0%[readline            ]|#####                                             |  11%[sqlite              ]|###########                                       |  22%[system              ]|################                                  |  33%[tk                  ]|######################                            |  44%[zlib                ]|###########################                       |  55%[python              ]|#################################                 |  66%[setuptools          ]|######################################            |  77%[pip                 ]|############################################      |  88%[      COMPLETE      ]|##################################################| 100%
Removing old work directory
Source cache directory is: /home/ubuntu/miniconda/conda-bld/src_cache
Found source in cache: keystonemiddleware-2.0.0.tar.gz
Extracting download
Package: keystonemiddleware-2.0.0-py_0
source tree in: /home/ubuntu/miniconda/conda-bld/work/keystonemiddleware-2.0.0
number of files: 90
Fixing permissions
Fixing permissions
BUILD END: keystonemiddleware-2.0.0-py_0
Nothing to test for: keystonemiddleware-2.0.0-py_0
# If you want to upload this package to binstar.org later, type:
#
# $ binstar upload /home/ubuntu/miniconda/conda-bld/noarch/keystonemiddleware-2.0.0-py_0.tar.bz2
#
# To have conda build upload to binstar automatically, use
# $ conda config --set binstar_upload yes

