Error: prefix already exists: /home/ubuntu/miniconda/envs/_pipbuild_
Collecting Kivy==1.9.0
  Downloading http://localhost/packages/source/K/Kivy/Kivy-1.9.0.tar.gz (16.2MB)
setuptools must be installed to install from a source distribution
Package search: {'_pypi_ordering': False, 'version': '1.9.0', 'name': 'Kivy', 'summary': 'A software library for rapid development of hardware-accelerated multitouch applications.'}
Creating standard recipe for kivy-1.9.0
Using url https://pypi.python.org/packages/source/K/Kivy/Kivy-1.9.0.tar.gz (15.4 MB) for Kivy.
Downloading Kivy
Using cached download
Unpacking Kivy...
done
working in /tmp/tmpELV2zqconda_skeleton_Kivy-1.9.0.tar.gz
Fetching package metadata: ......

WARNING: conda-build appears to be out of date. You have version 1.13.0 but the
latest version is 1.14.1. Run

conda update -n root conda-build

to get the latest version.

Solving package specifications: .patching file core.py
Hunk #1 succeeded at 168 with fuzz 2 (offset 2 lines).

Cython is missing, its required for compiling kivy !


Traceback (most recent call last):
  File "setup.py", line 173, in <module>
    from Cython.Distutils import build_ext
ImportError: No module named Cython.Distutils

Applying patch: '/tmp/tmpELV2zqconda_skeleton_Kivy-1.9.0.tar.gz/pypi-distutils.patch'
$PYTHONPATH = /tmp/tmpELV2zqconda_skeleton_Kivy-1.9.0.tar.gz/Kivy-1.9.0
Error: command failed: /home/ubuntu/miniconda/envs/_build/bin/python setup.py install

conda create -n _pipbuild_ --yes python pip
/home/ubuntu/miniconda/envs/_pipbuild_/bin/pip install Kivy==1.9.0
Error: Could not pip install Kivy==1.9.0
