Error: prefix already exists: /home/ubuntu/miniconda/envs/_pipbuild_
Collecting klein==15.0.0
  Downloading http://localhost/packages/py2.py3/k/klein/klein-15.0.0-py2.py3-none-any.whl
Collecting werkzeug (from klein==15.0.0)
  Downloading http://localhost/packages/2.7/W/Werkzeug/Werkzeug-0.10.4-py2.py3-none-any.whl (293kB)
Collecting Twisted>=12.1 (from klein==15.0.0)
  Downloading http://localhost/packages/source/T/Twisted/Twisted-15.1.0.tar.bz2 (4.5MB)
setuptools must be installed to install from a source distribution
Package search: {'_pypi_ordering': False, 'version': '15.0.0', 'name': 'klein', 'summary': 'werkzeug + twisted.web'}
Creating standard recipe for klein-15.0.0
Using url https://pypi.python.org/packages/source/k/klein/klein-15.0.0.tar.gz (17 KB) for klein.
Downloading klein
Using cached download
Unpacking klein...
done
working in /tmp/tmp7EH4rFconda_skeleton_klein-15.0.0.tar.gz
Fetching package metadata: ......

WARNING: conda-build appears to be out of date. You have version 1.13.0 but the
latest version is 1.14.0. Run

conda update -n root conda-build

to get the latest version.

Solving package specifications: .patching file core.py
Hunk #1 succeeded at 168 with fuzz 2 (offset 2 lines).
Traceback (most recent call last):
  File "setup.py", line 5, in <module>
    from setuptools import setup
ImportError: No module named setuptools

Applying patch: '/tmp/tmp7EH4rFconda_skeleton_klein-15.0.0.tar.gz/pypi-distutils.patch'
$PYTHONPATH = /tmp/tmp7EH4rFconda_skeleton_klein-15.0.0.tar.gz/klein-15.0.0
Error: command failed: /home/ubuntu/miniconda/envs/_build/bin/python setup.py install

conda create -n _pipbuild_ --yes python pip
/home/ubuntu/miniconda/envs/_pipbuild_/bin/pip install klein==15.0.0
Error: Could not pip install klein==15.0.0
