Warning, the following versions were found for kombu
3.0.26
3.0.25
3.0.24
3.0.23
3.0.22
3.0.21
3.0.20
3.0.19
3.0.18
3.0.17-20140602
3.0.17
3.0.16
3.0.15
3.0.14
3.0.13
3.0.12
3.0.11
3.0.10
3.0.9
3.0.8
3.0.7
3.0.6
3.0.5
3.0.4
3.0.3
3.0.2
3.0.1
3.0.0
2.5.16
2.5.15
2.5.14
2.5.13
2.5.12
2.5.11
2.5.10
2.5.9
2.5.8
2.5.7
2.5.6
2.5.5
2.5.4
2.5.3
2.5.2
2.5.1
2.5.0
2.4.10
2.4.9
2.4.8
2.4.7
2.4.6
2.4.5
2.4.4
2.4.3
2.4.2
2.4.1
2.4.0
2.3.2
2.3.1
2.3.0
2.2.6
2.2.5
2.2.4
2.2.3
2.2.2
2.2.1
2.2.0
2.1.8
2.1.7
2.1.6
2.1.5
2.1.4
2.1.3
2.1.2
2.1.1
2.1.0
2.0.0
1.5.1
1.5.0
1.4.3
1.4.2
1.4.1
1.4.0
1.3.5
1.3.4
1.3.3
1.3.2
1.3.1
1.3.0
1.2.1
1.2.0
1.1.6
1.1.5
1.1.4
1.1.3
1.1.2
1.1.1
1.1.0
1.0.7
1.0.6
1.0.5
1.0.4
1.0.3
1.0.2
1.0.1
1.0.0
1.0.0rc4
1.0.0rc3
1.0.0rc2
1.0.0rc1
1.0.0b4
1.0.0b3
1.0.0b2
1.0.0b1
0.9.7
0.9.6
0.9.5
0.9.4
0.9.2
0.9.1
0.9.0
0.2.0
0.1.0
Using 3.0.26
Use --version to specify a different version.
Using url https://pypi.python.org/packages/source/k/kombu/kombu-3.0.26.tar.gz (367 KB) for kombu.
Downloading kombu
Using cached download
Unpacking kombu...
done
working in /tmp/tmpCN0cfUconda_skeleton_kombu-3.0.26.tar.gz
Fetching package metadata: ......

WARNING: conda-build appears to be out of date. You have version 1.13.0 but the
latest version is 1.14.1. Run

conda update -n root conda-build

to get the latest version.

Solving package specifications: .patching file core.py
Hunk #1 succeeded at 168 with fuzz 2 (offset 2 lines).

WARNING: conda-build appears to be out of date. You have version 1.13.0 but the
latest version is 1.14.1. Run

conda update -n root conda-build

to get the latest version.


Applying patch: '/tmp/tmpCN0cfUconda_skeleton_kombu-3.0.26.tar.gz/pypi-distutils.patch'
Warning, the following versions were found for softlayer_messaging
1.0.3
1.0.2
1.0.1
1.0.0
Using 1.0.3
Use --version to specify a different version.
Using url https://pypi.python.org/packages/source/s/softlayer_messaging/softlayer_messaging-1.0.3.tar.gz (5 KB) for softlayer_messaging.
Downloading softlayer_messaging
Using cached download
Unpacking softlayer_messaging...
done
working in /tmp/tmp97LyJYconda_skeleton_softlayer_messaging-1.0.3.tar.gz
Solving package specifications: .patching file core.py
Hunk #1 succeeded at 168 with fuzz 2 (offset 2 lines).

WARNING: conda-build appears to be out of date. You have version 1.13.0 but the
latest version is 1.14.1. Run

conda update -n root conda-build

to get the latest version.


Applying patch: '/tmp/tmp97LyJYconda_skeleton_softlayer_messaging-1.0.3.tar.gz/pypi-distutils.patch'
Using url https://pypi.python.org/packages/source/q/qpid-tools/qpid-tools-0.26.tar.gz (38 KB) for qpid-tools.
Downloading qpid-tools
Using cached download
Unpacking qpid-tools...
done
working in /tmp/tmpaTGmTaconda_skeleton_qpid-tools-0.26.tar.gz
Solving package specifications: .patching file core.py
Hunk #1 succeeded at 168 with fuzz 2 (offset 2 lines).

Applying patch: '/tmp/tmpaTGmTaconda_skeleton_qpid-tools-0.26.tar.gz/pypi-distutils.patch'
Warning, the following versions were found for qpid-python
0.26.2
0.26.1
0.26
0.20
Using 0.26.2
Use --version to specify a different version.
Error: Could not parse url for qpid-python: UNKNOWN
