Error: prefix already exists: /home/ubuntu/miniconda/envs/_pipbuild_
Exception:
Traceback (most recent call last):
  File "/home/ubuntu/miniconda/envs/_pipbuild_/lib/python2.7/site-packages/pip/basecommand.py", line 223, in main
    status = self.run(options, args)
  File "/home/ubuntu/miniconda/envs/_pipbuild_/lib/python2.7/site-packages/pip/commands/install.py", line 268, in run
    wheel_cache
  File "/home/ubuntu/miniconda/envs/_pipbuild_/lib/python2.7/site-packages/pip/basecommand.py", line 268, in populate_requirement_set
    wheel_cache=wheel_cache
  File "/home/ubuntu/miniconda/envs/_pipbuild_/lib/python2.7/site-packages/pip/req/req_install.py", line 207, in from_line
    wheel_cache=wheel_cache)
  File "/home/ubuntu/miniconda/envs/_pipbuild_/lib/python2.7/site-packages/pip/req/req_install.py", line 66, in __init__
    req = pkg_resources.Requirement.parse(req)
  File "/home/ubuntu/miniconda/envs/_pipbuild_/lib/python2.7/site-packages/pip/_vendor/pkg_resources/__init__.py", line 2960, in parse
    reqs = list(parse_requirements(s))
  File "/home/ubuntu/miniconda/envs/_pipbuild_/lib/python2.7/site-packages/pip/_vendor/pkg_resources/__init__.py", line 2904, in parse_requirements
    "version spec")
  File "/home/ubuntu/miniconda/envs/_pipbuild_/lib/python2.7/site-packages/pip/_vendor/pkg_resources/__init__.py", line 2869, in scan_list
    raise ValueError(msg, line, "at", line[p:])
ValueError: ('Expected version spec in', 'pytz==>=0a', 'at', '==>=0a')

Package search: {'_pypi_ordering': False, 'version': '1.1.4', 'name': 'Kotti', 'summary': 'A high-level, Pythonic web application framework based on Pyramid and SQLAlchemy.  It includes an extensible Content Management System called the Kotti CMS.'}
Creating standard recipe for kotti-1.1.4
Converting recipe in /home/ubuntu/pypi-conda-builds/kotti
package = Kotti
   dependencies = [u'babel', u'chameleon >=2.7.4', u'pillow', u'alembic', u'bleach', u'bleach-whitelist', u'colander >=0.9.3', u'deform >=2.0a1', u'docopt', u'filedepot', u'formencode', u'html2text', u'js.angular', u'js.bootstrap >=3.0.0', u'js.deform >=2.0a2-2', u'js.fineuploader', u'js.html5shiv', u'js.jquery', u'js.jquery_form', u'js.jquery_tablednd', u'js.jquery_timepicker_addon', u'js.jqueryui >=1.8.24', u'js.jqueryui_tagit', u'lingua >=1.3', u'plone.scale', u'py_bcrypt', u'pyramid >=1.5', u'pyramid_beaker', u'pyramid_chameleon', u'pyramid_debugtoolbar', u'pyramid_deform >=0.2a3', u'pyramid_mailer', u'pyramid_tm', u'pyramid_zcml', u'repoze.lru', u'repoze.workflow', u'sqlalchemy >=0.7.6', u'transaction >=1.1.0', u'unidecode', u'usersettings', u'waitress', u'zope.deprecation', u'zope.sqlalchemy']
Creating standard recipe for babel
Converting recipe in /home/ubuntu/pypi-conda-builds/babel
package = babel
   dependencies = [u'pytz >=0a']
Creating standard recipe for pytz->=0a
Error: Version >=0a of pytz is not available on PyPI.

conda create -n _pipbuild_ --yes python pip
/home/ubuntu/miniconda/envs/_pipbuild_/bin/pip install pytz==>=0a
Error: Could not pip install pytz==>=0a
