kotti not found, trying Kotti
Warning, the following versions were found for Kotti
1.1.4
1.1.3
1.1.2
1.1.1
1.1.0
1.1.0-alpha.1
1.0.0
1.0.0-alpha.4
1.0.0-alpha.3
1.0.0-alpha.2
1.0.0-alpha
0.10b1
0.10a4
0.10a3
0.10a2
0.10a1
0.9.2
0.9.1
0.9
0.9b2
0.9b1
0.9a2
0.9a1
0.8
0.8b2
0.8b1
0.8a2
0.8a1
0.7.2
0.7.1
0.7
0.7rc1
0.7a6
0.7a5
0.7a4
0.7a3
0.7a2
0.7a1
0.6.3
0.6.2
0.6.1
0.6.0
0.6.0b3
0.6.0b2
0.6.0b1
0.5.2
0.5.1
0.5.0
0.5.0rc2
0.5.0rc1
0.5.0a7
0.5.0a6
0.5.0a5
0.5.0a4
0.5.0a3
0.5.0a2
0.5.0a1
0.4.5
0.4.4
0.4.3
0.4.2
0.4.1
0.4.0
0.3.1
0.3.0
0.2.10
0.2.9
0.2.8
0.2.7
0.2.6
0.2.5
0.2.4
0.2.3
0.2.2
0.2.1
0.2
0.2a2
0.2a1
0.1.1
0.1
0.1a9
0.1a8
0.1a7
0.1a6
0.1a5
0.1a4
0.1a3
0.1a2
0.1a1
Using 1.1.4
Use --version to specify a different version.
Using url https://pypi.python.org/packages/source/K/Kotti/Kotti-1.1.4.tar.gz (545 KB) for Kotti.
Downloading Kotti
Unpacking Kotti...
done
working in /tmp/tmpkrGSzZconda_skeleton_Kotti-1.1.4.tar.gz
Fetching package metadata: ......

WARNING: conda-build appears to be out of date. You have version 1.13.0 but the
latest version is 1.14.1. Run

conda update -n root conda-build

to get the latest version.

Solving package specifications: .patching file core.py
Hunk #1 succeeded at 168 with fuzz 2 (offset 2 lines).

WARNING: conda-build appears to be out of date. You have version 1.13.0 but the
latest version is 1.14.1. Run

conda update -n root conda-build

to get the latest version.


Applying patch: '/tmp/tmpkrGSzZconda_skeleton_Kotti-1.1.4.tar.gz/pypi-distutils.patch'
WARNING: Could not add entry points. They were:
      [paste.app_factory]
      main = kotti:main

      [fanstatic.libraries]
      kotti = kotti.fanstatic:lib_kotti

      [console_scripts]
      kotti-migrate = kotti.migrate:kotti_migrate_command
      kotti-reset-workflow = kotti.workflow:reset_workflow_command
      kotti-migrate-storage = kotti.filedepot:migrate_storages_command

      [pytest11]
      kotti = kotti.tests

      [pyramid.scaffold]
      kotti=kotti.scaffolds:KottiPackageTemplate
      
Warning, the following versions were found for zope.testbrowser
4.0.4
4.0.3
4.0.2
4.0.1
4.0.0
3.11.1
3.11.0
3.10.4
3.10.3
3.10.2
3.10.1
3.10.0
3.9.0
3.8.2
3.8.1
3.8.0
3.7.0
3.7.0a1
3.6.0
3.6.0a2
3.6.0a1
3.5.1
3.5.0
3.4.4
3.4.3
3.4.2
3.4.1
3.4.0
Using 4.0.4
Use --version to specify a different version.
Using url https://pypi.python.org/packages/source/z/zope.testbrowser/zope.testbrowser-4.0.4.zip (100 KB) for zope.testbrowser.
Downloading zope.testbrowser
Using cached download
Unpacking zope.testbrowser...
done
working in /tmp/tmpySdmyHconda_skeleton_zope.testbrowser-4.0.4.zip
Solving package specifications: .patching file core.py
Hunk #1 succeeded at 168 with fuzz 2 (offset 2 lines).

Applying patch: '/tmp/tmpySdmyHconda_skeleton_zope.testbrowser-4.0.4.zip/pypi-distutils.patch'
Error: Could not parse: zope.testbrowser [test,zope-functional-testing]
