Warning, the following versions were found for kss.core
1.6.5
1.6.4
1.6.3
1.6.2
1.6.1
1.6.0
1.6.0.a3
1.6.0.a2
1.6.0a1
1.4.9
1.4.8
1.4.7
1.4.6
1.4.5
1.4.4
1.4.3
1.4.2
1.4.1
1.4
1.4-rc1
1.4-alpha1
1.2.4
1.2.3
1.2.2
1.2.1
1.2
1.2-rc2
1.2-rc1.1
1.2-rc1
1.2-beta2
1.2-beta1
1.2-alpha2
Using 1.6.5
Use --version to specify a different version.
Using url https://pypi.python.org/packages/source/k/kss.core/kss.core-1.6.5.zip (542 KB) for kss.core.
Downloading kss.core
Using cached download
Unpacking kss.core...
done
working in /tmp/tmpLcuj8iconda_skeleton_kss.core-1.6.5.zip
Fetching package metadata: ......

WARNING: conda-build appears to be out of date. You have version 1.13.0 but the
latest version is 1.14.1. Run

conda update -n root conda-build

to get the latest version.

Solving package specifications: .patching file core.py
Hunk #1 succeeded at 168 with fuzz 2 (offset 2 lines).

WARNING: conda-build appears to be out of date. You have version 1.13.0 but the
latest version is 1.14.1. Run

conda update -n root conda-build

to get the latest version.


The following NEW packages will be INSTALLED:

    numpy:  1.9.2-py27_0
    pyyaml: 3.11-py27_1 
    yaml:   0.1.6-0     

Linking packages ...
[                    ]|                                                  |   0%[yaml                ]|                                                  |   0%[numpy               ]|################                                  |  33%[pyyaml              ]|#################################                 |  66%[      COMPLETE      ]|##################################################| 100%
Applying patch: '/tmp/tmpLcuj8iconda_skeleton_kss.core-1.6.5.zip/pypi-distutils.patch'
Warning, the following versions were found for zope.traversing
4.0.0
4.0.0a3
4.0.0a2
4.0.0a1
3.14.0
3.13.2
3.13.1
3.13
3.12.1
3.12.0
3.11.0
3.10.0
3.9.0
3.8.0
3.7.2
3.7.1
3.7.0
3.6.0
3.5.4
3.5.3
3.5.2
3.5.1
3.5.0
3.5.0a4
3.5.0a3
3.5.0a2
3.4.1
3.4.0
3.4dev-r72940
Using 4.0.0
Use --version to specify a different version.
Using url https://pypi.python.org/packages/source/z/zope.traversing/zope.traversing-4.0.0.zip (57 KB) for zope.traversing.
Downloading zope.traversing
Using cached download
Unpacking zope.traversing...
done
working in /tmp/tmpFI7Tq4conda_skeleton_zope.traversing-4.0.0.zip
Solving package specifications: .patching file core.py
Hunk #1 succeeded at 168 with fuzz 2 (offset 2 lines).

WARNING: conda-build appears to be out of date. You have version 1.13.0 but the
latest version is 1.14.1. Run

conda update -n root conda-build

to get the latest version.


Applying patch: '/tmp/tmpFI7Tq4conda_skeleton_zope.traversing-4.0.0.zip/pypi-distutils.patch'
Warning, the following versions were found for zope.testrunner
4.4.9
4.4.8
4.4.7
4.4.6
4.4.5
4.4.4
4.4.3
4.4.2
4.4.1
4.4.0
4.3.3
4.3.2
4.3.1
4.3.0
4.2.0
4.1.1
4.1.0
4.0.4
4.0.3
4.0.2
4.0.1
4.0.0
4.0.0b5
4.0.0b4
4.0.0b3
4.0.0b2
4.0.0b1
Using 4.4.9
Use --version to specify a different version.
Using url https://pypi.python.org/packages/source/z/zope.testrunner/zope.testrunner-4.4.9.zip (258 KB) for zope.testrunner.
Downloading zope.testrunner
Using cached download
Unpacking zope.testrunner...
done
working in /tmp/tmpakAjoCconda_skeleton_zope.testrunner-4.4.9.zip
Solving package specifications: .patching file core.py
Hunk #1 succeeded at 168 with fuzz 2 (offset 2 lines).

WARNING: conda-build appears to be out of date. You have version 1.13.0 but the
latest version is 1.14.1. Run

conda update -n root conda-build

to get the latest version.


Applying patch: '/tmp/tmpakAjoCconda_skeleton_zope.testrunner-4.4.9.zip/pypi-distutils.patch'
Warning, the following versions were found for zope.tales
4.1.1
4.1.0
4.0.2
4.0.1
4.0.0
3.5.3
3.5.2
3.5.1
3.5.0
3.4.1
3.4.0
3.4dev-r73259
Using 4.1.1
Use --version to specify a different version.
Using url https://pypi.python.org/packages/source/z/zope.tales/zope.tales-4.1.1.tar.gz (21 KB) for zope.tales.
Downloading zope.tales
zope.tales-4.1   0% |                              | ETA:  --:--:--   0.00  B/szope.tales-4.1  77% |########################       | ETA:  0:00:00  35.46 MB/szope.tales-4.1 100% |###############################| ETA:  0:00:00  30.74 MB/szope.tales-4.1 100% |###############################| Time: 0:00:00  21.77 MB/s
Unpacking zope.tales...
done
working in /tmp/tmpgJK35Oconda_skeleton_zope.tales-4.1.1.tar.gz
Solving package specifications: .patching file core.py
Hunk #1 succeeded at 168 with fuzz 2 (offset 2 lines).

WARNING: conda-build appears to be out of date. You have version 1.13.0 but the
latest version is 1.14.1. Run

conda update -n root conda-build

to get the latest version.


Applying patch: '/tmp/tmpgJK35Oconda_skeleton_zope.tales-4.1.1.tar.gz/pypi-distutils.patch'
Warning, the following versions were found for zope.tal
4.1.1
4.1.0
4.0.0
4.0.0a1
3.6.1
3.6.0
3.5.2
3.5.1
3.5.0
3.4.1
3.4.0
3.4dev-r73407
Using 4.1.1
Use --version to specify a different version.
Using url https://pypi.python.org/packages/source/z/zope.tal/zope.tal-4.1.1.tar.gz (90 KB) for zope.tal.
Downloading zope.tal
zope.tal-4.1.1   0% |                              | ETA:  --:--:--   0.00  B/szope.tal-4.1.1  17% |#####                          | Time: 0:00:00  45.51 MB/szope.tal-4.1.1  35% |###########                    | Time: 0:00:00   5.73 MB/szope.tal-4.1.1  53% |################               | Time: 0:00:00   4.10 MB/szope.tal-4.1.1  71% |######################         | Time: 0:00:00   5.07 MB/szope.tal-4.1.1  88% |###########################    | Time: 0:00:00   4.54 MB/szope.tal-4.1.1 100% |###############################| Time: 0:00:00   5.06 MB/szope.tal-4.1.1 100% |###############################| Time: 0:00:00   5.02 MB/szope.tal-4.1.1 100% |###############################| Time: 0:00:00   4.97 MB/s
Unpacking zope.tal...
done
working in /tmp/tmpL8sk3bconda_skeleton_zope.tal-4.1.1.tar.gz
Solving package specifications: .patching file core.py
Hunk #1 succeeded at 168 with fuzz 2 (offset 2 lines).

WARNING: conda-build appears to be out of date. You have version 1.13.0 but the
latest version is 1.14.1. Run

conda update -n root conda-build

to get the latest version.


Applying patch: '/tmp/tmpL8sk3bconda_skeleton_zope.tal-4.1.1.tar.gz/pypi-distutils.patch'
Warning, the following versions were found for zope.i18nmessageid
4.0.3
4.0.2
4.0.1
4.0.0
3.6.1
3.6.0
3.5.3
3.5.2
3.5.1
3.5.0
3.4.3
3.4.2
3.4.0
3.4dev-r73161
Using 4.0.3
Use --version to specify a different version.
Using url https://pypi.python.org/packages/source/z/zope.i18nmessageid/zope.i18nmessageid-4.0.3.tar.gz (400 KB) for zope.i18nmessageid.
Downloading zope.i18nmessageid
Using cached download
Unpacking zope.i18nmessageid...
done
working in /tmp/tmpzoREwuconda_skeleton_zope.i18nmessageid-4.0.3.tar.gz
Solving package specifications: .patching file core.py
Hunk #1 succeeded at 168 with fuzz 2 (offset 2 lines).

Applying patch: '/tmp/tmpzoREwuconda_skeleton_zope.i18nmessageid-4.0.3.tar.gz/pypi-distutils.patch'
Error: Could not find any versions of package zope.security[zcml]
