Warning, the following versions were found for lettuce
0.2.20
0.2.19
0.2.18
0.2.17
0.2.16
0.2.15
0.2.14
0.2.13
0.2.12
0.2.11
0.2.10
0.2.9
0.2.7
0.2.6
0.2.5
0.2.4
0.2.3
0.2.2
0.2.1
0.2.0
0.1.35
0.1.34
0.1.33
0.1.32
0.1.31
0.1.30
0.1.29
0.1.28
0.1.27
0.1.26
0.1.25
0.1.24
0.1.23
0.1.22
0.1.21
0.1.20
0.1.19
0.1.18
0.1.17
0.1.16
0.1.15
0.1.14
0.1.13
0.1.12
0.1.11
0.1.10
0.1.9
0.1.8
0.1.7
0.1.6
0.1.5
0.1.4.1
0.1.4
0.1.3
0.1.2
0.1.1
0.1
0.1rc13
0.1rc12
0.1rc11
0.1rc10
0.1rc9
0.1rc8
0.1rc7
0.1rc6
0.1rc5
0.1rc4
0.1rc1
Using 0.2.20
Use --version to specify a different version.
Using url https://pypi.python.org/packages/source/l/lettuce/lettuce-0.2.20.tar.gz (53 KB) for lettuce.
Downloading lettuce
Using cached download
Unpacking lettuce...
done
working in /tmp/tmpgYZKSuconda_skeleton_lettuce-0.2.20.tar.gz
Fetching package metadata: ......

WARNING: conda-build appears to be out of date. You have version 1.13.0 but the
latest version is 1.14.1. Run

conda update -n root conda-build

to get the latest version.

Solving package specifications: .patching file core.py
Hunk #1 succeeded at 168 with fuzz 2 (offset 2 lines).

WARNING: conda-build appears to be out of date. You have version 1.13.0 but the
latest version is 1.14.1. Run

conda update -n root conda-build

to get the latest version.


The following NEW packages will be INSTALLED:

    numpy:  1.9.2-py27_0
    pyyaml: 3.11-py27_1 
    yaml:   0.1.6-0     

Linking packages ...
[                    ]|                                                  |   0%[yaml                ]|                                                  |   0%[numpy               ]|################                                  |  33%[pyyaml              ]|#################################                 |  66%[      COMPLETE      ]|##################################################| 100%
Applying patch: '/tmp/tmpgYZKSuconda_skeleton_lettuce-0.2.20.tar.gz/pypi-distutils.patch'
Warning, the following versions were found for sure
1.2.12
1.2.11
1.2.10
1.2.9
1.2.8
1.2.7
1.2.5
1.2.4
1.2.3
1.2.2
1.2.1
1.2.0
1.1.7
1.1.6
1.1.5
1.1.4
1.1.3
1.1.2
1.1.1
1.1.0
1.0.6
1.0.5
1.0.4
1.0.3
1.0.2-alpha
1.0.1alpha
1.0.0alpha
0.10.4
0.10.3
0.10.2
0.10.1
0.10.0
0.9.3
0.9.2
0.9.1
0.9.0
0.8.1
0.8.0
0.7.0
0.6.1
0.6
0.5.1
0.5.0
0.4.0
0.3
0.2
0.1.9
0.1.8
0.1.7-alpha
0.1.6-alpha
0.1.5-unreleased
0.1.3-unreleased
0.1-unreleased
Using 1.2.12
Use --version to specify a different version.
Using url https://pypi.python.org/packages/source/s/sure/sure-1.2.12.tar.gz (27 KB) for sure.
Downloading sure
Using cached download
Unpacking sure...
done
working in /tmp/tmp6AeOZ6conda_skeleton_sure-1.2.12.tar.gz
Solving package specifications: .patching file core.py
Hunk #1 succeeded at 168 with fuzz 2 (offset 2 lines).

Applying patch: '/tmp/tmp6AeOZ6conda_skeleton_sure-1.2.12.tar.gz/pypi-distutils.patch'
Writing recipe for lettuce
Writing recipe for sure
Done
