Error: prefix already exists: /home/ubuntu/miniconda/envs/_pipbuild_
Collecting lettuce==0.2.20
  Downloading http://localhost/packages/source/l/lettuce/lettuce-0.2.20.tar.gz (54kB)
setuptools must be installed to install from a source distribution
Package search: {'_pypi_ordering': False, 'version': '0.2.20', 'name': 'lettuce', 'summary': 'Behaviour Driven Development for python'}
Creating standard recipe for lettuce-0.2.20
Using url https://pypi.python.org/packages/source/l/lettuce/lettuce-0.2.20.tar.gz (53 KB) for lettuce.
Downloading lettuce
Using cached download
Unpacking lettuce...
done
working in /tmp/tmpID9iDmconda_skeleton_lettuce-0.2.20.tar.gz
Fetching package metadata: ......

WARNING: conda-build appears to be out of date. You have version 1.13.0 but the
latest version is 1.14.0. Run

conda update -n root conda-build

to get the latest version.

Solving package specifications: .patching file core.py
Hunk #1 succeeded at 168 with fuzz 2 (offset 2 lines).
Traceback (most recent call last):
  File "setup.py", line 20, in <module>
    from setuptools import setup
ImportError: No module named setuptools

Applying patch: '/tmp/tmpID9iDmconda_skeleton_lettuce-0.2.20.tar.gz/pypi-distutils.patch'
$PYTHONPATH = /tmp/tmpID9iDmconda_skeleton_lettuce-0.2.20.tar.gz/lettuce-0.2.20
Error: command failed: /home/ubuntu/miniconda/envs/_build/bin/python setup.py install

conda create -n _pipbuild_ --yes python pip
/home/ubuntu/miniconda/envs/_pipbuild_/bin/pip install lettuce==0.2.20
Error: Could not pip install lettuce==0.2.20
