Error: prefix already exists: /home/ubuntu/miniconda/envs/_pipbuild_
Collecting librabbitmq==1.6.1
  Downloading http://localhost/packages/source/l/librabbitmq/librabbitmq-1.6.1.tar.gz (529kB)
setuptools must be installed to install from a source distribution
Package search: {'_pypi_ordering': False, 'version': '1.6.1', 'name': 'librabbitmq', 'summary': 'AMQP Client using the rabbitmq-c library.'}
Creating standard recipe for librabbitmq-1.6.1
Using url https://pypi.python.org/packages/source/l/librabbitmq/librabbitmq-1.6.1.tar.gz (517 KB) for librabbitmq.
Downloading librabbitmq
Using cached download
Unpacking librabbitmq...
done
working in /tmp/tmpSLYgpaconda_skeleton_librabbitmq-1.6.1.tar.gz
Fetching package metadata: ......

WARNING: conda-build appears to be out of date. You have version 1.13.0 but the
latest version is 1.14.0. Run

conda update -n root conda-build

to get the latest version.

Solving package specifications: .patching file core.py
Hunk #1 succeeded at 168 with fuzz 2 (offset 2 lines).
Traceback (most recent call last):
  File "setup.py", line 4, in <module>
    from setuptools import setup, find_packages
ImportError: No module named setuptools

Applying patch: '/tmp/tmpSLYgpaconda_skeleton_librabbitmq-1.6.1.tar.gz/pypi-distutils.patch'
$PYTHONPATH = /tmp/tmpSLYgpaconda_skeleton_librabbitmq-1.6.1.tar.gz/librabbitmq-1.6.1
Error: command failed: /home/ubuntu/miniconda/envs/_build/bin/python setup.py install

conda create -n _pipbuild_ --yes python pip
/home/ubuntu/miniconda/envs/_pipbuild_/bin/pip install librabbitmq==1.6.1
Error: Could not pip install librabbitmq==1.6.1
