Error: prefix already exists: /home/ubuntu/miniconda/envs/_pipbuild_
Collecting librato-metrics==0.8.3
  Downloading http://localhost/packages/source/l/librato-metrics/librato-metrics-0.8.3.tar.gz
setuptools must be installed to install from a source distribution
Package search: {'_pypi_ordering': False, 'version': '0.4.1', 'name': 'librato-metrics', 'summary': 'Python API Wrapper for Librato'}
Creating standard recipe for librato-metrics-0.8.3
Using url https://pypi.python.org/packages/source/l/librato-metrics/librato-metrics-0.8.3.tar.gz (11 KB) for librato-metrics.
Downloading librato-metrics
Using cached download
Unpacking librato-metrics...
done
working in /tmp/tmpvHV__Bconda_skeleton_librato-metrics-0.8.3.tar.gz
Fetching package metadata: ......

WARNING: conda-build appears to be out of date. You have version 1.13.0 but the
latest version is 1.14.0. Run

conda update -n root conda-build

to get the latest version.

Solving package specifications: .patching file core.py
Hunk #1 succeeded at 168 with fuzz 2 (offset 2 lines).
Traceback (most recent call last):
  File "setup.py", line 5, in <module>
    from setuptools import setup
ImportError: No module named setuptools

Applying patch: '/tmp/tmpvHV__Bconda_skeleton_librato-metrics-0.8.3.tar.gz/pypi-distutils.patch'
$PYTHONPATH = /tmp/tmpvHV__Bconda_skeleton_librato-metrics-0.8.3.tar.gz/librato-metrics-0.8.3
Error: command failed: /home/ubuntu/miniconda/envs/_build/bin/python setup.py install

conda create -n _pipbuild_ --yes python pip
/home/ubuntu/miniconda/envs/_pipbuild_/bin/pip install librato-metrics==0.8.3
Error: Could not pip install librato-metrics==0.8.3
