Removing old build directory
Removing old work directory
BUILD START: librabbitmq-1.6.1-py27_0
Fetching package metadata: ......

WARNING: conda-build appears to be out of date. You have version 1.13.0 but the
latest version is 1.14.1. Run

conda update -n root conda-build

to get the latest version.

Solving package specifications: .................
Warning: 2 possible package resolutions (only showing differing packages):
	[u'amqp-1.4.6-py_0.tar.bz2'],
	[u'amqp-1.4.6-py27_0.tar.bz2'],
/home/ubuntu/miniconda/pkgs/amqp-1.4.6-py_0/bin/.amqp-pre-link.sh: line 2: /home/ubuntu/miniconda/envs/_build/bin/python: No such file or directory

The following packages will be downloaded:

    package                    |            build
    ---------------------------|-----------------
    amqp-1.4.6                 |             py_0          36 KB

The following NEW packages will be INSTALLED:

    amqp:       1.4.6-py_0   
    openssl:    1.0.1k-1     
    pip:        7.0.3-py27_0 
    python:     2.7.10-0     
    readline:   6.2-2        
    setuptools: 18.0.1-py27_0
    sqlite:     3.8.4.1-1    
    system:     5.8-2        
    tk:         8.5.18-0     
    zlib:       1.2.8-0      

Fetching packages ...
amqp-1.4.6-py_   0% |                              | ETA:  --:--:--   0.00  B/samqp-1.4.6-py_  44% |#############                  | ETA:  0:00:00  33.17 MB/samqp-1.4.6-py_  89% |###########################    | ETA:  0:00:00  46.54 MB/samqp-1.4.6-py_ 100% |###############################| ETA:  0:00:00  42.75 MB/samqp-1.4.6-py_ 100% |###############################| Time: 0:00:00  33.31 MB/s
Extracting packages ...
[                    ]|                                                  |   0%[amqp                ]|                                                  |   0%[      COMPLETE      ]|##################################################| 100%
Linking packages ...
[      COMPLETE      ]|                                                  |   0%[openssl             ]|                                                  |   0%[openssl             ]|                                                  |   0%[readline            ]|#####                                             |  10%[sqlite              ]|##########                                        |  20%[system              ]|###############                                   |  30%[tk                  ]|####################                              |  40%[zlib                ]|#########################                         |  50%[amqp                ]|##############################                    |  60%Error: pre-link failed: amqp-1.4.6-py_0
