Removing old build directory
Removing old work directory
BUILD START: libvirt-python-1.2.16-py_0
Fetching package metadata: ......

WARNING: conda-build appears to be out of date. You have version 1.13.0 but the
latest version is 1.14.0. Run

conda update -n root conda-build

to get the latest version.

Solving package specifications: .+ pip install libvirt-python
Collecting libvirt-python
  Downloading http://localhost/packages/source/l/libvirt-python/libvirt-python-1.2.15.tar.gz (166kB)
Installing collected packages: libvirt-python
  Running setup.py install for libvirt-python
    Complete output from command /home/ubuntu/miniconda/envs/_build/bin/python -c "import setuptools, tokenize;__file__='/tmp/pip-build-nviFJF/libvirt-python/setup.py';exec(compile(getattr(tokenize, 'open', open)(__file__).read().replace('\r\n', '\n'), __file__, 'exec'))" install --record /tmp/pip-hJ8_3s-record/install-record.txt --single-version-externally-managed --compile:
    running install
    running build
    Traceback (most recent call last):
      File "<string>", line 1, in <module>
      File "/tmp/pip-build-nviFJF/libvirt-python/setup.py", line 335, in <module>
        "Programming Language :: Python :: 3",
      File "/home/ubuntu/miniconda/envs/_build/lib/python2.7/distutils/core.py", line 151, in setup
        dist.run_commands()
      File "/home/ubuntu/miniconda/envs/_build/lib/python2.7/distutils/dist.py", line 953, in run_commands
        self.run_command(cmd)
      File "/home/ubuntu/miniconda/envs/_build/lib/python2.7/distutils/dist.py", line 972, in run_command
        cmd_obj.run()
      File "/home/ubuntu/miniconda/envs/_build/lib/python2.7/site-packages/setuptools/command/install.py", line 61, in run
        return orig.install.run(self)
      File "/home/ubuntu/miniconda/envs/_build/lib/python2.7/distutils/command/install.py", line 563, in run
        self.run_command('build')
      File "/home/ubuntu/miniconda/envs/_build/lib/python2.7/distutils/cmd.py", line 326, in run_command
        self.distribution.run_command(command)
      File "/home/ubuntu/miniconda/envs/_build/lib/python2.7/distutils/dist.py", line 972, in run_command
        cmd_obj.run()
      File "/tmp/pip-build-nviFJF/libvirt-python/setup.py", line 141, in run
        check_minimum_libvirt_version()
      File "/tmp/pip-build-nviFJF/libvirt-python/setup.py", line 37, in check_minimum_libvirt_version
        spawn([get_pkgcfg(),
      File "/tmp/pip-build-nviFJF/libvirt-python/setup.py", line 33, in get_pkgcfg
        raise Exception("pkg-config binary is required to compile libvirt-python")
    Exception: pkg-config binary is required to compile libvirt-python
    
    ----------------------------------------
Command "/home/ubuntu/miniconda/envs/_build/bin/python -c "import setuptools, tokenize;__file__='/tmp/pip-build-nviFJF/libvirt-python/setup.py';exec(compile(getattr(tokenize, 'open', open)(__file__).read().replace('\r\n', '\n'), __file__, 'exec'))" install --record /tmp/pip-hJ8_3s-record/install-record.txt --single-version-externally-managed --compile" failed with error code 1 in /tmp/pip-build-nviFJF/libvirt-python

The following NEW packages will be INSTALLED:

    openssl:    1.0.1k-1     
    pip:        7.0.3-py27_0 
    python:     2.7.10-0     
    readline:   6.2-2        
    setuptools: 18.0.1-py27_0
    sqlite:     3.8.4.1-1    
    system:     5.8-2        
    tk:         8.5.18-0     
    zlib:       1.2.8-0      

Linking packages ...
[                    ]|                                                  |   0%[openssl             ]|                                                  |   0%[readline            ]|#####                                             |  11%[sqlite              ]|###########                                       |  22%[system              ]|################                                  |  33%[tk                  ]|######################                            |  44%[zlib                ]|###########################                       |  55%[python              ]|#################################                 |  66%[setuptools          ]|######################################            |  77%[pip                 ]|############################################      |  88%[      COMPLETE      ]|##################################################| 100%
Removing old work directory
Copying /home/ubuntu/pypi-conda-builds/libvirt-python to /home/ubuntu/miniconda/conda-bld/work
Package: libvirt-python-1.2.16-py_0
source tree in: /home/ubuntu/miniconda/conda-bld/work
Command failed: /bin/bash -x -e /home/ubuntu/pypi-conda-builds/libvirt-python/build.sh
Package search: {'_pypi_ordering': False, 'version': '1.2.16', 'name': 'libvirt-python', 'summary': 'The libvirt virtualization API python binding'}
Creating standard recipe for libvirt-python-1.2.16
Converting recipe in /home/ubuntu/pypi-conda-builds/libvirt-python
package = libvirt-python
   dependencies = []
Building conda package for libvirt-python
