Error: prefix already exists: /home/ubuntu/miniconda/envs/_pipbuild_
Collecting livereload==2.4.0
  Could not find a version that satisfies the requirement livereload==2.4.0 (from versions: 0.4, 0.5, 0.6, 0.7, 0.8, 0.9, 0.10, 0.11, 0.12, 0.13, 0.14, 0.15, 1.0.0, 1.0.1, 2.0.0, 2.1.0, 2.2.0, 2.2.1, 2.2.2, 2.3.0, 2.3.1, 2.3.2)
No matching distribution found for livereload==2.4.0
Package search: {'_pypi_ordering': False, 'version': '2.4.0', 'name': 'livereload', 'summary': 'Python LiveReload is an awesome tool for web developers'}
Creating standard recipe for livereload-2.4.0
Using url https://pypi.python.org/packages/source/l/livereload/livereload-2.4.0.tar.gz (19 KB) for livereload.
Downloading livereload
Using cached download
Unpacking livereload...
done
working in /tmp/tmpjYXt1uconda_skeleton_livereload-2.4.0.tar.gz
Fetching package metadata: ......

WARNING: conda-build appears to be out of date. You have version 1.13.0 but the
latest version is 1.14.0. Run

conda update -n root conda-build

to get the latest version.

Solving package specifications: .patching file core.py
Hunk #1 succeeded at 168 with fuzz 2 (offset 2 lines).
Traceback (most recent call last):
  File "setup.py", line 5, in <module>
    from setuptools import setup
ImportError: No module named setuptools

Applying patch: '/tmp/tmpjYXt1uconda_skeleton_livereload-2.4.0.tar.gz/pypi-distutils.patch'
$PYTHONPATH = /tmp/tmpjYXt1uconda_skeleton_livereload-2.4.0.tar.gz/livereload-2.4.0
Error: command failed: /home/ubuntu/miniconda/envs/_build/bin/python setup.py install

conda create -n _pipbuild_ --yes python pip
/home/ubuntu/miniconda/envs/_pipbuild_/bin/pip install livereload==2.4.0
Error: Could not pip install livereload==2.4.0
