Warning, the following versions were found for ll-orasql
1.27.1
1.27
1.26
1.25.4
1.25.3
1.25.2
1.25.1
1.25
1.24.1
1.24
1.23.4
1.23.3
1.23.2
1.23
1.21.1
1.20
1.19
1.18
1.17.5
1.17.4
1.17.3
1.17.2
1.17.1
1.17
1.16
1.15
1.14
1.13
1.12.2
1.12.1
1.12
1.11.1
1.11
1.10
1.9.4
1.9.3
1.9.2
1.9.1
1.9
1.8.1
1.8
1.7.2
1.7.1
1.7
1.6
1.5
1.4.3
1.4.2
1.4
1.2
1.1
1.0
0.6
0.4.1
0.4
0.3
Using 1.27.1
Use --version to specify a different version.
Using url https://pypi.python.org/packages/source/l/ll-orasql/ll-orasql-1.27.1.tar.bz2 (31 KB) for ll-orasql.
Downloading ll-orasql
Unpacking ll-orasql...
done
working in /tmp/tmpUpGSk0conda_skeleton_ll-orasql-1.27.1.tar.bz2
Fetching package metadata: ......

WARNING: conda-build appears to be out of date. You have version 1.13.0 but the
latest version is 1.14.1. Run

conda update -n root conda-build

to get the latest version.

Solving package specifications: .patching file core.py
Hunk #1 succeeded at 168 with fuzz 2 (offset 2 lines).

WARNING: conda-build appears to be out of date. You have version 1.13.0 but the
latest version is 1.14.1. Run

conda update -n root conda-build

to get the latest version.


The following NEW packages will be INSTALLED:

    numpy:      1.9.2-py27_0 
    openssl:    1.0.1k-1     
    pip:        7.0.3-py27_0 
    python:     2.7.10-0     
    pyyaml:     3.11-py27_1  
    readline:   6.2-2        
    setuptools: 18.0.1-py27_0
    sqlite:     3.8.4.1-1    
    system:     5.8-2        
    tk:         8.5.18-0     
    yaml:       0.1.6-0      
    zlib:       1.2.8-0      

Linking packages ...
[                    ]|                                                  |   0%[openssl             ]|                                                  |   0%[readline            ]|####                                              |   8%[sqlite              ]|########                                          |  16%[system              ]|############                                      |  25%[tk                  ]|################                                  |  33%[yaml                ]|####################                              |  41%[zlib                ]|#########################                         |  50%[numpy               ]|#############################                     |  58%[python              ]|#################################                 |  66%[pyyaml              ]|#####################################             |  75%[setuptools          ]|#########################################         |  83%[pip                 ]|#############################################     |  91%[      COMPLETE      ]|##################################################| 100%
Applying patch: '/tmp/tmpUpGSk0conda_skeleton_ll-orasql-1.27.1.tar.bz2/pypi-distutils.patch'
cx_oracle not found, trying cx_Oracle
Warning, the following versions were found for cx_Oracle
5.2
5.1.3
5.1.2
5.1.1
5.1
5.0.4
5.0.3
5.0.2
5.0.1
5.0
4.4.1
4.4
4.3.3
4.3.2
4.3.1
4.3
4.2.1
4.2
4.1.2
4.1
4.0
3.1
Using 5.2
Use --version to specify a different version.
Using url https://pypi.python.org/packages/source/c/cx_Oracle/cx_Oracle-5.2.tar.gz (106 KB) for cx_Oracle.
Downloading cx_Oracle
Using cached download
Unpacking cx_Oracle...
done
working in /tmp/tmpyUPZZAconda_skeleton_cx_Oracle-5.2.tar.gz
Solving package specifications: .patching file core.py
Hunk #1 succeeded at 168 with fuzz 2 (offset 2 lines).
Traceback (most recent call last):
  File "setup.py", line 170, in <module>
    raise DistutilsSetupError("cannot locate an Oracle software " \
distutils.errors.DistutilsSetupError: cannot locate an Oracle software installation

Applying patch: '/tmp/tmpyUPZZAconda_skeleton_cx_Oracle-5.2.tar.gz/pypi-distutils.patch'
$PYTHONPATH = /tmp/tmpyUPZZAconda_skeleton_cx_Oracle-5.2.tar.gz/cx_Oracle-5.2
Error: command failed: /home/ubuntu/miniconda/envs/_build/bin/python setup.py install
