Removing old build directory
Removing old work directory
BUILD START: lockfile-0.10.2-py_0
Fetching package metadata: ......

WARNING: conda-build appears to be out of date. You have version 1.13.0 but the
latest version is 1.14.1. Run

conda update -n root conda-build

to get the latest version.

Solving package specifications: .+ /home/ubuntu/miniconda/envs/_build/bin/python setup.py install

Installed /home/ubuntu/miniconda/conda-bld/work/lockfile-0.10.2/.eggs/pbr-1.2.0-py2.7.egg
running install
running build
running build_py
creating build
creating build/lib
creating build/lib/lockfile
copying lockfile/pidlockfile.py -> build/lib/lockfile
copying lockfile/mkdirlockfile.py -> build/lib/lockfile
copying lockfile/linklockfile.py -> build/lib/lockfile
copying lockfile/sqlitelockfile.py -> build/lib/lockfile
copying lockfile/symlinklockfile.py -> build/lib/lockfile
copying lockfile/__init__.py -> build/lib/lockfile
running egg_info
writing lockfile.egg-info/PKG-INFO
writing top-level names to lockfile.egg-info/top_level.txt
writing dependency_links to lockfile.egg-info/dependency_links.txt
[pbr] Reusing existing SOURCES.txt
running install_lib
creating /home/ubuntu/miniconda/envs/_build/lib/python2.7/site-packages/lockfile
copying build/lib/lockfile/pidlockfile.py -> /home/ubuntu/miniconda/envs/_build/lib/python2.7/site-packages/lockfile
copying build/lib/lockfile/mkdirlockfile.py -> /home/ubuntu/miniconda/envs/_build/lib/python2.7/site-packages/lockfile
copying build/lib/lockfile/linklockfile.py -> /home/ubuntu/miniconda/envs/_build/lib/python2.7/site-packages/lockfile
copying build/lib/lockfile/sqlitelockfile.py -> /home/ubuntu/miniconda/envs/_build/lib/python2.7/site-packages/lockfile
copying build/lib/lockfile/symlinklockfile.py -> /home/ubuntu/miniconda/envs/_build/lib/python2.7/site-packages/lockfile
copying build/lib/lockfile/__init__.py -> /home/ubuntu/miniconda/envs/_build/lib/python2.7/site-packages/lockfile
byte-compiling /home/ubuntu/miniconda/envs/_build/lib/python2.7/site-packages/lockfile/pidlockfile.py to pidlockfile.pyc
byte-compiling /home/ubuntu/miniconda/envs/_build/lib/python2.7/site-packages/lockfile/mkdirlockfile.py to mkdirlockfile.pyc
byte-compiling /home/ubuntu/miniconda/envs/_build/lib/python2.7/site-packages/lockfile/linklockfile.py to linklockfile.pyc
byte-compiling /home/ubuntu/miniconda/envs/_build/lib/python2.7/site-packages/lockfile/sqlitelockfile.py to sqlitelockfile.pyc
byte-compiling /home/ubuntu/miniconda/envs/_build/lib/python2.7/site-packages/lockfile/symlinklockfile.py to symlinklockfile.pyc
byte-compiling /home/ubuntu/miniconda/envs/_build/lib/python2.7/site-packages/lockfile/__init__.py to __init__.pyc
running install_egg_info
Copying lockfile.egg-info to /home/ubuntu/miniconda/envs/_build/lib/python2.7/site-packages/lockfile-0.10.2-py2.7.egg-info
running install_scripts

The following NEW packages will be INSTALLED:

    openssl:    1.0.1k-1     
    pip:        7.0.3-py27_0 
    python:     2.7.10-0     
    readline:   6.2-2        
    setuptools: 18.0.1-py27_0
    sqlite:     3.8.4.1-1    
    system:     5.8-2        
    tk:         8.5.18-0     
    zlib:       1.2.8-0      

Linking packages ...
[                    ]|                                                  |   0%[openssl             ]|                                                  |   0%[readline            ]|#####                                             |  11%[sqlite              ]|###########                                       |  22%[system              ]|################                                  |  33%[tk                  ]|######################                            |  44%[zlib                ]|###########################                       |  55%[python              ]|#################################                 |  66%[setuptools          ]|######################################            |  77%[pip                 ]|############################################      |  88%[      COMPLETE      ]|##################################################| 100%
Removing old work directory
Source cache directory is: /home/ubuntu/miniconda/conda-bld/src_cache
Found source in cache: lockfile-0.10.2.tar.gz
Extracting download
Package: lockfile-0.10.2-py_0
source tree in: /home/ubuntu/miniconda/conda-bld/work/lockfile-0.10.2
number of files: 17
Fixing permissions
Fixing permissions
BUILD END: lockfile-0.10.2-py_0
Nothing to test for: lockfile-0.10.2-py_0
# If you want to upload this package to binstar.org later, type:
#
# $ binstar upload /home/ubuntu/miniconda/conda-bld/noarch/lockfile-0.10.2-py_0.tar.bz2
#
# To have conda build upload to binstar automatically, use
# $ conda config --set binstar_upload yes

