Error: prefix already exists: /home/ubuntu/miniconda/envs/_pipbuild_
Collecting Logbook==0.9.1
  Downloading http://localhost/packages/source/L/Logbook/Logbook-0.9.1.tar.gz (106kB)
setuptools must be installed to install from a source distribution
Package search: {'_pypi_ordering': False, 'version': '0.9.1', 'name': 'Logbook', 'summary': 'A logging replacement for Python'}
Creating standard recipe for logbook-0.9.1
Using url https://pypi.python.org/packages/source/L/Logbook/Logbook-0.9.1.tar.gz (104 KB) for Logbook.
Downloading Logbook
Using cached download
Unpacking Logbook...
done
working in /tmp/tmp7JoJ3_conda_skeleton_Logbook-0.9.1.tar.gz
Fetching package metadata: ......

WARNING: conda-build appears to be out of date. You have version 1.13.0 but the
latest version is 1.14.0. Run

conda update -n root conda-build

to get the latest version.

Solving package specifications: .patching file core.py
Hunk #1 succeeded at 168 with fuzz 2 (offset 2 lines).
Traceback (most recent call last):
  File "setup.py", line 57, in <module>
    from setuptools import setup, Extension, Feature
ImportError: No module named setuptools

Applying patch: '/tmp/tmp7JoJ3_conda_skeleton_Logbook-0.9.1.tar.gz/pypi-distutils.patch'
$PYTHONPATH = /tmp/tmp7JoJ3_conda_skeleton_Logbook-0.9.1.tar.gz/Logbook-0.9.1
Error: command failed: /home/ubuntu/miniconda/envs/_build/bin/python setup.py install

conda create -n _pipbuild_ --yes python pip
/home/ubuntu/miniconda/envs/_pipbuild_/bin/pip install Logbook==0.9.1
Error: Could not pip install Logbook==0.9.1
