Warning, the following versions were found for makesite
0.9.83
0.9.82
0.9.81
0.9.80
0.9.79
0.9.78
0.9.77
0.9.76
0.9.75
0.9.74
0.9.73
0.9.72
0.9.71
0.9.70
0.9.66
0.9.65
0.9.64
0.9.63
0.9.62
0.9.61
0.9.60
0.9.59
0.9.58
0.9.57
0.9.56
0.9.55
0.9.53
0.9.52
0.9.51
0.9.50
0.9.49
0.9.48
0.9.47
0.9.46
0.9.44
0.9.43
0.9.42
0.9.41
0.9.40
0.9.35
0.9.34
0.9.33
0.9.32
0.9.31
0.9.30
0.9.22
0.9.21
0.9.20
0.9.19
0.9.18
0.9.17
0.9.16
0.9.15
0.9.14
0.9.12
0.9.11
0.9.10
0.9.9
0.9.8
0.9.7
0.9.6
0.9.5
0.9.4
0.9.3
0.9.2
0.9.1
0.9.0
0.8.76
0.8.75
0.8.74
0.8.73
0.8.72
0.8.71
0.8.7
0.8.6
0.8.5
0.8.4
0.8.3
0.8.2
0.8.1
0.8.0
0.7.35
0.7.34
0.7.33
0.7.32
0.7.31
0.7.30
0.7.29
0.7.28
0.7.27
0.7.26
0.7.25
0.7.24
0.7.23
0.7.22
0.7.21
0.7.20
0.7.19
0.7.18
0.7.17
0.7.16
0.7.15
0.7.14
0.7.13
0.7.12
0.7.11
0.7.1
0.7.0
0.6.71
0.6.51
0.6.9
0.6.8
0.6.6
0.6.5
0.6.4
0.6.3
0.6.2
0.6.1
0.6.0
Using 0.9.83
Use --version to specify a different version.
Using url https://pypi.python.org/packages/source/m/makesite/makesite-0.9.83.tar.gz (66 KB) for makesite.
Downloading makesite
Using cached download
Unpacking makesite...
done
working in /tmp/tmpFGPYOVconda_skeleton_makesite-0.9.83.tar.gz
Fetching package metadata: ......

WARNING: conda-build appears to be out of date. You have version 1.13.0 but the
latest version is 1.14.1. Run

conda update -n root conda-build

to get the latest version.

Solving package specifications: .patching file core.py
Hunk #1 succeeded at 168 with fuzz 2 (offset 2 lines).

The following NEW packages will be INSTALLED:

    numpy:  1.9.2-py27_0
    pyyaml: 3.11-py27_1 
    yaml:   0.1.6-0     

Linking packages ...
[                    ]|                                                  |   0%[yaml                ]|                                                  |   0%[numpy               ]|################                                  |  33%[pyyaml              ]|#################################                 |  66%[      COMPLETE      ]|##################################################| 100%
Applying patch: '/tmp/tmpFGPYOVconda_skeleton_makesite-0.9.83.tar.gz/pypi-distutils.patch'
Writing recipe for makesite
Done
