Error: prefix already exists: /home/ubuntu/miniconda/envs/_pipbuild_
Collecting Mako==1.0.1
  Downloading http://localhost/packages/source/M/Mako/Mako-1.0.1.tar.gz (473kB)
setuptools must be installed to install from a source distribution
Package search: {'_pypi_ordering': False, 'version': '0.3.6', 'name': 'Mako', 'summary': 'A super-fast templating language that borrows the  best ideas from the existing templating languages.'}
Creating standard recipe for mako-1.0.1
Using url https://pypi.python.org/packages/source/M/Mako/Mako-1.0.1.tar.gz (462 KB) for Mako.
Downloading Mako
Using cached download
Unpacking Mako...
done
working in /tmp/tmplUg08Kconda_skeleton_Mako-1.0.1.tar.gz
Fetching package metadata: ......

WARNING: conda-build appears to be out of date. You have version 1.13.0 but the
latest version is 1.14.0. Run

conda update -n root conda-build

to get the latest version.

Solving package specifications: .patching file core.py
Hunk #1 succeeded at 168 with fuzz 2 (offset 2 lines).
Traceback (most recent call last):
  File "setup.py", line 1, in <module>
    from setuptools import setup, find_packages
ImportError: No module named setuptools

Applying patch: '/tmp/tmplUg08Kconda_skeleton_Mako-1.0.1.tar.gz/pypi-distutils.patch'
$PYTHONPATH = /tmp/tmplUg08Kconda_skeleton_Mako-1.0.1.tar.gz/Mako-1.0.1
Error: command failed: /home/ubuntu/miniconda/envs/_build/bin/python setup.py install

conda create -n _pipbuild_ --yes python pip
/home/ubuntu/miniconda/envs/_pipbuild_/bin/pip install Mako==1.0.1
Error: Could not pip install Mako==1.0.1
