Warning, the following versions were found for mandrill
1.0.57
1.0.56
1.0.53
1.0.52
1.0.51
1.0.50
1.0.49
1.0.48
1.0.47
1.0.46
1.0.45
1.0.44
1.0.43
1.0.42
1.0.41
1.0.40
1.0.39
1.0.38
1.0.37
1.0.36
1.0.35
1.0.34
1.0.33
1.0.32
1.0.31
1.0.30
1.0.29
1.0.28
1.0.27
1.0.22
1.0.19
1.0.16
1.0.15
1.0.14
1.0.13
1.0.6
1.0.5
1.0.4
1.0.3
1.0.2
1.0.1
1.0.0
0.1.0
Using 1.0.57
Use --version to specify a different version.
Using url https://pypi.python.org/packages/source/m/mandrill/mandrill-1.0.57.tar.gz (27 KB) for mandrill.
Downloading mandrill
Using cached download
Unpacking mandrill...
done
working in /tmp/tmpKtRPo7conda_skeleton_mandrill-1.0.57.tar.gz
Fetching package metadata: ......

WARNING: conda-build appears to be out of date. You have version 1.13.0 but the
latest version is 1.14.1. Run

conda update -n root conda-build

to get the latest version.

Solving package specifications: .patching file core.py
Hunk #1 succeeded at 168 with fuzz 2 (offset 2 lines).

Applying patch: '/tmp/tmpKtRPo7conda_skeleton_mandrill-1.0.57.tar.gz/pypi-distutils.patch'
Writing recipe for mandrill
Done
