Warning, the following versions were found for manifestparser
1.1
1.0
0.9
0.8
0.7
0.6
Using 1.1
Use --version to specify a different version.
Using url https://pypi.python.org/packages/source/m/manifestparser/manifestparser-1.1.tar.gz (16 KB) for manifestparser.
Downloading manifestparser
Using cached download
Unpacking manifestparser...
done
working in /tmp/tmpGRsglmconda_skeleton_manifestparser-1.1.tar.gz
Fetching package metadata: ......

WARNING: conda-build appears to be out of date. You have version 1.13.0 but the
latest version is 1.14.1. Run

conda update -n root conda-build

to get the latest version.

Solving package specifications: .patching file core.py
Hunk #1 succeeded at 168 with fuzz 2 (offset 2 lines).

Applying patch: '/tmp/tmpGRsglmconda_skeleton_manifestparser-1.1.tar.gz/pypi-distutils.patch'
WARNING: Could not add entry points. They were:

      [console_scripts]
      manifestparser = manifestparser.cli:main
      
Writing recipe for manifestparser
Done
