Error: prefix already exists: /home/ubuntu/miniconda/envs/_pipbuild_
Collecting mesos.cli==0.1.3
  Downloading http://localhost/packages/2.7/m/mesos.cli/mesos.cli-0.1.3-py2-none-any.whl (43kB)
Collecting requests>=2.3.0 (from mesos.cli==0.1.3)
  Downloading http://localhost/packages/2.7/r/requests/requests-2.7.0-py2.py3-none-any.whl (470kB)
Collecting futures>=2.1.6 (from mesos.cli==0.1.3)
  Downloading http://localhost/packages/py2/f/futures/futures-3.0.2-py2-none-any.whl
Collecting protobuf<3,>=2.5.0 (from mesos.cli==0.1.3)
  Downloading http://localhost/packages/source/p/protobuf/protobuf-2.6.1.tar.gz (188kB)
setuptools must be installed to install from a source distribution
Package search: {'_pypi_ordering': False, 'version': '0.1.3', 'name': 'mesos.cli', 'summary': 'Mesos CLI Tools'}
Creating standard recipe for mesos.cli-0.1.3
Using url https://pypi.python.org/packages/source/m/mesos.cli/mesos.cli-0.1.3.tar.gz (19 KB) for mesos.cli.
Downloading mesos.cli
Using cached download
Unpacking mesos.cli...
done
working in /tmp/tmpZ_dacQconda_skeleton_mesos.cli-0.1.3.tar.gz
Fetching package metadata: ......

WARNING: conda-build appears to be out of date. You have version 1.13.0 but the
latest version is 1.14.0. Run

conda update -n root conda-build

to get the latest version.

Solving package specifications: .patching file core.py
Hunk #1 succeeded at 168 with fuzz 2 (offset 2 lines).
Traceback (most recent call last):
  File "setup.py", line 110, in <module>
    from setuptools import setup
ImportError: No module named setuptools

The following NEW packages will be INSTALLED:

    numpy:  1.9.2-py27_0
    pyyaml: 3.11-py27_1 
    yaml:   0.1.6-0     

Linking packages ...
[                    ]|                                                  |   0%[yaml                ]|                                                  |   0%[numpy               ]|################                                  |  33%[pyyaml              ]|#################################                 |  66%[      COMPLETE      ]|##################################################| 100%
Applying patch: '/tmp/tmpZ_dacQconda_skeleton_mesos.cli-0.1.3.tar.gz/pypi-distutils.patch'
$PYTHONPATH = /tmp/tmpZ_dacQconda_skeleton_mesos.cli-0.1.3.tar.gz/mesos.cli-0.1.3
Error: command failed: /home/ubuntu/miniconda/envs/_build/bin/python setup.py install

conda create -n _pipbuild_ --yes python pip
/home/ubuntu/miniconda/envs/_pipbuild_/bin/pip install mesos.cli==0.1.3
Error: Could not pip install mesos.cli==0.1.3
