Error: prefix already exists: /home/ubuntu/miniconda/envs/_pipbuild_
Collecting Mezzanine==3.1.10
  Downloading http://localhost/packages/2.7/M/Mezzanine/Mezzanine-3.1.10-py2.py3-none-any.whl (5.7MB)
Collecting filebrowser-safe>=0.3.4 (from Mezzanine==3.1.10)
  Downloading http://localhost/packages/2.7/f/filebrowser_safe/filebrowser_safe-0.3.8-py2.py3-none-any.whl (214kB)
Collecting pillow (from Mezzanine==3.1.10)
  Downloading http://localhost/packages/source/P/Pillow/Pillow-2.8.1.tar.gz (9.0MB)
setuptools must be installed to install from a source distribution
Package search: {'_pypi_ordering': False, 'version': '3.1.10', 'name': 'Mezzanine', 'summary': 'An open source content management platform built using the Django framework.'}
Creating standard recipe for mezzanine-3.1.10
Using url https://pypi.python.org/packages/source/M/Mezzanine/Mezzanine-3.1.10.tar.gz (7.1 MB) for Mezzanine.
Downloading Mezzanine
Using cached download
Unpacking Mezzanine...
done
working in /tmp/tmprrqrv5conda_skeleton_Mezzanine-3.1.10.tar.gz
Fetching package metadata: ......

WARNING: conda-build appears to be out of date. You have version 1.13.0 but the
latest version is 1.14.0. Run

conda update -n root conda-build

to get the latest version.

Solving package specifications: .patching file core.py
Hunk #1 succeeded at 168 with fuzz 2 (offset 2 lines).
Traceback (most recent call last):
  File "setup.py", line 4, in <module>
    from setuptools import setup, find_packages
ImportError: No module named setuptools

The following NEW packages will be INSTALLED:

    numpy:  1.9.2-py27_0
    pyyaml: 3.11-py27_1 
    yaml:   0.1.6-0     

Linking packages ...
[                    ]|                                                  |   0%[yaml                ]|                                                  |   0%[numpy               ]|################                                  |  33%[pyyaml              ]|#################################                 |  66%[      COMPLETE      ]|##################################################| 100%
Applying patch: '/tmp/tmprrqrv5conda_skeleton_Mezzanine-3.1.10.tar.gz/pypi-distutils.patch'
$PYTHONPATH = /tmp/tmprrqrv5conda_skeleton_Mezzanine-3.1.10.tar.gz/Mezzanine-3.1.10
Error: command failed: /home/ubuntu/miniconda/envs/_build/bin/python setup.py install

conda create -n _pipbuild_ --yes python pip
/home/ubuntu/miniconda/envs/_pipbuild_/bin/pip install Mezzanine==3.1.10
Error: Could not pip install Mezzanine==3.1.10
