Warning, the following versions were found for minitage.core
2.0.57
2.0.56
2.0.55
2.0.54
2.0.53
2.0.52
2.0.51
2.0.50
2.0.49
2.0.48
2.0.47
2.0.46
2.0.45
2.0.44
2.0.43
2.0.42
2.0.41
2.0.40
2.0.39
2.0.36
2.0.35
2.0.34
2.0.33
2.0.32
2.0.31
2.0.30
2.0.29
2.0.28
2.0.27
2.0.26
2.0.24
2.0.23
2.0.22
2.0.21
2.0.20
2.0.19
2.0.18
2.0.17
2.0.16
2.0.15
2.0.14
2.0.13
2.0.12
2.0.11
2.0.10
2.0.9
2.0.8
2.0.7
2.0.6
2.0.5
2.0.4
2.0.3
2.0.2
2.0.1
2.0
1.0.49
1.0.48
1.0.47
1.0.46
1.0.45
1.0.44
1.0.43
1.0.42
1.0.41
1.0.40
1.0.39
1.0.38
1.0.37
1.0.36
1.0.35
1.0.34
1.0.33
1.0.32
1.0.31
1.0.30
1.0.29
1.0.28
1.0.27
1.0.26
1.0.25
1.0.24
1.0.23
1.0.22
1.0.21
1.0.20
1.0.19
1.0.18
1.0.17
1.0.16
1.0.15
1.0.14
1.0.13
1.0.12
1.0.11
1.0.10
1.0.9
1.0.8
1.0.7
1.0.6
1.0.5
1.0.4
1.0.3
1.0.2
1.0.1
1.0
0.99.1
0.99
0.4.35
0.4.34
0.4.33
0.4.32
0.4.31
0.4.30
0.4.29
0.4.28
0.4.27
0.4.26
0.4.25
0.4.24
0.4.23
0.4.22
0.4.21
0.4.20
0.4.19
0.4.18
0.4.17
0.4.16
0.4.15
0.4.14
0.4.13
0.4.12
0.4.11
0.4.10
0.4.9
0.4.8
0.4.7
0.4.5
0.4.4
0.4.3
0.4.2
0.4.1
0.4.0-alpha12
0.4.0-alpha11
0.4.0-alpha9
0.4.0-alpha8
y
Using 2.0.57
Use --version to specify a different version.
Using url https://pypi.python.org/packages/source/m/minitage.core/minitage.core-2.0.57.zip (13 KB) for minitage.core.
Downloading minitage.core
Using cached download
Unpacking minitage.core...
done
working in /tmp/tmpMGKf7Fconda_skeleton_minitage.core-2.0.57.zip
Fetching package metadata: ......

WARNING: conda-build appears to be out of date. You have version 1.13.0 but the
latest version is 1.14.1. Run

conda update -n root conda-build

to get the latest version.

Solving package specifications: .patching file core.py
Hunk #1 succeeded at 168 with fuzz 2 (offset 2 lines).

Applying patch: '/tmp/tmpMGKf7Fconda_skeleton_minitage.core-2.0.57.zip/pypi-distutils.patch'
Error: Could not find any versions of package minitage[test]
