Error: prefix already exists: /home/ubuntu/miniconda/envs/_pipbuild_
Collecting mkdocs==0.14.0
  Could not find a version that satisfies the requirement mkdocs==0.14.0 (from versions: 0.2, 0.3, 0.4, 0.5, 0.6, 0.7, 0.8, 0.9, 0.10, 0.11, 0.11.1, 0.12.0, 0.12.1, 0.12.2)
No matching distribution found for mkdocs==0.14.0
Package search: {'_pypi_ordering': False, 'version': '0.14.0', 'name': 'mkdocs', 'summary': 'Project documentation with Markdown.'}
Creating standard recipe for mkdocs-0.14.0
Using url https://pypi.python.org/packages/source/m/mkdocs/mkdocs-0.14.0.tar.gz (5.3 MB) for mkdocs.
Downloading mkdocs
Using cached download
Unpacking mkdocs...
done
working in /tmp/tmphaYs8Qconda_skeleton_mkdocs-0.14.0.tar.gz
Fetching package metadata: ......

WARNING: conda-build appears to be out of date. You have version 1.13.0 but the
latest version is 1.14.0. Run

conda update -n root conda-build

to get the latest version.

Solving package specifications: .patching file core.py
Hunk #1 succeeded at 168 with fuzz 2 (offset 2 lines).
Traceback (most recent call last):
  File "setup.py", line 5, in <module>
    from setuptools import setup
ImportError: No module named setuptools

Applying patch: '/tmp/tmphaYs8Qconda_skeleton_mkdocs-0.14.0.tar.gz/pypi-distutils.patch'
$PYTHONPATH = /tmp/tmphaYs8Qconda_skeleton_mkdocs-0.14.0.tar.gz/mkdocs-0.14.0
Error: command failed: /home/ubuntu/miniconda/envs/_build/bin/python setup.py install

conda create -n _pipbuild_ --yes python pip
/home/ubuntu/miniconda/envs/_pipbuild_/bin/pip install mkdocs==0.14.0
Error: Could not pip install mkdocs==0.14.0
