Error: prefix already exists: /home/ubuntu/miniconda/envs/_pipbuild_
Collecting mock-django==0.6.8
  Downloading http://localhost/packages/2.7/m/mock-django/mock_django-0.6.8-py2-none-any.whl
Collecting mock (from mock-django==0.6.8)
  Downloading http://localhost/packages/source/m/mock/mock-1.0.1.tar.gz (818kB)
setuptools must be installed to install from a source distribution
Package search: {'_pypi_ordering': False, 'version': '0.6.8', 'name': 'mock-django', 'summary': 'UNKNOWN'}
Creating standard recipe for mock-django-0.6.8
Using url https://pypi.python.org/packages/source/m/mock-django/mock-django-0.6.8.tar.gz (7 KB) for mock-django.
Downloading mock-django
Using cached download
Unpacking mock-django...
done
working in /tmp/tmp4ZuZ2_conda_skeleton_mock-django-0.6.8.tar.gz
Fetching package metadata: ......

WARNING: conda-build appears to be out of date. You have version 1.13.0 but the
latest version is 1.14.0. Run

conda update -n root conda-build

to get the latest version.

Solving package specifications: .patching file core.py
Hunk #1 succeeded at 168 with fuzz 2 (offset 2 lines).
Traceback (most recent call last):
  File "setup.py", line 1, in <module>
    from setuptools import setup, find_packages
ImportError: No module named setuptools

Applying patch: '/tmp/tmp4ZuZ2_conda_skeleton_mock-django-0.6.8.tar.gz/pypi-distutils.patch'
$PYTHONPATH = /tmp/tmp4ZuZ2_conda_skeleton_mock-django-0.6.8.tar.gz/mock-django-0.6.8
Error: command failed: /home/ubuntu/miniconda/envs/_build/bin/python setup.py install

conda create -n _pipbuild_ --yes python pip
/home/ubuntu/miniconda/envs/_pipbuild_/bin/pip install mock-django==0.6.8
Error: Could not pip install mock-django==0.6.8
