Error: prefix already exists: /home/ubuntu/miniconda/envs/_pipbuild_
Collecting model-mommy==1.2.4
  Downloading http://localhost/packages/source/m/model_mommy/model_mommy-1.2.4.tar.gz
setuptools must be installed to install from a source distribution
Package search: {'_pypi_ordering': False, 'version': '1.2.4', 'name': 'model_mommy', 'summary': 'Smart object creation facility for Django.'}
Creating standard recipe for model_mommy-1.2.4
Using url https://pypi.python.org/packages/source/m/model_mommy/model_mommy-1.2.4.tar.gz (12 KB) for model_mommy.
Downloading model_mommy
Using cached download
Unpacking model_mommy...
done
working in /tmp/tmpkz5myvconda_skeleton_model_mommy-1.2.4.tar.gz
Fetching package metadata: ......

WARNING: conda-build appears to be out of date. You have version 1.13.0 but the
latest version is 1.14.0. Run

conda update -n root conda-build

to get the latest version.

Solving package specifications: .patching file core.py
Hunk #1 succeeded at 168 with fuzz 2 (offset 2 lines).
Traceback (most recent call last):
  File "setup.py", line 1, in <module>
    import setuptools
ImportError: No module named setuptools

Applying patch: '/tmp/tmpkz5myvconda_skeleton_model_mommy-1.2.4.tar.gz/pypi-distutils.patch'
$PYTHONPATH = /tmp/tmpkz5myvconda_skeleton_model_mommy-1.2.4.tar.gz/model_mommy-1.2.4
Error: command failed: /home/ubuntu/miniconda/envs/_build/bin/python setup.py install

conda create -n _pipbuild_ --yes python pip
/home/ubuntu/miniconda/envs/_pipbuild_/bin/pip install model_mommy==1.2.4
Error: Could not pip install model_mommy==1.2.4
