Warning, the following versions were found for model_mommy
1.2.4
1.2.3
1.2.2
1.2.1
1.2
1.1
1.0
0.8.1
0.8
0.7
0.6.2
0.6.1
0.5
0.4
0.2
Using 1.2.4
Use --version to specify a different version.
Using url https://pypi.python.org/packages/source/m/model_mommy/model_mommy-1.2.4.tar.gz (12 KB) for model_mommy.
Downloading model_mommy
Using cached download
Unpacking model_mommy...
done
working in /tmp/tmpg1h1KYconda_skeleton_model_mommy-1.2.4.tar.gz
Fetching package metadata: ......

WARNING: conda-build appears to be out of date. You have version 1.13.0 but the
latest version is 1.14.1. Run

conda update -n root conda-build

to get the latest version.

Solving package specifications: .patching file core.py
Hunk #1 succeeded at 168 with fuzz 2 (offset 2 lines).

Applying patch: '/tmp/tmpg1h1KYconda_skeleton_model_mommy-1.2.4.tar.gz/pypi-distutils.patch'
Writing recipe for model_mommy
Done
