Error: prefix already exists: /home/ubuntu/miniconda/envs/_pipbuild_
Collecting mongoengine==0.10.0
  Could not find a version that satisfies the requirement mongoengine==0.10.0 (from versions: 0.4, 0.5, 0.5.1, 0.5.2, 0.6.1, 0.6.3, 0.6.4, 0.6.6, 0.6.7, 0.6.8, 0.6.10, 0.6.12, 0.6.13, 0.6.15, 0.6.16, 0.6.17, 0.6.19, 0.6.20, 0.7.0, 0.7.1, 0.7.2, 0.7.3, 0.7.4, 0.7.5, 0.7.8, 0.7.9, 0.7.10, 0.8.0, 0.8.1, 0.8.2, 0.8.3, 0.8.4, 0.8.5, 0.8.6, 0.8.7, 0.8.7.post2, 0.8.7.1, 0.8.8, 0.9.0)
No matching distribution found for mongoengine==0.10.0
Package search: {'_pypi_ordering': False, 'version': '0.10.0', 'name': 'mongoengine', 'summary': 'MongoEngine is a Python Object-Document Mapper for working with MongoDB.'}
Creating standard recipe for mongoengine-0.10.0
Using url https://pypi.python.org/packages/source/m/mongoengine/mongoengine-0.10.0.tar.gz (336 KB) for mongoengine.
Downloading mongoengine
Unpacking mongoengine...
done
working in /tmp/tmpUbbKChconda_skeleton_mongoengine-0.10.0.tar.gz
Fetching package metadata: ......

WARNING: conda-build appears to be out of date. You have version 1.13.0 but the
latest version is 1.14.0. Run

conda update -n root conda-build

to get the latest version.

Solving package specifications: .patching file core.py
Hunk #1 succeeded at 168 with fuzz 2 (offset 2 lines).
Traceback (most recent call last):
  File "setup.py", line 3, in <module>
    from setuptools import setup, find_packages
ImportError: No module named setuptools

Applying patch: '/tmp/tmpUbbKChconda_skeleton_mongoengine-0.10.0.tar.gz/pypi-distutils.patch'
$PYTHONPATH = /tmp/tmpUbbKChconda_skeleton_mongoengine-0.10.0.tar.gz/mongoengine-0.10.0
Error: command failed: /home/ubuntu/miniconda/envs/_build/bin/python setup.py install

conda create -n _pipbuild_ --yes python pip
/home/ubuntu/miniconda/envs/_pipbuild_/bin/pip install mongoengine==0.10.0
Error: Could not pip install mongoengine==0.10.0
