Error: prefix already exists: /home/ubuntu/miniconda/envs/_pipbuild_
Collecting mox3==0.8.0
  Could not find a version that satisfies the requirement mox3==0.8.0 (from versions: 0.7.0)
No matching distribution found for mox3==0.8.0
Package search: {'_pypi_ordering': False, 'version': '0.8.0', 'name': 'mox3', 'summary': 'Mock object framework for Python'}
Creating standard recipe for mox3-0.8.0
Using url https://pypi.python.org/packages/source/m/mox3/mox3-0.8.0.tar.gz (42 KB) for mox3.
Downloading mox3
Using cached download
Unpacking mox3...
done
working in /tmp/tmpuEk2Wmconda_skeleton_mox3-0.8.0.tar.gz
Fetching package metadata: ......

WARNING: conda-build appears to be out of date. You have version 1.13.0 but the
latest version is 1.14.0. Run

conda update -n root conda-build

to get the latest version.

Solving package specifications: .patching file core.py
Hunk #1 succeeded at 168 with fuzz 2 (offset 2 lines).
Traceback (most recent call last):
  File "setup.py", line 18, in <module>
    import setuptools
ImportError: No module named setuptools

Applying patch: '/tmp/tmpuEk2Wmconda_skeleton_mox3-0.8.0.tar.gz/pypi-distutils.patch'
$PYTHONPATH = /tmp/tmpuEk2Wmconda_skeleton_mox3-0.8.0.tar.gz/mox3-0.8.0
Error: command failed: /home/ubuntu/miniconda/envs/_build/bin/python setup.py install

conda create -n _pipbuild_ --yes python pip
/home/ubuntu/miniconda/envs/_pipbuild_/bin/pip install mox3==0.8.0
Error: Could not pip install mox3==0.8.0
