Removing old build directory
Removing old work directory
BUILD START: mox3-0.8.0-py27_0
Fetching package metadata: ......

WARNING: conda-build appears to be out of date. You have version 1.13.0 but the
latest version is 1.14.1. Run

conda update -n root conda-build

to get the latest version.

Solving package specifications: .+ /home/ubuntu/miniconda/envs/_build/bin/python setup.py install

Installed /home/ubuntu/miniconda/conda-bld/work/mox3-0.8.0/.eggs/pbr-1.2.0-py2.7.egg
running install
running build
running build_py
creating build
creating build/lib
creating build/lib/mox3
creating build/lib/mox3/tests
copying mox3/tests/test_mox.py -> build/lib/mox3/tests
copying mox3/tests/stubout_helper.py -> build/lib/mox3/tests
copying mox3/tests/test_stubout.py -> build/lib/mox3/tests
copying mox3/tests/__init__.py -> build/lib/mox3/tests
copying mox3/tests/mox_helper.py -> build/lib/mox3/tests
copying mox3/stubout.py -> build/lib/mox3
copying mox3/__init__.py -> build/lib/mox3
copying mox3/mox.py -> build/lib/mox3
copying mox3/fixture.py -> build/lib/mox3
running egg_info
writing requirements to mox3.egg-info/requires.txt
writing mox3.egg-info/PKG-INFO
writing top-level names to mox3.egg-info/top_level.txt
writing dependency_links to mox3.egg-info/dependency_links.txt
[pbr] Reusing existing SOURCES.txt
running install_lib
creating /home/ubuntu/miniconda/envs/_build/lib/python2.7/site-packages/mox3
copying build/lib/mox3/stubout.py -> /home/ubuntu/miniconda/envs/_build/lib/python2.7/site-packages/mox3
creating /home/ubuntu/miniconda/envs/_build/lib/python2.7/site-packages/mox3/tests
copying build/lib/mox3/tests/test_mox.py -> /home/ubuntu/miniconda/envs/_build/lib/python2.7/site-packages/mox3/tests
copying build/lib/mox3/tests/stubout_helper.py -> /home/ubuntu/miniconda/envs/_build/lib/python2.7/site-packages/mox3/tests
copying build/lib/mox3/tests/test_stubout.py -> /home/ubuntu/miniconda/envs/_build/lib/python2.7/site-packages/mox3/tests
copying build/lib/mox3/tests/__init__.py -> /home/ubuntu/miniconda/envs/_build/lib/python2.7/site-packages/mox3/tests
copying build/lib/mox3/tests/mox_helper.py -> /home/ubuntu/miniconda/envs/_build/lib/python2.7/site-packages/mox3/tests
copying build/lib/mox3/__init__.py -> /home/ubuntu/miniconda/envs/_build/lib/python2.7/site-packages/mox3
copying build/lib/mox3/mox.py -> /home/ubuntu/miniconda/envs/_build/lib/python2.7/site-packages/mox3
copying build/lib/mox3/fixture.py -> /home/ubuntu/miniconda/envs/_build/lib/python2.7/site-packages/mox3
byte-compiling /home/ubuntu/miniconda/envs/_build/lib/python2.7/site-packages/mox3/stubout.py to stubout.pyc
byte-compiling /home/ubuntu/miniconda/envs/_build/lib/python2.7/site-packages/mox3/tests/test_mox.py to test_mox.pyc
byte-compiling /home/ubuntu/miniconda/envs/_build/lib/python2.7/site-packages/mox3/tests/stubout_helper.py to stubout_helper.pyc
byte-compiling /home/ubuntu/miniconda/envs/_build/lib/python2.7/site-packages/mox3/tests/test_stubout.py to test_stubout.pyc
byte-compiling /home/ubuntu/miniconda/envs/_build/lib/python2.7/site-packages/mox3/tests/__init__.py to __init__.pyc
byte-compiling /home/ubuntu/miniconda/envs/_build/lib/python2.7/site-packages/mox3/tests/mox_helper.py to mox_helper.pyc
byte-compiling /home/ubuntu/miniconda/envs/_build/lib/python2.7/site-packages/mox3/__init__.py to __init__.pyc
byte-compiling /home/ubuntu/miniconda/envs/_build/lib/python2.7/site-packages/mox3/mox.py to mox.pyc
byte-compiling /home/ubuntu/miniconda/envs/_build/lib/python2.7/site-packages/mox3/fixture.py to fixture.pyc
running install_egg_info
Copying mox3.egg-info to /home/ubuntu/miniconda/envs/_build/lib/python2.7/site-packages/mox3-0.8.0-py2.7.egg-info
running install_scripts

The following NEW packages will be INSTALLED:

    openssl:    1.0.1k-1     
    pip:        7.0.3-py27_0 
    python:     2.7.10-0     
    readline:   6.2-2        
    setuptools: 18.0.1-py27_0
    sqlite:     3.8.4.1-1    
    system:     5.8-2        
    tk:         8.5.18-0     
    zlib:       1.2.8-0      

Linking packages ...
[                    ]|                                                  |   0%[openssl             ]|                                                  |   0%[readline            ]|#####                                             |  11%[sqlite              ]|###########                                       |  22%[system              ]|################                                  |  33%[tk                  ]|######################                            |  44%[zlib                ]|###########################                       |  55%[python              ]|#################################                 |  66%[setuptools          ]|######################################            |  77%[pip                 ]|############################################      |  88%[      COMPLETE      ]|##################################################| 100%
Removing old work directory
Source cache directory is: /home/ubuntu/miniconda/conda-bld/src_cache
Found source in cache: mox3-0.8.0.tar.gz
Extracting download
Package: mox3-0.8.0-py27_0
source tree in: /home/ubuntu/miniconda/conda-bld/work/mox3-0.8.0
number of files: 25
Fixing permissions
Fixing permissions
BUILD END: mox3-0.8.0-py27_0
Nothing to test for: mox3-0.8.0-py27_0
# If you want to upload this package to binstar.org later, type:
#
# $ binstar upload /home/ubuntu/miniconda/conda-bld/linux-64/mox3-0.8.0-py27_0.tar.bz2
#
# To have conda build upload to binstar automatically, use
# $ conda config --set binstar_upload yes

