Error: prefix already exists: /home/ubuntu/miniconda/envs/_pipbuild_
Collecting mozdevice==0.45
  Downloading http://localhost/packages/source/m/mozdevice/mozdevice-0.45.tar.gz (60kB)
setuptools must be installed to install from a source distribution
Package search: {'_pypi_ordering': False, 'version': '0.45', 'name': 'mozdevice', 'summary': 'Mozilla-authored device management'}
Creating standard recipe for mozdevice-0.45
Using url https://pypi.python.org/packages/source/m/mozdevice/mozdevice-0.45.tar.gz (59 KB) for mozdevice.
Downloading mozdevice
Using cached download
Unpacking mozdevice...
done
working in /tmp/tmp9Spkmtconda_skeleton_mozdevice-0.45.tar.gz
Fetching package metadata: ......

WARNING: conda-build appears to be out of date. You have version 1.13.0 but the
latest version is 1.14.0. Run

conda update -n root conda-build

to get the latest version.

Solving package specifications: .patching file core.py
Hunk #1 succeeded at 168 with fuzz 2 (offset 2 lines).
Traceback (most recent call last):
  File "setup.py", line 5, in <module>
    from setuptools import setup
ImportError: No module named setuptools

Applying patch: '/tmp/tmp9Spkmtconda_skeleton_mozdevice-0.45.tar.gz/pypi-distutils.patch'
$PYTHONPATH = /tmp/tmp9Spkmtconda_skeleton_mozdevice-0.45.tar.gz/mozdevice-0.45
Error: command failed: /home/ubuntu/miniconda/envs/_build/bin/python setup.py install

conda create -n _pipbuild_ --yes python pip
/home/ubuntu/miniconda/envs/_pipbuild_/bin/pip install mozdevice==0.45
Error: Could not pip install mozdevice==0.45
