Error: prefix already exists: /home/ubuntu/miniconda/envs/_pipbuild_
Collecting mozlog==2.11
  Downloading http://localhost/packages/source/m/mozlog/mozlog-2.11.tar.gz
setuptools must be installed to install from a source distribution
Package search: {'_pypi_ordering': False, 'version': '2.11', 'name': 'mozlog', 'summary': 'Robust log handling specialized for logging in the Mozilla universe'}
Creating standard recipe for mozlog-2.11
Using url https://pypi.python.org/packages/source/m/mozlog/mozlog-2.11.tar.gz (30 KB) for mozlog.
Downloading mozlog
Using cached download
Unpacking mozlog...
done
working in /tmp/tmpfKFHusconda_skeleton_mozlog-2.11.tar.gz
Fetching package metadata: ......

WARNING: conda-build appears to be out of date. You have version 1.13.0 but the
latest version is 1.14.0. Run

conda update -n root conda-build

to get the latest version.

Solving package specifications: .patching file core.py
Hunk #1 succeeded at 168 with fuzz 2 (offset 2 lines).
Traceback (most recent call last):
  File "setup.py", line 5, in <module>
    from setuptools import setup, find_packages
ImportError: No module named setuptools

Applying patch: '/tmp/tmpfKFHusconda_skeleton_mozlog-2.11.tar.gz/pypi-distutils.patch'
$PYTHONPATH = /tmp/tmpfKFHusconda_skeleton_mozlog-2.11.tar.gz/mozlog-2.11
Error: command failed: /home/ubuntu/miniconda/envs/_build/bin/python setup.py install

conda create -n _pipbuild_ --yes python pip
/home/ubuntu/miniconda/envs/_pipbuild_/bin/pip install mozlog==2.11
Error: Could not pip install mozlog==2.11
