Error: prefix already exists: /home/ubuntu/miniconda/envs/_pipbuild_
Collecting moznetwork==0.26
  Could not find a version that satisfies the requirement moznetwork==0.26 (from versions: 0.1, 0.2, 0.21, 0.22, 0.23, 0.24)
No matching distribution found for moznetwork==0.26
Package search: {'_pypi_ordering': False, 'version': '0.26', 'name': 'moznetwork', 'summary': 'Library of network utilities for use in Mozilla testing'}
Creating standard recipe for moznetwork-0.26
Using url https://pypi.python.org/packages/source/m/moznetwork/moznetwork-0.26.tar.gz (3 KB) for moznetwork.
Downloading moznetwork
Unpacking moznetwork...
done
working in /tmp/tmpTyWkPbconda_skeleton_moznetwork-0.26.tar.gz
Fetching package metadata: ......

WARNING: conda-build appears to be out of date. You have version 1.13.0 but the
latest version is 1.14.0. Run

conda update -n root conda-build

to get the latest version.

Solving package specifications: .patching file core.py
Hunk #1 succeeded at 168 with fuzz 2 (offset 2 lines).
Traceback (most recent call last):
  File "setup.py", line 5, in <module>
    from setuptools import setup
ImportError: No module named setuptools

Applying patch: '/tmp/tmpTyWkPbconda_skeleton_moznetwork-0.26.tar.gz/pypi-distutils.patch'
$PYTHONPATH = /tmp/tmpTyWkPbconda_skeleton_moznetwork-0.26.tar.gz/moznetwork-0.26
Error: command failed: /home/ubuntu/miniconda/envs/_build/bin/python setup.py install

conda create -n _pipbuild_ --yes python pip
/home/ubuntu/miniconda/envs/_pipbuild_/bin/pip install moznetwork==0.26
Error: Could not pip install moznetwork==0.26
