Error: prefix already exists: /home/ubuntu/miniconda/envs/_pipbuild_
Collecting mozprofile==0.24
  Could not find a version that satisfies the requirement mozprofile==0.24 (from versions: 0.1a0, 0.1b1, 0.1b2, 0.1, 0.2, 0.3, 0.3.1, 0.3.2, 0.4, 0.5, 0.6, 0.7, 0.8, 0.9, 0.10, 0.11, 0.12, 0.13, 0.14, 0.15, 0.16, 0.17, 0.18, 0.19, 0.20, 0.21, 0.22, 0.23)
No matching distribution found for mozprofile==0.24
Package search: {'_pypi_ordering': False, 'version': '0.24', 'name': 'mozprofile', 'summary': 'Library to create and modify Mozilla application profiles'}
Creating standard recipe for mozprofile-0.24
Using url https://pypi.python.org/packages/source/m/mozprofile/mozprofile-0.24.tar.gz (20 KB) for mozprofile.
Downloading mozprofile
Unpacking mozprofile...
done
working in /tmp/tmppvFP8wconda_skeleton_mozprofile-0.24.tar.gz
Fetching package metadata: ......

WARNING: conda-build appears to be out of date. You have version 1.13.0 but the
latest version is 1.14.0. Run

conda update -n root conda-build

to get the latest version.

Solving package specifications: .patching file core.py
Hunk #1 succeeded at 168 with fuzz 2 (offset 2 lines).
Traceback (most recent call last):
  File "setup.py", line 6, in <module>
    from setuptools import setup
ImportError: No module named setuptools

The following NEW packages will be INSTALLED:

    numpy:  1.9.2-py27_0
    pyyaml: 3.11-py27_1 
    yaml:   0.1.6-0     

Linking packages ...
[                    ]|                                                  |   0%[yaml                ]|                                                  |   0%[numpy               ]|################                                  |  33%[pyyaml              ]|#################################                 |  66%[      COMPLETE      ]|##################################################| 100%
Applying patch: '/tmp/tmppvFP8wconda_skeleton_mozprofile-0.24.tar.gz/pypi-distutils.patch'
$PYTHONPATH = /tmp/tmppvFP8wconda_skeleton_mozprofile-0.24.tar.gz/mozprofile-0.24
Error: command failed: /home/ubuntu/miniconda/envs/_build/bin/python setup.py install

conda create -n _pipbuild_ --yes python pip
/home/ubuntu/miniconda/envs/_pipbuild_/bin/pip install mozprofile==0.24
Error: Could not pip install mozprofile==0.24
