Error: prefix already exists: /home/ubuntu/miniconda/envs/_pipbuild_
Collecting mozrunner==6.7
  Downloading http://localhost/packages/source/m/mozrunner/mozrunner-6.7.tar.gz (50kB)
setuptools must be installed to install from a source distribution
Package search: {'_pypi_ordering': False, 'version': '6.7', 'name': 'mozrunner', 'summary': 'Reliable start/stop/configuration of Mozilla Applications (Firefox, Thunderbird, etc.)'}
Creating standard recipe for mozrunner-6.7
Using url https://pypi.python.org/packages/source/m/mozrunner/mozrunner-6.7.tar.gz (50 KB) for mozrunner.
Downloading mozrunner
Using cached download
Unpacking mozrunner...
done
working in /tmp/tmpiYm2tnconda_skeleton_mozrunner-6.7.tar.gz
Fetching package metadata: ......

WARNING: conda-build appears to be out of date. You have version 1.13.0 but the
latest version is 1.14.0. Run

conda update -n root conda-build

to get the latest version.

Solving package specifications: .patching file core.py
Hunk #1 succeeded at 168 with fuzz 2 (offset 2 lines).
Traceback (most recent call last):
  File "setup.py", line 6, in <module>
    from setuptools import setup, find_packages
ImportError: No module named setuptools

Applying patch: '/tmp/tmpiYm2tnconda_skeleton_mozrunner-6.7.tar.gz/pypi-distutils.patch'
$PYTHONPATH = /tmp/tmpiYm2tnconda_skeleton_mozrunner-6.7.tar.gz/mozrunner-6.7
Error: command failed: /home/ubuntu/miniconda/envs/_build/bin/python setup.py install

conda create -n _pipbuild_ --yes python pip
/home/ubuntu/miniconda/envs/_pipbuild_/bin/pip install mozrunner==6.7
Error: Could not pip install mozrunner==6.7
