Error: prefix already exists: /home/ubuntu/miniconda/envs/_pipbuild_
Collecting msgpack-pure==0.1.3
  Downloading http://localhost/packages/source/m/msgpack-pure/msgpack-pure-0.1.3.tar.gz
setuptools must be installed to install from a source distribution
Package search: {'_pypi_ordering': False, 'version': '0.1.3', 'name': 'msgpack-pure', 'summary': 'MessagePack (de)serializer written in pure Python.'}
Creating standard recipe for msgpack-pure-0.1.3
Using url https://pypi.python.org/packages/source/m/msgpack-pure/msgpack-pure-0.1.3.tar.gz (4 KB) for msgpack-pure.
Downloading msgpack-pure
Using cached download
Unpacking msgpack-pure...
done
working in /tmp/tmpFltlA5conda_skeleton_msgpack-pure-0.1.3.tar.gz
Fetching package metadata: ......

WARNING: conda-build appears to be out of date. You have version 1.13.0 but the
latest version is 1.14.0. Run

conda update -n root conda-build

to get the latest version.

Solving package specifications: .patching file core.py
Hunk #1 succeeded at 168 with fuzz 2 (offset 2 lines).
Traceback (most recent call last):
  File "setup.py", line 6, in <module>
    from setuptools import setup, find_packages
ImportError: No module named setuptools

Applying patch: '/tmp/tmpFltlA5conda_skeleton_msgpack-pure-0.1.3.tar.gz/pypi-distutils.patch'
$PYTHONPATH = /tmp/tmpFltlA5conda_skeleton_msgpack-pure-0.1.3.tar.gz/msgpack-pure-0.1.3
Error: command failed: /home/ubuntu/miniconda/envs/_build/bin/python setup.py install

conda create -n _pipbuild_ --yes python pip
/home/ubuntu/miniconda/envs/_pipbuild_/bin/pip install msgpack-pure==0.1.3
Error: Could not pip install msgpack-pure==0.1.3
