Error: prefix already exists: /home/ubuntu/miniconda/envs/_pipbuild_
Collecting muffin==0.0.93
  Could not find a version that satisfies the requirement muffin==0.0.93 (from versions: 0.0.0, 0.0.1, 0.0.2, 0.0.3, 0.0.4, 0.0.5, 0.0.6, 0.0.7, 0.0.8, 0.0.9, 0.0.10, 0.0.11, 0.0.12, 0.0.13, 0.0.14, 0.0.15, 0.0.16, 0.0.17, 0.0.18, 0.0.19, 0.0.20, 0.0.21, 0.0.22, 0.0.23, 0.0.24, 0.0.25, 0.0.26, 0.0.27, 0.0.28, 0.0.29, 0.0.30, 0.0.31, 0.0.32, 0.0.33, 0.0.34, 0.0.36, 0.0.37, 0.0.38, 0.0.39, 0.0.40, 0.0.41, 0.0.42, 0.0.43, 0.0.44, 0.0.45, 0.0.46, 0.0.47, 0.0.48, 0.0.49, 0.0.50, 0.0.51, 0.0.52, 0.0.53, 0.0.54, 0.0.55, 0.0.56, 0.0.57, 0.0.59, 0.0.60, 0.0.61, 0.0.62, 0.0.63, 0.0.65, 0.0.66, 0.0.67, 0.0.68, 0.0.69, 0.0.70, 0.0.71, 0.0.72, 0.0.73, 0.0.74, 0.0.75, 0.0.76, 0.0.77, 0.0.78)
No matching distribution found for muffin==0.0.93
Package search: {'_pypi_ordering': False, 'version': '0.0.93', 'name': 'muffin', 'summary': 'web framework based on Asyncio stack'}
Creating standard recipe for muffin-0.0.93
Using url https://pypi.python.org/packages/source/m/muffin/muffin-0.0.93.tar.gz (37 KB) for muffin.
Downloading muffin
Unpacking muffin...
done
working in /tmp/tmpbqnPCjconda_skeleton_muffin-0.0.93.tar.gz
Fetching package metadata: ......

WARNING: conda-build appears to be out of date. You have version 1.13.0 but the
latest version is 1.14.0. Run

conda update -n root conda-build

to get the latest version.

Solving package specifications: .patching file core.py
Hunk #1 succeeded at 168 with fuzz 2 (offset 2 lines).
Traceback (most recent call last):
  File "setup.py", line 6, in <module>
    from setuptools import setup
ImportError: No module named setuptools

Applying patch: '/tmp/tmpbqnPCjconda_skeleton_muffin-0.0.93.tar.gz/pypi-distutils.patch'
$PYTHONPATH = /tmp/tmpbqnPCjconda_skeleton_muffin-0.0.93.tar.gz/muffin-0.0.93
Error: command failed: /home/ubuntu/miniconda/envs/_build/bin/python setup.py install

conda create -n _pipbuild_ --yes python pip
/home/ubuntu/miniconda/envs/_pipbuild_/bin/pip install muffin==0.0.93
Error: Could not pip install muffin==0.0.93
