Removing old build directory
Removing old work directory
BUILD START: multiprocessing-2.6.2.1-py_0
Fetching package metadata: ......

WARNING: conda-build appears to be out of date. You have version 1.13.0 but the
latest version is 1.14.1. Run

conda update -n root conda-build

to get the latest version.

Solving package specifications: .+ pip install multiprocessing
Collecting multiprocessing
  Downloading http://localhost/packages/source/m/multiprocessing/multiprocessing-2.6.2.1.tar.gz (108kB)
Installing collected packages: multiprocessing
  Running setup.py install for multiprocessing
Successfully installed multiprocessing-2.6.2.1

The following NEW packages will be INSTALLED:

    openssl:    1.0.1k-1     
    pip:        7.0.3-py27_0 
    python:     2.7.10-0     
    readline:   6.2-2        
    setuptools: 18.0.1-py27_0
    sqlite:     3.8.4.1-1    
    system:     5.8-2        
    tk:         8.5.18-0     
    zlib:       1.2.8-0      

Linking packages ...
[                    ]|                                                  |   0%[openssl             ]|                                                  |   0%[readline            ]|#####                                             |  11%[sqlite              ]|###########                                       |  22%[system              ]|################                                  |  33%[tk                  ]|######################                            |  44%[zlib                ]|###########################                       |  55%[python              ]|#################################                 |  66%[setuptools          ]|######################################            |  77%[pip                 ]|############################################      |  88%[      COMPLETE      ]|##################################################| 100%
Removing old work directory
Copying /home/ubuntu/pypi-conda-builds/multiprocessing to /home/ubuntu/miniconda/conda-bld/work
Package: multiprocessing-2.6.2.1-py_0
source tree in: /home/ubuntu/miniconda/conda-bld/work
number of files: 54
Fixing permissions
patchelf: file: /home/ubuntu/miniconda/envs/_build/lib/python2.7/site-packages/multiprocessing/_multiprocessing.so
    setting rpath to: $ORIGIN/../../..
[noarch_python] Error: Shared object file found: lib/python2.7/site-packages/multiprocessing/_multiprocessing.so
Package search: {'_pypi_ordering': False, 'version': '2.6.2.1', 'name': 'multiprocessing', 'summary': 'Backport of the multiprocessing package to Python 2.4 and 2.5'}
Creating standard recipe for multiprocessing-2.6.2.1
Converting recipe in /home/ubuntu/pypi-conda-builds/multiprocessing
package = multiprocessing
   dependencies = []
Building conda package for multiprocessing
