Warning, the following versions were found for munerator
0.23.0
0.22.1
0.22.0
0.21.0
0.20.7
0.20.6
0.20.5
0.20.4
0.20.3
0.20.2
0.20.1
0.20.0
0.19.5
0.19.4
0.19.2
0.19.1
0.19.0
0.18.3
0.18.2
0.18.1
0.18.0
0.17.14
0.17.2
0.17.1
0.17.0
0.16.2
0.16.1
0.16.0
0.15.4
0.15.3
0.15.2
0.15.1
0.15.0
0.14.6
0.14.5
0.14.3
0.14.2
0.14.1
0.13.2
0.13.1
0.13.0
0.12.17
0.12.16
0.12.15
0.12.14
0.12.13
0.12.11
0.12.10
0.12.6
0.12.5
0.12.4
0.12.3
0.12.2
0.12.1
0.12.0
0.11.3
0.11.2
0.11.1
0.11.0
0.10.16
0.10.15
0.10.14
0.10.13
0.10.12
0.10.11
0.10.10
0.10.9
0.10.8
0.10.7
0.10.6
0.10.5
0.10.2
0.10.0
0.9.18
0.9.17
0.9.16
0.9.15
0.9.14
0.9.13
0.9.12
0.9.11
0.9.10
0.9.8
0.9.4
0.9.3
0.9.2
0.9.0
0.8.14
0.8.13
0.8.12
0.8.11
0.8.10
0.8.9
0.8.8
0.8.7
0.8.6
0.8.5
0.8.2
0.8.1
0.8.0
0.7.2
0.7.1
0.7.0
0.6.10
0.6.9
0.6.8
0.6.7
0.6.6
0.6.5
0.6.4
0.6.3
0.6.2
0.6.1
0.6.0
0.5.12
0.5.11
0.5.10
0.5.9
0.5.8
0.5.3
0.5.2
0.5.0
0.4.8
0.4.7
0.4.5
0.4.4
0.4.3
0.4.2
0.4.1
0.4.0
0.3.24
0.3.23
0.3.22
0.3.21
0.3.20
0.3.18
0.3.16
0.3.15
0.3.14
0.3.13
0.3.9
Using 0.23.0
Use --version to specify a different version.
Using url https://pypi.python.org/packages/source/m/munerator/munerator-0.23.0.tar.gz (2.5 MB) for munerator.
Downloading munerator
Using cached download
Unpacking munerator...
done
working in /tmp/tmpMBQjruconda_skeleton_munerator-0.23.0.tar.gz
Fetching package metadata: ......

WARNING: conda-build appears to be out of date. You have version 1.13.0 but the
latest version is 1.14.1. Run

conda update -n root conda-build

to get the latest version.

Solving package specifications: .patching file core.py
Hunk #1 succeeded at 168 with fuzz 2 (offset 2 lines).

WARNING: conda-build appears to be out of date. You have version 1.13.0 but the
latest version is 1.14.1. Run

conda update -n root conda-build

to get the latest version.


Applying patch: '/tmp/tmpMBQjruconda_skeleton_munerator-0.23.0.tar.gz/pypi-distutils.patch'
eve-mongoengine not found, trying Eve-Mongoengine
Warning, the following versions were found for Eve-Mongoengine
0.0.9
0.0.8
0.0.7
0.0.6
0.0.5
0.0.4
0.0.3
0.0.2
0.0.1
Using 0.0.9
Use --version to specify a different version.
Using url https://pypi.python.org/packages/source/E/Eve-Mongoengine/Eve-Mongoengine-0.0.9.tar.gz (11 KB) for Eve-Mongoengine.
Downloading Eve-Mongoengine
Using cached download
Unpacking Eve-Mongoengine...
done
working in /tmp/tmplMbR6Dconda_skeleton_Eve-Mongoengine-0.0.9.tar.gz
Solving package specifications: .patching file core.py
Hunk #1 succeeded at 168 with fuzz 2 (offset 2 lines).

WARNING: conda-build appears to be out of date. You have version 1.13.0 but the
latest version is 1.14.1. Run

conda update -n root conda-build

to get the latest version.


Applying patch: '/tmp/tmplMbR6Dconda_skeleton_Eve-Mongoengine-0.0.9.tar.gz/pypi-distutils.patch'
eve not found, trying Eve
Warning, the following versions were found for Eve
0.5.3
0.5.2
0.5.1
0.5
0.4
0.3
0.2
0.1.1
0.1
0.0.9
0.0.8
0.0.7
0.0.6
0.0.5
0.0.4
0.0.3
0.0.2
0.0.1
Using 0.5.3
Use --version to specify a different version.
Using url https://pypi.python.org/packages/source/E/Eve/Eve-0.5.3.tar.gz (230 KB) for Eve.
Downloading Eve
Using cached download
Unpacking Eve...
done
working in /tmp/tmpazNfQCconda_skeleton_Eve-0.5.3.tar.gz
Solving package specifications: .patching file core.py
Hunk #1 succeeded at 168 with fuzz 2 (offset 2 lines).

WARNING: conda-build appears to be out of date. You have version 1.13.0 but the
latest version is 1.14.1. Run

conda update -n root conda-build

to get the latest version.


Applying patch: '/tmp/tmpazNfQCconda_skeleton_Eve-0.5.3.tar.gz/pypi-distutils.patch'
flask-pymongo not found, trying Flask-PyMongo
Warning, the following versions were found for Flask-PyMongo
0.3.1
0.3.0
0.2.1
0.2.0
0.1.4
0.1.3
0.1.2
0.1.1
0.1
Using 0.3.1
Use --version to specify a different version.
Using url https://pypi.python.org/packages/source/F/Flask-PyMongo/Flask-PyMongo-0.3.1.tar.gz (22 KB) for Flask-PyMongo.
Downloading Flask-PyMongo
Using cached download
Unpacking Flask-PyMongo...
done
working in /tmp/tmpYcUhLQconda_skeleton_Flask-PyMongo-0.3.1.tar.gz
Solving package specifications: .patching file core.py
Hunk #1 succeeded at 168 with fuzz 2 (offset 2 lines).

WARNING: conda-build appears to be out of date. You have version 1.13.0 but the
latest version is 1.14.1. Run

conda update -n root conda-build

to get the latest version.


Applying patch: '/tmp/tmpYcUhLQconda_skeleton_Flask-PyMongo-0.3.1.tar.gz/pypi-distutils.patch'
events not found, trying Events
Warning, the following versions were found for Events
0.2.1
0.2.0
0.1.0
Using 0.2.1
Use --version to specify a different version.
Using url https://pypi.python.org/packages/source/E/Events/Events-0.2.1.tar.gz (5 KB) for Events.
Downloading Events
Using cached download
Unpacking Events...
done
working in /tmp/tmpXsU4plconda_skeleton_Events-0.2.1.tar.gz
Solving package specifications: .patching file core.py
Hunk #1 succeeded at 168 with fuzz 2 (offset 2 lines).

WARNING: conda-build appears to be out of date. You have version 1.13.0 but the
latest version is 1.14.1. Run

conda update -n root conda-build

to get the latest version.


Applying patch: '/tmp/tmpXsU4plconda_skeleton_Events-0.2.1.tar.gz/pypi-distutils.patch'
cerberus not found, trying Cerberus
Warning, the following versions were found for Cerberus
0.9
0.8.1
0.8
0.7.2
0.7.1
0.7
0.6
0.5
0.4.0
0.3.0
0.2.0
0.1.0
0.0.3
0.0.2
0.0.1
Using 0.9
Use --version to specify a different version.
Using url https://pypi.python.org/packages/source/C/Cerberus/Cerberus-0.9.tar.gz (17 KB) for Cerberus.
Downloading Cerberus
Using cached download
Unpacking Cerberus...
done
working in /tmp/tmpx8aqE3conda_skeleton_Cerberus-0.9.tar.gz
Solving package specifications: .patching file core.py
Hunk #1 succeeded at 168 with fuzz 2 (offset 2 lines).

WARNING: conda-build appears to be out of date. You have version 1.13.0 but the
latest version is 1.14.1. Run

conda update -n root conda-build

to get the latest version.


Applying patch: '/tmp/tmpx8aqE3conda_skeleton_Cerberus-0.9.tar.gz/pypi-distutils.patch'
eve not found, trying Eve
Warning, the following versions were found for Eve
0.5.3
0.5.2
0.5.1
0.5
0.4
0.3
0.2
0.1.1
0.1
0.0.9
0.0.8
0.0.7
0.0.6
0.0.5
0.0.4
0.0.3
0.0.2
0.0.1
Using 0.5.3
Use --version to specify a different version.
Using url https://pypi.python.org/packages/source/E/Eve/Eve-0.5.3.tar.gz (230 KB) for Eve.
Downloading Eve
Using cached download
Unpacking Eve...
done
working in /tmp/tmpD8JbFcconda_skeleton_Eve-0.5.3.tar.gz
Solving package specifications: .patching file core.py
Hunk #1 succeeded at 168 with fuzz 2 (offset 2 lines).

WARNING: conda-build appears to be out of date. You have version 1.13.0 but the
latest version is 1.14.1. Run

conda update -n root conda-build

to get the latest version.


Applying patch: '/tmp/tmpD8JbFcconda_skeleton_Eve-0.5.3.tar.gz/pypi-distutils.patch'
Warning, the following versions were found for applib
1.2
1.1.0
1.0.1
Using 1.2
Use --version to specify a different version.
Using url https://pypi.python.org/packages/source/a/applib/applib-1.2.tar.gz (37 KB) for applib.
Downloading applib
Using cached download
Unpacking applib...
done
working in /tmp/tmpw3Ztkzconda_skeleton_applib-1.2.tar.gz
Solving package specifications: .patching file core.py
Hunk #1 succeeded at 168 with fuzz 2 (offset 2 lines).

WARNING: conda-build appears to be out of date. You have version 1.13.0 but the
latest version is 1.14.1. Run

conda update -n root conda-build

to get the latest version.


Applying patch: '/tmp/tmpw3Ztkzconda_skeleton_applib-1.2.tar.gz/pypi-distutils.patch'
Warning, the following versions were found for rcfile
0.1.4
0.1.1
0.1.0
Using 0.1.4
Use --version to specify a different version.
Using url https://pypi.python.org/packages/source/r/rcfile/rcfile-0.1.4.tar.gz (4 KB) for rcfile.
Downloading rcfile
Using cached download
Unpacking rcfile...
done
working in /tmp/tmpL6cOT8conda_skeleton_rcfile-0.1.4.tar.gz
Solving package specifications: .patching file core.py
Hunk #1 succeeded at 168 with fuzz 2 (offset 2 lines).

Applying patch: '/tmp/tmpL6cOT8conda_skeleton_rcfile-0.1.4.tar.gz/pypi-distutils.patch'
Writing recipe for applib
Writing recipe for rcfile
Writing recipe for flask-pymongo
Writing recipe for eve
Writing recipe for events
Writing recipe for munerator
Writing recipe for eve-mongoengine
Writing recipe for cerberus
Done
