Error: prefix already exists: /home/ubuntu/miniconda/envs/_pipbuild_
Collecting mysqlclient==1.3.6
  Downloading http://localhost/packages/source/m/mysqlclient/mysqlclient-1.3.6.tar.gz (78kB)
setuptools must be installed to install from a source distribution
Package search: {'_pypi_ordering': False, 'version': '1.3.6', 'name': 'mysqlclient', 'summary': 'Python interface to MySQL'}
Creating standard recipe for mysqlclient-1.3.6
Using url https://pypi.python.org/packages/source/m/mysqlclient/mysqlclient-1.3.6.tar.gz (76 KB) for mysqlclient.
Downloading mysqlclient
Using cached download
Unpacking mysqlclient...
done
working in /tmp/tmpZa_Ktoconda_skeleton_mysqlclient-1.3.6.tar.gz
Fetching package metadata: ......

WARNING: conda-build appears to be out of date. You have version 1.13.0 but the
latest version is 1.14.0. Run

conda update -n root conda-build

to get the latest version.

Solving package specifications: .patching file core.py
Hunk #1 succeeded at 168 with fuzz 2 (offset 2 lines).
Traceback (most recent call last):
  File "setup.py", line 7, in <module>
    import setuptools
ImportError: No module named setuptools

Applying patch: '/tmp/tmpZa_Ktoconda_skeleton_mysqlclient-1.3.6.tar.gz/pypi-distutils.patch'
$PYTHONPATH = /tmp/tmpZa_Ktoconda_skeleton_mysqlclient-1.3.6.tar.gz/mysqlclient-1.3.6
Error: command failed: /home/ubuntu/miniconda/envs/_build/bin/python setup.py install

conda create -n _pipbuild_ --yes python pip
/home/ubuntu/miniconda/envs/_pipbuild_/bin/pip install mysqlclient==1.3.6
Error: Could not pip install mysqlclient==1.3.6
