Error: prefix already exists: /home/ubuntu/miniconda/envs/_pipbuild_
Collecting MySQL-python==1.2.5
  Downloading http://localhost/packages/source/M/MySQL-python/MySQL-python-1.2.5.zip (108kB)
setuptools must be installed to install from a source distribution
Package search: {'_pypi_ordering': False, 'version': '1.2.3', 'name': 'MySQL-python', 'summary': 'Python interface to MySQL'}
Creating standard recipe for mysql-python-1.2.5
Using url https://pypi.python.org/packages/source/M/MySQL-python/MySQL-python-1.2.5.zip (106 KB) for MySQL-python.
Downloading MySQL-python
Using cached download
Unpacking MySQL-python...
done
working in /tmp/tmpPPtszNconda_skeleton_MySQL-python-1.2.5.zip
Fetching package metadata: ......

WARNING: conda-build appears to be out of date. You have version 1.13.0 but the
latest version is 1.14.1. Run

conda update -n root conda-build

to get the latest version.

Solving package specifications: .patching file core.py
Hunk #1 succeeded at 168 with fuzz 2 (offset 2 lines).
sh: 1: mysql_config: not found
Traceback (most recent call last):
  File "setup.py", line 17, in <module>
    metadata, options = get_config()
  File "/tmp/tmpPPtszNconda_skeleton_MySQL-python-1.2.5.zip/MySQL-python-1.2.5/setup_posix.py", line 43, in get_config
    libs = mysql_config("libs_r")
  File "/tmp/tmpPPtszNconda_skeleton_MySQL-python-1.2.5.zip/MySQL-python-1.2.5/setup_posix.py", line 25, in mysql_config
    raise EnvironmentError("%s not found" % (mysql_config.path,))
EnvironmentError: mysql_config not found

Applying patch: '/tmp/tmpPPtszNconda_skeleton_MySQL-python-1.2.5.zip/pypi-distutils.patch'
$PYTHONPATH = /tmp/tmpPPtszNconda_skeleton_MySQL-python-1.2.5.zip/MySQL-python-1.2.5
Error: command failed: /home/ubuntu/miniconda/envs/_build/bin/python setup.py install

conda create -n _pipbuild_ --yes python pip
/home/ubuntu/miniconda/envs/_pipbuild_/bin/pip install MySQL-python==1.2.5
Error: Could not pip install MySQL-python==1.2.5
