mysql-python not found, trying MySQL-python
Warning, the following versions were found for MySQL-python
1.2.5
1.2.4
1.2.4c1
1.2.4b5
1.2.4b4
1.2.4b3
1.2.4b2
1.2.4b1
1.2.3
1.2.3c1
1.2.3b2
1.2.3b1
1.2.2
1.2.2c1
1.2.2b3
1.2.2b2
1.2.2b1
1.2.1
1.2.1c6
1.2.1c5
1.2.1c4
1.2.1_p2
1.2.0
1.1.10
1.1.9
1.1.8
1.0.1
1.0.0
0.9.2
Using 1.2.5
Use --version to specify a different version.
Using url https://pypi.python.org/packages/source/M/MySQL-python/MySQL-python-1.2.5.zip (106 KB) for MySQL-python.
Downloading MySQL-python
Using cached download
Unpacking MySQL-python...
done
working in /tmp/tmpD1mMH4conda_skeleton_MySQL-python-1.2.5.zip
Fetching package metadata: ......

WARNING: conda-build appears to be out of date. You have version 1.13.0 but the
latest version is 1.14.1. Run

conda update -n root conda-build

to get the latest version.

Solving package specifications: .patching file core.py
Hunk #1 succeeded at 168 with fuzz 2 (offset 2 lines).
sh: 1: mysql_config: not found
Traceback (most recent call last):
  File "setup.py", line 17, in <module>
    metadata, options = get_config()
  File "/tmp/tmpD1mMH4conda_skeleton_MySQL-python-1.2.5.zip/MySQL-python-1.2.5/setup_posix.py", line 43, in get_config
    libs = mysql_config("libs_r")
  File "/tmp/tmpD1mMH4conda_skeleton_MySQL-python-1.2.5.zip/MySQL-python-1.2.5/setup_posix.py", line 25, in mysql_config
    raise EnvironmentError("%s not found" % (mysql_config.path,))
EnvironmentError: mysql_config not found

The following NEW packages will be INSTALLED:

    numpy:      1.9.2-py27_0 
    pip:        7.0.3-py27_0 
    python:     2.7.10-0     
    pyyaml:     3.11-py27_1  
    setuptools: 18.0.1-py27_0
    yaml:       0.1.6-0      

Linking packages ...
[                    ]|                                                  |   0%[yaml                ]|                                                  |   0%[numpy               ]|########                                          |  16%[python              ]|################                                  |  33%[pyyaml              ]|#########################                         |  50%[setuptools          ]|#################################                 |  66%[pip                 ]|#########################################         |  83%[      COMPLETE      ]|##################################################| 100%
Applying patch: '/tmp/tmpD1mMH4conda_skeleton_MySQL-python-1.2.5.zip/pypi-distutils.patch'
$PYTHONPATH = /tmp/tmpD1mMH4conda_skeleton_MySQL-python-1.2.5.zip/MySQL-python-1.2.5
Error: command failed: /home/ubuntu/miniconda/envs/_build/bin/python setup.py install
