Error: prefix already exists: /home/ubuntu/miniconda/envs/_pipbuild_
Collecting MySQL-python==1.2.5
  Downloading http://localhost/packages/source/M/MySQL-python/MySQL-python-1.2.5.zip (108kB)
setuptools must be installed to install from a source distribution
Package search: {'_pypi_ordering': False, 'version': '1.2.3', 'name': 'MySQL-python', 'summary': 'Python interface to MySQL'}
Creating standard recipe for mysql-python-1.2.5
Using url https://pypi.python.org/packages/source/M/MySQL-python/MySQL-python-1.2.5.zip (106 KB) for MySQL-python.
Downloading MySQL-python
Using cached download
Unpacking MySQL-python...
done
working in /tmp/tmpRdvhLgconda_skeleton_MySQL-python-1.2.5.zip
Fetching package metadata: ......

WARNING: conda-build appears to be out of date. You have version 1.13.0 but the
latest version is 1.14.0. Run

conda update -n root conda-build

to get the latest version.

Solving package specifications: .patching file core.py
Hunk #1 succeeded at 168 with fuzz 2 (offset 2 lines).
Traceback (most recent call last):
  File "setup.py", line 7, in <module>
    import setuptools
ImportError: No module named setuptools

Applying patch: '/tmp/tmpRdvhLgconda_skeleton_MySQL-python-1.2.5.zip/pypi-distutils.patch'
$PYTHONPATH = /tmp/tmpRdvhLgconda_skeleton_MySQL-python-1.2.5.zip/MySQL-python-1.2.5
Error: command failed: /home/ubuntu/miniconda/envs/_build/bin/python setup.py install

conda create -n _pipbuild_ --yes python pip
/home/ubuntu/miniconda/envs/_pipbuild_/bin/pip install MySQL-python==1.2.5
Error: Could not pip install MySQL-python==1.2.5
