Removing old build directory
Removing old work directory
BUILD START: nameparser-0.3.4-py_0
Fetching package metadata: ......

WARNING: conda-build appears to be out of date. You have version 1.13.0 but the
latest version is 1.14.0. Run

conda update -n root conda-build

to get the latest version.

Solving package specifications: .+ pip install nameparser
Collecting nameparser
  Downloading http://localhost/packages/source/n/nameparser/nameparser-0.3.4.tar.gz
setuptools must be installed to install from a source distribution

The following NEW packages will be INSTALLED:

    openssl:    1.0.1k-1     
    pip:        7.0.3-py27_0 
    python:     2.7.10-0     
    readline:   6.2-2        
    setuptools: 17.1.1-py27_0
    sqlite:     3.8.4.1-1    
    system:     5.8-2        
    tk:         8.5.18-0     
    zlib:       1.2.8-0      

Linking packages ...
[                    ]|                                                  |   0%[openssl             ]|                                                  |   0%[readline            ]|#####                                             |  11%[sqlite              ]|###########                                       |  22%[system              ]|################                                  |  33%[tk                  ]|######################                            |  44%[zlib                ]|###########################                       |  55%[python              ]|#################################                 |  66%[setuptools          ]|######################################            |  77%[pip                 ]|############################################      |  88%[      COMPLETE      ]|##################################################| 100%
Removing old work directory
Copying /home/ubuntu/pypi-conda-builds/nameparser to /home/ubuntu/miniconda/conda-bld/work
Package: nameparser-0.3.4-py_0
source tree in: /home/ubuntu/miniconda/conda-bld/work
Command failed: /bin/bash -x -e /home/ubuntu/pypi-conda-builds/nameparser/build.sh
Package search: {'_pypi_ordering': False, 'version': '0.3.4', 'name': 'nameparser', 'summary': 'A simple Python module for parsing human names into their individual components.'}
Creating standard recipe for nameparser-0.3.4
Converting recipe in /home/ubuntu/pypi-conda-builds/nameparser
package = nameparser
   dependencies = []
Building conda package for nameparser
