Error: prefix already exists: /home/ubuntu/miniconda/envs/_pipbuild_
Collecting named-constants==1.0
  Downloading http://localhost/packages/source/n/named_constants/named_constants-1.0.tar.gz
setuptools must be installed to install from a source distribution
Package search: {'_pypi_ordering': False, 'version': '1.0', 'name': 'named_constants', 'summary': 'This module offers an easy way to define named constants in Python, supporting some simple enum-like use case, as well as arbitrary value types like strings or floats.'}
Creating standard recipe for named_constants-1.0
Using url https://pypi.python.org/packages/source/n/named_constants/named_constants-1.0.tar.gz (4 KB) for named_constants.
Downloading named_constants
Using cached download
Unpacking named_constants...
done
working in /tmp/tmpSVMpIMconda_skeleton_named_constants-1.0.tar.gz
Fetching package metadata: ......

WARNING: conda-build appears to be out of date. You have version 1.13.0 but the
latest version is 1.14.0. Run

conda update -n root conda-build

to get the latest version.

Solving package specifications: .patching file core.py
Hunk #1 succeeded at 168 with fuzz 2 (offset 2 lines).
Traceback (most recent call last):
  File "setup.py", line 2, in <module>
    from setuptools import setup
ImportError: No module named setuptools

Applying patch: '/tmp/tmpSVMpIMconda_skeleton_named_constants-1.0.tar.gz/pypi-distutils.patch'
$PYTHONPATH = /tmp/tmpSVMpIMconda_skeleton_named_constants-1.0.tar.gz/named_constants-1.0
Error: command failed: /home/ubuntu/miniconda/envs/_build/bin/python setup.py install

conda create -n _pipbuild_ --yes python pip
/home/ubuntu/miniconda/envs/_pipbuild_/bin/pip install named_constants==1.0
Error: Could not pip install named_constants==1.0
