Error: prefix already exists: /home/ubuntu/miniconda/envs/_pipbuild_
Collecting natsort==4.0.3
  Could not find a version that satisfies the requirement natsort==4.0.3 (from versions: 2.0.0, 2.0.1, 2.0.2, 2.1.0, 2.2.0, 3.0.0, 3.0.1, 3.0.2, 3.1.0, 3.1.1, 3.1.2, 3.2.0, 3.2.1, 3.3.0, 3.4.0, 3.4.1, 3.5.0, 3.5.1, 3.5.2, 3.5.3, 3.5.4, 3.5.5, 3.5.6)
No matching distribution found for natsort==4.0.3
Package search: {'_pypi_ordering': False, 'version': '4.0.3', 'name': 'natsort', 'summary': 'Sort lists naturally'}
Creating standard recipe for natsort-4.0.3
Using url https://pypi.python.org/packages/source/n/natsort/natsort-4.0.3.tar.gz (59 KB) for natsort.
Downloading natsort
Unpacking natsort...
done
working in /tmp/tmpwq7NH8conda_skeleton_natsort-4.0.3.tar.gz
Fetching package metadata: ......

WARNING: conda-build appears to be out of date. You have version 1.13.0 but the
latest version is 1.14.0. Run

conda update -n root conda-build

to get the latest version.

Solving package specifications: .patching file core.py
Hunk #1 succeeded at 168 with fuzz 2 (offset 2 lines).
Traceback (most recent call last):
  File "setup.py", line 9, in <module>
    from setuptools import setup
ImportError: No module named setuptools

Applying patch: '/tmp/tmpwq7NH8conda_skeleton_natsort-4.0.3.tar.gz/pypi-distutils.patch'
$PYTHONPATH = /tmp/tmpwq7NH8conda_skeleton_natsort-4.0.3.tar.gz/natsort-4.0.3
Error: command failed: /home/ubuntu/miniconda/envs/_build/bin/python setup.py install

conda create -n _pipbuild_ --yes python pip
/home/ubuntu/miniconda/envs/_pipbuild_/bin/pip install natsort==4.0.3
Error: Could not pip install natsort==4.0.3
