Error: prefix already exists: /home/ubuntu/miniconda/envs/_pipbuild_
Collecting ndg-httpsclient==0.4.0
  Downloading http://localhost/packages/source/n/ndg-httpsclient/ndg_httpsclient-0.4.0.tar.gz
setuptools must be installed to install from a source distribution
Package search: {'_pypi_ordering': False, 'version': '0.4.0', 'name': 'ndg-httpsclient', 'summary': 'Provides enhanced HTTPS support for httplib and urllib2 using PyOpenSSL'}
Creating standard recipe for ndg-httpsclient-0.4.0
Using url https://pypi.python.org/packages/source/n/ndg-httpsclient/ndg_httpsclient-0.4.0.tar.gz (23 KB) for ndg-httpsclient.
Downloading ndg-httpsclient
Using cached download
Unpacking ndg-httpsclient...
done
working in /tmp/tmpkEx7w4conda_skeleton_ndg_httpsclient-0.4.0.tar.gz
Fetching package metadata: ......

WARNING: conda-build appears to be out of date. You have version 1.13.0 but the
latest version is 1.14.0. Run

conda update -n root conda-build

to get the latest version.

Solving package specifications: .patching file core.py
Hunk #1 succeeded at 168 with fuzz 2 (offset 2 lines).
Traceback (most recent call last):
  File "setup.py", line 4, in <module>
    from ez_setup import use_setuptools
ImportError: No module named ez_setup

Applying patch: '/tmp/tmpkEx7w4conda_skeleton_ndg_httpsclient-0.4.0.tar.gz/pypi-distutils.patch'
$PYTHONPATH = /tmp/tmpkEx7w4conda_skeleton_ndg_httpsclient-0.4.0.tar.gz/ndg_httpsclient-0.4.0
Error: command failed: /home/ubuntu/miniconda/envs/_build/bin/python setup.py install

conda create -n _pipbuild_ --yes python pip
/home/ubuntu/miniconda/envs/_pipbuild_/bin/pip install ndg-httpsclient==0.4.0
Error: Could not pip install ndg-httpsclient==0.4.0
