neptuno2 not found, trying Neptuno2
Warning, the following versions were found for Neptuno2
1.2.3
1.2.2
1.2.1
1.2.0
1.1.4
1.1.3
1.1.2
1.1.1
1.1.0
1.0.69
1.0.68
1.0.67
1.0.66
1.0.65
1.0.64
1.0.63
1.0.62
1.0.61
1.0.60
1.0.59
1.0.58
1.0.57
1.0.56
1.0.55
1.0.54
1.0.53
1.0.52
1.0.51
1.0.50
1.0.49
1.0.48
1.0.47
1.0.46
1.0.45
1.0.44
1.0.43
1.0.42
1.0.41
1.0.40
1.0.39
1.0.38
1.0.37
1.0.36
1.0.35
1.0.34
1.0.33
1.0.32
1.0.31
1.0.30
1.0.29
1.0.28
1.0.27
1.0.26
1.0.25
1.0.24
1.0.23
1.0.22
1.0.21
1.0.20
1.0.18
1.0.17
1.0.16
1.0.14
1.0.13
1.0.12
1.0.11
1.0.10
1.0.9
1.0.8
1.0.7
1.0.6
1.0.5
1.0.4
1.0.3
1.0.2
1.0.0
Using 1.2.3
Use --version to specify a different version.
Using url https://pypi.python.org/packages/source/N/Neptuno2/Neptuno2-1.2.3.tar.gz (24 KB) for Neptuno2.
Downloading Neptuno2
Using cached download
Unpacking Neptuno2...
done
working in /tmp/tmpWJz9nyconda_skeleton_Neptuno2-1.2.3.tar.gz
Fetching package metadata: ......

WARNING: conda-build appears to be out of date. You have version 1.13.0 but the
latest version is 1.14.1. Run

conda update -n root conda-build

to get the latest version.

Solving package specifications: .patching file core.py
Hunk #1 succeeded at 168 with fuzz 2 (offset 2 lines).

WARNING: conda-build appears to be out of date. You have version 1.13.0 but the
latest version is 1.14.1. Run

conda update -n root conda-build

to get the latest version.


The following NEW packages will be INSTALLED:

    numpy:  1.9.2-py27_0
    pyyaml: 3.11-py27_1 
    yaml:   0.1.6-0     

Linking packages ...
[                    ]|                                                  |   0%[yaml                ]|                                                  |   0%[numpy               ]|################                                  |  33%[pyyaml              ]|#################################                 |  66%[      COMPLETE      ]|##################################################| 100%
Applying patch: '/tmp/tmpWJz9nyconda_skeleton_Neptuno2-1.2.3.tar.gz/pypi-distutils.patch'
Warning, the following versions were found for xlwt
1.0.0
0.7.5
0.7.4
0.7.3
0.7.2
0.7.1
0.7.0
Using 1.0.0
Use --version to specify a different version.
Using url https://pypi.python.org/packages/source/x/xlwt/xlwt-1.0.0.tar.gz (127 KB) for xlwt.
Downloading xlwt
Using cached download
Unpacking xlwt...
done
working in /tmp/tmpjP1s6Hconda_skeleton_xlwt-1.0.0.tar.gz
Solving package specifications: .patching file core.py
Hunk #1 succeeded at 168 with fuzz 2 (offset 2 lines).

Applying patch: '/tmp/tmpjP1s6Hconda_skeleton_xlwt-1.0.0.tar.gz/pypi-distutils.patch'
Writing recipe for neptuno2
Writing recipe for xlwt
Done
