Error: prefix already exists: /home/ubuntu/miniconda/envs/_pipbuild_
Collecting netius==1.5.5
  Downloading http://localhost/packages/source/n/netius/netius-1.5.5.zip (256kB)
setuptools must be installed to install from a source distribution
Package search: {'_pypi_ordering': False, 'version': '1.5.5', 'name': 'netius', 'summary': 'Netius System'}
Creating standard recipe for netius-1.5.5
Using url https://pypi.python.org/packages/source/n/netius/netius-1.5.5.zip (250 KB) for netius.
Downloading netius
Using cached download
Unpacking netius...
done
working in /tmp/tmpZyoBfrconda_skeleton_netius-1.5.5.zip
Fetching package metadata: ......

WARNING: conda-build appears to be out of date. You have version 1.13.0 but the
latest version is 1.14.0. Run

conda update -n root conda-build

to get the latest version.

Solving package specifications: .patching file core.py
Hunk #1 succeeded at 168 with fuzz 2 (offset 2 lines).
Traceback (most recent call last):
  File "setup.py", line 41, in <module>
    import setuptools
ImportError: No module named setuptools

Applying patch: '/tmp/tmpZyoBfrconda_skeleton_netius-1.5.5.zip/pypi-distutils.patch'
$PYTHONPATH = /tmp/tmpZyoBfrconda_skeleton_netius-1.5.5.zip/netius-1.5.5
Error: command failed: /home/ubuntu/miniconda/envs/_build/bin/python setup.py install

conda create -n _pipbuild_ --yes python pip
/home/ubuntu/miniconda/envs/_pipbuild_/bin/pip install netius==1.5.5
Error: Could not pip install netius==1.5.5
