Error: prefix already exists: /home/ubuntu/miniconda/envs/_pipbuild_
Collecting nose-parameterized==0.4.2
  Could not find a version that satisfies the requirement nose-parameterized==0.4.2 (from versions: 0.1, 0.2, 0.3, 0.3.1, 0.3.2, 0.3.3, 0.3.4, 0.3.5)
No matching distribution found for nose-parameterized==0.4.2
Package search: {'_pypi_ordering': False, 'version': '0.4.2', 'name': 'nose-parameterized', 'summary': 'Decorator for parameterized testing with Nose'}
Creating standard recipe for nose-parameterized-0.4.2
Using url https://pypi.python.org/packages/source/n/nose-parameterized/nose-parameterized-0.4.2.tar.gz (8 KB) for nose-parameterized.
Downloading nose-parameterized
Unpacking nose-parameterized...
done
working in /tmp/tmpjUvTBIconda_skeleton_nose-parameterized-0.4.2.tar.gz
Fetching package metadata: ......

WARNING: conda-build appears to be out of date. You have version 1.13.0 but the
latest version is 1.14.0. Run

conda update -n root conda-build

to get the latest version.

Solving package specifications: .patching file core.py
Hunk #1 succeeded at 168 with fuzz 2 (offset 2 lines).
Traceback (most recent call last):
  File "setup.py", line 6, in <module>
    from setuptools import setup, find_packages
ImportError: No module named setuptools

Applying patch: '/tmp/tmpjUvTBIconda_skeleton_nose-parameterized-0.4.2.tar.gz/pypi-distutils.patch'
$PYTHONPATH = /tmp/tmpjUvTBIconda_skeleton_nose-parameterized-0.4.2.tar.gz/nose-parameterized-0.4.2
Error: command failed: /home/ubuntu/miniconda/envs/_build/bin/python setup.py install

conda create -n _pipbuild_ --yes python pip
/home/ubuntu/miniconda/envs/_pipbuild_/bin/pip install nose-parameterized==0.4.2
Error: Could not pip install nose-parameterized==0.4.2
