Removing old build directory
Removing old work directory
BUILD START: nose-exclude-0.3.0-py_0
Fetching package metadata: ......

WARNING: conda-build appears to be out of date. You have version 1.13.0 but the
latest version is 1.14.1. Run

conda update -n root conda-build

to get the latest version.

Solving package specifications: .+ /home/ubuntu/miniconda/envs/_build/bin/python setup.py install
running install
running bdist_egg
running egg_info
writing requirements to nose_exclude.egg-info/requires.txt
writing nose_exclude.egg-info/PKG-INFO
writing top-level names to nose_exclude.egg-info/top_level.txt
writing dependency_links to nose_exclude.egg-info/dependency_links.txt
writing entry points to nose_exclude.egg-info/entry_points.txt
reading manifest file 'nose_exclude.egg-info/SOURCES.txt'
reading manifest template 'MANIFEST.in'
writing manifest file 'nose_exclude.egg-info/SOURCES.txt'
installing library code to build/bdist.linux-x86_64/egg
running install_lib
running build_py
creating build
creating build/lib
copying nose_exclude.py -> build/lib
creating build/bdist.linux-x86_64
creating build/bdist.linux-x86_64/egg
copying build/lib/nose_exclude.py -> build/bdist.linux-x86_64/egg
byte-compiling build/bdist.linux-x86_64/egg/nose_exclude.py to nose_exclude.pyc
creating build/bdist.linux-x86_64/egg/EGG-INFO
copying nose_exclude.egg-info/PKG-INFO -> build/bdist.linux-x86_64/egg/EGG-INFO
copying nose_exclude.egg-info/SOURCES.txt -> build/bdist.linux-x86_64/egg/EGG-INFO
copying nose_exclude.egg-info/dependency_links.txt -> build/bdist.linux-x86_64/egg/EGG-INFO
copying nose_exclude.egg-info/entry_points.txt -> build/bdist.linux-x86_64/egg/EGG-INFO
copying nose_exclude.egg-info/not-zip-safe -> build/bdist.linux-x86_64/egg/EGG-INFO
copying nose_exclude.egg-info/requires.txt -> build/bdist.linux-x86_64/egg/EGG-INFO
copying nose_exclude.egg-info/top_level.txt -> build/bdist.linux-x86_64/egg/EGG-INFO
creating dist
creating 'dist/nose_exclude-0.3.0-py2.7.egg' and adding 'build/bdist.linux-x86_64/egg' to it
removing 'build/bdist.linux-x86_64/egg' (and everything under it)
Processing nose_exclude-0.3.0-py2.7.egg
creating /home/ubuntu/miniconda/envs/_build/lib/python2.7/site-packages/nose_exclude-0.3.0-py2.7.egg
Extracting nose_exclude-0.3.0-py2.7.egg to /home/ubuntu/miniconda/envs/_build/lib/python2.7/site-packages
Adding nose-exclude 0.3.0 to easy-install.pth file

Installed /home/ubuntu/miniconda/envs/_build/lib/python2.7/site-packages/nose_exclude-0.3.0-py2.7.egg
Processing dependencies for nose-exclude==0.3.0
Searching for nose==1.3.7
Best match: nose 1.3.7
Adding nose 1.3.7 to easy-install.pth file
Installing nosetests script to /home/ubuntu/miniconda/envs/_build/bin
Installing nosetests-2.7 script to /home/ubuntu/miniconda/envs/_build/bin

Using /home/ubuntu/miniconda/envs/_build/lib/python2.7/site-packages
Finished processing dependencies for nose-exclude==0.3.0

The following NEW packages will be INSTALLED:

    nose:       1.3.7-py27_0 
    openssl:    1.0.1k-1     
    pip:        7.0.3-py27_0 
    python:     2.7.10-0     
    readline:   6.2-2        
    setuptools: 18.0.1-py27_0
    sqlite:     3.8.4.1-1    
    system:     5.8-2        
    tk:         8.5.18-0     
    zlib:       1.2.8-0      

Linking packages ...
[                    ]|                                                  |   0%[openssl             ]|                                                  |   0%[readline            ]|#####                                             |  10%[sqlite              ]|##########                                        |  20%[system              ]|###############                                   |  30%[tk                  ]|####################                              |  40%[zlib                ]|#########################                         |  50%[nose                ]|##############################                    |  60%[python              ]|###################################               |  70%[setuptools          ]|########################################          |  80%[pip                 ]|#############################################     |  90%[      COMPLETE      ]|##################################################| 100%
Removing old work directory
Source cache directory is: /home/ubuntu/miniconda/conda-bld/src_cache
Found source in cache: nose-exclude-0.3.0.tar.gz
Extracting download
Package: nose-exclude-0.3.0-py_0
source tree in: /home/ubuntu/miniconda/conda-bld/work/nose-exclude-0.3.0
number of files: 11
Fixing permissions
Fixing permissions
BUILD END: nose-exclude-0.3.0-py_0
Nothing to test for: nose-exclude-0.3.0-py_0
# If you want to upload this package to binstar.org later, type:
#
# $ binstar upload /home/ubuntu/miniconda/conda-bld/noarch/nose-exclude-0.3.0-py_0.tar.bz2
#
# To have conda build upload to binstar automatically, use
# $ conda config --set binstar_upload yes

