Error: prefix already exists: /home/ubuntu/miniconda/envs/_pipbuild_
Collecting nose-exclude==0.3.0
  Could not find a version that satisfies the requirement nose-exclude==0.3.0 (from versions: 0.1.4, 0.1.5, 0.1.6, 0.1.7, 0.1.8, 0.1.9, 0.1.10, 0.2.0)
No matching distribution found for nose-exclude==0.3.0
Package search: {'_pypi_ordering': False, 'version': '0.3.0', 'name': 'nose-exclude', 'summary': 'Exclude specific directories from nosetests runs.'}
Creating standard recipe for nose-exclude-0.3.0
Using url https://pypi.python.org/packages/source/n/nose-exclude/nose-exclude-0.3.0.tar.gz (6 KB) for nose-exclude.
Downloading nose-exclude
Unpacking nose-exclude...
done
working in /tmp/tmpjCae0_conda_skeleton_nose-exclude-0.3.0.tar.gz
Fetching package metadata: ......

WARNING: conda-build appears to be out of date. You have version 1.13.0 but the
latest version is 1.14.0. Run

conda update -n root conda-build

to get the latest version.

Solving package specifications: .patching file core.py
Hunk #1 succeeded at 168 with fuzz 2 (offset 2 lines).
Traceback (most recent call last):
  File "setup.py", line 7, in <module>
    from setuptools import setup
ImportError: No module named setuptools

Applying patch: '/tmp/tmpjCae0_conda_skeleton_nose-exclude-0.3.0.tar.gz/pypi-distutils.patch'
$PYTHONPATH = /tmp/tmpjCae0_conda_skeleton_nose-exclude-0.3.0.tar.gz/nose-exclude-0.3.0
Error: command failed: /home/ubuntu/miniconda/envs/_build/bin/python setup.py install

conda create -n _pipbuild_ --yes python pip
/home/ubuntu/miniconda/envs/_pipbuild_/bin/pip install nose-exclude==0.3.0
Error: Could not pip install nose-exclude==0.3.0
