Error: prefix already exists: /home/ubuntu/miniconda/envs/_pipbuild_
Collecting nosexcover==1.0.10
  Downloading http://localhost/packages/source/n/nosexcover/nosexcover-1.0.10.tar.gz
setuptools must be installed to install from a source distribution
Package search: {'_pypi_ordering': False, 'version': '1.0.10', 'name': 'nosexcover', 'summary': 'Extends nose.plugins.cover to add Cobertura-style XML reports'}
Creating standard recipe for nosexcover-1.0.10
Using url https://pypi.python.org/packages/source/n/nosexcover/nosexcover-1.0.10.tar.gz (3 KB) for nosexcover.
Downloading nosexcover
Using cached download
Unpacking nosexcover...
done
working in /tmp/tmpzdHl0qconda_skeleton_nosexcover-1.0.10.tar.gz
Fetching package metadata: ......

WARNING: conda-build appears to be out of date. You have version 1.13.0 but the
latest version is 1.14.0. Run

conda update -n root conda-build

to get the latest version.

Solving package specifications: .patching file core.py
Hunk #1 succeeded at 168 with fuzz 2 (offset 2 lines).
Traceback (most recent call last):
  File "setup.py", line 1, in <module>
    from setuptools import setup, find_packages
ImportError: No module named setuptools

Applying patch: '/tmp/tmpzdHl0qconda_skeleton_nosexcover-1.0.10.tar.gz/pypi-distutils.patch'
$PYTHONPATH = /tmp/tmpzdHl0qconda_skeleton_nosexcover-1.0.10.tar.gz/nosexcover-1.0.10
Error: command failed: /home/ubuntu/miniconda/envs/_build/bin/python setup.py install

conda create -n _pipbuild_ --yes python pip
/home/ubuntu/miniconda/envs/_pipbuild_/bin/pip install nosexcover==1.0.10
Error: Could not pip install nosexcover==1.0.10
