Error: prefix already exists: /home/ubuntu/miniconda/envs/_pipbuild_
Collecting numpydoc==0.5
  Downloading http://localhost/packages/source/n/numpydoc/numpydoc-0.5.tar.gz
setuptools must be installed to install from a source distribution
Package search: {'_pypi_ordering': False, 'version': '0.5', 'name': 'numpydoc', 'summary': 'Sphinx extension to support docstrings in Numpy format'}
Creating standard recipe for numpydoc-0.5
Using url https://pypi.python.org/packages/source/n/numpydoc/numpydoc-0.5.tar.gz (31 KB) for numpydoc.
Downloading numpydoc
Using cached download
Unpacking numpydoc...
done
working in /tmp/tmpUit6PIconda_skeleton_numpydoc-0.5.tar.gz
Fetching package metadata: ......

WARNING: conda-build appears to be out of date. You have version 1.13.0 but the
latest version is 1.14.0. Run

conda update -n root conda-build

to get the latest version.

Solving package specifications: .patching file core.py
Hunk #1 succeeded at 168 with fuzz 2 (offset 2 lines).
Traceback (most recent call last):
  File "setup.py", line 4, in <module>
    import setuptools
ImportError: No module named setuptools

Applying patch: '/tmp/tmpUit6PIconda_skeleton_numpydoc-0.5.tar.gz/pypi-distutils.patch'
$PYTHONPATH = /tmp/tmpUit6PIconda_skeleton_numpydoc-0.5.tar.gz/numpydoc-0.5
Error: command failed: /home/ubuntu/miniconda/envs/_build/bin/python setup.py install

conda create -n _pipbuild_ --yes python pip
/home/ubuntu/miniconda/envs/_pipbuild_/bin/pip install numpydoc==0.5
Error: Could not pip install numpydoc==0.5
