Warning, the following versions were found for odict
1.5.1
1.5.0
1.4.4
1.4.3
1.4.2
1.4.1
1.4.0
1.3.2
1.3.1
1.3.0
1.2.6
1.2.5
1.2.4
1.2.3
1.2.2
1.2.1
1.2
Using 1.5.1
Use --version to specify a different version.
Using url https://pypi.python.org/packages/source/o/odict/odict-1.5.1.tar.gz (9 KB) for odict.
Downloading odict
Unpacking odict...
done
working in /tmp/tmp6wtPXyconda_skeleton_odict-1.5.1.tar.gz
Fetching package metadata: ......

WARNING: conda-build appears to be out of date. You have version 1.13.0 but the
latest version is 1.14.1. Run

conda update -n root conda-build

to get the latest version.

Solving package specifications: .patching file core.py
Hunk #1 succeeded at 168 with fuzz 2 (offset 2 lines).

WARNING: conda-build appears to be out of date. You have version 1.13.0 but the
latest version is 1.14.1. Run

conda update -n root conda-build

to get the latest version.


The following NEW packages will be INSTALLED:

    numpy:  1.9.2-py27_0
    pyyaml: 3.11-py27_1 
    yaml:   0.1.6-0     

Linking packages ...
[                    ]|                                                  |   0%[yaml                ]|                                                  |   0%[numpy               ]|################                                  |  33%[pyyaml              ]|#################################                 |  66%[      COMPLETE      ]|##################################################| 100%
Applying patch: '/tmp/tmp6wtPXyconda_skeleton_odict-1.5.1.tar.gz/pypi-distutils.patch'
Warning, the following versions were found for interlude
1.3.1
1.3
1.2
1.1.1
1.1
1.0
Using 1.3.1
Use --version to specify a different version.
Using url https://pypi.python.org/packages/source/i/interlude/interlude-1.3.1.tar.gz (3 KB) for interlude.
Downloading interlude
interlude-1.3.   0% |                              | ETA:  --:--:--   0.00  B/sinterlude-1.3. 100% |###############################| ETA:  0:00:00   9.92 MB/sinterlude-1.3. 100% |###############################| Time: 0:00:00   5.59 MB/s
Unpacking interlude...
done
working in /tmp/tmpunfNm6conda_skeleton_interlude-1.3.1.tar.gz
Solving package specifications: .patching file core.py
Hunk #1 succeeded at 168 with fuzz 2 (offset 2 lines).

Applying patch: '/tmp/tmpunfNm6conda_skeleton_interlude-1.3.1.tar.gz/pypi-distutils.patch'
Writing recipe for odict
Writing recipe for interlude
Done
