opengroupware not found, trying OpenGroupware
Warning, the following versions were found for OpenGroupware
0.1.49rc89
0.1.49rc87
0.1.49rc86
0.1.49rc85
0.1.49rc84
0.1.49rc81
0.1.49rc79
0.1.49rc69
0.1.49rc67
0.1.49rc57
0.1.49rc38
0.1.49rc37
0.1.49rc35
0.1.49rc33
0.1.49rc32
0.1.49rc27
0.1.49rc25
0.1.49rc19
0.1.49rc18
0.1.49rc17
0.1.49rc16
0.1.49rc14
0.1.49rc12
0.1.49rc10
0.1.49rc9
0.1.49rc8
0.1.49rc7
0.1.49rc6
0.1.49rc4
0.1.49rc3
0.1.48
0.1.47r10
0.1.47r9
0.1.47r8
0.1.47rc61
0.1.47rc45
0.1.47rc35
0.1.47rc22
0.1.47rc21
0.1.47rc20
0.1.47rc19
0.1.47rc18
0.1.47rc17
0.1.47rc16
0.1.47rc15
0.1.47rc14
0.1.46
0.1.45rc26
0.1.45rc25
0.1.45rc24
0.1.45rc23
0.1.45rc22
0.1.45rc21
0.1.45rc19
0.1.45rc18
0.1.45rc17
0.1.44
0.1.43
0.1.42
0.1.41
0.1.40rc15
0.1.40rc12
0.1.40rc10
0.1.40rc9
0.1.40rc7
0.1.40rc6
0.1.40rc5
0.1.40rc4
0.1.40rc3
0.1.40rc2
0.1.40rc1
0.1.39
0.1.38rc8
0.1.38rc7
0.1.38rc6
0.1.38rc5
0.1.38rc4
0.1.38rc3
0.1.38rc2
0.1.38rc1
0.1.37
0.1.36
0.1.34
0.1.32
0.1.31
0.1.30
0.1.29
0.1.28
0.1.27
0.1.26
0.1.25
0.1.24
0.1.23
0.1.21
0.1.20
0.1.19
0.1.18
0.1.17
0.1.16
0.1.15
0.1.14
0.1.12
0.1.11
0.1.10
0.1.9
0.1.8
0.1.6
0.1.40rc9b
Using 0.1.49rc89
Use --version to specify a different version.
Error: Could not parse url for OpenGroupware: UNKNOWN
