Removing old build directory
Removing old work directory
BUILD START: openexr-1.2.0-py_0
Fetching package metadata: ......

WARNING: conda-build appears to be out of date. You have version 1.13.0 but the
latest version is 1.14.1. Run

conda update -n root conda-build

to get the latest version.

Solving package specifications: .+ pip install OpenEXR
Collecting OpenEXR
  Downloading http://localhost/packages/source/O/OpenEXR/OpenEXR-1.2.0.tar.gz
Installing collected packages: OpenEXR
  Running setup.py install for OpenEXR
    Complete output from command /home/ubuntu/miniconda/envs/_build/bin/python -c "import setuptools, tokenize;__file__='/tmp/pip-build-p3F7xr/OpenEXR/setup.py';exec(compile(getattr(tokenize, 'open', open)(__file__).read().replace('\r\n', '\n'), __file__, 'exec'))" install --record /tmp/pip-1ofhYm-record/install-record.txt --single-version-externally-managed --compile:
    running install
    running build
    running build_py
    creating build
    creating build/lib.linux-x86_64-2.7
    copying Imath.py -> build/lib.linux-x86_64-2.7
    running build_ext
    building 'OpenEXR' extension
    creating build/temp.linux-x86_64-2.7
    gcc -pthread -fno-strict-aliasing -g -O2 -DNDEBUG -g -fwrapv -O3 -Wall -Wstrict-prototypes -fPIC -I/usr/include/OpenEXR -I/usr/local/include/OpenEXR -I/opt/local/include/OpenEXR -I/home/ubuntu/miniconda/envs/_build/include/python2.7 -c OpenEXR.cpp -o build/temp.linux-x86_64-2.7/OpenEXR.o -g -DVERSION="1.2.0"
    gcc: error trying to exec 'cc1plus': execvp: No such file or directory
    error: command 'gcc' failed with exit status 1
    
    ----------------------------------------
Command "/home/ubuntu/miniconda/envs/_build/bin/python -c "import setuptools, tokenize;__file__='/tmp/pip-build-p3F7xr/OpenEXR/setup.py';exec(compile(getattr(tokenize, 'open', open)(__file__).read().replace('\r\n', '\n'), __file__, 'exec'))" install --record /tmp/pip-1ofhYm-record/install-record.txt --single-version-externally-managed --compile" failed with error code 1 in /tmp/pip-build-p3F7xr/OpenEXR

The following NEW packages will be INSTALLED:

    openssl:    1.0.1k-1     
    pip:        7.0.3-py27_0 
    python:     2.7.10-0     
    readline:   6.2-2        
    setuptools: 18.0.1-py27_0
    sqlite:     3.8.4.1-1    
    system:     5.8-2        
    tk:         8.5.18-0     
    zlib:       1.2.8-0      

Linking packages ...
[                    ]|                                                  |   0%[openssl             ]|                                                  |   0%[readline            ]|#####                                             |  11%[sqlite              ]|###########                                       |  22%[system              ]|################                                  |  33%[tk                  ]|######################                            |  44%[zlib                ]|###########################                       |  55%[python              ]|#################################                 |  66%[setuptools          ]|######################################            |  77%[pip                 ]|############################################      |  88%[      COMPLETE      ]|##################################################| 100%
Removing old work directory
Copying /home/ubuntu/pypi-conda-builds/openexr to /home/ubuntu/miniconda/conda-bld/work
Package: openexr-1.2.0-py_0
source tree in: /home/ubuntu/miniconda/conda-bld/work
Command failed: /bin/bash -x -e /home/ubuntu/pypi-conda-builds/openexr/build.sh
Package search: {'_pypi_ordering': False, 'version': '1.2.0', 'name': 'OpenEXR', 'summary': "Python bindings for ILM's OpenEXR image file format"}
Creating standard recipe for openexr-1.2.0
Converting recipe in /home/ubuntu/pypi-conda-builds/openexr
package = OpenEXR
   dependencies = []
Building conda package for openexr
