openexr not found, trying OpenEXR
Warning, the following versions were found for OpenEXR
1.2.0
1.1.0
1.0.3
1.0.2
Using 1.2.0
Use --version to specify a different version.
Using url https://pypi.python.org/packages/source/O/OpenEXR/OpenEXR-1.2.0.tar.gz (9 KB) for OpenEXR.
Downloading OpenEXR
Using cached download
Unpacking OpenEXR...
done
working in /tmp/tmplPmYitconda_skeleton_OpenEXR-1.2.0.tar.gz
Fetching package metadata: ......

WARNING: conda-build appears to be out of date. You have version 1.13.0 but the
latest version is 1.14.1. Run

conda update -n root conda-build

to get the latest version.

Solving package specifications: .patching file core.py
Hunk #1 succeeded at 168 with fuzz 2 (offset 2 lines).

Applying patch: '/tmp/tmplPmYitconda_skeleton_OpenEXR-1.2.0.tar.gz/pypi-distutils.patch'
Writing recipe for openexr
Done
