Error: prefix already exists: /home/ubuntu/miniconda/envs/_pipbuild_
Collecting os-client-config==1.4.0
  Could not find a version that satisfies the requirement os-client-config==1.4.0 (from versions: 0.1.0, 0.2.0, 0.3.0, 0.4.0, 0.4.1, 0.4.2, 0.4.3, 0.5.0, 0.6.0, 0.7.0, 0.8.0, 0.8.1, 0.8.2, 1.0.0)
No matching distribution found for os-client-config==1.4.0
Package search: {'_pypi_ordering': False, 'version': '1.4.0', 'name': 'os-client-config', 'summary': 'OpenStack Client Configuation Library'}
Creating standard recipe for os-client-config-1.4.0
Using url https://pypi.python.org/packages/source/o/os-client-config/os-client-config-1.4.0.tar.gz (23 KB) for os-client-config.
Downloading os-client-config
Unpacking os-client-config...
done
working in /tmp/tmpBSXxmcconda_skeleton_os-client-config-1.4.0.tar.gz
Fetching package metadata: ......

WARNING: conda-build appears to be out of date. You have version 1.13.0 but the
latest version is 1.14.0. Run

conda update -n root conda-build

to get the latest version.

Solving package specifications: .patching file core.py
Hunk #1 succeeded at 168 with fuzz 2 (offset 2 lines).
Traceback (most recent call last):
  File "setup.py", line 18, in <module>
    import setuptools
ImportError: No module named setuptools

Applying patch: '/tmp/tmpBSXxmcconda_skeleton_os-client-config-1.4.0.tar.gz/pypi-distutils.patch'
$PYTHONPATH = /tmp/tmpBSXxmcconda_skeleton_os-client-config-1.4.0.tar.gz/os-client-config-1.4.0
Error: command failed: /home/ubuntu/miniconda/envs/_build/bin/python setup.py install

conda create -n _pipbuild_ --yes python pip
/home/ubuntu/miniconda/envs/_pipbuild_/bin/pip install os-client-config==1.4.0
Error: Could not pip install os-client-config==1.4.0
