Warning, the following versions were found for os_diskconfig_python_novaclient_ext
0.1.2
0.1.1
0.1.0
Using 0.1.2
Use --version to specify a different version.
Using url https://pypi.python.org/packages/source/o/os_diskconfig_python_novaclient_ext/os_diskconfig_python_novaclient_ext-0.1.2.tar.gz (2 KB) for os_diskconfig_python_novaclient_ext.
Downloading os_diskconfig_python_novaclient_ext
Using cached download
Unpacking os_diskconfig_python_novaclient_ext...
done
working in /tmp/tmpAcByn8conda_skeleton_os_diskconfig_python_novaclient_ext-0.1.2.tar.gz
Fetching package metadata: ......

WARNING: conda-build appears to be out of date. You have version 1.13.0 but the
latest version is 1.14.1. Run

conda update -n root conda-build

to get the latest version.

Solving package specifications: .patching file core.py
Hunk #1 succeeded at 168 with fuzz 2 (offset 2 lines).

Applying patch: '/tmp/tmpAcByn8conda_skeleton_os_diskconfig_python_novaclient_ext-0.1.2.tar.gz/pypi-distutils.patch'
Writing recipe for os_diskconfig_python_novaclient_ext
Done
