Error: prefix already exists: /home/ubuntu/miniconda/envs/_pipbuild_
Collecting os-networksv2-python-novaclient-ext==0.25
  Downloading http://localhost/packages/source/o/os_networksv2_python_novaclient_ext/os_networksv2_python_novaclient_ext-0.25.tar.gz
setuptools must be installed to install from a source distribution
Package search: {'_pypi_ordering': False, 'version': '0.25', 'name': 'os_networksv2_python_novaclient_ext', 'summary': 'Adds rackspace networks support to python-novaclient'}
Creating standard recipe for os_networksv2_python_novaclient_ext-0.25
Using url https://pypi.python.org/packages/source/o/os_networksv2_python_novaclient_ext/os_networksv2_python_novaclient_ext-0.25.tar.gz (2 KB) for os_networksv2_python_novaclient_ext.
Downloading os_networksv2_python_novaclient_ext
Using cached download
Unpacking os_networksv2_python_novaclient_ext...
done
working in /tmp/tmpH2YIL4conda_skeleton_os_networksv2_python_novaclient_ext-0.25.tar.gz
Fetching package metadata: ......

WARNING: conda-build appears to be out of date. You have version 1.13.0 but the
latest version is 1.14.0. Run

conda update -n root conda-build

to get the latest version.

Solving package specifications: .patching file core.py
Hunk #1 succeeded at 168 with fuzz 2 (offset 2 lines).
Traceback (most recent call last):
  File "setup.py", line 15, in <module>
    import setuptools
ImportError: No module named setuptools

Applying patch: '/tmp/tmpH2YIL4conda_skeleton_os_networksv2_python_novaclient_ext-0.25.tar.gz/pypi-distutils.patch'
$PYTHONPATH = /tmp/tmpH2YIL4conda_skeleton_os_networksv2_python_novaclient_ext-0.25.tar.gz/os_networksv2_python_novaclient_ext-0.25
Error: command failed: /home/ubuntu/miniconda/envs/_build/bin/python setup.py install

conda create -n _pipbuild_ --yes python pip
/home/ubuntu/miniconda/envs/_pipbuild_/bin/pip install os_networksv2_python_novaclient_ext==0.25
Error: Could not pip install os_networksv2_python_novaclient_ext==0.25
