Removing old build directory
Removing old work directory
BUILD START: os_networksv2_python_novaclient_ext-0.25-py27_0
Fetching package metadata: ......

WARNING: conda-build appears to be out of date. You have version 1.13.0 but the
latest version is 1.14.1. Run

conda update -n root conda-build

to get the latest version.

Solving package specifications: .+ /home/ubuntu/miniconda/envs/_build/bin/python setup.py install
running install
running bdist_egg
running egg_info
writing requirements to os_networksv2_python_novaclient_ext.egg-info/requires.txt
writing os_networksv2_python_novaclient_ext.egg-info/PKG-INFO
writing top-level names to os_networksv2_python_novaclient_ext.egg-info/top_level.txt
writing dependency_links to os_networksv2_python_novaclient_ext.egg-info/dependency_links.txt
reading manifest file 'os_networksv2_python_novaclient_ext.egg-info/SOURCES.txt'
reading manifest template 'MANIFEST.in'
writing manifest file 'os_networksv2_python_novaclient_ext.egg-info/SOURCES.txt'
installing library code to build/bdist.linux-x86_64/egg
running install_lib
running build_py
creating build
creating build/lib
copying os_networksv2_python_novaclient_ext.py -> build/lib
creating build/bdist.linux-x86_64
creating build/bdist.linux-x86_64/egg
copying build/lib/os_networksv2_python_novaclient_ext.py -> build/bdist.linux-x86_64/egg
byte-compiling build/bdist.linux-x86_64/egg/os_networksv2_python_novaclient_ext.py to os_networksv2_python_novaclient_ext.pyc
creating build/bdist.linux-x86_64/egg/EGG-INFO
copying os_networksv2_python_novaclient_ext.egg-info/PKG-INFO -> build/bdist.linux-x86_64/egg/EGG-INFO
copying os_networksv2_python_novaclient_ext.egg-info/SOURCES.txt -> build/bdist.linux-x86_64/egg/EGG-INFO
copying os_networksv2_python_novaclient_ext.egg-info/dependency_links.txt -> build/bdist.linux-x86_64/egg/EGG-INFO
copying os_networksv2_python_novaclient_ext.egg-info/pbr.json -> build/bdist.linux-x86_64/egg/EGG-INFO
copying os_networksv2_python_novaclient_ext.egg-info/requires.txt -> build/bdist.linux-x86_64/egg/EGG-INFO
copying os_networksv2_python_novaclient_ext.egg-info/top_level.txt -> build/bdist.linux-x86_64/egg/EGG-INFO
zip_safe flag not set; analyzing archive contents...
creating dist
creating 'dist/os_networksv2_python_novaclient_ext-0.25-py2.7.egg' and adding 'build/bdist.linux-x86_64/egg' to it
removing 'build/bdist.linux-x86_64/egg' (and everything under it)
Processing os_networksv2_python_novaclient_ext-0.25-py2.7.egg
Copying os_networksv2_python_novaclient_ext-0.25-py2.7.egg to /home/ubuntu/miniconda/envs/_build/lib/python2.7/site-packages
Adding os-networksv2-python-novaclient-ext 0.25 to easy-install.pth file

Installed /home/ubuntu/miniconda/envs/_build/lib/python2.7/site-packages/os_networksv2_python_novaclient_ext-0.25-py2.7.egg
Processing dependencies for os-networksv2-python-novaclient-ext==0.25
Searching for python-keystoneclient>=1.3.0
Reading https://pypi.python.org/simple/python-keystoneclient/
Best match: python-keystoneclient 1.6.0
Downloading https://pypi.python.org/packages/source/p/python-keystoneclient/python-keystoneclient-1.6.0.tar.gz#md5=7c75a78389644433f2346930ba3a3e2a
Processing python-keystoneclient-1.6.0.tar.gz
Writing /tmp/easy_install-YOm3zn/python-keystoneclient-1.6.0/setup.cfg
Running python-keystoneclient-1.6.0/setup.py -q bdist_egg --dist-dir /tmp/easy_install-YOm3zn/python-keystoneclient-1.6.0/egg-dist-tmp-dWoDJN

Installed /tmp/easy_install-YOm3zn/python-keystoneclient-1.6.0/.eggs/pbr-1.2.0-py2.7.egg
creating /home/ubuntu/miniconda/envs/_build/lib/python2.7/site-packages/python_keystoneclient-1.6.0-py2.7.egg
Extracting python_keystoneclient-1.6.0-py2.7.egg to /home/ubuntu/miniconda/envs/_build/lib/python2.7/site-packages
Adding python-keystoneclient 1.6.0 to easy-install.pth file
Installing keystone script to /home/ubuntu/miniconda/envs/_build/bin

Installed /home/ubuntu/miniconda/envs/_build/lib/python2.7/site-packages/python_keystoneclient-1.6.0-py2.7.egg
Searching for Babel>=1.3
Reading https://pypi.python.org/simple/Babel/
Best match: Babel 1.3
Downloading https://pypi.python.org/packages/source/B/Babel/Babel-1.3.tar.gz#md5=5264ceb02717843cbc9ffce8e6e06bdb
Processing Babel-1.3.tar.gz
Writing /tmp/easy_install-ANWApD/Babel-1.3/setup.cfg
Running Babel-1.3/setup.py -q bdist_egg --dist-dir /tmp/easy_install-ANWApD/Babel-1.3/egg-dist-tmp-m44sDK
warning: no previously-included files matching '*' found under directory 'docs/_build'
warning: no previously-included files matching '*.pyc' found under directory 'tests'
warning: no previously-included files matching '*.pyo' found under directory 'tests'
creating /home/ubuntu/miniconda/envs/_build/lib/python2.7/site-packages/Babel-1.3-py2.7.egg
Extracting Babel-1.3-py2.7.egg to /home/ubuntu/miniconda/envs/_build/lib/python2.7/site-packages
Adding Babel 1.3 to easy-install.pth file
Installing pybabel script to /home/ubuntu/miniconda/envs/_build/bin

Installed /home/ubuntu/miniconda/envs/_build/lib/python2.7/site-packages/Babel-1.3-py2.7.egg
Searching for six>=1.9.0
Reading https://pypi.python.org/simple/six/
Best match: six 1.9.0
Downloading https://pypi.python.org/packages/source/s/six/six-1.9.0.tar.gz#md5=476881ef4012262dfc8adc645ee786c4
Processing six-1.9.0.tar.gz
Writing /tmp/easy_install-boutur/six-1.9.0/setup.cfg
Running six-1.9.0/setup.py -q bdist_egg --dist-dir /tmp/easy_install-boutur/six-1.9.0/egg-dist-tmp-TcFeK2
no previously-included directories found matching 'documentation/_build'
zip_safe flag not set; analyzing archive contents...
six: module references __path__
creating /home/ubuntu/miniconda/envs/_build/lib/python2.7/site-packages/six-1.9.0-py2.7.egg
Extracting six-1.9.0-py2.7.egg to /home/ubuntu/miniconda/envs/_build/lib/python2.7/site-packages
Adding six 1.9.0 to easy-install.pth file

Installed /home/ubuntu/miniconda/envs/_build/lib/python2.7/site-packages/six-1.9.0-py2.7.egg
Searching for simplejson>=2.2.0
Reading https://pypi.python.org/simple/simplejson/
Best match: simplejson 3.7.3
Downloading https://pypi.python.org/packages/source/s/simplejson/simplejson-3.7.3.tar.gz#md5=117346e5ee4ed4434ffe485f8e58f5ed
Processing simplejson-3.7.3.tar.gz
Writing /tmp/easy_install-rHhhqT/simplejson-3.7.3/setup.cfg
Running simplejson-3.7.3/setup.py -q bdist_egg --dist-dir /tmp/easy_install-rHhhqT/simplejson-3.7.3/egg-dist-tmp-9TxMGV
zip_safe flag not set; analyzing archive contents...
simplejson.tests.__init__: module references __file__
creating /home/ubuntu/miniconda/envs/_build/lib/python2.7/site-packages/simplejson-3.7.3-py2.7-linux-x86_64.egg
Extracting simplejson-3.7.3-py2.7-linux-x86_64.egg to /home/ubuntu/miniconda/envs/_build/lib/python2.7/site-packages
Adding simplejson 3.7.3 to easy-install.pth file

Installed /home/ubuntu/miniconda/envs/_build/lib/python2.7/site-packages/simplejson-3.7.3-py2.7-linux-x86_64.egg
Searching for requests>=2.5.2
Reading https://pypi.python.org/simple/requests/
Best match: requests 2.7.0
Downloading https://pypi.python.org/packages/source/r/requests/requests-2.7.0.tar.gz#md5=29b173fd5fa572ec0764d1fd7b527260
Processing requests-2.7.0.tar.gz
Writing /tmp/easy_install-Lut2nY/requests-2.7.0/setup.cfg
Running requests-2.7.0/setup.py -q bdist_egg --dist-dir /tmp/easy_install-Lut2nY/requests-2.7.0/egg-dist-tmp-7L_XeB
creating /home/ubuntu/miniconda/envs/_build/lib/python2.7/site-packages/requests-2.7.0-py2.7.egg
Extracting requests-2.7.0-py2.7.egg to /home/ubuntu/miniconda/envs/_build/lib/python2.7/site-packages
Adding requests 2.7.0 to easy-install.pth file

Installed /home/ubuntu/miniconda/envs/_build/lib/python2.7/site-packages/requests-2.7.0-py2.7.egg
Searching for PrettyTable<0.8,>=0.7
Reading https://pypi.python.org/simple/PrettyTable/
Best match: prettytable 0.7.2
Downloading https://pypi.python.org/packages/source/P/PrettyTable/prettytable-0.7.2.zip#md5=0c1361104caff8b09f220748f9d69899
Processing prettytable-0.7.2.zip
Writing /tmp/easy_install-Gp3Jz6/prettytable-0.7.2/setup.cfg
Running prettytable-0.7.2/setup.py -q bdist_egg --dist-dir /tmp/easy_install-Gp3Jz6/prettytable-0.7.2/egg-dist-tmp-wqQaue
zip_safe flag not set; analyzing archive contents...
Moving prettytable-0.7.2-py2.7.egg to /home/ubuntu/miniconda/envs/_build/lib/python2.7/site-packages
Adding prettytable 0.7.2 to easy-install.pth file

Installed /home/ubuntu/miniconda/envs/_build/lib/python2.7/site-packages/prettytable-0.7.2-py2.7.egg
Searching for oslo.utils>=1.4.0
Reading https://pypi.python.org/simple/oslo.utils/
Best match: oslo.utils 1.7.0
Downloading https://pypi.python.org/packages/source/o/oslo.utils/oslo.utils-1.7.0.tar.gz#md5=c95d23c6c7c5601f6c56aaba1e20cfbd
Processing oslo.utils-1.7.0.tar.gz
Writing /tmp/easy_install-TvWYJP/oslo.utils-1.7.0/setup.cfg
Running oslo.utils-1.7.0/setup.py -q bdist_egg --dist-dir /tmp/easy_install-TvWYJP/oslo.utils-1.7.0/egg-dist-tmp-nxiQT2

Installed /tmp/easy_install-TvWYJP/oslo.utils-1.7.0/.eggs/pbr-1.2.0-py2.7.egg
creating /home/ubuntu/miniconda/envs/_build/lib/python2.7/site-packages/oslo.utils-1.7.0-py2.7.egg
Extracting oslo.utils-1.7.0-py2.7.egg to /home/ubuntu/miniconda/envs/_build/lib/python2.7/site-packages
Adding oslo.utils 1.7.0 to easy-install.pth file

Installed /home/ubuntu/miniconda/envs/_build/lib/python2.7/site-packages/oslo.utils-1.7.0-py2.7.egg
Searching for oslo.serialization>=1.4.0
Reading https://pypi.python.org/simple/oslo.serialization/
Best match: oslo.serialization 1.6.0
Downloading https://pypi.python.org/packages/source/o/oslo.serialization/oslo.serialization-1.6.0.tar.gz#md5=61dad806fbe91ce23f282e8de5d57621
Processing oslo.serialization-1.6.0.tar.gz
Writing /tmp/easy_install-zdo01k/oslo.serialization-1.6.0/setup.cfg
Running oslo.serialization-1.6.0/setup.py -q bdist_egg --dist-dir /tmp/easy_install-zdo01k/oslo.serialization-1.6.0/egg-dist-tmp-eN03YN

Installed /tmp/easy_install-zdo01k/oslo.serialization-1.6.0/.eggs/pbr-1.2.0-py2.7.egg
creating /home/ubuntu/miniconda/envs/_build/lib/python2.7/site-packages/oslo.serialization-1.6.0-py2.7.egg
Extracting oslo.serialization-1.6.0-py2.7.egg to /home/ubuntu/miniconda/envs/_build/lib/python2.7/site-packages
Adding oslo.serialization 1.6.0 to easy-install.pth file

Installed /home/ubuntu/miniconda/envs/_build/lib/python2.7/site-packages/oslo.serialization-1.6.0-py2.7.egg
Searching for oslo.i18n>=1.5.0
Reading https://pypi.python.org/simple/oslo.i18n/
Best match: oslo.i18n 2.0.0
Downloading https://pypi.python.org/packages/source/o/oslo.i18n/oslo.i18n-2.0.0.tar.gz#md5=a1083637d1b7e81ddff0ceef0859a38e
Processing oslo.i18n-2.0.0.tar.gz
Writing /tmp/easy_install-s6rUaX/oslo.i18n-2.0.0/setup.cfg
Running oslo.i18n-2.0.0/setup.py -q bdist_egg --dist-dir /tmp/easy_install-s6rUaX/oslo.i18n-2.0.0/egg-dist-tmp-OS3yQr

Installed /tmp/easy_install-s6rUaX/oslo.i18n-2.0.0/.eggs/pbr-1.2.0-py2.7.egg
creating /home/ubuntu/miniconda/envs/_build/lib/python2.7/site-packages/oslo.i18n-2.0.0-py2.7.egg
Extracting oslo.i18n-2.0.0-py2.7.egg to /home/ubuntu/miniconda/envs/_build/lib/python2.7/site-packages
Adding oslo.i18n 2.0.0 to easy-install.pth file

Installed /home/ubuntu/miniconda/envs/_build/lib/python2.7/site-packages/oslo.i18n-2.0.0-py2.7.egg
Searching for iso8601>=0.1.9
Reading https://pypi.python.org/simple/iso8601/
Best match: iso8601 0.1.10
Downloading https://pypi.python.org/packages/source/i/iso8601/iso8601-0.1.10.tar.gz#md5=23acb1029acfef9c32069c6c851c3a41
Processing iso8601-0.1.10.tar.gz
Writing /tmp/easy_install-lTpAvl/iso8601-0.1.10/setup.cfg
Running iso8601-0.1.10/setup.py -q bdist_egg --dist-dir /tmp/easy_install-lTpAvl/iso8601-0.1.10/egg-dist-tmp-IJdAe1
zip_safe flag not set; analyzing archive contents...
Moving iso8601-0.1.10-py2.7.egg to /home/ubuntu/miniconda/envs/_build/lib/python2.7/site-packages
Adding iso8601 0.1.10 to easy-install.pth file

Installed /home/ubuntu/miniconda/envs/_build/lib/python2.7/site-packages/iso8601-0.1.10-py2.7.egg
Searching for argparse
Reading https://pypi.python.org/simple/argparse/
Best match: argparse 1.3.0
Downloading https://pypi.python.org/packages/source/a/argparse/argparse-1.3.0.tar.gz#md5=9bcf7f612190885c8c85e30ba41db3c7
Processing argparse-1.3.0.tar.gz
Writing /tmp/easy_install-w2Izkk/argparse-1.3.0/setup.cfg
Running argparse-1.3.0/setup.py -q bdist_egg --dist-dir /tmp/easy_install-w2Izkk/argparse-1.3.0/egg-dist-tmp-kn22Yv
warning: no previously-included files matching '*.pyc' found anywhere in distribution
warning: no previously-included files matching '*.pyo' found anywhere in distribution
warning: no previously-included files matching '*.orig' found anywhere in distribution
warning: no previously-included files matching '*.rej' found anywhere in distribution
no previously-included directories found matching 'doc/_build'
no previously-included directories found matching 'env24'
no previously-included directories found matching 'env25'
no previously-included directories found matching 'env26'
no previously-included directories found matching 'env27'
zip_safe flag not set; analyzing archive contents...
Moving argparse-1.3.0-py2.7.egg to /home/ubuntu/miniconda/envs/_build/lib/python2.7/site-packages
Adding argparse 1.3.0 to easy-install.pth file

Installed /home/ubuntu/miniconda/envs/_build/lib/python2.7/site-packages/argparse-1.3.0-py2.7.egg
Searching for pbr<2.0,>=0.11
Reading https://pypi.python.org/simple/pbr/
Best match: pbr 1.2.0
Downloading https://pypi.python.org/packages/source/p/pbr/pbr-1.2.0.tar.gz#md5=b5b93565a5c6fd514889d5f5d83a485b
Processing pbr-1.2.0.tar.gz
Writing /tmp/easy_install-HelVn8/pbr-1.2.0/setup.cfg
Running pbr-1.2.0/setup.py -q bdist_egg --dist-dir /tmp/easy_install-HelVn8/pbr-1.2.0/egg-dist-tmp-jWFrJn
creating /home/ubuntu/miniconda/envs/_build/lib/python2.7/site-packages/pbr-1.2.0-py2.7.egg
Extracting pbr-1.2.0-py2.7.egg to /home/ubuntu/miniconda/envs/_build/lib/python2.7/site-packages
Adding pbr 1.2.0 to easy-install.pth file
Installing pbr script to /home/ubuntu/miniconda/envs/_build/bin

Installed /home/ubuntu/miniconda/envs/_build/lib/python2.7/site-packages/pbr-1.2.0-py2.7.egg
Searching for stevedore>=1.3.0
Reading https://pypi.python.org/simple/stevedore/
Best match: stevedore 1.5.0
Downloading https://pypi.python.org/packages/source/s/stevedore/stevedore-1.5.0.tar.gz#md5=e8c98db3f12f36cd23158dfde2431c81
Processing stevedore-1.5.0.tar.gz
Writing /tmp/easy_install-5AF8WR/stevedore-1.5.0/setup.cfg
Running stevedore-1.5.0/setup.py -q bdist_egg --dist-dir /tmp/easy_install-5AF8WR/stevedore-1.5.0/egg-dist-tmp-QPlfKW
creating /home/ubuntu/miniconda/envs/_build/lib/python2.7/site-packages/stevedore-1.5.0-py2.7.egg
Extracting stevedore-1.5.0-py2.7.egg to /home/ubuntu/miniconda/envs/_build/lib/python2.7/site-packages
Adding stevedore 1.5.0 to easy-install.pth file

Installed /home/ubuntu/miniconda/envs/_build/lib/python2.7/site-packages/stevedore-1.5.0-py2.7.egg
Searching for oslo.config>=1.11.0
Reading https://pypi.python.org/simple/oslo.config/
Best match: oslo.config 1.13.0
Downloading https://pypi.python.org/packages/source/o/oslo.config/oslo.config-1.13.0.tar.gz#md5=35289d2d652bfa4c7f9bd3bca78bfa68
Processing oslo.config-1.13.0.tar.gz
Writing /tmp/easy_install-8SX5a4/oslo.config-1.13.0/setup.cfg
Running oslo.config-1.13.0/setup.py -q bdist_egg --dist-dir /tmp/easy_install-8SX5a4/oslo.config-1.13.0/egg-dist-tmp-u4Xprn
creating /home/ubuntu/miniconda/envs/_build/lib/python2.7/site-packages/oslo.config-1.13.0-py2.7.egg
Extracting oslo.config-1.13.0-py2.7.egg to /home/ubuntu/miniconda/envs/_build/lib/python2.7/site-packages
Adding oslo.config 1.13.0 to easy-install.pth file
Installing oslo-config-generator script to /home/ubuntu/miniconda/envs/_build/bin

Installed /home/ubuntu/miniconda/envs/_build/lib/python2.7/site-packages/oslo.config-1.13.0-py2.7.egg
Searching for netaddr>=0.7.12
Reading https://pypi.python.org/simple/netaddr/
Best match: netaddr 0.7.15
Downloading https://pypi.python.org/packages/any/n/netaddr/netaddr-0.7.15-py2.7.egg#md5=8a0472231bf4b315a6a651b11c8652df
Processing netaddr-0.7.15-py2.7.egg
creating /home/ubuntu/miniconda/envs/_build/lib/python2.7/site-packages/netaddr-0.7.15-py2.7.egg
Extracting netaddr-0.7.15-py2.7.egg to /home/ubuntu/miniconda/envs/_build/lib/python2.7/site-packages
Adding netaddr 0.7.15 to easy-install.pth file
Installing netaddr script to /home/ubuntu/miniconda/envs/_build/bin

Installed /home/ubuntu/miniconda/envs/_build/lib/python2.7/site-packages/netaddr-0.7.15-py2.7.egg
Searching for pytz>=0a
Reading https://pypi.python.org/simple/pytz/
Best match: pytz 2015.4
Downloading https://pypi.python.org/packages/2.7/p/pytz/pytz-2015.4-py2.7.egg#md5=4698c08f18f5cecba09b7e85d8e9328e
Processing pytz-2015.4-py2.7.egg
Moving pytz-2015.4-py2.7.egg to /home/ubuntu/miniconda/envs/_build/lib/python2.7/site-packages
Adding pytz 2015.4 to easy-install.pth file

Installed /home/ubuntu/miniconda/envs/_build/lib/python2.7/site-packages/pytz-2015.4-py2.7.egg
Searching for debtcollector>=0.3.0
Reading https://pypi.python.org/simple/debtcollector/
Best match: debtcollector 0.5.0
Downloading https://pypi.python.org/packages/source/d/debtcollector/debtcollector-0.5.0.tar.gz#md5=27ff96660eaf5ff75af19d678c7d3237
Processing debtcollector-0.5.0.tar.gz
Writing /tmp/easy_install-bEuXhU/debtcollector-0.5.0/setup.cfg
Running debtcollector-0.5.0/setup.py -q bdist_egg --dist-dir /tmp/easy_install-bEuXhU/debtcollector-0.5.0/egg-dist-tmp-3SoQS1
creating /home/ubuntu/miniconda/envs/_build/lib/python2.7/site-packages/debtcollector-0.5.0-py2.7.egg
Extracting debtcollector-0.5.0-py2.7.egg to /home/ubuntu/miniconda/envs/_build/lib/python2.7/site-packages
Adding debtcollector 0.5.0 to easy-install.pth file

Installed /home/ubuntu/miniconda/envs/_build/lib/python2.7/site-packages/debtcollector-0.5.0-py2.7.egg
Searching for netifaces>=0.10.4
Reading https://pypi.python.org/simple/netifaces/
Best match: netifaces 0.10.4
Downloading https://pypi.python.org/packages/source/n/netifaces/netifaces-0.10.4.tar.gz#md5=36da76e2cfadd24cc7510c2c0012eb1e
Processing netifaces-0.10.4.tar.gz
Writing /tmp/easy_install-mdwu3O/netifaces-0.10.4/setup.cfg
Running netifaces-0.10.4/setup.py -q bdist_egg --dist-dir /tmp/easy_install-mdwu3O/netifaces-0.10.4/egg-dist-tmp-q2MNPE
checking for getifaddrs...found. 
checking for getnameinfo...found. 
checking for optional header files...netash/ash.h netatalk/at.h netax25/ax25.h neteconet/ec.h netipx/ipx.h netpacket/packet.h linux/irda.h linux/atm.h linux/llc.h linux/tipc.h linux/dn.h. 
checking whether struct sockaddr has a length field...no. 
checking which sockaddr_xxx structs are defined...at ax25 in in6 ipx un ash ec ll atmpvc atmsvc dn irda llc. 
checking for routing socket support...no. 
checking for sysctl(CTL_NET...) support...no. 
checking for netlink support...yes. 
will use netlink to read routing table
Moving netifaces-0.10.4-py2.7-linux-x86_64.egg to /home/ubuntu/miniconda/envs/_build/lib/python2.7/site-packages
Adding netifaces 0.10.4 to easy-install.pth file

Installed /home/ubuntu/miniconda/envs/_build/lib/python2.7/site-packages/netifaces-0.10.4-py2.7-linux-x86_64.egg
Searching for msgpack-python>=0.4.0
Reading https://pypi.python.org/simple/msgpack-python/
Best match: msgpack-python 0.4.6
Downloading https://pypi.python.org/packages/source/m/msgpack-python/msgpack-python-0.4.6.tar.gz#md5=8b317669314cf1bc881716cccdaccb30
Processing msgpack-python-0.4.6.tar.gz
Writing /tmp/easy_install-qhlXkj/msgpack-python-0.4.6/setup.cfg
Running msgpack-python-0.4.6/setup.py -q bdist_egg --dist-dir /tmp/easy_install-qhlXkj/msgpack-python-0.4.6/egg-dist-tmp-Aqvrbl
gcc: error trying to exec 'cc1plus': execvp: No such file or directory
gcc: error trying to exec 'cc1plus': execvp: No such file or directory
zip_safe flag not set; analyzing archive contents...
WARNING: Failed to compile extensiom modules.
msgpack uses fallback pure python implementation.
command 'gcc' failed with exit status 1
WARNING: Failed to compile extensiom modules.
msgpack uses fallback pure python implementation.
command 'gcc' failed with exit status 1
Moving msgpack_python-0.4.6-py2.7-linux-x86_64.egg to /home/ubuntu/miniconda/envs/_build/lib/python2.7/site-packages
Adding msgpack-python 0.4.6 to easy-install.pth file

Installed /home/ubuntu/miniconda/envs/_build/lib/python2.7/site-packages/msgpack_python-0.4.6-py2.7-linux-x86_64.egg
Searching for wrapt>=1.7.0
Reading https://pypi.python.org/simple/wrapt/
Best match: wrapt 1.10.4
Downloading https://pypi.python.org/packages/source/w/wrapt/wrapt-1.10.4.tar.gz#md5=db2790d758e5999a295205fc3901a493
Processing wrapt-1.10.4.tar.gz
Writing /tmp/easy_install-NwmR88/wrapt-1.10.4/setup.cfg
Running wrapt-1.10.4/setup.py -q bdist_egg --dist-dir /tmp/easy_install-NwmR88/wrapt-1.10.4/egg-dist-tmp-XxKN7P
zip_safe flag not set; analyzing archive contents...
Moving wrapt-1.10.4-py2.7-linux-x86_64.egg to /home/ubuntu/miniconda/envs/_build/lib/python2.7/site-packages
Adding wrapt 1.10.4 to easy-install.pth file

Installed /home/ubuntu/miniconda/envs/_build/lib/python2.7/site-packages/wrapt-1.10.4-py2.7-linux-x86_64.egg
Searching for python-novaclient==2.26.0
Best match: python-novaclient 2.26.0
Adding python-novaclient 2.26.0 to easy-install.pth file
Installing nova script to /home/ubuntu/miniconda/envs/_build/bin

Using /home/ubuntu/miniconda/envs/_build/lib/python2.7/site-packages
Finished processing dependencies for os-networksv2-python-novaclient-ext==0.25

The following NEW packages will be INSTALLED:

    openssl:           1.0.1k-1     
    pip:               7.0.3-py27_0 
    python:            2.7.10-0     
    python-novaclient: 2.26.0-py27_0
    readline:          6.2-2        
    setuptools:        18.0.1-py27_0
    sqlite:            3.8.4.1-1    
    system:            5.8-2        
    tk:                8.5.18-0     
    zlib:              1.2.8-0      

Linking packages ...
[                    ]|                                                  |   0%[openssl             ]|                                                  |   0%[readline            ]|#####                                             |  10%[sqlite              ]|##########                                        |  20%[system              ]|###############                                   |  30%[tk                  ]|####################                              |  40%[zlib                ]|#########################                         |  50%[python              ]|##############################                    |  60%[python-novaclient   ]|###################################               |  70%[setuptools          ]|########################################          |  80%[pip                 ]|#############################################     |  90%[      COMPLETE      ]|##################################################| 100%
Removing old work directory
Source cache directory is: /home/ubuntu/miniconda/conda-bld/src_cache
Found source in cache: os_networksv2_python_novaclient_ext-0.25.tar.gz
Extracting download
Package: os_networksv2_python_novaclient_ext-0.25-py27_0
source tree in: /home/ubuntu/miniconda/conda-bld/work/os_networksv2_python_novaclient_ext-0.25
found egg dir: /home/ubuntu/miniconda/envs/_build/lib/python2.7/site-packages/simplejson-3.7.3-py2.7-linux-x86_64.egg
found egg dir: /home/ubuntu/miniconda/envs/_build/lib/python2.7/site-packages/netaddr-0.7.15-py2.7.egg
found egg dir: /home/ubuntu/miniconda/envs/_build/lib/python2.7/site-packages/oslo.utils-1.7.0-py2.7.egg
found egg dir: /home/ubuntu/miniconda/envs/_build/lib/python2.7/site-packages/stevedore-1.5.0-py2.7.egg
found egg dir: /home/ubuntu/miniconda/envs/_build/lib/python2.7/site-packages/six-1.9.0-py2.7.egg
found egg dir: /home/ubuntu/miniconda/envs/_build/lib/python2.7/site-packages/Babel-1.3-py2.7.egg
found egg: /home/ubuntu/miniconda/envs/_build/lib/python2.7/site-packages/prettytable-0.7.2-py2.7.egg
found egg dir: /home/ubuntu/miniconda/envs/_build/lib/python2.7/site-packages/requests-2.7.0-py2.7.egg
found egg: /home/ubuntu/miniconda/envs/_build/lib/python2.7/site-packages/pytz-2015.4-py2.7.egg
found egg dir: /home/ubuntu/miniconda/envs/_build/lib/python2.7/site-packages/pbr-1.2.0-py2.7.egg
found egg: /home/ubuntu/miniconda/envs/_build/lib/python2.7/site-packages/os_networksv2_python_novaclient_ext-0.25-py2.7.egg
found egg: /home/ubuntu/miniconda/envs/_build/lib/python2.7/site-packages/argparse-1.3.0-py2.7.egg
found egg dir: /home/ubuntu/miniconda/envs/_build/lib/python2.7/site-packages/debtcollector-0.5.0-py2.7.egg
found egg: /home/ubuntu/miniconda/envs/_build/lib/python2.7/site-packages/wrapt-1.10.4-py2.7-linux-x86_64.egg
found egg dir: /home/ubuntu/miniconda/envs/_build/lib/python2.7/site-packages/oslo.config-1.13.0-py2.7.egg
found egg dir: /home/ubuntu/miniconda/envs/_build/lib/python2.7/site-packages/python_keystoneclient-1.6.0-py2.7.egg
found egg dir: /home/ubuntu/miniconda/envs/_build/lib/python2.7/site-packages/oslo.i18n-2.0.0-py2.7.egg
found egg dir: /home/ubuntu/miniconda/envs/_build/lib/python2.7/site-packages/oslo.serialization-1.6.0-py2.7.egg
found egg: /home/ubuntu/miniconda/envs/_build/lib/python2.7/site-packages/msgpack_python-0.4.6-py2.7-linux-x86_64.egg
found egg: /home/ubuntu/miniconda/envs/_build/lib/python2.7/site-packages/iso8601-0.1.10-py2.7.egg
found egg: /home/ubuntu/miniconda/envs/_build/lib/python2.7/site-packages/netifaces-0.10.4-py2.7-linux-x86_64.egg
number of files: 1785
Fixing permissions
patchelf: file: /home/ubuntu/miniconda/envs/_build/lib/python2.7/site-packages/simplejson/_speedups.so
    setting rpath to: $ORIGIN/../../..
Ignored hard-coded path in lib/python2.7/site-packages/simplejson/_speedups.so
Detected hard-coded path in text file bin/keystone
Detected hard-coded path in text file bin/netaddr
Detected hard-coded path in text file bin/oslo-config-generator
Detected hard-coded path in text file bin/pbr
Detected hard-coded path in text file bin/pybabel
Fixing permissions
BUILD END: os_networksv2_python_novaclient_ext-0.25-py27_0
Nothing to test for: os_networksv2_python_novaclient_ext-0.25-py27_0
# If you want to upload this package to binstar.org later, type:
#
# $ binstar upload /home/ubuntu/miniconda/conda-bld/linux-64/os_networksv2_python_novaclient_ext-0.25-py27_0.tar.bz2
#
# To have conda build upload to binstar automatically, use
# $ conda config --set binstar_upload yes

