Error: prefix already exists: /home/ubuntu/miniconda/envs/_pipbuild_
Collecting oslo.log==1.5.0
  Could not find a version that satisfies the requirement oslo.log==1.5.0 (from versions: 0.1.0, 0.2.0, 0.3.0, 0.4.0, 1.0.0, 1.1.0)
No matching distribution found for oslo.log==1.5.0
Package search: {'_pypi_ordering': False, 'version': '1.5.0', 'name': 'oslo.log', 'summary': 'oslo.log library'}
Creating standard recipe for oslo.log-1.5.0
Using url https://pypi.python.org/packages/source/o/oslo.log/oslo.log-1.5.0.tar.gz (40 KB) for oslo.log.
Downloading oslo.log
Unpacking oslo.log...
done
working in /tmp/tmp5MS_o5conda_skeleton_oslo.log-1.5.0.tar.gz
Fetching package metadata: ......

WARNING: conda-build appears to be out of date. You have version 1.13.0 but the
latest version is 1.14.0. Run

conda update -n root conda-build

to get the latest version.

Solving package specifications: .patching file core.py
Hunk #1 succeeded at 168 with fuzz 2 (offset 2 lines).
Traceback (most recent call last):
  File "setup.py", line 17, in <module>
    import setuptools
ImportError: No module named setuptools

Applying patch: '/tmp/tmp5MS_o5conda_skeleton_oslo.log-1.5.0.tar.gz/pypi-distutils.patch'
$PYTHONPATH = /tmp/tmp5MS_o5conda_skeleton_oslo.log-1.5.0.tar.gz/oslo.log-1.5.0
Error: command failed: /home/ubuntu/miniconda/envs/_build/bin/python setup.py install

conda create -n _pipbuild_ --yes python pip
/home/ubuntu/miniconda/envs/_pipbuild_/bin/pip install oslo.log==1.5.0
Error: Could not pip install oslo.log==1.5.0
