Error: prefix already exists: /home/ubuntu/miniconda/envs/_pipbuild_
Collecting oslosphinx==3.0.0
  Could not find a version that satisfies the requirement oslosphinx==3.0.0 (from versions: 2.0, 2.1.0, 2.2.0.0a1, 2.2.0.0a2, 2.2.0.0a3, 2.2.0, 2.3.0, 2.4.0, 2.5.0)
No matching distribution found for oslosphinx==3.0.0
Package search: {'_pypi_ordering': False, 'version': '3.0.0', 'name': 'oslosphinx', 'summary': 'OpenStack Sphinx Extensions and Theme'}
Creating standard recipe for oslosphinx-3.0.0
Using url https://pypi.python.org/packages/source/o/oslosphinx/oslosphinx-3.0.0.tar.gz (25 KB) for oslosphinx.
Downloading oslosphinx
Using cached download
Unpacking oslosphinx...
done
working in /tmp/tmpse5j0Kconda_skeleton_oslosphinx-3.0.0.tar.gz
Fetching package metadata: ......

WARNING: conda-build appears to be out of date. You have version 1.13.0 but the
latest version is 1.14.0. Run

conda update -n root conda-build

to get the latest version.

Solving package specifications: .patching file core.py
Hunk #1 succeeded at 168 with fuzz 2 (offset 2 lines).
Traceback (most recent call last):
  File "setup.py", line 18, in <module>
    import setuptools
ImportError: No module named setuptools

Applying patch: '/tmp/tmpse5j0Kconda_skeleton_oslosphinx-3.0.0.tar.gz/pypi-distutils.patch'
$PYTHONPATH = /tmp/tmpse5j0Kconda_skeleton_oslosphinx-3.0.0.tar.gz/oslosphinx-3.0.0
Error: command failed: /home/ubuntu/miniconda/envs/_build/bin/python setup.py install

conda create -n _pipbuild_ --yes python pip
/home/ubuntu/miniconda/envs/_pipbuild_/bin/pip install oslosphinx==3.0.0
Error: Could not pip install oslosphinx==3.0.0
