Removing old build directory
Removing old work directory
BUILD START: oslo.concurrency-2.0.0-py27_0
Fetching package metadata: ......

WARNING: conda-build appears to be out of date. You have version 1.13.0 but the
latest version is 1.14.1. Run

conda update -n root conda-build

to get the latest version.

Solving package specifications: .+ /home/ubuntu/miniconda/envs/_build/bin/python setup.py install

Installed /home/ubuntu/miniconda/conda-bld/work/oslo.concurrency-2.0.0/.eggs/pbr-1.2.0-py2.7.egg
running install
running build
running build_py
creating build
creating build/lib
creating build/lib/oslo_concurrency
creating build/lib/oslo_concurrency/tests
copying oslo_concurrency/tests/__init__.py -> build/lib/oslo_concurrency/tests
creating build/lib/oslo_concurrency/fixture
copying oslo_concurrency/fixture/__init__.py -> build/lib/oslo_concurrency/fixture
copying oslo_concurrency/fixture/lockutils.py -> build/lib/oslo_concurrency/fixture
creating build/lib/oslo_concurrency/openstack
creating build/lib/oslo_concurrency/openstack/common
copying oslo_concurrency/openstack/common/__init__.py -> build/lib/oslo_concurrency/openstack/common
copying oslo_concurrency/openstack/common/fileutils.py -> build/lib/oslo_concurrency/openstack/common
copying oslo_concurrency/openstack/__init__.py -> build/lib/oslo_concurrency/openstack
copying oslo_concurrency/_i18n.py -> build/lib/oslo_concurrency
copying oslo_concurrency/watchdog.py -> build/lib/oslo_concurrency
copying oslo_concurrency/processutils.py -> build/lib/oslo_concurrency
copying oslo_concurrency/__init__.py -> build/lib/oslo_concurrency
copying oslo_concurrency/lockutils.py -> build/lib/oslo_concurrency
copying oslo_concurrency/opts.py -> build/lib/oslo_concurrency
creating build/lib/oslo_concurrency/tests/unit
copying oslo_concurrency/tests/unit/test_processutils.py -> build/lib/oslo_concurrency/tests/unit
copying oslo_concurrency/tests/unit/test_lockutils.py -> build/lib/oslo_concurrency/tests/unit
copying oslo_concurrency/tests/unit/__init__.py -> build/lib/oslo_concurrency/tests/unit
copying oslo_concurrency/tests/unit/test_lockutils_eventlet.py -> build/lib/oslo_concurrency/tests/unit
running egg_info
writing requirements to oslo.concurrency.egg-info/requires.txt
writing oslo.concurrency.egg-info/PKG-INFO
writing top-level names to oslo.concurrency.egg-info/top_level.txt
writing dependency_links to oslo.concurrency.egg-info/dependency_links.txt
writing entry points to oslo.concurrency.egg-info/entry_points.txt
[pbr] Reusing existing SOURCES.txt
running install_lib
creating /home/ubuntu/miniconda/envs/_build/lib/python2.7/site-packages/oslo_concurrency
copying build/lib/oslo_concurrency/_i18n.py -> /home/ubuntu/miniconda/envs/_build/lib/python2.7/site-packages/oslo_concurrency
copying build/lib/oslo_concurrency/watchdog.py -> /home/ubuntu/miniconda/envs/_build/lib/python2.7/site-packages/oslo_concurrency
creating /home/ubuntu/miniconda/envs/_build/lib/python2.7/site-packages/oslo_concurrency/fixture
copying build/lib/oslo_concurrency/fixture/__init__.py -> /home/ubuntu/miniconda/envs/_build/lib/python2.7/site-packages/oslo_concurrency/fixture
copying build/lib/oslo_concurrency/fixture/lockutils.py -> /home/ubuntu/miniconda/envs/_build/lib/python2.7/site-packages/oslo_concurrency/fixture
copying build/lib/oslo_concurrency/processutils.py -> /home/ubuntu/miniconda/envs/_build/lib/python2.7/site-packages/oslo_concurrency
creating /home/ubuntu/miniconda/envs/_build/lib/python2.7/site-packages/oslo_concurrency/tests
creating /home/ubuntu/miniconda/envs/_build/lib/python2.7/site-packages/oslo_concurrency/tests/unit
copying build/lib/oslo_concurrency/tests/unit/test_processutils.py -> /home/ubuntu/miniconda/envs/_build/lib/python2.7/site-packages/oslo_concurrency/tests/unit
copying build/lib/oslo_concurrency/tests/unit/test_lockutils.py -> /home/ubuntu/miniconda/envs/_build/lib/python2.7/site-packages/oslo_concurrency/tests/unit
copying build/lib/oslo_concurrency/tests/unit/__init__.py -> /home/ubuntu/miniconda/envs/_build/lib/python2.7/site-packages/oslo_concurrency/tests/unit
copying build/lib/oslo_concurrency/tests/unit/test_lockutils_eventlet.py -> /home/ubuntu/miniconda/envs/_build/lib/python2.7/site-packages/oslo_concurrency/tests/unit
copying build/lib/oslo_concurrency/tests/__init__.py -> /home/ubuntu/miniconda/envs/_build/lib/python2.7/site-packages/oslo_concurrency/tests
copying build/lib/oslo_concurrency/__init__.py -> /home/ubuntu/miniconda/envs/_build/lib/python2.7/site-packages/oslo_concurrency
copying build/lib/oslo_concurrency/lockutils.py -> /home/ubuntu/miniconda/envs/_build/lib/python2.7/site-packages/oslo_concurrency
creating /home/ubuntu/miniconda/envs/_build/lib/python2.7/site-packages/oslo_concurrency/openstack
creating /home/ubuntu/miniconda/envs/_build/lib/python2.7/site-packages/oslo_concurrency/openstack/common
copying build/lib/oslo_concurrency/openstack/common/__init__.py -> /home/ubuntu/miniconda/envs/_build/lib/python2.7/site-packages/oslo_concurrency/openstack/common
copying build/lib/oslo_concurrency/openstack/common/fileutils.py -> /home/ubuntu/miniconda/envs/_build/lib/python2.7/site-packages/oslo_concurrency/openstack/common
copying build/lib/oslo_concurrency/openstack/__init__.py -> /home/ubuntu/miniconda/envs/_build/lib/python2.7/site-packages/oslo_concurrency/openstack
copying build/lib/oslo_concurrency/opts.py -> /home/ubuntu/miniconda/envs/_build/lib/python2.7/site-packages/oslo_concurrency
byte-compiling /home/ubuntu/miniconda/envs/_build/lib/python2.7/site-packages/oslo_concurrency/_i18n.py to _i18n.pyc
byte-compiling /home/ubuntu/miniconda/envs/_build/lib/python2.7/site-packages/oslo_concurrency/watchdog.py to watchdog.pyc
byte-compiling /home/ubuntu/miniconda/envs/_build/lib/python2.7/site-packages/oslo_concurrency/fixture/__init__.py to __init__.pyc
byte-compiling /home/ubuntu/miniconda/envs/_build/lib/python2.7/site-packages/oslo_concurrency/fixture/lockutils.py to lockutils.pyc
byte-compiling /home/ubuntu/miniconda/envs/_build/lib/python2.7/site-packages/oslo_concurrency/processutils.py to processutils.pyc
byte-compiling /home/ubuntu/miniconda/envs/_build/lib/python2.7/site-packages/oslo_concurrency/tests/unit/test_processutils.py to test_processutils.pyc
byte-compiling /home/ubuntu/miniconda/envs/_build/lib/python2.7/site-packages/oslo_concurrency/tests/unit/test_lockutils.py to test_lockutils.pyc
byte-compiling /home/ubuntu/miniconda/envs/_build/lib/python2.7/site-packages/oslo_concurrency/tests/unit/__init__.py to __init__.pyc
byte-compiling /home/ubuntu/miniconda/envs/_build/lib/python2.7/site-packages/oslo_concurrency/tests/unit/test_lockutils_eventlet.py to test_lockutils_eventlet.pyc
byte-compiling /home/ubuntu/miniconda/envs/_build/lib/python2.7/site-packages/oslo_concurrency/tests/__init__.py to __init__.pyc
byte-compiling /home/ubuntu/miniconda/envs/_build/lib/python2.7/site-packages/oslo_concurrency/__init__.py to __init__.pyc
byte-compiling /home/ubuntu/miniconda/envs/_build/lib/python2.7/site-packages/oslo_concurrency/lockutils.py to lockutils.pyc
byte-compiling /home/ubuntu/miniconda/envs/_build/lib/python2.7/site-packages/oslo_concurrency/openstack/common/__init__.py to __init__.pyc
byte-compiling /home/ubuntu/miniconda/envs/_build/lib/python2.7/site-packages/oslo_concurrency/openstack/common/fileutils.py to fileutils.pyc
byte-compiling /home/ubuntu/miniconda/envs/_build/lib/python2.7/site-packages/oslo_concurrency/openstack/__init__.py to __init__.pyc
byte-compiling /home/ubuntu/miniconda/envs/_build/lib/python2.7/site-packages/oslo_concurrency/opts.py to opts.pyc
running install_egg_info
Copying oslo.concurrency.egg-info to /home/ubuntu/miniconda/envs/_build/lib/python2.7/site-packages/oslo.concurrency-2.0.0-py2.7.egg-info
running install_scripts
Installing lockutils-wrapper script to /home/ubuntu/miniconda/envs/_build/bin

The following NEW packages will be INSTALLED:

    openssl:    1.0.1k-1     
    pip:        7.0.3-py27_0 
    python:     2.7.10-0     
    readline:   6.2-2        
    setuptools: 18.0.1-py27_0
    sqlite:     3.8.4.1-1    
    system:     5.8-2        
    tk:         8.5.18-0     
    zlib:       1.2.8-0      

Linking packages ...
[                    ]|                                                  |   0%[openssl             ]|                                                  |   0%[readline            ]|#####                                             |  11%[sqlite              ]|###########                                       |  22%[system              ]|################                                  |  33%[tk                  ]|######################                            |  44%[zlib                ]|###########################                       |  55%[python              ]|#################################                 |  66%[setuptools          ]|######################################            |  77%[pip                 ]|############################################      |  88%[      COMPLETE      ]|##################################################| 100%
Removing old work directory
Source cache directory is: /home/ubuntu/miniconda/conda-bld/src_cache
Found source in cache: oslo.concurrency-2.0.0.tar.gz
Extracting download
Package: oslo.concurrency-2.0.0-py27_0
source tree in: /home/ubuntu/miniconda/conda-bld/work/oslo.concurrency-2.0.0
number of files: 41
Fixing permissions
Detected hard-coded path in text file bin/lockutils-wrapper
Fixing permissions
BUILD END: oslo.concurrency-2.0.0-py27_0
Nothing to test for: oslo.concurrency-2.0.0-py27_0
# If you want to upload this package to binstar.org later, type:
#
# $ binstar upload /home/ubuntu/miniconda/conda-bld/linux-64/oslo.concurrency-2.0.0-py27_0.tar.bz2
#
# To have conda build upload to binstar automatically, use
# $ conda config --set binstar_upload yes

