Error: prefix already exists: /home/ubuntu/miniconda/envs/_pipbuild_
Collecting oslo.vmware==0.15.0
  Could not find a version that satisfies the requirement oslo.vmware==0.15.0 (from versions: 0.1, 0.2, 0.3, 0.4.0, 0.5.0, 0.6.0, 0.7.0, 0.8.0, 0.9.0, 0.10.0, 0.11.0, 0.11.1, 0.12.0)
No matching distribution found for oslo.vmware==0.15.0
Package search: {'_pypi_ordering': False, 'version': '0.15.0', 'name': 'oslo.vmware', 'summary': 'Oslo VMware library'}
Creating standard recipe for oslo.vmware-0.15.0
Using url https://pypi.python.org/packages/source/o/oslo.vmware/oslo.vmware-0.15.0.tar.gz (78 KB) for oslo.vmware.
Downloading oslo.vmware
Unpacking oslo.vmware...
done
working in /tmp/tmp6bDj4sconda_skeleton_oslo.vmware-0.15.0.tar.gz
Fetching package metadata: ......

WARNING: conda-build appears to be out of date. You have version 1.13.0 but the
latest version is 1.14.0. Run

conda update -n root conda-build

to get the latest version.

Solving package specifications: .patching file core.py
Hunk #1 succeeded at 168 with fuzz 2 (offset 2 lines).
Traceback (most recent call last):
  File "setup.py", line 17, in <module>
    import setuptools
ImportError: No module named setuptools

Applying patch: '/tmp/tmp6bDj4sconda_skeleton_oslo.vmware-0.15.0.tar.gz/pypi-distutils.patch'
$PYTHONPATH = /tmp/tmp6bDj4sconda_skeleton_oslo.vmware-0.15.0.tar.gz/oslo.vmware-0.15.0
Error: command failed: /home/ubuntu/miniconda/envs/_build/bin/python setup.py install

conda create -n _pipbuild_ --yes python pip
/home/ubuntu/miniconda/envs/_pipbuild_/bin/pip install oslo.vmware==0.15.0
Error: Could not pip install oslo.vmware==0.15.0
