Removing old build directory
Removing old work directory
BUILD START: oslo.log-1.6.0-py_0
Fetching package metadata: ......

WARNING: conda-build appears to be out of date. You have version 1.13.0 but the
latest version is 1.14.1. Run

conda update -n root conda-build

to get the latest version.

Solving package specifications: .+ /home/ubuntu/miniconda/envs/_build/bin/python setup.py install

Installed /home/ubuntu/miniconda/conda-bld/work/oslo.log-1.6.0/.eggs/pbr-1.2.0-py2.7.egg
running install
running build
running build_py
creating build
creating build/lib
creating build/lib/oslo_log
creating build/lib/oslo_log/tests
creating build/lib/oslo_log/tests/unit
copying oslo_log/tests/unit/test_log.py -> build/lib/oslo_log/tests/unit
copying oslo_log/tests/unit/test_versionutils.py -> build/lib/oslo_log/tests/unit
copying oslo_log/tests/unit/__init__.py -> build/lib/oslo_log/tests/unit
copying oslo_log/tests/unit/test_helpers.py -> build/lib/oslo_log/tests/unit
creating build/lib/oslo_log/tests/unit/fixture
copying oslo_log/tests/unit/fixture/test_logging_error.py -> build/lib/oslo_log/tests/unit/fixture
copying oslo_log/tests/unit/fixture/test_setlevel.py -> build/lib/oslo_log/tests/unit/fixture
copying oslo_log/tests/unit/fixture/__init__.py -> build/lib/oslo_log/tests/unit/fixture
copying oslo_log/tests/__init__.py -> build/lib/oslo_log/tests
copying oslo_log/_i18n.py -> build/lib/oslo_log
copying oslo_log/_options.py -> build/lib/oslo_log
copying oslo_log/versionutils.py -> build/lib/oslo_log
copying oslo_log/loggers.py -> build/lib/oslo_log
copying oslo_log/log.py -> build/lib/oslo_log
copying oslo_log/__init__.py -> build/lib/oslo_log
copying oslo_log/helpers.py -> build/lib/oslo_log
copying oslo_log/formatters.py -> build/lib/oslo_log
copying oslo_log/handlers.py -> build/lib/oslo_log
creating build/lib/oslo_log/fixture
copying oslo_log/fixture/logging_error.py -> build/lib/oslo_log/fixture
copying oslo_log/fixture/setlevel.py -> build/lib/oslo_log/fixture
copying oslo_log/fixture/__init__.py -> build/lib/oslo_log/fixture
running egg_info
writing requirements to oslo.log.egg-info/requires.txt
writing oslo.log.egg-info/PKG-INFO
writing top-level names to oslo.log.egg-info/top_level.txt
writing dependency_links to oslo.log.egg-info/dependency_links.txt
writing entry points to oslo.log.egg-info/entry_points.txt
[pbr] Reusing existing SOURCES.txt
running install_lib
creating /home/ubuntu/miniconda/envs/_build/lib/python2.7/site-packages/oslo_log
copying build/lib/oslo_log/_i18n.py -> /home/ubuntu/miniconda/envs/_build/lib/python2.7/site-packages/oslo_log
copying build/lib/oslo_log/_options.py -> /home/ubuntu/miniconda/envs/_build/lib/python2.7/site-packages/oslo_log
copying build/lib/oslo_log/versionutils.py -> /home/ubuntu/miniconda/envs/_build/lib/python2.7/site-packages/oslo_log
creating /home/ubuntu/miniconda/envs/_build/lib/python2.7/site-packages/oslo_log/fixture
copying build/lib/oslo_log/fixture/logging_error.py -> /home/ubuntu/miniconda/envs/_build/lib/python2.7/site-packages/oslo_log/fixture
copying build/lib/oslo_log/fixture/setlevel.py -> /home/ubuntu/miniconda/envs/_build/lib/python2.7/site-packages/oslo_log/fixture
copying build/lib/oslo_log/fixture/__init__.py -> /home/ubuntu/miniconda/envs/_build/lib/python2.7/site-packages/oslo_log/fixture
copying build/lib/oslo_log/loggers.py -> /home/ubuntu/miniconda/envs/_build/lib/python2.7/site-packages/oslo_log
creating /home/ubuntu/miniconda/envs/_build/lib/python2.7/site-packages/oslo_log/tests
creating /home/ubuntu/miniconda/envs/_build/lib/python2.7/site-packages/oslo_log/tests/unit
copying build/lib/oslo_log/tests/unit/test_log.py -> /home/ubuntu/miniconda/envs/_build/lib/python2.7/site-packages/oslo_log/tests/unit
creating /home/ubuntu/miniconda/envs/_build/lib/python2.7/site-packages/oslo_log/tests/unit/fixture
copying build/lib/oslo_log/tests/unit/fixture/test_logging_error.py -> /home/ubuntu/miniconda/envs/_build/lib/python2.7/site-packages/oslo_log/tests/unit/fixture
copying build/lib/oslo_log/tests/unit/fixture/test_setlevel.py -> /home/ubuntu/miniconda/envs/_build/lib/python2.7/site-packages/oslo_log/tests/unit/fixture
copying build/lib/oslo_log/tests/unit/fixture/__init__.py -> /home/ubuntu/miniconda/envs/_build/lib/python2.7/site-packages/oslo_log/tests/unit/fixture
copying build/lib/oslo_log/tests/unit/test_versionutils.py -> /home/ubuntu/miniconda/envs/_build/lib/python2.7/site-packages/oslo_log/tests/unit
copying build/lib/oslo_log/tests/unit/__init__.py -> /home/ubuntu/miniconda/envs/_build/lib/python2.7/site-packages/oslo_log/tests/unit
copying build/lib/oslo_log/tests/unit/test_helpers.py -> /home/ubuntu/miniconda/envs/_build/lib/python2.7/site-packages/oslo_log/tests/unit
copying build/lib/oslo_log/tests/__init__.py -> /home/ubuntu/miniconda/envs/_build/lib/python2.7/site-packages/oslo_log/tests
copying build/lib/oslo_log/log.py -> /home/ubuntu/miniconda/envs/_build/lib/python2.7/site-packages/oslo_log
copying build/lib/oslo_log/__init__.py -> /home/ubuntu/miniconda/envs/_build/lib/python2.7/site-packages/oslo_log
copying build/lib/oslo_log/helpers.py -> /home/ubuntu/miniconda/envs/_build/lib/python2.7/site-packages/oslo_log
copying build/lib/oslo_log/formatters.py -> /home/ubuntu/miniconda/envs/_build/lib/python2.7/site-packages/oslo_log
copying build/lib/oslo_log/handlers.py -> /home/ubuntu/miniconda/envs/_build/lib/python2.7/site-packages/oslo_log
byte-compiling /home/ubuntu/miniconda/envs/_build/lib/python2.7/site-packages/oslo_log/_i18n.py to _i18n.pyc
byte-compiling /home/ubuntu/miniconda/envs/_build/lib/python2.7/site-packages/oslo_log/_options.py to _options.pyc
byte-compiling /home/ubuntu/miniconda/envs/_build/lib/python2.7/site-packages/oslo_log/versionutils.py to versionutils.pyc
byte-compiling /home/ubuntu/miniconda/envs/_build/lib/python2.7/site-packages/oslo_log/fixture/logging_error.py to logging_error.pyc
byte-compiling /home/ubuntu/miniconda/envs/_build/lib/python2.7/site-packages/oslo_log/fixture/setlevel.py to setlevel.pyc
byte-compiling /home/ubuntu/miniconda/envs/_build/lib/python2.7/site-packages/oslo_log/fixture/__init__.py to __init__.pyc
byte-compiling /home/ubuntu/miniconda/envs/_build/lib/python2.7/site-packages/oslo_log/loggers.py to loggers.pyc
byte-compiling /home/ubuntu/miniconda/envs/_build/lib/python2.7/site-packages/oslo_log/tests/unit/test_log.py to test_log.pyc
byte-compiling /home/ubuntu/miniconda/envs/_build/lib/python2.7/site-packages/oslo_log/tests/unit/fixture/test_logging_error.py to test_logging_error.pyc
byte-compiling /home/ubuntu/miniconda/envs/_build/lib/python2.7/site-packages/oslo_log/tests/unit/fixture/test_setlevel.py to test_setlevel.pyc
byte-compiling /home/ubuntu/miniconda/envs/_build/lib/python2.7/site-packages/oslo_log/tests/unit/fixture/__init__.py to __init__.pyc
byte-compiling /home/ubuntu/miniconda/envs/_build/lib/python2.7/site-packages/oslo_log/tests/unit/test_versionutils.py to test_versionutils.pyc
byte-compiling /home/ubuntu/miniconda/envs/_build/lib/python2.7/site-packages/oslo_log/tests/unit/__init__.py to __init__.pyc
byte-compiling /home/ubuntu/miniconda/envs/_build/lib/python2.7/site-packages/oslo_log/tests/unit/test_helpers.py to test_helpers.pyc
byte-compiling /home/ubuntu/miniconda/envs/_build/lib/python2.7/site-packages/oslo_log/tests/__init__.py to __init__.pyc
byte-compiling /home/ubuntu/miniconda/envs/_build/lib/python2.7/site-packages/oslo_log/log.py to log.pyc
byte-compiling /home/ubuntu/miniconda/envs/_build/lib/python2.7/site-packages/oslo_log/__init__.py to __init__.pyc
byte-compiling /home/ubuntu/miniconda/envs/_build/lib/python2.7/site-packages/oslo_log/helpers.py to helpers.pyc
byte-compiling /home/ubuntu/miniconda/envs/_build/lib/python2.7/site-packages/oslo_log/formatters.py to formatters.pyc
byte-compiling /home/ubuntu/miniconda/envs/_build/lib/python2.7/site-packages/oslo_log/handlers.py to handlers.pyc
running install_egg_info
Copying oslo.log.egg-info to /home/ubuntu/miniconda/envs/_build/lib/python2.7/site-packages/oslo.log-1.6.0-py2.7.egg-info
running install_scripts

The following NEW packages will be INSTALLED:

    openssl:    1.0.1k-1     
    pip:        7.0.3-py27_0 
    python:     2.7.10-0     
    readline:   6.2-2        
    setuptools: 18.0.1-py27_0
    sqlite:     3.8.4.1-1    
    system:     5.8-2        
    tk:         8.5.18-0     
    zlib:       1.2.8-0      

Linking packages ...
[                    ]|                                                  |   0%[openssl             ]|                                                  |   0%[readline            ]|#####                                             |  11%[sqlite              ]|###########                                       |  22%[system              ]|################                                  |  33%[tk                  ]|######################                            |  44%[zlib                ]|###########################                       |  55%[python              ]|#################################                 |  66%[setuptools          ]|######################################            |  77%[pip                 ]|############################################      |  88%[      COMPLETE      ]|##################################################| 100%
Removing old work directory
Source cache directory is: /home/ubuntu/miniconda/conda-bld/src_cache
Found source in cache: oslo.log-1.6.0.tar.gz
Extracting download
Package: oslo.log-1.6.0-py_0
source tree in: /home/ubuntu/miniconda/conda-bld/work/oslo.log-1.6.0
number of files: 48
Fixing permissions
Fixing permissions
BUILD END: oslo.log-1.6.0-py_0
Nothing to test for: oslo.log-1.6.0-py_0
# If you want to upload this package to binstar.org later, type:
#
# $ binstar upload /home/ubuntu/miniconda/conda-bld/noarch/oslo.log-1.6.0-py_0.tar.bz2
#
# To have conda build upload to binstar automatically, use
# $ conda config --set binstar_upload yes

