Error: prefix already exists: /home/ubuntu/miniconda/envs/_pipbuild_
Collecting oslo.concurrency==2.1.0
  Could not find a version that satisfies the requirement oslo.concurrency==2.1.0 (from versions: 0.1.0, 0.2.0, 0.3.0, 0.4.0, 1.4.1, 1.5.0, 1.6.0, 1.7.0, 1.8.0, 1.9.0)
No matching distribution found for oslo.concurrency==2.1.0
Package search: {'_pypi_ordering': False, 'version': '2.1.0', 'name': 'oslo.concurrency', 'summary': 'Oslo Concurrency library'}
Creating standard recipe for oslo.concurrency-2.1.0
Using url https://pypi.python.org/packages/source/o/oslo.concurrency/oslo.concurrency-2.1.0.tar.gz (36 KB) for oslo.concurrency.
Downloading oslo.concurrency
Unpacking oslo.concurrency...
done
working in /tmp/tmpB1WLAQconda_skeleton_oslo.concurrency-2.1.0.tar.gz
Fetching package metadata: ......

WARNING: conda-build appears to be out of date. You have version 1.13.0 but the
latest version is 1.14.0. Run

conda update -n root conda-build

to get the latest version.

Solving package specifications: .patching file core.py
Hunk #1 succeeded at 168 with fuzz 2 (offset 2 lines).
Traceback (most recent call last):
  File "setup.py", line 17, in <module>
    import setuptools
ImportError: No module named setuptools

Applying patch: '/tmp/tmpB1WLAQconda_skeleton_oslo.concurrency-2.1.0.tar.gz/pypi-distutils.patch'
$PYTHONPATH = /tmp/tmpB1WLAQconda_skeleton_oslo.concurrency-2.1.0.tar.gz/oslo.concurrency-2.1.0
Error: command failed: /home/ubuntu/miniconda/envs/_build/bin/python setup.py install

conda create -n _pipbuild_ --yes python pip
/home/ubuntu/miniconda/envs/_pipbuild_/bin/pip install oslo.concurrency==2.1.0
Error: Could not pip install oslo.concurrency==2.1.0
