Error: prefix already exists: /home/ubuntu/miniconda/envs/_pipbuild_
Collecting oslo.rootwrap==2.0.0
  Could not find a version that satisfies the requirement oslo.rootwrap==2.0.0 (from versions: 1.0.0, 1.1.0, 1.2.0, 1.3.0.0a1, 1.3.0.0a2, 1.3.0.0a3, 1.3.0, 1.4.0, 1.5.0, 1.6.0, 1.7.0)
No matching distribution found for oslo.rootwrap==2.0.0
Package search: {'_pypi_ordering': False, 'version': '2.0.0', 'name': 'oslo.rootwrap', 'summary': 'Oslo Rootwrap'}
Creating standard recipe for oslo.rootwrap-2.0.0
Using url https://pypi.python.org/packages/source/o/oslo.rootwrap/oslo.rootwrap-2.0.0.tar.gz (36 KB) for oslo.rootwrap.
Downloading oslo.rootwrap
Using cached download
Unpacking oslo.rootwrap...
done
working in /tmp/tmp_m4IBMconda_skeleton_oslo.rootwrap-2.0.0.tar.gz
Fetching package metadata: ......

WARNING: conda-build appears to be out of date. You have version 1.13.0 but the
latest version is 1.14.0. Run

conda update -n root conda-build

to get the latest version.

Solving package specifications: .patching file core.py
Hunk #1 succeeded at 168 with fuzz 2 (offset 2 lines).
Traceback (most recent call last):
  File "setup.py", line 18, in <module>
    import setuptools
ImportError: No module named setuptools

Applying patch: '/tmp/tmp_m4IBMconda_skeleton_oslo.rootwrap-2.0.0.tar.gz/pypi-distutils.patch'
$PYTHONPATH = /tmp/tmp_m4IBMconda_skeleton_oslo.rootwrap-2.0.0.tar.gz/oslo.rootwrap-2.0.0
Error: command failed: /home/ubuntu/miniconda/envs/_build/bin/python setup.py install

conda create -n _pipbuild_ --yes python pip
/home/ubuntu/miniconda/envs/_pipbuild_/bin/pip install oslo.rootwrap==2.0.0
Error: Could not pip install oslo.rootwrap==2.0.0
