Removing old build directory
Removing old work directory
BUILD START: oslo.rootwrap-2.1.0-py_0
Fetching package metadata: ......

WARNING: conda-build appears to be out of date. You have version 1.13.0 but the
latest version is 1.14.1. Run

conda update -n root conda-build

to get the latest version.

Solving package specifications: .+ /home/ubuntu/miniconda/envs/_build/bin/python setup.py install

Installed /home/ubuntu/miniconda/conda-bld/work/oslo.rootwrap-2.1.0/.eggs/pbr-1.2.0-py2.7.egg
running install
running build
running build_py
creating build
creating build/lib
creating build/lib/oslo_rootwrap
copying oslo_rootwrap/jsonrpc.py -> build/lib/oslo_rootwrap
copying oslo_rootwrap/filters.py -> build/lib/oslo_rootwrap
copying oslo_rootwrap/cmd.py -> build/lib/oslo_rootwrap
copying oslo_rootwrap/client.py -> build/lib/oslo_rootwrap
copying oslo_rootwrap/__init__.py -> build/lib/oslo_rootwrap
copying oslo_rootwrap/daemon.py -> build/lib/oslo_rootwrap
copying oslo_rootwrap/wrapper.py -> build/lib/oslo_rootwrap
creating build/lib/oslo_rootwrap/tests
copying oslo_rootwrap/tests/test_functional.py -> build/lib/oslo_rootwrap/tests
copying oslo_rootwrap/tests/test_functional_eventlet.py -> build/lib/oslo_rootwrap/tests
copying oslo_rootwrap/tests/run_daemon.py -> build/lib/oslo_rootwrap/tests
copying oslo_rootwrap/tests/test_rootwrap.py -> build/lib/oslo_rootwrap/tests
copying oslo_rootwrap/tests/__init__.py -> build/lib/oslo_rootwrap/tests
running egg_info
writing requirements to oslo.rootwrap.egg-info/requires.txt
writing oslo.rootwrap.egg-info/PKG-INFO
writing top-level names to oslo.rootwrap.egg-info/top_level.txt
writing dependency_links to oslo.rootwrap.egg-info/dependency_links.txt
writing entry points to oslo.rootwrap.egg-info/entry_points.txt
[pbr] Reusing existing SOURCES.txt
running install_lib
creating /home/ubuntu/miniconda/envs/_build/lib/python2.7/site-packages/oslo_rootwrap
copying build/lib/oslo_rootwrap/jsonrpc.py -> /home/ubuntu/miniconda/envs/_build/lib/python2.7/site-packages/oslo_rootwrap
copying build/lib/oslo_rootwrap/filters.py -> /home/ubuntu/miniconda/envs/_build/lib/python2.7/site-packages/oslo_rootwrap
creating /home/ubuntu/miniconda/envs/_build/lib/python2.7/site-packages/oslo_rootwrap/tests
copying build/lib/oslo_rootwrap/tests/test_functional.py -> /home/ubuntu/miniconda/envs/_build/lib/python2.7/site-packages/oslo_rootwrap/tests
copying build/lib/oslo_rootwrap/tests/test_functional_eventlet.py -> /home/ubuntu/miniconda/envs/_build/lib/python2.7/site-packages/oslo_rootwrap/tests
copying build/lib/oslo_rootwrap/tests/run_daemon.py -> /home/ubuntu/miniconda/envs/_build/lib/python2.7/site-packages/oslo_rootwrap/tests
copying build/lib/oslo_rootwrap/tests/test_rootwrap.py -> /home/ubuntu/miniconda/envs/_build/lib/python2.7/site-packages/oslo_rootwrap/tests
copying build/lib/oslo_rootwrap/tests/__init__.py -> /home/ubuntu/miniconda/envs/_build/lib/python2.7/site-packages/oslo_rootwrap/tests
copying build/lib/oslo_rootwrap/cmd.py -> /home/ubuntu/miniconda/envs/_build/lib/python2.7/site-packages/oslo_rootwrap
copying build/lib/oslo_rootwrap/client.py -> /home/ubuntu/miniconda/envs/_build/lib/python2.7/site-packages/oslo_rootwrap
copying build/lib/oslo_rootwrap/__init__.py -> /home/ubuntu/miniconda/envs/_build/lib/python2.7/site-packages/oslo_rootwrap
copying build/lib/oslo_rootwrap/daemon.py -> /home/ubuntu/miniconda/envs/_build/lib/python2.7/site-packages/oslo_rootwrap
copying build/lib/oslo_rootwrap/wrapper.py -> /home/ubuntu/miniconda/envs/_build/lib/python2.7/site-packages/oslo_rootwrap
byte-compiling /home/ubuntu/miniconda/envs/_build/lib/python2.7/site-packages/oslo_rootwrap/jsonrpc.py to jsonrpc.pyc
byte-compiling /home/ubuntu/miniconda/envs/_build/lib/python2.7/site-packages/oslo_rootwrap/filters.py to filters.pyc
byte-compiling /home/ubuntu/miniconda/envs/_build/lib/python2.7/site-packages/oslo_rootwrap/tests/test_functional.py to test_functional.pyc
byte-compiling /home/ubuntu/miniconda/envs/_build/lib/python2.7/site-packages/oslo_rootwrap/tests/test_functional_eventlet.py to test_functional_eventlet.pyc
byte-compiling /home/ubuntu/miniconda/envs/_build/lib/python2.7/site-packages/oslo_rootwrap/tests/run_daemon.py to run_daemon.pyc
byte-compiling /home/ubuntu/miniconda/envs/_build/lib/python2.7/site-packages/oslo_rootwrap/tests/test_rootwrap.py to test_rootwrap.pyc
byte-compiling /home/ubuntu/miniconda/envs/_build/lib/python2.7/site-packages/oslo_rootwrap/tests/__init__.py to __init__.pyc
byte-compiling /home/ubuntu/miniconda/envs/_build/lib/python2.7/site-packages/oslo_rootwrap/cmd.py to cmd.pyc
byte-compiling /home/ubuntu/miniconda/envs/_build/lib/python2.7/site-packages/oslo_rootwrap/client.py to client.pyc
byte-compiling /home/ubuntu/miniconda/envs/_build/lib/python2.7/site-packages/oslo_rootwrap/__init__.py to __init__.pyc
byte-compiling /home/ubuntu/miniconda/envs/_build/lib/python2.7/site-packages/oslo_rootwrap/daemon.py to daemon.pyc
byte-compiling /home/ubuntu/miniconda/envs/_build/lib/python2.7/site-packages/oslo_rootwrap/wrapper.py to wrapper.pyc
running install_egg_info
Copying oslo.rootwrap.egg-info to /home/ubuntu/miniconda/envs/_build/lib/python2.7/site-packages/oslo.rootwrap-2.1.0-py2.7.egg-info
running install_scripts
Installing oslo-rootwrap-daemon script to /home/ubuntu/miniconda/envs/_build/bin
Installing oslo-rootwrap script to /home/ubuntu/miniconda/envs/_build/bin

The following NEW packages will be INSTALLED:

    openssl:    1.0.1k-1     
    pip:        7.0.3-py27_0 
    python:     2.7.10-0     
    readline:   6.2-2        
    setuptools: 18.0.1-py27_0
    sqlite:     3.8.4.1-1    
    system:     5.8-2        
    tk:         8.5.18-0     
    zlib:       1.2.8-0      

Linking packages ...
[                    ]|                                                  |   0%[openssl             ]|                                                  |   0%[readline            ]|#####                                             |  11%[sqlite              ]|###########                                       |  22%[system              ]|################                                  |  33%[tk                  ]|######################                            |  44%[zlib                ]|###########################                       |  55%[python              ]|#################################                 |  66%[setuptools          ]|######################################            |  77%[pip                 ]|############################################      |  88%[      COMPLETE      ]|##################################################| 100%
Removing old work directory
Source cache directory is: /home/ubuntu/miniconda/conda-bld/src_cache
Found source in cache: oslo.rootwrap-2.1.0.tar.gz
Extracting download
Package: oslo.rootwrap-2.1.0-py_0
source tree in: /home/ubuntu/miniconda/conda-bld/work/oslo.rootwrap-2.1.0
number of files: 34
Fixing permissions
Fixing permissions
BUILD END: oslo.rootwrap-2.1.0-py_0
Nothing to test for: oslo.rootwrap-2.1.0-py_0
# If you want to upload this package to binstar.org later, type:
#
# $ binstar upload /home/ubuntu/miniconda/conda-bld/noarch/oslo.rootwrap-2.1.0-py_0.tar.bz2
#
# To have conda build upload to binstar automatically, use
# $ conda config --set binstar_upload yes

