Warning, the following versions were found for oslo.context
0.4.0
0.3.0
0.2.0
0.1.0
Using 0.4.0
Use --version to specify a different version.
Using url https://pypi.python.org/packages/source/o/oslo.context/oslo.context-0.4.0.tar.gz (12 KB) for oslo.context.
Downloading oslo.context
Using cached download
Unpacking oslo.context...
done
working in /tmp/tmpteYxf6conda_skeleton_oslo.context-0.4.0.tar.gz
Fetching package metadata: ......

WARNING: conda-build appears to be out of date. You have version 1.13.0 but the
latest version is 1.14.1. Run

conda update -n root conda-build

to get the latest version.

Solving package specifications: .patching file core.py
Hunk #1 succeeded at 168 with fuzz 2 (offset 2 lines).

Applying patch: '/tmp/tmpteYxf6conda_skeleton_oslo.context-0.4.0.tar.gz/pypi-distutils.patch'
Writing recipe for oslo.context
Done
