Warning, the following versions were found for oslo.messaging
1.15.0
1.14.0
1.13.0
1.12.1
1.12.0
1.11.0
1.10.0
1.9.0
1.8.3
1.8.2
1.8.1
1.8.0
1.7.0
1.6.0
1.5.1
1.5.0
1.4.1
1.4.0
1.4.0.0a5
1.4.0.0a4
1.4.0.0a3
1.4.0.0a2
1.4.0.0a1
1.3.1
1.3.0
1.3.0a9
1.3.0a8
1.3.0a7
1.3.0a6
1.3.0a5
1.3.0a4
0
Using 1.15.0
Use --version to specify a different version.
Using url https://pypi.python.org/packages/source/o/oslo.messaging/oslo.messaging-1.15.0.tar.gz (212 KB) for oslo.messaging.
Downloading oslo.messaging
Using cached download
Unpacking oslo.messaging...
done
working in /tmp/tmpO0zm6Tconda_skeleton_oslo.messaging-1.15.0.tar.gz
Fetching package metadata: ......

WARNING: conda-build appears to be out of date. You have version 1.13.0 but the
latest version is 1.14.1. Run

conda update -n root conda-build

to get the latest version.

Solving package specifications: .patching file core.py
Hunk #1 succeeded at 168 with fuzz 2 (offset 2 lines).

The following NEW packages will be INSTALLED:

    numpy:  1.9.2-py27_0
    pyyaml: 3.11-py27_1 
    yaml:   0.1.6-0     

Linking packages ...
[                    ]|                                                  |   0%[yaml                ]|                                                  |   0%[numpy               ]|################                                  |  33%[pyyaml              ]|#################################                 |  66%[      COMPLETE      ]|##################################################| 100%
Applying patch: '/tmp/tmpO0zm6Tconda_skeleton_oslo.messaging-1.15.0.tar.gz/pypi-distutils.patch'
Writing recipe for oslo.messaging
Done
