Removing old build directory
Removing old work directory
BUILD START: oslosphinx-3.0.0-py_0
Fetching package metadata: ......

WARNING: conda-build appears to be out of date. You have version 1.13.0 but the
latest version is 1.14.1. Run

conda update -n root conda-build

to get the latest version.

Solving package specifications: .+ /home/ubuntu/miniconda/envs/_build/bin/python setup.py install

Installed /home/ubuntu/miniconda/conda-bld/work/oslosphinx-3.0.0/.eggs/pbr-1.2.0-py2.7.egg
running install
running build
running build_py
creating build
creating build/lib
creating build/lib/oslosphinx
copying oslosphinx/intersphinx.py -> build/lib/oslosphinx
copying oslosphinx/check_blueprints.py -> build/lib/oslosphinx
copying oslosphinx/__init__.py -> build/lib/oslosphinx
running egg_info
writing requirements to oslosphinx.egg-info/requires.txt
writing oslosphinx.egg-info/PKG-INFO
writing top-level names to oslosphinx.egg-info/top_level.txt
writing dependency_links to oslosphinx.egg-info/dependency_links.txt
[pbr] Reusing existing SOURCES.txt
creating build/lib/oslosphinx/theme
creating build/lib/oslosphinx/theme/openstack
copying oslosphinx/theme/openstack/layout.html -> build/lib/oslosphinx/theme/openstack
copying oslosphinx/theme/openstack/theme.conf -> build/lib/oslosphinx/theme/openstack
creating build/lib/oslosphinx/theme/openstack/static
copying oslosphinx/theme/openstack/static/basic.css -> build/lib/oslosphinx/theme/openstack/static
copying oslosphinx/theme/openstack/static/default.css -> build/lib/oslosphinx/theme/openstack/static
copying oslosphinx/theme/openstack/static/header-line.gif -> build/lib/oslosphinx/theme/openstack/static
copying oslosphinx/theme/openstack/static/header_bg.jpg -> build/lib/oslosphinx/theme/openstack/static
copying oslosphinx/theme/openstack/static/nature.css -> build/lib/oslosphinx/theme/openstack/static
copying oslosphinx/theme/openstack/static/openstack_logo.png -> build/lib/oslosphinx/theme/openstack/static
copying oslosphinx/theme/openstack/static/tweaks.css -> build/lib/oslosphinx/theme/openstack/static
running install_lib
creating /home/ubuntu/miniconda/envs/_build/lib/python2.7/site-packages/oslosphinx
creating /home/ubuntu/miniconda/envs/_build/lib/python2.7/site-packages/oslosphinx/theme
creating /home/ubuntu/miniconda/envs/_build/lib/python2.7/site-packages/oslosphinx/theme/openstack
copying build/lib/oslosphinx/theme/openstack/layout.html -> /home/ubuntu/miniconda/envs/_build/lib/python2.7/site-packages/oslosphinx/theme/openstack
copying build/lib/oslosphinx/theme/openstack/theme.conf -> /home/ubuntu/miniconda/envs/_build/lib/python2.7/site-packages/oslosphinx/theme/openstack
creating /home/ubuntu/miniconda/envs/_build/lib/python2.7/site-packages/oslosphinx/theme/openstack/static
copying build/lib/oslosphinx/theme/openstack/static/default.css -> /home/ubuntu/miniconda/envs/_build/lib/python2.7/site-packages/oslosphinx/theme/openstack/static
copying build/lib/oslosphinx/theme/openstack/static/header-line.gif -> /home/ubuntu/miniconda/envs/_build/lib/python2.7/site-packages/oslosphinx/theme/openstack/static
copying build/lib/oslosphinx/theme/openstack/static/openstack_logo.png -> /home/ubuntu/miniconda/envs/_build/lib/python2.7/site-packages/oslosphinx/theme/openstack/static
copying build/lib/oslosphinx/theme/openstack/static/basic.css -> /home/ubuntu/miniconda/envs/_build/lib/python2.7/site-packages/oslosphinx/theme/openstack/static
copying build/lib/oslosphinx/theme/openstack/static/header_bg.jpg -> /home/ubuntu/miniconda/envs/_build/lib/python2.7/site-packages/oslosphinx/theme/openstack/static
copying build/lib/oslosphinx/theme/openstack/static/nature.css -> /home/ubuntu/miniconda/envs/_build/lib/python2.7/site-packages/oslosphinx/theme/openstack/static
copying build/lib/oslosphinx/theme/openstack/static/tweaks.css -> /home/ubuntu/miniconda/envs/_build/lib/python2.7/site-packages/oslosphinx/theme/openstack/static
copying build/lib/oslosphinx/intersphinx.py -> /home/ubuntu/miniconda/envs/_build/lib/python2.7/site-packages/oslosphinx
copying build/lib/oslosphinx/check_blueprints.py -> /home/ubuntu/miniconda/envs/_build/lib/python2.7/site-packages/oslosphinx
copying build/lib/oslosphinx/__init__.py -> /home/ubuntu/miniconda/envs/_build/lib/python2.7/site-packages/oslosphinx
byte-compiling /home/ubuntu/miniconda/envs/_build/lib/python2.7/site-packages/oslosphinx/intersphinx.py to intersphinx.pyc
byte-compiling /home/ubuntu/miniconda/envs/_build/lib/python2.7/site-packages/oslosphinx/check_blueprints.py to check_blueprints.pyc
byte-compiling /home/ubuntu/miniconda/envs/_build/lib/python2.7/site-packages/oslosphinx/__init__.py to __init__.pyc
running install_egg_info
Copying oslosphinx.egg-info to /home/ubuntu/miniconda/envs/_build/lib/python2.7/site-packages/oslosphinx-3.0.0-py2.7.egg-info
running install_scripts

The following NEW packages will be INSTALLED:

    openssl:    1.0.1k-1     
    pip:        7.0.3-py27_0 
    python:     2.7.10-0     
    readline:   6.2-2        
    setuptools: 18.0.1-py27_0
    sqlite:     3.8.4.1-1    
    system:     5.8-2        
    tk:         8.5.18-0     
    zlib:       1.2.8-0      

Linking packages ...
[                    ]|                                                  |   0%[openssl             ]|                                                  |   0%[readline            ]|#####                                             |  11%[sqlite              ]|###########                                       |  22%[system              ]|################                                  |  33%[tk                  ]|######################                            |  44%[zlib                ]|###########################                       |  55%[python              ]|#################################                 |  66%[setuptools          ]|######################################            |  77%[pip                 ]|############################################      |  88%[      COMPLETE      ]|##################################################| 100%
Removing old work directory
Source cache directory is: /home/ubuntu/miniconda/conda-bld/src_cache
Found source in cache: oslosphinx-3.0.0.tar.gz
Extracting download
Package: oslosphinx-3.0.0-py_0
source tree in: /home/ubuntu/miniconda/conda-bld/work/oslosphinx-3.0.0
number of files: 22
Fixing permissions
Fixing permissions
BUILD END: oslosphinx-3.0.0-py_0
Nothing to test for: oslosphinx-3.0.0-py_0
# If you want to upload this package to binstar.org later, type:
#
# $ binstar upload /home/ubuntu/miniconda/conda-bld/noarch/oslosphinx-3.0.0-py_0.tar.bz2
#
# To have conda build upload to binstar automatically, use
# $ conda config --set binstar_upload yes

