Removing old build directory
Removing old work directory
BUILD START: oslo.db-2.0.0-py_0
Fetching package metadata: ......

WARNING: conda-build appears to be out of date. You have version 1.13.0 but the
latest version is 1.14.1. Run

conda update -n root conda-build

to get the latest version.

Solving package specifications: .+ /home/ubuntu/miniconda/envs/_build/bin/python setup.py install

Installed /home/ubuntu/miniconda/conda-bld/work/oslo.db-2.0.0/.eggs/pbr-1.2.0-py2.7.egg
running install
running build
running build_py
creating build
creating build/lib
creating build/lib/oslo_db
copying oslo_db/_i18n.py -> build/lib/oslo_db
copying oslo_db/api.py -> build/lib/oslo_db
copying oslo_db/concurrency.py -> build/lib/oslo_db
copying oslo_db/options.py -> build/lib/oslo_db
copying oslo_db/exception.py -> build/lib/oslo_db
copying oslo_db/__init__.py -> build/lib/oslo_db
creating build/lib/oslo_db/tests
creating build/lib/oslo_db/tests/sqlalchemy
copying oslo_db/tests/sqlalchemy/test_provision.py -> build/lib/oslo_db/tests/sqlalchemy
copying oslo_db/tests/sqlalchemy/test_exc_filters.py -> build/lib/oslo_db/tests/sqlalchemy
copying oslo_db/tests/sqlalchemy/test_handle_error.py -> build/lib/oslo_db/tests/sqlalchemy
copying oslo_db/tests/sqlalchemy/test_models.py -> build/lib/oslo_db/tests/sqlalchemy
copying oslo_db/tests/sqlalchemy/test_enginefacade.py -> build/lib/oslo_db/tests/sqlalchemy
copying oslo_db/tests/sqlalchemy/test_update_match.py -> build/lib/oslo_db/tests/sqlalchemy
copying oslo_db/tests/sqlalchemy/test_migration_common.py -> build/lib/oslo_db/tests/sqlalchemy
copying oslo_db/tests/sqlalchemy/test_migrate_cli.py -> build/lib/oslo_db/tests/sqlalchemy
copying oslo_db/tests/sqlalchemy/__init__.py -> build/lib/oslo_db/tests/sqlalchemy
copying oslo_db/tests/sqlalchemy/test_options.py -> build/lib/oslo_db/tests/sqlalchemy
copying oslo_db/tests/sqlalchemy/test_migrations.py -> build/lib/oslo_db/tests/sqlalchemy
copying oslo_db/tests/sqlalchemy/test_utils.py -> build/lib/oslo_db/tests/sqlalchemy
copying oslo_db/tests/sqlalchemy/test_sqlalchemy.py -> build/lib/oslo_db/tests/sqlalchemy
creating build/lib/oslo_db/sqlalchemy
copying oslo_db/sqlalchemy/utils.py -> build/lib/oslo_db/sqlalchemy
copying oslo_db/sqlalchemy/engines.py -> build/lib/oslo_db/sqlalchemy
copying oslo_db/sqlalchemy/orm.py -> build/lib/oslo_db/sqlalchemy
copying oslo_db/sqlalchemy/migration.py -> build/lib/oslo_db/sqlalchemy
copying oslo_db/sqlalchemy/session.py -> build/lib/oslo_db/sqlalchemy
copying oslo_db/sqlalchemy/test_base.py -> build/lib/oslo_db/sqlalchemy
copying oslo_db/sqlalchemy/enginefacade.py -> build/lib/oslo_db/sqlalchemy
copying oslo_db/sqlalchemy/exc_filters.py -> build/lib/oslo_db/sqlalchemy
copying oslo_db/sqlalchemy/__init__.py -> build/lib/oslo_db/sqlalchemy
copying oslo_db/sqlalchemy/models.py -> build/lib/oslo_db/sqlalchemy
copying oslo_db/sqlalchemy/provision.py -> build/lib/oslo_db/sqlalchemy
copying oslo_db/sqlalchemy/test_migrations.py -> build/lib/oslo_db/sqlalchemy
copying oslo_db/sqlalchemy/update_match.py -> build/lib/oslo_db/sqlalchemy
creating build/lib/oslo_db/sqlalchemy/migration_cli
copying oslo_db/sqlalchemy/migration_cli/ext_migrate.py -> build/lib/oslo_db/sqlalchemy/migration_cli
copying oslo_db/sqlalchemy/migration_cli/ext_base.py -> build/lib/oslo_db/sqlalchemy/migration_cli
copying oslo_db/sqlalchemy/migration_cli/ext_alembic.py -> build/lib/oslo_db/sqlalchemy/migration_cli
copying oslo_db/sqlalchemy/migration_cli/__init__.py -> build/lib/oslo_db/sqlalchemy/migration_cli
copying oslo_db/sqlalchemy/migration_cli/manager.py -> build/lib/oslo_db/sqlalchemy/migration_cli
creating build/lib/oslo_db/sqlalchemy/compat
copying oslo_db/sqlalchemy/compat/utils.py -> build/lib/oslo_db/sqlalchemy/compat
copying oslo_db/sqlalchemy/compat/handle_error.py -> build/lib/oslo_db/sqlalchemy/compat
copying oslo_db/sqlalchemy/compat/__init__.py -> build/lib/oslo_db/sqlalchemy/compat
copying oslo_db/tests/utils.py -> build/lib/oslo_db/tests
copying oslo_db/tests/test_concurrency.py -> build/lib/oslo_db/tests
copying oslo_db/tests/test_api.py -> build/lib/oslo_db/tests
copying oslo_db/tests/__init__.py -> build/lib/oslo_db/tests
copying oslo_db/tests/base.py -> build/lib/oslo_db/tests
running egg_info
writing requirements to oslo.db.egg-info/requires.txt
writing oslo.db.egg-info/PKG-INFO
writing top-level names to oslo.db.egg-info/top_level.txt
writing dependency_links to oslo.db.egg-info/dependency_links.txt
writing entry points to oslo.db.egg-info/entry_points.txt
[pbr] Reusing existing SOURCES.txt
copying oslo_db/sqlalchemy/migration_cli/README.rst -> build/lib/oslo_db/sqlalchemy/migration_cli
running install_lib
creating /home/ubuntu/miniconda/envs/_build/lib/python2.7/site-packages/oslo_db
copying build/lib/oslo_db/_i18n.py -> /home/ubuntu/miniconda/envs/_build/lib/python2.7/site-packages/oslo_db
copying build/lib/oslo_db/api.py -> /home/ubuntu/miniconda/envs/_build/lib/python2.7/site-packages/oslo_db
copying build/lib/oslo_db/concurrency.py -> /home/ubuntu/miniconda/envs/_build/lib/python2.7/site-packages/oslo_db
copying build/lib/oslo_db/options.py -> /home/ubuntu/miniconda/envs/_build/lib/python2.7/site-packages/oslo_db
creating /home/ubuntu/miniconda/envs/_build/lib/python2.7/site-packages/oslo_db/tests
copying build/lib/oslo_db/tests/utils.py -> /home/ubuntu/miniconda/envs/_build/lib/python2.7/site-packages/oslo_db/tests
copying build/lib/oslo_db/tests/test_concurrency.py -> /home/ubuntu/miniconda/envs/_build/lib/python2.7/site-packages/oslo_db/tests
copying build/lib/oslo_db/tests/test_api.py -> /home/ubuntu/miniconda/envs/_build/lib/python2.7/site-packages/oslo_db/tests
creating /home/ubuntu/miniconda/envs/_build/lib/python2.7/site-packages/oslo_db/tests/sqlalchemy
copying build/lib/oslo_db/tests/sqlalchemy/test_provision.py -> /home/ubuntu/miniconda/envs/_build/lib/python2.7/site-packages/oslo_db/tests/sqlalchemy
copying build/lib/oslo_db/tests/sqlalchemy/test_exc_filters.py -> /home/ubuntu/miniconda/envs/_build/lib/python2.7/site-packages/oslo_db/tests/sqlalchemy
copying build/lib/oslo_db/tests/sqlalchemy/test_handle_error.py -> /home/ubuntu/miniconda/envs/_build/lib/python2.7/site-packages/oslo_db/tests/sqlalchemy
copying build/lib/oslo_db/tests/sqlalchemy/test_models.py -> /home/ubuntu/miniconda/envs/_build/lib/python2.7/site-packages/oslo_db/tests/sqlalchemy
copying build/lib/oslo_db/tests/sqlalchemy/test_enginefacade.py -> /home/ubuntu/miniconda/envs/_build/lib/python2.7/site-packages/oslo_db/tests/sqlalchemy
copying build/lib/oslo_db/tests/sqlalchemy/test_update_match.py -> /home/ubuntu/miniconda/envs/_build/lib/python2.7/site-packages/oslo_db/tests/sqlalchemy
copying build/lib/oslo_db/tests/sqlalchemy/test_migration_common.py -> /home/ubuntu/miniconda/envs/_build/lib/python2.7/site-packages/oslo_db/tests/sqlalchemy
copying build/lib/oslo_db/tests/sqlalchemy/test_migrate_cli.py -> /home/ubuntu/miniconda/envs/_build/lib/python2.7/site-packages/oslo_db/tests/sqlalchemy
copying build/lib/oslo_db/tests/sqlalchemy/__init__.py -> /home/ubuntu/miniconda/envs/_build/lib/python2.7/site-packages/oslo_db/tests/sqlalchemy
copying build/lib/oslo_db/tests/sqlalchemy/test_options.py -> /home/ubuntu/miniconda/envs/_build/lib/python2.7/site-packages/oslo_db/tests/sqlalchemy
copying build/lib/oslo_db/tests/sqlalchemy/test_migrations.py -> /home/ubuntu/miniconda/envs/_build/lib/python2.7/site-packages/oslo_db/tests/sqlalchemy
copying build/lib/oslo_db/tests/sqlalchemy/test_utils.py -> /home/ubuntu/miniconda/envs/_build/lib/python2.7/site-packages/oslo_db/tests/sqlalchemy
copying build/lib/oslo_db/tests/sqlalchemy/test_sqlalchemy.py -> /home/ubuntu/miniconda/envs/_build/lib/python2.7/site-packages/oslo_db/tests/sqlalchemy
copying build/lib/oslo_db/tests/__init__.py -> /home/ubuntu/miniconda/envs/_build/lib/python2.7/site-packages/oslo_db/tests
copying build/lib/oslo_db/tests/base.py -> /home/ubuntu/miniconda/envs/_build/lib/python2.7/site-packages/oslo_db/tests
copying build/lib/oslo_db/exception.py -> /home/ubuntu/miniconda/envs/_build/lib/python2.7/site-packages/oslo_db
creating /home/ubuntu/miniconda/envs/_build/lib/python2.7/site-packages/oslo_db/sqlalchemy
copying build/lib/oslo_db/sqlalchemy/utils.py -> /home/ubuntu/miniconda/envs/_build/lib/python2.7/site-packages/oslo_db/sqlalchemy
creating /home/ubuntu/miniconda/envs/_build/lib/python2.7/site-packages/oslo_db/sqlalchemy/compat
copying build/lib/oslo_db/sqlalchemy/compat/utils.py -> /home/ubuntu/miniconda/envs/_build/lib/python2.7/site-packages/oslo_db/sqlalchemy/compat
copying build/lib/oslo_db/sqlalchemy/compat/handle_error.py -> /home/ubuntu/miniconda/envs/_build/lib/python2.7/site-packages/oslo_db/sqlalchemy/compat
copying build/lib/oslo_db/sqlalchemy/compat/__init__.py -> /home/ubuntu/miniconda/envs/_build/lib/python2.7/site-packages/oslo_db/sqlalchemy/compat
copying build/lib/oslo_db/sqlalchemy/engines.py -> /home/ubuntu/miniconda/envs/_build/lib/python2.7/site-packages/oslo_db/sqlalchemy
creating /home/ubuntu/miniconda/envs/_build/lib/python2.7/site-packages/oslo_db/sqlalchemy/migration_cli
copying build/lib/oslo_db/sqlalchemy/migration_cli/ext_migrate.py -> /home/ubuntu/miniconda/envs/_build/lib/python2.7/site-packages/oslo_db/sqlalchemy/migration_cli
copying build/lib/oslo_db/sqlalchemy/migration_cli/ext_base.py -> /home/ubuntu/miniconda/envs/_build/lib/python2.7/site-packages/oslo_db/sqlalchemy/migration_cli
copying build/lib/oslo_db/sqlalchemy/migration_cli/ext_alembic.py -> /home/ubuntu/miniconda/envs/_build/lib/python2.7/site-packages/oslo_db/sqlalchemy/migration_cli
copying build/lib/oslo_db/sqlalchemy/migration_cli/__init__.py -> /home/ubuntu/miniconda/envs/_build/lib/python2.7/site-packages/oslo_db/sqlalchemy/migration_cli
copying build/lib/oslo_db/sqlalchemy/migration_cli/README.rst -> /home/ubuntu/miniconda/envs/_build/lib/python2.7/site-packages/oslo_db/sqlalchemy/migration_cli
copying build/lib/oslo_db/sqlalchemy/migration_cli/manager.py -> /home/ubuntu/miniconda/envs/_build/lib/python2.7/site-packages/oslo_db/sqlalchemy/migration_cli
copying build/lib/oslo_db/sqlalchemy/orm.py -> /home/ubuntu/miniconda/envs/_build/lib/python2.7/site-packages/oslo_db/sqlalchemy
copying build/lib/oslo_db/sqlalchemy/migration.py -> /home/ubuntu/miniconda/envs/_build/lib/python2.7/site-packages/oslo_db/sqlalchemy
copying build/lib/oslo_db/sqlalchemy/session.py -> /home/ubuntu/miniconda/envs/_build/lib/python2.7/site-packages/oslo_db/sqlalchemy
copying build/lib/oslo_db/sqlalchemy/test_base.py -> /home/ubuntu/miniconda/envs/_build/lib/python2.7/site-packages/oslo_db/sqlalchemy
copying build/lib/oslo_db/sqlalchemy/enginefacade.py -> /home/ubuntu/miniconda/envs/_build/lib/python2.7/site-packages/oslo_db/sqlalchemy
copying build/lib/oslo_db/sqlalchemy/exc_filters.py -> /home/ubuntu/miniconda/envs/_build/lib/python2.7/site-packages/oslo_db/sqlalchemy
copying build/lib/oslo_db/sqlalchemy/__init__.py -> /home/ubuntu/miniconda/envs/_build/lib/python2.7/site-packages/oslo_db/sqlalchemy
copying build/lib/oslo_db/sqlalchemy/models.py -> /home/ubuntu/miniconda/envs/_build/lib/python2.7/site-packages/oslo_db/sqlalchemy
copying build/lib/oslo_db/sqlalchemy/provision.py -> /home/ubuntu/miniconda/envs/_build/lib/python2.7/site-packages/oslo_db/sqlalchemy
copying build/lib/oslo_db/sqlalchemy/test_migrations.py -> /home/ubuntu/miniconda/envs/_build/lib/python2.7/site-packages/oslo_db/sqlalchemy
copying build/lib/oslo_db/sqlalchemy/update_match.py -> /home/ubuntu/miniconda/envs/_build/lib/python2.7/site-packages/oslo_db/sqlalchemy
copying build/lib/oslo_db/__init__.py -> /home/ubuntu/miniconda/envs/_build/lib/python2.7/site-packages/oslo_db
byte-compiling /home/ubuntu/miniconda/envs/_build/lib/python2.7/site-packages/oslo_db/_i18n.py to _i18n.pyc
byte-compiling /home/ubuntu/miniconda/envs/_build/lib/python2.7/site-packages/oslo_db/api.py to api.pyc
byte-compiling /home/ubuntu/miniconda/envs/_build/lib/python2.7/site-packages/oslo_db/concurrency.py to concurrency.pyc
byte-compiling /home/ubuntu/miniconda/envs/_build/lib/python2.7/site-packages/oslo_db/options.py to options.pyc
byte-compiling /home/ubuntu/miniconda/envs/_build/lib/python2.7/site-packages/oslo_db/tests/utils.py to utils.pyc
byte-compiling /home/ubuntu/miniconda/envs/_build/lib/python2.7/site-packages/oslo_db/tests/test_concurrency.py to test_concurrency.pyc
byte-compiling /home/ubuntu/miniconda/envs/_build/lib/python2.7/site-packages/oslo_db/tests/test_api.py to test_api.pyc
byte-compiling /home/ubuntu/miniconda/envs/_build/lib/python2.7/site-packages/oslo_db/tests/sqlalchemy/test_provision.py to test_provision.pyc
byte-compiling /home/ubuntu/miniconda/envs/_build/lib/python2.7/site-packages/oslo_db/tests/sqlalchemy/test_exc_filters.py to test_exc_filters.pyc
byte-compiling /home/ubuntu/miniconda/envs/_build/lib/python2.7/site-packages/oslo_db/tests/sqlalchemy/test_handle_error.py to test_handle_error.pyc
byte-compiling /home/ubuntu/miniconda/envs/_build/lib/python2.7/site-packages/oslo_db/tests/sqlalchemy/test_models.py to test_models.pyc
byte-compiling /home/ubuntu/miniconda/envs/_build/lib/python2.7/site-packages/oslo_db/tests/sqlalchemy/test_enginefacade.py to test_enginefacade.pyc
byte-compiling /home/ubuntu/miniconda/envs/_build/lib/python2.7/site-packages/oslo_db/tests/sqlalchemy/test_update_match.py to test_update_match.pyc
byte-compiling /home/ubuntu/miniconda/envs/_build/lib/python2.7/site-packages/oslo_db/tests/sqlalchemy/test_migration_common.py to test_migration_common.pyc
byte-compiling /home/ubuntu/miniconda/envs/_build/lib/python2.7/site-packages/oslo_db/tests/sqlalchemy/test_migrate_cli.py to test_migrate_cli.pyc
byte-compiling /home/ubuntu/miniconda/envs/_build/lib/python2.7/site-packages/oslo_db/tests/sqlalchemy/__init__.py to __init__.pyc
byte-compiling /home/ubuntu/miniconda/envs/_build/lib/python2.7/site-packages/oslo_db/tests/sqlalchemy/test_options.py to test_options.pyc
byte-compiling /home/ubuntu/miniconda/envs/_build/lib/python2.7/site-packages/oslo_db/tests/sqlalchemy/test_migrations.py to test_migrations.pyc
byte-compiling /home/ubuntu/miniconda/envs/_build/lib/python2.7/site-packages/oslo_db/tests/sqlalchemy/test_utils.py to test_utils.pyc
byte-compiling /home/ubuntu/miniconda/envs/_build/lib/python2.7/site-packages/oslo_db/tests/sqlalchemy/test_sqlalchemy.py to test_sqlalchemy.pyc
byte-compiling /home/ubuntu/miniconda/envs/_build/lib/python2.7/site-packages/oslo_db/tests/__init__.py to __init__.pyc
byte-compiling /home/ubuntu/miniconda/envs/_build/lib/python2.7/site-packages/oslo_db/tests/base.py to base.pyc
byte-compiling /home/ubuntu/miniconda/envs/_build/lib/python2.7/site-packages/oslo_db/exception.py to exception.pyc
byte-compiling /home/ubuntu/miniconda/envs/_build/lib/python2.7/site-packages/oslo_db/sqlalchemy/utils.py to utils.pyc
byte-compiling /home/ubuntu/miniconda/envs/_build/lib/python2.7/site-packages/oslo_db/sqlalchemy/compat/utils.py to utils.pyc
byte-compiling /home/ubuntu/miniconda/envs/_build/lib/python2.7/site-packages/oslo_db/sqlalchemy/compat/handle_error.py to handle_error.pyc
byte-compiling /home/ubuntu/miniconda/envs/_build/lib/python2.7/site-packages/oslo_db/sqlalchemy/compat/__init__.py to __init__.pyc
byte-compiling /home/ubuntu/miniconda/envs/_build/lib/python2.7/site-packages/oslo_db/sqlalchemy/engines.py to engines.pyc
byte-compiling /home/ubuntu/miniconda/envs/_build/lib/python2.7/site-packages/oslo_db/sqlalchemy/migration_cli/ext_migrate.py to ext_migrate.pyc
byte-compiling /home/ubuntu/miniconda/envs/_build/lib/python2.7/site-packages/oslo_db/sqlalchemy/migration_cli/ext_base.py to ext_base.pyc
byte-compiling /home/ubuntu/miniconda/envs/_build/lib/python2.7/site-packages/oslo_db/sqlalchemy/migration_cli/ext_alembic.py to ext_alembic.pyc
byte-compiling /home/ubuntu/miniconda/envs/_build/lib/python2.7/site-packages/oslo_db/sqlalchemy/migration_cli/__init__.py to __init__.pyc
byte-compiling /home/ubuntu/miniconda/envs/_build/lib/python2.7/site-packages/oslo_db/sqlalchemy/migration_cli/manager.py to manager.pyc
byte-compiling /home/ubuntu/miniconda/envs/_build/lib/python2.7/site-packages/oslo_db/sqlalchemy/orm.py to orm.pyc
byte-compiling /home/ubuntu/miniconda/envs/_build/lib/python2.7/site-packages/oslo_db/sqlalchemy/migration.py to migration.pyc
byte-compiling /home/ubuntu/miniconda/envs/_build/lib/python2.7/site-packages/oslo_db/sqlalchemy/session.py to session.pyc
byte-compiling /home/ubuntu/miniconda/envs/_build/lib/python2.7/site-packages/oslo_db/sqlalchemy/test_base.py to test_base.pyc
byte-compiling /home/ubuntu/miniconda/envs/_build/lib/python2.7/site-packages/oslo_db/sqlalchemy/enginefacade.py to enginefacade.pyc
byte-compiling /home/ubuntu/miniconda/envs/_build/lib/python2.7/site-packages/oslo_db/sqlalchemy/exc_filters.py to exc_filters.pyc
byte-compiling /home/ubuntu/miniconda/envs/_build/lib/python2.7/site-packages/oslo_db/sqlalchemy/__init__.py to __init__.pyc
byte-compiling /home/ubuntu/miniconda/envs/_build/lib/python2.7/site-packages/oslo_db/sqlalchemy/models.py to models.pyc
byte-compiling /home/ubuntu/miniconda/envs/_build/lib/python2.7/site-packages/oslo_db/sqlalchemy/provision.py to provision.pyc
byte-compiling /home/ubuntu/miniconda/envs/_build/lib/python2.7/site-packages/oslo_db/sqlalchemy/test_migrations.py to test_migrations.pyc
byte-compiling /home/ubuntu/miniconda/envs/_build/lib/python2.7/site-packages/oslo_db/sqlalchemy/update_match.py to update_match.pyc
byte-compiling /home/ubuntu/miniconda/envs/_build/lib/python2.7/site-packages/oslo_db/__init__.py to __init__.pyc
running install_egg_info
Copying oslo.db.egg-info to /home/ubuntu/miniconda/envs/_build/lib/python2.7/site-packages/oslo.db-2.0.0-py2.7.egg-info
running install_scripts

The following NEW packages will be INSTALLED:

    openssl:    1.0.1k-1     
    pip:        7.0.3-py27_0 
    python:     2.7.10-0     
    readline:   6.2-2        
    setuptools: 18.0.1-py27_0
    sqlite:     3.8.4.1-1    
    system:     5.8-2        
    tk:         8.5.18-0     
    zlib:       1.2.8-0      

Linking packages ...
[                    ]|                                                  |   0%[openssl             ]|                                                  |   0%[readline            ]|#####                                             |  11%[sqlite              ]|###########                                       |  22%[system              ]|################                                  |  33%[tk                  ]|######################                            |  44%[zlib                ]|###########################                       |  55%[python              ]|#################################                 |  66%[setuptools          ]|######################################            |  77%[pip                 ]|############################################      |  88%[      COMPLETE      ]|##################################################| 100%
Removing old work directory
Source cache directory is: /home/ubuntu/miniconda/conda-bld/src_cache
Found source in cache: oslo.db-2.0.0.tar.gz
Extracting download
Package: oslo.db-2.0.0-py_0
source tree in: /home/ubuntu/miniconda/conda-bld/work/oslo.db-2.0.0
number of files: 99
Fixing permissions
Fixing permissions
BUILD END: oslo.db-2.0.0-py_0
Nothing to test for: oslo.db-2.0.0-py_0
# If you want to upload this package to binstar.org later, type:
#
# $ binstar upload /home/ubuntu/miniconda/conda-bld/noarch/oslo.db-2.0.0-py_0.tar.bz2
#
# To have conda build upload to binstar automatically, use
# $ conda config --set binstar_upload yes

