Error: prefix already exists: /home/ubuntu/miniconda/envs/_pipbuild_
Collecting osprofiler==0.3.0
  Downloading http://localhost/packages/py2/o/osprofiler/osprofiler-0.3.0-py2-none-any.whl
Collecting argparse (from osprofiler==0.3.0)
  Downloading http://localhost/packages/2.7/a/argparse/argparse-1.3.0-py2.py3-none-any.whl
Collecting WebOb>=1.2.3 (from osprofiler==0.3.0)
  Downloading http://localhost/packages/source/W/WebOb/WebOb-1.4.1.tar.gz (671kB)
setuptools must be installed to install from a source distribution
Package search: {'_pypi_ordering': False, 'version': '0.3.0', 'name': 'osprofiler', 'summary': 'OpenStack Profiler Library'}
Creating standard recipe for osprofiler-0.3.0
Using url https://pypi.python.org/packages/source/o/osprofiler/osprofiler-0.3.0.tar.gz (41 KB) for osprofiler.
Downloading osprofiler
Using cached download
Unpacking osprofiler...
done
working in /tmp/tmp7SJ8tEconda_skeleton_osprofiler-0.3.0.tar.gz
Fetching package metadata: ......

WARNING: conda-build appears to be out of date. You have version 1.13.0 but the
latest version is 1.14.0. Run

conda update -n root conda-build

to get the latest version.

Solving package specifications: .patching file core.py
Hunk #1 succeeded at 168 with fuzz 2 (offset 2 lines).
Traceback (most recent call last):
  File "setup.py", line 3, in <module>
    import setuptools
ImportError: No module named setuptools

Applying patch: '/tmp/tmp7SJ8tEconda_skeleton_osprofiler-0.3.0.tar.gz/pypi-distutils.patch'
$PYTHONPATH = /tmp/tmp7SJ8tEconda_skeleton_osprofiler-0.3.0.tar.gz/osprofiler-0.3.0
Error: command failed: /home/ubuntu/miniconda/envs/_build/bin/python setup.py install

conda create -n _pipbuild_ --yes python pip
/home/ubuntu/miniconda/envs/_pipbuild_/bin/pip install osprofiler==0.3.0
Error: Could not pip install osprofiler==0.3.0
