Removing old build directory
Removing old work directory
BUILD START: osprofiler-0.3.0-py27_0
Fetching package metadata: ......

WARNING: conda-build appears to be out of date. You have version 1.13.0 but the
latest version is 1.14.1. Run

conda update -n root conda-build

to get the latest version.

Solving package specifications: .+ /home/ubuntu/miniconda/envs/_build/bin/python setup.py install

Installed /home/ubuntu/miniconda/conda-bld/work/osprofiler-0.3.0/.eggs/pbr-1.2.0-py2.7.egg
running install
running build
running build_py
creating build
creating build/lib
creating build/lib/osprofiler
creating build/lib/osprofiler/_notifiers
copying osprofiler/_notifiers/__init__.py -> build/lib/osprofiler/_notifiers
copying osprofiler/_notifiers/messaging.py -> build/lib/osprofiler/_notifiers
copying osprofiler/_notifiers/base.py -> build/lib/osprofiler/_notifiers
creating build/lib/osprofiler/cmd
copying osprofiler/cmd/exc.py -> build/lib/osprofiler/cmd
copying osprofiler/cmd/commands.py -> build/lib/osprofiler/cmd
copying osprofiler/cmd/shell.py -> build/lib/osprofiler/cmd
copying osprofiler/cmd/cliutils.py -> build/lib/osprofiler/cmd
copying osprofiler/cmd/__init__.py -> build/lib/osprofiler/cmd
creating build/lib/osprofiler/parsers
copying osprofiler/parsers/ceilometer.py -> build/lib/osprofiler/parsers
copying osprofiler/parsers/__init__.py -> build/lib/osprofiler/parsers
copying osprofiler/notifier.py -> build/lib/osprofiler
copying osprofiler/web.py -> build/lib/osprofiler
copying osprofiler/profiler.py -> build/lib/osprofiler
copying osprofiler/__init__.py -> build/lib/osprofiler
copying osprofiler/_utils.py -> build/lib/osprofiler
copying osprofiler/sqlalchemy.py -> build/lib/osprofiler
running egg_info
writing requirements to osprofiler.egg-info/requires.txt
writing osprofiler.egg-info/PKG-INFO
writing top-level names to osprofiler.egg-info/top_level.txt
writing dependency_links to osprofiler.egg-info/dependency_links.txt
writing entry points to osprofiler.egg-info/entry_points.txt
[pbr] Reusing existing SOURCES.txt
copying osprofiler/cmd/template.html -> build/lib/osprofiler/cmd
running install_lib
creating /home/ubuntu/miniconda/envs/_build/lib/python2.7/site-packages/osprofiler
copying build/lib/osprofiler/notifier.py -> /home/ubuntu/miniconda/envs/_build/lib/python2.7/site-packages/osprofiler
copying build/lib/osprofiler/web.py -> /home/ubuntu/miniconda/envs/_build/lib/python2.7/site-packages/osprofiler
copying build/lib/osprofiler/profiler.py -> /home/ubuntu/miniconda/envs/_build/lib/python2.7/site-packages/osprofiler
creating /home/ubuntu/miniconda/envs/_build/lib/python2.7/site-packages/osprofiler/_notifiers
copying build/lib/osprofiler/_notifiers/__init__.py -> /home/ubuntu/miniconda/envs/_build/lib/python2.7/site-packages/osprofiler/_notifiers
copying build/lib/osprofiler/_notifiers/messaging.py -> /home/ubuntu/miniconda/envs/_build/lib/python2.7/site-packages/osprofiler/_notifiers
copying build/lib/osprofiler/_notifiers/base.py -> /home/ubuntu/miniconda/envs/_build/lib/python2.7/site-packages/osprofiler/_notifiers
creating /home/ubuntu/miniconda/envs/_build/lib/python2.7/site-packages/osprofiler/parsers
copying build/lib/osprofiler/parsers/ceilometer.py -> /home/ubuntu/miniconda/envs/_build/lib/python2.7/site-packages/osprofiler/parsers
copying build/lib/osprofiler/parsers/__init__.py -> /home/ubuntu/miniconda/envs/_build/lib/python2.7/site-packages/osprofiler/parsers
copying build/lib/osprofiler/__init__.py -> /home/ubuntu/miniconda/envs/_build/lib/python2.7/site-packages/osprofiler
copying build/lib/osprofiler/_utils.py -> /home/ubuntu/miniconda/envs/_build/lib/python2.7/site-packages/osprofiler
copying build/lib/osprofiler/sqlalchemy.py -> /home/ubuntu/miniconda/envs/_build/lib/python2.7/site-packages/osprofiler
creating /home/ubuntu/miniconda/envs/_build/lib/python2.7/site-packages/osprofiler/cmd
copying build/lib/osprofiler/cmd/template.html -> /home/ubuntu/miniconda/envs/_build/lib/python2.7/site-packages/osprofiler/cmd
copying build/lib/osprofiler/cmd/exc.py -> /home/ubuntu/miniconda/envs/_build/lib/python2.7/site-packages/osprofiler/cmd
copying build/lib/osprofiler/cmd/commands.py -> /home/ubuntu/miniconda/envs/_build/lib/python2.7/site-packages/osprofiler/cmd
copying build/lib/osprofiler/cmd/shell.py -> /home/ubuntu/miniconda/envs/_build/lib/python2.7/site-packages/osprofiler/cmd
copying build/lib/osprofiler/cmd/cliutils.py -> /home/ubuntu/miniconda/envs/_build/lib/python2.7/site-packages/osprofiler/cmd
copying build/lib/osprofiler/cmd/__init__.py -> /home/ubuntu/miniconda/envs/_build/lib/python2.7/site-packages/osprofiler/cmd
byte-compiling /home/ubuntu/miniconda/envs/_build/lib/python2.7/site-packages/osprofiler/notifier.py to notifier.pyc
byte-compiling /home/ubuntu/miniconda/envs/_build/lib/python2.7/site-packages/osprofiler/web.py to web.pyc
byte-compiling /home/ubuntu/miniconda/envs/_build/lib/python2.7/site-packages/osprofiler/profiler.py to profiler.pyc
byte-compiling /home/ubuntu/miniconda/envs/_build/lib/python2.7/site-packages/osprofiler/_notifiers/__init__.py to __init__.pyc
byte-compiling /home/ubuntu/miniconda/envs/_build/lib/python2.7/site-packages/osprofiler/_notifiers/messaging.py to messaging.pyc
byte-compiling /home/ubuntu/miniconda/envs/_build/lib/python2.7/site-packages/osprofiler/_notifiers/base.py to base.pyc
byte-compiling /home/ubuntu/miniconda/envs/_build/lib/python2.7/site-packages/osprofiler/parsers/ceilometer.py to ceilometer.pyc
byte-compiling /home/ubuntu/miniconda/envs/_build/lib/python2.7/site-packages/osprofiler/parsers/__init__.py to __init__.pyc
byte-compiling /home/ubuntu/miniconda/envs/_build/lib/python2.7/site-packages/osprofiler/__init__.py to __init__.pyc
byte-compiling /home/ubuntu/miniconda/envs/_build/lib/python2.7/site-packages/osprofiler/_utils.py to _utils.pyc
byte-compiling /home/ubuntu/miniconda/envs/_build/lib/python2.7/site-packages/osprofiler/sqlalchemy.py to sqlalchemy.pyc
byte-compiling /home/ubuntu/miniconda/envs/_build/lib/python2.7/site-packages/osprofiler/cmd/exc.py to exc.pyc
byte-compiling /home/ubuntu/miniconda/envs/_build/lib/python2.7/site-packages/osprofiler/cmd/commands.py to commands.pyc
byte-compiling /home/ubuntu/miniconda/envs/_build/lib/python2.7/site-packages/osprofiler/cmd/shell.py to shell.pyc
byte-compiling /home/ubuntu/miniconda/envs/_build/lib/python2.7/site-packages/osprofiler/cmd/cliutils.py to cliutils.pyc
byte-compiling /home/ubuntu/miniconda/envs/_build/lib/python2.7/site-packages/osprofiler/cmd/__init__.py to __init__.pyc
running install_egg_info
Copying osprofiler.egg-info to /home/ubuntu/miniconda/envs/_build/lib/python2.7/site-packages/osprofiler-0.3.0-py2.7.egg-info
running install_scripts
Installing osprofiler script to /home/ubuntu/miniconda/envs/_build/bin

The following NEW packages will be INSTALLED:

    openssl:    1.0.1k-1     
    pip:        7.0.3-py27_0 
    python:     2.7.10-0     
    readline:   6.2-2        
    setuptools: 18.0.1-py27_0
    sqlite:     3.8.4.1-1    
    system:     5.8-2        
    tk:         8.5.18-0     
    zlib:       1.2.8-0      

Linking packages ...
[                    ]|                                                  |   0%[openssl             ]|                                                  |   0%[readline            ]|#####                                             |  11%[sqlite              ]|###########                                       |  22%[system              ]|################                                  |  33%[tk                  ]|######################                            |  44%[zlib                ]|###########################                       |  55%[python              ]|#################################                 |  66%[setuptools          ]|######################################            |  77%[pip                 ]|############################################      |  88%[      COMPLETE      ]|##################################################| 100%
Removing old work directory
Source cache directory is: /home/ubuntu/miniconda/conda-bld/src_cache
Found source in cache: osprofiler-0.3.0.tar.gz
Extracting download
Package: osprofiler-0.3.0-py27_0
source tree in: /home/ubuntu/miniconda/conda-bld/work/osprofiler-0.3.0
number of files: 41
Fixing permissions
Detected hard-coded path in text file bin/osprofiler
Fixing permissions
BUILD END: osprofiler-0.3.0-py27_0
Nothing to test for: osprofiler-0.3.0-py27_0
# If you want to upload this package to binstar.org later, type:
#
# $ binstar upload /home/ubuntu/miniconda/conda-bld/linux-64/osprofiler-0.3.0-py27_0.tar.bz2
#
# To have conda build upload to binstar automatically, use
# $ conda config --set binstar_upload yes

