Warning, the following versions were found for pandas
0.16.2
0.16.1
0.16.0
0.15.2
0.15.1
0.15.0
0.14.1
0.14.0
0.13.1
0.13.0
0.12.0
0.11.0
0.10.1
0.10.0
0.9.1
0.9.0
0.8.1
0.8.0
0.8.0rc2
0.8.0rc1
0.7.3
0.7.2
0.7.1
0.7.0
0.7.0rc1
0.6.1
0.6.0
0.5.0
0.4.3
0.4.2
0.4.1
0.4.0
0.3.0
0.3.0.beta2
0.3.0.beta
0.2
0.2b1
0.2beta
0.1
Using 0.16.2
Use --version to specify a different version.
Using url https://pypi.python.org/packages/source/p/pandas/pandas-0.16.2.tar.gz (4.7 MB) for pandas.
Downloading pandas
Using cached download
Unpacking pandas...
done
working in /tmp/tmp1dO8lbconda_skeleton_pandas-0.16.2.tar.gz
Fetching package metadata: ......

WARNING: conda-build appears to be out of date. You have version 1.13.0 but the
latest version is 1.14.1. Run

conda update -n root conda-build

to get the latest version.

Solving package specifications: .patching file core.py
Hunk #1 succeeded at 168 with fuzz 2 (offset 2 lines).

WARNING: conda-build appears to be out of date. You have version 1.13.0 but the
latest version is 1.14.1. Run

conda update -n root conda-build

to get the latest version.


Applying patch: '/tmp/tmp1dO8lbconda_skeleton_pandas-0.16.2.tar.gz/pypi-distutils.patch'
Warning, the following versions were found for numpy
1.9.2
1.9.1
1.9.0
1.8.2
1.8.1
1.8.0
1.7.2
1.7.1
1.7.0
1.6.2
1.6.1
1.6.0
1.5.1
1.5.0
1.4.1
1.4.0
1.3.0
1.2.1
1.2.0
1.1.1
1.0.4
1.0.3
1.0
1.0rc3
1.0rc2
1.0rc1
1.0b5
1.0b4
1.0b1
0.9.8
0.9.6
Using 1.9.2
Use --version to specify a different version.
Using url https://pypi.python.org/packages/source/n/numpy/numpy-1.9.2.tar.gz (3.8 MB) for numpy.
Downloading numpy
Using cached download
Unpacking numpy...
done
working in /tmp/tmpwUMvr4conda_skeleton_numpy-1.9.2.tar.gz
Solving package specifications: .patching file core.py
Hunk #1 succeeded at 168 with fuzz 2 (offset 2 lines).
Running from numpy source directory.
Traceback (most recent call last):
  File "setup.py", line 251, in <module>
    setup_package()
  File "setup.py", line 243, in setup_package
    setup(**metadata)
  File "/tmp/tmpwUMvr4conda_skeleton_numpy-1.9.2.tar.gz/numpy-1.9.2/numpy/distutils/core.py", line 130, in setup
    if dist.help or not _command_line_ok():
AttributeError: 'NoneType' object has no attribute 'help'

Applying patch: '/tmp/tmpwUMvr4conda_skeleton_numpy-1.9.2.tar.gz/pypi-distutils.patch'
$PYTHONPATH = /tmp/tmpwUMvr4conda_skeleton_numpy-1.9.2.tar.gz/numpy-1.9.2
Error: command failed: /home/ubuntu/miniconda/envs/_build/bin/python setup.py install
