Error: prefix already exists: /home/ubuntu/miniconda/envs/_pipbuild_
Collecting parse-type==0.3.4
  Downloading http://localhost/packages/source/p/parse_type/parse_type-0.3.4.tar.gz (62kB)
setuptools must be installed to install from a source distribution
Package search: {'_pypi_ordering': False, 'version': '0.3.4', 'name': 'parse_type', 'summary': 'Simplifies to build parse types based on the parse module'}
Creating standard recipe for parse_type-0.3.4
Using url https://pypi.python.org/packages/source/p/parse_type/parse_type-0.3.4.tar.gz (61 KB) for parse_type.
Downloading parse_type
Using cached download
Unpacking parse_type...
done
working in /tmp/tmpgCbHTFconda_skeleton_parse_type-0.3.4.tar.gz
Fetching package metadata: ......

WARNING: conda-build appears to be out of date. You have version 1.13.0 but the
latest version is 1.14.0. Run

conda update -n root conda-build

to get the latest version.

Solving package specifications: .patching file core.py
Hunk #1 succeeded at 168 with fuzz 2 (offset 2 lines).
Traceback (most recent call last):
  File "setup.py", line 31, in <module>
    from setuptools import setup, find_packages
ImportError: No module named setuptools

Applying patch: '/tmp/tmpgCbHTFconda_skeleton_parse_type-0.3.4.tar.gz/pypi-distutils.patch'
$PYTHONPATH = /tmp/tmpgCbHTFconda_skeleton_parse_type-0.3.4.tar.gz/parse_type-0.3.4
Error: command failed: /home/ubuntu/miniconda/envs/_build/bin/python setup.py install

conda create -n _pipbuild_ --yes python pip
/home/ubuntu/miniconda/envs/_pipbuild_/bin/pip install parse_type==0.3.4
Error: Could not pip install parse_type==0.3.4
