Error: prefix already exists: /home/ubuntu/miniconda/envs/_pipbuild_
Collecting pathtools==0.1.2
  Downloading http://localhost/packages/source/p/pathtools/pathtools-0.1.2.tar.gz
setuptools must be installed to install from a source distribution
Package search: {'_pypi_ordering': False, 'version': '0.1.2', 'name': 'pathtools', 'summary': 'File system general utilities'}
Creating standard recipe for pathtools-0.1.2
Using url https://pypi.python.org/packages/source/p/pathtools/pathtools-0.1.2.tar.gz (11 KB) for pathtools.
Downloading pathtools
Using cached download
Unpacking pathtools...
done
working in /tmp/tmpqkj9tNconda_skeleton_pathtools-0.1.2.tar.gz
Fetching package metadata: ......

WARNING: conda-build appears to be out of date. You have version 1.13.0 but the
latest version is 1.14.0. Run

conda update -n root conda-build

to get the latest version.

Solving package specifications: .patching file core.py
Hunk #1 succeeded at 168 with fuzz 2 (offset 2 lines).
Traceback (most recent call last):
  File "setup.py", line 26, in <module>
    from setuptools import setup
ImportError: No module named setuptools

Applying patch: '/tmp/tmpqkj9tNconda_skeleton_pathtools-0.1.2.tar.gz/pypi-distutils.patch'
$PYTHONPATH = /tmp/tmpqkj9tNconda_skeleton_pathtools-0.1.2.tar.gz/pathtools-0.1.2
Error: command failed: /home/ubuntu/miniconda/envs/_build/bin/python setup.py install

conda create -n _pipbuild_ --yes python pip
/home/ubuntu/miniconda/envs/_pipbuild_/bin/pip install pathtools==0.1.2
Error: Could not pip install pathtools==0.1.2
