Removing old build directory
Removing old work directory
BUILD START: pattern-2.6-py_0
Fetching package metadata: ......

WARNING: conda-build appears to be out of date. You have version 1.13.0 but the
latest version is 1.14.0. Run

conda update -n root conda-build

to get the latest version.

Solving package specifications: .+ pip install Pattern
Collecting Pattern
  Downloading http://localhost/packages/source/P/Pattern/pattern-2.6.zip (24.6MB)
Installing collected packages: Pattern
  Running setup.py install for Pattern
Successfully installed Pattern-2.6

The following NEW packages will be INSTALLED:

    openssl:    1.0.1k-1     
    pip:        7.0.3-py27_0 
    python:     2.7.10-0     
    readline:   6.2-2        
    setuptools: 18.0.1-py27_0
    sqlite:     3.8.4.1-1    
    system:     5.8-2        
    tk:         8.5.18-0     
    zlib:       1.2.8-0      

Linking packages ...
[                    ]|                                                  |   0%[openssl             ]|                                                  |   0%[readline            ]|#####                                             |  11%[sqlite              ]|###########                                       |  22%[system              ]|################                                  |  33%[tk                  ]|######################                            |  44%[zlib                ]|###########################                       |  55%[python              ]|#################################                 |  66%[setuptools          ]|######################################            |  77%[pip                 ]|############################################      |  88%[      COMPLETE      ]|##################################################| 100%
Removing old work directory
Copying /home/ubuntu/pypi-conda-builds/pattern to /home/ubuntu/miniconda/conda-bld/work
Package: pattern-2.6-py_0
source tree in: /home/ubuntu/miniconda/conda-bld/work
number of files: 360
Fixing permissions
patchelf: file: /home/ubuntu/miniconda/envs/_build/lib/python2.7/site-packages/pattern/vector/svm/liblinear-1.93/liblinear-ubuntu64.so
    setting rpath to: $ORIGIN/../../../../../..
patchelf: file: /home/ubuntu/miniconda/envs/_build/lib/python2.7/site-packages/pattern/vector/svm/libsvm-3.11/libsvm-ubuntu64.so
    setting rpath to: $ORIGIN/../../../../../..
patchelf: file: /home/ubuntu/miniconda/envs/_build/lib/python2.7/site-packages/pattern/vector/svm/libsvm-3.17/libsvm-ubuntu64.so
    setting rpath to: $ORIGIN/../../../../../..
[noarch_python] Error: Shared object file found: lib/python2.7/site-packages/pattern/vector/svm/liblinear-1.93/liblinear-mac32.so
Package search: {'_pypi_ordering': False, 'version': '2.6', 'name': 'Pattern', 'summary': 'Web mining module for Python, with tools for scraping, natural language processing, machine learning, network analysis and visualization.'}
Creating standard recipe for pattern-2.6
Converting recipe in /home/ubuntu/pypi-conda-builds/pattern
package = Pattern
   dependencies = []
Building conda package for pattern
