Error: prefix already exists: /home/ubuntu/miniconda/envs/_pipbuild_
Collecting pbr==1.2.0
  Could not find a version that satisfies the requirement pbr==1.2.0 (from versions: 0.5.2.5.g5b3e942, 0.5.0, 0.5.1, 0.5.2, 0.5.4, 0.5.5, 0.5.6, 0.5.7, 0.5.8, 0.5.10, 0.5.11, 0.5.12, 0.5.13, 0.5.14, 0.5.15, 0.5.16, 0.5.17, 0.5.18, 0.5.19, 0.5.20, 0.5.21, 0.5.22, 0.5.23, 0.6, 0.7.0, 0.8.0, 0.8.1, 0.8.2, 0.9.0, 0.10.0, 0.10.1, 0.10.2, 0.10.3, 0.10.4, 0.10.5, 0.10.6, 0.10.7, 0.10.8, 0.11.0)
No matching distribution found for pbr==1.2.0
Package search: {'_pypi_ordering': False, 'version': '1.2.0', 'name': 'pbr', 'summary': 'Python Build Reasonableness'}
Creating standard recipe for pbr-1.2.0
Using url https://pypi.python.org/packages/source/p/pbr/pbr-1.2.0.tar.gz (97 KB) for pbr.
Downloading pbr
Unpacking pbr...
done
working in /tmp/tmpVjWdQ1conda_skeleton_pbr-1.2.0.tar.gz
Fetching package metadata: ......

WARNING: conda-build appears to be out of date. You have version 1.13.0 but the
latest version is 1.14.0. Run

conda update -n root conda-build

to get the latest version.

Solving package specifications: .patching file core.py
Hunk #1 succeeded at 168 with fuzz 2 (offset 2 lines).
Traceback (most recent call last):
  File "setup.py", line 17, in <module>
    import setuptools
ImportError: No module named setuptools

The following NEW packages will be INSTALLED:

    numpy:  1.9.2-py27_0
    pyyaml: 3.11-py27_1 
    yaml:   0.1.6-0     

Linking packages ...
[                    ]|                                                  |   0%[yaml                ]|                                                  |   0%[numpy               ]|################                                  |  33%[pyyaml              ]|#################################                 |  66%[      COMPLETE      ]|##################################################| 100%
Applying patch: '/tmp/tmpVjWdQ1conda_skeleton_pbr-1.2.0.tar.gz/pypi-distutils.patch'
$PYTHONPATH = /tmp/tmpVjWdQ1conda_skeleton_pbr-1.2.0.tar.gz/pbr-1.2.0
Error: command failed: /home/ubuntu/miniconda/envs/_build/bin/python setup.py install

conda create -n _pipbuild_ --yes python pip
/home/ubuntu/miniconda/envs/_pipbuild_/bin/pip install pbr==1.2.0
Error: Could not pip install pbr==1.2.0
