Removing old build directory
Removing old work directory
BUILD START: persistence-3.0a1-py_0
Fetching package metadata: ......

WARNING: conda-build appears to be out of date. You have version 1.13.0 but the
latest version is 1.14.1. Run

conda update -n root conda-build

to get the latest version.

Solving package specifications: .+ /home/ubuntu/miniconda/envs/_build/bin/python setup.py install
running install
running bdist_egg
running egg_info
writing requirements to src/Persistence.egg-info/requires.txt
writing src/Persistence.egg-info/PKG-INFO
writing top-level names to src/Persistence.egg-info/top_level.txt
writing dependency_links to src/Persistence.egg-info/dependency_links.txt
reading manifest file 'src/Persistence.egg-info/SOURCES.txt'
reading manifest template 'MANIFEST.in'
warning: no previously-included files matching '*.dll' found anywhere in distribution
warning: no previously-included files matching '*.pyc' found anywhere in distribution
warning: no previously-included files matching '*.pyo' found anywhere in distribution
warning: no previously-included files matching '*.so' found anywhere in distribution
writing manifest file 'src/Persistence.egg-info/SOURCES.txt'
installing library code to build/bdist.linux-x86_64/egg
running install_lib
running build_py
creating build
creating build/lib.linux-x86_64-2.7
creating build/lib.linux-x86_64-2.7/Persistence
copying src/Persistence/mapping.py -> build/lib.linux-x86_64-2.7/Persistence
copying src/Persistence/__init__.py -> build/lib.linux-x86_64-2.7/Persistence
creating build/lib.linux-x86_64-2.7/Persistence/tests
copying src/Persistence/tests/test_persistent.py -> build/lib.linux-x86_64-2.7/Persistence/tests
copying src/Persistence/tests/test_mapping.py -> build/lib.linux-x86_64-2.7/Persistence/tests
copying src/Persistence/tests/__init__.py -> build/lib.linux-x86_64-2.7/Persistence/tests
copying src/Persistence/tests/test_ec.py -> build/lib.linux-x86_64-2.7/Persistence/tests
copying src/Persistence/_Persistence.c -> build/lib.linux-x86_64-2.7/Persistence
running build_ext
building 'Persistence._Persistence' extension
creating build/temp.linux-x86_64-2.7
creating build/temp.linux-x86_64-2.7/src
creating build/temp.linux-x86_64-2.7/src/Persistence
gcc -pthread -fno-strict-aliasing -g -O2 -DNDEBUG -g -fwrapv -O3 -Wall -Wstrict-prototypes -fPIC -Iinclude -Isrc -I/home/ubuntu/miniconda/envs/_build/include/python2.7 -c src/Persistence/_Persistence.c -o build/temp.linux-x86_64-2.7/src/Persistence/_Persistence.o
gcc -pthread -shared -L/home/ubuntu/miniconda/envs/_build/lib -Wl,-rpath=/home/ubuntu/miniconda/envs/_build/lib,--no-as-needed build/temp.linux-x86_64-2.7/src/Persistence/_Persistence.o -L/home/ubuntu/miniconda/envs/_build/lib -lpython2.7 -o build/lib.linux-x86_64-2.7/Persistence/_Persistence.so
creating build/bdist.linux-x86_64
creating build/bdist.linux-x86_64/egg
creating build/bdist.linux-x86_64/egg/Persistence
copying build/lib.linux-x86_64-2.7/Persistence/_Persistence.so -> build/bdist.linux-x86_64/egg/Persistence
copying build/lib.linux-x86_64-2.7/Persistence/_Persistence.c -> build/bdist.linux-x86_64/egg/Persistence
creating build/bdist.linux-x86_64/egg/Persistence/tests
copying build/lib.linux-x86_64-2.7/Persistence/tests/test_persistent.py -> build/bdist.linux-x86_64/egg/Persistence/tests
copying build/lib.linux-x86_64-2.7/Persistence/tests/test_mapping.py -> build/bdist.linux-x86_64/egg/Persistence/tests
copying build/lib.linux-x86_64-2.7/Persistence/tests/__init__.py -> build/bdist.linux-x86_64/egg/Persistence/tests
copying build/lib.linux-x86_64-2.7/Persistence/tests/test_ec.py -> build/bdist.linux-x86_64/egg/Persistence/tests
copying build/lib.linux-x86_64-2.7/Persistence/mapping.py -> build/bdist.linux-x86_64/egg/Persistence
copying build/lib.linux-x86_64-2.7/Persistence/__init__.py -> build/bdist.linux-x86_64/egg/Persistence
byte-compiling build/bdist.linux-x86_64/egg/Persistence/tests/test_persistent.py to test_persistent.pyc
byte-compiling build/bdist.linux-x86_64/egg/Persistence/tests/test_mapping.py to test_mapping.pyc
byte-compiling build/bdist.linux-x86_64/egg/Persistence/tests/__init__.py to __init__.pyc
byte-compiling build/bdist.linux-x86_64/egg/Persistence/tests/test_ec.py to test_ec.pyc
byte-compiling build/bdist.linux-x86_64/egg/Persistence/mapping.py to mapping.pyc
byte-compiling build/bdist.linux-x86_64/egg/Persistence/__init__.py to __init__.pyc
creating stub loader for Persistence/_Persistence.so
byte-compiling build/bdist.linux-x86_64/egg/Persistence/_Persistence.py to _Persistence.pyc
creating build/bdist.linux-x86_64/egg/EGG-INFO
copying src/Persistence.egg-info/PKG-INFO -> build/bdist.linux-x86_64/egg/EGG-INFO
copying src/Persistence.egg-info/SOURCES.txt -> build/bdist.linux-x86_64/egg/EGG-INFO
copying src/Persistence.egg-info/dependency_links.txt -> build/bdist.linux-x86_64/egg/EGG-INFO
copying src/Persistence.egg-info/not-zip-safe -> build/bdist.linux-x86_64/egg/EGG-INFO
copying src/Persistence.egg-info/requires.txt -> build/bdist.linux-x86_64/egg/EGG-INFO
copying src/Persistence.egg-info/top_level.txt -> build/bdist.linux-x86_64/egg/EGG-INFO
writing build/bdist.linux-x86_64/egg/EGG-INFO/native_libs.txt
creating dist
creating 'dist/Persistence-3.0a1-py2.7-linux-x86_64.egg' and adding 'build/bdist.linux-x86_64/egg' to it
removing 'build/bdist.linux-x86_64/egg' (and everything under it)
Processing Persistence-3.0a1-py2.7-linux-x86_64.egg
creating /home/ubuntu/miniconda/envs/_build/lib/python2.7/site-packages/Persistence-3.0a1-py2.7-linux-x86_64.egg
Extracting Persistence-3.0a1-py2.7-linux-x86_64.egg to /home/ubuntu/miniconda/envs/_build/lib/python2.7/site-packages
Adding Persistence 3.0a1 to easy-install.pth file

Installed /home/ubuntu/miniconda/envs/_build/lib/python2.7/site-packages/Persistence-3.0a1-py2.7-linux-x86_64.egg
Processing dependencies for Persistence==3.0a1
Searching for persistent==4.0.9
Best match: persistent 4.0.9
Adding persistent 4.0.9 to easy-install.pth file

Using /home/ubuntu/miniconda/envs/_build/lib/python2.7/site-packages
Searching for ExtensionClass==4.1.2
Best match: ExtensionClass 4.1.2
Adding ExtensionClass 4.1.2 to easy-install.pth file

Using /home/ubuntu/miniconda/envs/_build/lib/python2.7/site-packages
Searching for zope.interface==4.1.2
Best match: zope.interface 4.1.2
Adding zope.interface 4.1.2 to easy-install.pth file

Using /home/ubuntu/miniconda/envs/_build/lib/python2.7/site-packages
Finished processing dependencies for Persistence==3.0a1

The following NEW packages will be INSTALLED:

    extensionclass: 4.1.2-py27_0 
    nose:           1.3.7-py27_0 
    openssl:        1.0.1k-1     
    persistent:     4.1.1-py27_0 
    pip:            7.0.3-py27_0 
    python:         2.7.10-0     
    readline:       6.2-2        
    setuptools:     18.0.1-py27_0
    sqlite:         3.8.4.1-1    
    system:         5.8-2        
    tk:             8.5.18-0     
    zlib:           1.2.8-0      
    zope.interface: 4.1.2-py27_1 

Linking packages ...
[                    ]|                                                  |   0%[openssl             ]|                                                  |   0%[readline            ]|###                                               |   7%[sqlite              ]|#######                                           |  15%[system              ]|###########                                       |  23%[tk                  ]|###############                                   |  30%[zlib                ]|###################                               |  38%[extensionclass      ]|#######################                           |  46%[nose                ]|##########################                        |  53%[python              ]|##############################                    |  61%[setuptools          ]|##################################                |  69%[zope.interface      ]|######################################            |  76%[persistent          ]|##########################################        |  84%[pip                 ]|##############################################    |  92%[      COMPLETE      ]|##################################################| 100%
Removing old work directory
Source cache directory is: /home/ubuntu/miniconda/conda-bld/src_cache
Found source in cache: Persistence-3.0a1.zip
Extracting download
Package: persistence-3.0a1-py_0
source tree in: /home/ubuntu/miniconda/conda-bld/work/Persistence-3.0a1
found egg dir: /home/ubuntu/miniconda/envs/_build/lib/python2.7/site-packages/Persistence-3.0a1-py2.7-linux-x86_64.egg
number of files: 15
Fixing permissions
patchelf: file: /home/ubuntu/miniconda/envs/_build/lib/python2.7/site-packages/Persistence/_Persistence.so
    setting rpath to: $ORIGIN/../../..
[noarch_python] Error: Shared object file found: lib/python2.7/site-packages/Persistence/_Persistence.so
