Error: prefix already exists: /home/ubuntu/miniconda/envs/_pipbuild_
Collecting Pillow==2.8.2
  Could not find a version that satisfies the requirement Pillow==2.8.2 (from versions: 1.0, 1.1, 1.2, 1.3, 1.4, 1.5, 1.6, 1.7.0, 1.7.1, 1.7.2, 1.7.3, 1.7.4, 1.7.5, 1.7.6, 1.7.7, 1.7.8, 2.0.0, 2.1.0, 2.2.0, 2.2.1, 2.2.2, 2.3.0, 2.3.1, 2.3.2, 2.4.0, 2.5.0, 2.5.1, 2.5.2, 2.5.3, 2.6.0, 2.6.1, 2.6.2, 2.7.0, 2.8.0, 2.8.1)
No matching distribution found for Pillow==2.8.2
Package search: {'_pypi_ordering': False, 'version': '1.7.8', 'name': 'Pillow', 'summary': 'Python Imaging Library (fork)'}
Creating standard recipe for pillow-2.8.2
Using url https://pypi.python.org/packages/source/P/Pillow/Pillow-2.8.2.tar.gz (8.7 MB) for Pillow.
Downloading Pillow
Using cached download
Unpacking Pillow...
done
working in /tmp/tmpuyPwXRconda_skeleton_Pillow-2.8.2.tar.gz
Fetching package metadata: ......

WARNING: conda-build appears to be out of date. You have version 1.13.0 but the
latest version is 1.14.0. Run

conda update -n root conda-build

to get the latest version.

Solving package specifications: .patching file core.py
Hunk #1 succeeded at 168 with fuzz 2 (offset 2 lines).
Traceback (most recent call last):
  File "setup.py", line 19, in <module>
    from setuptools import Extension, setup, find_packages
ImportError: No module named setuptools

Applying patch: '/tmp/tmpuyPwXRconda_skeleton_Pillow-2.8.2.tar.gz/pypi-distutils.patch'
$PYTHONPATH = /tmp/tmpuyPwXRconda_skeleton_Pillow-2.8.2.tar.gz/Pillow-2.8.2
Error: command failed: /home/ubuntu/miniconda/envs/_build/bin/python setup.py install

conda create -n _pipbuild_ --yes python pip
/home/ubuntu/miniconda/envs/_pipbuild_/bin/pip install Pillow==2.8.2
Error: Could not pip install Pillow==2.8.2
