Error: prefix already exists: /home/ubuntu/miniconda/envs/_pipbuild_
Collecting pip-accel==0.31
  Downloading http://localhost/packages/source/p/pip-accel/pip-accel-0.31.tar.gz (52kB)
setuptools must be installed to install from a source distribution
Package search: {'_pypi_ordering': False, 'version': '0.31', 'name': 'pip-accel', 'summary': 'Accelerator for pip, the Python package manager'}
Creating standard recipe for pip-accel-0.31
Using url https://pypi.python.org/packages/source/p/pip-accel/pip-accel-0.31.tar.gz (52 KB) for pip-accel.
Downloading pip-accel
Using cached download
Unpacking pip-accel...
done
working in /tmp/tmpKxw27Rconda_skeleton_pip-accel-0.31.tar.gz
Fetching package metadata: ......

WARNING: conda-build appears to be out of date. You have version 1.13.0 but the
latest version is 1.14.0. Run

conda update -n root conda-build

to get the latest version.

Solving package specifications: .patching file core.py
Hunk #1 succeeded at 168 with fuzz 2 (offset 2 lines).
Traceback (most recent call last):
  File "setup.py", line 11, in <module>
    from setuptools import setup, find_packages
ImportError: No module named setuptools

Applying patch: '/tmp/tmpKxw27Rconda_skeleton_pip-accel-0.31.tar.gz/pypi-distutils.patch'
$PYTHONPATH = /tmp/tmpKxw27Rconda_skeleton_pip-accel-0.31.tar.gz/pip-accel-0.31
Error: command failed: /home/ubuntu/miniconda/envs/_build/bin/python setup.py install

conda create -n _pipbuild_ --yes python pip
/home/ubuntu/miniconda/envs/_pipbuild_/bin/pip install pip-accel==0.31
Error: Could not pip install pip-accel==0.31
