Error: prefix already exists: /home/ubuntu/miniconda/envs/_pipbuild_
Collecting pkgconfig==1.1.0
  Downloading http://localhost/packages/source/p/pkgconfig/pkgconfig-1.1.0.tar.gz
setuptools must be installed to install from a source distribution
Package search: {'_pypi_ordering': False, 'version': '1.1.0', 'name': 'pkgconfig', 'summary': 'Interface Python with pkg-config'}
Creating standard recipe for pkgconfig-1.1.0
Using url https://pypi.python.org/packages/source/p/pkgconfig/pkgconfig-1.1.0.tar.gz (4 KB) for pkgconfig.
Downloading pkgconfig
Using cached download
Unpacking pkgconfig...
done
working in /tmp/tmpmE3ODRconda_skeleton_pkgconfig-1.1.0.tar.gz
Fetching package metadata: ......

WARNING: conda-build appears to be out of date. You have version 1.13.0 but the
latest version is 1.14.0. Run

conda update -n root conda-build

to get the latest version.

Solving package specifications: .patching file core.py
Hunk #1 succeeded at 168 with fuzz 2 (offset 2 lines).
Traceback (most recent call last):
  File "setup.py", line 1, in <module>
    from setuptools import setup
ImportError: No module named setuptools

Applying patch: '/tmp/tmpmE3ODRconda_skeleton_pkgconfig-1.1.0.tar.gz/pypi-distutils.patch'
$PYTHONPATH = /tmp/tmpmE3ODRconda_skeleton_pkgconfig-1.1.0.tar.gz/pkgconfig-1.1.0
Error: command failed: /home/ubuntu/miniconda/envs/_build/bin/python setup.py install

conda create -n _pipbuild_ --yes python pip
/home/ubuntu/miniconda/envs/_pipbuild_/bin/pip install pkgconfig==1.1.0
Error: Could not pip install pkgconfig==1.1.0
