Error: prefix already exists: /home/ubuntu/miniconda/envs/_pipbuild_
Collecting pkginfo==1.2.1
  Downloading http://localhost/packages/source/p/pkginfo/pkginfo-1.2.1.tar.gz
setuptools must be installed to install from a source distribution
Package search: {'_pypi_ordering': False, 'version': '1.2.1', 'name': 'pkginfo', 'summary': 'Query metadatdata from sdists / bdists / installed packages.'}
Creating standard recipe for pkginfo-1.2.1
Using url https://pypi.python.org/packages/source/p/pkginfo/pkginfo-1.2.1.tar.gz (30 KB) for pkginfo.
Downloading pkginfo
Using cached download
Unpacking pkginfo...
done
working in /tmp/tmpVVIPEXconda_skeleton_pkginfo-1.2.1.tar.gz
Fetching package metadata: ......

WARNING: conda-build appears to be out of date. You have version 1.13.0 but the
latest version is 1.14.0. Run

conda update -n root conda-build

to get the latest version.

Solving package specifications: .patching file core.py
Hunk #1 succeeded at 168 with fuzz 2 (offset 2 lines).
An unexpected error has occurred, please consider sending the
following traceback to the conda GitHub issue tracker at:

    https://github.com/conda/conda-build/issues

Include the output of the command 'conda info' in your report.



Applying patch: '/tmp/tmpVVIPEXconda_skeleton_pkginfo-1.2.1.tar.gz/pypi-distutils.patch'
Traceback (most recent call last):
  File "/home/ubuntu/miniconda/bin/conda-skeleton", line 6, in <module>
    exec(compile(open(__file__).read(), __file__, 'exec'))
  File "/home/ubuntu/conda-build/bin/conda-skeleton", line 5, in <module>
    sys.exit(main())
  File "/home/ubuntu/conda-build/conda_build/main_skeleton.py", line 240, in main
    args_func(args, p)
  File "/home/ubuntu/conda-build/conda_build/main_build.py", line 349, in args_func
    args.func(args, p)
  File "/home/ubuntu/conda-build/conda_build/main_skeleton.py", line 254, in execute
    pypi.main(args, parser)
  File "/home/ubuntu/conda-build/conda_build/pypi.py", line 387, in main
    get_package_metadata(args, package, d, data)
  File "/home/ubuntu/conda-build/conda_build/pypi.py", line 535, in get_package_metadata
    d['entry_points'] = INDENT.join([''] + entry_list)
TypeError: sequence item 1: expected string, list found

conda create -n _pipbuild_ --yes python pip
/home/ubuntu/miniconda/envs/_pipbuild_/bin/pip install pkginfo==1.2.1
Error: Could not pip install pkginfo==1.2.1
