Removing old build directory
Removing old work directory
BUILD START: plonetheme.intkbase-0.4-py27_0
Fetching package metadata: ......

WARNING: conda-build appears to be out of date. You have version 1.13.0 but the
latest version is 1.14.1. Run

conda update -n root conda-build

to get the latest version.

Solving package specifications: .+ pip install plonetheme.intkbase
Collecting plonetheme.intkbase
  Downloading http://localhost/packages/source/p/plonetheme.intkBase/plonetheme.intkBase-0.4.tar.gz (458kB)
Requirement already satisfied (use --upgrade to upgrade): setuptools in /home/ubuntu/miniconda/envs/_build/lib/python2.7/site-packages (from plonetheme.intkbase)
Installing collected packages: plonetheme.intkbase
  Running setup.py install for plonetheme.intkbase
Successfully installed plonetheme.intkbase-0.4

The following NEW packages will be INSTALLED:

    openssl:    1.0.1k-1     
    pip:        7.0.3-py27_0 
    python:     2.7.10-0     
    readline:   6.2-2        
    setuptools: 18.0.1-py27_0
    sqlite:     3.8.4.1-1    
    system:     5.8-2        
    tk:         8.5.18-0     
    zlib:       1.2.8-0      

Linking packages ...
[                    ]|                                                  |   0%[openssl             ]|                                                  |   0%[readline            ]|#####                                             |  11%[sqlite              ]|###########                                       |  22%[system              ]|################                                  |  33%[tk                  ]|######################                            |  44%[zlib                ]|###########################                       |  55%[python              ]|#################################                 |  66%[setuptools          ]|######################################            |  77%[pip                 ]|############################################      |  88%[      COMPLETE      ]|##################################################| 100%
Removing old work directory
Copying /home/ubuntu/pypi-conda-builds/plonetheme.intkbase to /home/ubuntu/miniconda/conda-bld/work
Package: plonetheme.intkbase-0.4-py27_0
source tree in: /home/ubuntu/miniconda/conda-bld/work
number of files: 53
Fixing permissions
Fixing permissions
BUILD END: plonetheme.intkbase-0.4-py27_0
# If you want to upload this package to binstar.org later, type:
#
# $ binstar upload /home/ubuntu/miniconda/conda-bld/linux-64/plonetheme.intkbase-0.4-py27_0.tar.bz2
#
# To have conda build upload to binstar automatically, use
# $ conda config --set binstar_upload yes

Error: prefix already exists: /home/ubuntu/miniconda/envs/_pipbuild_
Exception:
Traceback (most recent call last):
  File "/home/ubuntu/miniconda/envs/_pipbuild_/lib/python2.7/site-packages/pip/basecommand.py", line 223, in main
    status = self.run(options, args)
  File "/home/ubuntu/miniconda/envs/_pipbuild_/lib/python2.7/site-packages/pip/commands/install.py", line 268, in run
    wheel_cache
  File "/home/ubuntu/miniconda/envs/_pipbuild_/lib/python2.7/site-packages/pip/basecommand.py", line 268, in populate_requirement_set
    wheel_cache=wheel_cache
  File "/home/ubuntu/miniconda/envs/_pipbuild_/lib/python2.7/site-packages/pip/req/req_install.py", line 207, in from_line
    wheel_cache=wheel_cache)
  File "/home/ubuntu/miniconda/envs/_pipbuild_/lib/python2.7/site-packages/pip/req/req_install.py", line 66, in __init__
    req = pkg_resources.Requirement.parse(req)
  File "/home/ubuntu/miniconda/envs/_pipbuild_/lib/python2.7/site-packages/pip/_vendor/pkg_resources/__init__.py", line 2960, in parse
    reqs = list(parse_requirements(s))
  File "/home/ubuntu/miniconda/envs/_pipbuild_/lib/python2.7/site-packages/pip/_vendor/pkg_resources/__init__.py", line 2904, in parse_requirements
    "version spec")
  File "/home/ubuntu/miniconda/envs/_pipbuild_/lib/python2.7/site-packages/pip/_vendor/pkg_resources/__init__.py", line 2869, in scan_list
    raise ValueError(msg, line, "at", line[p:])
ValueError: ('Expected version spec in', 'extensionclass==>=4.1.1', 'at', '==>=4.1.1')

Package search: {'_pypi_ordering': False, 'version': '0.96', 'name': 'plonetheme.arnolfini', 'summary': 'An installable theme for Plone 4'}
Creating standard recipe for plonetheme.arnolfini-0.96
Converting recipe in /home/ubuntu/pypi-conda-builds/plonetheme.arnolfini
package = plonetheme.arnolfini
   dependencies = [u'plonetheme.intkbase', u'plone.app.z3cform']
Creating standard recipe for plonetheme.intkbase
Converting recipe in /home/ubuntu/pypi-conda-builds/plonetheme.intkbase
package = plonetheme.intkbase
   dependencies = []
Building conda package for plonetheme.intkbase
Creating standard recipe for plone.app.z3cform
Converting recipe in /home/ubuntu/pypi-conda-builds/plone.app.z3cform
package = plone.app.z3cform
   dependencies = [u'acquisition', u'products.cmfcore', u'products.cmfplone', u'zope2', u'plone.app.widgets >=2.0.0.dev0', u'plone.protect', u'plone.z3cform >=0.5.11dev', u'z3c.form >=3.0', u'z3c.formwidget.query', u'zope.browserpage', u'zope.component', u'zope.globalrequest', u'zope.i18n', u'zope.i18nmessageid', u'zope.interface', u'zope.schema', u'zope.traversing', u'plone.app.textfield']
Creating standard recipe for acquisition
Converting recipe in /home/ubuntu/pypi-conda-builds/acquisition
package = acquisition
   dependencies = [u'extensionclass >=4.1.1', u'zope.interface']
Creating standard recipe for extensionclass->=4.1.1
Error: Version >=4.1.1 of extensionclass is not available on PyPI.

conda create -n _pipbuild_ --yes python pip
/home/ubuntu/miniconda/envs/_pipbuild_/bin/pip install extensionclass==>=4.1.1
Error: Could not pip install extensionclass==>=4.1.1
