Warning, the following versions were found for plone.app.discussion
2.4.3
2.4.2
2.4.1
2.4.0
2.3.3
2.3.2
2.3.1
2.3.0
2.2.15
2.2.14
2.2.13
2.2.12
2.2.11
2.2.10
2.2.9
2.2.8
2.2.7
2.2.6
2.2.5
2.2.4
2.2.3
2.2.2
2.2.1
2.2.0
2.1.10
2.1.9
2.1.8
2.1.7
2.1.6
2.1.5
2.1.4
2.1.3
2.1.2
2.1.1
2.1.0
2.0.11
2.0.10
2.0.9
2.0.8
2.0.7
2.0.6
2.0.5
2.0.4
2.0.3
2.0.2
2.0.1
2.0
2.0b2
2.0b1
2.0a3
2.0a2
2.0a1
1.1.5
1.1.4
1.1.3
1.1.2
1.1.1
1.1
1.0
1.0RC2
1.0RC1
1.0b12
1.0b11
1.0b10
1.0b9
1.0b8
1.0b7
1.0b6
1.0b5
1.0b4
1.0b3
1.0b2
1.0b1
1.0a2
1.0a1
Using 2.4.3
Use --version to specify a different version.
Using url https://pypi.python.org/packages/source/p/plone.app.discussion/plone.app.discussion-2.4.3.tar.gz (201 KB) for plone.app.discussion.
Downloading plone.app.discussion
Unpacking plone.app.discussion...
done
working in /tmp/tmpVeiEIFconda_skeleton_plone.app.discussion-2.4.3.tar.gz
Fetching package metadata: ......

WARNING: conda-build appears to be out of date. You have version 1.13.0 but the
latest version is 1.14.1. Run

conda update -n root conda-build

to get the latest version.

Solving package specifications: .patching file core.py
Hunk #1 succeeded at 168 with fuzz 2 (offset 2 lines).

The following NEW packages will be INSTALLED:

    numpy:  1.9.2-py27_0
    pyyaml: 3.11-py27_1 
    yaml:   0.1.6-0     

Linking packages ...
[                    ]|                                                  |   0%[yaml                ]|                                                  |   0%[numpy               ]|################                                  |  33%[pyyaml              ]|#################################                 |  66%[      COMPLETE      ]|##################################################| 100%
Applying patch: '/tmp/tmpVeiEIFconda_skeleton_plone.app.discussion-2.4.3.tar.gz/pypi-distutils.patch'
WARNING: Could not add entry points. They were:

      [z3c.autoinclude.plugin]
      target = plone
      
Error: Could not find any versions of package plone.app.robotframework[ride,reload]
