Warning, the following versions were found for plone.app.viewletmanager
2.0.8
2.0.7
2.0.6
2.0.5
2.0.4
2.0.3
2.0.2
2.0.1
2.0
2.0b5
2.0b4
2.0b3
2.0b2
2.0b1
2.0a2
2.0a1
1.2.2
1.2.1
1.2
1.0
1.0rc1
1.0b1
Using 2.0.8
Use --version to specify a different version.
Using url https://pypi.python.org/packages/source/p/plone.app.viewletmanager/plone.app.viewletmanager-2.0.8.zip (33 KB) for plone.app.viewletmanager.
Downloading plone.app.viewletmanager
Using cached download
Unpacking plone.app.viewletmanager...
done
working in /tmp/tmpwfsTJtconda_skeleton_plone.app.viewletmanager-2.0.8.zip
Fetching package metadata: ......

WARNING: conda-build appears to be out of date. You have version 1.13.0 but the
latest version is 1.14.1. Run

conda update -n root conda-build

to get the latest version.

Solving package specifications: .patching file core.py
Hunk #1 succeeded at 168 with fuzz 2 (offset 2 lines).

WARNING: conda-build appears to be out of date. You have version 1.13.0 but the
latest version is 1.14.1. Run

conda update -n root conda-build

to get the latest version.


Applying patch: '/tmp/tmpwfsTJtconda_skeleton_plone.app.viewletmanager-2.0.8.zip/pypi-distutils.patch'
Warning, the following versions were found for zope.publisher
4.2.1
4.2.0
4.1.0
4.0.0
4.0.0a4
4.0.0a3
4.0.0a2
4.0.0a1
3.13.4
3.13.3
3.13.2
3.13.1
3.13.0
3.12.6
3.12.5
3.12.4
3.12.3
3.12.2
3.12.1
3.12.0
3.11.0
3.10.1
3.10.0
3.9.3
3.9.2
3.9.1
3.9.0
3.8.0
3.7.0
3.6.4
3.6.3
3.6.2
3.6.1
3.6.0
3.5.8
3.5.7
3.5.6
3.5.5
3.5.4
3.5.3
3.5.2
3.5.1
3.5.0
3.4.10
3.4.9
3.4.8
3.4.7
3.4.6
3.4.5
3.4.4
3.4.3
3.4.2
3.4.1
3.4.1b2
3.3.3
Using 4.2.1
Use --version to specify a different version.
Using url https://pypi.python.org/packages/source/z/zope.publisher/zope.publisher-4.2.1.tar.gz (94 KB) for zope.publisher.
Downloading zope.publisher
Using cached download
Unpacking zope.publisher...
done
working in /tmp/tmpE0TdiGconda_skeleton_zope.publisher-4.2.1.tar.gz
Solving package specifications: .patching file core.py
Hunk #1 succeeded at 168 with fuzz 2 (offset 2 lines).

WARNING: conda-build appears to be out of date. You have version 1.13.0 but the
latest version is 1.14.1. Run

conda update -n root conda-build

to get the latest version.


Applying patch: '/tmp/tmpE0TdiGconda_skeleton_zope.publisher-4.2.1.tar.gz/pypi-distutils.patch'
WARNING: Could not add entry points. They were:

[paste.app_factory]
main = zope.publisher.paste:Application

[zope.publisher.publication_factory]
sample = zope.publisher.tests.test_paste:SamplePublication

Warning, the following versions were found for zope.security
4.0.3
4.0.2
4.0.1
4.0.0
4.0.0b1
4.0.0a5
4.0.0a4
4.0.0a3
4.0.0a2
4.0.0a1
3.9.0
3.8.5
3.8.4
3.8.3
3.8.2
3.8.1
3.8.0
3.7.4
3.7.3
3.7.2
3.7.1
3.7.0
3.6.3
3.6.2
3.6.1
3.6.0
3.5.2
3.5.1
3.5.0
3.4.3
3.4.2
3.4.1
3.4.0
3.4.0b5
Using 4.0.3
Use --version to specify a different version.
Using url https://pypi.python.org/packages/source/z/zope.security/zope.security-4.0.3.tar.gz (849 KB) for zope.security.
Downloading zope.security
Using cached download
Unpacking zope.security...
done
working in /tmp/tmpOat6OEconda_skeleton_zope.security-4.0.3.tar.gz
Solving package specifications: .patching file core.py
Hunk #1 succeeded at 168 with fuzz 2 (offset 2 lines).

WARNING: conda-build appears to be out of date. You have version 1.13.0 but the
latest version is 1.14.1. Run

conda update -n root conda-build

to get the latest version.


Applying patch: '/tmp/tmpOat6OEconda_skeleton_zope.security-4.0.3.tar.gz/pypi-distutils.patch'
Using url https://pypi.python.org/packages/source/z/zope.untrustedpython/zope.untrustedpython-4.0.0.zip (16 KB) for zope.untrustedpython.
Downloading zope.untrustedpython
Using cached download
Unpacking zope.untrustedpython...
done
working in /tmp/tmpN9ZQmvconda_skeleton_zope.untrustedpython-4.0.0.zip
Solving package specifications: .patching file core.py
Hunk #1 succeeded at 168 with fuzz 2 (offset 2 lines).

WARNING: conda-build appears to be out of date. You have version 1.13.0 but the
latest version is 1.14.1. Run

conda update -n root conda-build

to get the latest version.


Applying patch: '/tmp/tmpN9ZQmvconda_skeleton_zope.untrustedpython-4.0.0.zip/pypi-distutils.patch'
Warning, the following versions were found for zope.location
4.0.3
4.0.2
4.0.1
4.0.0
3.9.1
3.9.0
3.8.2
3.8.1
3.8.0
3.7.1
3.7.0
3.6.0
3.5.5
3.5.4
3.5.3
3.5.2
3.5.1
3.5.0
3.4.0
3.4.0b2
Using 4.0.3
Use --version to specify a different version.
Using url https://pypi.python.org/packages/source/z/zope.location/zope.location-4.0.3.tar.gz (150 KB) for zope.location.
Downloading zope.location
Using cached download
Unpacking zope.location...
done
working in /tmp/tmpJDlGfbconda_skeleton_zope.location-4.0.3.tar.gz
Solving package specifications: .patching file core.py
Hunk #1 succeeded at 168 with fuzz 2 (offset 2 lines).

WARNING: conda-build appears to be out of date. You have version 1.13.0 but the
latest version is 1.14.1. Run

conda update -n root conda-build

to get the latest version.


Applying patch: '/tmp/tmpJDlGfbconda_skeleton_zope.location-4.0.3.tar.gz/pypi-distutils.patch'
Warning, the following versions were found for zope.component
4.2.2
4.2.1
4.2.0
4.1.0
4.0.2
4.0.1
4.0.0
3.12.1
3.12.0
3.11.0
3.10.0
3.9.5
3.9.4
3.9.3
3.9.2
3.9.1
3.9.0
3.8.0
3.7.1
3.7.0
3.6.0
3.5.1
3.5.0
3.4.0
3.4dev-r72749
3.4dev-r72748
3.4dev-r72747
3.4dev-r72605
Using 4.2.2
Use --version to specify a different version.
Using url https://pypi.python.org/packages/source/z/zope.component/zope.component-4.2.2.tar.gz (534 KB) for zope.component.
Downloading zope.component
Using cached download
Unpacking zope.component...
done
working in /tmp/tmpOpU819conda_skeleton_zope.component-4.2.2.tar.gz
Solving package specifications: .patching file core.py
Hunk #1 succeeded at 168 with fuzz 2 (offset 2 lines).

Applying patch: '/tmp/tmpOpU819conda_skeleton_zope.component-4.2.2.tar.gz/pypi-distutils.patch'
Error: Could not find any versions of package zope.component[zcml]
