Warning, the following versions were found for plone.app.controlpanel
3.0.3
3.0.2
3.0.1
3.0.0
2.4.6
2.4.5
2.4.4
2.4.3
2.4.2
2.4.1
2.3.8
2.3.7
2.3.6
2.3.5
2.3.4
2.3.3
2.3.2
2.3.1
2.3
2.2.12
2.2.11
2.2.10
2.2.9
2.2.8
2.2.7
2.2.6
2.2.5
2.2.4
2.2.3
2.2.2
2.2.1
2.2
2.1.4
2.1.3
2.1.2
2.1.1
2.1
2.1b1
2.0.6
2.0.5
2.0.4
2.0.3
2.0.2
2.0.1
2.0
2.0b7
2.0b6
2.0b5
2.0b4
2.0b3
2.0b2
2.0b1
2.0a4
2.0a3
2.0a2
2.0a1
1.3
1.2
1.2b1
1.1.4
1.1.3
1.1.2
1.1.1
1.1
1.0.5
1.0.4
1.0.3
1.0.2
1.0.1
1.0
1.0rc3
1.0rc2
1.0rc1
1.0b5
1.0b4
1.0b3
1.0b2
1.0b1
1.0a2
Using 3.0.3
Use --version to specify a different version.
Using url https://pypi.python.org/packages/source/p/plone.app.controlpanel/plone.app.controlpanel-3.0.3.tar.gz (42 KB) for plone.app.controlpanel.
Downloading plone.app.controlpanel
Unpacking plone.app.controlpanel...
done
working in /tmp/tmpyCLqjRconda_skeleton_plone.app.controlpanel-3.0.3.tar.gz
Fetching package metadata: ......

WARNING: conda-build appears to be out of date. You have version 1.13.0 but the
latest version is 1.14.1. Run

conda update -n root conda-build

to get the latest version.

Solving package specifications: .patching file core.py
Hunk #1 succeeded at 168 with fuzz 2 (offset 2 lines).

WARNING: conda-build appears to be out of date. You have version 1.13.0 but the
latest version is 1.14.1. Run

conda update -n root conda-build

to get the latest version.


The following NEW packages will be INSTALLED:

    numpy:      1.9.2-py27_0 
    openssl:    1.0.1k-1     
    pip:        7.0.3-py27_0 
    python:     2.7.10-0     
    pyyaml:     3.11-py27_1  
    readline:   6.2-2        
    setuptools: 18.0.1-py27_0
    sqlite:     3.8.4.1-1    
    system:     5.8-2        
    tk:         8.5.18-0     
    yaml:       0.1.6-0      
    zlib:       1.2.8-0      

Linking packages ...
[                    ]|                                                  |   0%[openssl             ]|                                                  |   0%[readline            ]|####                                              |   8%[sqlite              ]|########                                          |  16%[system              ]|############                                      |  25%[tk                  ]|################                                  |  33%[yaml                ]|####################                              |  41%[zlib                ]|#########################                         |  50%[numpy               ]|#############################                     |  58%[python              ]|#################################                 |  66%[pyyaml              ]|#####################################             |  75%[setuptools          ]|#########################################         |  83%[pip                 ]|#############################################     |  91%[      COMPLETE      ]|##################################################| 100%
Applying patch: '/tmp/tmpyCLqjRconda_skeleton_plone.app.controlpanel-3.0.3.tar.gz/pypi-distutils.patch'
products.cmfplone not found, trying Products.CMFPlone
Warning, the following versions were found for Products.CMFPlone
5.0b2
5.0b1.post1
5.0b1
5.0a3
5.0a2
5.0a1
4.3.6
4.3.5
4.3.4.1
4.3.4
4.3.3
4.3.2
4.3.1
4.3
4.3rc1
4.3b2
4.3b1
4.3a2
4.3a1
4.2.7
4.2.6
4.2.5
4.2.4
4.2.3
4.2.2
4.2.1.1
4.2.1
4.2.0.1
4.2
4.2rc2
4.2rc1
4.2b2
4.2b1
4.2a2
4.2a1
4.1.6
4.1.5
4.1.4
4.1.3
4.1.2
4.1.1
4.1
4.1rc3
4.1rc2
4.1b2
4.1b1
4.1a3
4.1a2
4.1a1
4.0b1
Using 5.0b2
Use --version to specify a different version.
Using url https://pypi.python.org/packages/source/P/Products.CMFPlone/Products.CMFPlone-5.0b2.zip (17.8 MB) for Products.CMFPlone.
Downloading Products.CMFPlone
Using cached download
Unpacking Products.CMFPlone...
done
working in /tmp/tmpyRkOM5conda_skeleton_Products.CMFPlone-5.0b2.zip
Solving package specifications: .patching file core.py
Hunk #1 succeeded at 168 with fuzz 2 (offset 2 lines).

WARNING: conda-build appears to be out of date. You have version 1.13.0 but the
latest version is 1.14.1. Run

conda update -n root conda-build

to get the latest version.


Applying patch: '/tmp/tmpyRkOM5conda_skeleton_Products.CMFPlone-5.0b2.zip/pypi-distutils.patch'
WARNING: Could not add entry points. They were:
      [console_scripts]
      plone-generate-gruntfile = Products.CMFPlone._scripts.generate_gruntfile:main
      plone-compile-resources = Products.CMFPlone._scripts.compile_resources:main
      
products.atcontenttypes not found, trying Products.ATContentTypes
Warning, the following versions were found for Products.ATContentTypes
2.2.5
2.2.4
2.2.3
2.2.2
2.2.1
2.2.0
2.1.15
2.1.14
2.1.13
2.1.12
2.1.11
2.1.10
2.1.9
2.1.8
2.1.7
2.1.6
2.1.5
2.1.4
2.1.3
2.1.2
2.1.1
2.1.0
2.0.7
2.0.6
2.0.5
2.0.4
2.0.3
2.0.2
2.0.1
2.0
2.0b11
2.0b10
2.0b9
2.0b8
2.0b7
2.0b6
2.0b5
2.0b4
2.0b3
2.0b2
2.0b1
2.0a6
2.0a5
2.0a4
2.0a3
2.0a2
2.0a1
1.3.7
1.3.6
1.3.5
1.3.4
1.3.3
1.3.2
1.3.1
1.3.0
1.2.8
1.2.7
1.2.6
Using 2.2.5
Use --version to specify a different version.
Using url https://pypi.python.org/packages/source/P/Products.ATContentTypes/Products.ATContentTypes-2.2.5.tar.gz (306 KB) for Products.ATContentTypes.
Downloading Products.ATContentTypes
Using cached download
Unpacking Products.ATContentTypes...
done
working in /tmp/tmpndQ41sconda_skeleton_Products.ATContentTypes-2.2.5.tar.gz
Solving package specifications: .patching file core.py
Hunk #1 succeeded at 168 with fuzz 2 (offset 2 lines).

WARNING: conda-build appears to be out of date. You have version 1.13.0 but the
latest version is 1.14.1. Run

conda update -n root conda-build

to get the latest version.


Applying patch: '/tmp/tmpndQ41sconda_skeleton_Products.ATContentTypes-2.2.5.tar.gz/pypi-distutils.patch'
Warning, the following versions were found for plone.app.testing
5.0b4
5.0b3
5.0b2
5.0b1
5.0a2
5.0a1
4.2.5
4.2.4
4.2.3
4.2.2
4.2.1
4.2
4.0.2
4.0.1
4.0
4.0a6
4.0a5
4.0a4
4.0a3
3.0a1
1.0a2
1.0a1
Using 5.0b4
Use --version to specify a different version.
Using url https://pypi.python.org/packages/source/p/plone.app.testing/plone.app.testing-5.0b4.tar.gz (80 KB) for plone.app.testing.
Downloading plone.app.testing
Using cached download
Unpacking plone.app.testing...
done
working in /tmp/tmpgjQ7m7conda_skeleton_plone.app.testing-5.0b4.tar.gz
Solving package specifications: .patching file core.py
Hunk #1 succeeded at 168 with fuzz 2 (offset 2 lines).

Applying patch: '/tmp/tmpgjQ7m7conda_skeleton_plone.app.testing-5.0b4.tar.gz/pypi-distutils.patch'
Error: Could not parse: plone.testing [zca,security,zodb,z2]
