Warning, the following versions were found for plone.app.kss
1.8.0
1.7.1
1.7.0
1.6.2
1.6.1
1.6.0
1.6.0a4
1.6.0a3
1.6.0a2
1.6.0a1
1.6.0a1dev-r31905
1.4.5
1.4.4
1.4.3
1.4.2
1.4.1
1.4
1.4-rc1
1.4-alpha1
1.2.5
1.2.4
1.2.3
1.2.2
1.2.1
1.2
1.2-rc2
1.2-rc1.1
1.2-rc1
1.2-beta2
1.2-beta1.2
1.2-beta1
1.2-alpha2
Using 1.8.0
Use --version to specify a different version.
Using url https://pypi.python.org/packages/source/p/plone.app.kss/plone.app.kss-1.8.0.zip (81 KB) for plone.app.kss.
Downloading plone.app.kss
Using cached download
Unpacking plone.app.kss...
done
working in /tmp/tmpoojFT9conda_skeleton_plone.app.kss-1.8.0.zip
Fetching package metadata: ......

WARNING: conda-build appears to be out of date. You have version 1.13.0 but the
latest version is 1.14.1. Run

conda update -n root conda-build

to get the latest version.

Solving package specifications: .patching file core.py
Hunk #1 succeeded at 168 with fuzz 2 (offset 2 lines).

WARNING: conda-build appears to be out of date. You have version 1.13.0 but the
latest version is 1.14.1. Run

conda update -n root conda-build

to get the latest version.


The following NEW packages will be INSTALLED:

    numpy:  1.9.2-py27_0
    pyyaml: 3.11-py27_1 
    yaml:   0.1.6-0     

Linking packages ...
[                    ]|                                                  |   0%[yaml                ]|                                                  |   0%[numpy               ]|################                                  |  33%[pyyaml              ]|#################################                 |  66%[      COMPLETE      ]|##################################################| 100%
Applying patch: '/tmp/tmpoojFT9conda_skeleton_plone.app.kss-1.8.0.zip/pypi-distutils.patch'
WARNING: Could not add entry points. They were:

      [z3c.autoinclude.plugin]
      target = plone
      
products.plonetestcase not found, trying Products.PloneTestCase
Warning, the following versions were found for Products.PloneTestCase
0.9.18
0.9.17
0.9.16
0.9.15
0.9.14
0.9.13
0.9.12
0.9.11
0.9.10
0.9.9
0.9.8
0.9.8b4
0.9.8b3
0.9.8b2
0.9.8b1
Using 0.9.18
Use --version to specify a different version.
Using url https://pypi.python.org/packages/source/P/Products.PloneTestCase/Products.PloneTestCase-0.9.18.zip (34 KB) for Products.PloneTestCase.
Downloading Products.PloneTestCase
Using cached download
Unpacking Products.PloneTestCase...
done
working in /tmp/tmpuRihtxconda_skeleton_Products.PloneTestCase-0.9.18.zip
Solving package specifications: .patching file core.py
Hunk #1 succeeded at 168 with fuzz 2 (offset 2 lines).

WARNING: conda-build appears to be out of date. You have version 1.13.0 but the
latest version is 1.14.1. Run

conda update -n root conda-build

to get the latest version.


Applying patch: '/tmp/tmpuRihtxconda_skeleton_Products.PloneTestCase-0.9.18.zip/pypi-distutils.patch'
zope2 not found, trying Zope2
Warning, the following versions were found for Zope2
2.13.22
2.13.21
2.13.20
2.13.19
2.13.18
2.13.17
2.13.16
2.13.15
2.13.14
2.13.13
2.13.12
2.13.11
2.13.10
2.13.9
2.13.8
2.13.7
2.13.6
2.13.5
2.13.4
2.13.3
2.13.2
2.13.1
2.13.0
2.13.0c1
2.13.0b1
2.13.0a4
2.13.0a3
2.13.0a2
2.13.0a1
2.12.28
2.12.27
2.12.26
2.12.25
2.12.24
2.12.23
2.12.22
2.12.21
2.12.20
2.12.19
2.12.18
2.12.17
2.12.16
2.12.15
2.12.14
2.12.13
2.12.12
2.12.11
2.12.10
2.12.9
2.12.8
2.12.7
2.12.6
2.12.5
2.12.4
2.12.3
2.12.2
2.12.1
2.12.0
2.12.0c1
2.12.0b4
2.12.0b3
2.12.0b2
2.12.0b1
2.12.0a4
2.12.0a3
2.12.0a2
2.12.0.a1
Using 2.13.22
Use --version to specify a different version.
Using url https://pypi.python.org/packages/source/Z/Zope2/Zope2-2.13.22.zip (1.3 MB) for Zope2.
Downloading Zope2
Using cached download
Unpacking Zope2...
done
working in /tmp/tmpzTmvm8conda_skeleton_Zope2-2.13.22.zip
Solving package specifications: .patching file core.py
Hunk #1 succeeded at 168 with fuzz 2 (offset 2 lines).

Applying patch: '/tmp/tmpzTmvm8conda_skeleton_Zope2-2.13.22.zip/pypi-distutils.patch'
Error: Could not parse: zope.i18n [zcml]
