Removing old build directory
Removing old work directory
BUILD START: plone.app.i18n-3.0.0-py_0
Fetching package metadata: ......

WARNING: conda-build appears to be out of date. You have version 1.13.0 but the
latest version is 1.14.1. Run

conda update -n root conda-build

to get the latest version.

Solving package specifications: .+ pip install plone.app.i18n
Collecting plone.app.i18n
  Downloading http://localhost/packages/source/p/plone.app.i18n/plone.app.i18n-3.0.0.zip
Requirement already satisfied (use --upgrade to upgrade): setuptools in /home/ubuntu/miniconda/envs/_build/lib/python2.7/site-packages (from plone.app.i18n)
Installing collected packages: plone.app.i18n
  Running setup.py install for plone.app.i18n
Successfully installed plone.app.i18n-3.0.0

The following NEW packages will be INSTALLED:

    openssl:    1.0.1k-1     
    pip:        7.0.3-py27_0 
    python:     2.7.10-0     
    readline:   6.2-2        
    setuptools: 18.0.1-py27_0
    sqlite:     3.8.4.1-1    
    system:     5.8-2        
    tk:         8.5.18-0     
    zlib:       1.2.8-0      

Linking packages ...
[                    ]|                                                  |   0%[openssl             ]|                                                  |   0%[readline            ]|#####                                             |  11%[sqlite              ]|###########                                       |  22%[system              ]|################                                  |  33%[tk                  ]|######################                            |  44%[zlib                ]|###########################                       |  55%[python              ]|#################################                 |  66%[setuptools          ]|######################################            |  77%[pip                 ]|############################################      |  88%[      COMPLETE      ]|##################################################| 100%
Removing old work directory
Copying /home/ubuntu/pypi-conda-builds/plone.app.i18n to /home/ubuntu/miniconda/conda-bld/work
Package: plone.app.i18n-3.0.0-py_0
source tree in: /home/ubuntu/miniconda/conda-bld/work
number of files: 37
Fixing permissions
Fixing permissions
BUILD END: plone.app.i18n-3.0.0-py_0
# If you want to upload this package to binstar.org later, type:
#
# $ binstar upload /home/ubuntu/miniconda/conda-bld/noarch/plone.app.i18n-3.0.0-py_0.tar.bz2
#
# To have conda build upload to binstar automatically, use
# $ conda config --set binstar_upload yes

Package search: {'_pypi_ordering': False, 'version': '3.0.0', 'name': 'plone.app.i18n', 'summary': 'Plone specific i18n extensions.'}
Creating standard recipe for plone.app.i18n-3.0.0
Converting recipe in /home/ubuntu/pypi-conda-builds/plone.app.i18n
package = plone.app.i18n
   dependencies = []
Building conda package for plone.app.i18n
