Warning, the following versions were found for plone.i18n
3.0.2
3.0.1
3.0.0
2.0.10
2.0.9
2.0.8
2.0.7
2.0.6
2.0.5
2.0.4
2.0.3
2.0.2
2.0.1
2.0
1.1b1
1.1a3
1.1a2
1.1a1
1.0.10
1.0.9
1.0.8
1.0.7
1.0.6
1.0.5
1.0.4
1.0.3
1.0.2
1.0.1
1.0
1.0rc1
1.0b2
1.0b1
Using 3.0.2
Use --version to specify a different version.
Using url https://pypi.python.org/packages/source/p/plone.i18n/plone.i18n-3.0.2.tar.gz (122 KB) for plone.i18n.
Downloading plone.i18n
Using cached download
Unpacking plone.i18n...
done
working in /tmp/tmpj1HMFJconda_skeleton_plone.i18n-3.0.2.tar.gz
Fetching package metadata: ......

WARNING: conda-build appears to be out of date. You have version 1.13.0 but the
latest version is 1.14.1. Run

conda update -n root conda-build

to get the latest version.

Solving package specifications: .patching file core.py
Hunk #1 succeeded at 168 with fuzz 2 (offset 2 lines).

The following NEW packages will be INSTALLED:

    numpy:      1.9.2-py27_0 
    openssl:    1.0.1k-1     
    pip:        7.0.3-py27_0 
    python:     2.7.10-0     
    pyyaml:     3.11-py27_1  
    readline:   6.2-2        
    setuptools: 18.0.1-py27_0
    sqlite:     3.8.4.1-1    
    system:     5.8-2        
    tk:         8.5.18-0     
    yaml:       0.1.6-0      
    zlib:       1.2.8-0      

Linking packages ...
[                    ]|                                                  |   0%[openssl             ]|                                                  |   0%[readline            ]|####                                              |   8%[sqlite              ]|########                                          |  16%[system              ]|############                                      |  25%[tk                  ]|################                                  |  33%[yaml                ]|####################                              |  41%[zlib                ]|#########################                         |  50%[numpy               ]|#############################                     |  58%[python              ]|#################################                 |  66%[pyyaml              ]|#####################################             |  75%[setuptools          ]|#########################################         |  83%[pip                 ]|#############################################     |  91%[      COMPLETE      ]|##################################################| 100%
Applying patch: '/tmp/tmpj1HMFJconda_skeleton_plone.i18n-3.0.2.tar.gz/pypi-distutils.patch'
Error: Could not parse: zope.component [zcml]
