Warning, the following versions were found for plone.app.jquerytools
1.7.0
1.6.3
1.6.2
1.6.1
1.6.0
1.5.7
1.5.6
1.5.5
1.5.4
1.5.3
1.5.2
1.5.1
1.5
1.4
1.4b1
1.3.2
1.3.1
1.3
1.2
1.2b5
1.2b4
1.2b3
1.2b2
1.2b1
1.1.2
1.1.1
1.1
1.1b5
1.1b4
1.1b3
1.1b2
1.1b1
1.0rc3
1.0rc2
1.0rc1
1.0b17
1.0b16
1.0b15
1.0b14
1.0b13
1.0b12
1.0b11
1.0b10
1.0b9
1.0b8
1.0b7
1.0b6
1.0b5
1.0b4
1.0b3
1.0b2
Using 1.7.0
Use --version to specify a different version.
Using url https://pypi.python.org/packages/source/p/plone.app.jquerytools/plone.app.jquerytools-1.7.0.tar.gz (116 KB) for plone.app.jquerytools.
Downloading plone.app.jquerytools
Using cached download
Unpacking plone.app.jquerytools...
done
working in /tmp/tmp5qDrUQconda_skeleton_plone.app.jquerytools-1.7.0.tar.gz
Fetching package metadata: ......

WARNING: conda-build appears to be out of date. You have version 1.13.0 but the
latest version is 1.14.1. Run

conda update -n root conda-build

to get the latest version.

Solving package specifications: .patching file core.py
Hunk #1 succeeded at 168 with fuzz 2 (offset 2 lines).

WARNING: conda-build appears to be out of date. You have version 1.13.0 but the
latest version is 1.14.1. Run

conda update -n root conda-build

to get the latest version.


The following NEW packages will be INSTALLED:

    numpy:  1.9.2-py27_0
    pyyaml: 3.11-py27_1 
    yaml:   0.1.6-0     

Linking packages ...
[                    ]|                                                  |   0%[yaml                ]|                                                  |   0%[numpy               ]|################                                  |  33%[pyyaml              ]|#################################                 |  66%[      COMPLETE      ]|##################################################| 100%
Applying patch: '/tmp/tmp5qDrUQconda_skeleton_plone.app.jquerytools-1.7.0.tar.gz/pypi-distutils.patch'
WARNING: Could not add entry points. They were:

    [z3c.autoinclude.plugin]
    target = plone
    
Warning, the following versions were found for plone.app.testing
5.0b4
5.0b3
5.0b2
5.0b1
5.0a2
5.0a1
4.2.5
4.2.4
4.2.3
4.2.2
4.2.1
4.2
4.0.2
4.0.1
4.0
4.0a6
4.0a5
4.0a4
4.0a3
3.0a1
1.0a2
1.0a1
Using 5.0b4
Use --version to specify a different version.
Using url https://pypi.python.org/packages/source/p/plone.app.testing/plone.app.testing-5.0b4.tar.gz (80 KB) for plone.app.testing.
Downloading plone.app.testing
Using cached download
Unpacking plone.app.testing...
done
working in /tmp/tmplas7G1conda_skeleton_plone.app.testing-5.0b4.tar.gz
Solving package specifications: .patching file core.py
Hunk #1 succeeded at 168 with fuzz 2 (offset 2 lines).

Applying patch: '/tmp/tmplas7G1conda_skeleton_plone.app.testing-5.0b4.tar.gz/pypi-distutils.patch'
Error: Could not parse: plone.testing [zca,security,zodb,z2]
