Warning, the following versions were found for plone.app.content
3.0.6
3.0.5
3.0.4
3.0.3
3.0.2
3.0.1
3.0.0
2.2.0
2.1.5
2.1.4
2.1.3
2.1.2
2.1.1
2.1
2.1a2
2.1a1
2.0.12
2.0.11
2.0.10
2.0.9
2.0.8
2.0.7
2.0.6
2.0.5
2.0.4
2.0.3
2.0.2
2.0.1
2.0
2.0b5
2.0b4
2.0b3
2.0b2
2.0b1
2.0a3
2.0a2
2.0a1
1.8
1.7
1.6
1.5
1.4
1.3
1.2
1.1.1
1.1.0
1.0.1
1.0
1.0rc2
1.0rc1
1.0b2
1.0b1
Using 3.0.6
Use --version to specify a different version.
Using url https://pypi.python.org/packages/source/p/plone.app.content/plone.app.content-3.0.6.tar.gz (69 KB) for plone.app.content.
Downloading plone.app.content
Unpacking plone.app.content...
done
working in /tmp/tmpsR0a7zconda_skeleton_plone.app.content-3.0.6.tar.gz
Fetching package metadata: ......

WARNING: conda-build appears to be out of date. You have version 1.13.0 but the
latest version is 1.14.1. Run

conda update -n root conda-build

to get the latest version.

Solving package specifications: .patching file core.py
Hunk #1 succeeded at 168 with fuzz 2 (offset 2 lines).

WARNING: conda-build appears to be out of date. You have version 1.13.0 but the
latest version is 1.14.1. Run

conda update -n root conda-build

to get the latest version.


Applying patch: '/tmp/tmpsR0a7zconda_skeleton_plone.app.content-3.0.6.tar.gz/pypi-distutils.patch'
Warning, the following versions were found for plone.app.contenttypes
1.2b2
1.2b1
1.2a9
1.2a8
1.2a7
1.2a6
1.2a5
1.2a4
1.2a3
1.2a2
1.2a1
1.1b5
1.1b4
1.1b3
1.1b2
1.1b1
1.1a1
1.0
1.0rc1
1.0b2
1.0b1
Using 1.2b2
Use --version to specify a different version.
Using url https://pypi.python.org/packages/source/p/plone.app.contenttypes/plone.app.contenttypes-1.2b2.tar.gz (197 KB) for plone.app.contenttypes.
Downloading plone.app.contenttypes
Using cached download
Unpacking plone.app.contenttypes...
done
working in /tmp/tmpivrj5Fconda_skeleton_plone.app.contenttypes-1.2b2.tar.gz
Solving package specifications: .patching file core.py
Hunk #1 succeeded at 168 with fuzz 2 (offset 2 lines).

Applying patch: '/tmp/tmpivrj5Fconda_skeleton_plone.app.contenttypes-1.2b2.tar.gz/pypi-distutils.patch'
WARNING: Could not add entry points. They were:

      # -*- Entry points: -*-
      [z3c.autoinclude.plugin]
      target = plone
      
Error: Could not parse: plone.namedfile [blobs]
