Warning, the following versions were found for plone.app.linkintegrity
2.1.2
2.1.1
2.1.0
2.0.0
1.5.5
1.5.4
1.5.3
1.5.2
1.5.1
1.5.0
1.4.7
1.4.6
1.4.5
1.4.4
1.4.3
1.4.2
1.4.1
1.4.0
1.3.4
1.3.3
1.3.2
1.3.1
1.3.0
1.3b2
1.3b1
1.3a5
1.3a4
1.3a3
1.3a2
1.3a1
1.2
1.1
1.0.12
1.0.11
1.0.10
1.0.9
1.0.8
1.0.7
1.0.6
1.0.5
1.0.4
1.0.3
1.0.2
1.0.1
1.0
1.0rc1
1.0b3
1.0b2
1.0b1
1.0a2
1.0rc1.1
1.0a3dev-r12842
Using 2.1.2
Use --version to specify a different version.
Using url https://pypi.python.org/packages/source/p/plone.app.linkintegrity/plone.app.linkintegrity-2.1.2.tar.gz (48 KB) for plone.app.linkintegrity.
Downloading plone.app.linkintegrity
Using cached download
Unpacking plone.app.linkintegrity...
done
working in /tmp/tmpIlsY_xconda_skeleton_plone.app.linkintegrity-2.1.2.tar.gz
Fetching package metadata: ......

WARNING: conda-build appears to be out of date. You have version 1.13.0 but the
latest version is 1.14.1. Run

conda update -n root conda-build

to get the latest version.

Solving package specifications: .patching file core.py
Hunk #1 succeeded at 168 with fuzz 2 (offset 2 lines).

The following NEW packages will be INSTALLED:

    numpy:  1.9.2-py27_0
    pyyaml: 3.11-py27_1 
    yaml:   0.1.6-0     

Linking packages ...
[                    ]|                                                  |   0%[yaml                ]|                                                  |   0%[numpy               ]|################                                  |  33%[pyyaml              ]|#################################                 |  66%[      COMPLETE      ]|##################################################| 100%
Applying patch: '/tmp/tmpIlsY_xconda_skeleton_plone.app.linkintegrity-2.1.2.tar.gz/pypi-distutils.patch'
WARNING: Could not add entry points. They were:

        [z3c.autoinclude.plugin]
        target = plone
      
Error: Could not parse: plone.app.dexterity [relations]
