Warning, the following versions were found for plone.contentrules
2.0.4
2.0.3
2.0.2
2.0.1
2.0
2.0b1
1.1.0
1.1.0a1
1.0.5
1.0.1.1
1.0
1.0rc1
1.0b3
1.0b2
1.0b1.1
1.0b1
1.0a2-20070215
1.0a2
Using 2.0.4
Use --version to specify a different version.
Using url https://pypi.python.org/packages/source/p/plone.contentrules/plone.contentrules-2.0.4.zip (33 KB) for plone.contentrules.
Downloading plone.contentrules
Using cached download
Unpacking plone.contentrules...
done
working in /tmp/tmpcVHNTjconda_skeleton_plone.contentrules-2.0.4.zip
Fetching package metadata: ......

WARNING: conda-build appears to be out of date. You have version 1.13.0 but the
latest version is 1.14.1. Run

conda update -n root conda-build

to get the latest version.

Solving package specifications: .patching file core.py
Hunk #1 succeeded at 168 with fuzz 2 (offset 2 lines).

WARNING: conda-build appears to be out of date. You have version 1.13.0 but the
latest version is 1.14.1. Run

conda update -n root conda-build

to get the latest version.


The following NEW packages will be INSTALLED:

    numpy:      1.9.2-py27_0 
    openssl:    1.0.1k-1     
    pip:        7.0.3-py27_0 
    python:     2.7.10-0     
    pyyaml:     3.11-py27_1  
    readline:   6.2-2        
    setuptools: 18.0.1-py27_0
    sqlite:     3.8.4.1-1    
    system:     5.8-2        
    tk:         8.5.18-0     
    yaml:       0.1.6-0      
    zlib:       1.2.8-0      

Linking packages ...
[                    ]|                                                  |   0%[openssl             ]|                                                  |   0%[readline            ]|####                                              |   8%[sqlite              ]|########                                          |  16%[system              ]|############                                      |  25%[tk                  ]|################                                  |  33%[yaml                ]|####################                              |  41%[zlib                ]|#########################                         |  50%[numpy               ]|#############################                     |  58%[python              ]|#################################                 |  66%[pyyaml              ]|#####################################             |  75%[setuptools          ]|#########################################         |  83%[pip                 ]|#############################################     |  91%[      COMPLETE      ]|##################################################| 100%
Applying patch: '/tmp/tmpcVHNTjconda_skeleton_plone.contentrules-2.0.4.zip/pypi-distutils.patch'
Warning, the following versions were found for zope.lifecycleevent
4.1.0
4.0.3
4.0.2
4.0.1
4.0.0
3.7.0
3.6.2
3.6.1
3.6.0
3.5.2
3.5.1
3.5.0
3.4.1
3.4.0
3.4dev-r72934
Using 4.1.0
Use --version to specify a different version.
Using url https://pypi.python.org/packages/source/z/zope.lifecycleevent/zope.lifecycleevent-4.1.0.tar.gz (11 KB) for zope.lifecycleevent.
Downloading zope.lifecycleevent
Using cached download
Unpacking zope.lifecycleevent...
done
working in /tmp/tmprCqAuRconda_skeleton_zope.lifecycleevent-4.1.0.tar.gz
Solving package specifications: .patching file core.py
Hunk #1 succeeded at 168 with fuzz 2 (offset 2 lines).

WARNING: conda-build appears to be out of date. You have version 1.13.0 but the
latest version is 1.14.1. Run

conda update -n root conda-build

to get the latest version.


Applying patch: '/tmp/tmprCqAuRconda_skeleton_zope.lifecycleevent-4.1.0.tar.gz/pypi-distutils.patch'
Warning, the following versions were found for zope.component
4.2.2
4.2.1
4.2.0
4.1.0
4.0.2
4.0.1
4.0.0
3.12.1
3.12.0
3.11.0
3.10.0
3.9.5
3.9.4
3.9.3
3.9.2
3.9.1
3.9.0
3.8.0
3.7.1
3.7.0
3.6.0
3.5.1
3.5.0
3.4.0
3.4dev-r72749
3.4dev-r72748
3.4dev-r72747
3.4dev-r72605
Using 4.2.2
Use --version to specify a different version.
Using url https://pypi.python.org/packages/source/z/zope.component/zope.component-4.2.2.tar.gz (534 KB) for zope.component.
Downloading zope.component
Using cached download
Unpacking zope.component...
done
working in /tmp/tmpsFtq1Yconda_skeleton_zope.component-4.2.2.tar.gz
Solving package specifications: .patching file core.py
Hunk #1 succeeded at 168 with fuzz 2 (offset 2 lines).

Applying patch: '/tmp/tmpsFtq1Yconda_skeleton_zope.component-4.2.2.tar.gz/pypi-distutils.patch'
Error: Could not find any versions of package zope.component[zcml]
