Error: prefix already exists: /home/ubuntu/miniconda/envs/_pipbuild_
Exception:
Traceback (most recent call last):
  File "/home/ubuntu/miniconda/envs/_pipbuild_/lib/python2.7/site-packages/pip/basecommand.py", line 223, in main
    status = self.run(options, args)
  File "/home/ubuntu/miniconda/envs/_pipbuild_/lib/python2.7/site-packages/pip/commands/install.py", line 268, in run
    wheel_cache
  File "/home/ubuntu/miniconda/envs/_pipbuild_/lib/python2.7/site-packages/pip/basecommand.py", line 268, in populate_requirement_set
    wheel_cache=wheel_cache
  File "/home/ubuntu/miniconda/envs/_pipbuild_/lib/python2.7/site-packages/pip/req/req_install.py", line 207, in from_line
    wheel_cache=wheel_cache)
  File "/home/ubuntu/miniconda/envs/_pipbuild_/lib/python2.7/site-packages/pip/req/req_install.py", line 66, in __init__
    req = pkg_resources.Requirement.parse(req)
  File "/home/ubuntu/miniconda/envs/_pipbuild_/lib/python2.7/site-packages/pip/_vendor/pkg_resources/__init__.py", line 2960, in parse
    reqs = list(parse_requirements(s))
  File "/home/ubuntu/miniconda/envs/_pipbuild_/lib/python2.7/site-packages/pip/_vendor/pkg_resources/__init__.py", line 2904, in parse_requirements
    "version spec")
  File "/home/ubuntu/miniconda/envs/_pipbuild_/lib/python2.7/site-packages/pip/_vendor/pkg_resources/__init__.py", line 2869, in scan_list
    raise ValueError(msg, line, "at", line[p:])
ValueError: ('Expected version spec in', 'irc==>=12.1,<13dev', 'at', '==>=12.1,<13dev')

Package search: {'_pypi_ordering': False, 'version': '1111.0.2', 'name': 'pmxbot', 'summary': 'IRC bot - full featured, yet extensible and customizable'}
Creating standard recipe for pmxbot-1111.0.2
Converting recipe in /home/ubuntu/pypi-conda-builds/pmxbot
package = pmxbot
   dependencies = [u'irc >=12.1,<13dev', u'requests', u'pyyaml', u'feedparser', u'pytz', u'beautifulsoup4', u'jinja2', u'cherrypy >=3.2.3,<4dev', u'jaraco.compat >=1.0.3', u'backports.method_request', u'wordnik-py3', u'more_itertools', u'jaraco.timing', u'tempora', u'jaraco.collections', u'jaraco.itertools', u'jaraco.context', u'jaraco.classes', u'jaraco.functools', u'inflect']
Creating standard recipe for irc->=12.1,<13dev
Error: Version >=12.1,<13dev of irc is not available on PyPI.

conda create -n _pipbuild_ --yes python pip
/home/ubuntu/miniconda/envs/_pipbuild_/bin/pip install irc==>=12.1,<13dev
Error: Could not pip install irc==>=12.1,<13dev
