Removing old build directory
Removing old work directory
BUILD START: posix_ipc-1.0.0-py_0
Fetching package metadata: ......

WARNING: conda-build appears to be out of date. You have version 1.13.0 but the
latest version is 1.14.0. Run

conda update -n root conda-build

to get the latest version.

Solving package specifications: .+ pip install posix_ipc
Collecting posix-ipc
  Downloading http://localhost/packages/source/p/posix_ipc/posix_ipc-1.0.0.tar.gz (74kB)
setuptools must be installed to install from a source distribution

The following NEW packages will be INSTALLED:

    openssl:    1.0.1k-1     
    pip:        7.0.3-py27_0 
    python:     2.7.10-0     
    readline:   6.2-2        
    setuptools: 17.1.1-py27_0
    sqlite:     3.8.4.1-1    
    system:     5.8-2        
    tk:         8.5.18-0     
    zlib:       1.2.8-0      

Linking packages ...
[                    ]|                                                  |   0%[openssl             ]|                                                  |   0%[readline            ]|#####                                             |  11%[sqlite              ]|###########                                       |  22%[system              ]|################                                  |  33%[tk                  ]|######################                            |  44%[zlib                ]|###########################                       |  55%[python              ]|#################################                 |  66%[setuptools          ]|######################################            |  77%[pip                 ]|############################################      |  88%[      COMPLETE      ]|##################################################| 100%
Removing old work directory
Copying /home/ubuntu/pypi-conda-builds/posix_ipc to /home/ubuntu/miniconda/conda-bld/work
Package: posix_ipc-1.0.0-py_0
source tree in: /home/ubuntu/miniconda/conda-bld/work
Command failed: /bin/bash -x -e /home/ubuntu/pypi-conda-builds/posix_ipc/build.sh
Package search: {'_pypi_ordering': False, 'version': '1.0.0', 'name': 'posix_ipc', 'summary': 'POSIX IPC primitives (semaphores, shared memory and message queues) for Python'}
Creating standard recipe for posix_ipc-1.0.0
Converting recipe in /home/ubuntu/pypi-conda-builds/posix_ipc
package = posix_ipc
   dependencies = []
Building conda package for posix_ipc
