Error: prefix already exists: /home/ubuntu/miniconda/envs/_pipbuild_
Collecting premailer==2.9.2
  Could not find a version that satisfies the requirement premailer==2.9.2 (from versions: 1.0, 1.1, 1.2, 1.2.0, 1.2.1, 1.2.2, 1.2.3, 1.3, 1.3.0, 1.4, 1.4.0, 1.4.1, 1.5, 1.5.0, 1.7, 1.8, 1.9, 1.10, 1.11, 1.12, 1.13, 2.0.0, 2.0.1, 2.0.2, 2.1.0, 2.1.1, 2.1.2, 2.1.3, 2.1.4, 2.5.0, 2.5.1, 2.6.0, 2.7.0, 2.8.0, 2.8.1, 2.8.2, 2.8.3, 2.8.4, 2.9.0)
No matching distribution found for premailer==2.9.2
Package search: {'_pypi_ordering': False, 'version': '2.9.1', 'name': 'premailer', 'summary': 'Turns CSS blocks into style attributes'}
Creating standard recipe for premailer-2.9.2
Using url https://pypi.python.org/packages/source/p/premailer/premailer-2.9.2.tar.gz (16 KB) for premailer.
Downloading premailer
Using cached download
Unpacking premailer...
done
working in /tmp/tmpCK_l3tconda_skeleton_premailer-2.9.2.tar.gz
Fetching package metadata: ......

WARNING: conda-build appears to be out of date. You have version 1.13.0 but the
latest version is 1.14.0. Run

conda update -n root conda-build

to get the latest version.

Solving package specifications: .patching file core.py
Hunk #1 succeeded at 168 with fuzz 2 (offset 2 lines).
Traceback (most recent call last):
  File "setup.py", line 13, in <module>
    from setuptools import setup, find_packages
ImportError: No module named setuptools

Applying patch: '/tmp/tmpCK_l3tconda_skeleton_premailer-2.9.2.tar.gz/pypi-distutils.patch'
$PYTHONPATH = /tmp/tmpCK_l3tconda_skeleton_premailer-2.9.2.tar.gz/premailer-2.9.2
Error: command failed: /home/ubuntu/miniconda/envs/_build/bin/python setup.py install

conda create -n _pipbuild_ --yes python pip
/home/ubuntu/miniconda/envs/_pipbuild_/bin/pip install premailer==2.9.2
Error: Could not pip install premailer==2.9.2
