Error: prefix already exists: /home/ubuntu/miniconda/envs/_pipbuild_
Collecting PrettyTable==0.7.2
  Downloading http://localhost/packages/source/P/PrettyTable/prettytable-0.7.2.tar.bz2
Installing collected packages: PrettyTable
  Running setup.py install for PrettyTable
Successfully installed PrettyTable-0.7.2
Fetching package metadata: ....

Package plan for package removal in environment /home/ubuntu/miniconda/envs/_pipbuild_:

The following packages will be REMOVED:

    openssl:    1.0.1k-1    
    pip:        7.0.3-py27_0
    python:     2.7.10-0    
    readline:   6.2-2       
    setuptools: 17.0-py27_0 
    sqlite:     3.8.4.1-1   
    system:     5.8-2       
    tk:         8.5.18-0    
    zlib:       1.2.8-0     

Unlinking packages ...
[                    ]|                                                  |   0%[openssl             ]|                                                  |   0%[pip                 ]|#####                                             |  11%[python              ]|###########                                       |  22%[readline            ]|################                                  |  33%[setuptools          ]|######################                            |  44%[sqlite              ]|###########################                       |  55%[system              ]|#################################                 |  66%[tk                  ]|######################################            |  77%[zlib                ]|############################################      |  88%[      COMPLETE      ]|##################################################| 100%
Removing old build directory
Removing old work directory
Error: package/name must be lowercase, got: u'PrettyTable'
Package search: {'_pypi_ordering': False, 'version': '0.7.2', 'name': 'PrettyTable', 'summary': 'A simple Python library for easily displaying tabular data in a visually appealing ASCII table format.'}
Creating standard recipe for prettytable-0.7.2
Using url https://pypi.python.org/packages/source/P/PrettyTable/prettytable-0.7.2.tar.bz2 (21 KB) for PrettyTable.
Downloading PrettyTable
Using cached download
Unpacking PrettyTable...
done
working in /tmp/tmpRzchNNconda_skeleton_prettytable-0.7.2.tar.bz2
Fetching package metadata: ......

WARNING: conda-build appears to be out of date. You have version 1.13.0 but the
latest version is 1.14.0. Run

conda update -n root conda-build

to get the latest version.

Solving package specifications: .patching file core.py
Hunk #1 succeeded at 168 with fuzz 2 (offset 2 lines).
Traceback (most recent call last):
  File "setup.py", line 2, in <module>
    from setuptools import setup
ImportError: No module named setuptools

Applying patch: '/tmp/tmpRzchNNconda_skeleton_prettytable-0.7.2.tar.bz2/pypi-distutils.patch'
$PYTHONPATH = /tmp/tmpRzchNNconda_skeleton_prettytable-0.7.2.tar.bz2/prettytable-0.7.2
Error: command failed: /home/ubuntu/miniconda/envs/_build/bin/python setup.py install

conda create -n _pipbuild_ --yes python pip
/home/ubuntu/miniconda/envs/_pipbuild_/bin/pip install PrettyTable==0.7.2
Getting dependencies...
package = PrettyTable
   dependencies = []
Building conda package for prettytable
