Error: prefix already exists: /home/ubuntu/miniconda/envs/_pipbuild_
Collecting PrettyTable==0.7.2
  Downloading http://localhost/packages/source/P/PrettyTable/prettytable-0.7.2.tar.bz2
setuptools must be installed to install from a source distribution
Package search: {'_pypi_ordering': False, 'version': '0.7.2', 'name': 'PrettyTable', 'summary': 'A simple Python library for easily displaying tabular data in a visually appealing ASCII table format.'}
Creating standard recipe for prettytable-0.7.2
Using url https://pypi.python.org/packages/source/P/PrettyTable/prettytable-0.7.2.tar.bz2 (21 KB) for PrettyTable.
Downloading PrettyTable
Using cached download
Unpacking PrettyTable...
done
working in /tmp/tmpfWBhTuconda_skeleton_prettytable-0.7.2.tar.bz2
Fetching package metadata: ......

WARNING: conda-build appears to be out of date. You have version 1.13.0 but the
latest version is 1.14.0. Run

conda update -n root conda-build

to get the latest version.

Solving package specifications: .patching file core.py
Hunk #1 succeeded at 168 with fuzz 2 (offset 2 lines).
Traceback (most recent call last):
  File "setup.py", line 2, in <module>
    from setuptools import setup
ImportError: No module named setuptools

Applying patch: '/tmp/tmpfWBhTuconda_skeleton_prettytable-0.7.2.tar.bz2/pypi-distutils.patch'
$PYTHONPATH = /tmp/tmpfWBhTuconda_skeleton_prettytable-0.7.2.tar.bz2/prettytable-0.7.2
Error: command failed: /home/ubuntu/miniconda/envs/_build/bin/python setup.py install

conda create -n _pipbuild_ --yes python pip
/home/ubuntu/miniconda/envs/_pipbuild_/bin/pip install PrettyTable==0.7.2
Error: Could not pip install PrettyTable==0.7.2
