products.portaltransforms not found, trying Products.PortalTransforms
Warning, the following versions were found for Products.PortalTransforms
2.1.7
2.1.6
2.1.5
2.1.4
2.1.3
2.1.2
2.1.1
2.1
2.0.7
2.0.6
2.0.5
2.0.4
2.0.3
2.0.2
2.0.1
2.0
2.0b6
2.0b5
2.0b4
2.0b3
2.0b2
2.0b1
2.0a2
2.0a1
1.6.13
1.6.12
1.6.11
1.6.10
1.6.9
1.6.8
1.6.7
1.6.6
1.6.5
1.6.4
1.6.3
1.6.2
1.6.1
Using 2.1.7
Use --version to specify a different version.
Using url https://pypi.python.org/packages/source/P/Products.PortalTransforms/Products.PortalTransforms-2.1.7.zip (261 KB) for Products.PortalTransforms.
Downloading Products.PortalTransforms
Unpacking Products.PortalTransforms...
done
working in /tmp/tmpDRUMdwconda_skeleton_Products.PortalTransforms-2.1.7.zip
Fetching package metadata: ......

WARNING: conda-build appears to be out of date. You have version 1.13.0 but the
latest version is 1.14.1. Run

conda update -n root conda-build

to get the latest version.

Solving package specifications: .patching file core.py
Hunk #1 succeeded at 168 with fuzz 2 (offset 2 lines).

Applying patch: '/tmp/tmpDRUMdwconda_skeleton_Products.PortalTransforms-2.1.7.zip/pypi-distutils.patch'
Error: Could not parse: Products.Archetypes [test]
