Error: prefix already exists: /home/ubuntu/miniconda/envs/_pipbuild_
Exception:
Traceback (most recent call last):
  File "/home/ubuntu/miniconda/envs/_pipbuild_/lib/python2.7/site-packages/pip/basecommand.py", line 223, in main
    status = self.run(options, args)
  File "/home/ubuntu/miniconda/envs/_pipbuild_/lib/python2.7/site-packages/pip/commands/install.py", line 268, in run
    wheel_cache
  File "/home/ubuntu/miniconda/envs/_pipbuild_/lib/python2.7/site-packages/pip/basecommand.py", line 268, in populate_requirement_set
    wheel_cache=wheel_cache
  File "/home/ubuntu/miniconda/envs/_pipbuild_/lib/python2.7/site-packages/pip/req/req_install.py", line 207, in from_line
    wheel_cache=wheel_cache)
  File "/home/ubuntu/miniconda/envs/_pipbuild_/lib/python2.7/site-packages/pip/req/req_install.py", line 66, in __init__
    req = pkg_resources.Requirement.parse(req)
  File "/home/ubuntu/miniconda/envs/_pipbuild_/lib/python2.7/site-packages/pip/_vendor/pkg_resources/__init__.py", line 2960, in parse
    reqs = list(parse_requirements(s))
  File "/home/ubuntu/miniconda/envs/_pipbuild_/lib/python2.7/site-packages/pip/_vendor/pkg_resources/__init__.py", line 2904, in parse_requirements
    "version spec")
  File "/home/ubuntu/miniconda/envs/_pipbuild_/lib/python2.7/site-packages/pip/_vendor/pkg_resources/__init__.py", line 2869, in scan_list
    raise ValueError(msg, line, "at", line[p:])
ValueError: ('Expected version spec in', 'python-gettext==>=0.6', 'at', '==>=0.6')

Package search: {'_pypi_ordering': False, 'version': '2.0.5', 'name': 'Products.PlacelessTranslationService', 'summary': "PTS provides a way of internationalizing (i18n'ing) and localizing (l10n'ing) software for Zope 2."}
Creating standard recipe for products.placelesstranslationservice-2.0.5
Converting recipe in /home/ubuntu/pypi-conda-builds/products.placelesstranslationservice
package = Products.PlacelessTranslationService
   dependencies = [u'python-gettext >=0.6', u'zope.annotation', u'zope.component', u'zope.deferredimport', u'zope.deprecation', u'zope.i18n', u'zope.interface', u'zope.publisher', u'acquisition', u'datetime', u'extensionclass', u'zodb3', u'zope2']
Creating standard recipe for python-gettext->=0.6
Error: Version >=0.6 of python-gettext is not available on PyPI.

conda create -n _pipbuild_ --yes python pip
/home/ubuntu/miniconda/envs/_pipbuild_/bin/pip install python-gettext==>=0.6
Error: Could not pip install python-gettext==>=0.6
