Removing old build directory
Removing old work directory
BUILD START: products.plonelanguagetool-3.2.7-py_0
Fetching package metadata: ......

WARNING: conda-build appears to be out of date. You have version 1.13.0 but the
latest version is 1.14.1. Run

conda update -n root conda-build

to get the latest version.

Solving package specifications: .+ pip install Products.PloneLanguageTool
Collecting Products.PloneLanguageTool
  Downloading http://localhost/packages/source/P/Products.PloneLanguageTool/Products.PloneLanguageTool-3.2.7.zip (50kB)
Requirement already satisfied (use --upgrade to upgrade): setuptools in /home/ubuntu/miniconda/envs/_build/lib/python2.7/site-packages (from Products.PloneLanguageTool)
Installing collected packages: Products.PloneLanguageTool
  Running setup.py install for Products.PloneLanguageTool
Successfully installed Products.PloneLanguageTool-3.2.7
Compiling /home/ubuntu/miniconda/envs/_build/lib/python2.7/site-packages/Products/PloneLanguageTool/skins/LanguageTool/isTranslatable.py ...
  File "/home/ubuntu/miniconda/envs/_build/lib/python2.7/site-packages/Products/PloneLanguageTool/skins/LanguageTool/isTranslatable.py", line 11
    return context.portal_url.getPortalObject().portal_languages.isTranslatable(context)
SyntaxError: 'return' outside function


The following NEW packages will be INSTALLED:

    openssl:    1.0.1k-1     
    pip:        7.0.3-py27_0 
    python:     2.7.10-0     
    readline:   6.2-2        
    setuptools: 18.0.1-py27_0
    sqlite:     3.8.4.1-1    
    system:     5.8-2        
    tk:         8.5.18-0     
    zlib:       1.2.8-0      

Linking packages ...
[                    ]|                                                  |   0%[openssl             ]|                                                  |   0%[readline            ]|#####                                             |  11%[sqlite              ]|###########                                       |  22%[system              ]|################                                  |  33%[tk                  ]|######################                            |  44%[zlib                ]|###########################                       |  55%[python              ]|#################################                 |  66%[setuptools          ]|######################################            |  77%[pip                 ]|############################################      |  88%[      COMPLETE      ]|##################################################| 100%
Removing old work directory
Copying /home/ubuntu/pypi-conda-builds/products.plonelanguagetool to /home/ubuntu/miniconda/conda-bld/work
Package: products.plonelanguagetool-3.2.7-py_0
source tree in: /home/ubuntu/miniconda/conda-bld/work
compiling .pyc files...
Command failed: /home/ubuntu/miniconda/envs/_build/bin/python -Wi /home/ubuntu/miniconda/envs/_build/lib/python2.7/compileall.py -q -x port_v3 /home/ubuntu/miniconda/envs/_build/lib/python2.7/site-packages
Package search: {'_pypi_ordering': False, 'version': '3.2.7', 'name': 'Products.PloneLanguageTool', 'summary': 'PloneLanguageTool allows you to set the available languages in your Plone site, select various fallback mechanisms, and control the use of flags for language selection and translations.'}
Creating standard recipe for products.plonelanguagetool-3.2.7
Converting recipe in /home/ubuntu/pypi-conda-builds/products.plonelanguagetool
package = Products.PloneLanguageTool
   dependencies = []
Building conda package for products.plonelanguagetool
