products.cmfeditions not found, trying Products.CMFEditions
Warning, the following versions were found for Products.CMFEditions
2.2.13
2.2.12
2.2.11
2.2.10
2.2.9
2.2.8
2.2.7
2.2.6
2.2.5
2.2.4
2.2.3
2.2.2
2.2.1
2.2
2.1.7
2.1.6
2.1.5
2.1.4
2.1.3
2.1.2
2.1.1
2.1.0
2.0.8
2.0.7
2.0.6
2.0.5
2.0.4
2.0.3
2.0.2
2.0.1
2.0
2.0b9
2.0b8
2.0b7
2.0b6
2.0b5
2.0b4
2.0b3
2.0b2
2.0b1
2.0a1
1.2.8
1.2.7
1.2.6
1.2.5
1.2.4
1.2.3
1.2.2
1.2.1-1
1.2
1.2b1
1.1.9
1.1.8
Using 2.2.13
Use --version to specify a different version.
Using url https://pypi.python.org/packages/source/P/Products.CMFEditions/Products.CMFEditions-2.2.13.zip (1.8 MB) for Products.CMFEditions.
Downloading Products.CMFEditions
Using cached download
Unpacking Products.CMFEditions...
done
working in /tmp/tmp0uxi_bconda_skeleton_Products.CMFEditions-2.2.13.zip
Fetching package metadata: ......

WARNING: conda-build appears to be out of date. You have version 1.13.0 but the
latest version is 1.14.1. Run

conda update -n root conda-build

to get the latest version.

Solving package specifications: .patching file core.py
Hunk #1 succeeded at 168 with fuzz 2 (offset 2 lines).

WARNING: conda-build appears to be out of date. You have version 1.13.0 but the
latest version is 1.14.1. Run

conda update -n root conda-build

to get the latest version.


Applying patch: '/tmp/tmp0uxi_bconda_skeleton_Products.CMFEditions-2.2.13.zip/pypi-distutils.patch'
WARNING: Could not add entry points. They were:

      [z3c.autoinclude.plugin]
      target = plone
      
Warning, the following versions were found for plone.app.testing
5.0b4
5.0b3
5.0b2
5.0b1
5.0a2
5.0a1
4.2.5
4.2.4
4.2.3
4.2.2
4.2.1
4.2
4.0.2
4.0.1
4.0
4.0a6
4.0a5
4.0a4
4.0a3
3.0a1
1.0a2
1.0a1
Using 5.0b4
Use --version to specify a different version.
Using url https://pypi.python.org/packages/source/p/plone.app.testing/plone.app.testing-5.0b4.tar.gz (80 KB) for plone.app.testing.
Downloading plone.app.testing
Using cached download
Unpacking plone.app.testing...
done
working in /tmp/tmpf_GGSrconda_skeleton_plone.app.testing-5.0b4.tar.gz
Solving package specifications: .patching file core.py
Hunk #1 succeeded at 168 with fuzz 2 (offset 2 lines).

Applying patch: '/tmp/tmpf_GGSrconda_skeleton_plone.app.testing-5.0b4.tar.gz/pypi-distutils.patch'
Error: Could not parse: plone.testing [zca,security,zodb,z2]
