products.archetypes not found, trying Products.Archetypes
Warning, the following versions were found for Products.Archetypes
1.10.7
1.10.6
1.10.5
1.10.4
1.10.2
1.10.1
1.10.0
1.9.10
1.9.9
1.9.8
1.9.7
1.9.6
1.9.5
1.9.4
1.9.3
1.9.2
1.9.1
1.9.0
1.8.8
1.8.7
1.8.6
1.8.5
1.8.4
1.8.3
1.8.2
1.8.1
1.8
1.7.14
1.7.13
1.7.12
1.7.11
1.7.10
1.7.9
1.7.8
1.7.7
1.7.6
1.7.5
1.7.4
1.7.3
1.7.2
1.7.1
1.7
1.6.6
1.6.5
1.6.4
1.6.3
1.6.2
1.6.1
1.6
1.6b11
1.6b10
1.6b9
1.6b8
1.6b7
1.6b6
1.6b5
1.6b4
1.6b3
1.6b2
1.6b1
1.6a4
1.6a3
1.6a2
1.6a1
1.5.19
1.5.18
1.5.17
1.5.16
1.5.15
1.5.14
1.5.13
1.5.12
1.5.11
1.5.10
Using 1.10.7
Use --version to specify a different version.
Using url https://pypi.python.org/packages/source/P/Products.Archetypes/Products.Archetypes-1.10.7.tar.gz (877 KB) for Products.Archetypes.
Downloading Products.Archetypes
Using cached download
Unpacking Products.Archetypes...
done
working in /tmp/tmpHNnOEGconda_skeleton_Products.Archetypes-1.10.7.tar.gz
Fetching package metadata: ......

WARNING: conda-build appears to be out of date. You have version 1.13.0 but the
latest version is 1.14.1. Run

conda update -n root conda-build

to get the latest version.

Solving package specifications: .patching file core.py
Hunk #1 succeeded at 168 with fuzz 2 (offset 2 lines).

WARNING: conda-build appears to be out of date. You have version 1.13.0 but the
latest version is 1.14.1. Run

conda update -n root conda-build

to get the latest version.


The following NEW packages will be INSTALLED:

    numpy:      1.9.2-py27_0 
    openssl:    1.0.1k-1     
    pip:        7.0.3-py27_0 
    python:     2.7.10-0     
    pyyaml:     3.11-py27_1  
    readline:   6.2-2        
    setuptools: 18.0.1-py27_0
    sqlite:     3.8.4.1-1    
    system:     5.8-2        
    tk:         8.5.18-0     
    yaml:       0.1.6-0      
    zlib:       1.2.8-0      

Linking packages ...
[                    ]|                                                  |   0%[openssl             ]|                                                  |   0%[readline            ]|####                                              |   8%[sqlite              ]|########                                          |  16%[system              ]|############                                      |  25%[tk                  ]|################                                  |  33%[yaml                ]|####################                              |  41%[zlib                ]|#########################                         |  50%[numpy               ]|#############################                     |  58%[python              ]|#################################                 |  66%[pyyaml              ]|#####################################             |  75%[setuptools          ]|#########################################         |  83%[pip                 ]|#############################################     |  91%[      COMPLETE      ]|##################################################| 100%
Applying patch: '/tmp/tmpHNnOEGconda_skeleton_Products.Archetypes-1.10.7.tar.gz/pypi-distutils.patch'
Warning, the following versions were found for plone.app.testing
5.0b4
5.0b3
5.0b2
5.0b1
5.0a2
5.0a1
4.2.5
4.2.4
4.2.3
4.2.2
4.2.1
4.2
4.0.2
4.0.1
4.0
4.0a6
4.0a5
4.0a4
4.0a3
3.0a1
1.0a2
1.0a1
Using 5.0b4
Use --version to specify a different version.
Using url https://pypi.python.org/packages/source/p/plone.app.testing/plone.app.testing-5.0b4.tar.gz (80 KB) for plone.app.testing.
Downloading plone.app.testing
Using cached download
Unpacking plone.app.testing...
done
working in /tmp/tmpZ8hFpvconda_skeleton_plone.app.testing-5.0b4.tar.gz
Solving package specifications: .patching file core.py
Hunk #1 succeeded at 168 with fuzz 2 (offset 2 lines).

Applying patch: '/tmp/tmpZ8hFpvconda_skeleton_plone.app.testing-5.0b4.tar.gz/pypi-distutils.patch'
Error: Could not parse: plone.testing [zca,security,zodb,z2]
