Error: prefix already exists: /home/ubuntu/miniconda/envs/_pipbuild_
Exception:
Traceback (most recent call last):
  File "/home/ubuntu/miniconda/envs/_pipbuild_/lib/python2.7/site-packages/pip/basecommand.py", line 223, in main
    status = self.run(options, args)
  File "/home/ubuntu/miniconda/envs/_pipbuild_/lib/python2.7/site-packages/pip/commands/install.py", line 268, in run
    wheel_cache
  File "/home/ubuntu/miniconda/envs/_pipbuild_/lib/python2.7/site-packages/pip/basecommand.py", line 268, in populate_requirement_set
    wheel_cache=wheel_cache
  File "/home/ubuntu/miniconda/envs/_pipbuild_/lib/python2.7/site-packages/pip/req/req_install.py", line 207, in from_line
    wheel_cache=wheel_cache)
  File "/home/ubuntu/miniconda/envs/_pipbuild_/lib/python2.7/site-packages/pip/req/req_install.py", line 66, in __init__
    req = pkg_resources.Requirement.parse(req)
  File "/home/ubuntu/miniconda/envs/_pipbuild_/lib/python2.7/site-packages/pip/_vendor/pkg_resources/__init__.py", line 2960, in parse
    reqs = list(parse_requirements(s))
  File "/home/ubuntu/miniconda/envs/_pipbuild_/lib/python2.7/site-packages/pip/_vendor/pkg_resources/__init__.py", line 2904, in parse_requirements
    "version spec")
  File "/home/ubuntu/miniconda/envs/_pipbuild_/lib/python2.7/site-packages/pip/_vendor/pkg_resources/__init__.py", line 2869, in scan_list
    raise ValueError(msg, line, "at", line[p:])
ValueError: ('Expected version spec in', 'plone.app.imaging==>=1.0.2', 'at', '==>=1.0.2')

Package search: {'_pypi_ordering': False, 'version': '1.3.10', 'name': 'Products.TinyMCE', 'summary': 'Adds support for TinyMCE, a platform independent web based Javascript HTML WYSIWYG editor, to Plone.'}
Creating standard recipe for products.tinymce-1.3.10
Converting recipe in /home/ubuntu/pypi-conda-builds/products.tinymce
package = Products.TinyMCE
   dependencies = [u'plone.app.imaging >=1.0.2', u'plone.outputfilters', u'plone.namedfile', u'plone.app.layout >=2.3.7', u'plone.caching', u'products.resourceregistries', u'zope.app.content', u'zope.schema >=3.5.4']
Creating standard recipe for plone.app.imaging->=1.0.2
Error: Version >=1.0.2 of plone.app.imaging is not available on PyPI.

conda create -n _pipbuild_ --yes python pip
/home/ubuntu/miniconda/envs/_pipbuild_/bin/pip install plone.app.imaging==>=1.0.2
Error: Could not pip install plone.app.imaging==>=1.0.2
