Error: prefix already exists: /home/ubuntu/miniconda/envs/_pipbuild_
Exception:
Traceback (most recent call last):
  File "/home/ubuntu/miniconda/envs/_pipbuild_/lib/python2.7/site-packages/pip/basecommand.py", line 223, in main
    status = self.run(options, args)
  File "/home/ubuntu/miniconda/envs/_pipbuild_/lib/python2.7/site-packages/pip/commands/install.py", line 268, in run
    wheel_cache
  File "/home/ubuntu/miniconda/envs/_pipbuild_/lib/python2.7/site-packages/pip/basecommand.py", line 268, in populate_requirement_set
    wheel_cache=wheel_cache
  File "/home/ubuntu/miniconda/envs/_pipbuild_/lib/python2.7/site-packages/pip/req/req_install.py", line 207, in from_line
    wheel_cache=wheel_cache)
  File "/home/ubuntu/miniconda/envs/_pipbuild_/lib/python2.7/site-packages/pip/req/req_install.py", line 66, in __init__
    req = pkg_resources.Requirement.parse(req)
  File "/home/ubuntu/miniconda/envs/_pipbuild_/lib/python2.7/site-packages/pip/_vendor/pkg_resources/__init__.py", line 2960, in parse
    reqs = list(parse_requirements(s))
  File "/home/ubuntu/miniconda/envs/_pipbuild_/lib/python2.7/site-packages/pip/_vendor/pkg_resources/__init__.py", line 2904, in parse_requirements
    "version spec")
  File "/home/ubuntu/miniconda/envs/_pipbuild_/lib/python2.7/site-packages/pip/_vendor/pkg_resources/__init__.py", line 2869, in scan_list
    raise ValueError(msg, line, "at", line[p:])
ValueError: ('Expected version spec in', 'products.archetypes==>=1.7.14', 'at', '==>=1.7.14')

Package search: {'_pypi_ordering': False, 'version': '1.5.5', 'name': 'Products.PloneFormGen', 'summary': 'A through-the-web form generator for Plone'}
Creating standard recipe for products.ploneformgen-1.8.0.alpha1
Converting recipe in /home/ubuntu/pypi-conda-builds/products.ploneformgen
package = Products.PloneFormGen
   dependencies = [u'products.archetypes >=1.7.14', u'products.cmfplone >=5.0b2.dev0', u'products.talesfield >=1.1.3', u'products.templatefields >=1.2.4', u'products.pythonfield >=1.1.3']
Creating standard recipe for products.archetypes->=1.7.14
Error: Version >=1.7.14 of products.archetypes is not available on PyPI.

conda create -n _pipbuild_ --yes python pip
/home/ubuntu/miniconda/envs/_pipbuild_/bin/pip install products.archetypes==>=1.7.14
Error: Could not pip install products.archetypes==>=1.7.14
