products.tinymce not found, trying Products.TinyMCE
Warning, the following versions were found for Products.TinyMCE
1.4.3
1.4.2
1.4.1
1.4.0
1.3.10
1.3.9
1.3.8
1.3.7
1.3.6
1.3.5
1.3.4
1.3.3
1.3.2
1.3.1
1.3
1.3b10
1.3b9
1.3b8
1.3b7
1.3b6
1.3b5
1.3b4
1.3b3
1.3b2
1.2.17
1.2.16
1.2.15
1.2.14
1.2.13
1.2.12
1.2.11
1.2.10
1.2.9
1.2.8
1.2.7
1.2.6
1.2.5
1.2.4
1.2.3
1.2.2
1.2.1
1.2.0
1.1.13
1.1.12
1.1.11
1.1.10
1.1.9
1.1.8
1.1.7
1.1.6
1.1.5
1.1.4
1.1.3
1.1.2
1.1.1
1.1
1.1rc13
1.1rc12
1.1rc11
1.1rc10
1.1rc9
1.1rc8
1.1rc7
1.1rc6
1.1rc5
1.1rc4
1.1rc3
1.1rc2
1.1rc1
1.0
1.0rc2
1.0rc1
0.96.3.1.1
0.95.3.1.1
0.94.3.1.0.1
Using 1.4.3
Use --version to specify a different version.
Using url https://pypi.python.org/packages/source/P/Products.TinyMCE/Products.TinyMCE-1.4.3.tar.gz (2.7 MB) for Products.TinyMCE.
Downloading Products.TinyMCE
Unpacking Products.TinyMCE...
done
working in /tmp/tmpcVMurcconda_skeleton_Products.TinyMCE-1.4.3.tar.gz
Fetching package metadata: ......

WARNING: conda-build appears to be out of date. You have version 1.13.0 but the
latest version is 1.14.1. Run

conda update -n root conda-build

to get the latest version.

Solving package specifications: .patching file core.py
Hunk #1 succeeded at 168 with fuzz 2 (offset 2 lines).

WARNING: conda-build appears to be out of date. You have version 1.13.0 but the
latest version is 1.14.1. Run

conda update -n root conda-build

to get the latest version.


The following NEW packages will be INSTALLED:

    numpy:  1.9.2-py27_0
    pyyaml: 3.11-py27_1 
    yaml:   0.1.6-0     

Linking packages ...
[                    ]|                                                  |   0%[yaml                ]|                                                  |   0%[numpy               ]|################                                  |  33%[pyyaml              ]|#################################                 |  66%[      COMPLETE      ]|##################################################| 100%
Applying patch: '/tmp/tmpcVMurcconda_skeleton_Products.TinyMCE-1.4.3.tar.gz/pypi-distutils.patch'
Warning, the following versions were found for plone.app.contenttypes
1.2b2
1.2b1
1.2a9
1.2a8
1.2a7
1.2a6
1.2a5
1.2a4
1.2a3
1.2a2
1.2a1
1.1b5
1.1b4
1.1b3
1.1b2
1.1b1
1.1a1
1.0
1.0rc1
1.0b2
1.0b1
Using 1.2b2
Use --version to specify a different version.
Using url https://pypi.python.org/packages/source/p/plone.app.contenttypes/plone.app.contenttypes-1.2b2.tar.gz (197 KB) for plone.app.contenttypes.
Downloading plone.app.contenttypes
Using cached download
Unpacking plone.app.contenttypes...
done
working in /tmp/tmp1LtQWJconda_skeleton_plone.app.contenttypes-1.2b2.tar.gz
Solving package specifications: .patching file core.py
Hunk #1 succeeded at 168 with fuzz 2 (offset 2 lines).

Applying patch: '/tmp/tmp1LtQWJconda_skeleton_plone.app.contenttypes-1.2b2.tar.gz/pypi-distutils.patch'
WARNING: Could not add entry points. They were:

      # -*- Entry points: -*-
      [z3c.autoinclude.plugin]
      target = plone
      
Error: Could not parse: plone.namedfile [blobs]
