products.genericsetup not found, trying Products.GenericSetup
Warning, the following versions were found for Products.GenericSetup
1.7.5
1.7.4
1.7.3
1.7.2
1.7.1
1.7.0
1.6.9
1.6.8
1.6.7
1.6.6
1.6.5
1.6.4
1.6.3
1.6.2
1.6.1
1.6.0
1.6.0b1
1.5.0
1.5.0b1
1.4.6
1.4.5
1.4.4
1.4.3
1.4.2.2
1.4.1
1.4.0
1.4.0-beta
1.3.4
1.3.3
1.3.2
Using 1.7.5
Use --version to specify a different version.
Using url https://pypi.python.org/packages/source/P/Products.GenericSetup/Products.GenericSetup-1.7.5.zip (203 KB) for Products.GenericSetup.
Downloading Products.GenericSetup
Using cached download
Unpacking Products.GenericSetup...
done
working in /tmp/tmph3DnT_conda_skeleton_Products.GenericSetup-1.7.5.zip
Fetching package metadata: ......

WARNING: conda-build appears to be out of date. You have version 1.13.0 but the
latest version is 1.14.1. Run

conda update -n root conda-build

to get the latest version.

Solving package specifications: .patching file core.py
Hunk #1 succeeded at 168 with fuzz 2 (offset 2 lines).

WARNING: conda-build appears to be out of date. You have version 1.13.0 but the
latest version is 1.14.1. Run

conda update -n root conda-build

to get the latest version.


Applying patch: '/tmp/tmph3DnT_conda_skeleton_Products.GenericSetup-1.7.5.zip/pypi-distutils.patch'
WARNING: Could not add entry points. They were:

      [zope2.initialize]
      Products.GenericSetup = Products.GenericSetup:initialize
      [distutils.commands]
      ftest = zope.testing.testrunner.eggsupport:ftest
      
Warning, the following versions were found for zope.formlib
4.3.0
4.3.0a2
4.3.0a1
4.2.1
4.2.0
4.1.1
4.1.0
4.0.6
4.0.5
4.0.4
4.0.3
4.0.2
4.0.1
4.0
3.10.0
3.9.0
3.8.0
3.7.0
3.6.0
3.5.2
3.5.1
3.5.0
3.4.0
3.4dev-r73110
Using 4.3.0
Use --version to specify a different version.
Using url https://pypi.python.org/packages/source/z/zope.formlib/zope.formlib-4.3.0.tar.gz (155 KB) for zope.formlib.
Downloading zope.formlib
Using cached download
Unpacking zope.formlib...
done
working in /tmp/tmpWVRqkgconda_skeleton_zope.formlib-4.3.0.tar.gz
Solving package specifications: .patching file core.py
Hunk #1 succeeded at 168 with fuzz 2 (offset 2 lines).

WARNING: conda-build appears to be out of date. You have version 1.13.0 but the
latest version is 1.14.1. Run

conda update -n root conda-build

to get the latest version.


Applying patch: '/tmp/tmpWVRqkgconda_skeleton_zope.formlib-4.3.0.tar.gz/pypi-distutils.patch'
Warning, the following versions were found for zope.datetime
4.1.0
4.0.0
3.4.1
3.4.0
3.4dev-r73108
Using 4.1.0
Use --version to specify a different version.
Using url https://pypi.python.org/packages/source/z/zope.datetime/zope.datetime-4.1.0.tar.gz (36 KB) for zope.datetime.
Downloading zope.datetime
Using cached download
Unpacking zope.datetime...
done
working in /tmp/tmpTmt3KCconda_skeleton_zope.datetime-4.1.0.tar.gz
Solving package specifications: .patching file core.py
Hunk #1 succeeded at 168 with fuzz 2 (offset 2 lines).

WARNING: conda-build appears to be out of date. You have version 1.13.0 but the
latest version is 1.14.1. Run

conda update -n root conda-build

to get the latest version.


Applying patch: '/tmp/tmpTmt3KCconda_skeleton_zope.datetime-4.1.0.tar.gz/pypi-distutils.patch'
Warning, the following versions were found for zope.traversing
4.0.0
4.0.0a3
4.0.0a2
4.0.0a1
3.14.0
3.13.2
3.13.1
3.13
3.12.1
3.12.0
3.11.0
3.10.0
3.9.0
3.8.0
3.7.2
3.7.1
3.7.0
3.6.0
3.5.4
3.5.3
3.5.2
3.5.1
3.5.0
3.5.0a4
3.5.0a3
3.5.0a2
3.4.1
3.4.0
3.4dev-r72940
Using 4.0.0
Use --version to specify a different version.
Using url https://pypi.python.org/packages/source/z/zope.traversing/zope.traversing-4.0.0.zip (57 KB) for zope.traversing.
Downloading zope.traversing
Using cached download
Unpacking zope.traversing...
done
working in /tmp/tmpqMMK7Oconda_skeleton_zope.traversing-4.0.0.zip
Solving package specifications: .patching file core.py
Hunk #1 succeeded at 168 with fuzz 2 (offset 2 lines).

WARNING: conda-build appears to be out of date. You have version 1.13.0 but the
latest version is 1.14.1. Run

conda update -n root conda-build

to get the latest version.


Applying patch: '/tmp/tmpqMMK7Oconda_skeleton_zope.traversing-4.0.0.zip/pypi-distutils.patch'
Warning, the following versions were found for zope.testrunner
4.4.9
4.4.8
4.4.7
4.4.6
4.4.5
4.4.4
4.4.3
4.4.2
4.4.1
4.4.0
4.3.3
4.3.2
4.3.1
4.3.0
4.2.0
4.1.1
4.1.0
4.0.4
4.0.3
4.0.2
4.0.1
4.0.0
4.0.0b5
4.0.0b4
4.0.0b3
4.0.0b2
4.0.0b1
Using 4.4.9
Use --version to specify a different version.
Using url https://pypi.python.org/packages/source/z/zope.testrunner/zope.testrunner-4.4.9.zip (258 KB) for zope.testrunner.
Downloading zope.testrunner
Using cached download
Unpacking zope.testrunner...
done
working in /tmp/tmpUggd1uconda_skeleton_zope.testrunner-4.4.9.zip
Solving package specifications: .patching file core.py
Hunk #1 succeeded at 168 with fuzz 2 (offset 2 lines).

Applying patch: '/tmp/tmpUggd1uconda_skeleton_zope.testrunner-4.4.9.zip/pypi-distutils.patch'
Error: Could not find any versions of package zope.security[zcml]
