Error: prefix already exists: /home/ubuntu/miniconda/envs/_pipbuild_
Collecting progressbar==2.3
  Downloading http://localhost/packages/source/p/progressbar/progressbar-2.3.tar.gz
setuptools must be installed to install from a source distribution
Package search: {'_pypi_ordering': False, 'version': '2.3', 'name': 'progressbar', 'summary': 'Text progress bar library for Python.'}
Creating standard recipe for progressbar-2.3
Using url https://pypi.python.org/packages/source/p/progressbar/progressbar-2.3.tar.gz (9 KB) for progressbar.
Downloading progressbar
Using cached download
Unpacking progressbar...
done
working in /tmp/tmpW4us1sconda_skeleton_progressbar-2.3.tar.gz
Fetching package metadata: ......

WARNING: conda-build appears to be out of date. You have version 1.13.0 but the
latest version is 1.14.0. Run

conda update -n root conda-build

to get the latest version.

Solving package specifications: .patching file core.py
Hunk #1 succeeded at 168 with fuzz 2 (offset 2 lines).
Traceback (most recent call last):
  File "setup.py", line 4, in <module>
    from setuptools import setup, find_packages
ImportError: No module named setuptools

Applying patch: '/tmp/tmpW4us1sconda_skeleton_progressbar-2.3.tar.gz/pypi-distutils.patch'
$PYTHONPATH = /tmp/tmpW4us1sconda_skeleton_progressbar-2.3.tar.gz/progressbar-2.3
Error: command failed: /home/ubuntu/miniconda/envs/_build/bin/python setup.py install

conda create -n _pipbuild_ --yes python pip
/home/ubuntu/miniconda/envs/_pipbuild_/bin/pip install progressbar==2.3
Error: Could not pip install progressbar==2.3
