Removing old build directory
Removing old work directory
BUILD START: pygments-2.0.2-py27_0
Fetching package metadata: ......

WARNING: conda-build appears to be out of date. You have version 1.13.0 but the
latest version is 1.14.0. Run

conda update -n root conda-build

to get the latest version.

Solving package specifications: .+ pip install pygments
Collecting pygments
  Downloading http://localhost/packages/2.7/P/Pygments/Pygments-2.0.2-py2-none-any.whl (672kB)
Installing collected packages: pygments
Successfully installed pygments-2.0.2

The following NEW packages will be INSTALLED:

    openssl:    1.0.1k-1     
    pip:        7.0.3-py27_0 
    python:     2.7.10-0     
    readline:   6.2-2        
    setuptools: 18.0.1-py27_0
    sqlite:     3.8.4.1-1    
    system:     5.8-2        
    tk:         8.5.18-0     
    zlib:       1.2.8-0      

Linking packages ...
[                    ]|                                                  |   0%[openssl             ]|                                                  |   0%[readline            ]|#####                                             |  11%[sqlite              ]|###########                                       |  22%[system              ]|################                                  |  33%[tk                  ]|######################                            |  44%[zlib                ]|###########################                       |  55%[python              ]|#################################                 |  66%[setuptools          ]|######################################            |  77%[pip                 ]|############################################      |  88%[      COMPLETE      ]|##################################################| 100%
Removing old work directory
Copying /home/ubuntu/pypi-conda-builds/pygments to /home/ubuntu/miniconda/conda-bld/work
Package: pygments-2.0.2-py27_0
source tree in: /home/ubuntu/miniconda/conda-bld/work
number of files: 324
Fixing permissions
Detected hard-coded path in text file bin/pygmentize
Detected hard-coded path in text file lib/python2.7/site-packages/Pygments-2.0.2.dist-info/RECORD
Fixing permissions
BUILD END: pygments-2.0.2-py27_0
# If you want to upload this package to binstar.org later, type:
#
# $ binstar upload /home/ubuntu/miniconda/conda-bld/linux-64/pygments-2.0.2-py27_0.tar.bz2
#
# To have conda build upload to binstar automatically, use
# $ conda config --set binstar_upload yes

Error: prefix already exists: /home/ubuntu/miniconda/envs/_pipbuild_
Exception:
Traceback (most recent call last):
  File "/home/ubuntu/miniconda/envs/_pipbuild_/lib/python2.7/site-packages/pip/basecommand.py", line 223, in main
    status = self.run(options, args)
  File "/home/ubuntu/miniconda/envs/_pipbuild_/lib/python2.7/site-packages/pip/commands/install.py", line 268, in run
    wheel_cache
  File "/home/ubuntu/miniconda/envs/_pipbuild_/lib/python2.7/site-packages/pip/basecommand.py", line 268, in populate_requirement_set
    wheel_cache=wheel_cache
  File "/home/ubuntu/miniconda/envs/_pipbuild_/lib/python2.7/site-packages/pip/req/req_install.py", line 207, in from_line
    wheel_cache=wheel_cache)
  File "/home/ubuntu/miniconda/envs/_pipbuild_/lib/python2.7/site-packages/pip/req/req_install.py", line 66, in __init__
    req = pkg_resources.Requirement.parse(req)
  File "/home/ubuntu/miniconda/envs/_pipbuild_/lib/python2.7/site-packages/pip/_vendor/pkg_resources/__init__.py", line 2960, in parse
    reqs = list(parse_requirements(s))
  File "/home/ubuntu/miniconda/envs/_pipbuild_/lib/python2.7/site-packages/pip/_vendor/pkg_resources/__init__.py", line 2904, in parse_requirements
    "version spec")
  File "/home/ubuntu/miniconda/envs/_pipbuild_/lib/python2.7/site-packages/pip/_vendor/pkg_resources/__init__.py", line 2869, in scan_list
    raise ValueError(msg, line, "at", line[p:])
ValueError: ('Expected version spec in', 'six==>=1.9.0', 'at', '==>=1.9.0')

Package search: {'_pypi_ordering': False, 'version': '0.42', 'name': 'prompt_toolkit', 'summary': 'Library for building powerful interactive command lines in Python'}
Creating standard recipe for prompt_toolkit-0.42
Converting recipe in /home/ubuntu/pypi-conda-builds/prompt_toolkit
package = prompt_toolkit
   dependencies = [u'pygments', u'six >=1.9.0', u'wcwidth']
Creating standard recipe for pygments
Converting recipe in /home/ubuntu/pypi-conda-builds/pygments
package = pygments
   dependencies = []
Building conda package for pygments
Creating standard recipe for six->=1.9.0
Error: Version >=1.9.0 of six is not available on PyPI.

conda create -n _pipbuild_ --yes python pip
/home/ubuntu/miniconda/envs/_pipbuild_/bin/pip install six==>=1.9.0
Error: Could not pip install six==>=1.9.0
