Warning, the following versions were found for pudb
2015.3
2015.2
2015.1
2014.1
2013.5.1
2013.5
2013.4
2013.3.6
2013.3.5
2013.3.4
2013.3.3
2013.3.2
2013.3.1
2013.3
2013.2
2013.1
2012.3
2012.2.1
2012.2
2012.1
2011.3.1
2011.3
2011.2
2011.1
0.93.1
0.93
0.92.15
0.92.14
0.92.13
0.92.12
0.92.11
0.92.10
0.92.9
0.92.8
0.92.7
0.92.6
0.92.5
0.92.4
0.92.3
0.92.2
0.92.1
0.92
0.91.5
0.91.4
0.91.3
0.91.2
0.91.1
0.91
0.90.6
0.90.5
0.90.4
0.90.3
0.90.2
0.90.1
0.90
Using 2015.3
Use --version to specify a different version.
Using url https://pypi.python.org/packages/source/p/pudb/pudb-2015.3.tar.gz (46 KB) for pudb.
Downloading pudb
Using cached download
Unpacking pudb...
done
working in /tmp/tmp4fRve3conda_skeleton_pudb-2015.3.tar.gz
Fetching package metadata: ......

WARNING: conda-build appears to be out of date. You have version 1.13.0 but the
latest version is 1.14.1. Run

conda update -n root conda-build

to get the latest version.

Solving package specifications: .patching file core.py
Hunk #1 succeeded at 168 with fuzz 2 (offset 2 lines).

The following NEW packages will be INSTALLED:

    numpy:      1.9.2-py27_0 
    openssl:    1.0.1k-1     
    pip:        7.0.3-py27_0 
    python:     2.7.10-0     
    pyyaml:     3.11-py27_1  
    readline:   6.2-2        
    setuptools: 18.0.1-py27_0
    sqlite:     3.8.4.1-1    
    system:     5.8-2        
    tk:         8.5.18-0     
    yaml:       0.1.6-0      
    zlib:       1.2.8-0      

Linking packages ...
[                    ]|                                                  |   0%[openssl             ]|                                                  |   0%[readline            ]|####                                              |   8%[sqlite              ]|########                                          |  16%[system              ]|############                                      |  25%[tk                  ]|################                                  |  33%[yaml                ]|####################                              |  41%[zlib                ]|#########################                         |  50%[numpy               ]|#############################                     |  58%[python              ]|#################################                 |  66%[pyyaml              ]|#####################################             |  75%[setuptools          ]|#########################################         |  83%[pip                 ]|#############################################     |  91%[      COMPLETE      ]|##################################################| 100%
Applying patch: '/tmp/tmp4fRve3conda_skeleton_pudb-2015.3.tar.gz/pypi-distutils.patch'
Writing recipe for pudb
Done
