Warning, the following versions were found for puke
1.5.22
1.5.21
1.5.20
1.5.19
1.5.18
1.5.16
1.5.15
1.5.14
1.5.13
1.5.12
1.5.11
1.5.10
1.5.9
1.5.8
1.5.7
1.5.6
1.5.5
1.5.4
1.5.3
1.5.2
1.5.1
1.5.0
1.4.8
1.4.7
1.4.6
1.4.5
1.4.4
1.4.3
1.4.2
1.4.1
1.4
1.3.9
1.3.8
1.3.7
1.3.6
1.3.5
1.3.4
1.3.3
1.3.2
1.3.1
1.3
1.2.1b8
1.2.1b7
1.2.1b6
1.2.1b5
1.2.1b4
1.2.1b3
1.2.1b2
1.2.1b1
1.2
1.1.16
1.1.15
1.1.14
1.1.13
1.1.12
1.1.11
1.1.10
1.1.9
1.1.8
1.1.7
1.1.6
1.1.5
1.1.4
1.1.3
1.1.2
1.1.1
1.1.0
1.0.17
1.0.16
1.0.15
1.0.14
1.0.13
1.0.12
1.0.11
1.0.10
1.0.9
1.0.8
1.0.7
1.0.6
1.0.5
1.0.4
1.0.3
1.0.2
1.0.1
1.0
0.9
0.8
0.7
0.6
0.5
0.4
0.3
0.2
0.1
0.1.beta
Using 1.5.22
Use --version to specify a different version.
Using url https://pypi.python.org/packages/source/p/puke/puke-1.5.22.tar.gz (7.3 MB) for puke.
Downloading puke
Using cached download
Unpacking puke...
done
working in /tmp/tmpnYYfWpconda_skeleton_puke-1.5.22.tar.gz
Fetching package metadata: ......

WARNING: conda-build appears to be out of date. You have version 1.13.0 but the
latest version is 1.14.1. Run

conda update -n root conda-build

to get the latest version.

Solving package specifications: .patching file core.py
Hunk #1 succeeded at 168 with fuzz 2 (offset 2 lines).

The following NEW packages will be INSTALLED:

    numpy:  1.9.2-py27_0
    pyyaml: 3.11-py27_1 
    yaml:   0.1.6-0     

Linking packages ...
[                    ]|                                                  |   0%[yaml                ]|                                                  |   0%[numpy               ]|################                                  |  33%[pyyaml              ]|#################################                 |  66%[      COMPLETE      ]|##################################################| 100%
Applying patch: '/tmp/tmpnYYfWpconda_skeleton_puke-1.5.22.tar.gz/pypi-distutils.patch'
Error: Could not find any versions of package closure_linter
