Error: prefix already exists: /home/ubuntu/miniconda/envs/_pipbuild_
Collecting pyaml==15.6.3
  Could not find a version that satisfies the requirement pyaml==15.6.3 (from versions: 12.12.3, 12.12.4, 12.12.5, 13.1.0, 13.5.2, 13.7.0, 13.7.1, 13.12.0, 14.4.2, 14.4.3, 14.5.2, 14.5.3, 14.5.5, 14.5.6, 14.5.7, 14.11.2, 14.11.3, 14.12.10, 15.2.0, 15.2.1, 15.3.0, 15.3.1, 15.4.0, 15.5.0, 15.5.1, 15.5.2)
No matching distribution found for pyaml==15.6.3
Package search: {'_pypi_ordering': False, 'version': '15.6.3', 'name': 'pyaml', 'summary': 'PyYAML-based module to produce pretty and readable YAML-serialized data'}
Creating standard recipe for pyaml-15.6.3
Using url https://pypi.python.org/packages/source/p/pyaml/pyaml-15.6.3.tar.gz (14 KB) for pyaml.
Downloading pyaml
Unpacking pyaml...
done
working in /tmp/tmpacAXKBconda_skeleton_pyaml-15.6.3.tar.gz
Fetching package metadata: ......

WARNING: conda-build appears to be out of date. You have version 1.13.0 but the
latest version is 1.14.0. Run

conda update -n root conda-build

to get the latest version.

Solving package specifications: .patching file core.py
Hunk #1 succeeded at 168 with fuzz 2 (offset 2 lines).
Traceback (most recent call last):
  File "setup.py", line 3, in <module>
    from setuptools import setup, find_packages
ImportError: No module named setuptools

Applying patch: '/tmp/tmpacAXKBconda_skeleton_pyaml-15.6.3.tar.gz/pypi-distutils.patch'
$PYTHONPATH = /tmp/tmpacAXKBconda_skeleton_pyaml-15.6.3.tar.gz/pyaml-15.6.3
Error: command failed: /home/ubuntu/miniconda/envs/_build/bin/python setup.py install

conda create -n _pipbuild_ --yes python pip
/home/ubuntu/miniconda/envs/_pipbuild_/bin/pip install pyaml==15.6.3
Error: Could not pip install pyaml==15.6.3
