pyamf not found, trying PyAMF
Warning, the following versions were found for PyAMF
0.7.2
0.7.1
0.7.0
0.6.1.1
0.6.1
0.6
0.6b2
0.5.1
0.5
0.4.2
Using 0.7.2
Use --version to specify a different version.
Using url https://pypi.python.org/packages/source/P/PyAMF/PyAMF-0.7.2.tar.gz (1.6 MB) for PyAMF.
Downloading PyAMF
Using cached download
Unpacking PyAMF...
done
working in /tmp/tmp21ncOzconda_skeleton_PyAMF-0.7.2.tar.gz
Fetching package metadata: ......

WARNING: conda-build appears to be out of date. You have version 1.13.0 but the
latest version is 1.14.1. Run

conda update -n root conda-build

to get the latest version.

Solving package specifications: .patching file core.py
Hunk #1 succeeded at 168 with fuzz 2 (offset 2 lines).

WARNING: conda-build appears to be out of date. You have version 1.13.0 but the
latest version is 1.14.1. Run

conda update -n root conda-build

to get the latest version.


Applying patch: '/tmp/tmp21ncOzconda_skeleton_PyAMF-0.7.2.tar.gz/pypi-distutils.patch'
twisted not found, trying Twisted
Warning, the following versions were found for Twisted
15.2.1
15.2.0
15.1.0
15.0.0
14.0.2
14.0.1
14.0.0
13.2.0
13.1.0
13.0.0
12.3.0
12.2.0
12.1.0
12.0.0
11.1.0
11.0.0
10.2.0
10.1.0
10.0.0
9.0.0
8.2.0
8.1.0
8.0.1
8.0.0
2.5.0
2.4.0
2.1.0
1.2.0
1.1.1
1.1.0
1.0.7
1.0.6
1.0.5
1.0.4
1.0.3
1.0.1
Using 15.2.1
Use --version to specify a different version.
Using url https://pypi.python.org/packages/source/T/Twisted/Twisted-15.2.1.tar.bz2 (4.4 MB) for Twisted.
Downloading Twisted
Using cached download
Unpacking Twisted...
done
working in /tmp/tmp03hbAjconda_skeleton_Twisted-15.2.1.tar.bz2
Solving package specifications: .patching file core.py
Hunk #1 succeeded at 168 with fuzz 2 (offset 2 lines).

WARNING: conda-build appears to be out of date. You have version 1.13.0 but the
latest version is 1.14.1. Run

conda update -n root conda-build

to get the latest version.


Applying patch: '/tmp/tmp03hbAjconda_skeleton_Twisted-15.2.1.tar.bz2/pypi-distutils.patch'
soappy not found, trying SOAPpy
Warning, the following versions were found for SOAPpy
0.12.22
0.12.21
0.12.20
0.12.18
0.12.6
0.12.5
0.12.4
0.12.3
0.12.1
Using 0.12.22
Use --version to specify a different version.
Using url https://pypi.python.org/packages/source/S/SOAPpy/SOAPpy-0.12.22.zip (169 KB) for SOAPpy.
Downloading SOAPpy
Using cached download
Unpacking SOAPpy...
done
working in /tmp/tmpMdXg3fconda_skeleton_SOAPpy-0.12.22.zip
Solving package specifications: .patching file core.py
Hunk #1 succeeded at 168 with fuzz 2 (offset 2 lines).

WARNING: conda-build appears to be out of date. You have version 1.13.0 but the
latest version is 1.14.1. Run

conda update -n root conda-build

to get the latest version.


Applying patch: '/tmp/tmpMdXg3fconda_skeleton_SOAPpy-0.12.22.zip/pypi-distutils.patch'
Warning, the following versions were found for wstools
0.4.3
0.4.2
0.4.1
0.4
0.3
0.2
0.1
Using 0.4.3
Use --version to specify a different version.
Using url https://pypi.python.org/packages/source/w/wstools/wstools-0.4.3.tar.gz (145 KB) for wstools.
Downloading wstools
Using cached download
Unpacking wstools...
done
working in /tmp/tmpRcRDwpconda_skeleton_wstools-0.4.3.tar.gz
Solving package specifications: .patching file core.py
Hunk #1 succeeded at 168 with fuzz 2 (offset 2 lines).

WARNING: conda-build appears to be out of date. You have version 1.13.0 but the
latest version is 1.14.1. Run

conda update -n root conda-build

to get the latest version.


Applying patch: '/tmp/tmpRcRDwpconda_skeleton_wstools-0.4.3.tar.gz/pypi-distutils.patch'
soappy not found, trying SOAPpy
Warning, the following versions were found for SOAPpy
0.12.22
0.12.21
0.12.20
0.12.18
0.12.6
0.12.5
0.12.4
0.12.3
0.12.1
Using 0.12.22
Use --version to specify a different version.
Using url https://pypi.python.org/packages/source/S/SOAPpy/SOAPpy-0.12.22.zip (169 KB) for SOAPpy.
Downloading SOAPpy
Using cached download
Unpacking SOAPpy...
done
working in /tmp/tmpPbdFMHconda_skeleton_SOAPpy-0.12.22.zip
Solving package specifications: .patching file core.py
Hunk #1 succeeded at 168 with fuzz 2 (offset 2 lines).

WARNING: conda-build appears to be out of date. You have version 1.13.0 but the
latest version is 1.14.1. Run

conda update -n root conda-build

to get the latest version.


Applying patch: '/tmp/tmpPbdFMHconda_skeleton_SOAPpy-0.12.22.zip/pypi-distutils.patch'
Warning, the following versions were found for gmpy
1.17
1.16
1.15
1.14
1.11rc1
1.02
Using 1.17
Use --version to specify a different version.
Using url https://pypi.python.org/packages/source/g/gmpy/gmpy-1.17.zip (144 KB) for gmpy.
Downloading gmpy
Using cached download
Unpacking gmpy...
done
working in /tmp/tmp1rrL53conda_skeleton_gmpy-1.17.zip
Solving package specifications: .patching file core.py
Hunk #1 succeeded at 168 with fuzz 2 (offset 2 lines).

WARNING: conda-build appears to be out of date. You have version 1.13.0 but the
latest version is 1.14.1. Run

conda update -n root conda-build

to get the latest version.


Applying patch: '/tmp/tmp1rrL53conda_skeleton_gmpy-1.17.zip/pypi-distutils.patch'
Warning, the following versions were found for idna
2.0
1.1
1.0
0.9
0.8
0.7
0.6
0.5
0.4
0.3
0.2
0.1
Using 2.0
Use --version to specify a different version.
Using url https://pypi.python.org/packages/source/i/idna/idna-2.0.tar.gz (132 KB) for idna.
Downloading idna
Using cached download
Unpacking idna...
done
working in /tmp/tmpKgYjToconda_skeleton_idna-2.0.tar.gz
Solving package specifications: .patching file core.py
Hunk #1 succeeded at 168 with fuzz 2 (offset 2 lines).

WARNING: conda-build appears to be out of date. You have version 1.13.0 but the
latest version is 1.14.1. Run

conda update -n root conda-build

to get the latest version.


Applying patch: '/tmp/tmpKgYjToconda_skeleton_idna-2.0.tar.gz/pypi-distutils.patch'
Using url https://pypi.python.org/packages/source/p/pypiwin32/pypiwin32-219.zip (4.6 MB) for pypiwin32.
Downloading pypiwin32
Using cached download
Unpacking pypiwin32...
done
working in /tmp/tmpnqbcyRconda_skeleton_pypiwin32-219.zip
Solving package specifications: .patching file core.py
Hunk #1 succeeded at 168 with fuzz 2 (offset 2 lines).
Traceback (most recent call last):
  File "setup.py", line 83, in <module>
    import _winreg
ImportError: No module named _winreg

Applying patch: '/tmp/tmpnqbcyRconda_skeleton_pypiwin32-219.zip/pypi-distutils.patch'
$PYTHONPATH = /tmp/tmpnqbcyRconda_skeleton_pypiwin32-219.zip/pypiwin32-219
Error: command failed: /home/ubuntu/miniconda/envs/_build/bin/python setup.py install
