Removing old build directory
Removing old work directory
BUILD START: pyamf-0.7.2-py_0
Fetching package metadata: ......

WARNING: conda-build appears to be out of date. You have version 1.13.0 but the
latest version is 1.14.1. Run

conda update -n root conda-build

to get the latest version.

Solving package specifications: .+ pip install PyAMF
Collecting PyAMF
  Downloading http://localhost/packages/source/P/PyAMF/PyAMF-0.7.2.tar.gz (1.6MB)
Installing collected packages: PyAMF
  Running setup.py install for PyAMF
Successfully installed PyAMF-0.7.2

The following NEW packages will be INSTALLED:

    openssl:    1.0.1k-1     
    pip:        7.0.3-py27_0 
    python:     2.7.10-0     
    readline:   6.2-2        
    setuptools: 18.0.1-py27_0
    sqlite:     3.8.4.1-1    
    system:     5.8-2        
    tk:         8.5.18-0     
    zlib:       1.2.8-0      

Linking packages ...
[                    ]|                                                  |   0%[openssl             ]|                                                  |   0%[readline            ]|#####                                             |  11%[sqlite              ]|###########                                       |  22%[system              ]|################                                  |  33%[tk                  ]|######################                            |  44%[zlib                ]|###########################                       |  55%[python              ]|#################################                 |  66%[setuptools          ]|######################################            |  77%[pip                 ]|############################################      |  88%[      COMPLETE      ]|##################################################| 100%
Removing old work directory
Copying /home/ubuntu/pypi-conda-builds/pyamf to /home/ubuntu/miniconda/conda-bld/work
Package: pyamf-0.7.2-py_0
source tree in: /home/ubuntu/miniconda/conda-bld/work
number of files: 204
Fixing permissions
patchelf: file: /home/ubuntu/miniconda/envs/_build/lib/python2.7/site-packages/cpyamf/amf0.so
    setting rpath to: $ORIGIN/../../..
patchelf: file: /home/ubuntu/miniconda/envs/_build/lib/python2.7/site-packages/cpyamf/amf3.so
    setting rpath to: $ORIGIN/../../..
patchelf: file: /home/ubuntu/miniconda/envs/_build/lib/python2.7/site-packages/cpyamf/codec.so
    setting rpath to: $ORIGIN/../../..
patchelf: file: /home/ubuntu/miniconda/envs/_build/lib/python2.7/site-packages/cpyamf/util.so
    setting rpath to: $ORIGIN/../../..
[noarch_python] Error: Shared object file found: lib/python2.7/site-packages/cpyamf/amf0.so
Package search: {'_pypi_ordering': False, 'version': '0.7.2', 'name': 'PyAMF', 'summary': 'AMF support for Python'}
Creating standard recipe for pyamf-0.7.2
Converting recipe in /home/ubuntu/pypi-conda-builds/pyamf
package = PyAMF
   dependencies = []
Building conda package for pyamf
