Removing old build directory
Removing old work directory
BUILD START: pycadf-1.0.0-py27_0
Fetching package metadata: ......

WARNING: conda-build appears to be out of date. You have version 1.13.0 but the
latest version is 1.14.1. Run

conda update -n root conda-build

to get the latest version.

Solving package specifications: .+ /home/ubuntu/miniconda/envs/_build/bin/python setup.py install

Installed /home/ubuntu/miniconda/conda-bld/work/pycadf-1.0.0/.eggs/pbr-1.2.0-py2.7.egg
running install
running build
running build_py
creating build
creating build/lib
creating build/lib/pycadf
creating build/lib/pycadf/helper
copying pycadf/helper/api.py -> build/lib/pycadf/helper
copying pycadf/helper/__init__.py -> build/lib/pycadf/helper
creating build/lib/pycadf/tests
copying pycadf/tests/test_cadf_spec.py -> build/lib/pycadf/tests
copying pycadf/tests/__init__.py -> build/lib/pycadf/tests
copying pycadf/tests/test_utils.py -> build/lib/pycadf/tests
copying pycadf/tests/base.py -> build/lib/pycadf/tests
copying pycadf/event.py -> build/lib/pycadf
copying pycadf/_i18n.py -> build/lib/pycadf
copying pycadf/tag.py -> build/lib/pycadf
copying pycadf/utils.py -> build/lib/pycadf
copying pycadf/geolocation.py -> build/lib/pycadf
copying pycadf/host.py -> build/lib/pycadf
copying pycadf/resource.py -> build/lib/pycadf
copying pycadf/path.py -> build/lib/pycadf
copying pycadf/credential.py -> build/lib/pycadf
copying pycadf/endpoint.py -> build/lib/pycadf
copying pycadf/cadftype.py -> build/lib/pycadf
copying pycadf/reporterstep.py -> build/lib/pycadf
copying pycadf/identifier.py -> build/lib/pycadf
copying pycadf/cadftaxonomy.py -> build/lib/pycadf
copying pycadf/attachment.py -> build/lib/pycadf
copying pycadf/measurement.py -> build/lib/pycadf
copying pycadf/timestamp.py -> build/lib/pycadf
copying pycadf/__init__.py -> build/lib/pycadf
copying pycadf/eventfactory.py -> build/lib/pycadf
copying pycadf/metric.py -> build/lib/pycadf
copying pycadf/reason.py -> build/lib/pycadf
creating build/lib/pycadf/tests/helper
copying pycadf/tests/helper/test_api.py -> build/lib/pycadf/tests/helper
copying pycadf/tests/helper/__init__.py -> build/lib/pycadf/tests/helper
running egg_info
writing requirements to pycadf.egg-info/requires.txt
writing pycadf.egg-info/PKG-INFO
writing top-level names to pycadf.egg-info/top_level.txt
writing dependency_links to pycadf.egg-info/dependency_links.txt
[pbr] Reusing existing SOURCES.txt
running install_lib
creating /home/ubuntu/miniconda/envs/_build/lib/python2.7/site-packages/pycadf
copying build/lib/pycadf/event.py -> /home/ubuntu/miniconda/envs/_build/lib/python2.7/site-packages/pycadf
copying build/lib/pycadf/_i18n.py -> /home/ubuntu/miniconda/envs/_build/lib/python2.7/site-packages/pycadf
copying build/lib/pycadf/tag.py -> /home/ubuntu/miniconda/envs/_build/lib/python2.7/site-packages/pycadf
creating /home/ubuntu/miniconda/envs/_build/lib/python2.7/site-packages/pycadf/helper
copying build/lib/pycadf/helper/api.py -> /home/ubuntu/miniconda/envs/_build/lib/python2.7/site-packages/pycadf/helper
copying build/lib/pycadf/helper/__init__.py -> /home/ubuntu/miniconda/envs/_build/lib/python2.7/site-packages/pycadf/helper
copying build/lib/pycadf/utils.py -> /home/ubuntu/miniconda/envs/_build/lib/python2.7/site-packages/pycadf
copying build/lib/pycadf/geolocation.py -> /home/ubuntu/miniconda/envs/_build/lib/python2.7/site-packages/pycadf
copying build/lib/pycadf/host.py -> /home/ubuntu/miniconda/envs/_build/lib/python2.7/site-packages/pycadf
copying build/lib/pycadf/resource.py -> /home/ubuntu/miniconda/envs/_build/lib/python2.7/site-packages/pycadf
copying build/lib/pycadf/path.py -> /home/ubuntu/miniconda/envs/_build/lib/python2.7/site-packages/pycadf
copying build/lib/pycadf/credential.py -> /home/ubuntu/miniconda/envs/_build/lib/python2.7/site-packages/pycadf
copying build/lib/pycadf/endpoint.py -> /home/ubuntu/miniconda/envs/_build/lib/python2.7/site-packages/pycadf
copying build/lib/pycadf/cadftype.py -> /home/ubuntu/miniconda/envs/_build/lib/python2.7/site-packages/pycadf
copying build/lib/pycadf/reporterstep.py -> /home/ubuntu/miniconda/envs/_build/lib/python2.7/site-packages/pycadf
copying build/lib/pycadf/identifier.py -> /home/ubuntu/miniconda/envs/_build/lib/python2.7/site-packages/pycadf
copying build/lib/pycadf/cadftaxonomy.py -> /home/ubuntu/miniconda/envs/_build/lib/python2.7/site-packages/pycadf
copying build/lib/pycadf/attachment.py -> /home/ubuntu/miniconda/envs/_build/lib/python2.7/site-packages/pycadf
creating /home/ubuntu/miniconda/envs/_build/lib/python2.7/site-packages/pycadf/tests
creating /home/ubuntu/miniconda/envs/_build/lib/python2.7/site-packages/pycadf/tests/helper
copying build/lib/pycadf/tests/helper/test_api.py -> /home/ubuntu/miniconda/envs/_build/lib/python2.7/site-packages/pycadf/tests/helper
copying build/lib/pycadf/tests/helper/__init__.py -> /home/ubuntu/miniconda/envs/_build/lib/python2.7/site-packages/pycadf/tests/helper
copying build/lib/pycadf/tests/test_cadf_spec.py -> /home/ubuntu/miniconda/envs/_build/lib/python2.7/site-packages/pycadf/tests
copying build/lib/pycadf/tests/__init__.py -> /home/ubuntu/miniconda/envs/_build/lib/python2.7/site-packages/pycadf/tests
copying build/lib/pycadf/tests/test_utils.py -> /home/ubuntu/miniconda/envs/_build/lib/python2.7/site-packages/pycadf/tests
copying build/lib/pycadf/tests/base.py -> /home/ubuntu/miniconda/envs/_build/lib/python2.7/site-packages/pycadf/tests
copying build/lib/pycadf/measurement.py -> /home/ubuntu/miniconda/envs/_build/lib/python2.7/site-packages/pycadf
copying build/lib/pycadf/timestamp.py -> /home/ubuntu/miniconda/envs/_build/lib/python2.7/site-packages/pycadf
copying build/lib/pycadf/__init__.py -> /home/ubuntu/miniconda/envs/_build/lib/python2.7/site-packages/pycadf
copying build/lib/pycadf/eventfactory.py -> /home/ubuntu/miniconda/envs/_build/lib/python2.7/site-packages/pycadf
copying build/lib/pycadf/metric.py -> /home/ubuntu/miniconda/envs/_build/lib/python2.7/site-packages/pycadf
copying build/lib/pycadf/reason.py -> /home/ubuntu/miniconda/envs/_build/lib/python2.7/site-packages/pycadf
byte-compiling /home/ubuntu/miniconda/envs/_build/lib/python2.7/site-packages/pycadf/event.py to event.pyc
byte-compiling /home/ubuntu/miniconda/envs/_build/lib/python2.7/site-packages/pycadf/_i18n.py to _i18n.pyc
byte-compiling /home/ubuntu/miniconda/envs/_build/lib/python2.7/site-packages/pycadf/tag.py to tag.pyc
byte-compiling /home/ubuntu/miniconda/envs/_build/lib/python2.7/site-packages/pycadf/helper/api.py to api.pyc
byte-compiling /home/ubuntu/miniconda/envs/_build/lib/python2.7/site-packages/pycadf/helper/__init__.py to __init__.pyc
byte-compiling /home/ubuntu/miniconda/envs/_build/lib/python2.7/site-packages/pycadf/utils.py to utils.pyc
byte-compiling /home/ubuntu/miniconda/envs/_build/lib/python2.7/site-packages/pycadf/geolocation.py to geolocation.pyc
byte-compiling /home/ubuntu/miniconda/envs/_build/lib/python2.7/site-packages/pycadf/host.py to host.pyc
byte-compiling /home/ubuntu/miniconda/envs/_build/lib/python2.7/site-packages/pycadf/resource.py to resource.pyc
byte-compiling /home/ubuntu/miniconda/envs/_build/lib/python2.7/site-packages/pycadf/path.py to path.pyc
byte-compiling /home/ubuntu/miniconda/envs/_build/lib/python2.7/site-packages/pycadf/credential.py to credential.pyc
byte-compiling /home/ubuntu/miniconda/envs/_build/lib/python2.7/site-packages/pycadf/endpoint.py to endpoint.pyc
byte-compiling /home/ubuntu/miniconda/envs/_build/lib/python2.7/site-packages/pycadf/cadftype.py to cadftype.pyc
byte-compiling /home/ubuntu/miniconda/envs/_build/lib/python2.7/site-packages/pycadf/reporterstep.py to reporterstep.pyc
byte-compiling /home/ubuntu/miniconda/envs/_build/lib/python2.7/site-packages/pycadf/identifier.py to identifier.pyc
byte-compiling /home/ubuntu/miniconda/envs/_build/lib/python2.7/site-packages/pycadf/cadftaxonomy.py to cadftaxonomy.pyc
byte-compiling /home/ubuntu/miniconda/envs/_build/lib/python2.7/site-packages/pycadf/attachment.py to attachment.pyc
byte-compiling /home/ubuntu/miniconda/envs/_build/lib/python2.7/site-packages/pycadf/tests/helper/test_api.py to test_api.pyc
byte-compiling /home/ubuntu/miniconda/envs/_build/lib/python2.7/site-packages/pycadf/tests/helper/__init__.py to __init__.pyc
byte-compiling /home/ubuntu/miniconda/envs/_build/lib/python2.7/site-packages/pycadf/tests/test_cadf_spec.py to test_cadf_spec.pyc
byte-compiling /home/ubuntu/miniconda/envs/_build/lib/python2.7/site-packages/pycadf/tests/__init__.py to __init__.pyc
byte-compiling /home/ubuntu/miniconda/envs/_build/lib/python2.7/site-packages/pycadf/tests/test_utils.py to test_utils.pyc
byte-compiling /home/ubuntu/miniconda/envs/_build/lib/python2.7/site-packages/pycadf/tests/base.py to base.pyc
byte-compiling /home/ubuntu/miniconda/envs/_build/lib/python2.7/site-packages/pycadf/measurement.py to measurement.pyc
byte-compiling /home/ubuntu/miniconda/envs/_build/lib/python2.7/site-packages/pycadf/timestamp.py to timestamp.pyc
byte-compiling /home/ubuntu/miniconda/envs/_build/lib/python2.7/site-packages/pycadf/__init__.py to __init__.pyc
byte-compiling /home/ubuntu/miniconda/envs/_build/lib/python2.7/site-packages/pycadf/eventfactory.py to eventfactory.pyc
byte-compiling /home/ubuntu/miniconda/envs/_build/lib/python2.7/site-packages/pycadf/metric.py to metric.pyc
byte-compiling /home/ubuntu/miniconda/envs/_build/lib/python2.7/site-packages/pycadf/reason.py to reason.pyc
running install_data
creating /home/ubuntu/miniconda/envs/_build/etc
creating /home/ubuntu/miniconda/envs/_build/etc/pycadf
copying etc/pycadf/cinder_api_audit_map.conf -> /home/ubuntu/miniconda/envs/_build/etc/pycadf
copying etc/pycadf/glance_api_audit_map.conf -> /home/ubuntu/miniconda/envs/_build/etc/pycadf
copying etc/pycadf/neutron_api_audit_map.conf -> /home/ubuntu/miniconda/envs/_build/etc/pycadf
copying etc/pycadf/nova_api_audit_map.conf -> /home/ubuntu/miniconda/envs/_build/etc/pycadf
copying etc/pycadf/trove_api_audit_map.conf -> /home/ubuntu/miniconda/envs/_build/etc/pycadf
running install_egg_info
Copying pycadf.egg-info to /home/ubuntu/miniconda/envs/_build/lib/python2.7/site-packages/pycadf-1.0.0-py2.7.egg-info
running install_scripts

The following NEW packages will be INSTALLED:

    openssl:    1.0.1k-1     
    pip:        7.0.3-py27_0 
    python:     2.7.10-0     
    readline:   6.2-2        
    setuptools: 18.0.1-py27_0
    sqlite:     3.8.4.1-1    
    system:     5.8-2        
    tk:         8.5.18-0     
    zlib:       1.2.8-0      

Linking packages ...
[                    ]|                                                  |   0%[openssl             ]|                                                  |   0%[readline            ]|#####                                             |  11%[sqlite              ]|###########                                       |  22%[system              ]|################                                  |  33%[tk                  ]|######################                            |  44%[zlib                ]|###########################                       |  55%[python              ]|#################################                 |  66%[setuptools          ]|######################################            |  77%[pip                 ]|############################################      |  88%[      COMPLETE      ]|##################################################| 100%
Removing old work directory
Source cache directory is: /home/ubuntu/miniconda/conda-bld/src_cache
Found source in cache: pycadf-1.0.0.tar.gz
Extracting download
Package: pycadf-1.0.0-py27_0
source tree in: /home/ubuntu/miniconda/conda-bld/work/pycadf-1.0.0
number of files: 70
Fixing permissions
Fixing permissions
BUILD END: pycadf-1.0.0-py27_0
Nothing to test for: pycadf-1.0.0-py27_0
# If you want to upload this package to binstar.org later, type:
#
# $ binstar upload /home/ubuntu/miniconda/conda-bld/linux-64/pycadf-1.0.0-py27_0.tar.bz2
#
# To have conda build upload to binstar automatically, use
# $ conda config --set binstar_upload yes

