Warning, the following versions were found for pycassa
1.11.1
1.11.0
1.10.0
1.9.1
1.9.0
1.8.0-4
1.8.0-3
1.8.0-2
1.8.0-1
1.8.0
1.7.2
1.7.1-2
1.7.1
1.7.0
1.6.0
1.5.1
1.5.0
1.4.0
1.3.0
1.2.1-3
1.2.1-2
1.2.1
1.2.0
1.1.1
1.1.0
1.0.8
1.0.7
1.0.6
1.0.5
1.0.4
1.0.3
1.0.2
1.0.1
1.0.0
0.5.4
0.3.0
Using 1.11.1
Use --version to specify a different version.
Using url https://pypi.python.org/packages/source/p/pycassa/pycassa-1.11.1.tar.gz (80 KB) for pycassa.
Downloading pycassa
Using cached download
Unpacking pycassa...
done
working in /tmp/tmpWfTUEHconda_skeleton_pycassa-1.11.1.tar.gz
Fetching package metadata: ......

WARNING: conda-build appears to be out of date. You have version 1.13.0 but the
latest version is 1.14.1. Run

conda update -n root conda-build

to get the latest version.

Solving package specifications: .patching file core.py
Hunk #1 succeeded at 168 with fuzz 2 (offset 2 lines).

The following NEW packages will be INSTALLED:

    numpy:  1.9.2-py27_0
    pyyaml: 3.11-py27_1 
    yaml:   0.1.6-0     

Linking packages ...
[                    ]|                                                  |   0%[yaml                ]|                                                  |   0%[numpy               ]|################                                  |  33%[pyyaml              ]|#################################                 |  66%[      COMPLETE      ]|##################################################| 100%
Applying patch: '/tmp/tmpWfTUEHconda_skeleton_pycassa-1.11.1.tar.gz/pypi-distutils.patch'
Writing recipe for pycassa
Done
