Error: prefix already exists: /home/ubuntu/miniconda/envs/_pipbuild_
Exception:
Traceback (most recent call last):
  File "/home/ubuntu/miniconda/envs/_pipbuild_/lib/python2.7/site-packages/pip/basecommand.py", line 223, in main
    status = self.run(options, args)
  File "/home/ubuntu/miniconda/envs/_pipbuild_/lib/python2.7/site-packages/pip/commands/install.py", line 268, in run
    wheel_cache
  File "/home/ubuntu/miniconda/envs/_pipbuild_/lib/python2.7/site-packages/pip/basecommand.py", line 268, in populate_requirement_set
    wheel_cache=wheel_cache
  File "/home/ubuntu/miniconda/envs/_pipbuild_/lib/python2.7/site-packages/pip/req/req_install.py", line 207, in from_line
    wheel_cache=wheel_cache)
  File "/home/ubuntu/miniconda/envs/_pipbuild_/lib/python2.7/site-packages/pip/req/req_install.py", line 66, in __init__
    req = pkg_resources.Requirement.parse(req)
  File "/home/ubuntu/miniconda/envs/_pipbuild_/lib/python2.7/site-packages/pip/_vendor/pkg_resources/__init__.py", line 2960, in parse
    reqs = list(parse_requirements(s))
  File "/home/ubuntu/miniconda/envs/_pipbuild_/lib/python2.7/site-packages/pip/_vendor/pkg_resources/__init__.py", line 2904, in parse_requirements
    "version spec")
  File "/home/ubuntu/miniconda/envs/_pipbuild_/lib/python2.7/site-packages/pip/_vendor/pkg_resources/__init__.py", line 2869, in scan_list
    raise ValueError(msg, line, "at", line[p:])
ValueError: ('Expected version spec in', 'webob==>=1.3.1', 'at', '==>=1.3.1')

Package search: {'_pypi_ordering': False, 'version': '0.9.8.4', 'name': 'PyCK', 'summary': 'Python Code Karigar - Web Framework'}
Creating standard recipe for pyck-0.9.8.4
Converting recipe in /home/ubuntu/pypi-conda-builds/pyck
package = PyCK
   dependencies = [u'pyramid', u'sqlalchemy', u'transaction', u'pyramid_mako', u'pyramid_tm', u'pyramid_debugtoolbar', u'zope.sqlalchemy', u'wtforms', u'nose', u'mako']
Creating standard recipe for pyramid
Converting recipe in /home/ubuntu/pypi-conda-builds/pyramid
package = pyramid
   dependencies = [u'webob >=1.3.1', u'repoze.lru >=0.4', u'zope.interface >=3.8.0', u'zope.deprecation >=3.5.0', u'venusian >=1.0a3', u'translationstring >=0.4', u'pastedeploy >=1.5.0']
Creating standard recipe for webob->=1.3.1
Error: Version >=1.3.1 of webob is not available on PyPI.

conda create -n _pipbuild_ --yes python pip
/home/ubuntu/miniconda/envs/_pipbuild_/bin/pip install webob==>=1.3.1
Error: Could not pip install webob==>=1.3.1
