Error: prefix already exists: /home/ubuntu/miniconda/envs/_pipbuild_
Collecting pycountry==1.12
  Could not find a version that satisfies the requirement pycountry==1.12 (from versions: 0.9, 0.10, 0.11, 0.12, 0.12.1, 0.14, 0.14.1, 0.14.2, 0.14.3, 0.14.4, 0.14.5, 0.14.6, 0.14.7, 0.14.8, 0.15, 0.16, 0.17, 0.18, 0.19, 1.0, 1.1, 1.2, 1.3, 1.4, 1.5, 1.6, 1.7, 1.8, 1.9, 1.10)
No matching distribution found for pycountry==1.12
Package search: {'_pypi_ordering': False, 'version': '1.12', 'name': 'pycountry', 'summary': 'ISO country, subdivision, language, currency and script definitions and their translations'}
Creating standard recipe for pycountry-1.12
Using url https://pypi.python.org/packages/source/p/pycountry/pycountry-1.12.tar.gz (17.7 MB) for pycountry.
Downloading pycountry
Unpacking pycountry...
done
working in /tmp/tmp0VPZHeconda_skeleton_pycountry-1.12.tar.gz
Fetching package metadata: ......

WARNING: conda-build appears to be out of date. You have version 1.13.0 but the
latest version is 1.14.0. Run

conda update -n root conda-build

to get the latest version.

Solving package specifications: .patching file core.py
Hunk #1 succeeded at 168 with fuzz 2 (offset 2 lines).
Traceback (most recent call last):
  File "setup.py", line 6, in <module>
    from setuptools import setup, find_packages
ImportError: No module named setuptools

Applying patch: '/tmp/tmp0VPZHeconda_skeleton_pycountry-1.12.tar.gz/pypi-distutils.patch'
$PYTHONPATH = /tmp/tmp0VPZHeconda_skeleton_pycountry-1.12.tar.gz/pycountry-1.12
Error: command failed: /home/ubuntu/miniconda/envs/_build/bin/python setup.py install

conda create -n _pipbuild_ --yes python pip
/home/ubuntu/miniconda/envs/_pipbuild_/bin/pip install pycountry==1.12
Error: Could not pip install pycountry==1.12
