Removing old build directory
Removing old work directory
BUILD START: pycups-1.9.72-py_0
Fetching package metadata: ......

WARNING: conda-build appears to be out of date. You have version 1.13.0 but the
latest version is 1.14.1. Run

conda update -n root conda-build

to get the latest version.

Solving package specifications: .+ /home/ubuntu/miniconda/envs/_build/bin/python setup.py install
running install
running build
running build_ext
building 'cups' extension
creating build
creating build/temp.linux-x86_64-2.7
gcc -pthread -fno-strict-aliasing -g -O2 -DNDEBUG -g -fwrapv -O3 -Wall -Wstrict-prototypes -fPIC -DVERSION="1.9.72" -I/home/ubuntu/miniconda/envs/_build/include/python2.7 -c cupsmodule.c -o build/temp.linux-x86_64-2.7/cupsmodule.o
cupsmodule.c:23:23: fatal error: cups/cups.h: No such file or directory
 #include <cups/cups.h>
                       ^
compilation terminated.
error: command 'gcc' failed with exit status 1

The following NEW packages will be INSTALLED:

    openssl:    1.0.1k-1     
    pip:        7.0.3-py27_0 
    python:     2.7.10-0     
    readline:   6.2-2        
    setuptools: 18.0.1-py27_0
    sqlite:     3.8.4.1-1    
    system:     5.8-2        
    tk:         8.5.18-0     
    zlib:       1.2.8-0      

Linking packages ...
[                    ]|                                                  |   0%[openssl             ]|                                                  |   0%[readline            ]|#####                                             |  11%[sqlite              ]|###########                                       |  22%[system              ]|################                                  |  33%[tk                  ]|######################                            |  44%[zlib                ]|###########################                       |  55%[python              ]|#################################                 |  66%[setuptools          ]|######################################            |  77%[pip                 ]|############################################      |  88%[      COMPLETE      ]|##################################################| 100%
Removing old work directory
Source cache directory is: /home/ubuntu/miniconda/conda-bld/src_cache
Found source in cache: pycups-1.9.72.tar.bz2
Extracting download
Package: pycups-1.9.72-py_0
source tree in: /home/ubuntu/miniconda/conda-bld/work/pycups-1.9.72
Command failed: /bin/bash -x -e /home/ubuntu/pypi-conda-builds/recipes/pycups/build.sh
