Removing old build directory
Removing old work directory
BUILD START: pycups-1.9.72-py_0
Fetching package metadata: ......

WARNING: conda-build appears to be out of date. You have version 1.13.0 but the
latest version is 1.14.1. Run

conda update -n root conda-build

to get the latest version.

Solving package specifications: .+ pip install pycups
Collecting pycups
  Downloading http://localhost/packages/source/p/pycups/pycups-1.9.72.tar.bz2 (52kB)
Installing collected packages: pycups
  Running setup.py install for pycups
    Complete output from command /home/ubuntu/miniconda/envs/_build/bin/python -c "import setuptools, tokenize;__file__='/tmp/pip-build-xnEi3X/pycups/setup.py';exec(compile(getattr(tokenize, 'open', open)(__file__).read().replace('\r\n', '\n'), __file__, 'exec'))" install --record /tmp/pip-JzRpWG-record/install-record.txt --single-version-externally-managed --compile:
    running install
    running build
    running build_ext
    building 'cups' extension
    creating build
    creating build/temp.linux-x86_64-2.7
    gcc -pthread -fno-strict-aliasing -g -O2 -DNDEBUG -g -fwrapv -O3 -Wall -Wstrict-prototypes -fPIC -DVERSION="1.9.72" -I/home/ubuntu/miniconda/envs/_build/include/python2.7 -c cupsmodule.c -o build/temp.linux-x86_64-2.7/cupsmodule.o
    cupsmodule.c:23:23: fatal error: cups/cups.h: No such file or directory
     #include <cups/cups.h>
                           ^
    compilation terminated.
    error: command 'gcc' failed with exit status 1
    
    ----------------------------------------
Command "/home/ubuntu/miniconda/envs/_build/bin/python -c "import setuptools, tokenize;__file__='/tmp/pip-build-xnEi3X/pycups/setup.py';exec(compile(getattr(tokenize, 'open', open)(__file__).read().replace('\r\n', '\n'), __file__, 'exec'))" install --record /tmp/pip-JzRpWG-record/install-record.txt --single-version-externally-managed --compile" failed with error code 1 in /tmp/pip-build-xnEi3X/pycups

The following NEW packages will be INSTALLED:

    openssl:    1.0.1k-1     
    pip:        7.0.3-py27_0 
    python:     2.7.10-0     
    readline:   6.2-2        
    setuptools: 18.0.1-py27_0
    sqlite:     3.8.4.1-1    
    system:     5.8-2        
    tk:         8.5.18-0     
    zlib:       1.2.8-0      

Linking packages ...
[                    ]|                                                  |   0%[openssl             ]|                                                  |   0%[readline            ]|#####                                             |  11%[sqlite              ]|###########                                       |  22%[system              ]|################                                  |  33%[tk                  ]|######################                            |  44%[zlib                ]|###########################                       |  55%[python              ]|#################################                 |  66%[setuptools          ]|######################################            |  77%[pip                 ]|############################################      |  88%[      COMPLETE      ]|##################################################| 100%
Removing old work directory
Copying /home/ubuntu/pypi-conda-builds/pycups to /home/ubuntu/miniconda/conda-bld/work
Package: pycups-1.9.72-py_0
source tree in: /home/ubuntu/miniconda/conda-bld/work
Command failed: /bin/bash -x -e /home/ubuntu/pypi-conda-builds/pycups/build.sh
Package search: {'_pypi_ordering': False, 'version': '1.9.72', 'name': 'pycups', 'summary': 'Python bindings for libcups'}
Creating standard recipe for pycups-1.9.72
Converting recipe in /home/ubuntu/pypi-conda-builds/pycups
package = pycups
   dependencies = []
Building conda package for pycups
