Error: prefix already exists: /home/ubuntu/miniconda/envs/_pipbuild_
Collecting PyECLib==1.0.7
  Downloading http://localhost/packages/source/P/PyECLib/PyECLib-1.0.7.tar.gz (8.4MB)
setuptools must be installed to install from a source distribution
Package search: {'_pypi_ordering': False, 'version': '1.0.7', 'name': 'PyECLib', 'summary': 'This library provides a simple Python interface for                    implementing erasure codes.  To obtain the best possible                    performance, the underlying erasure code algorithms are                    written in C.'}
Creating standard recipe for pyeclib-1.0.7
Using url https://pypi.python.org/packages/source/P/PyECLib/PyECLib-1.0.7.tar.gz (8.0 MB) for PyECLib.
Downloading PyECLib
Using cached download
Unpacking PyECLib...
done
working in /tmp/tmpR_22MBconda_skeleton_PyECLib-1.0.7.tar.gz
Fetching package metadata: ......

WARNING: conda-build appears to be out of date. You have version 1.13.0 but the
latest version is 1.14.0. Run

conda update -n root conda-build

to get the latest version.

Solving package specifications: .patching file core.py
Hunk #1 succeeded at 168 with fuzz 2 (offset 2 lines).
Traceback (most recent call last):
  File "setup.py", line 40, in <module>
    from distribute_setup import use_setuptools
ImportError: No module named distribute_setup

Applying patch: '/tmp/tmpR_22MBconda_skeleton_PyECLib-1.0.7.tar.gz/pypi-distutils.patch'
$PYTHONPATH = /tmp/tmpR_22MBconda_skeleton_PyECLib-1.0.7.tar.gz/PyECLib-1.0.7
Error: command failed: /home/ubuntu/miniconda/envs/_build/bin/python setup.py install

conda create -n _pipbuild_ --yes python pip
/home/ubuntu/miniconda/envs/_pipbuild_/bin/pip install PyECLib==1.0.7
Error: Could not pip install PyECLib==1.0.7
