Error: prefix already exists: /home/ubuntu/miniconda/envs/_pipbuild_
Collecting pyelasticsearch==1.4
  Could not find a version that satisfies the requirement pyelasticsearch==1.4 (from versions: 0.0.5, 0.0.6, 0.1, 0.2, 0.3, 0.4, 0.4.1, 0.5, 0.6, 0.6.1, 0.7, 0.7.1, 1.0, 1.1, 1.2, 1.2.1, 1.2.2, 1.2.3)
No matching distribution found for pyelasticsearch==1.4
Package search: {'_pypi_ordering': False, 'version': '1.4', 'name': 'pyelasticsearch', 'summary': 'Flexible, high-scale API to elasticsearch'}
Creating standard recipe for pyelasticsearch-1.4
Using url https://pypi.python.org/packages/source/p/pyelasticsearch/pyelasticsearch-1.4.tar.gz (52 KB) for pyelasticsearch.
Downloading pyelasticsearch
Using cached download
Unpacking pyelasticsearch...
done
working in /tmp/tmpo_gp16conda_skeleton_pyelasticsearch-1.4.tar.gz
Fetching package metadata: ......

WARNING: conda-build appears to be out of date. You have version 1.13.0 but the
latest version is 1.14.0. Run

conda update -n root conda-build

to get the latest version.

Solving package specifications: .patching file core.py
Hunk #1 succeeded at 168 with fuzz 2 (offset 2 lines).
Traceback (most recent call last):
  File "setup.py", line 14, in <module>
    from setuptools import setup, find_packages
ImportError: No module named setuptools

Applying patch: '/tmp/tmpo_gp16conda_skeleton_pyelasticsearch-1.4.tar.gz/pypi-distutils.patch'
$PYTHONPATH = /tmp/tmpo_gp16conda_skeleton_pyelasticsearch-1.4.tar.gz/pyelasticsearch-1.4
Error: command failed: /home/ubuntu/miniconda/envs/_build/bin/python setup.py install

conda create -n _pipbuild_ --yes python pip
/home/ubuntu/miniconda/envs/_pipbuild_/bin/pip install pyelasticsearch==1.4
Error: Could not pip install pyelasticsearch==1.4
