Warning, the following versions were found for pyes
0.99.5
0.99.4
0.99.2
0.99.1
0.99.0
0.90.1
0.90.0
0.20.1
0.20.0
0.19.1
0.19.0
0.16.0
0.15.0
0.14.1
0.14.0
0.13.1
Using 0.99.5
Use --version to specify a different version.
Using url https://pypi.python.org/packages/source/p/pyes/pyes-0.99.5.tar.gz (100 KB) for pyes.
Downloading pyes
Using cached download
Unpacking pyes...
done
working in /tmp/tmpCj36mXconda_skeleton_pyes-0.99.5.tar.gz
Fetching package metadata: ......

WARNING: conda-build appears to be out of date. You have version 1.13.0 but the
latest version is 1.14.1. Run

conda update -n root conda-build

to get the latest version.

Solving package specifications: .patching file core.py
Hunk #1 succeeded at 168 with fuzz 2 (offset 2 lines).

The following NEW packages will be INSTALLED:

    numpy:  1.9.2-py27_0
    pyyaml: 3.11-py27_1 
    yaml:   0.1.6-0     

Linking packages ...
[                    ]|                                                  |   0%[yaml                ]|                                                  |   0%[numpy               ]|################                                  |  33%[pyyaml              ]|#################################                 |  66%[      COMPLETE      ]|##################################################| 100%
Applying patch: '/tmp/tmpCj36mXconda_skeleton_pyes-0.99.5.tar.gz/pypi-distutils.patch'
Writing recipe for pyes
Done
