Error: prefix already exists: /home/ubuntu/miniconda/envs/_pipbuild_
Collecting pyfits==3.3
  Downloading http://localhost/packages/source/p/pyfits/pyfits-3.3.tar.gz (1.6MB)
setuptools must be installed to install from a source distribution
Package search: {'_pypi_ordering': False, 'version': '3.0.13', 'name': 'pyfits', 'summary': 'Reads FITS images and tables into numpy arrays and manipulates FITS headers'}
Creating standard recipe for pyfits-3.3
Using url https://pypi.python.org/packages/source/p/pyfits/pyfits-3.3.tar.gz (1.6 MB) for pyfits.
Downloading pyfits
Using cached download
Unpacking pyfits...
done
working in /tmp/tmp7a27e5conda_skeleton_pyfits-3.3.tar.gz
Fetching package metadata: ......

WARNING: conda-build appears to be out of date. You have version 1.13.0 but the
latest version is 1.14.0. Run

conda update -n root conda-build

to get the latest version.

Solving package specifications: .patching file core.py
Hunk #1 succeeded at 168 with fuzz 2 (offset 2 lines).
Traceback (most recent call last):
  File "setup.py", line 6, in <module>
    from ez_setup import use_setuptools
ImportError: No module named ez_setup

Applying patch: '/tmp/tmp7a27e5conda_skeleton_pyfits-3.3.tar.gz/pypi-distutils.patch'
$PYTHONPATH = /tmp/tmp7a27e5conda_skeleton_pyfits-3.3.tar.gz/pyfits-3.3
Error: command failed: /home/ubuntu/miniconda/envs/_build/bin/python setup.py install

conda create -n _pipbuild_ --yes python pip
/home/ubuntu/miniconda/envs/_pipbuild_/bin/pip install pyfits==3.3
Error: Could not pip install pyfits==3.3
