Error: prefix already exists: /home/ubuntu/miniconda/envs/_pipbuild_
Collecting PyGithub==1.25.2
  Downloading http://localhost/packages/source/P/PyGithub/PyGithub-1.25.2.tar.gz (2.6MB)
setuptools must be installed to install from a source distribution
Package search: {'_pypi_ordering': False, 'version': '1.25.2', 'name': 'PyGithub', 'summary': 'Use the full Github API v3'}
Creating standard recipe for pygithub-1.25.2
Using url https://pypi.python.org/packages/source/P/PyGithub/PyGithub-1.25.2.tar.gz (2.5 MB) for PyGithub.
Downloading PyGithub
Using cached download
Unpacking PyGithub...
done
working in /tmp/tmpJRdjY6conda_skeleton_PyGithub-1.25.2.tar.gz
Fetching package metadata: ......

WARNING: conda-build appears to be out of date. You have version 1.13.0 but the
latest version is 1.14.0. Run

conda update -n root conda-build

to get the latest version.

Solving package specifications: .patching file core.py
Hunk #1 succeeded at 168 with fuzz 2 (offset 2 lines).
Traceback (most recent call last):
  File "setup.py", line 27, in <module>
    import setuptools
ImportError: No module named setuptools

Applying patch: '/tmp/tmpJRdjY6conda_skeleton_PyGithub-1.25.2.tar.gz/pypi-distutils.patch'
$PYTHONPATH = /tmp/tmpJRdjY6conda_skeleton_PyGithub-1.25.2.tar.gz/PyGithub-1.25.2
Error: command failed: /home/ubuntu/miniconda/envs/_build/bin/python setup.py install

conda create -n _pipbuild_ --yes python pip
/home/ubuntu/miniconda/envs/_pipbuild_/bin/pip install PyGithub==1.25.2
Error: Could not pip install PyGithub==1.25.2
