Error: prefix already exists: /home/ubuntu/miniconda/envs/_pipbuild_
Collecting Pygments==2.0.2
  Downloading http://localhost/packages/2.7/P/Pygments/Pygments-2.0.2-py2-none-any.whl (672kB)
Installing collected packages: Pygments
Successfully installed Pygments-2.0.2
Traceback (most recent call last):
  File "__tmpfile__.py", line 1, in <module>
    import pkg_resources;
ImportError: No module named pkg_resources
An unexpected error has occurred, please consider sending the
following traceback to the conda GitHub issue tracker at:

    https://github.com/conda/conda-build/issues

Include the output of the command 'conda info' in your report.


Package search: {'_pypi_ordering': False, 'version': '2.0.2', 'name': 'Pygments', 'summary': 'Pygments is a syntax highlighting package written in Python.'}
Creating standard recipe for pygments-2.0.2
Using url https://pypi.python.org/packages/source/P/Pygments/Pygments-2.0.2.tar.gz (3.3 MB) for Pygments.
Downloading Pygments
Using cached download
Unpacking Pygments...
done
working in /tmp/tmpEXkWIxconda_skeleton_Pygments-2.0.2.tar.gz
Fetching package metadata: ......

WARNING: conda-build appears to be out of date. You have version 1.13.0 but the
latest version is 1.14.0. Run

conda update -n root conda-build

to get the latest version.

Solving package specifications: .patching file core.py
Hunk #1 succeeded at 168 with fuzz 2 (offset 2 lines).
Downloading https://pypi.python.org/packages/source/s/setuptools/setuptools-1.4.2.tar.gz
Traceback (most recent call last):
  File "setup.py", line 29, in <module>
    ez_setup.use_setuptools()
  File "/tmp/tmpEXkWIxconda_skeleton_Pygments-2.0.2.tar.gz/Pygments-2.0.2/ez_setup.py", line 132, in use_setuptools
    return _do_download(version, download_base, to_dir, download_delay)
  File "/tmp/tmpEXkWIxconda_skeleton_Pygments-2.0.2.tar.gz/Pygments-2.0.2/ez_setup.py", line 110, in _do_download
    to_dir, download_delay)
  File "/tmp/tmpEXkWIxconda_skeleton_Pygments-2.0.2.tar.gz/Pygments-2.0.2/ez_setup.py", line 290, in download_setuptools
    downloader(url, saveto)
  File "/tmp/tmpEXkWIxconda_skeleton_Pygments-2.0.2.tar.gz/Pygments-2.0.2/ez_setup.py", line 197, in download_file_curl
    _clean_check(cmd, target)
  File "/tmp/tmpEXkWIxconda_skeleton_Pygments-2.0.2.tar.gz/Pygments-2.0.2/ez_setup.py", line 160, in _clean_check
    subprocess.check_call(cmd)
  File "/home/ubuntu/miniconda/envs/_build/lib/python2.7/subprocess.py", line 540, in check_call
    raise CalledProcessError(retcode, cmd)
subprocess.CalledProcessError: Command '['curl', 'https://pypi.python.org/packages/source/s/setuptools/setuptools-1.4.2.tar.gz', '--silent', '--output', '/tmp/tmpEXkWIxconda_skeleton_Pygments-2.0.2.tar.gz/Pygments-2.0.2/setuptools-1.4.2.tar.gz']' returned non-zero exit status 77

Applying patch: '/tmp/tmpEXkWIxconda_skeleton_Pygments-2.0.2.tar.gz/pypi-distutils.patch'
$PYTHONPATH = /tmp/tmpEXkWIxconda_skeleton_Pygments-2.0.2.tar.gz/Pygments-2.0.2
Error: command failed: /home/ubuntu/miniconda/envs/_build/bin/python setup.py install

conda create -n _pipbuild_ --yes python pip
/home/ubuntu/miniconda/envs/_pipbuild_/bin/pip install Pygments==2.0.2
Getting dependencies...
Traceback (most recent call last):
  File "/home/ubuntu/miniconda/bin/conda-pipbuild", line 6, in <module>
    exec(compile(open(__file__).read(), __file__, 'exec'))
  File "/home/ubuntu/conda-build/bin/conda-pipbuild", line 5, in <module>
    sys.exit(main())
  File "/home/ubuntu/conda-build/conda_build/main_pipbuild.py", line 80, in main
    args_func(args, p)
  File "/home/ubuntu/conda-build/conda_build/main_build.py", line 349, in args_func
    args.func(args, p)
  File "/home/ubuntu/conda-build/conda_build/main_pipbuild.py", line 360, in execute
    build_package(package, version, noarch_python=args.noarch_python)
  File "/home/ubuntu/conda-build/conda_build/main_pipbuild.py", line 304, in build_package
    noarch_python=noarch_python)
  File "/home/ubuntu/conda-build/conda_build/main_pipbuild.py", line 240, in make_recipe
    depends = get_all_dependencies(package, version)
  File "/home/ubuntu/conda-build/conda_build/main_pipbuild.py", line 219, in get_all_dependencies
    output = subprocess.check_output(cmd3args)
  File "/home/ubuntu/miniconda/lib/python2.7/subprocess.py", line 573, in check_output
    raise CalledProcessError(retcode, cmd, output=output)
subprocess.CalledProcessError: Command '['/home/ubuntu/miniconda/envs/_pipbuild_/bin/python', '__tmpfile__.py']' returned non-zero exit status 1
