Error: prefix already exists: /home/ubuntu/miniconda/envs/_pipbuild_
Collecting pygraphviz==1.3rc2
  Downloading http://localhost/packages/source/p/pygraphviz/pygraphviz-1.3rc2.tar.gz (96kB)
setuptools must be installed to install from a source distribution
Package search: {'_pypi_ordering': False, 'version': '1.3rc2', 'name': 'pygraphviz', 'summary': 'Python interface to Graphviz'}
Creating standard recipe for pygraphviz-1.3rc2
Using url https://pypi.python.org/packages/source/p/pygraphviz/pygraphviz-1.3rc2.tar.gz (94 KB) for pygraphviz.
Downloading pygraphviz
Using cached download
Unpacking pygraphviz...
done
working in /tmp/tmpG0IXMiconda_skeleton_pygraphviz-1.3rc2.tar.gz
Fetching package metadata: ......

WARNING: conda-build appears to be out of date. You have version 1.13.0 but the
latest version is 1.14.0. Run

conda update -n root conda-build

to get the latest version.

Solving package specifications: .patching file core.py
Hunk #1 succeeded at 168 with fuzz 2 (offset 2 lines).
/bin/sh: 1: pkg-config: not found
/bin/sh: 1: pkg-config: not found
Trying pkg-config
Trying dotneato-config
Failed to find dotneato-config

Your Graphviz installation could not be found.

    1) You don't have Graphviz installed:
       Install Graphviz (http://graphviz.org)

    2) Your Graphviz package might incomplete.
       Install the binary development subpackage (e.g. libgraphviz-dev or similar.)

    3) You are using Windows
       There are no PyGraphviz binary packages for Windows but you might be
       able to build it from this source.  See
       http://networkx.lanl.gov/pygraphviz/reference/faq.html

    If you think your installation is correct you will need to manually
    change the include_dirs and library_dirs variables in setup.py to
    point to the correct locations of your graphviz installation.

    The current setting of library_dirs and include_dirs is:
library_dirs=None
include_dirs=None

Traceback (most recent call last):
  File "setup.py", line 91, in <module>
    raise OSError("Error locating graphviz.")
OSError: Error locating graphviz.

Applying patch: '/tmp/tmpG0IXMiconda_skeleton_pygraphviz-1.3rc2.tar.gz/pypi-distutils.patch'
$PYTHONPATH = /tmp/tmpG0IXMiconda_skeleton_pygraphviz-1.3rc2.tar.gz/pygraphviz-1.3rc2
Error: command failed: /home/ubuntu/miniconda/envs/_build/bin/python setup.py install

conda create -n _pipbuild_ --yes python pip
/home/ubuntu/miniconda/envs/_pipbuild_/bin/pip install pygraphviz==1.3rc2
Error: Could not pip install pygraphviz==1.3rc2
