Error: prefix already exists: /home/ubuntu/miniconda/envs/_pipbuild_
Collecting PyHamcrest==1.8.3
  Downloading http://localhost/packages/source/P/PyHamcrest/PyHamcrest-1.8.3.tar.gz (376kB)
setuptools must be installed to install from a source distribution
Package search: {'_pypi_ordering': False, 'version': '1.8.3', 'name': 'PyHamcrest', 'summary': 'Hamcrest framework for matcher objects'}
Creating standard recipe for pyhamcrest-1.8.3
Using url https://pypi.python.org/packages/source/P/PyHamcrest/PyHamcrest-1.8.3.tar.gz (367 KB) for PyHamcrest.
Downloading PyHamcrest
Using cached download
Unpacking PyHamcrest...
done
working in /tmp/tmp_F4Jtfconda_skeleton_PyHamcrest-1.8.3.tar.gz
Fetching package metadata: ......

WARNING: conda-build appears to be out of date. You have version 1.13.0 but the
latest version is 1.14.0. Run

conda update -n root conda-build

to get the latest version.

Solving package specifications: .patching file core.py
Hunk #1 succeeded at 168 with fuzz 2 (offset 2 lines).
Traceback (most recent call last):
  File "setup.py", line 13, in <module>
    from distribute_setup import use_setuptools
ImportError: No module named distribute_setup

Applying patch: '/tmp/tmp_F4Jtfconda_skeleton_PyHamcrest-1.8.3.tar.gz/pypi-distutils.patch'
$PYTHONPATH = /tmp/tmp_F4Jtfconda_skeleton_PyHamcrest-1.8.3.tar.gz/PyHamcrest-1.8.3
Error: command failed: /home/ubuntu/miniconda/envs/_build/bin/python setup.py install

conda create -n _pipbuild_ --yes python pip
/home/ubuntu/miniconda/envs/_pipbuild_/bin/pip install PyHamcrest==1.8.3
Error: Could not pip install PyHamcrest==1.8.3
