Warning, the following versions were found for pyhammer
0.5.26
0.5.25
0.5.24
0.5.23
0.5.22
0.5.21
0.5.20
0.5.19
0.5.18
0.5.17
0.5.16
0.5.15
0.5.14
0.5.13
0.5.12
0.5.11
0.5.10
0.5.9
0.5.8
0.5.7
0.5.6
0.5.5
0.5.4
0.5.3
0.5.2
0.5.1
0.5.0
0.4.0
0.3.58
0.3.57
0.3.56
0.3.55
0.3.54
0.3.53
0.3.52
0.3.51
0.3.50
0.3.49
0.3.48
0.3.47
0.3.46
0.3.45
0.3.44
0.3.43
0.3.42
0.3.41
0.3.40
0.3.39
0.3.38
0.3.37
0.3.36
0.3.35
0.3.34
0.3.33
0.3.32
0.3.31
0.3.30
0.3.29
0.3.28
0.3.27
0.3.26
0.3.25
0.3.24
0.3.23
0.3.22
0.3.21
0.3.20
0.3.19
0.3.18
0.3.17
0.3.16
0.3.15
0.3.14
0.3.13
0.3.12
0.3.11
0.3.10
0.3.9
0.3.8
0.3.7
0.3.6
0.3.5
0.3.4
0.3.3
0.3.2
0.3.1
0.3.0
0.2.60
0.2.59
0.2.58
0.2.57
0.2.56
0.2.55
0.2.54
0.2.53
0.2.52
0.2.51
0.2.50
0.2.49
0.2.48
0.2.47
0.2.46
0.2.45
0.2.44
0.2.43
0.2.42
0.2.38
0.2.37
0.2.36
0.2.35
0.2.34
0.2.33
0.2.32
0.2.31
0.2.30
0.2.29
0.2.28
0.2.27
0.2.26
0.2.25
0.2.24
0.2.23
0.2.22
0.2.21
0.2.20
0.2.19
0.2.18
0.2.17
0.2.16
0.2.15
0.2.14
0.2.13
0.2.12
0.2.11
0.2.10
0.2.9
0.2.8
0.2.7
0.2.6
0.2.5
0.2.4
0.2.1
0.2
0.1
Using 0.5.26
Use --version to specify a different version.
Using url https://pypi.python.org/packages/source/p/pyhammer/pyhammer-0.5.26.zip (24 KB) for pyhammer.
Downloading pyhammer
Using cached download
Unpacking pyhammer...
done
working in /tmp/tmpdh4u0econda_skeleton_pyhammer-0.5.26.zip
Fetching package metadata: ......

WARNING: conda-build appears to be out of date. You have version 1.13.0 but the
latest version is 1.14.1. Run

conda update -n root conda-build

to get the latest version.

Solving package specifications: .patching file core.py
Hunk #1 succeeded at 168 with fuzz 2 (offset 2 lines).

The following NEW packages will be INSTALLED:

    numpy:  1.9.2-py27_0
    pyyaml: 3.11-py27_1 
    yaml:   0.1.6-0     

Linking packages ...
[                    ]|                                                  |   0%[yaml                ]|                                                  |   0%[numpy               ]|################                                  |  33%[pyyaml              ]|#################################                 |  66%[      COMPLETE      ]|##################################################| 100%
Applying patch: '/tmp/tmpdh4u0econda_skeleton_pyhammer-0.5.26.zip/pypi-distutils.patch'
Writing recipe for pyhammer
Done
