Error: prefix already exists: /home/ubuntu/miniconda/envs/_pipbuild_
Collecting PyInstaller==2.1
  Downloading http://localhost/packages/source/P/PyInstaller/PyInstaller-2.1.tar.gz (4.8MB)
setuptools must be installed to install from a source distribution
Package search: {'_pypi_ordering': False, 'version': '1.5', 'name': 'PyInstaller', 'summary': 'Converts (packages) Python programs into stand-alone executables, under Windows, Linux, and Mac OS X.'}
Creating standard recipe for pyinstaller-2.1
Using url https://pypi.python.org/packages/source/P/PyInstaller/PyInstaller-2.1.tar.gz (4.6 MB) for PyInstaller.
Downloading PyInstaller
Using cached download
Unpacking PyInstaller...
done
working in /tmp/tmpjji1LAconda_skeleton_PyInstaller-2.1.tar.gz
Fetching package metadata: ......

WARNING: conda-build appears to be out of date. You have version 1.13.0 but the
latest version is 1.14.0. Run

conda update -n root conda-build

to get the latest version.

Solving package specifications: .patching file core.py
Hunk #1 succeeded at 168 with fuzz 2 (offset 2 lines).
Traceback (most recent call last):
  File "setup.py", line 14, in <module>
    from setuptools import setup, find_packages
ImportError: No module named setuptools

Applying patch: '/tmp/tmpjji1LAconda_skeleton_PyInstaller-2.1.tar.gz/pypi-distutils.patch'
$PYTHONPATH = /tmp/tmpjji1LAconda_skeleton_PyInstaller-2.1.tar.gz/PyInstaller-2.1
Error: command failed: /home/ubuntu/miniconda/envs/_build/bin/python setup.py install

conda create -n _pipbuild_ --yes python pip
/home/ubuntu/miniconda/envs/_pipbuild_/bin/pip install PyInstaller==2.1
Error: Could not pip install PyInstaller==2.1
