Error: prefix already exists: /home/ubuntu/miniconda/envs/_pipbuild_
Collecting PyJWT==1.3.0
  Could not find a version that satisfies the requirement PyJWT==1.3.0 (from versions: 0.1.1, 0.1.2, 0.1.3, 0.1.4, 0.1.5, 0.1.6, 0.1.7, 0.1.8, 0.1.9, 0.2.0, 0.2.1, 0.2.3, 0.3.0, 0.3.1, 0.3.2, 0.4.0, 0.4.1, 0.4.2, 0.4.3, 1.0.0, 1.0.1, 1.1.0)
No matching distribution found for PyJWT==1.3.0
Package search: {'_pypi_ordering': False, 'version': '0.4.1', 'name': 'PyJWT', 'summary': 'JSON Web Token implementation in Python'}
Creating standard recipe for pyjwt-1.3.0
Using url https://pypi.python.org/packages/source/P/PyJWT/PyJWT-1.3.0.tar.gz (60 KB) for PyJWT.
Downloading PyJWT
Using cached download
Unpacking PyJWT...
done
working in /tmp/tmpTA6phBconda_skeleton_PyJWT-1.3.0.tar.gz
Fetching package metadata: ......

WARNING: conda-build appears to be out of date. You have version 1.13.0 but the
latest version is 1.14.0. Run

conda update -n root conda-build

to get the latest version.

Solving package specifications: .patching file core.py
Hunk #1 succeeded at 168 with fuzz 2 (offset 2 lines).
Traceback (most recent call last):
  File "setup.py", line 7, in <module>
    from setuptools import find_packages, setup
ImportError: No module named setuptools

Applying patch: '/tmp/tmpTA6phBconda_skeleton_PyJWT-1.3.0.tar.gz/pypi-distutils.patch'
$PYTHONPATH = /tmp/tmpTA6phBconda_skeleton_PyJWT-1.3.0.tar.gz/PyJWT-1.3.0
Error: command failed: /home/ubuntu/miniconda/envs/_build/bin/python setup.py install

conda create -n _pipbuild_ --yes python pip
/home/ubuntu/miniconda/envs/_pipbuild_/bin/pip install PyJWT==1.3.0
Error: Could not pip install PyJWT==1.3.0
