Error: prefix already exists: /home/ubuntu/miniconda/envs/_pipbuild_
Exception:
Traceback (most recent call last):
  File "/home/ubuntu/miniconda/envs/_pipbuild_/lib/python2.7/site-packages/pip/basecommand.py", line 223, in main
    status = self.run(options, args)
  File "/home/ubuntu/miniconda/envs/_pipbuild_/lib/python2.7/site-packages/pip/commands/install.py", line 268, in run
    wheel_cache
  File "/home/ubuntu/miniconda/envs/_pipbuild_/lib/python2.7/site-packages/pip/basecommand.py", line 268, in populate_requirement_set
    wheel_cache=wheel_cache
  File "/home/ubuntu/miniconda/envs/_pipbuild_/lib/python2.7/site-packages/pip/req/req_install.py", line 207, in from_line
    wheel_cache=wheel_cache)
  File "/home/ubuntu/miniconda/envs/_pipbuild_/lib/python2.7/site-packages/pip/req/req_install.py", line 66, in __init__
    req = pkg_resources.Requirement.parse(req)
  File "/home/ubuntu/miniconda/envs/_pipbuild_/lib/python2.7/site-packages/pip/_vendor/pkg_resources/__init__.py", line 2960, in parse
    reqs = list(parse_requirements(s))
  File "/home/ubuntu/miniconda/envs/_pipbuild_/lib/python2.7/site-packages/pip/_vendor/pkg_resources/__init__.py", line 2904, in parse_requirements
    "version spec")
  File "/home/ubuntu/miniconda/envs/_pipbuild_/lib/python2.7/site-packages/pip/_vendor/pkg_resources/__init__.py", line 2869, in scan_list
    raise ValueError(msg, line, "at", line[p:])
ValueError: ('Expected version spec in', 'routes==>=1.12.3', 'at', '==>=1.12.3')

Package search: {'_pypi_ordering': False, 'version': '1.0.1', 'name': 'Pylons', 'summary': 'Pylons Web Framework'}
Creating standard recipe for pylons-1.0.1
Converting recipe in /home/ubuntu/pypi-conda-builds/pylons
package = Pylons
   dependencies = [u'routes >=1.12.3', u'webhelpers >=0.6.4', u'beaker >=1.5.4', u'paste >=1.7.5.1', u'pastedeploy >=1.5.0', u'pastescript >=1.7.4.2', u'formencode >=1.2.4', u'simplejson >=2.2.1', u'decorator >=3.3.2', u'nose >=1.1.2', u'mako >=0.5.0', u'weberror >=0.10.3', u'webtest >=1.3.1', u'tempita >=0.5.1', u'markupsafe >=0.15', u'webob >=1.1.1']
Creating standard recipe for routes->=1.12.3
Error: Version >=1.12.3 of routes is not available on PyPI.

conda create -n _pipbuild_ --yes python pip
/home/ubuntu/miniconda/envs/_pipbuild_/bin/pip install routes==>=1.12.3
Error: Could not pip install routes==>=1.12.3
