pylons not found, trying Pylons
Warning, the following versions were found for Pylons
1.0.1
1.0.1rc1
1.0
0.10
0.10rc1
0.9.7
0.9.7rc6
0.9.7rc5
0.9.7rc4
0.9.7rc3
0.9.7rc2
0.9.7rc1
0.9.6.2
0.9.6.1
0.9.6
0.9.6rc3
0.9.6rc2
0.9.6rc1
0.9.5
0.9.4.1
0.9.4
0.9.3
0.9.2
0.9.1
0.9
0.8.2
0.8.1
0.8
Using 1.0.1
Use --version to specify a different version.
Using url https://pypi.python.org/packages/source/P/Pylons/Pylons-1.0.1.tar.gz (2.2 MB) for Pylons.
Downloading Pylons
Using cached download
Unpacking Pylons...
done
working in /tmp/tmp1jPpP2conda_skeleton_Pylons-1.0.1.tar.gz
Fetching package metadata: ......

WARNING: conda-build appears to be out of date. You have version 1.13.0 but the
latest version is 1.14.1. Run

conda update -n root conda-build

to get the latest version.

Solving package specifications: .patching file core.py
Hunk #1 succeeded at 168 with fuzz 2 (offset 2 lines).

WARNING: conda-build appears to be out of date. You have version 1.13.0 but the
latest version is 1.14.1. Run

conda update -n root conda-build

to get the latest version.


Applying patch: '/tmp/tmp1jPpP2conda_skeleton_Pylons-1.0.1.tar.gz/pypi-distutils.patch'
WARNING: Could not add entry points. They were:

    [paste.paster_command]
    controller = pylons.commands:ControllerCommand
    restcontroller = pylons.commands:RestControllerCommand
    routes = pylons.commands:RoutesCommand
    shell = pylons.commands:ShellCommand

    [paste.paster_create_template]
    pylons = pylons.util:PylonsTemplate
    pylons_minimal = pylons.util:MinimalPylonsTemplate

    [paste.filter_factory]
    debugger = pylons.middleware:debugger_filter_factory

    [paste.filter_app_factory]
    debugger = pylons.middleware:debugger_filter_app_factory
    
webhelpers not found, trying WebHelpers
Warning, the following versions were found for WebHelpers
1.3
1.3b1
1.2
1.1
1.0
1.0rc1
0.6.4
0.3.4
Using 1.3
Use --version to specify a different version.
Using url https://pypi.python.org/packages/source/W/WebHelpers/WebHelpers-1.3.tar.gz (713 KB) for WebHelpers.
Downloading WebHelpers
Using cached download
Unpacking WebHelpers...
done
working in /tmp/tmps1Ue4Fconda_skeleton_WebHelpers-1.3.tar.gz
Solving package specifications: .patching file core.py
Hunk #1 succeeded at 168 with fuzz 2 (offset 2 lines).

Applying patch: '/tmp/tmps1Ue4Fconda_skeleton_WebHelpers-1.3.tar.gz/pypi-distutils.patch'
WARNING: Could not add entry points. They were:

    [buildutils.optional_commands]
    compress_resources = webhelpers.commands
    
Writing recipe for webhelpers
Writing recipe for pylons
Done
