Warning, the following versions were found for pymatgen
3.1.0
3.0.13
3.0.12
3.0.11
3.0.10
3.0.9
3.0.8
3.0.7
3.0.6
3.0.5
3.0.4
3.0.3
3.0.2
3.0.1
3.0.0
2.10.6
2.10.5
2.10.4
2.10.3
2.10.2
2.10.1
2.10.0
2.9.14
2.9.13
2.9.12
2.9.11
2.9.10
2.9.9
2.9.8
2.9.7
2.9.6
2.9.5
2.9.4
2.9.3
2.9.2
2.9.1
2.9.0
2.8.10
2.8.9
2.8.8
2.8.7
2.8.6
2.8.5
2.8.3
2.8.2
2.8.1
2.8.0
2.7.9
2.7.8
2.7.7
2.7.6
2.7.5
2.7.4
2.7.3
2.7.2b
2.7.1
2.7.0
2.6.6
2.6.5
2.6.4
2.6.3
2.6.2
2.6.1
2.5.5
2.5.4
2.5.3
2.5.2
2.5.1
2.5.0
2.4.3
2.4.2
2.4.1
2.4.0
2.3.2
2.3.1
2.3.0
2.2.6
2.2.4
2.2.3
2.2.2
2.2.1
2.2.0
2.1.2
2.1.0
2.0.0
1.9.0
1.8.3
1.8.2
1.8.0
1.7.2
1.7.0
1.6.0
1.5.0
1.2.9
1.2.8
1.2.4
1.2.3
1.2.2
1.2.1
1.2.0
1.1.2
1.1.1
1.1.0
1.0.5
1.0.4
Using 3.1.0
Use --version to specify a different version.
Using url https://pypi.python.org/packages/source/p/pymatgen/pymatgen-3.1.0.tar.gz (939 KB) for pymatgen.
Downloading pymatgen
Using cached download
Unpacking pymatgen...
done
working in /tmp/tmpbzf5Slconda_skeleton_pymatgen-3.1.0.tar.gz
Fetching package metadata: ......

WARNING: conda-build appears to be out of date. You have version 1.13.0 but the
latest version is 1.14.1. Run

conda update -n root conda-build

to get the latest version.

Solving package specifications: .patching file core.py
Hunk #1 succeeded at 168 with fuzz 2 (offset 2 lines).

WARNING: conda-build appears to be out of date. You have version 1.13.0 but the
latest version is 1.14.1. Run

conda update -n root conda-build

to get the latest version.


Applying patch: '/tmp/tmpbzf5Slconda_skeleton_pymatgen-3.1.0.tar.gz/pypi-distutils.patch'
Warning, the following versions were found for prettyplotlib
0.1.7
0.1.6
0.1.5
0.1.4
0.1.3
0.1.2
0.1.1
0.1.0
Using 0.1.7
Use --version to specify a different version.
Using url https://pypi.python.org/packages/source/p/prettyplotlib/prettyplotlib-0.1.7.tar.gz (681 KB) for prettyplotlib.
Downloading prettyplotlib
Using cached download
Unpacking prettyplotlib...
done
working in /tmp/tmpCVoq5uconda_skeleton_prettyplotlib-0.1.7.tar.gz
Solving package specifications: .patching file core.py
Hunk #1 succeeded at 168 with fuzz 2 (offset 2 lines).

WARNING: conda-build appears to be out of date. You have version 1.13.0 but the
latest version is 1.14.1. Run

conda update -n root conda-build

to get the latest version.


Applying patch: '/tmp/tmpCVoq5uconda_skeleton_prettyplotlib-0.1.7.tar.gz/pypi-distutils.patch'
Warning, the following versions were found for brewer2mpl
1.4.1
1.4
1.3.2
1.3.1
1.3
1.2
1.1
1.0
Using 1.4.1
Use --version to specify a different version.
Using url https://pypi.python.org/packages/source/b/brewer2mpl/brewer2mpl-1.4.1.tar.gz (23 KB) for brewer2mpl.
Downloading brewer2mpl
Using cached download
Unpacking brewer2mpl...
done
working in /tmp/tmp2ZSJPSconda_skeleton_brewer2mpl-1.4.1.tar.gz
Solving package specifications: .patching file core.py
Hunk #1 succeeded at 168 with fuzz 2 (offset 2 lines).

WARNING: conda-build appears to be out of date. You have version 1.13.0 but the
latest version is 1.14.1. Run

conda update -n root conda-build

to get the latest version.


Applying patch: '/tmp/tmp2ZSJPSconda_skeleton_brewer2mpl-1.4.1.tar.gz/pypi-distutils.patch'
Warning, the following versions were found for matplotlib
1.4.3
1.4.2
1.4.1
1.4.1rc1
1.4.0
1.3.1
1.3.0
1.2.1
1.2.0
1.1.1
1.1.0
1.0.1
1.0.0
0.99.3
0.99.1
0.99.0
0.98.5.3
0.98.5.1
0.98.3
0.98.1
0.98.0
0.91.4
0.91.3
0.91.2
0.91.1
0.91.0
0.90.1
0.90.0
0.87.7
0.87.6
0.87.5
0.87.4
0.87.3
0.87.2
0.87.1
0.86.2
0.86.1
0.86
0.85
0.83.2
0.71
0.70
0.65
0.64
0.63.0
Using 1.4.3
Use --version to specify a different version.
Using url https://pypi.python.org/packages/source/m/matplotlib/matplotlib-1.4.3.tar.gz (48.1 MB) for matplotlib.
Downloading matplotlib
Using cached download
Unpacking matplotlib...
done
working in /tmp/tmpMxroEFconda_skeleton_matplotlib-1.4.3.tar.gz
Solving package specifications: .patching file core.py
Hunk #1 succeeded at 168 with fuzz 2 (offset 2 lines).
IMPORTANT WARNING:
    pkg-config is not installed.
    matplotlib may not be able to find some of its dependencies
============================================================================
Edit setup.cfg to change the build options

BUILDING MATPLOTLIB
            matplotlib: yes [1.4.3]
                python: yes [2.7.10 |Continuum Analytics, Inc.| (default,
                        May 28 2015, 17:02:03)  [GCC 4.4.7 20120313 (Red Hat
                        4.4.7-1)]]
              platform: yes [linux2]

REQUIRED DEPENDENCIES AND EXTENSIONS
                 numpy: yes [version 1.9.2]
                   six: yes [six was not found.pip will attempt to install
                        it after matplotlib.]
              dateutil: yes [dateutil was not found. It is required for date
                        axis support. pip/easy_install may attempt to
                        install it after matplotlib.]
                  pytz: yes [pytz was not found. pip will attempt to install
                        it after matplotlib.]
               tornado: yes [tornado was not found. It is required for the
                        WebAgg backend. pip/easy_install may attempt to
                        install it after matplotlib.]
             pyparsing: yes [pyparsing was not found. It is required for
                        mathtext support. pip/easy_install may attempt to
                        install it after matplotlib.]
                 pycxx: yes [Couldn't import.  Using local copy.]
                libagg: yes [pkg-config information for 'libagg' could not
                        be found. Using local copy.]
              freetype: no  [The C/C++ header for freetype2 (ft2build.h)
                        could not be found.  You may need to install the
                        development package.]
                   png: yes [version 1.5.13]
                 qhull: yes [pkg-config information for 'qhull' could not be
                        found. Using local copy.]

OPTIONAL SUBPACKAGES
           sample_data: yes [installing]
              toolkits: yes [installing]
                 tests: yes [nose 0.11.1 or later is required to run the
                        matplotlib test suite.  pip/easy_install may attempt
                        to install it after matplotlib. / mock is required
                        to run the matplotlib test suite.  pip/easy_install
                        may attempt to install it after matplotlib.]
        toolkits_tests: yes [nose 0.11.1 or later is required to run the
                        matplotlib test suite.  pip/easy_install may attempt
                        to install it after matplotlib. / mock is required
                        to run the matplotlib test suite.  pip/easy_install
                        may attempt to install it after matplotlib.]

OPTIONAL BACKEND EXTENSIONS
                macosx: no  [Mac OS-X only]
                qt5agg: no  [PyQt5 not found]
                qt4agg: no  [PyQt4 not found]
                pyside: no  [PySide not found]
               gtk3agg: no  [Requires pygobject to be installed.]
             gtk3cairo: no  [Requires cairocffi or pycairo to be installed.]
                gtkagg: no  [Requires pygtk]
                 tkagg: yes [installing, version 81008]
                 wxagg: no  [requires wxPython]
                   gtk: no  [Requires pygtk]
                   agg: yes [installing]
                 cairo: no  [cairocffi or pycairo not found]
             windowing: no  [Microsoft Windows only]

OPTIONAL LATEX DEPENDENCIES
                dvipng: no
           ghostscript: no
                 latex: no
               pdftops: no

============================================================================
                        * The following required packages can not be built:
                        * freetype

Applying patch: '/tmp/tmpMxroEFconda_skeleton_matplotlib-1.4.3.tar.gz/pypi-distutils.patch'
$PYTHONPATH = /tmp/tmpMxroEFconda_skeleton_matplotlib-1.4.3.tar.gz/matplotlib-1.4.3
Error: command failed: /home/ubuntu/miniconda/envs/_build/bin/python setup.py install
