Removing old build directory
Removing old work directory
BUILD START: pymssql-2.1.1-py_0
Fetching package metadata: ......

WARNING: conda-build appears to be out of date. You have version 1.13.0 but the
latest version is 1.14.1. Run

conda update -n root conda-build

to get the latest version.

Solving package specifications: .+ pip install pymssql
Collecting pymssql
  Downloading http://localhost/packages/source/p/pymssql/pymssql-2.1.1.tar.gz (2.4MB)
Installing collected packages: pymssql
  Running setup.py install for pymssql
    Complete output from command /home/ubuntu/miniconda/envs/_build/bin/python -c "import setuptools, tokenize;__file__='/tmp/pip-build-A7sjQN/pymssql/setup.py';exec(compile(getattr(tokenize, 'open', open)(__file__).read().replace('\r\n', '\n'), __file__, 'exec'))" install --record /tmp/pip-266XPe-record/install-record.txt --single-version-externally-managed --compile:
    setup.py: platform.system() => 'Linux'
    setup.py: platform.architecture() => ('64bit', 'ELF')
    setup.py: platform.linux_distribution() => ('debian', 'jessie/sid', '')
    setup.py: platform.libc_ver() => ('glibc', '2.2.5')
    setup.py: Not using bundled FreeTDS
    setup.py: include_dirs = ['/usr/local/include']
    setup.py: library_dirs = ['/usr/local/lib']
    running install
    running build
    running build_ext
    building '_mssql' extension
    creating build
    creating build/temp.linux-x86_64-2.7
    gcc -pthread -fno-strict-aliasing -g -O2 -DNDEBUG -g -fwrapv -O3 -Wall -Wstrict-prototypes -fPIC -I/usr/local/include -I/home/ubuntu/miniconda/envs/_build/include/python2.7 -c _mssql.c -o build/temp.linux-x86_64-2.7/_mssql.o -DMSDBLIB
    _mssql.c:314:22: fatal error: sqlfront.h: No such file or directory
     #include "sqlfront.h"
                          ^
    compilation terminated.
    error: command 'gcc' failed with exit status 1
    
    ----------------------------------------
Command "/home/ubuntu/miniconda/envs/_build/bin/python -c "import setuptools, tokenize;__file__='/tmp/pip-build-A7sjQN/pymssql/setup.py';exec(compile(getattr(tokenize, 'open', open)(__file__).read().replace('\r\n', '\n'), __file__, 'exec'))" install --record /tmp/pip-266XPe-record/install-record.txt --single-version-externally-managed --compile" failed with error code 1 in /tmp/pip-build-A7sjQN/pymssql

The following NEW packages will be INSTALLED:

    openssl:    1.0.1k-1     
    pip:        7.0.3-py27_0 
    python:     2.7.10-0     
    readline:   6.2-2        
    setuptools: 18.0.1-py27_0
    sqlite:     3.8.4.1-1    
    system:     5.8-2        
    tk:         8.5.18-0     
    zlib:       1.2.8-0      

Linking packages ...
[                    ]|                                                  |   0%[openssl             ]|                                                  |   0%[readline            ]|#####                                             |  11%[sqlite              ]|###########                                       |  22%[system              ]|################                                  |  33%[tk                  ]|######################                            |  44%[zlib                ]|###########################                       |  55%[python              ]|#################################                 |  66%[setuptools          ]|######################################            |  77%[pip                 ]|############################################      |  88%[      COMPLETE      ]|##################################################| 100%
Removing old work directory
Copying /home/ubuntu/pypi-conda-builds/pymssql to /home/ubuntu/miniconda/conda-bld/work
Package: pymssql-2.1.1-py_0
source tree in: /home/ubuntu/miniconda/conda-bld/work
Command failed: /bin/bash -x -e /home/ubuntu/pypi-conda-builds/pymssql/build.sh
Package search: {'_pypi_ordering': False, 'version': '1.0.2', 'name': 'pymssql', 'summary': 'DB-API interface to Microsoft SQL Server for Python. (old C-based version)'}
Creating standard recipe for pymssql-2.1.1
Converting recipe in /home/ubuntu/pypi-conda-builds/pymssql
package = pymssql
   dependencies = []
Building conda package for pymssql
