Error: prefix already exists: /home/ubuntu/miniconda/envs/_pipbuild_
Collecting pyobjc-core==3.0.4
  Downloading http://localhost/packages/source/p/pyobjc-core/pyobjc-core-3.0.4.tar.gz (2.2MB)
setuptools must be installed to install from a source distribution
Package search: {'_pypi_ordering': False, 'version': '3.0.4', 'name': 'pyobjc-core', 'summary': 'Python<->ObjC Interoperability Module'}
Creating standard recipe for pyobjc-core-3.0.4
Using url https://pypi.python.org/packages/source/p/pyobjc-core/pyobjc-core-3.0.4.tar.gz (2.1 MB) for pyobjc-core.
Downloading pyobjc-core
Using cached download
Unpacking pyobjc-core...
done
working in /tmp/tmpaYQAVjconda_skeleton_pyobjc-core-3.0.4.tar.gz
Fetching package metadata: ......

WARNING: conda-build appears to be out of date. You have version 1.13.0 but the
latest version is 1.14.0. Run

conda update -n root conda-build

to get the latest version.

Solving package specifications: .patching file core.py
Hunk #1 succeeded at 168 with fuzz 2 (offset 2 lines).
This package requires setuptools to build

The following NEW packages will be INSTALLED:

    numpy:  1.9.2-py27_0
    pyyaml: 3.11-py27_1 
    yaml:   0.1.6-0     

Linking packages ...
[                    ]|                                                  |   0%[yaml                ]|                                                  |   0%[numpy               ]|################                                  |  33%[pyyaml              ]|#################################                 |  66%[      COMPLETE      ]|##################################################| 100%
Applying patch: '/tmp/tmpaYQAVjconda_skeleton_pyobjc-core-3.0.4.tar.gz/pypi-distutils.patch'
$PYTHONPATH = /tmp/tmpaYQAVjconda_skeleton_pyobjc-core-3.0.4.tar.gz/pyobjc-core-3.0.4
Error: command failed: /home/ubuntu/miniconda/envs/_build/bin/python setup.py install

conda create -n _pipbuild_ --yes python pip
/home/ubuntu/miniconda/envs/_pipbuild_/bin/pip install pyobjc-core==3.0.4
Error: Could not pip install pyobjc-core==3.0.4
