Warning, the following versions were found for pyobjc-core
3.0.4
3.0.3
3.0.1
2.5.1
2.4
2.3
2.2
2.2b2
2.2b1
Using 3.0.4
Use --version to specify a different version.
Using url https://pypi.python.org/packages/source/p/pyobjc-core/pyobjc-core-3.0.4.tar.gz (2.1 MB) for pyobjc-core.
Downloading pyobjc-core
Using cached download
Unpacking pyobjc-core...
done
working in /tmp/tmpm6vR6Wconda_skeleton_pyobjc-core-3.0.4.tar.gz
Fetching package metadata: ......

WARNING: conda-build appears to be out of date. You have version 1.13.0 but the
latest version is 1.14.1. Run

conda update -n root conda-build

to get the latest version.

Solving package specifications: .patching file core.py
Hunk #1 succeeded at 168 with fuzz 2 (offset 2 lines).
Traceback (most recent call last):
  File "setup.py", line 47, in <module>
    tuple(map(int, platform.mac_ver()[0].split('.')[:2]))),
ValueError: invalid literal for int() with base 10: ''

The following NEW packages will be INSTALLED:

    numpy:      1.9.2-py27_0 
    openssl:    1.0.1k-1     
    pip:        7.0.3-py27_0 
    python:     2.7.10-0     
    pyyaml:     3.11-py27_1  
    readline:   6.2-2        
    setuptools: 18.0.1-py27_0
    sqlite:     3.8.4.1-1    
    system:     5.8-2        
    tk:         8.5.18-0     
    yaml:       0.1.6-0      
    zlib:       1.2.8-0      

Linking packages ...
[                    ]|                                                  |   0%[openssl             ]|                                                  |   0%[readline            ]|####                                              |   8%[sqlite              ]|########                                          |  16%[system              ]|############                                      |  25%[tk                  ]|################                                  |  33%[yaml                ]|####################                              |  41%[zlib                ]|#########################                         |  50%[numpy               ]|#############################                     |  58%[python              ]|#################################                 |  66%[pyyaml              ]|#####################################             |  75%[setuptools          ]|#########################################         |  83%[pip                 ]|#############################################     |  91%[      COMPLETE      ]|##################################################| 100%
Applying patch: '/tmp/tmpm6vR6Wconda_skeleton_pyobjc-core-3.0.4.tar.gz/pypi-distutils.patch'
$PYTHONPATH = /tmp/tmpm6vR6Wconda_skeleton_pyobjc-core-3.0.4.tar.gz/pyobjc-core-3.0.4
Error: command failed: /home/ubuntu/miniconda/envs/_build/bin/python setup.py install
