Removing old build directory
Removing old work directory
BUILD START: pyopengl-3.1.1a1-py_0
Fetching package metadata: ......

WARNING: conda-build appears to be out of date. You have version 1.13.0 but the
latest version is 1.14.1. Run

conda update -n root conda-build

to get the latest version.

Solving package specifications: .+ pip install PyOpenGL
Collecting PyOpenGL
  Downloading http://localhost/packages/source/P/PyOpenGL/PyOpenGL-3.1.0.tar.gz (1.2MB)
Installing collected packages: PyOpenGL
  Running setup.py install for PyOpenGL
Successfully installed PyOpenGL-3.1.0

The following NEW packages will be INSTALLED:

    openssl:    1.0.1k-1     
    pip:        7.0.3-py27_0 
    python:     2.7.10-0     
    readline:   6.2-2        
    setuptools: 18.0.1-py27_0
    sqlite:     3.8.4.1-1    
    system:     5.8-2        
    tk:         8.5.18-0     
    zlib:       1.2.8-0      

Linking packages ...
[                    ]|                                                  |   0%[openssl             ]|                                                  |   0%[readline            ]|#####                                             |  11%[sqlite              ]|###########                                       |  22%[system              ]|################                                  |  33%[tk                  ]|######################                            |  44%[zlib                ]|###########################                       |  55%[python              ]|#################################                 |  66%[setuptools          ]|######################################            |  77%[pip                 ]|############################################      |  88%[      COMPLETE      ]|##################################################| 100%
Removing old work directory
Copying /home/ubuntu/pypi-conda-builds/pyopengl to /home/ubuntu/miniconda/conda-bld/work
Package: pyopengl-3.1.1a1-py_0
source tree in: /home/ubuntu/miniconda/conda-bld/work
number of files: 4267
Fixing permissions
Fixing permissions
BUILD END: pyopengl-3.1.1a1-py_0
# If you want to upload this package to binstar.org later, type:
#
# $ binstar upload /home/ubuntu/miniconda/conda-bld/noarch/pyopengl-3.1.1a1-py_0.tar.bz2
#
# To have conda build upload to binstar automatically, use
# $ conda config --set binstar_upload yes

Package search: {'_pypi_ordering': False, 'version': '3.0.1', 'name': 'PyOpenGL', 'summary': 'Standard OpenGL bindings for Python'}
Creating standard recipe for pyopengl-3.1.1a1
Converting recipe in /home/ubuntu/pypi-conda-builds/pyopengl
package = PyOpenGL
   dependencies = []
Building conda package for pyopengl
