Error: prefix already exists: /home/ubuntu/miniconda/envs/_pipbuild_
Collecting pyramid-jinja2==2.5
  Downloading http://localhost/packages/source/p/pyramid_jinja2/pyramid_jinja2-2.5.tar.gz (63kB)
setuptools must be installed to install from a source distribution
Package search: {'_pypi_ordering': False, 'version': '2.5', 'name': 'pyramid_jinja2', 'summary': 'Jinja2 template bindings for the Pyramid web framework'}
Creating standard recipe for pyramid_jinja2-2.5
Using url https://pypi.python.org/packages/source/p/pyramid_jinja2/pyramid_jinja2-2.5.tar.gz (62 KB) for pyramid_jinja2.
Downloading pyramid_jinja2
Using cached download
Unpacking pyramid_jinja2...
done
working in /tmp/tmpy49jcuconda_skeleton_pyramid_jinja2-2.5.tar.gz
Fetching package metadata: ......

WARNING: conda-build appears to be out of date. You have version 1.13.0 but the
latest version is 1.14.0. Run

conda update -n root conda-build

to get the latest version.

Solving package specifications: .patching file core.py
Hunk #1 succeeded at 168 with fuzz 2 (offset 2 lines).
Traceback (most recent call last):
  File "setup.py", line 18, in <module>
    from setuptools import setup, find_packages
ImportError: No module named setuptools

Applying patch: '/tmp/tmpy49jcuconda_skeleton_pyramid_jinja2-2.5.tar.gz/pypi-distutils.patch'
$PYTHONPATH = /tmp/tmpy49jcuconda_skeleton_pyramid_jinja2-2.5.tar.gz/pyramid_jinja2-2.5
Error: command failed: /home/ubuntu/miniconda/envs/_build/bin/python setup.py install

conda create -n _pipbuild_ --yes python pip
/home/ubuntu/miniconda/envs/_pipbuild_/bin/pip install pyramid_jinja2==2.5
Error: Could not pip install pyramid_jinja2==2.5
