Error: prefix already exists: /home/ubuntu/miniconda/envs/_pipbuild_
Collecting pyramid-beaker==0.8
  Downloading http://localhost/packages/source/p/pyramid_beaker/pyramid_beaker-0.8.tar.gz
setuptools must be installed to install from a source distribution
Package search: {'_pypi_ordering': False, 'version': '0.8', 'name': 'pyramid_beaker', 'summary': 'Beaker session factory backend for Pyramid'}
Creating standard recipe for pyramid_beaker-0.8
Using url https://pypi.python.org/packages/source/p/pyramid_beaker/pyramid_beaker-0.8.tar.gz (21 KB) for pyramid_beaker.
Downloading pyramid_beaker
Using cached download
Unpacking pyramid_beaker...
done
working in /tmp/tmpK9LIKGconda_skeleton_pyramid_beaker-0.8.tar.gz
Fetching package metadata: ......

WARNING: conda-build appears to be out of date. You have version 1.13.0 but the
latest version is 1.14.0. Run

conda update -n root conda-build

to get the latest version.

Solving package specifications: .patching file core.py
Hunk #1 succeeded at 168 with fuzz 2 (offset 2 lines).
Traceback (most recent call last):
  File "setup.py", line 17, in <module>
    from setuptools import setup
ImportError: No module named setuptools

Applying patch: '/tmp/tmpK9LIKGconda_skeleton_pyramid_beaker-0.8.tar.gz/pypi-distutils.patch'
$PYTHONPATH = /tmp/tmpK9LIKGconda_skeleton_pyramid_beaker-0.8.tar.gz/pyramid_beaker-0.8
Error: command failed: /home/ubuntu/miniconda/envs/_build/bin/python setup.py install

conda create -n _pipbuild_ --yes python pip
/home/ubuntu/miniconda/envs/_pipbuild_/bin/pip install pyramid_beaker==0.8
Error: Could not pip install pyramid_beaker==0.8
