Warning, the following versions were found for pyreadline
2.0
1.7.1
1.7
1.6.2
1.6.1
1.6
1.5
1.3.svn
Using 2.0
Use --version to specify a different version.
Using url https://pypi.python.org/packages/source/p/pyreadline/pyreadline-2.0.zip (106 KB) for pyreadline.
Downloading pyreadline
Using cached download
Unpacking pyreadline...
done
working in /tmp/tmppcSp_Fconda_skeleton_pyreadline-2.0.zip
Fetching package metadata: ......

WARNING: conda-build appears to be out of date. You have version 1.13.0 but the
latest version is 1.14.1. Run

conda update -n root conda-build

to get the latest version.

Solving package specifications: .patching file core.py
Hunk #1 succeeded at 168 with fuzz 2 (offset 2 lines).

Applying patch: '/tmp/tmppcSp_Fconda_skeleton_pyreadline-2.0.zip/pypi-distutils.patch'
Writing recipe for pyreadline
Done
