pyrss2gen not found, trying PyRSS2Gen
Warning, the following versions were found for PyRSS2Gen
1.1
1.0.0
Using 1.1
Use --version to specify a different version.
Using url https://pypi.python.org/packages/source/P/PyRSS2Gen/PyRSS2Gen-1.1.tar.gz (7 KB) for PyRSS2Gen.
Downloading PyRSS2Gen
Using cached download
Unpacking PyRSS2Gen...
done
working in /tmp/tmp2ERg5Fconda_skeleton_PyRSS2Gen-1.1.tar.gz
Fetching package metadata: ......

WARNING: conda-build appears to be out of date. You have version 1.13.0 but the
latest version is 1.14.1. Run

conda update -n root conda-build

to get the latest version.

Solving package specifications: .patching file core.py
Hunk #1 succeeded at 168 with fuzz 2 (offset 2 lines).

The following NEW packages will be INSTALLED:

    numpy:  1.9.2-py27_0
    pyyaml: 3.11-py27_1 
    yaml:   0.1.6-0     

Linking packages ...
[                    ]|                                                  |   0%[yaml                ]|                                                  |   0%[numpy               ]|################                                  |  33%[pyyaml              ]|#################################                 |  66%[      COMPLETE      ]|##################################################| 100%
Applying patch: '/tmp/tmp2ERg5Fconda_skeleton_PyRSS2Gen-1.1.tar.gz/pypi-distutils.patch'
Writing recipe for pyrss2gen
Done
