Error: prefix already exists: /home/ubuntu/miniconda/envs/_pipbuild_
Collecting pyrsistent==0.10.3
  Could not find a version that satisfies the requirement pyrsistent==0.10.3 (from versions: 0.1.0, 0.2.0, 0.2.1, 0.3.0, 0.3.1, 0.4.0, 0.5.0, 0.6.0, 0.6.1, 0.6.2, 0.6.3, 0.7.0, 0.7.1, 0.8.0, 0.9.0, 0.9.1, 0.9.2, 0.9.3, 0.9.4, 0.10.0, 0.10.1)
No matching distribution found for pyrsistent==0.10.3
Package search: {'_pypi_ordering': False, 'version': '0.10.3', 'name': 'pyrsistent', 'summary': 'Persistent/Functional/Immutable data structures'}
Creating standard recipe for pyrsistent-0.10.3
Using url https://pypi.python.org/packages/source/p/pyrsistent/pyrsistent-0.10.3.tar.gz (58 KB) for pyrsistent.
Downloading pyrsistent
Using cached download
Unpacking pyrsistent...
done
working in /tmp/tmpNYnsC6conda_skeleton_pyrsistent-0.10.3.tar.gz
Fetching package metadata: ......

WARNING: conda-build appears to be out of date. You have version 1.13.0 but the
latest version is 1.14.0. Run

conda update -n root conda-build

to get the latest version.

Solving package specifications: .patching file core.py
Hunk #1 succeeded at 168 with fuzz 2 (offset 2 lines).
Traceback (most recent call last):
  File "setup.py", line 2, in <module>
    from setuptools import setup, Extension
ImportError: No module named setuptools

Applying patch: '/tmp/tmpNYnsC6conda_skeleton_pyrsistent-0.10.3.tar.gz/pypi-distutils.patch'
$PYTHONPATH = /tmp/tmpNYnsC6conda_skeleton_pyrsistent-0.10.3.tar.gz/pyrsistent-0.10.3
Error: command failed: /home/ubuntu/miniconda/envs/_build/bin/python setup.py install

conda create -n _pipbuild_ --yes python pip
/home/ubuntu/miniconda/envs/_pipbuild_/bin/pip install pyrsistent==0.10.3
Error: Could not pip install pyrsistent==0.10.3
