Error: prefix already exists: /home/ubuntu/miniconda/envs/_pipbuild_
Collecting pysaml2==2.4.0
  Downloading http://localhost/packages/source/p/pysaml2/pysaml2-2.4.0.tar.gz (4.1MB)
setuptools must be installed to install from a source distribution
Package search: {'_pypi_ordering': False, 'version': '2.4.0', 'name': 'pysaml2', 'summary': 'Python implementation of SAML Version 2'}
Creating standard recipe for pysaml2-2.4.0
Using url https://pypi.python.org/packages/source/p/pysaml2/pysaml2-2.4.0.tar.gz (3.9 MB) for pysaml2.
Downloading pysaml2
Using cached download
Unpacking pysaml2...
done
working in /tmp/tmpLozCbtconda_skeleton_pysaml2-2.4.0.tar.gz
Fetching package metadata: ......

WARNING: conda-build appears to be out of date. You have version 1.13.0 but the
latest version is 1.14.0. Run

conda update -n root conda-build

to get the latest version.

Solving package specifications: .patching file core.py
Hunk #1 succeeded at 168 with fuzz 2 (offset 2 lines).
Traceback (most recent call last):
  File "setup.py", line 5, in <module>
    from setuptools import setup
ImportError: No module named setuptools

Applying patch: '/tmp/tmpLozCbtconda_skeleton_pysaml2-2.4.0.tar.gz/pypi-distutils.patch'
$PYTHONPATH = /tmp/tmpLozCbtconda_skeleton_pysaml2-2.4.0.tar.gz/pysaml2-2.4.0
Error: command failed: /home/ubuntu/miniconda/envs/_build/bin/python setup.py install

conda create -n _pipbuild_ --yes python pip
/home/ubuntu/miniconda/envs/_pipbuild_/bin/pip install pysaml2==2.4.0
Error: Could not pip install pysaml2==2.4.0
