Removing old build directory
Removing old work directory
BUILD START: pyside-1.2.2-py_0
Fetching package metadata: ......

WARNING: conda-build appears to be out of date. You have version 1.13.0 but the
latest version is 1.14.1. Run

conda update -n root conda-build

to get the latest version.

Solving package specifications: .+ pip install PySide
Collecting PySide
  Downloading http://localhost/packages/source/P/PySide/PySide-1.2.2.tar.gz (9.3MB)
Installing collected packages: PySide
  Running setup.py install for PySide
    Complete output from command /home/ubuntu/miniconda/envs/_build/bin/python -c "import setuptools, tokenize;__file__='/tmp/pip-build-0z9Q_X/PySide/setup.py';exec(compile(getattr(tokenize, 'open', open)(__file__).read().replace('\r\n', '\n'), __file__, 'exec'))" install --record /tmp/pip-rOvhoo-record/install-record.txt --single-version-externally-managed --compile:
    Removing /tmp/pip-build-0z9Q_X/PySide/pyside_package
    running install
    running build
    Python architecture is 64bit
    error: You need the program "make" on your system path to compile PySide.
    
    ----------------------------------------
Command "/home/ubuntu/miniconda/envs/_build/bin/python -c "import setuptools, tokenize;__file__='/tmp/pip-build-0z9Q_X/PySide/setup.py';exec(compile(getattr(tokenize, 'open', open)(__file__).read().replace('\r\n', '\n'), __file__, 'exec'))" install --record /tmp/pip-rOvhoo-record/install-record.txt --single-version-externally-managed --compile" failed with error code 1 in /tmp/pip-build-0z9Q_X/PySide

The following NEW packages will be INSTALLED:

    openssl:    1.0.1k-1     
    pip:        7.0.3-py27_0 
    python:     2.7.10-0     
    readline:   6.2-2        
    setuptools: 18.0.1-py27_0
    sqlite:     3.8.4.1-1    
    system:     5.8-2        
    tk:         8.5.18-0     
    zlib:       1.2.8-0      

Linking packages ...
[                    ]|                                                  |   0%[openssl             ]|                                                  |   0%[readline            ]|#####                                             |  11%[sqlite              ]|###########                                       |  22%[system              ]|################                                  |  33%[tk                  ]|######################                            |  44%[zlib                ]|###########################                       |  55%[python              ]|#################################                 |  66%[setuptools          ]|######################################            |  77%[pip                 ]|############################################      |  88%[      COMPLETE      ]|##################################################| 100%
Removing old work directory
Copying /home/ubuntu/pypi-conda-builds/pyside to /home/ubuntu/miniconda/conda-bld/work
Package: pyside-1.2.2-py_0
source tree in: /home/ubuntu/miniconda/conda-bld/work
Command failed: /bin/bash -x -e /home/ubuntu/pypi-conda-builds/pyside/build.sh
Package search: {'_pypi_ordering': False, 'version': '1.2.2', 'name': 'PySide', 'summary': 'Python bindings for the Qt cross-platform application and UI framework'}
Creating standard recipe for pyside-1.2.2
Converting recipe in /home/ubuntu/pypi-conda-builds/pyside
package = PySide
   dependencies = []
Building conda package for pyside
