Removing old build directory
Removing old work directory
BUILD START: pyside-1.2.2-py_0
Fetching package metadata: ......

WARNING: conda-build appears to be out of date. You have version 1.13.0 but the
latest version is 1.14.1. Run

conda update -n root conda-build

to get the latest version.

Solving package specifications: .+ /home/ubuntu/miniconda/envs/_build/bin/python setup.py install
Removing /home/ubuntu/miniconda/conda-bld/work/PySide-1.2.2/pyside_package
running install
running build
Python architecture is 64bit
error: You need the program "make" on your system path to compile PySide.

The following NEW packages will be INSTALLED:

    openssl:    1.0.1k-1     
    pip:        7.0.3-py27_0 
    python:     2.7.10-0     
    readline:   6.2-2        
    setuptools: 18.0.1-py27_0
    sqlite:     3.8.4.1-1    
    system:     5.8-2        
    tk:         8.5.18-0     
    zlib:       1.2.8-0      

Linking packages ...
[                    ]|                                                  |   0%[openssl             ]|                                                  |   0%[readline            ]|#####                                             |  11%[sqlite              ]|###########                                       |  22%[system              ]|################                                  |  33%[tk                  ]|######################                            |  44%[zlib                ]|###########################                       |  55%[python              ]|#################################                 |  66%[setuptools          ]|######################################            |  77%[pip                 ]|############################################      |  88%[      COMPLETE      ]|##################################################| 100%
Removing old work directory
Source cache directory is: /home/ubuntu/miniconda/conda-bld/src_cache
Found source in cache: PySide-1.2.2.tar.gz
Extracting download
Package: pyside-1.2.2-py_0
source tree in: /home/ubuntu/miniconda/conda-bld/work/PySide-1.2.2
Command failed: /bin/bash -x -e /home/ubuntu/pypi-conda-builds/recipes/pyside/build.sh
