pyside not found, trying PySide
Warning, the following versions were found for PySide
1.2.2
1.2.1
1.2.0
1.1.2
1.1.1qt474
1.1.0qt474
1.0.9qt474
1.0.7qt474
1.0.6qt474
1.0.6qt473
1.0.5qt473
1.0.4qt473
1.0.3qt473
1.0.2qt472
1.0.1qt472
1.0.0qt472
Using 1.2.2
Use --version to specify a different version.
Using url https://pypi.python.org/packages/source/P/PySide/PySide-1.2.2.tar.gz (8.8 MB) for PySide.
Downloading PySide
Using cached download
Unpacking PySide...
done
working in /tmp/tmpjDY2mGconda_skeleton_PySide-1.2.2.tar.gz
Fetching package metadata: ......

WARNING: conda-build appears to be out of date. You have version 1.13.0 but the
latest version is 1.14.1. Run

conda update -n root conda-build

to get the latest version.

Solving package specifications: .patching file core.py
Hunk #1 succeeded at 168 with fuzz 2 (offset 2 lines).
Removing /tmp/tmpjDY2mGconda_skeleton_PySide-1.2.2.tar.gz/PySide-1.2.2/pyside_package

Applying patch: '/tmp/tmpjDY2mGconda_skeleton_PySide-1.2.2.tar.gz/pypi-distutils.patch'
Writing recipe for pyside
Done
