Removing old build directory
Removing old work directory
BUILD START: pysqlite-2.6.3-py_0
Fetching package metadata: ......

WARNING: conda-build appears to be out of date. You have version 1.13.0 but the
latest version is 1.14.1. Run

conda update -n root conda-build

to get the latest version.

Solving package specifications: .+ pip install pysqlite
Collecting pysqlite
  Downloading http://localhost/packages/source/p/pysqlite/pysqlite-2.6.3.tar.gz (76kB)
Installing collected packages: pysqlite
  Running setup.py install for pysqlite
    Complete output from command /home/ubuntu/miniconda/envs/_build/bin/python -c "import setuptools, tokenize;__file__='/tmp/pip-build-tKyvIp/pysqlite/setup.py';exec(compile(getattr(tokenize, 'open', open)(__file__).read().replace('\r\n', '\n'), __file__, 'exec'))" install --record /tmp/pip-1amyVl-record/install-record.txt --single-version-externally-managed --compile:
    running install
    running build
    running build_py
    creating build
    creating build/lib.linux-x86_64-2.7
    creating build/lib.linux-x86_64-2.7/pysqlite2
    copying lib/dbapi2.py -> build/lib.linux-x86_64-2.7/pysqlite2
    copying lib/__init__.py -> build/lib.linux-x86_64-2.7/pysqlite2
    copying lib/dump.py -> build/lib.linux-x86_64-2.7/pysqlite2
    creating build/lib.linux-x86_64-2.7/pysqlite2/test
    copying lib/test/regression.py -> build/lib.linux-x86_64-2.7/pysqlite2/test
    copying lib/test/types.py -> build/lib.linux-x86_64-2.7/pysqlite2/test
    copying lib/test/userfunctions.py -> build/lib.linux-x86_64-2.7/pysqlite2/test
    copying lib/test/factory.py -> build/lib.linux-x86_64-2.7/pysqlite2/test
    copying lib/test/hooks.py -> build/lib.linux-x86_64-2.7/pysqlite2/test
    copying lib/test/transactions.py -> build/lib.linux-x86_64-2.7/pysqlite2/test
    copying lib/test/__init__.py -> build/lib.linux-x86_64-2.7/pysqlite2/test
    copying lib/test/dbapi.py -> build/lib.linux-x86_64-2.7/pysqlite2/test
    copying lib/test/dump.py -> build/lib.linux-x86_64-2.7/pysqlite2/test
    creating build/lib.linux-x86_64-2.7/pysqlite2/test/py25
    copying lib/test/py25/py25tests.py -> build/lib.linux-x86_64-2.7/pysqlite2/test/py25
    copying lib/test/py25/__init__.py -> build/lib.linux-x86_64-2.7/pysqlite2/test/py25
    running build_ext
    building 'pysqlite2._sqlite' extension
    creating build/temp.linux-x86_64-2.7
    creating build/temp.linux-x86_64-2.7/src
    gcc -pthread -fno-strict-aliasing -g -O2 -DNDEBUG -g -fwrapv -O3 -Wall -Wstrict-prototypes -fPIC -DMODULE_NAME="pysqlite2.dbapi2" -DSQLITE_OMIT_LOAD_EXTENSION=1 -I/home/ubuntu/miniconda/envs/_build/include/python2.7 -c src/module.c -o build/temp.linux-x86_64-2.7/src/module.o
    In file included from src/module.c:24:0:
    src/connection.h:33:21: fatal error: sqlite3.h: No such file or directory
     #include "sqlite3.h"
                         ^
    compilation terminated.
    error: command 'gcc' failed with exit status 1
    
    ----------------------------------------
Command "/home/ubuntu/miniconda/envs/_build/bin/python -c "import setuptools, tokenize;__file__='/tmp/pip-build-tKyvIp/pysqlite/setup.py';exec(compile(getattr(tokenize, 'open', open)(__file__).read().replace('\r\n', '\n'), __file__, 'exec'))" install --record /tmp/pip-1amyVl-record/install-record.txt --single-version-externally-managed --compile" failed with error code 1 in /tmp/pip-build-tKyvIp/pysqlite

The following NEW packages will be INSTALLED:

    openssl:    1.0.1k-1     
    pip:        7.0.3-py27_0 
    python:     2.7.10-0     
    readline:   6.2-2        
    setuptools: 18.0.1-py27_0
    sqlite:     3.8.4.1-1    
    system:     5.8-2        
    tk:         8.5.18-0     
    zlib:       1.2.8-0      

Linking packages ...
[                    ]|                                                  |   0%[openssl             ]|                                                  |   0%[readline            ]|#####                                             |  11%[sqlite              ]|###########                                       |  22%[system              ]|################                                  |  33%[tk                  ]|######################                            |  44%[zlib                ]|###########################                       |  55%[python              ]|#################################                 |  66%[setuptools          ]|######################################            |  77%[pip                 ]|############################################      |  88%[      COMPLETE      ]|##################################################| 100%
Removing old work directory
Copying /home/ubuntu/pypi-conda-builds/pysqlite to /home/ubuntu/miniconda/conda-bld/work
Package: pysqlite-2.6.3-py_0
source tree in: /home/ubuntu/miniconda/conda-bld/work
Command failed: /bin/bash -x -e /home/ubuntu/pypi-conda-builds/pysqlite/build.sh
Package search: {'_pypi_ordering': False, 'version': '2.6.3', 'name': 'pysqlite', 'summary': 'DB-API 2.0 interface for SQLite 3.x'}
Creating standard recipe for pysqlite-2.6.3
Converting recipe in /home/ubuntu/pypi-conda-builds/pysqlite
package = pysqlite
   dependencies = []
Building conda package for pysqlite
