Error: prefix already exists: /home/ubuntu/miniconda/envs/_pipbuild_
Collecting pystache==0.5.4
  Downloading http://localhost/packages/source/p/pystache/pystache-0.5.4.tar.gz (75kB)
setuptools must be installed to install from a source distribution
Package search: {'_pypi_ordering': False, 'version': '0.5.4', 'name': 'pystache', 'summary': 'Mustache for Python'}
Creating standard recipe for pystache-0.5.4
Using url https://pypi.python.org/packages/source/p/pystache/pystache-0.5.4.tar.gz (73 KB) for pystache.
Downloading pystache
Using cached download
Unpacking pystache...
done
working in /tmp/tmpisMUyuconda_skeleton_pystache-0.5.4.tar.gz
Fetching package metadata: ......

WARNING: conda-build appears to be out of date. You have version 1.13.0 but the
latest version is 1.14.0. Run

conda update -n root conda-build

to get the latest version.

Solving package specifications: .patching file core.py
Hunk #1 succeeded at 168 with fuzz 2 (offset 2 lines).
Traceback (most recent call last):
  File "setup.py", line 111, in <module>
    import setuptools as dist
ImportError: No module named setuptools

Applying patch: '/tmp/tmpisMUyuconda_skeleton_pystache-0.5.4.tar.gz/pypi-distutils.patch'
$PYTHONPATH = /tmp/tmpisMUyuconda_skeleton_pystache-0.5.4.tar.gz/pystache-0.5.4
Error: command failed: /home/ubuntu/miniconda/envs/_build/bin/python setup.py install

conda create -n _pipbuild_ --yes python pip
/home/ubuntu/miniconda/envs/_pipbuild_/bin/pip install pystache==0.5.4
Error: Could not pip install pystache==0.5.4
