Error: prefix already exists: /home/ubuntu/miniconda/envs/_pipbuild_
Collecting python-barbicanclient==3.2.0
  Could not find a version that satisfies the requirement python-barbicanclient==3.2.0 (from versions: 0.1.dev0, 0.2.dev0, 0.3.0, 0.4.0, 0.4.1, 1.0.0, 2.0.0, 2.1.0, 2.2.1, 3.0.0, 3.0.1, 3.0.2, 3.0.3, 3.1.0, 3.1.1)
No matching distribution found for python-barbicanclient==3.2.0
Package search: {'_pypi_ordering': False, 'version': '3.2.0', 'name': 'python-barbicanclient', 'summary': 'Client Library for OpenStack Barbican Key Management API'}
Creating standard recipe for python-barbicanclient-3.2.0
Using url https://pypi.python.org/packages/source/p/python-barbicanclient/python-barbicanclient-3.2.0.tar.gz (67 KB) for python-barbicanclient.
Downloading python-barbicanclient
Using cached download
Unpacking python-barbicanclient...
done
working in /tmp/tmpcLBBQ3conda_skeleton_python-barbicanclient-3.2.0.tar.gz
Fetching package metadata: ......

WARNING: conda-build appears to be out of date. You have version 1.13.0 but the
latest version is 1.14.0. Run

conda update -n root conda-build

to get the latest version.

Solving package specifications: .patching file core.py
Hunk #1 succeeded at 168 with fuzz 2 (offset 2 lines).
Traceback (most recent call last):
  File "setup.py", line 18, in <module>
    import setuptools
ImportError: No module named setuptools

The following NEW packages will be INSTALLED:

    numpy:  1.9.2-py27_0
    pyyaml: 3.11-py27_1 
    yaml:   0.1.6-0     

Linking packages ...
[                    ]|                                                  |   0%[yaml                ]|                                                  |   0%[numpy               ]|################                                  |  33%[pyyaml              ]|#################################                 |  66%[      COMPLETE      ]|##################################################| 100%
Applying patch: '/tmp/tmpcLBBQ3conda_skeleton_python-barbicanclient-3.2.0.tar.gz/pypi-distutils.patch'
$PYTHONPATH = /tmp/tmpcLBBQ3conda_skeleton_python-barbicanclient-3.2.0.tar.gz/python-barbicanclient-3.2.0
Error: command failed: /home/ubuntu/miniconda/envs/_build/bin/python setup.py install

conda create -n _pipbuild_ --yes python pip
/home/ubuntu/miniconda/envs/_pipbuild_/bin/pip install python-barbicanclient==3.2.0
Error: Could not pip install python-barbicanclient==3.2.0
