Error: prefix already exists: /home/ubuntu/miniconda/envs/_pipbuild_
Collecting python-heatclient==0.6.0
  Downloading http://localhost/packages/py2.py3/p/python-heatclient/python_heatclient-0.6.0-py2.py3-none-any.whl (123kB)
Collecting oslo.serialization>=1.4.0 (from python-heatclient==0.6.0)
  Downloading http://localhost/packages/py2.py3/o/oslo.serialization/oslo.serialization-1.5.0-py2.py3-none-any.whl
Collecting python-swiftclient>=2.2.0 (from python-heatclient==0.6.0)
  Downloading http://localhost/packages/py2.py3/p/python-swiftclient/python_swiftclient-2.4.0-py2.py3-none-any.whl (53kB)
Collecting oslo.i18n>=1.5.0 (from python-heatclient==0.6.0)
  Downloading http://localhost/packages/py2.py3/o/oslo.i18n/oslo.i18n-1.6.0-py2.py3-none-any.whl
Collecting pbr<2.0,>=0.11 (from python-heatclient==0.6.0)
  Downloading http://localhost/packages/py2.py3/p/pbr/pbr-0.11.0-py2.py3-none-any.whl (78kB)
Collecting argparse (from python-heatclient==0.6.0)
  Downloading http://localhost/packages/2.7/a/argparse/argparse-1.3.0-py2.py3-none-any.whl
Collecting requests>=2.5.2 (from python-heatclient==0.6.0)
  Downloading http://localhost/packages/2.7/r/requests/requests-2.7.0-py2.py3-none-any.whl (470kB)
Collecting oslo.utils>=1.4.0 (from python-heatclient==0.6.0)
  Downloading http://localhost/packages/py2.py3/o/oslo.utils/oslo.utils-1.5.0-py2.py3-none-any.whl (56kB)
Collecting iso8601>=0.1.9 (from python-heatclient==0.6.0)
  Downloading http://localhost/packages/source/i/iso8601/iso8601-0.1.10.tar.gz
setuptools must be installed to install from a source distribution
Package search: {'_pypi_ordering': False, 'version': '0.6.0', 'name': 'python-heatclient', 'summary': 'OpenStack Orchestration API Client Library'}
Creating standard recipe for python-heatclient-0.6.0
Using url https://pypi.python.org/packages/source/p/python-heatclient/python-heatclient-0.6.0.tar.gz (107 KB) for python-heatclient.
Downloading python-heatclient
Using cached download
Unpacking python-heatclient...
done
working in /tmp/tmpBjXtfMconda_skeleton_python-heatclient-0.6.0.tar.gz
Fetching package metadata: ......

WARNING: conda-build appears to be out of date. You have version 1.13.0 but the
latest version is 1.14.0. Run

conda update -n root conda-build

to get the latest version.

Solving package specifications: .patching file core.py
Hunk #1 succeeded at 168 with fuzz 2 (offset 2 lines).
Traceback (most recent call last):
  File "setup.py", line 18, in <module>
    import setuptools
ImportError: No module named setuptools

Applying patch: '/tmp/tmpBjXtfMconda_skeleton_python-heatclient-0.6.0.tar.gz/pypi-distutils.patch'
$PYTHONPATH = /tmp/tmpBjXtfMconda_skeleton_python-heatclient-0.6.0.tar.gz/python-heatclient-0.6.0
Error: command failed: /home/ubuntu/miniconda/envs/_build/bin/python setup.py install

conda create -n _pipbuild_ --yes python pip
/home/ubuntu/miniconda/envs/_pipbuild_/bin/pip install python-heatclient==0.6.0
Error: Could not pip install python-heatclient==0.6.0
