Error: prefix already exists: /home/ubuntu/miniconda/envs/_pipbuild_
Collecting python-stdnum==1.1
  Downloading http://localhost/packages/source/p/python-stdnum/python-stdnum-1.1.tar.gz (205kB)
setuptools must be installed to install from a source distribution
Package search: {'_pypi_ordering': False, 'version': '0.9', 'name': 'python-stdnum', 'summary': 'Python module to handle standardized numbers and codes'}
Creating standard recipe for python-stdnum-1.1
Using url https://pypi.python.org/packages/source/p/python-stdnum/python-stdnum-1.1.tar.gz (201 KB) for python-stdnum.
Downloading python-stdnum
Using cached download
Unpacking python-stdnum...
done
working in /tmp/tmp7BApHbconda_skeleton_python-stdnum-1.1.tar.gz
Fetching package metadata: ......

WARNING: conda-build appears to be out of date. You have version 1.13.0 but the
latest version is 1.14.0. Run

conda update -n root conda-build

to get the latest version.

Solving package specifications: .patching file core.py
Hunk #1 succeeded at 168 with fuzz 2 (offset 2 lines).
Traceback (most recent call last):
  File "setup.py", line 26, in <module>
    from setuptools import setup, find_packages
ImportError: No module named setuptools

Applying patch: '/tmp/tmp7BApHbconda_skeleton_python-stdnum-1.1.tar.gz/pypi-distutils.patch'
$PYTHONPATH = /tmp/tmp7BApHbconda_skeleton_python-stdnum-1.1.tar.gz/python-stdnum-1.1
Error: command failed: /home/ubuntu/miniconda/envs/_build/bin/python setup.py install

conda create -n _pipbuild_ --yes python pip
/home/ubuntu/miniconda/envs/_pipbuild_/bin/pip install python-stdnum==1.1
Error: Could not pip install python-stdnum==1.1
