Removing old build directory
Removing old work directory
BUILD START: python-swiftclient-2.4.0-py_0
Fetching package metadata: ......

WARNING: conda-build appears to be out of date. You have version 1.13.0 but the
latest version is 1.14.1. Run

conda update -n root conda-build

to get the latest version.

Solving package specifications: .+ /home/ubuntu/miniconda/envs/_build/bin/python setup.py install

Installed /home/ubuntu/miniconda/conda-bld/work/python-swiftclient-2.4.0/.eggs/pbr-1.2.0-py2.7.egg
running install
running build
running build_py
creating build
creating build/lib
creating build/lib/swiftclient
copying swiftclient/utils.py -> build/lib/swiftclient
copying swiftclient/multithreading.py -> build/lib/swiftclient
copying swiftclient/shell.py -> build/lib/swiftclient
copying swiftclient/version.py -> build/lib/swiftclient
copying swiftclient/client.py -> build/lib/swiftclient
copying swiftclient/service.py -> build/lib/swiftclient
copying swiftclient/__init__.py -> build/lib/swiftclient
copying swiftclient/command_helpers.py -> build/lib/swiftclient
copying swiftclient/exceptions.py -> build/lib/swiftclient
running egg_info
writing requirements to python_swiftclient.egg-info/requires.txt
writing python_swiftclient.egg-info/PKG-INFO
writing top-level names to python_swiftclient.egg-info/top_level.txt
writing dependency_links to python_swiftclient.egg-info/dependency_links.txt
writing entry points to python_swiftclient.egg-info/entry_points.txt
[pbr] Reusing existing SOURCES.txt
running build_scripts
creating build/scripts-2.7
copying and adjusting bin/swift -> build/scripts-2.7
changing mode of build/scripts-2.7/swift from 664 to 775
running install_lib
creating /home/ubuntu/miniconda/envs/_build/lib/python2.7/site-packages/swiftclient
copying build/lib/swiftclient/utils.py -> /home/ubuntu/miniconda/envs/_build/lib/python2.7/site-packages/swiftclient
copying build/lib/swiftclient/multithreading.py -> /home/ubuntu/miniconda/envs/_build/lib/python2.7/site-packages/swiftclient
copying build/lib/swiftclient/shell.py -> /home/ubuntu/miniconda/envs/_build/lib/python2.7/site-packages/swiftclient
copying build/lib/swiftclient/version.py -> /home/ubuntu/miniconda/envs/_build/lib/python2.7/site-packages/swiftclient
copying build/lib/swiftclient/client.py -> /home/ubuntu/miniconda/envs/_build/lib/python2.7/site-packages/swiftclient
copying build/lib/swiftclient/service.py -> /home/ubuntu/miniconda/envs/_build/lib/python2.7/site-packages/swiftclient
copying build/lib/swiftclient/__init__.py -> /home/ubuntu/miniconda/envs/_build/lib/python2.7/site-packages/swiftclient
copying build/lib/swiftclient/command_helpers.py -> /home/ubuntu/miniconda/envs/_build/lib/python2.7/site-packages/swiftclient
copying build/lib/swiftclient/exceptions.py -> /home/ubuntu/miniconda/envs/_build/lib/python2.7/site-packages/swiftclient
byte-compiling /home/ubuntu/miniconda/envs/_build/lib/python2.7/site-packages/swiftclient/utils.py to utils.pyc
byte-compiling /home/ubuntu/miniconda/envs/_build/lib/python2.7/site-packages/swiftclient/multithreading.py to multithreading.pyc
byte-compiling /home/ubuntu/miniconda/envs/_build/lib/python2.7/site-packages/swiftclient/shell.py to shell.pyc
byte-compiling /home/ubuntu/miniconda/envs/_build/lib/python2.7/site-packages/swiftclient/version.py to version.pyc
byte-compiling /home/ubuntu/miniconda/envs/_build/lib/python2.7/site-packages/swiftclient/client.py to client.pyc
byte-compiling /home/ubuntu/miniconda/envs/_build/lib/python2.7/site-packages/swiftclient/service.py to service.pyc
byte-compiling /home/ubuntu/miniconda/envs/_build/lib/python2.7/site-packages/swiftclient/__init__.py to __init__.pyc
byte-compiling /home/ubuntu/miniconda/envs/_build/lib/python2.7/site-packages/swiftclient/command_helpers.py to command_helpers.pyc
byte-compiling /home/ubuntu/miniconda/envs/_build/lib/python2.7/site-packages/swiftclient/exceptions.py to exceptions.pyc
running install_data
copying doc/manpages/swift.1 -> /home/ubuntu/miniconda/envs/_build/share/man/man1
running install_egg_info
Copying python_swiftclient.egg-info to /home/ubuntu/miniconda/envs/_build/lib/python2.7/site-packages/python_swiftclient-2.4.0-py2.7.egg-info
running install_scripts
copying build/scripts-2.7/swift -> /home/ubuntu/miniconda/envs/_build/bin
changing mode of /home/ubuntu/miniconda/envs/_build/bin/swift to 775
Installing swift script to /home/ubuntu/miniconda/envs/_build/bin

The following NEW packages will be INSTALLED:

    openssl:    1.0.1k-1     
    pip:        7.0.3-py27_0 
    python:     2.7.10-0     
    readline:   6.2-2        
    setuptools: 18.0.1-py27_0
    sqlite:     3.8.4.1-1    
    system:     5.8-2        
    tk:         8.5.18-0     
    zlib:       1.2.8-0      

Linking packages ...
[                    ]|                                                  |   0%[openssl             ]|                                                  |   0%[readline            ]|#####                                             |  11%[sqlite              ]|###########                                       |  22%[system              ]|################                                  |  33%[tk                  ]|######################                            |  44%[zlib                ]|###########################                       |  55%[python              ]|#################################                 |  66%[setuptools          ]|######################################            |  77%[pip                 ]|############################################      |  88%[      COMPLETE      ]|##################################################| 100%
Removing old work directory
Source cache directory is: /home/ubuntu/miniconda/conda-bld/src_cache
Found source in cache: python-swiftclient-2.4.0.tar.gz
Extracting download
Package: python-swiftclient-2.4.0-py_0
source tree in: /home/ubuntu/miniconda/conda-bld/work/python-swiftclient-2.4.0
number of files: 28
Fixing permissions
[noarch_python] Error: Don't know how to handle file: share/man/man1/swift.1
