Error: prefix already exists: /home/ubuntu/miniconda/envs/_pipbuild_
Collecting python-swiftclient==2.4.0
  Downloading http://localhost/packages/py2.py3/p/python-swiftclient/python_swiftclient-2.4.0-py2.py3-none-any.whl (53kB)
Requirement already satisfied (use --upgrade to upgrade): six>=1.5.2 in /home/ubuntu/miniconda/envs/_pipbuild_/lib/python2.7/site-packages (from python-swiftclient==2.4.0)
Collecting futures>=2.1.3 (from python-swiftclient==2.4.0)
  Downloading http://localhost/packages/py2/f/futures/futures-3.0.2-py2-none-any.whl
Requirement already satisfied (use --upgrade to upgrade): requests>=1.1 in /home/ubuntu/miniconda/envs/_pipbuild_/lib/python2.7/site-packages (from python-swiftclient==2.4.0)
Collecting simplejson>=2.0.9 (from python-swiftclient==2.4.0)
  Downloading http://localhost/packages/source/s/simplejson/simplejson-3.6.5.tar.gz (73kB)
setuptools must be installed to install from a source distribution
Package search: {'_pypi_ordering': False, 'version': '2.4.0', 'name': 'python-swiftclient', 'summary': 'OpenStack Object Storage API Client Library'}
Creating standard recipe for python-swiftclient-2.4.0
Using url https://pypi.python.org/packages/source/p/python-swiftclient/python-swiftclient-2.4.0.tar.gz (98 KB) for python-swiftclient.
Downloading python-swiftclient
Using cached download
Unpacking python-swiftclient...
done
working in /tmp/tmpjMKDo4conda_skeleton_python-swiftclient-2.4.0.tar.gz
Fetching package metadata: ......

WARNING: conda-build appears to be out of date. You have version 1.13.0 but the
latest version is 1.14.0. Run

conda update -n root conda-build

to get the latest version.

Solving package specifications: .patching file core.py
Hunk #1 succeeded at 168 with fuzz 2 (offset 2 lines).
Traceback (most recent call last):
  File "setup.py", line 18, in <module>
    import setuptools
ImportError: No module named setuptools

Applying patch: '/tmp/tmpjMKDo4conda_skeleton_python-swiftclient-2.4.0.tar.gz/pypi-distutils.patch'
$PYTHONPATH = /tmp/tmpjMKDo4conda_skeleton_python-swiftclient-2.4.0.tar.gz/python-swiftclient-2.4.0
Error: command failed: /home/ubuntu/miniconda/envs/_build/bin/python setup.py install

conda create -n _pipbuild_ --yes python pip
/home/ubuntu/miniconda/envs/_pipbuild_/bin/pip install python-swiftclient==2.4.0
Error: Could not pip install python-swiftclient==2.4.0
