Error: prefix already exists: /home/ubuntu/miniconda/envs/_pipbuild_
Collecting python-saharaclient==0.9.1
  Could not find a version that satisfies the requirement python-saharaclient==0.9.1 (from versions: 0.6.0, 0.7.0, 0.7.1, 0.7.2, 0.7.3, 0.7.4, 0.7.5, 0.7.6, 0.7.7, 0.8.0, 0.9.0)
No matching distribution found for python-saharaclient==0.9.1
Package search: {'_pypi_ordering': False, 'version': '0.9.1', 'name': 'python-saharaclient', 'summary': 'Client library for Sahara API'}
Creating standard recipe for python-saharaclient-0.9.1
Using url https://pypi.python.org/packages/source/p/python-saharaclient/python-saharaclient-0.9.1.tar.gz (92 KB) for python-saharaclient.
Downloading python-saharaclient
Using cached download
Unpacking python-saharaclient...
done
working in /tmp/tmpMrjkCAconda_skeleton_python-saharaclient-0.9.1.tar.gz
Fetching package metadata: ......

WARNING: conda-build appears to be out of date. You have version 1.13.0 but the
latest version is 1.14.0. Run

conda update -n root conda-build

to get the latest version.

Solving package specifications: .patching file core.py
Hunk #1 succeeded at 168 with fuzz 2 (offset 2 lines).
Traceback (most recent call last):
  File "setup.py", line 18, in <module>
    import setuptools
ImportError: No module named setuptools

Applying patch: '/tmp/tmpMrjkCAconda_skeleton_python-saharaclient-0.9.1.tar.gz/pypi-distutils.patch'
$PYTHONPATH = /tmp/tmpMrjkCAconda_skeleton_python-saharaclient-0.9.1.tar.gz/python-saharaclient-0.9.1
Error: command failed: /home/ubuntu/miniconda/envs/_build/bin/python setup.py install

conda create -n _pipbuild_ --yes python pip
/home/ubuntu/miniconda/envs/_pipbuild_/bin/pip install python-saharaclient==0.9.1
Error: Could not pip install python-saharaclient==0.9.1
