Error: prefix already exists: /home/ubuntu/miniconda/envs/_pipbuild_
Collecting python-openstackclient==1.5.0
  Could not find a version that satisfies the requirement python-openstackclient==1.5.0 (from versions: 0.2.0, 0.2.1, 0.2.2, 0.3.0, 0.3.1, 0.4.0, 0.4.1, 1.0.0, 1.0.1, 1.0.2, 1.0.3, 1.0.4, 1.1.0, 1.2.0)
  Some externally hosted files were ignored as access to them may be unreliable (use --allow-external python-openstackclient to allow).
No matching distribution found for python-openstackclient==1.5.0
Package search: {'_pypi_ordering': False, 'version': '1.5.0', 'name': 'python-openstackclient', 'summary': 'OpenStack Command-line Client'}
Creating standard recipe for python-openstackclient-1.5.0
Using url https://pypi.python.org/packages/source/p/python-openstackclient/python-openstackclient-1.5.0.tar.gz (223 KB) for python-openstackclient.
Downloading python-openstackclient
Unpacking python-openstackclient...
done
working in /tmp/tmpY73BB5conda_skeleton_python-openstackclient-1.5.0.tar.gz
Fetching package metadata: ......

WARNING: conda-build appears to be out of date. You have version 1.13.0 but the
latest version is 1.14.0. Run

conda update -n root conda-build

to get the latest version.

Solving package specifications: .patching file core.py
Hunk #1 succeeded at 168 with fuzz 2 (offset 2 lines).
Traceback (most recent call last):
  File "setup.py", line 18, in <module>
    import setuptools
ImportError: No module named setuptools

Applying patch: '/tmp/tmpY73BB5conda_skeleton_python-openstackclient-1.5.0.tar.gz/pypi-distutils.patch'
$PYTHONPATH = /tmp/tmpY73BB5conda_skeleton_python-openstackclient-1.5.0.tar.gz/python-openstackclient-1.5.0
Error: command failed: /home/ubuntu/miniconda/envs/_build/bin/python setup.py install

conda create -n _pipbuild_ --yes python pip
/home/ubuntu/miniconda/envs/_pipbuild_/bin/pip install python-openstackclient==1.5.0
Error: Could not pip install python-openstackclient==1.5.0
