Error: prefix already exists: /home/ubuntu/miniconda/envs/_pipbuild_
Collecting python-simple-hipchat==0.3.3
  Downloading http://localhost/packages/source/p/python-simple-hipchat/python-simple-hipchat-0.3.3.tar.gz
setuptools must be installed to install from a source distribution
Package search: {'_pypi_ordering': False, 'version': '0.3.3', 'name': 'python-simple-hipchat', 'summary': "Easy peasy wrapper for HipChat's v1 API"}
Creating standard recipe for python-simple-hipchat-0.3.3
Using url https://pypi.python.org/packages/source/p/python-simple-hipchat/python-simple-hipchat-0.3.3.tar.gz (4 KB) for python-simple-hipchat.
Downloading python-simple-hipchat
Using cached download
Unpacking python-simple-hipchat...
done
working in /tmp/tmpBOPe9uconda_skeleton_python-simple-hipchat-0.3.3.tar.gz
Fetching package metadata: ......

WARNING: conda-build appears to be out of date. You have version 1.13.0 but the
latest version is 1.14.0. Run

conda update -n root conda-build

to get the latest version.

Solving package specifications: .patching file core.py
Hunk #1 succeeded at 168 with fuzz 2 (offset 2 lines).
Traceback (most recent call last):
  File "setup.py", line 1, in <module>
    from setuptools import setup
ImportError: No module named setuptools

Applying patch: '/tmp/tmpBOPe9uconda_skeleton_python-simple-hipchat-0.3.3.tar.gz/pypi-distutils.patch'
$PYTHONPATH = /tmp/tmpBOPe9uconda_skeleton_python-simple-hipchat-0.3.3.tar.gz/python-simple-hipchat-0.3.3
Error: command failed: /home/ubuntu/miniconda/envs/_build/bin/python setup.py install

conda create -n _pipbuild_ --yes python pip
/home/ubuntu/miniconda/envs/_pipbuild_/bin/pip install python-simple-hipchat==0.3.3
Error: Could not pip install python-simple-hipchat==0.3.3
