Warning, the following versions were found for python-redmine
1.1.2
1.1.1
1.1.0
1.0.3
1.0.2
1.0.1
1.0.0
0.9.0
0.8.4
0.8.3
0.8.2
0.8.1
0.8.0
0.7.2
0.7.1
0.7.0
0.6.2
0.6.1
0.6.0
0.5.0
0.4.0
0.3.1
0.3.0
0.2.0
0.1.1
0.1.0
Using 1.1.2
Use --version to specify a different version.
Using url https://pypi.python.org/packages/source/p/python-redmine/python-redmine-1.1.2.tar.gz (22 KB) for python-redmine.
Downloading python-redmine
Using cached download
Unpacking python-redmine...
done
working in /tmp/tmpc5Fclsconda_skeleton_python-redmine-1.1.2.tar.gz
Fetching package metadata: ......

WARNING: conda-build appears to be out of date. You have version 1.13.0 but the
latest version is 1.14.1. Run

conda update -n root conda-build

to get the latest version.

Solving package specifications: .patching file core.py
Hunk #1 succeeded at 168 with fuzz 2 (offset 2 lines).

The following NEW packages will be INSTALLED:

    numpy:  1.9.2-py27_0
    pyyaml: 3.11-py27_1 
    yaml:   0.1.6-0     

Linking packages ...
[                    ]|                                                  |   0%[yaml                ]|                                                  |   0%[numpy               ]|################                                  |  33%[pyyaml              ]|#################################                 |  66%[      COMPLETE      ]|##################################################| 100%
Applying patch: '/tmp/tmpc5Fclsconda_skeleton_python-redmine-1.1.2.tar.gz/pypi-distutils.patch'
Writing recipe for python-redmine
Done
