Error: prefix already exists: /home/ubuntu/miniconda/envs/_pipbuild_
Collecting python-Levenshtein==0.12.0
  Downloading http://localhost/packages/source/p/python-Levenshtein/python-Levenshtein-0.12.0.tar.gz (48kB)
setuptools must be installed to install from a source distribution
Package search: {'_pypi_ordering': False, 'version': '0.10.2', 'name': 'python-Levenshtein', 'summary': 'Python extension computing string distances and similarities.'}
Creating standard recipe for python-levenshtein-0.12.0
Using url https://pypi.python.org/packages/source/p/python-Levenshtein/python-Levenshtein-0.12.0.tar.gz (47 KB) for python-Levenshtein.
Downloading python-Levenshtein
Using cached download
Unpacking python-Levenshtein...
done
working in /tmp/tmpfO54Yeconda_skeleton_python-Levenshtein-0.12.0.tar.gz
Fetching package metadata: ......

WARNING: conda-build appears to be out of date. You have version 1.13.0 but the
latest version is 1.14.0. Run

conda update -n root conda-build

to get the latest version.

Solving package specifications: .patching file core.py
Hunk #1 succeeded at 168 with fuzz 2 (offset 2 lines).
Traceback (most recent call last):
  File "setup.py", line 1, in <module>
    from setuptools import setup
ImportError: No module named setuptools

Applying patch: '/tmp/tmpfO54Yeconda_skeleton_python-Levenshtein-0.12.0.tar.gz/pypi-distutils.patch'
$PYTHONPATH = /tmp/tmpfO54Yeconda_skeleton_python-Levenshtein-0.12.0.tar.gz/python-Levenshtein-0.12.0
Error: command failed: /home/ubuntu/miniconda/envs/_build/bin/python setup.py install

conda create -n _pipbuild_ --yes python pip
/home/ubuntu/miniconda/envs/_pipbuild_/bin/pip install python-Levenshtein==0.12.0
Error: Could not pip install python-Levenshtein==0.12.0
