Removing old build directory
Removing old work directory
BUILD START: python-glanceclient-0.19.0-py27_0
Fetching package metadata: ......

WARNING: conda-build appears to be out of date. You have version 1.13.0 but the
latest version is 1.14.1. Run

conda update -n root conda-build

to get the latest version.

Solving package specifications: .+ /home/ubuntu/miniconda/envs/_build/bin/python setup.py install

Installed /home/ubuntu/miniconda/conda-bld/work/python-glanceclient-0.19.0/.eggs/pbr-1.2.0-py2.7.egg
running install
running build
running build_py
creating build
creating build/lib
creating build/lib/glanceclient
creating build/lib/glanceclient/openstack
creating build/lib/glanceclient/openstack/common
creating build/lib/glanceclient/openstack/common/apiclient
copying glanceclient/openstack/common/apiclient/fake_client.py -> build/lib/glanceclient/openstack/common/apiclient
copying glanceclient/openstack/common/apiclient/utils.py -> build/lib/glanceclient/openstack/common/apiclient
copying glanceclient/openstack/common/apiclient/client.py -> build/lib/glanceclient/openstack/common/apiclient
copying glanceclient/openstack/common/apiclient/__init__.py -> build/lib/glanceclient/openstack/common/apiclient
copying glanceclient/openstack/common/apiclient/auth.py -> build/lib/glanceclient/openstack/common/apiclient
copying glanceclient/openstack/common/apiclient/base.py -> build/lib/glanceclient/openstack/common/apiclient
copying glanceclient/openstack/common/apiclient/exceptions.py -> build/lib/glanceclient/openstack/common/apiclient
creating build/lib/glanceclient/common
copying glanceclient/common/utils.py -> build/lib/glanceclient/common
copying glanceclient/common/https.py -> build/lib/glanceclient/common
copying glanceclient/common/http.py -> build/lib/glanceclient/common
copying glanceclient/common/progressbar.py -> build/lib/glanceclient/common
copying glanceclient/common/__init__.py -> build/lib/glanceclient/common
copying glanceclient/common/base.py -> build/lib/glanceclient/common
copying glanceclient/common/exceptions.py -> build/lib/glanceclient/common
copying glanceclient/openstack/common/_i18n.py -> build/lib/glanceclient/openstack/common
copying glanceclient/openstack/common/__init__.py -> build/lib/glanceclient/openstack/common
creating build/lib/glanceclient/v1
copying glanceclient/v1/image_members.py -> build/lib/glanceclient/v1
copying glanceclient/v1/shell.py -> build/lib/glanceclient/v1
copying glanceclient/v1/client.py -> build/lib/glanceclient/v1
copying glanceclient/v1/__init__.py -> build/lib/glanceclient/v1
copying glanceclient/v1/images.py -> build/lib/glanceclient/v1
creating build/lib/glanceclient/tests
copying glanceclient/tests/utils.py -> build/lib/glanceclient/tests
copying glanceclient/tests/__init__.py -> build/lib/glanceclient/tests
creating build/lib/glanceclient/tests/unit
copying glanceclient/tests/unit/test_shell.py -> build/lib/glanceclient/tests/unit
copying glanceclient/tests/unit/test_client.py -> build/lib/glanceclient/tests/unit
copying glanceclient/tests/unit/test_base.py -> build/lib/glanceclient/tests/unit
copying glanceclient/tests/unit/test_http.py -> build/lib/glanceclient/tests/unit
copying glanceclient/tests/unit/test_progressbar.py -> build/lib/glanceclient/tests/unit
copying glanceclient/tests/unit/__init__.py -> build/lib/glanceclient/tests/unit
copying glanceclient/tests/unit/test_exc.py -> build/lib/glanceclient/tests/unit
copying glanceclient/tests/unit/test_utils.py -> build/lib/glanceclient/tests/unit
copying glanceclient/tests/unit/test_ssl.py -> build/lib/glanceclient/tests/unit
creating build/lib/glanceclient/tests/unit/v2
copying glanceclient/tests/unit/v2/test_tasks.py -> build/lib/glanceclient/tests/unit/v2
copying glanceclient/tests/unit/v2/test_shell_v2.py -> build/lib/glanceclient/tests/unit/v2
copying glanceclient/tests/unit/v2/test_metadefs_properties.py -> build/lib/glanceclient/tests/unit/v2
copying glanceclient/tests/unit/v2/test_metadefs_resource_types.py -> build/lib/glanceclient/tests/unit/v2
copying glanceclient/tests/unit/v2/test_schemas.py -> build/lib/glanceclient/tests/unit/v2
copying glanceclient/tests/unit/v2/__init__.py -> build/lib/glanceclient/tests/unit/v2
copying glanceclient/tests/unit/v2/test_metadefs_namespaces.py -> build/lib/glanceclient/tests/unit/v2
copying glanceclient/tests/unit/v2/test_members.py -> build/lib/glanceclient/tests/unit/v2
copying glanceclient/tests/unit/v2/test_tags.py -> build/lib/glanceclient/tests/unit/v2
copying glanceclient/tests/unit/v2/test_metadefs_objects.py -> build/lib/glanceclient/tests/unit/v2
copying glanceclient/tests/unit/v2/test_images.py -> build/lib/glanceclient/tests/unit/v2
copying glanceclient/openstack/__init__.py -> build/lib/glanceclient/openstack
creating build/lib/glanceclient/tests/unit/v1
copying glanceclient/tests/unit/v1/test_image_members.py -> build/lib/glanceclient/tests/unit/v1
copying glanceclient/tests/unit/v1/test_shell.py -> build/lib/glanceclient/tests/unit/v1
copying glanceclient/tests/unit/v1/__init__.py -> build/lib/glanceclient/tests/unit/v1
copying glanceclient/tests/unit/v1/test_images.py -> build/lib/glanceclient/tests/unit/v1
creating build/lib/glanceclient/tests/functional
copying glanceclient/tests/functional/test_readonly_glance.py -> build/lib/glanceclient/tests/functional
copying glanceclient/tests/functional/__init__.py -> build/lib/glanceclient/tests/functional
copying glanceclient/tests/functional/base.py -> build/lib/glanceclient/tests/functional
copying glanceclient/_i18n.py -> build/lib/glanceclient
copying glanceclient/exc.py -> build/lib/glanceclient
copying glanceclient/shell.py -> build/lib/glanceclient
copying glanceclient/client.py -> build/lib/glanceclient
copying glanceclient/__init__.py -> build/lib/glanceclient
creating build/lib/glanceclient/v2
copying glanceclient/v2/tasks.py -> build/lib/glanceclient/v2
copying glanceclient/v2/image_members.py -> build/lib/glanceclient/v2
copying glanceclient/v2/image_tags.py -> build/lib/glanceclient/v2
copying glanceclient/v2/shell.py -> build/lib/glanceclient/v2
copying glanceclient/v2/schemas.py -> build/lib/glanceclient/v2
copying glanceclient/v2/client.py -> build/lib/glanceclient/v2
copying glanceclient/v2/__init__.py -> build/lib/glanceclient/v2
copying glanceclient/v2/images.py -> build/lib/glanceclient/v2
copying glanceclient/v2/metadefs.py -> build/lib/glanceclient/v2
running egg_info
writing requirements to python_glanceclient.egg-info/requires.txt
writing python_glanceclient.egg-info/PKG-INFO
writing top-level names to python_glanceclient.egg-info/top_level.txt
writing dependency_links to python_glanceclient.egg-info/dependency_links.txt
writing entry points to python_glanceclient.egg-info/entry_points.txt
[pbr] Reusing existing SOURCES.txt
creating build/lib/glanceclient/tests/unit/var
copying glanceclient/tests/unit/var/ca.crt -> build/lib/glanceclient/tests/unit/var
copying glanceclient/tests/unit/var/certificate.crt -> build/lib/glanceclient/tests/unit/var
copying glanceclient/tests/unit/var/expired-cert.crt -> build/lib/glanceclient/tests/unit/var
copying glanceclient/tests/unit/var/privatekey.key -> build/lib/glanceclient/tests/unit/var
copying glanceclient/tests/unit/var/wildcard-certificate.crt -> build/lib/glanceclient/tests/unit/var
copying glanceclient/tests/unit/var/wildcard-san-certificate.crt -> build/lib/glanceclient/tests/unit/var
copying glanceclient/tests/functional/README.rst -> build/lib/glanceclient/tests/functional
creating build/lib/glanceclient/tests/functional/hooks
copying glanceclient/tests/functional/hooks/post_test_hook.sh -> build/lib/glanceclient/tests/functional/hooks
running install_lib
creating /home/ubuntu/miniconda/envs/_build/lib/python2.7/site-packages/glanceclient
copying build/lib/glanceclient/_i18n.py -> /home/ubuntu/miniconda/envs/_build/lib/python2.7/site-packages/glanceclient
creating /home/ubuntu/miniconda/envs/_build/lib/python2.7/site-packages/glanceclient/common
copying build/lib/glanceclient/common/utils.py -> /home/ubuntu/miniconda/envs/_build/lib/python2.7/site-packages/glanceclient/common
copying build/lib/glanceclient/common/https.py -> /home/ubuntu/miniconda/envs/_build/lib/python2.7/site-packages/glanceclient/common
copying build/lib/glanceclient/common/http.py -> /home/ubuntu/miniconda/envs/_build/lib/python2.7/site-packages/glanceclient/common
copying build/lib/glanceclient/common/progressbar.py -> /home/ubuntu/miniconda/envs/_build/lib/python2.7/site-packages/glanceclient/common
copying build/lib/glanceclient/common/__init__.py -> /home/ubuntu/miniconda/envs/_build/lib/python2.7/site-packages/glanceclient/common
copying build/lib/glanceclient/common/base.py -> /home/ubuntu/miniconda/envs/_build/lib/python2.7/site-packages/glanceclient/common
copying build/lib/glanceclient/common/exceptions.py -> /home/ubuntu/miniconda/envs/_build/lib/python2.7/site-packages/glanceclient/common
copying build/lib/glanceclient/exc.py -> /home/ubuntu/miniconda/envs/_build/lib/python2.7/site-packages/glanceclient
creating /home/ubuntu/miniconda/envs/_build/lib/python2.7/site-packages/glanceclient/v1
copying build/lib/glanceclient/v1/image_members.py -> /home/ubuntu/miniconda/envs/_build/lib/python2.7/site-packages/glanceclient/v1
copying build/lib/glanceclient/v1/shell.py -> /home/ubuntu/miniconda/envs/_build/lib/python2.7/site-packages/glanceclient/v1
copying build/lib/glanceclient/v1/client.py -> /home/ubuntu/miniconda/envs/_build/lib/python2.7/site-packages/glanceclient/v1
copying build/lib/glanceclient/v1/__init__.py -> /home/ubuntu/miniconda/envs/_build/lib/python2.7/site-packages/glanceclient/v1
copying build/lib/glanceclient/v1/images.py -> /home/ubuntu/miniconda/envs/_build/lib/python2.7/site-packages/glanceclient/v1
creating /home/ubuntu/miniconda/envs/_build/lib/python2.7/site-packages/glanceclient/v2
copying build/lib/glanceclient/v2/tasks.py -> /home/ubuntu/miniconda/envs/_build/lib/python2.7/site-packages/glanceclient/v2
copying build/lib/glanceclient/v2/image_members.py -> /home/ubuntu/miniconda/envs/_build/lib/python2.7/site-packages/glanceclient/v2
copying build/lib/glanceclient/v2/image_tags.py -> /home/ubuntu/miniconda/envs/_build/lib/python2.7/site-packages/glanceclient/v2
copying build/lib/glanceclient/v2/shell.py -> /home/ubuntu/miniconda/envs/_build/lib/python2.7/site-packages/glanceclient/v2
copying build/lib/glanceclient/v2/schemas.py -> /home/ubuntu/miniconda/envs/_build/lib/python2.7/site-packages/glanceclient/v2
copying build/lib/glanceclient/v2/client.py -> /home/ubuntu/miniconda/envs/_build/lib/python2.7/site-packages/glanceclient/v2
copying build/lib/glanceclient/v2/__init__.py -> /home/ubuntu/miniconda/envs/_build/lib/python2.7/site-packages/glanceclient/v2
copying build/lib/glanceclient/v2/images.py -> /home/ubuntu/miniconda/envs/_build/lib/python2.7/site-packages/glanceclient/v2
copying build/lib/glanceclient/v2/metadefs.py -> /home/ubuntu/miniconda/envs/_build/lib/python2.7/site-packages/glanceclient/v2
copying build/lib/glanceclient/shell.py -> /home/ubuntu/miniconda/envs/_build/lib/python2.7/site-packages/glanceclient
creating /home/ubuntu/miniconda/envs/_build/lib/python2.7/site-packages/glanceclient/tests
copying build/lib/glanceclient/tests/utils.py -> /home/ubuntu/miniconda/envs/_build/lib/python2.7/site-packages/glanceclient/tests
creating /home/ubuntu/miniconda/envs/_build/lib/python2.7/site-packages/glanceclient/tests/unit
creating /home/ubuntu/miniconda/envs/_build/lib/python2.7/site-packages/glanceclient/tests/unit/v1
copying build/lib/glanceclient/tests/unit/v1/test_image_members.py -> /home/ubuntu/miniconda/envs/_build/lib/python2.7/site-packages/glanceclient/tests/unit/v1
copying build/lib/glanceclient/tests/unit/v1/test_shell.py -> /home/ubuntu/miniconda/envs/_build/lib/python2.7/site-packages/glanceclient/tests/unit/v1
copying build/lib/glanceclient/tests/unit/v1/__init__.py -> /home/ubuntu/miniconda/envs/_build/lib/python2.7/site-packages/glanceclient/tests/unit/v1
copying build/lib/glanceclient/tests/unit/v1/test_images.py -> /home/ubuntu/miniconda/envs/_build/lib/python2.7/site-packages/glanceclient/tests/unit/v1
creating /home/ubuntu/miniconda/envs/_build/lib/python2.7/site-packages/glanceclient/tests/unit/v2
copying build/lib/glanceclient/tests/unit/v2/test_tasks.py -> /home/ubuntu/miniconda/envs/_build/lib/python2.7/site-packages/glanceclient/tests/unit/v2
copying build/lib/glanceclient/tests/unit/v2/test_shell_v2.py -> /home/ubuntu/miniconda/envs/_build/lib/python2.7/site-packages/glanceclient/tests/unit/v2
copying build/lib/glanceclient/tests/unit/v2/test_metadefs_properties.py -> /home/ubuntu/miniconda/envs/_build/lib/python2.7/site-packages/glanceclient/tests/unit/v2
copying build/lib/glanceclient/tests/unit/v2/test_metadefs_resource_types.py -> /home/ubuntu/miniconda/envs/_build/lib/python2.7/site-packages/glanceclient/tests/unit/v2
copying build/lib/glanceclient/tests/unit/v2/test_schemas.py -> /home/ubuntu/miniconda/envs/_build/lib/python2.7/site-packages/glanceclient/tests/unit/v2
copying build/lib/glanceclient/tests/unit/v2/__init__.py -> /home/ubuntu/miniconda/envs/_build/lib/python2.7/site-packages/glanceclient/tests/unit/v2
copying build/lib/glanceclient/tests/unit/v2/test_metadefs_namespaces.py -> /home/ubuntu/miniconda/envs/_build/lib/python2.7/site-packages/glanceclient/tests/unit/v2
copying build/lib/glanceclient/tests/unit/v2/test_members.py -> /home/ubuntu/miniconda/envs/_build/lib/python2.7/site-packages/glanceclient/tests/unit/v2
copying build/lib/glanceclient/tests/unit/v2/test_tags.py -> /home/ubuntu/miniconda/envs/_build/lib/python2.7/site-packages/glanceclient/tests/unit/v2
copying build/lib/glanceclient/tests/unit/v2/test_metadefs_objects.py -> /home/ubuntu/miniconda/envs/_build/lib/python2.7/site-packages/glanceclient/tests/unit/v2
copying build/lib/glanceclient/tests/unit/v2/test_images.py -> /home/ubuntu/miniconda/envs/_build/lib/python2.7/site-packages/glanceclient/tests/unit/v2
copying build/lib/glanceclient/tests/unit/test_shell.py -> /home/ubuntu/miniconda/envs/_build/lib/python2.7/site-packages/glanceclient/tests/unit
copying build/lib/glanceclient/tests/unit/test_client.py -> /home/ubuntu/miniconda/envs/_build/lib/python2.7/site-packages/glanceclient/tests/unit
copying build/lib/glanceclient/tests/unit/test_base.py -> /home/ubuntu/miniconda/envs/_build/lib/python2.7/site-packages/glanceclient/tests/unit
copying build/lib/glanceclient/tests/unit/test_http.py -> /home/ubuntu/miniconda/envs/_build/lib/python2.7/site-packages/glanceclient/tests/unit
copying build/lib/glanceclient/tests/unit/test_progressbar.py -> /home/ubuntu/miniconda/envs/_build/lib/python2.7/site-packages/glanceclient/tests/unit
copying build/lib/glanceclient/tests/unit/__init__.py -> /home/ubuntu/miniconda/envs/_build/lib/python2.7/site-packages/glanceclient/tests/unit
copying build/lib/glanceclient/tests/unit/test_exc.py -> /home/ubuntu/miniconda/envs/_build/lib/python2.7/site-packages/glanceclient/tests/unit
copying build/lib/glanceclient/tests/unit/test_utils.py -> /home/ubuntu/miniconda/envs/_build/lib/python2.7/site-packages/glanceclient/tests/unit
creating /home/ubuntu/miniconda/envs/_build/lib/python2.7/site-packages/glanceclient/tests/unit/var
copying build/lib/glanceclient/tests/unit/var/expired-cert.crt -> /home/ubuntu/miniconda/envs/_build/lib/python2.7/site-packages/glanceclient/tests/unit/var
copying build/lib/glanceclient/tests/unit/var/ca.crt -> /home/ubuntu/miniconda/envs/_build/lib/python2.7/site-packages/glanceclient/tests/unit/var
copying build/lib/glanceclient/tests/unit/var/wildcard-certificate.crt -> /home/ubuntu/miniconda/envs/_build/lib/python2.7/site-packages/glanceclient/tests/unit/var
copying build/lib/glanceclient/tests/unit/var/wildcard-san-certificate.crt -> /home/ubuntu/miniconda/envs/_build/lib/python2.7/site-packages/glanceclient/tests/unit/var
copying build/lib/glanceclient/tests/unit/var/privatekey.key -> /home/ubuntu/miniconda/envs/_build/lib/python2.7/site-packages/glanceclient/tests/unit/var
copying build/lib/glanceclient/tests/unit/var/certificate.crt -> /home/ubuntu/miniconda/envs/_build/lib/python2.7/site-packages/glanceclient/tests/unit/var
copying build/lib/glanceclient/tests/unit/test_ssl.py -> /home/ubuntu/miniconda/envs/_build/lib/python2.7/site-packages/glanceclient/tests/unit
creating /home/ubuntu/miniconda/envs/_build/lib/python2.7/site-packages/glanceclient/tests/functional
copying build/lib/glanceclient/tests/functional/test_readonly_glance.py -> /home/ubuntu/miniconda/envs/_build/lib/python2.7/site-packages/glanceclient/tests/functional
copying build/lib/glanceclient/tests/functional/__init__.py -> /home/ubuntu/miniconda/envs/_build/lib/python2.7/site-packages/glanceclient/tests/functional
copying build/lib/glanceclient/tests/functional/README.rst -> /home/ubuntu/miniconda/envs/_build/lib/python2.7/site-packages/glanceclient/tests/functional
creating /home/ubuntu/miniconda/envs/_build/lib/python2.7/site-packages/glanceclient/tests/functional/hooks
copying build/lib/glanceclient/tests/functional/hooks/post_test_hook.sh -> /home/ubuntu/miniconda/envs/_build/lib/python2.7/site-packages/glanceclient/tests/functional/hooks
copying build/lib/glanceclient/tests/functional/base.py -> /home/ubuntu/miniconda/envs/_build/lib/python2.7/site-packages/glanceclient/tests/functional
copying build/lib/glanceclient/tests/__init__.py -> /home/ubuntu/miniconda/envs/_build/lib/python2.7/site-packages/glanceclient/tests
copying build/lib/glanceclient/client.py -> /home/ubuntu/miniconda/envs/_build/lib/python2.7/site-packages/glanceclient
copying build/lib/glanceclient/__init__.py -> /home/ubuntu/miniconda/envs/_build/lib/python2.7/site-packages/glanceclient
creating /home/ubuntu/miniconda/envs/_build/lib/python2.7/site-packages/glanceclient/openstack
creating /home/ubuntu/miniconda/envs/_build/lib/python2.7/site-packages/glanceclient/openstack/common
copying build/lib/glanceclient/openstack/common/_i18n.py -> /home/ubuntu/miniconda/envs/_build/lib/python2.7/site-packages/glanceclient/openstack/common
copying build/lib/glanceclient/openstack/common/__init__.py -> /home/ubuntu/miniconda/envs/_build/lib/python2.7/site-packages/glanceclient/openstack/common
creating /home/ubuntu/miniconda/envs/_build/lib/python2.7/site-packages/glanceclient/openstack/common/apiclient
copying build/lib/glanceclient/openstack/common/apiclient/fake_client.py -> /home/ubuntu/miniconda/envs/_build/lib/python2.7/site-packages/glanceclient/openstack/common/apiclient
copying build/lib/glanceclient/openstack/common/apiclient/utils.py -> /home/ubuntu/miniconda/envs/_build/lib/python2.7/site-packages/glanceclient/openstack/common/apiclient
copying build/lib/glanceclient/openstack/common/apiclient/client.py -> /home/ubuntu/miniconda/envs/_build/lib/python2.7/site-packages/glanceclient/openstack/common/apiclient
copying build/lib/glanceclient/openstack/common/apiclient/__init__.py -> /home/ubuntu/miniconda/envs/_build/lib/python2.7/site-packages/glanceclient/openstack/common/apiclient
copying build/lib/glanceclient/openstack/common/apiclient/auth.py -> /home/ubuntu/miniconda/envs/_build/lib/python2.7/site-packages/glanceclient/openstack/common/apiclient
copying build/lib/glanceclient/openstack/common/apiclient/base.py -> /home/ubuntu/miniconda/envs/_build/lib/python2.7/site-packages/glanceclient/openstack/common/apiclient
copying build/lib/glanceclient/openstack/common/apiclient/exceptions.py -> /home/ubuntu/miniconda/envs/_build/lib/python2.7/site-packages/glanceclient/openstack/common/apiclient
copying build/lib/glanceclient/openstack/__init__.py -> /home/ubuntu/miniconda/envs/_build/lib/python2.7/site-packages/glanceclient/openstack
byte-compiling /home/ubuntu/miniconda/envs/_build/lib/python2.7/site-packages/glanceclient/_i18n.py to _i18n.pyc
byte-compiling /home/ubuntu/miniconda/envs/_build/lib/python2.7/site-packages/glanceclient/common/utils.py to utils.pyc
byte-compiling /home/ubuntu/miniconda/envs/_build/lib/python2.7/site-packages/glanceclient/common/https.py to https.pyc
byte-compiling /home/ubuntu/miniconda/envs/_build/lib/python2.7/site-packages/glanceclient/common/http.py to http.pyc
byte-compiling /home/ubuntu/miniconda/envs/_build/lib/python2.7/site-packages/glanceclient/common/progressbar.py to progressbar.pyc
byte-compiling /home/ubuntu/miniconda/envs/_build/lib/python2.7/site-packages/glanceclient/common/__init__.py to __init__.pyc
byte-compiling /home/ubuntu/miniconda/envs/_build/lib/python2.7/site-packages/glanceclient/common/base.py to base.pyc
byte-compiling /home/ubuntu/miniconda/envs/_build/lib/python2.7/site-packages/glanceclient/common/exceptions.py to exceptions.pyc
byte-compiling /home/ubuntu/miniconda/envs/_build/lib/python2.7/site-packages/glanceclient/exc.py to exc.pyc
byte-compiling /home/ubuntu/miniconda/envs/_build/lib/python2.7/site-packages/glanceclient/v1/image_members.py to image_members.pyc
byte-compiling /home/ubuntu/miniconda/envs/_build/lib/python2.7/site-packages/glanceclient/v1/shell.py to shell.pyc
byte-compiling /home/ubuntu/miniconda/envs/_build/lib/python2.7/site-packages/glanceclient/v1/client.py to client.pyc
byte-compiling /home/ubuntu/miniconda/envs/_build/lib/python2.7/site-packages/glanceclient/v1/__init__.py to __init__.pyc
byte-compiling /home/ubuntu/miniconda/envs/_build/lib/python2.7/site-packages/glanceclient/v1/images.py to images.pyc
byte-compiling /home/ubuntu/miniconda/envs/_build/lib/python2.7/site-packages/glanceclient/v2/tasks.py to tasks.pyc
byte-compiling /home/ubuntu/miniconda/envs/_build/lib/python2.7/site-packages/glanceclient/v2/image_members.py to image_members.pyc
byte-compiling /home/ubuntu/miniconda/envs/_build/lib/python2.7/site-packages/glanceclient/v2/image_tags.py to image_tags.pyc
byte-compiling /home/ubuntu/miniconda/envs/_build/lib/python2.7/site-packages/glanceclient/v2/shell.py to shell.pyc
byte-compiling /home/ubuntu/miniconda/envs/_build/lib/python2.7/site-packages/glanceclient/v2/schemas.py to schemas.pyc
byte-compiling /home/ubuntu/miniconda/envs/_build/lib/python2.7/site-packages/glanceclient/v2/client.py to client.pyc
byte-compiling /home/ubuntu/miniconda/envs/_build/lib/python2.7/site-packages/glanceclient/v2/__init__.py to __init__.pyc
byte-compiling /home/ubuntu/miniconda/envs/_build/lib/python2.7/site-packages/glanceclient/v2/images.py to images.pyc
byte-compiling /home/ubuntu/miniconda/envs/_build/lib/python2.7/site-packages/glanceclient/v2/metadefs.py to metadefs.pyc
byte-compiling /home/ubuntu/miniconda/envs/_build/lib/python2.7/site-packages/glanceclient/shell.py to shell.pyc
byte-compiling /home/ubuntu/miniconda/envs/_build/lib/python2.7/site-packages/glanceclient/tests/utils.py to utils.pyc
byte-compiling /home/ubuntu/miniconda/envs/_build/lib/python2.7/site-packages/glanceclient/tests/unit/v1/test_image_members.py to test_image_members.pyc
byte-compiling /home/ubuntu/miniconda/envs/_build/lib/python2.7/site-packages/glanceclient/tests/unit/v1/test_shell.py to test_shell.pyc
byte-compiling /home/ubuntu/miniconda/envs/_build/lib/python2.7/site-packages/glanceclient/tests/unit/v1/__init__.py to __init__.pyc
byte-compiling /home/ubuntu/miniconda/envs/_build/lib/python2.7/site-packages/glanceclient/tests/unit/v1/test_images.py to test_images.pyc
byte-compiling /home/ubuntu/miniconda/envs/_build/lib/python2.7/site-packages/glanceclient/tests/unit/v2/test_tasks.py to test_tasks.pyc
byte-compiling /home/ubuntu/miniconda/envs/_build/lib/python2.7/site-packages/glanceclient/tests/unit/v2/test_shell_v2.py to test_shell_v2.pyc
byte-compiling /home/ubuntu/miniconda/envs/_build/lib/python2.7/site-packages/glanceclient/tests/unit/v2/test_metadefs_properties.py to test_metadefs_properties.pyc
byte-compiling /home/ubuntu/miniconda/envs/_build/lib/python2.7/site-packages/glanceclient/tests/unit/v2/test_metadefs_resource_types.py to test_metadefs_resource_types.pyc
byte-compiling /home/ubuntu/miniconda/envs/_build/lib/python2.7/site-packages/glanceclient/tests/unit/v2/test_schemas.py to test_schemas.pyc
byte-compiling /home/ubuntu/miniconda/envs/_build/lib/python2.7/site-packages/glanceclient/tests/unit/v2/__init__.py to __init__.pyc
byte-compiling /home/ubuntu/miniconda/envs/_build/lib/python2.7/site-packages/glanceclient/tests/unit/v2/test_metadefs_namespaces.py to test_metadefs_namespaces.pyc
byte-compiling /home/ubuntu/miniconda/envs/_build/lib/python2.7/site-packages/glanceclient/tests/unit/v2/test_members.py to test_members.pyc
byte-compiling /home/ubuntu/miniconda/envs/_build/lib/python2.7/site-packages/glanceclient/tests/unit/v2/test_tags.py to test_tags.pyc
byte-compiling /home/ubuntu/miniconda/envs/_build/lib/python2.7/site-packages/glanceclient/tests/unit/v2/test_metadefs_objects.py to test_metadefs_objects.pyc
byte-compiling /home/ubuntu/miniconda/envs/_build/lib/python2.7/site-packages/glanceclient/tests/unit/v2/test_images.py to test_images.pyc
byte-compiling /home/ubuntu/miniconda/envs/_build/lib/python2.7/site-packages/glanceclient/tests/unit/test_shell.py to test_shell.pyc
byte-compiling /home/ubuntu/miniconda/envs/_build/lib/python2.7/site-packages/glanceclient/tests/unit/test_client.py to test_client.pyc
byte-compiling /home/ubuntu/miniconda/envs/_build/lib/python2.7/site-packages/glanceclient/tests/unit/test_base.py to test_base.pyc
byte-compiling /home/ubuntu/miniconda/envs/_build/lib/python2.7/site-packages/glanceclient/tests/unit/test_http.py to test_http.pyc
byte-compiling /home/ubuntu/miniconda/envs/_build/lib/python2.7/site-packages/glanceclient/tests/unit/test_progressbar.py to test_progressbar.pyc
byte-compiling /home/ubuntu/miniconda/envs/_build/lib/python2.7/site-packages/glanceclient/tests/unit/__init__.py to __init__.pyc
byte-compiling /home/ubuntu/miniconda/envs/_build/lib/python2.7/site-packages/glanceclient/tests/unit/test_exc.py to test_exc.pyc
byte-compiling /home/ubuntu/miniconda/envs/_build/lib/python2.7/site-packages/glanceclient/tests/unit/test_utils.py to test_utils.pyc
byte-compiling /home/ubuntu/miniconda/envs/_build/lib/python2.7/site-packages/glanceclient/tests/unit/test_ssl.py to test_ssl.pyc
byte-compiling /home/ubuntu/miniconda/envs/_build/lib/python2.7/site-packages/glanceclient/tests/functional/test_readonly_glance.py to test_readonly_glance.pyc
byte-compiling /home/ubuntu/miniconda/envs/_build/lib/python2.7/site-packages/glanceclient/tests/functional/__init__.py to __init__.pyc
byte-compiling /home/ubuntu/miniconda/envs/_build/lib/python2.7/site-packages/glanceclient/tests/functional/base.py to base.pyc
byte-compiling /home/ubuntu/miniconda/envs/_build/lib/python2.7/site-packages/glanceclient/tests/__init__.py to __init__.pyc
byte-compiling /home/ubuntu/miniconda/envs/_build/lib/python2.7/site-packages/glanceclient/client.py to client.pyc
byte-compiling /home/ubuntu/miniconda/envs/_build/lib/python2.7/site-packages/glanceclient/__init__.py to __init__.pyc
byte-compiling /home/ubuntu/miniconda/envs/_build/lib/python2.7/site-packages/glanceclient/openstack/common/_i18n.py to _i18n.pyc
byte-compiling /home/ubuntu/miniconda/envs/_build/lib/python2.7/site-packages/glanceclient/openstack/common/__init__.py to __init__.pyc
byte-compiling /home/ubuntu/miniconda/envs/_build/lib/python2.7/site-packages/glanceclient/openstack/common/apiclient/fake_client.py to fake_client.pyc
byte-compiling /home/ubuntu/miniconda/envs/_build/lib/python2.7/site-packages/glanceclient/openstack/common/apiclient/utils.py to utils.pyc
byte-compiling /home/ubuntu/miniconda/envs/_build/lib/python2.7/site-packages/glanceclient/openstack/common/apiclient/client.py to client.pyc
byte-compiling /home/ubuntu/miniconda/envs/_build/lib/python2.7/site-packages/glanceclient/openstack/common/apiclient/__init__.py to __init__.pyc
byte-compiling /home/ubuntu/miniconda/envs/_build/lib/python2.7/site-packages/glanceclient/openstack/common/apiclient/auth.py to auth.pyc
byte-compiling /home/ubuntu/miniconda/envs/_build/lib/python2.7/site-packages/glanceclient/openstack/common/apiclient/base.py to base.pyc
byte-compiling /home/ubuntu/miniconda/envs/_build/lib/python2.7/site-packages/glanceclient/openstack/common/apiclient/exceptions.py to exceptions.pyc
byte-compiling /home/ubuntu/miniconda/envs/_build/lib/python2.7/site-packages/glanceclient/openstack/__init__.py to __init__.pyc
running install_egg_info
Copying python_glanceclient.egg-info to /home/ubuntu/miniconda/envs/_build/lib/python2.7/site-packages/python_glanceclient-0.19.0-py2.7.egg-info
running install_scripts
Installing glance script to /home/ubuntu/miniconda/envs/_build/bin

The following NEW packages will be INSTALLED:

    openssl:    1.0.1k-1     
    pip:        7.0.3-py27_0 
    python:     2.7.10-0     
    readline:   6.2-2        
    setuptools: 18.0.1-py27_0
    sqlite:     3.8.4.1-1    
    system:     5.8-2        
    tk:         8.5.18-0     
    zlib:       1.2.8-0      

Linking packages ...
[                    ]|                                                  |   0%[openssl             ]|                                                  |   0%[readline            ]|#####                                             |  11%[sqlite              ]|###########                                       |  22%[system              ]|################                                  |  33%[tk                  ]|######################                            |  44%[zlib                ]|###########################                       |  55%[python              ]|#################################                 |  66%[setuptools          ]|######################################            |  77%[pip                 ]|############################################      |  88%[      COMPLETE      ]|##################################################| 100%
Removing old work directory
Source cache directory is: /home/ubuntu/miniconda/conda-bld/src_cache
Found source in cache: python-glanceclient-0.19.0.tar.gz
Extracting download
Package: python-glanceclient-0.19.0-py27_0
source tree in: /home/ubuntu/miniconda/conda-bld/work/python-glanceclient-0.19.0
number of files: 147
Fixing permissions
Detected hard-coded path in text file bin/glance
Fixing permissions
BUILD END: python-glanceclient-0.19.0-py27_0
Nothing to test for: python-glanceclient-0.19.0-py27_0
# If you want to upload this package to binstar.org later, type:
#
# $ binstar upload /home/ubuntu/miniconda/conda-bld/linux-64/python-glanceclient-0.19.0-py27_0.tar.bz2
#
# To have conda build upload to binstar automatically, use
# $ conda config --set binstar_upload yes

