Removing old build directory
Removing old work directory
BUILD START: python-geohash-0.8.5-py_0
Fetching package metadata: ......

WARNING: conda-build appears to be out of date. You have version 1.13.0 but the
latest version is 1.14.1. Run

conda update -n root conda-build

to get the latest version.

Solving package specifications: .+ pip install python-geohash
Collecting python-geohash
  Downloading http://localhost/packages/source/p/python-geohash/python-geohash-0.8.5.tar.gz
Installing collected packages: python-geohash
  Running setup.py install for python-geohash
    Complete output from command /home/ubuntu/miniconda/envs/_build/bin/python -c "import setuptools, tokenize;__file__='/tmp/pip-build-65bLto/python-geohash/setup.py';exec(compile(getattr(tokenize, 'open', open)(__file__).read().replace('\r\n', '\n'), __file__, 'exec'))" install --record /tmp/pip-JMwtjk-record/install-record.txt --single-version-externally-managed --compile:
    running install
    running build
    running build_py
    creating build
    creating build/lib.linux-x86_64-2.7
    copying geohash.py -> build/lib.linux-x86_64-2.7
    copying quadtree.py -> build/lib.linux-x86_64-2.7
    copying jpgrid.py -> build/lib.linux-x86_64-2.7
    copying jpiarea.py -> build/lib.linux-x86_64-2.7
    running build_ext
    building '_geohash' extension
    creating build/temp.linux-x86_64-2.7
    creating build/temp.linux-x86_64-2.7/src
    gcc -pthread -fno-strict-aliasing -g -O2 -DNDEBUG -g -fwrapv -O3 -Wall -Wstrict-prototypes -fPIC -DPYTHON_MODULE=1 -I/home/ubuntu/miniconda/envs/_build/include/python2.7 -c src/geohash.cpp -o build/temp.linux-x86_64-2.7/src/geohash.o
    gcc: error trying to exec 'cc1plus': execvp: No such file or directory
    error: command 'gcc' failed with exit status 1
    
    ----------------------------------------
Command "/home/ubuntu/miniconda/envs/_build/bin/python -c "import setuptools, tokenize;__file__='/tmp/pip-build-65bLto/python-geohash/setup.py';exec(compile(getattr(tokenize, 'open', open)(__file__).read().replace('\r\n', '\n'), __file__, 'exec'))" install --record /tmp/pip-JMwtjk-record/install-record.txt --single-version-externally-managed --compile" failed with error code 1 in /tmp/pip-build-65bLto/python-geohash

The following NEW packages will be INSTALLED:

    openssl:    1.0.1k-1     
    pip:        7.0.3-py27_0 
    python:     2.7.10-0     
    readline:   6.2-2        
    setuptools: 18.0.1-py27_0
    sqlite:     3.8.4.1-1    
    system:     5.8-2        
    tk:         8.5.18-0     
    zlib:       1.2.8-0      

Linking packages ...
[                    ]|                                                  |   0%[openssl             ]|                                                  |   0%[readline            ]|#####                                             |  11%[sqlite              ]|###########                                       |  22%[system              ]|################                                  |  33%[tk                  ]|######################                            |  44%[zlib                ]|###########################                       |  55%[python              ]|#################################                 |  66%[setuptools          ]|######################################            |  77%[pip                 ]|############################################      |  88%[      COMPLETE      ]|##################################################| 100%
Removing old work directory
Copying /home/ubuntu/pypi-conda-builds/python-geohash to /home/ubuntu/miniconda/conda-bld/work
Package: python-geohash-0.8.5-py_0
source tree in: /home/ubuntu/miniconda/conda-bld/work
Command failed: /bin/bash -x -e /home/ubuntu/pypi-conda-builds/python-geohash/build.sh
Package search: {'_pypi_ordering': False, 'version': '0.8.5', 'name': 'python-geohash', 'summary': 'Fast, accurate python geohashing library'}
Creating standard recipe for python-geohash-0.8.5
Converting recipe in /home/ubuntu/pypi-conda-builds/python-geohash
package = python-geohash
   dependencies = []
Building conda package for python-geohash
