Removing old build directory
Removing old work directory
BUILD START: python-designateclient-1.3.0-py_0
Fetching package metadata: ......

WARNING: conda-build appears to be out of date. You have version 1.13.0 but the
latest version is 1.14.1. Run

conda update -n root conda-build

to get the latest version.

Solving package specifications: .+ /home/ubuntu/miniconda/envs/_build/bin/python setup.py install

Installed /home/ubuntu/miniconda/conda-bld/work/python-designateclient-1.3.0/.eggs/pbr-1.2.0-py2.7.egg
running install
running build
running build_py
creating build
creating build/lib
creating build/lib/designateclient
copying designateclient/utils.py -> build/lib/designateclient
copying designateclient/shell.py -> build/lib/designateclient
copying designateclient/version.py -> build/lib/designateclient
copying designateclient/warlock.py -> build/lib/designateclient
copying designateclient/client.py -> build/lib/designateclient
copying designateclient/__init__.py -> build/lib/designateclient
copying designateclient/auth.py -> build/lib/designateclient
copying designateclient/exceptions.py -> build/lib/designateclient
creating build/lib/designateclient/tests
creating build/lib/designateclient/tests/test_v1
copying designateclient/tests/test_v1/test_client.py -> build/lib/designateclient/tests/test_v1
copying designateclient/tests/test_v1/__init__.py -> build/lib/designateclient/tests/test_v1
creating build/lib/designateclient/cli
copying designateclient/cli/sync.py -> build/lib/designateclient/cli
copying designateclient/cli/reports.py -> build/lib/designateclient/cli
copying designateclient/cli/quotas.py -> build/lib/designateclient/cli
copying designateclient/cli/records.py -> build/lib/designateclient/cli
copying designateclient/cli/touch.py -> build/lib/designateclient/cli
copying designateclient/cli/domains.py -> build/lib/designateclient/cli
copying designateclient/cli/__init__.py -> build/lib/designateclient/cli
copying designateclient/cli/servers.py -> build/lib/designateclient/cli
copying designateclient/cli/diagnostics.py -> build/lib/designateclient/cli
copying designateclient/cli/base.py -> build/lib/designateclient/cli
creating build/lib/designateclient/v2
copying designateclient/v2/tlds.py -> build/lib/designateclient/v2
copying designateclient/v2/utils.py -> build/lib/designateclient/v2
copying designateclient/v2/nameservers.py -> build/lib/designateclient/v2
copying designateclient/v2/limits.py -> build/lib/designateclient/v2
copying designateclient/v2/blacklists.py -> build/lib/designateclient/v2
copying designateclient/v2/recordsets.py -> build/lib/designateclient/v2
copying designateclient/v2/reverse.py -> build/lib/designateclient/v2
copying designateclient/v2/client.py -> build/lib/designateclient/v2
copying designateclient/v2/zones.py -> build/lib/designateclient/v2
copying designateclient/v2/__init__.py -> build/lib/designateclient/v2
creating build/lib/designateclient/v1
copying designateclient/v1/sync.py -> build/lib/designateclient/v1
copying designateclient/v1/reports.py -> build/lib/designateclient/v1
copying designateclient/v1/quotas.py -> build/lib/designateclient/v1
copying designateclient/v1/records.py -> build/lib/designateclient/v1
copying designateclient/v1/touch.py -> build/lib/designateclient/v1
copying designateclient/v1/domains.py -> build/lib/designateclient/v1
copying designateclient/v1/__init__.py -> build/lib/designateclient/v1
copying designateclient/v1/servers.py -> build/lib/designateclient/v1
copying designateclient/v1/diagnostics.py -> build/lib/designateclient/v1
creating build/lib/designateclient/tests/v2
copying designateclient/tests/v2/test_reverse.py -> build/lib/designateclient/tests/v2
copying designateclient/tests/v2/test_blacklists.py -> build/lib/designateclient/tests/v2
copying designateclient/tests/v2/test_zones.py -> build/lib/designateclient/tests/v2
copying designateclient/tests/v2/__init__.py -> build/lib/designateclient/tests/v2
copying designateclient/tests/v2/test_nameservers.py -> build/lib/designateclient/tests/v2
copying designateclient/tests/v2/test_tlds.py -> build/lib/designateclient/tests/v2
copying designateclient/tests/v2/test_recordsets.py -> build/lib/designateclient/tests/v2
copying designateclient/tests/v2/test_limits.py -> build/lib/designateclient/tests/v2
copying designateclient/tests/test_designateclient.py -> build/lib/designateclient/tests
copying designateclient/tests/__init__.py -> build/lib/designateclient/tests
copying designateclient/tests/test_utils.py -> build/lib/designateclient/tests
copying designateclient/tests/base.py -> build/lib/designateclient/tests
running egg_info
writing requirements to python_designateclient.egg-info/requires.txt
writing python_designateclient.egg-info/PKG-INFO
writing top-level names to python_designateclient.egg-info/top_level.txt
writing dependency_links to python_designateclient.egg-info/dependency_links.txt
writing entry points to python_designateclient.egg-info/entry_points.txt
[pbr] Reusing existing SOURCES.txt
creating build/lib/designateclient/resources
creating build/lib/designateclient/resources/schemas
creating build/lib/designateclient/resources/schemas/v1
copying designateclient/resources/schemas/v1/domain.json -> build/lib/designateclient/resources/schemas/v1
copying designateclient/resources/schemas/v1/record.json -> build/lib/designateclient/resources/schemas/v1
copying designateclient/resources/schemas/v1/server.json -> build/lib/designateclient/resources/schemas/v1
running build_scripts
creating build/scripts-2.7
copying and adjusting bin/designate -> build/scripts-2.7
changing mode of build/scripts-2.7/designate from 664 to 775
running install_lib
creating /home/ubuntu/miniconda/envs/_build/lib/python2.7/site-packages/designateclient
creating /home/ubuntu/miniconda/envs/_build/lib/python2.7/site-packages/designateclient/resources
creating /home/ubuntu/miniconda/envs/_build/lib/python2.7/site-packages/designateclient/resources/schemas
creating /home/ubuntu/miniconda/envs/_build/lib/python2.7/site-packages/designateclient/resources/schemas/v1
copying build/lib/designateclient/resources/schemas/v1/record.json -> /home/ubuntu/miniconda/envs/_build/lib/python2.7/site-packages/designateclient/resources/schemas/v1
copying build/lib/designateclient/resources/schemas/v1/server.json -> /home/ubuntu/miniconda/envs/_build/lib/python2.7/site-packages/designateclient/resources/schemas/v1
copying build/lib/designateclient/resources/schemas/v1/domain.json -> /home/ubuntu/miniconda/envs/_build/lib/python2.7/site-packages/designateclient/resources/schemas/v1
copying build/lib/designateclient/utils.py -> /home/ubuntu/miniconda/envs/_build/lib/python2.7/site-packages/designateclient
creating /home/ubuntu/miniconda/envs/_build/lib/python2.7/site-packages/designateclient/v1
copying build/lib/designateclient/v1/sync.py -> /home/ubuntu/miniconda/envs/_build/lib/python2.7/site-packages/designateclient/v1
copying build/lib/designateclient/v1/reports.py -> /home/ubuntu/miniconda/envs/_build/lib/python2.7/site-packages/designateclient/v1
copying build/lib/designateclient/v1/quotas.py -> /home/ubuntu/miniconda/envs/_build/lib/python2.7/site-packages/designateclient/v1
copying build/lib/designateclient/v1/records.py -> /home/ubuntu/miniconda/envs/_build/lib/python2.7/site-packages/designateclient/v1
copying build/lib/designateclient/v1/touch.py -> /home/ubuntu/miniconda/envs/_build/lib/python2.7/site-packages/designateclient/v1
copying build/lib/designateclient/v1/domains.py -> /home/ubuntu/miniconda/envs/_build/lib/python2.7/site-packages/designateclient/v1
copying build/lib/designateclient/v1/__init__.py -> /home/ubuntu/miniconda/envs/_build/lib/python2.7/site-packages/designateclient/v1
copying build/lib/designateclient/v1/servers.py -> /home/ubuntu/miniconda/envs/_build/lib/python2.7/site-packages/designateclient/v1
copying build/lib/designateclient/v1/diagnostics.py -> /home/ubuntu/miniconda/envs/_build/lib/python2.7/site-packages/designateclient/v1
creating /home/ubuntu/miniconda/envs/_build/lib/python2.7/site-packages/designateclient/v2
copying build/lib/designateclient/v2/tlds.py -> /home/ubuntu/miniconda/envs/_build/lib/python2.7/site-packages/designateclient/v2
copying build/lib/designateclient/v2/utils.py -> /home/ubuntu/miniconda/envs/_build/lib/python2.7/site-packages/designateclient/v2
copying build/lib/designateclient/v2/nameservers.py -> /home/ubuntu/miniconda/envs/_build/lib/python2.7/site-packages/designateclient/v2
copying build/lib/designateclient/v2/limits.py -> /home/ubuntu/miniconda/envs/_build/lib/python2.7/site-packages/designateclient/v2
copying build/lib/designateclient/v2/blacklists.py -> /home/ubuntu/miniconda/envs/_build/lib/python2.7/site-packages/designateclient/v2
copying build/lib/designateclient/v2/recordsets.py -> /home/ubuntu/miniconda/envs/_build/lib/python2.7/site-packages/designateclient/v2
copying build/lib/designateclient/v2/reverse.py -> /home/ubuntu/miniconda/envs/_build/lib/python2.7/site-packages/designateclient/v2
copying build/lib/designateclient/v2/client.py -> /home/ubuntu/miniconda/envs/_build/lib/python2.7/site-packages/designateclient/v2
copying build/lib/designateclient/v2/zones.py -> /home/ubuntu/miniconda/envs/_build/lib/python2.7/site-packages/designateclient/v2
copying build/lib/designateclient/v2/__init__.py -> /home/ubuntu/miniconda/envs/_build/lib/python2.7/site-packages/designateclient/v2
copying build/lib/designateclient/shell.py -> /home/ubuntu/miniconda/envs/_build/lib/python2.7/site-packages/designateclient
copying build/lib/designateclient/version.py -> /home/ubuntu/miniconda/envs/_build/lib/python2.7/site-packages/designateclient
copying build/lib/designateclient/warlock.py -> /home/ubuntu/miniconda/envs/_build/lib/python2.7/site-packages/designateclient
creating /home/ubuntu/miniconda/envs/_build/lib/python2.7/site-packages/designateclient/tests
creating /home/ubuntu/miniconda/envs/_build/lib/python2.7/site-packages/designateclient/tests/v2
copying build/lib/designateclient/tests/v2/test_reverse.py -> /home/ubuntu/miniconda/envs/_build/lib/python2.7/site-packages/designateclient/tests/v2
copying build/lib/designateclient/tests/v2/test_blacklists.py -> /home/ubuntu/miniconda/envs/_build/lib/python2.7/site-packages/designateclient/tests/v2
copying build/lib/designateclient/tests/v2/test_zones.py -> /home/ubuntu/miniconda/envs/_build/lib/python2.7/site-packages/designateclient/tests/v2
copying build/lib/designateclient/tests/v2/__init__.py -> /home/ubuntu/miniconda/envs/_build/lib/python2.7/site-packages/designateclient/tests/v2
copying build/lib/designateclient/tests/v2/test_nameservers.py -> /home/ubuntu/miniconda/envs/_build/lib/python2.7/site-packages/designateclient/tests/v2
copying build/lib/designateclient/tests/v2/test_tlds.py -> /home/ubuntu/miniconda/envs/_build/lib/python2.7/site-packages/designateclient/tests/v2
copying build/lib/designateclient/tests/v2/test_recordsets.py -> /home/ubuntu/miniconda/envs/_build/lib/python2.7/site-packages/designateclient/tests/v2
copying build/lib/designateclient/tests/v2/test_limits.py -> /home/ubuntu/miniconda/envs/_build/lib/python2.7/site-packages/designateclient/tests/v2
copying build/lib/designateclient/tests/test_designateclient.py -> /home/ubuntu/miniconda/envs/_build/lib/python2.7/site-packages/designateclient/tests
copying build/lib/designateclient/tests/__init__.py -> /home/ubuntu/miniconda/envs/_build/lib/python2.7/site-packages/designateclient/tests
creating /home/ubuntu/miniconda/envs/_build/lib/python2.7/site-packages/designateclient/tests/test_v1
copying build/lib/designateclient/tests/test_v1/test_client.py -> /home/ubuntu/miniconda/envs/_build/lib/python2.7/site-packages/designateclient/tests/test_v1
copying build/lib/designateclient/tests/test_v1/__init__.py -> /home/ubuntu/miniconda/envs/_build/lib/python2.7/site-packages/designateclient/tests/test_v1
copying build/lib/designateclient/tests/test_utils.py -> /home/ubuntu/miniconda/envs/_build/lib/python2.7/site-packages/designateclient/tests
copying build/lib/designateclient/tests/base.py -> /home/ubuntu/miniconda/envs/_build/lib/python2.7/site-packages/designateclient/tests
copying build/lib/designateclient/client.py -> /home/ubuntu/miniconda/envs/_build/lib/python2.7/site-packages/designateclient
copying build/lib/designateclient/__init__.py -> /home/ubuntu/miniconda/envs/_build/lib/python2.7/site-packages/designateclient
copying build/lib/designateclient/auth.py -> /home/ubuntu/miniconda/envs/_build/lib/python2.7/site-packages/designateclient
creating /home/ubuntu/miniconda/envs/_build/lib/python2.7/site-packages/designateclient/cli
copying build/lib/designateclient/cli/sync.py -> /home/ubuntu/miniconda/envs/_build/lib/python2.7/site-packages/designateclient/cli
copying build/lib/designateclient/cli/reports.py -> /home/ubuntu/miniconda/envs/_build/lib/python2.7/site-packages/designateclient/cli
copying build/lib/designateclient/cli/quotas.py -> /home/ubuntu/miniconda/envs/_build/lib/python2.7/site-packages/designateclient/cli
copying build/lib/designateclient/cli/records.py -> /home/ubuntu/miniconda/envs/_build/lib/python2.7/site-packages/designateclient/cli
copying build/lib/designateclient/cli/touch.py -> /home/ubuntu/miniconda/envs/_build/lib/python2.7/site-packages/designateclient/cli
copying build/lib/designateclient/cli/domains.py -> /home/ubuntu/miniconda/envs/_build/lib/python2.7/site-packages/designateclient/cli
copying build/lib/designateclient/cli/__init__.py -> /home/ubuntu/miniconda/envs/_build/lib/python2.7/site-packages/designateclient/cli
copying build/lib/designateclient/cli/servers.py -> /home/ubuntu/miniconda/envs/_build/lib/python2.7/site-packages/designateclient/cli
copying build/lib/designateclient/cli/diagnostics.py -> /home/ubuntu/miniconda/envs/_build/lib/python2.7/site-packages/designateclient/cli
copying build/lib/designateclient/cli/base.py -> /home/ubuntu/miniconda/envs/_build/lib/python2.7/site-packages/designateclient/cli
copying build/lib/designateclient/exceptions.py -> /home/ubuntu/miniconda/envs/_build/lib/python2.7/site-packages/designateclient
byte-compiling /home/ubuntu/miniconda/envs/_build/lib/python2.7/site-packages/designateclient/utils.py to utils.pyc
byte-compiling /home/ubuntu/miniconda/envs/_build/lib/python2.7/site-packages/designateclient/v1/sync.py to sync.pyc
byte-compiling /home/ubuntu/miniconda/envs/_build/lib/python2.7/site-packages/designateclient/v1/reports.py to reports.pyc
byte-compiling /home/ubuntu/miniconda/envs/_build/lib/python2.7/site-packages/designateclient/v1/quotas.py to quotas.pyc
byte-compiling /home/ubuntu/miniconda/envs/_build/lib/python2.7/site-packages/designateclient/v1/records.py to records.pyc
byte-compiling /home/ubuntu/miniconda/envs/_build/lib/python2.7/site-packages/designateclient/v1/touch.py to touch.pyc
byte-compiling /home/ubuntu/miniconda/envs/_build/lib/python2.7/site-packages/designateclient/v1/domains.py to domains.pyc
byte-compiling /home/ubuntu/miniconda/envs/_build/lib/python2.7/site-packages/designateclient/v1/__init__.py to __init__.pyc
byte-compiling /home/ubuntu/miniconda/envs/_build/lib/python2.7/site-packages/designateclient/v1/servers.py to servers.pyc
byte-compiling /home/ubuntu/miniconda/envs/_build/lib/python2.7/site-packages/designateclient/v1/diagnostics.py to diagnostics.pyc
byte-compiling /home/ubuntu/miniconda/envs/_build/lib/python2.7/site-packages/designateclient/v2/tlds.py to tlds.pyc
byte-compiling /home/ubuntu/miniconda/envs/_build/lib/python2.7/site-packages/designateclient/v2/utils.py to utils.pyc
byte-compiling /home/ubuntu/miniconda/envs/_build/lib/python2.7/site-packages/designateclient/v2/nameservers.py to nameservers.pyc
byte-compiling /home/ubuntu/miniconda/envs/_build/lib/python2.7/site-packages/designateclient/v2/limits.py to limits.pyc
byte-compiling /home/ubuntu/miniconda/envs/_build/lib/python2.7/site-packages/designateclient/v2/blacklists.py to blacklists.pyc
byte-compiling /home/ubuntu/miniconda/envs/_build/lib/python2.7/site-packages/designateclient/v2/recordsets.py to recordsets.pyc
byte-compiling /home/ubuntu/miniconda/envs/_build/lib/python2.7/site-packages/designateclient/v2/reverse.py to reverse.pyc
byte-compiling /home/ubuntu/miniconda/envs/_build/lib/python2.7/site-packages/designateclient/v2/client.py to client.pyc
byte-compiling /home/ubuntu/miniconda/envs/_build/lib/python2.7/site-packages/designateclient/v2/zones.py to zones.pyc
byte-compiling /home/ubuntu/miniconda/envs/_build/lib/python2.7/site-packages/designateclient/v2/__init__.py to __init__.pyc
byte-compiling /home/ubuntu/miniconda/envs/_build/lib/python2.7/site-packages/designateclient/shell.py to shell.pyc
byte-compiling /home/ubuntu/miniconda/envs/_build/lib/python2.7/site-packages/designateclient/version.py to version.pyc
byte-compiling /home/ubuntu/miniconda/envs/_build/lib/python2.7/site-packages/designateclient/warlock.py to warlock.pyc
byte-compiling /home/ubuntu/miniconda/envs/_build/lib/python2.7/site-packages/designateclient/tests/v2/test_reverse.py to test_reverse.pyc
byte-compiling /home/ubuntu/miniconda/envs/_build/lib/python2.7/site-packages/designateclient/tests/v2/test_blacklists.py to test_blacklists.pyc
byte-compiling /home/ubuntu/miniconda/envs/_build/lib/python2.7/site-packages/designateclient/tests/v2/test_zones.py to test_zones.pyc
byte-compiling /home/ubuntu/miniconda/envs/_build/lib/python2.7/site-packages/designateclient/tests/v2/__init__.py to __init__.pyc
byte-compiling /home/ubuntu/miniconda/envs/_build/lib/python2.7/site-packages/designateclient/tests/v2/test_nameservers.py to test_nameservers.pyc
byte-compiling /home/ubuntu/miniconda/envs/_build/lib/python2.7/site-packages/designateclient/tests/v2/test_tlds.py to test_tlds.pyc
byte-compiling /home/ubuntu/miniconda/envs/_build/lib/python2.7/site-packages/designateclient/tests/v2/test_recordsets.py to test_recordsets.pyc
byte-compiling /home/ubuntu/miniconda/envs/_build/lib/python2.7/site-packages/designateclient/tests/v2/test_limits.py to test_limits.pyc
byte-compiling /home/ubuntu/miniconda/envs/_build/lib/python2.7/site-packages/designateclient/tests/test_designateclient.py to test_designateclient.pyc
byte-compiling /home/ubuntu/miniconda/envs/_build/lib/python2.7/site-packages/designateclient/tests/__init__.py to __init__.pyc
byte-compiling /home/ubuntu/miniconda/envs/_build/lib/python2.7/site-packages/designateclient/tests/test_v1/test_client.py to test_client.pyc
byte-compiling /home/ubuntu/miniconda/envs/_build/lib/python2.7/site-packages/designateclient/tests/test_v1/__init__.py to __init__.pyc
byte-compiling /home/ubuntu/miniconda/envs/_build/lib/python2.7/site-packages/designateclient/tests/test_utils.py to test_utils.pyc
byte-compiling /home/ubuntu/miniconda/envs/_build/lib/python2.7/site-packages/designateclient/tests/base.py to base.pyc
byte-compiling /home/ubuntu/miniconda/envs/_build/lib/python2.7/site-packages/designateclient/client.py to client.pyc
byte-compiling /home/ubuntu/miniconda/envs/_build/lib/python2.7/site-packages/designateclient/__init__.py to __init__.pyc
byte-compiling /home/ubuntu/miniconda/envs/_build/lib/python2.7/site-packages/designateclient/auth.py to auth.pyc
byte-compiling /home/ubuntu/miniconda/envs/_build/lib/python2.7/site-packages/designateclient/cli/sync.py to sync.pyc
byte-compiling /home/ubuntu/miniconda/envs/_build/lib/python2.7/site-packages/designateclient/cli/reports.py to reports.pyc
byte-compiling /home/ubuntu/miniconda/envs/_build/lib/python2.7/site-packages/designateclient/cli/quotas.py to quotas.pyc
byte-compiling /home/ubuntu/miniconda/envs/_build/lib/python2.7/site-packages/designateclient/cli/records.py to records.pyc
byte-compiling /home/ubuntu/miniconda/envs/_build/lib/python2.7/site-packages/designateclient/cli/touch.py to touch.pyc
byte-compiling /home/ubuntu/miniconda/envs/_build/lib/python2.7/site-packages/designateclient/cli/domains.py to domains.pyc
byte-compiling /home/ubuntu/miniconda/envs/_build/lib/python2.7/site-packages/designateclient/cli/__init__.py to __init__.pyc
byte-compiling /home/ubuntu/miniconda/envs/_build/lib/python2.7/site-packages/designateclient/cli/servers.py to servers.pyc
byte-compiling /home/ubuntu/miniconda/envs/_build/lib/python2.7/site-packages/designateclient/cli/diagnostics.py to diagnostics.pyc
byte-compiling /home/ubuntu/miniconda/envs/_build/lib/python2.7/site-packages/designateclient/cli/base.py to base.pyc
byte-compiling /home/ubuntu/miniconda/envs/_build/lib/python2.7/site-packages/designateclient/exceptions.py to exceptions.pyc
running install_egg_info
Copying python_designateclient.egg-info to /home/ubuntu/miniconda/envs/_build/lib/python2.7/site-packages/python_designateclient-1.3.0-py2.7.egg-info
running install_scripts
copying build/scripts-2.7/designate -> /home/ubuntu/miniconda/envs/_build/bin
changing mode of /home/ubuntu/miniconda/envs/_build/bin/designate to 775

The following NEW packages will be INSTALLED:

    openssl:    1.0.1k-1     
    pip:        7.0.3-py27_0 
    python:     2.7.10-0     
    readline:   6.2-2        
    setuptools: 18.0.1-py27_0
    sqlite:     3.8.4.1-1    
    system:     5.8-2        
    tk:         8.5.18-0     
    zlib:       1.2.8-0      

Linking packages ...
[                    ]|                                                  |   0%[openssl             ]|                                                  |   0%[readline            ]|#####                                             |  11%[sqlite              ]|###########                                       |  22%[system              ]|################                                  |  33%[tk                  ]|######################                            |  44%[zlib                ]|###########################                       |  55%[python              ]|#################################                 |  66%[setuptools          ]|######################################            |  77%[pip                 ]|############################################      |  88%[      COMPLETE      ]|##################################################| 100%
Removing old work directory
Source cache directory is: /home/ubuntu/miniconda/conda-bld/src_cache
Found source in cache: python-designateclient-1.3.0.tar.gz
Extracting download
Package: python-designateclient-1.3.0-py_0
source tree in: /home/ubuntu/miniconda/conda-bld/work/python-designateclient-1.3.0
number of files: 114
Fixing permissions
Fixing permissions
BUILD END: python-designateclient-1.3.0-py_0
Nothing to test for: python-designateclient-1.3.0-py_0
# If you want to upload this package to binstar.org later, type:
#
# $ binstar upload /home/ubuntu/miniconda/conda-bld/noarch/python-designateclient-1.3.0-py_0.tar.bz2
#
# To have conda build upload to binstar automatically, use
# $ conda config --set binstar_upload yes

