Warning, the following versions were found for python-jenkins
0.4.7
0.4.6
0.4.5
0.4.4
0.4.3
0.4.2
0.4.1
0.4.0
0.3.4
0.3.3
0.3.1
0.2.1
0.2
0.1
Using 0.4.7
Use --version to specify a different version.
Using url https://pypi.python.org/packages/source/p/python-jenkins/python-jenkins-0.4.7.tar.gz (25 KB) for python-jenkins.
Downloading python-jenkins
Using cached download
Unpacking python-jenkins...
done
working in /tmp/tmpeOIzvrconda_skeleton_python-jenkins-0.4.7.tar.gz
Fetching package metadata: ......

WARNING: conda-build appears to be out of date. You have version 1.13.0 but the
latest version is 1.14.1. Run

conda update -n root conda-build

to get the latest version.

Solving package specifications: .patching file core.py
Hunk #1 succeeded at 168 with fuzz 2 (offset 2 lines).

The following NEW packages will be INSTALLED:

    numpy:  1.9.2-py27_0
    pyyaml: 3.11-py27_1 
    yaml:   0.1.6-0     

Linking packages ...
[                    ]|                                                  |   0%[yaml                ]|                                                  |   0%[numpy               ]|################                                  |  33%[pyyaml              ]|#################################                 |  66%[      COMPLETE      ]|##################################################| 100%
Applying patch: '/tmp/tmpeOIzvrconda_skeleton_python-jenkins-0.4.7.tar.gz/pypi-distutils.patch'
Writing recipe for python-jenkins
Done
