Removing old build directory
Removing old work directory
BUILD START: python-daemon-2.0.5-py_0
Fetching package metadata: ......

WARNING: conda-build appears to be out of date. You have version 1.13.0 but the
latest version is 1.14.1. Run

conda update -n root conda-build

to get the latest version.

Solving package specifications: ./home/ubuntu/miniconda/pkgs/lockfile-0.10.2-py_0/bin/.lockfile-pre-link.sh: line 2: /home/ubuntu/miniconda/envs/_build/bin/python: No such file or directory

The following packages will be downloaded:

    package                    |            build
    ---------------------------|-----------------
    lockfile-0.10.2            |             py_0           9 KB

The following NEW packages will be INSTALLED:

    docutils:   0.12-py27_0  
    lockfile:   0.10.2-py_0  
    openssl:    1.0.1k-1     
    pip:        7.0.3-py27_0 
    python:     2.7.10-0     
    readline:   6.2-2        
    setuptools: 18.0.1-py27_0
    sqlite:     3.8.4.1-1    
    system:     5.8-2        
    tk:         8.5.18-0     
    zlib:       1.2.8-0      

Fetching packages ...
lockfile-0.10.   0% |                              | ETA:  --:--:--   0.00  B/slockfile-0.10. 100% |###############################| ETA:  0:00:00  21.48 MB/slockfile-0.10. 100% |###############################| Time: 0:00:00  13.63 MB/s
Extracting packages ...
[                    ]|                                                  |   0%[lockfile            ]|                                                  |   0%[      COMPLETE      ]|##################################################| 100%
Linking packages ...
[      COMPLETE      ]|                                                  |   0%[openssl             ]|                                                  |   0%[openssl             ]|                                                  |   0%[readline            ]|####                                              |   9%[sqlite              ]|#########                                         |  18%[system              ]|#############                                     |  27%[tk                  ]|##################                                |  36%[zlib                ]|######################                            |  45%[docutils            ]|###########################                       |  54%[lockfile            ]|###############################                   |  63%Error: pre-link failed: lockfile-0.10.2-py_0
