Warning, the following versions were found for python-twitter
2.2
2.1
2.0
1.3.1
1.3
1.1
1.0
0.8.7
0.8.6
0.8.5
0.8.2
0.8.1
0.5
0.4.1
0.4
Using 2.2
Use --version to specify a different version.
Using url https://pypi.python.org/packages/source/p/python-twitter/python-twitter-2.2.tar.gz (65 KB) for python-twitter.
Downloading python-twitter
Using cached download
Unpacking python-twitter...
done
working in /tmp/tmpFBgvfgconda_skeleton_python-twitter-2.2.tar.gz
Fetching package metadata: ......

WARNING: conda-build appears to be out of date. You have version 1.13.0 but the
latest version is 1.14.1. Run

conda update -n root conda-build

to get the latest version.

Solving package specifications: .patching file core.py
Hunk #1 succeeded at 168 with fuzz 2 (offset 2 lines).

WARNING: conda-build appears to be out of date. You have version 1.13.0 but the
latest version is 1.14.1. Run

conda update -n root conda-build

to get the latest version.


The following NEW packages will be INSTALLED:

    numpy:  1.9.2-py27_0
    pyyaml: 3.11-py27_1 
    yaml:   0.1.6-0     

Linking packages ...
[                    ]|                                                  |   0%[yaml                ]|                                                  |   0%[numpy               ]|################                                  |  33%[pyyaml              ]|#################################                 |  66%[      COMPLETE      ]|##################################################| 100%
Applying patch: '/tmp/tmpFBgvfgconda_skeleton_python-twitter-2.2.tar.gz/pypi-distutils.patch'
Warning, the following versions were found for requests-oauthlib
0.5.0
0.4.2
0.4.1
0.4.0
0.3.3
0.3.2
0.3.1
0.3.0
0.2.0
Using 0.5.0
Use --version to specify a different version.
Using url https://pypi.python.org/packages/source/r/requests-oauthlib/requests-oauthlib-0.5.0.tar.gz (53 KB) for requests-oauthlib.
Downloading requests-oauthlib
Using cached download
Unpacking requests-oauthlib...
done
working in /tmp/tmpkl6c7Rconda_skeleton_requests-oauthlib-0.5.0.tar.gz
Solving package specifications: .patching file core.py
Hunk #1 succeeded at 168 with fuzz 2 (offset 2 lines).

Applying patch: '/tmp/tmpkl6c7Rconda_skeleton_requests-oauthlib-0.5.0.tar.gz/pypi-distutils.patch'
Error: Could not find any versions of package oauthlib[rsa]
