Warning, the following versions were found for python-cloudfiles
1.7.11
1.7.10
1.7.9.3
1.7.9.1
1.7.8
Using 1.7.11
Use --version to specify a different version.
Using url https://pypi.python.org/packages/source/p/python-cloudfiles/python-cloudfiles-1.7.11.tar.gz (323 KB) for python-cloudfiles.
Downloading python-cloudfiles
Using cached download
Unpacking python-cloudfiles...
done
working in /tmp/tmpBP6f3Nconda_skeleton_python-cloudfiles-1.7.11.tar.gz
Fetching package metadata: ......

WARNING: conda-build appears to be out of date. You have version 1.13.0 but the
latest version is 1.14.1. Run

conda update -n root conda-build

to get the latest version.

Solving package specifications: .patching file core.py
Hunk #1 succeeded at 168 with fuzz 2 (offset 2 lines).
setup.py:11: DeprecationWarning: python-cloudfiles has been deprecated as of August 1, 2013. Please see https://github.com/openstack/python-swiftclient.
  DeprecationWarning)

The following NEW packages will be INSTALLED:

    numpy:  1.9.2-py27_0
    pyyaml: 3.11-py27_1 
    yaml:   0.1.6-0     

Linking packages ...
[                    ]|                                                  |   0%[yaml                ]|                                                  |   0%[numpy               ]|################                                  |  33%[pyyaml              ]|#################################                 |  66%[      COMPLETE      ]|##################################################| 100%
Applying patch: '/tmp/tmpBP6f3Nconda_skeleton_python-cloudfiles-1.7.11.tar.gz/pypi-distutils.patch'
Writing recipe for python-cloudfiles
Done
