Error: prefix already exists: /home/ubuntu/miniconda/envs/_pipbuild_
Collecting python-keystoneclient==1.6.0
  Could not find a version that satisfies the requirement python-keystoneclient==1.6.0 (from versions: 0.1.1, 0.1.2, 0.1.3, 0.2.0, 0.2.1, 0.2.2, 0.2.3, 0.2.4, 0.2.5, 0.3.0, 0.3.1, 0.3.2, 0.4.0, 0.4.1, 0.4.2, 0.5.0, 0.5.1, 0.6.0, 0.7.0, 0.7.1, 0.8.0, 0.9.0, 0.10.0, 0.10.1, 0.11.0, 0.11.1, 0.11.2, 1.0.0, 1.1.0, 1.2.0, 1.3.0, 1.3.1, 1.4.0)
No matching distribution found for python-keystoneclient==1.6.0
Package search: {'_pypi_ordering': False, 'version': '1.6.0', 'name': 'python-keystoneclient', 'summary': 'Client Library for OpenStack Identity'}
Creating standard recipe for python-keystoneclient-1.6.0
Using url https://pypi.python.org/packages/source/p/python-keystoneclient/python-keystoneclient-1.6.0.tar.gz (339 KB) for python-keystoneclient.
Downloading python-keystoneclient
Using cached download
Unpacking python-keystoneclient...
done
working in /tmp/tmpuHc1dAconda_skeleton_python-keystoneclient-1.6.0.tar.gz
Fetching package metadata: ......

WARNING: conda-build appears to be out of date. You have version 1.13.0 but the
latest version is 1.14.0. Run

conda update -n root conda-build

to get the latest version.

Solving package specifications: .patching file core.py
Hunk #1 succeeded at 168 with fuzz 2 (offset 2 lines).
Traceback (most recent call last):
  File "setup.py", line 18, in <module>
    import setuptools
ImportError: No module named setuptools

Applying patch: '/tmp/tmpuHc1dAconda_skeleton_python-keystoneclient-1.6.0.tar.gz/pypi-distutils.patch'
$PYTHONPATH = /tmp/tmpuHc1dAconda_skeleton_python-keystoneclient-1.6.0.tar.gz/python-keystoneclient-1.6.0
Error: command failed: /home/ubuntu/miniconda/envs/_build/bin/python setup.py install

conda create -n _pipbuild_ --yes python pip
/home/ubuntu/miniconda/envs/_pipbuild_/bin/pip install python-keystoneclient==1.6.0
Error: Could not pip install python-keystoneclient==1.6.0
