Error: prefix already exists: /home/ubuntu/miniconda/envs/_pipbuild_
Collecting python-designateclient==1.3.0
  Could not find a version that satisfies the requirement python-designateclient==1.3.0 (from versions: 0.0.4, 0.0.5, 1.0.0, 1.0.1, 1.0.2, 1.0.3, 1.1.0, 1.1.1, 1.2.0)
No matching distribution found for python-designateclient==1.3.0
Package search: {'_pypi_ordering': False, 'version': '1.3.0', 'name': 'python-designateclient', 'summary': 'OpenStack DNS as a Service - Client'}
Creating standard recipe for python-designateclient-1.3.0
Using url https://pypi.python.org/packages/source/p/python-designateclient/python-designateclient-1.3.0.tar.gz (42 KB) for python-designateclient.
Downloading python-designateclient
Unpacking python-designateclient...
done
working in /tmp/tmpXoTfrOconda_skeleton_python-designateclient-1.3.0.tar.gz
Fetching package metadata: ......

WARNING: conda-build appears to be out of date. You have version 1.13.0 but the
latest version is 1.14.0. Run

conda update -n root conda-build

to get the latest version.

Solving package specifications: .patching file core.py
Hunk #1 succeeded at 168 with fuzz 2 (offset 2 lines).
Traceback (most recent call last):
  File "setup.py", line 17, in <module>
    import setuptools
ImportError: No module named setuptools

Applying patch: '/tmp/tmpXoTfrOconda_skeleton_python-designateclient-1.3.0.tar.gz/pypi-distutils.patch'
$PYTHONPATH = /tmp/tmpXoTfrOconda_skeleton_python-designateclient-1.3.0.tar.gz/python-designateclient-1.3.0
Error: command failed: /home/ubuntu/miniconda/envs/_build/bin/python setup.py install

conda create -n _pipbuild_ --yes python pip
/home/ubuntu/miniconda/envs/_pipbuild_/bin/pip install python-designateclient==1.3.0
Error: Could not pip install python-designateclient==1.3.0
