Error: prefix already exists: /home/ubuntu/miniconda/envs/_pipbuild_
Collecting python-neutronclient==2.6.0
  Could not find a version that satisfies the requirement python-neutronclient==2.6.0 (from versions: 2.2.4, 2.2.5, 2.2.6, 2.3.0, 2.3.1, 2.3.2, 2.3.3, 2.3.4, 2.3.5, 2.3.6, 2.3.7, 2.3.8, 2.3.9, 2.3.10, 2.3.11, 2.4.0, 2.5.0)
No matching distribution found for python-neutronclient==2.6.0
Package search: {'_pypi_ordering': False, 'version': '2.6.0', 'name': 'python-neutronclient', 'summary': 'CLI and Client Library for OpenStack Networking'}
Creating standard recipe for python-neutronclient-2.6.0
Using url https://pypi.python.org/packages/source/p/python-neutronclient/python-neutronclient-2.6.0.tar.gz (138 KB) for python-neutronclient.
Downloading python-neutronclient
Using cached download
Unpacking python-neutronclient...
done
working in /tmp/tmpg2SsDGconda_skeleton_python-neutronclient-2.6.0.tar.gz
Fetching package metadata: ......

WARNING: conda-build appears to be out of date. You have version 1.13.0 but the
latest version is 1.14.0. Run

conda update -n root conda-build

to get the latest version.

Solving package specifications: .patching file core.py
Hunk #1 succeeded at 168 with fuzz 2 (offset 2 lines).
Traceback (most recent call last):
  File "setup.py", line 18, in <module>
    import setuptools
ImportError: No module named setuptools

Applying patch: '/tmp/tmpg2SsDGconda_skeleton_python-neutronclient-2.6.0.tar.gz/pypi-distutils.patch'
$PYTHONPATH = /tmp/tmpg2SsDGconda_skeleton_python-neutronclient-2.6.0.tar.gz/python-neutronclient-2.6.0
Error: command failed: /home/ubuntu/miniconda/envs/_build/bin/python setup.py install

conda create -n _pipbuild_ --yes python pip
/home/ubuntu/miniconda/envs/_pipbuild_/bin/pip install python-neutronclient==2.6.0
Error: Could not pip install python-neutronclient==2.6.0
