Error: prefix already exists: /home/ubuntu/miniconda/envs/_pipbuild_
Collecting python-cinderclient==1.2.2
  Could not find a version that satisfies the requirement python-cinderclient==1.2.2 (from versions: 0.2, 1.0.0, 1.0.1, 1.0.2, 1.0.3, 1.0.4, 1.0.5, 1.0.6, 1.0.7, 1.0.8, 1.0.9, 1.1.0, 1.1.1, 1.2.0, 1.2.1)
No matching distribution found for python-cinderclient==1.2.2
Package search: {'_pypi_ordering': False, 'version': '0.1', 'name': 'python-cinderclient', 'summary': 'Client library for OpenStack Nova API.'}
Creating standard recipe for python-cinderclient-1.2.2
Using url https://pypi.python.org/packages/source/p/python-cinderclient/python-cinderclient-1.2.2.tar.gz (170 KB) for python-cinderclient.
Downloading python-cinderclient
Using cached download
Unpacking python-cinderclient...
done
working in /tmp/tmpqPYSC4conda_skeleton_python-cinderclient-1.2.2.tar.gz
Fetching package metadata: ......

WARNING: conda-build appears to be out of date. You have version 1.13.0 but the
latest version is 1.14.0. Run

conda update -n root conda-build

to get the latest version.

Solving package specifications: .patching file core.py
Hunk #1 succeeded at 168 with fuzz 2 (offset 2 lines).
Traceback (most recent call last):
  File "setup.py", line 18, in <module>
    import setuptools
ImportError: No module named setuptools

Applying patch: '/tmp/tmpqPYSC4conda_skeleton_python-cinderclient-1.2.2.tar.gz/pypi-distutils.patch'
$PYTHONPATH = /tmp/tmpqPYSC4conda_skeleton_python-cinderclient-1.2.2.tar.gz/python-cinderclient-1.2.2
Error: command failed: /home/ubuntu/miniconda/envs/_build/bin/python setup.py install

conda create -n _pipbuild_ --yes python pip
/home/ubuntu/miniconda/envs/_pipbuild_/bin/pip install python-cinderclient==1.2.2
Error: Could not pip install python-cinderclient==1.2.2
