Warning, the following versions were found for python-instagram
1.3.1
1.3.0
1.1.3
1.1.2
1.1.1
1.1.0
1.0.1
1.0.0
0.8.0
0.7.3
0.7.2
0.7.1
0.7.0
Using 1.3.1
Use --version to specify a different version.
Using url https://pypi.python.org/packages/source/p/python-instagram/python-instagram-1.3.1.tar.gz (8 KB) for python-instagram.
Downloading python-instagram
Using cached download
Unpacking python-instagram...
done
working in /tmp/tmpmRN0ZHconda_skeleton_python-instagram-1.3.1.tar.gz
Fetching package metadata: ......

WARNING: conda-build appears to be out of date. You have version 1.13.0 but the
latest version is 1.14.1. Run

conda update -n root conda-build

to get the latest version.

Solving package specifications: .patching file core.py
Hunk #1 succeeded at 168 with fuzz 2 (offset 2 lines).

The following NEW packages will be INSTALLED:

    numpy:  1.9.2-py27_0
    pyyaml: 3.11-py27_1 
    yaml:   0.1.6-0     

Linking packages ...
[                    ]|                                                  |   0%[yaml                ]|                                                  |   0%[numpy               ]|################                                  |  33%[pyyaml              ]|#################################                 |  66%[      COMPLETE      ]|##################################################| 100%
Applying patch: '/tmp/tmpmRN0ZHconda_skeleton_python-instagram-1.3.1.tar.gz/pypi-distutils.patch'
Writing recipe for python-instagram
Done
