Error: prefix already exists: /home/ubuntu/miniconda/envs/_pipbuild_
Collecting python-statsd==1.7.2
  Downloading http://localhost/packages/source/p/python-statsd/python-statsd-1.7.2.tar.gz
setuptools must be installed to install from a source distribution
Package search: {'_pypi_ordering': False, 'version': '1.7.2', 'name': 'python-statsd', 'summary': "statsd is a client for Etsy's node-js statsd server. A proxy for the Graphite stats collection and graphing server."}
Creating standard recipe for python-statsd-1.7.2
Using url https://pypi.python.org/packages/source/p/python-statsd/python-statsd-1.7.2.tar.gz (10 KB) for python-statsd.
Downloading python-statsd
Using cached download
Unpacking python-statsd...
done
working in /tmp/tmpdPSX0gconda_skeleton_python-statsd-1.7.2.tar.gz
Fetching package metadata: ......

WARNING: conda-build appears to be out of date. You have version 1.13.0 but the
latest version is 1.14.0. Run

conda update -n root conda-build

to get the latest version.

Solving package specifications: .patching file core.py
Hunk #1 succeeded at 168 with fuzz 2 (offset 2 lines).
Traceback (most recent call last):
  File "setup.py", line 3, in <module>
    import setuptools
ImportError: No module named setuptools

Applying patch: '/tmp/tmpdPSX0gconda_skeleton_python-statsd-1.7.2.tar.gz/pypi-distutils.patch'
$PYTHONPATH = /tmp/tmpdPSX0gconda_skeleton_python-statsd-1.7.2.tar.gz/python-statsd-1.7.2
Error: command failed: /home/ubuntu/miniconda/envs/_build/bin/python setup.py install

conda create -n _pipbuild_ --yes python pip
/home/ubuntu/miniconda/envs/_pipbuild_/bin/pip install python-statsd==1.7.2
Error: Could not pip install python-statsd==1.7.2
