Removing old build directory
Removing old work directory
BUILD START: pyyaml-3.11-py27_0
Fetching package metadata: ......

WARNING: conda-build appears to be out of date. You have version 1.13.0 but the
latest version is 1.14.1. Run

conda update -n root conda-build

to get the latest version.

Solving package specifications: .+ pip install pyyaml
Collecting pyyaml
  Downloading http://localhost/packages/source/P/PyYAML/PyYAML-3.11.tar.gz (248kB)
Installing collected packages: pyyaml
  Running setup.py install for pyyaml
Successfully installed pyyaml-3.11

The following NEW packages will be INSTALLED:

    openssl:    1.0.1k-1     
    pip:        7.0.3-py27_0 
    python:     2.7.10-0     
    readline:   6.2-2        
    setuptools: 18.0.1-py27_0
    sqlite:     3.8.4.1-1    
    system:     5.8-2        
    tk:         8.5.18-0     
    zlib:       1.2.8-0      

Linking packages ...
[                    ]|                                                  |   0%[openssl             ]|                                                  |   0%[readline            ]|#####                                             |  11%[sqlite              ]|###########                                       |  22%[system              ]|################                                  |  33%[tk                  ]|######################                            |  44%[zlib                ]|###########################                       |  55%[python              ]|#################################                 |  66%[setuptools          ]|######################################            |  77%[pip                 ]|############################################      |  88%[      COMPLETE      ]|##################################################| 100%
Removing old work directory
Copying /home/ubuntu/pypi-conda-builds/pyyaml to /home/ubuntu/miniconda/conda-bld/work
Package: pyyaml-3.11-py27_0
source tree in: /home/ubuntu/miniconda/conda-bld/work
number of files: 39
Fixing permissions
Fixing permissions
BUILD END: pyyaml-3.11-py27_0
# If you want to upload this package to binstar.org later, type:
#
# $ binstar upload /home/ubuntu/miniconda/conda-bld/linux-64/pyyaml-3.11-py27_0.tar.bz2
#
# To have conda build upload to binstar automatically, use
# $ conda config --set binstar_upload yes

Removing old build directory
Removing old work directory
BUILD START: requests-2.7.0-py27_0
Fetching package metadata: ......

WARNING: conda-build appears to be out of date. You have version 1.13.0 but the
latest version is 1.14.1. Run

conda update -n root conda-build

to get the latest version.

Solving package specifications: .+ pip install requests
Collecting requests
  Downloading http://localhost/packages/2.7/r/requests/requests-2.7.0-py2.py3-none-any.whl (470kB)
Installing collected packages: requests
Successfully installed requests-2.7.0

The following NEW packages will be INSTALLED:

    openssl:    1.0.1k-1     
    pip:        7.0.3-py27_0 
    python:     2.7.10-0     
    readline:   6.2-2        
    setuptools: 18.0.1-py27_0
    sqlite:     3.8.4.1-1    
    system:     5.8-2        
    tk:         8.5.18-0     
    zlib:       1.2.8-0      

Linking packages ...
[                    ]|                                                  |   0%[openssl             ]|                                                  |   0%[readline            ]|#####                                             |  11%[sqlite              ]|###########                                       |  22%[system              ]|################                                  |  33%[tk                  ]|######################                            |  44%[zlib                ]|###########################                       |  55%[python              ]|#################################                 |  66%[setuptools          ]|######################################            |  77%[pip                 ]|############################################      |  88%[      COMPLETE      ]|##################################################| 100%
Removing old work directory
Copying /home/ubuntu/pypi-conda-builds/requests to /home/ubuntu/miniconda/conda-bld/work
Package: requests-2.7.0-py27_0
source tree in: /home/ubuntu/miniconda/conda-bld/work
number of files: 165
Fixing permissions
Fixing permissions
BUILD END: requests-2.7.0-py27_0
# If you want to upload this package to binstar.org later, type:
#
# $ binstar upload /home/ubuntu/miniconda/conda-bld/linux-64/requests-2.7.0-py27_0.tar.bz2
#
# To have conda build upload to binstar automatically, use
# $ conda config --set binstar_upload yes

Error: prefix already exists: /home/ubuntu/miniconda/envs/_pipbuild_
Exception:
Traceback (most recent call last):
  File "/home/ubuntu/miniconda/envs/_pipbuild_/lib/python2.7/site-packages/pip/basecommand.py", line 223, in main
    status = self.run(options, args)
  File "/home/ubuntu/miniconda/envs/_pipbuild_/lib/python2.7/site-packages/pip/commands/install.py", line 268, in run
    wheel_cache
  File "/home/ubuntu/miniconda/envs/_pipbuild_/lib/python2.7/site-packages/pip/basecommand.py", line 268, in populate_requirement_set
    wheel_cache=wheel_cache
  File "/home/ubuntu/miniconda/envs/_pipbuild_/lib/python2.7/site-packages/pip/req/req_install.py", line 207, in from_line
    wheel_cache=wheel_cache)
  File "/home/ubuntu/miniconda/envs/_pipbuild_/lib/python2.7/site-packages/pip/req/req_install.py", line 66, in __init__
    req = pkg_resources.Requirement.parse(req)
  File "/home/ubuntu/miniconda/envs/_pipbuild_/lib/python2.7/site-packages/pip/_vendor/pkg_resources/__init__.py", line 2960, in parse
    reqs = list(parse_requirements(s))
  File "/home/ubuntu/miniconda/envs/_pipbuild_/lib/python2.7/site-packages/pip/_vendor/pkg_resources/__init__.py", line 2904, in parse_requirements
    "version spec")
  File "/home/ubuntu/miniconda/envs/_pipbuild_/lib/python2.7/site-packages/pip/_vendor/pkg_resources/__init__.py", line 2869, in scan_list
    raise ValueError(msg, line, "at", line[p:])
ValueError: ('Expected version spec in', 'coverage====3.7.1', 'at', '====3.7.1')

Package search: {'_pypi_ordering': False, 'version': '2.5.0', 'name': 'python-coveralls', 'summary': 'Python interface to coveralls.io API'}
Creating standard recipe for python-coveralls-2.5.0
Converting recipe in /home/ubuntu/pypi-conda-builds/python-coveralls
package = python-coveralls
   dependencies = [u'pyyaml', u'requests', u'coverage ==3.7.1', u'six', u'sh']
Creating standard recipe for pyyaml
Converting recipe in /home/ubuntu/pypi-conda-builds/pyyaml
package = pyyaml
   dependencies = []
Building conda package for pyyaml
Creating standard recipe for requests
Converting recipe in /home/ubuntu/pypi-conda-builds/requests
package = requests
   dependencies = []
Building conda package for requests
Creating standard recipe for coverage-==3.7.1
Error: Version ==3.7.1 of coverage is not available on PyPI.

conda create -n _pipbuild_ --yes python pip
/home/ubuntu/miniconda/envs/_pipbuild_/bin/pip install coverage====3.7.1
Error: Could not pip install coverage====3.7.1
