Removing old build directory
Removing old work directory
BUILD START: python-ntlm-1.1.0-py_0
Fetching package metadata: ......

WARNING: conda-build appears to be out of date. You have version 1.13.0 but the
latest version is 1.14.0. Run

conda update -n root conda-build

to get the latest version.

Solving package specifications: .+ pip install python-ntlm
Collecting python-ntlm
  Downloading http://localhost/packages/py2/p/python-ntlm/python_ntlm-1.1.0-py2-none-any.whl
Installing collected packages: python-ntlm
Successfully installed python-ntlm-1.1.0

The following NEW packages will be INSTALLED:

    openssl:    1.0.1k-1     
    pip:        7.0.3-py27_0 
    python:     2.7.10-0     
    readline:   6.2-2        
    setuptools: 18.0.1-py27_0
    sqlite:     3.8.4.1-1    
    system:     5.8-2        
    tk:         8.5.18-0     
    zlib:       1.2.8-0      

Linking packages ...
[                    ]|                                                  |   0%[openssl             ]|                                                  |   0%[readline            ]|#####                                             |  11%[sqlite              ]|###########                                       |  22%[system              ]|################                                  |  33%[tk                  ]|######################                            |  44%[zlib                ]|###########################                       |  55%[python              ]|#################################                 |  66%[setuptools          ]|######################################            |  77%[pip                 ]|############################################      |  88%[      COMPLETE      ]|##################################################| 100%
Removing old work directory
Copying /home/ubuntu/pypi-conda-builds/python-ntlm to /home/ubuntu/miniconda/conda-bld/work
Package: python-ntlm-1.1.0-py_0
source tree in: /home/ubuntu/miniconda/conda-bld/work
number of files: 24
Fixing permissions
Fixing permissions
BUILD END: python-ntlm-1.1.0-py_0
# If you want to upload this package to binstar.org later, type:
#
# $ binstar upload /home/ubuntu/miniconda/conda-bld/noarch/python-ntlm-1.1.0-py_0.tar.bz2
#
# To have conda build upload to binstar automatically, use
# $ conda config --set binstar_upload yes

Package search: {'_pypi_ordering': False, 'version': '1.1.0', 'name': 'python-ntlm', 'summary': 'Python library that provides NTLM support, including an authentication handler for urllib2. Works with pass-the-hash in additon to password authentication.'}
Creating standard recipe for python-ntlm-1.1.0
Converting recipe in /home/ubuntu/pypi-conda-builds/python-ntlm
package = python-ntlm
   dependencies = []
Building conda package for python-ntlm
