Error: prefix already exists: /home/ubuntu/miniconda/envs/_pipbuild_
Collecting pyvmomi==5.5.0.2014.1.1
  Downloading http://localhost/packages/source/p/pyvmomi/pyvmomi-5.5.0.2014.1.1.tar.gz (198kB)
setuptools must be installed to install from a source distribution
Package search: {'_pypi_ordering': False, 'version': '5.5.0.2014.1.1', 'name': 'pyvmomi', 'summary': 'VMware vSphere Python SDK'}
Creating standard recipe for pyvmomi-5.5.0.2014.1.1
Using url https://pypi.python.org/packages/source/p/pyvmomi/pyvmomi-5.5.0.2014.1.1.tar.gz (194 KB) for pyvmomi.
Downloading pyvmomi
Using cached download
Unpacking pyvmomi...
done
working in /tmp/tmpZkz0Awconda_skeleton_pyvmomi-5.5.0.2014.1.1.tar.gz
Fetching package metadata: ......

WARNING: conda-build appears to be out of date. You have version 1.13.0 but the
latest version is 1.14.0. Run

conda update -n root conda-build

to get the latest version.

Solving package specifications: .patching file core.py
Hunk #1 succeeded at 168 with fuzz 2 (offset 2 lines).
Traceback (most recent call last):
  File "setup.py", line 16, in <module>
    from setuptools import setup
ImportError: No module named setuptools

Applying patch: '/tmp/tmpZkz0Awconda_skeleton_pyvmomi-5.5.0.2014.1.1.tar.gz/pypi-distutils.patch'
$PYTHONPATH = /tmp/tmpZkz0Awconda_skeleton_pyvmomi-5.5.0.2014.1.1.tar.gz/pyvmomi-5.5.0.2014.1.1
Error: command failed: /home/ubuntu/miniconda/envs/_build/bin/python setup.py install

conda create -n _pipbuild_ --yes python pip
/home/ubuntu/miniconda/envs/_pipbuild_/bin/pip install pyvmomi==5.5.0.2014.1.1
Error: Could not pip install pyvmomi==5.5.0.2014.1.1
