Error: prefix already exists: /home/ubuntu/miniconda/envs/_pipbuild_
Collecting qds-sdk==1.6.1
  Could not find a version that satisfies the requirement qds-sdk==1.6.1 (from versions: 1.0.2b0, 1.0.3b0, 1.0.5b0, 1.0.6b0, 1.0.7b0, 1.0.8b0, 1.0.9b0, 1.0.10b0, 1.0.11b1, 1.0.12b1, 1.0.13b1, 1.0.14b1, 1.0.15b1, 1.0.16, 1.0.17b1, 1.0.18, 1.1.0, 1.1.1, 1.1.2rc1, 1.1.2rc2, 1.1.2, 1.1.3, 1.2.0, 1.2.1, 1.2.2, 1.3.0b1, 1.3.0b2, 1.3.0, 1.3.1, 1.3.2, 1.3.3, 1.3.4, 1.4.0, 1.4.1, 1.4.2, 1.4.3, 1.5.0, 1.5.1, 1.6.0)
No matching distribution found for qds-sdk==1.6.1
Package search: {'_pypi_ordering': False, 'version': '1.6.1', 'name': 'qds_sdk', 'summary': 'Python SDK for coding to the Qubole Data Service API'}
Creating standard recipe for qds_sdk-1.6.1
Using url https://pypi.python.org/packages/source/q/qds_sdk/qds_sdk-1.6.1.tar.gz (33 KB) for qds_sdk.
Downloading qds_sdk
Unpacking qds_sdk...
done
working in /tmp/tmpHtevokconda_skeleton_qds_sdk-1.6.1.tar.gz
Fetching package metadata: ......

WARNING: conda-build appears to be out of date. You have version 1.13.0 but the
latest version is 1.14.0. Run

conda update -n root conda-build

to get the latest version.

Solving package specifications: .patching file core.py
Hunk #1 succeeded at 168 with fuzz 2 (offset 2 lines).
Traceback (most recent call last):
  File "setup.py", line 3, in <module>
    from setuptools import setup
ImportError: No module named setuptools

Applying patch: '/tmp/tmpHtevokconda_skeleton_qds_sdk-1.6.1.tar.gz/pypi-distutils.patch'
$PYTHONPATH = /tmp/tmpHtevokconda_skeleton_qds_sdk-1.6.1.tar.gz/qds_sdk-1.6.1
Error: command failed: /home/ubuntu/miniconda/envs/_build/bin/python setup.py install

conda create -n _pipbuild_ --yes python pip
/home/ubuntu/miniconda/envs/_pipbuild_/bin/pip install qds_sdk==1.6.1
Error: Could not pip install qds_sdk==1.6.1
