Error: prefix already exists: /home/ubuntu/miniconda/envs/_pipbuild_
Collecting qrcode==5.1
  Downloading http://localhost/packages/source/q/qrcode/qrcode-5.1.tar.gz
setuptools must be installed to install from a source distribution
Package search: {'_pypi_ordering': False, 'version': '5.1', 'name': 'qrcode', 'summary': 'QR Code image generator'}
Creating standard recipe for qrcode-5.1
Using url https://pypi.python.org/packages/source/q/qrcode/qrcode-5.1.tar.gz (22 KB) for qrcode.
Downloading qrcode
Using cached download
Unpacking qrcode...
done
working in /tmp/tmp416VEPconda_skeleton_qrcode-5.1.tar.gz
Fetching package metadata: ......

WARNING: conda-build appears to be out of date. You have version 1.13.0 but the
latest version is 1.14.0. Run

conda update -n root conda-build

to get the latest version.

Solving package specifications: .patching file core.py
Hunk #1 succeeded at 168 with fuzz 2 (offset 2 lines).
Traceback (most recent call last):
  File "setup.py", line 5, in <module>
    from setuptools import setup, find_packages
ImportError: No module named setuptools

Applying patch: '/tmp/tmp416VEPconda_skeleton_qrcode-5.1.tar.gz/pypi-distutils.patch'
$PYTHONPATH = /tmp/tmp416VEPconda_skeleton_qrcode-5.1.tar.gz/qrcode-5.1
Error: command failed: /home/ubuntu/miniconda/envs/_build/bin/python setup.py install

conda create -n _pipbuild_ --yes python pip
/home/ubuntu/miniconda/envs/_pipbuild_/bin/pip install qrcode==5.1
Error: Could not pip install qrcode==5.1
