Warning, the following versions were found for rackspace-novaclient
1.4
1.3
1.2
1.1
1.0
Using 1.4
Use --version to specify a different version.
Using url https://pypi.python.org/packages/source/r/rackspace-novaclient/rackspace-novaclient-1.4.tar.gz (2 KB) for rackspace-novaclient.
Downloading rackspace-novaclient
Using cached download
Unpacking rackspace-novaclient...
done
working in /tmp/tmpDSOhx4conda_skeleton_rackspace-novaclient-1.4.tar.gz
Fetching package metadata: ......

WARNING: conda-build appears to be out of date. You have version 1.13.0 but the
latest version is 1.14.1. Run

conda update -n root conda-build

to get the latest version.

Solving package specifications: .patching file core.py
Hunk #1 succeeded at 168 with fuzz 2 (offset 2 lines).

WARNING: conda-build appears to be out of date. You have version 1.13.0 but the
latest version is 1.14.1. Run

conda update -n root conda-build

to get the latest version.


Applying patch: '/tmp/tmpDSOhx4conda_skeleton_rackspace-novaclient-1.4.tar.gz/pypi-distutils.patch'
Warning, the following versions were found for rax_scheduled_images_python_novaclient_ext
0.3.1
0.3.0
0.2.2
0.2.1
0.2.0
0.1.1
0.1.0
Using 0.3.1
Use --version to specify a different version.
Using url https://pypi.python.org/packages/source/r/rax_scheduled_images_python_novaclient_ext/rax_scheduled_images_python_novaclient_ext-0.3.1.tar.gz (3 KB) for rax_scheduled_images_python_novaclient_ext.
Downloading rax_scheduled_images_python_novaclient_ext
Using cached download
Unpacking rax_scheduled_images_python_novaclient_ext...
done
working in /tmp/tmp4AoEk8conda_skeleton_rax_scheduled_images_python_novaclient_ext-0.3.1.tar.gz
Solving package specifications: .patching file core.py
Hunk #1 succeeded at 168 with fuzz 2 (offset 2 lines).

Applying patch: '/tmp/tmp4AoEk8conda_skeleton_rax_scheduled_images_python_novaclient_ext-0.3.1.tar.gz/pypi-distutils.patch'
Writing recipe for rackspace-novaclient
Writing recipe for rax_scheduled_images_python_novaclient_ext
Done
