Warning, the following versions were found for radish-bdd
0.01.32
0.01.31
0.01.30
0.01.29
0.01.28
0.01.27
0.01.26
0.01.25
0.01.24
0.01.23
0.01.22
0.01.21
0.01.20
0.01.19
0.01.18
0.01.17
0.01.16
0.01.15
0.01.14
0.01.13
0.01.12
0.01.11
0.01.10
0.01.09
0.01.08
0.01.07
0.01.06
0.01.05
0.01.04
0.01.03
0.01.02
0.01.01
Using 0.01.32
Use --version to specify a different version.
Using url https://pypi.python.org/packages/source/r/radish-bdd/radish-bdd-0.01.32.tar.gz (19 KB) for radish-bdd.
Downloading radish-bdd
Unpacking radish-bdd...
done
working in /tmp/tmp1kbF3nconda_skeleton_radish-bdd-0.01.32.tar.gz
Fetching package metadata: ......

WARNING: conda-build appears to be out of date. You have version 1.13.0 but the
latest version is 1.14.1. Run

conda update -n root conda-build

to get the latest version.

Solving package specifications: .patching file core.py
Hunk #1 succeeded at 168 with fuzz 2 (offset 2 lines).

Applying patch: '/tmp/tmp1kbF3nconda_skeleton_radish-bdd-0.01.32.tar.gz/pypi-distutils.patch'
Writing recipe for radish-bdd
Done
