Removing old build directory
Removing old work directory
BUILD START: rdflib-4.2.0-py_0
Fetching package metadata: ......

WARNING: conda-build appears to be out of date. You have version 1.13.0 but the
latest version is 1.14.1. Run

conda update -n root conda-build

to get the latest version.

Solving package specifications: .+ /home/ubuntu/miniconda/envs/_build/bin/python setup.py install
running install
running bdist_egg
running egg_info
writing requirements to rdflib.egg-info/requires.txt
writing rdflib.egg-info/PKG-INFO
writing top-level names to rdflib.egg-info/top_level.txt
writing dependency_links to rdflib.egg-info/dependency_links.txt
writing entry points to rdflib.egg-info/entry_points.txt
reading manifest file 'rdflib.egg-info/SOURCES.txt'
reading manifest template 'MANIFEST.in'
no previously-included directories found matching 'docs/_build'
warning: no previously-included files matching '*.pyc' found anywhere in distribution
warning: no previously-included files matching '*$py.class' found anywhere in distribution
writing manifest file 'rdflib.egg-info/SOURCES.txt'
installing library code to build/bdist.linux-x86_64/egg
running install_lib
running build_py
creating build
creating build/lib
creating build/lib/rdflib
copying rdflib/term.py -> build/lib/rdflib
copying rdflib/plugin.py -> build/lib/rdflib
copying rdflib/store.py -> build/lib/rdflib
copying rdflib/graph.py -> build/lib/rdflib
copying rdflib/py3compat.py -> build/lib/rdflib
copying rdflib/compat.py -> build/lib/rdflib
copying rdflib/paths.py -> build/lib/rdflib
copying rdflib/compare.py -> build/lib/rdflib
copying rdflib/resource.py -> build/lib/rdflib
copying rdflib/parser.py -> build/lib/rdflib
copying rdflib/collection.py -> build/lib/rdflib
copying rdflib/void.py -> build/lib/rdflib
copying rdflib/query.py -> build/lib/rdflib
copying rdflib/events.py -> build/lib/rdflib
copying rdflib/util.py -> build/lib/rdflib
copying rdflib/namespace.py -> build/lib/rdflib
copying rdflib/__init__.py -> build/lib/rdflib
copying rdflib/serializer.py -> build/lib/rdflib
copying rdflib/exceptions.py -> build/lib/rdflib
creating build/lib/rdflib/extras
copying rdflib/extras/describer.py -> build/lib/rdflib/extras
copying rdflib/extras/infixowl.py -> build/lib/rdflib/extras
copying rdflib/extras/cmdlineutils.py -> build/lib/rdflib/extras
copying rdflib/extras/__init__.py -> build/lib/rdflib/extras
creating build/lib/rdflib/plugins
copying rdflib/plugins/memory.py -> build/lib/rdflib/plugins
copying rdflib/plugins/sleepycat.py -> build/lib/rdflib/plugins
copying rdflib/plugins/__init__.py -> build/lib/rdflib/plugins
creating build/lib/rdflib/plugins/parsers
copying rdflib/plugins/parsers/ntriples.py -> build/lib/rdflib/plugins/parsers
copying rdflib/plugins/parsers/notation3.py -> build/lib/rdflib/plugins/parsers
copying rdflib/plugins/parsers/nt.py -> build/lib/rdflib/plugins/parsers
copying rdflib/plugins/parsers/nquads.py -> build/lib/rdflib/plugins/parsers
copying rdflib/plugins/parsers/hturtle.py -> build/lib/rdflib/plugins/parsers
copying rdflib/plugins/parsers/trix.py -> build/lib/rdflib/plugins/parsers
copying rdflib/plugins/parsers/__init__.py -> build/lib/rdflib/plugins/parsers
copying rdflib/plugins/parsers/structureddata.py -> build/lib/rdflib/plugins/parsers
copying rdflib/plugins/parsers/rdfxml.py -> build/lib/rdflib/plugins/parsers
copying rdflib/plugins/parsers/trig.py -> build/lib/rdflib/plugins/parsers
creating build/lib/rdflib/plugins/parsers/pyRdfa
copying rdflib/plugins/parsers/pyRdfa/parse.py -> build/lib/rdflib/plugins/parsers/pyRdfa
copying rdflib/plugins/parsers/pyRdfa/initialcontext.py -> build/lib/rdflib/plugins/parsers/pyRdfa
copying rdflib/plugins/parsers/pyRdfa/utils.py -> build/lib/rdflib/plugins/parsers/pyRdfa
copying rdflib/plugins/parsers/pyRdfa/termorcurie.py -> build/lib/rdflib/plugins/parsers/pyRdfa
copying rdflib/plugins/parsers/pyRdfa/options.py -> build/lib/rdflib/plugins/parsers/pyRdfa
copying rdflib/plugins/parsers/pyRdfa/embeddedRDF.py -> build/lib/rdflib/plugins/parsers/pyRdfa
copying rdflib/plugins/parsers/pyRdfa/__init__.py -> build/lib/rdflib/plugins/parsers/pyRdfa
copying rdflib/plugins/parsers/pyRdfa/property.py -> build/lib/rdflib/plugins/parsers/pyRdfa
copying rdflib/plugins/parsers/pyRdfa/state.py -> build/lib/rdflib/plugins/parsers/pyRdfa
creating build/lib/rdflib/plugins/parsers/pyRdfa/transform
copying rdflib/plugins/parsers/pyRdfa/transform/DublinCore.py -> build/lib/rdflib/plugins/parsers/pyRdfa/transform
copying rdflib/plugins/parsers/pyRdfa/transform/metaname.py -> build/lib/rdflib/plugins/parsers/pyRdfa/transform
copying rdflib/plugins/parsers/pyRdfa/transform/__init__.py -> build/lib/rdflib/plugins/parsers/pyRdfa/transform
copying rdflib/plugins/parsers/pyRdfa/transform/OpenID.py -> build/lib/rdflib/plugins/parsers/pyRdfa/transform
copying rdflib/plugins/parsers/pyRdfa/transform/lite.py -> build/lib/rdflib/plugins/parsers/pyRdfa/transform
copying rdflib/plugins/parsers/pyRdfa/transform/prototype.py -> build/lib/rdflib/plugins/parsers/pyRdfa/transform
creating build/lib/rdflib/plugins/parsers/pyRdfa/extras
copying rdflib/plugins/parsers/pyRdfa/extras/httpheader.py -> build/lib/rdflib/plugins/parsers/pyRdfa/extras
copying rdflib/plugins/parsers/pyRdfa/extras/__init__.py -> build/lib/rdflib/plugins/parsers/pyRdfa/extras
creating build/lib/rdflib/plugins/parsers/pyRdfa/host
copying rdflib/plugins/parsers/pyRdfa/host/__init__.py -> build/lib/rdflib/plugins/parsers/pyRdfa/host
copying rdflib/plugins/parsers/pyRdfa/host/html5.py -> build/lib/rdflib/plugins/parsers/pyRdfa/host
copying rdflib/plugins/parsers/pyRdfa/host/atom.py -> build/lib/rdflib/plugins/parsers/pyRdfa/host
creating build/lib/rdflib/plugins/parsers/pyRdfa/rdfs
copying rdflib/plugins/parsers/pyRdfa/rdfs/process.py -> build/lib/rdflib/plugins/parsers/pyRdfa/rdfs
copying rdflib/plugins/parsers/pyRdfa/rdfs/cache.py -> build/lib/rdflib/plugins/parsers/pyRdfa/rdfs
copying rdflib/plugins/parsers/pyRdfa/rdfs/__init__.py -> build/lib/rdflib/plugins/parsers/pyRdfa/rdfs
creating build/lib/rdflib/plugins/parsers/pyMicrodata
copying rdflib/plugins/parsers/pyMicrodata/utils.py -> build/lib/rdflib/plugins/parsers/pyMicrodata
copying rdflib/plugins/parsers/pyMicrodata/registry.py -> build/lib/rdflib/plugins/parsers/pyMicrodata
copying rdflib/plugins/parsers/pyMicrodata/microdata.py -> build/lib/rdflib/plugins/parsers/pyMicrodata
copying rdflib/plugins/parsers/pyMicrodata/__init__.py -> build/lib/rdflib/plugins/parsers/pyMicrodata
creating build/lib/rdflib/plugins/serializers
copying rdflib/plugins/serializers/nt.py -> build/lib/rdflib/plugins/serializers
copying rdflib/plugins/serializers/nquads.py -> build/lib/rdflib/plugins/serializers
copying rdflib/plugins/serializers/trix.py -> build/lib/rdflib/plugins/serializers
copying rdflib/plugins/serializers/__init__.py -> build/lib/rdflib/plugins/serializers
copying rdflib/plugins/serializers/turtle.py -> build/lib/rdflib/plugins/serializers
copying rdflib/plugins/serializers/n3.py -> build/lib/rdflib/plugins/serializers
copying rdflib/plugins/serializers/xmlwriter.py -> build/lib/rdflib/plugins/serializers
copying rdflib/plugins/serializers/rdfxml.py -> build/lib/rdflib/plugins/serializers
copying rdflib/plugins/serializers/trig.py -> build/lib/rdflib/plugins/serializers
creating build/lib/rdflib/plugins/sparql
copying rdflib/plugins/sparql/evalutils.py -> build/lib/rdflib/plugins/sparql
copying rdflib/plugins/sparql/datatypes.py -> build/lib/rdflib/plugins/sparql
copying rdflib/plugins/sparql/compat.py -> build/lib/rdflib/plugins/sparql
copying rdflib/plugins/sparql/sparql.py -> build/lib/rdflib/plugins/sparql
copying rdflib/plugins/sparql/processor.py -> build/lib/rdflib/plugins/sparql
copying rdflib/plugins/sparql/parser.py -> build/lib/rdflib/plugins/sparql
copying rdflib/plugins/sparql/operators.py -> build/lib/rdflib/plugins/sparql
copying rdflib/plugins/sparql/update.py -> build/lib/rdflib/plugins/sparql
copying rdflib/plugins/sparql/parserutils.py -> build/lib/rdflib/plugins/sparql
copying rdflib/plugins/sparql/__init__.py -> build/lib/rdflib/plugins/sparql
copying rdflib/plugins/sparql/aggregates.py -> build/lib/rdflib/plugins/sparql
copying rdflib/plugins/sparql/algebra.py -> build/lib/rdflib/plugins/sparql
copying rdflib/plugins/sparql/evaluate.py -> build/lib/rdflib/plugins/sparql
creating build/lib/rdflib/plugins/sparql/results
copying rdflib/plugins/sparql/results/csvresults.py -> build/lib/rdflib/plugins/sparql/results
copying rdflib/plugins/sparql/results/tsvresults.py -> build/lib/rdflib/plugins/sparql/results
copying rdflib/plugins/sparql/results/txtresults.py -> build/lib/rdflib/plugins/sparql/results
copying rdflib/plugins/sparql/results/xmlresults.py -> build/lib/rdflib/plugins/sparql/results
copying rdflib/plugins/sparql/results/jsonresults.py -> build/lib/rdflib/plugins/sparql/results
copying rdflib/plugins/sparql/results/rdfresults.py -> build/lib/rdflib/plugins/sparql/results
copying rdflib/plugins/sparql/results/__init__.py -> build/lib/rdflib/plugins/sparql/results
copying rdflib/plugins/sparql/results/jsonlayer.py -> build/lib/rdflib/plugins/sparql/results
creating build/lib/rdflib/plugins/stores
copying rdflib/plugins/stores/concurrent.py -> build/lib/rdflib/plugins/stores
copying rdflib/plugins/stores/sparqlstore.py -> build/lib/rdflib/plugins/stores
copying rdflib/plugins/stores/regexmatching.py -> build/lib/rdflib/plugins/stores
copying rdflib/plugins/stores/auditable.py -> build/lib/rdflib/plugins/stores
copying rdflib/plugins/stores/__init__.py -> build/lib/rdflib/plugins/stores
creating build/lib/rdflib/tools
copying rdflib/tools/rdfs2dot.py -> build/lib/rdflib/tools
copying rdflib/tools/rdf2dot.py -> build/lib/rdflib/tools
copying rdflib/tools/rdfpipe.py -> build/lib/rdflib/tools
copying rdflib/tools/csv2rdf.py -> build/lib/rdflib/tools
copying rdflib/tools/__init__.py -> build/lib/rdflib/tools
copying rdflib/tools/graphisomorphism.py -> build/lib/rdflib/tools
creating build/bdist.linux-x86_64
creating build/bdist.linux-x86_64/egg
creating build/bdist.linux-x86_64/egg/rdflib
copying build/lib/rdflib/term.py -> build/bdist.linux-x86_64/egg/rdflib
copying build/lib/rdflib/plugin.py -> build/bdist.linux-x86_64/egg/rdflib
creating build/bdist.linux-x86_64/egg/rdflib/extras
copying build/lib/rdflib/extras/describer.py -> build/bdist.linux-x86_64/egg/rdflib/extras
copying build/lib/rdflib/extras/infixowl.py -> build/bdist.linux-x86_64/egg/rdflib/extras
copying build/lib/rdflib/extras/cmdlineutils.py -> build/bdist.linux-x86_64/egg/rdflib/extras
copying build/lib/rdflib/extras/__init__.py -> build/bdist.linux-x86_64/egg/rdflib/extras
copying build/lib/rdflib/store.py -> build/bdist.linux-x86_64/egg/rdflib
copying build/lib/rdflib/graph.py -> build/bdist.linux-x86_64/egg/rdflib
copying build/lib/rdflib/py3compat.py -> build/bdist.linux-x86_64/egg/rdflib
copying build/lib/rdflib/compat.py -> build/bdist.linux-x86_64/egg/rdflib
copying build/lib/rdflib/paths.py -> build/bdist.linux-x86_64/egg/rdflib
copying build/lib/rdflib/compare.py -> build/bdist.linux-x86_64/egg/rdflib
copying build/lib/rdflib/resource.py -> build/bdist.linux-x86_64/egg/rdflib
copying build/lib/rdflib/parser.py -> build/bdist.linux-x86_64/egg/rdflib
copying build/lib/rdflib/collection.py -> build/bdist.linux-x86_64/egg/rdflib
creating build/bdist.linux-x86_64/egg/rdflib/plugins
creating build/bdist.linux-x86_64/egg/rdflib/plugins/stores
copying build/lib/rdflib/plugins/stores/concurrent.py -> build/bdist.linux-x86_64/egg/rdflib/plugins/stores
copying build/lib/rdflib/plugins/stores/sparqlstore.py -> build/bdist.linux-x86_64/egg/rdflib/plugins/stores
copying build/lib/rdflib/plugins/stores/regexmatching.py -> build/bdist.linux-x86_64/egg/rdflib/plugins/stores
copying build/lib/rdflib/plugins/stores/auditable.py -> build/bdist.linux-x86_64/egg/rdflib/plugins/stores
copying build/lib/rdflib/plugins/stores/__init__.py -> build/bdist.linux-x86_64/egg/rdflib/plugins/stores
copying build/lib/rdflib/plugins/memory.py -> build/bdist.linux-x86_64/egg/rdflib/plugins
copying build/lib/rdflib/plugins/sleepycat.py -> build/bdist.linux-x86_64/egg/rdflib/plugins
creating build/bdist.linux-x86_64/egg/rdflib/plugins/parsers
copying build/lib/rdflib/plugins/parsers/ntriples.py -> build/bdist.linux-x86_64/egg/rdflib/plugins/parsers
creating build/bdist.linux-x86_64/egg/rdflib/plugins/parsers/pyRdfa
copying build/lib/rdflib/plugins/parsers/pyRdfa/parse.py -> build/bdist.linux-x86_64/egg/rdflib/plugins/parsers/pyRdfa
copying build/lib/rdflib/plugins/parsers/pyRdfa/initialcontext.py -> build/bdist.linux-x86_64/egg/rdflib/plugins/parsers/pyRdfa
copying build/lib/rdflib/plugins/parsers/pyRdfa/utils.py -> build/bdist.linux-x86_64/egg/rdflib/plugins/parsers/pyRdfa
creating build/bdist.linux-x86_64/egg/rdflib/plugins/parsers/pyRdfa/extras
copying build/lib/rdflib/plugins/parsers/pyRdfa/extras/httpheader.py -> build/bdist.linux-x86_64/egg/rdflib/plugins/parsers/pyRdfa/extras
copying build/lib/rdflib/plugins/parsers/pyRdfa/extras/__init__.py -> build/bdist.linux-x86_64/egg/rdflib/plugins/parsers/pyRdfa/extras
creating build/bdist.linux-x86_64/egg/rdflib/plugins/parsers/pyRdfa/rdfs
copying build/lib/rdflib/plugins/parsers/pyRdfa/rdfs/process.py -> build/bdist.linux-x86_64/egg/rdflib/plugins/parsers/pyRdfa/rdfs
copying build/lib/rdflib/plugins/parsers/pyRdfa/rdfs/cache.py -> build/bdist.linux-x86_64/egg/rdflib/plugins/parsers/pyRdfa/rdfs
copying build/lib/rdflib/plugins/parsers/pyRdfa/rdfs/__init__.py -> build/bdist.linux-x86_64/egg/rdflib/plugins/parsers/pyRdfa/rdfs
copying build/lib/rdflib/plugins/parsers/pyRdfa/termorcurie.py -> build/bdist.linux-x86_64/egg/rdflib/plugins/parsers/pyRdfa
copying build/lib/rdflib/plugins/parsers/pyRdfa/options.py -> build/bdist.linux-x86_64/egg/rdflib/plugins/parsers/pyRdfa
creating build/bdist.linux-x86_64/egg/rdflib/plugins/parsers/pyRdfa/transform
copying build/lib/rdflib/plugins/parsers/pyRdfa/transform/DublinCore.py -> build/bdist.linux-x86_64/egg/rdflib/plugins/parsers/pyRdfa/transform
copying build/lib/rdflib/plugins/parsers/pyRdfa/transform/metaname.py -> build/bdist.linux-x86_64/egg/rdflib/plugins/parsers/pyRdfa/transform
copying build/lib/rdflib/plugins/parsers/pyRdfa/transform/__init__.py -> build/bdist.linux-x86_64/egg/rdflib/plugins/parsers/pyRdfa/transform
copying build/lib/rdflib/plugins/parsers/pyRdfa/transform/OpenID.py -> build/bdist.linux-x86_64/egg/rdflib/plugins/parsers/pyRdfa/transform
copying build/lib/rdflib/plugins/parsers/pyRdfa/transform/lite.py -> build/bdist.linux-x86_64/egg/rdflib/plugins/parsers/pyRdfa/transform
copying build/lib/rdflib/plugins/parsers/pyRdfa/transform/prototype.py -> build/bdist.linux-x86_64/egg/rdflib/plugins/parsers/pyRdfa/transform
copying build/lib/rdflib/plugins/parsers/pyRdfa/embeddedRDF.py -> build/bdist.linux-x86_64/egg/rdflib/plugins/parsers/pyRdfa
copying build/lib/rdflib/plugins/parsers/pyRdfa/__init__.py -> build/bdist.linux-x86_64/egg/rdflib/plugins/parsers/pyRdfa
creating build/bdist.linux-x86_64/egg/rdflib/plugins/parsers/pyRdfa/host
copying build/lib/rdflib/plugins/parsers/pyRdfa/host/__init__.py -> build/bdist.linux-x86_64/egg/rdflib/plugins/parsers/pyRdfa/host
copying build/lib/rdflib/plugins/parsers/pyRdfa/host/html5.py -> build/bdist.linux-x86_64/egg/rdflib/plugins/parsers/pyRdfa/host
copying build/lib/rdflib/plugins/parsers/pyRdfa/host/atom.py -> build/bdist.linux-x86_64/egg/rdflib/plugins/parsers/pyRdfa/host
copying build/lib/rdflib/plugins/parsers/pyRdfa/property.py -> build/bdist.linux-x86_64/egg/rdflib/plugins/parsers/pyRdfa
copying build/lib/rdflib/plugins/parsers/pyRdfa/state.py -> build/bdist.linux-x86_64/egg/rdflib/plugins/parsers/pyRdfa
creating build/bdist.linux-x86_64/egg/rdflib/plugins/parsers/pyMicrodata
copying build/lib/rdflib/plugins/parsers/pyMicrodata/utils.py -> build/bdist.linux-x86_64/egg/rdflib/plugins/parsers/pyMicrodata
copying build/lib/rdflib/plugins/parsers/pyMicrodata/registry.py -> build/bdist.linux-x86_64/egg/rdflib/plugins/parsers/pyMicrodata
copying build/lib/rdflib/plugins/parsers/pyMicrodata/microdata.py -> build/bdist.linux-x86_64/egg/rdflib/plugins/parsers/pyMicrodata
copying build/lib/rdflib/plugins/parsers/pyMicrodata/__init__.py -> build/bdist.linux-x86_64/egg/rdflib/plugins/parsers/pyMicrodata
copying build/lib/rdflib/plugins/parsers/notation3.py -> build/bdist.linux-x86_64/egg/rdflib/plugins/parsers
copying build/lib/rdflib/plugins/parsers/nt.py -> build/bdist.linux-x86_64/egg/rdflib/plugins/parsers
copying build/lib/rdflib/plugins/parsers/nquads.py -> build/bdist.linux-x86_64/egg/rdflib/plugins/parsers
copying build/lib/rdflib/plugins/parsers/hturtle.py -> build/bdist.linux-x86_64/egg/rdflib/plugins/parsers
copying build/lib/rdflib/plugins/parsers/trix.py -> build/bdist.linux-x86_64/egg/rdflib/plugins/parsers
copying build/lib/rdflib/plugins/parsers/__init__.py -> build/bdist.linux-x86_64/egg/rdflib/plugins/parsers
copying build/lib/rdflib/plugins/parsers/structureddata.py -> build/bdist.linux-x86_64/egg/rdflib/plugins/parsers
copying build/lib/rdflib/plugins/parsers/rdfxml.py -> build/bdist.linux-x86_64/egg/rdflib/plugins/parsers
copying build/lib/rdflib/plugins/parsers/trig.py -> build/bdist.linux-x86_64/egg/rdflib/plugins/parsers
copying build/lib/rdflib/plugins/__init__.py -> build/bdist.linux-x86_64/egg/rdflib/plugins
creating build/bdist.linux-x86_64/egg/rdflib/plugins/serializers
copying build/lib/rdflib/plugins/serializers/nt.py -> build/bdist.linux-x86_64/egg/rdflib/plugins/serializers
copying build/lib/rdflib/plugins/serializers/nquads.py -> build/bdist.linux-x86_64/egg/rdflib/plugins/serializers
copying build/lib/rdflib/plugins/serializers/trix.py -> build/bdist.linux-x86_64/egg/rdflib/plugins/serializers
copying build/lib/rdflib/plugins/serializers/__init__.py -> build/bdist.linux-x86_64/egg/rdflib/plugins/serializers
copying build/lib/rdflib/plugins/serializers/turtle.py -> build/bdist.linux-x86_64/egg/rdflib/plugins/serializers
copying build/lib/rdflib/plugins/serializers/n3.py -> build/bdist.linux-x86_64/egg/rdflib/plugins/serializers
copying build/lib/rdflib/plugins/serializers/xmlwriter.py -> build/bdist.linux-x86_64/egg/rdflib/plugins/serializers
copying build/lib/rdflib/plugins/serializers/rdfxml.py -> build/bdist.linux-x86_64/egg/rdflib/plugins/serializers
copying build/lib/rdflib/plugins/serializers/trig.py -> build/bdist.linux-x86_64/egg/rdflib/plugins/serializers
creating build/bdist.linux-x86_64/egg/rdflib/plugins/sparql
copying build/lib/rdflib/plugins/sparql/evalutils.py -> build/bdist.linux-x86_64/egg/rdflib/plugins/sparql
copying build/lib/rdflib/plugins/sparql/datatypes.py -> build/bdist.linux-x86_64/egg/rdflib/plugins/sparql
copying build/lib/rdflib/plugins/sparql/compat.py -> build/bdist.linux-x86_64/egg/rdflib/plugins/sparql
copying build/lib/rdflib/plugins/sparql/sparql.py -> build/bdist.linux-x86_64/egg/rdflib/plugins/sparql
copying build/lib/rdflib/plugins/sparql/processor.py -> build/bdist.linux-x86_64/egg/rdflib/plugins/sparql
copying build/lib/rdflib/plugins/sparql/parser.py -> build/bdist.linux-x86_64/egg/rdflib/plugins/sparql
copying build/lib/rdflib/plugins/sparql/operators.py -> build/bdist.linux-x86_64/egg/rdflib/plugins/sparql
copying build/lib/rdflib/plugins/sparql/update.py -> build/bdist.linux-x86_64/egg/rdflib/plugins/sparql
copying build/lib/rdflib/plugins/sparql/parserutils.py -> build/bdist.linux-x86_64/egg/rdflib/plugins/sparql
creating build/bdist.linux-x86_64/egg/rdflib/plugins/sparql/results
copying build/lib/rdflib/plugins/sparql/results/csvresults.py -> build/bdist.linux-x86_64/egg/rdflib/plugins/sparql/results
copying build/lib/rdflib/plugins/sparql/results/tsvresults.py -> build/bdist.linux-x86_64/egg/rdflib/plugins/sparql/results
copying build/lib/rdflib/plugins/sparql/results/txtresults.py -> build/bdist.linux-x86_64/egg/rdflib/plugins/sparql/results
copying build/lib/rdflib/plugins/sparql/results/xmlresults.py -> build/bdist.linux-x86_64/egg/rdflib/plugins/sparql/results
copying build/lib/rdflib/plugins/sparql/results/jsonresults.py -> build/bdist.linux-x86_64/egg/rdflib/plugins/sparql/results
copying build/lib/rdflib/plugins/sparql/results/rdfresults.py -> build/bdist.linux-x86_64/egg/rdflib/plugins/sparql/results
copying build/lib/rdflib/plugins/sparql/results/__init__.py -> build/bdist.linux-x86_64/egg/rdflib/plugins/sparql/results
copying build/lib/rdflib/plugins/sparql/results/jsonlayer.py -> build/bdist.linux-x86_64/egg/rdflib/plugins/sparql/results
copying build/lib/rdflib/plugins/sparql/__init__.py -> build/bdist.linux-x86_64/egg/rdflib/plugins/sparql
copying build/lib/rdflib/plugins/sparql/aggregates.py -> build/bdist.linux-x86_64/egg/rdflib/plugins/sparql
copying build/lib/rdflib/plugins/sparql/algebra.py -> build/bdist.linux-x86_64/egg/rdflib/plugins/sparql
copying build/lib/rdflib/plugins/sparql/evaluate.py -> build/bdist.linux-x86_64/egg/rdflib/plugins/sparql
copying build/lib/rdflib/void.py -> build/bdist.linux-x86_64/egg/rdflib
copying build/lib/rdflib/query.py -> build/bdist.linux-x86_64/egg/rdflib
copying build/lib/rdflib/events.py -> build/bdist.linux-x86_64/egg/rdflib
copying build/lib/rdflib/util.py -> build/bdist.linux-x86_64/egg/rdflib
copying build/lib/rdflib/namespace.py -> build/bdist.linux-x86_64/egg/rdflib
copying build/lib/rdflib/__init__.py -> build/bdist.linux-x86_64/egg/rdflib
creating build/bdist.linux-x86_64/egg/rdflib/tools
copying build/lib/rdflib/tools/rdfs2dot.py -> build/bdist.linux-x86_64/egg/rdflib/tools
copying build/lib/rdflib/tools/rdf2dot.py -> build/bdist.linux-x86_64/egg/rdflib/tools
copying build/lib/rdflib/tools/rdfpipe.py -> build/bdist.linux-x86_64/egg/rdflib/tools
copying build/lib/rdflib/tools/csv2rdf.py -> build/bdist.linux-x86_64/egg/rdflib/tools
copying build/lib/rdflib/tools/__init__.py -> build/bdist.linux-x86_64/egg/rdflib/tools
copying build/lib/rdflib/tools/graphisomorphism.py -> build/bdist.linux-x86_64/egg/rdflib/tools
copying build/lib/rdflib/serializer.py -> build/bdist.linux-x86_64/egg/rdflib
copying build/lib/rdflib/exceptions.py -> build/bdist.linux-x86_64/egg/rdflib
byte-compiling build/bdist.linux-x86_64/egg/rdflib/term.py to term.pyc
byte-compiling build/bdist.linux-x86_64/egg/rdflib/plugin.py to plugin.pyc
byte-compiling build/bdist.linux-x86_64/egg/rdflib/extras/describer.py to describer.pyc
byte-compiling build/bdist.linux-x86_64/egg/rdflib/extras/infixowl.py to infixowl.pyc
byte-compiling build/bdist.linux-x86_64/egg/rdflib/extras/cmdlineutils.py to cmdlineutils.pyc
byte-compiling build/bdist.linux-x86_64/egg/rdflib/extras/__init__.py to __init__.pyc
byte-compiling build/bdist.linux-x86_64/egg/rdflib/store.py to store.pyc
byte-compiling build/bdist.linux-x86_64/egg/rdflib/graph.py to graph.pyc
byte-compiling build/bdist.linux-x86_64/egg/rdflib/py3compat.py to py3compat.pyc
byte-compiling build/bdist.linux-x86_64/egg/rdflib/compat.py to compat.pyc
byte-compiling build/bdist.linux-x86_64/egg/rdflib/paths.py to paths.pyc
byte-compiling build/bdist.linux-x86_64/egg/rdflib/compare.py to compare.pyc
byte-compiling build/bdist.linux-x86_64/egg/rdflib/resource.py to resource.pyc
byte-compiling build/bdist.linux-x86_64/egg/rdflib/parser.py to parser.pyc
byte-compiling build/bdist.linux-x86_64/egg/rdflib/collection.py to collection.pyc
byte-compiling build/bdist.linux-x86_64/egg/rdflib/plugins/stores/concurrent.py to concurrent.pyc
byte-compiling build/bdist.linux-x86_64/egg/rdflib/plugins/stores/sparqlstore.py to sparqlstore.pyc
byte-compiling build/bdist.linux-x86_64/egg/rdflib/plugins/stores/regexmatching.py to regexmatching.pyc
byte-compiling build/bdist.linux-x86_64/egg/rdflib/plugins/stores/auditable.py to auditable.pyc
byte-compiling build/bdist.linux-x86_64/egg/rdflib/plugins/stores/__init__.py to __init__.pyc
byte-compiling build/bdist.linux-x86_64/egg/rdflib/plugins/memory.py to memory.pyc
byte-compiling build/bdist.linux-x86_64/egg/rdflib/plugins/sleepycat.py to sleepycat.pyc
byte-compiling build/bdist.linux-x86_64/egg/rdflib/plugins/parsers/ntriples.py to ntriples.pyc
byte-compiling build/bdist.linux-x86_64/egg/rdflib/plugins/parsers/pyRdfa/parse.py to parse.pyc
byte-compiling build/bdist.linux-x86_64/egg/rdflib/plugins/parsers/pyRdfa/initialcontext.py to initialcontext.pyc
byte-compiling build/bdist.linux-x86_64/egg/rdflib/plugins/parsers/pyRdfa/utils.py to utils.pyc
byte-compiling build/bdist.linux-x86_64/egg/rdflib/plugins/parsers/pyRdfa/extras/httpheader.py to httpheader.pyc
byte-compiling build/bdist.linux-x86_64/egg/rdflib/plugins/parsers/pyRdfa/extras/__init__.py to __init__.pyc
byte-compiling build/bdist.linux-x86_64/egg/rdflib/plugins/parsers/pyRdfa/rdfs/process.py to process.pyc
byte-compiling build/bdist.linux-x86_64/egg/rdflib/plugins/parsers/pyRdfa/rdfs/cache.py to cache.pyc
byte-compiling build/bdist.linux-x86_64/egg/rdflib/plugins/parsers/pyRdfa/rdfs/__init__.py to __init__.pyc
byte-compiling build/bdist.linux-x86_64/egg/rdflib/plugins/parsers/pyRdfa/termorcurie.py to termorcurie.pyc
byte-compiling build/bdist.linux-x86_64/egg/rdflib/plugins/parsers/pyRdfa/options.py to options.pyc
byte-compiling build/bdist.linux-x86_64/egg/rdflib/plugins/parsers/pyRdfa/transform/DublinCore.py to DublinCore.pyc
byte-compiling build/bdist.linux-x86_64/egg/rdflib/plugins/parsers/pyRdfa/transform/metaname.py to metaname.pyc
byte-compiling build/bdist.linux-x86_64/egg/rdflib/plugins/parsers/pyRdfa/transform/__init__.py to __init__.pyc
byte-compiling build/bdist.linux-x86_64/egg/rdflib/plugins/parsers/pyRdfa/transform/OpenID.py to OpenID.pyc
byte-compiling build/bdist.linux-x86_64/egg/rdflib/plugins/parsers/pyRdfa/transform/lite.py to lite.pyc
byte-compiling build/bdist.linux-x86_64/egg/rdflib/plugins/parsers/pyRdfa/transform/prototype.py to prototype.pyc
byte-compiling build/bdist.linux-x86_64/egg/rdflib/plugins/parsers/pyRdfa/embeddedRDF.py to embeddedRDF.pyc
byte-compiling build/bdist.linux-x86_64/egg/rdflib/plugins/parsers/pyRdfa/__init__.py to __init__.pyc
byte-compiling build/bdist.linux-x86_64/egg/rdflib/plugins/parsers/pyRdfa/host/__init__.py to __init__.pyc
byte-compiling build/bdist.linux-x86_64/egg/rdflib/plugins/parsers/pyRdfa/host/html5.py to html5.pyc
byte-compiling build/bdist.linux-x86_64/egg/rdflib/plugins/parsers/pyRdfa/host/atom.py to atom.pyc
byte-compiling build/bdist.linux-x86_64/egg/rdflib/plugins/parsers/pyRdfa/property.py to property.pyc
byte-compiling build/bdist.linux-x86_64/egg/rdflib/plugins/parsers/pyRdfa/state.py to state.pyc
byte-compiling build/bdist.linux-x86_64/egg/rdflib/plugins/parsers/pyMicrodata/utils.py to utils.pyc
byte-compiling build/bdist.linux-x86_64/egg/rdflib/plugins/parsers/pyMicrodata/registry.py to registry.pyc
byte-compiling build/bdist.linux-x86_64/egg/rdflib/plugins/parsers/pyMicrodata/microdata.py to microdata.pyc
byte-compiling build/bdist.linux-x86_64/egg/rdflib/plugins/parsers/pyMicrodata/__init__.py to __init__.pyc
byte-compiling build/bdist.linux-x86_64/egg/rdflib/plugins/parsers/notation3.py to notation3.pyc
byte-compiling build/bdist.linux-x86_64/egg/rdflib/plugins/parsers/nt.py to nt.pyc
byte-compiling build/bdist.linux-x86_64/egg/rdflib/plugins/parsers/nquads.py to nquads.pyc
byte-compiling build/bdist.linux-x86_64/egg/rdflib/plugins/parsers/hturtle.py to hturtle.pyc
byte-compiling build/bdist.linux-x86_64/egg/rdflib/plugins/parsers/trix.py to trix.pyc
byte-compiling build/bdist.linux-x86_64/egg/rdflib/plugins/parsers/__init__.py to __init__.pyc
byte-compiling build/bdist.linux-x86_64/egg/rdflib/plugins/parsers/structureddata.py to structureddata.pyc
byte-compiling build/bdist.linux-x86_64/egg/rdflib/plugins/parsers/rdfxml.py to rdfxml.pyc
byte-compiling build/bdist.linux-x86_64/egg/rdflib/plugins/parsers/trig.py to trig.pyc
byte-compiling build/bdist.linux-x86_64/egg/rdflib/plugins/__init__.py to __init__.pyc
byte-compiling build/bdist.linux-x86_64/egg/rdflib/plugins/serializers/nt.py to nt.pyc
byte-compiling build/bdist.linux-x86_64/egg/rdflib/plugins/serializers/nquads.py to nquads.pyc
byte-compiling build/bdist.linux-x86_64/egg/rdflib/plugins/serializers/trix.py to trix.pyc
byte-compiling build/bdist.linux-x86_64/egg/rdflib/plugins/serializers/__init__.py to __init__.pyc
byte-compiling build/bdist.linux-x86_64/egg/rdflib/plugins/serializers/turtle.py to turtle.pyc
byte-compiling build/bdist.linux-x86_64/egg/rdflib/plugins/serializers/n3.py to n3.pyc
byte-compiling build/bdist.linux-x86_64/egg/rdflib/plugins/serializers/xmlwriter.py to xmlwriter.pyc
byte-compiling build/bdist.linux-x86_64/egg/rdflib/plugins/serializers/rdfxml.py to rdfxml.pyc
byte-compiling build/bdist.linux-x86_64/egg/rdflib/plugins/serializers/trig.py to trig.pyc
byte-compiling build/bdist.linux-x86_64/egg/rdflib/plugins/sparql/evalutils.py to evalutils.pyc
byte-compiling build/bdist.linux-x86_64/egg/rdflib/plugins/sparql/datatypes.py to datatypes.pyc
byte-compiling build/bdist.linux-x86_64/egg/rdflib/plugins/sparql/compat.py to compat.pyc
byte-compiling build/bdist.linux-x86_64/egg/rdflib/plugins/sparql/sparql.py to sparql.pyc
byte-compiling build/bdist.linux-x86_64/egg/rdflib/plugins/sparql/processor.py to processor.pyc
byte-compiling build/bdist.linux-x86_64/egg/rdflib/plugins/sparql/parser.py to parser.pyc
byte-compiling build/bdist.linux-x86_64/egg/rdflib/plugins/sparql/operators.py to operators.pyc
byte-compiling build/bdist.linux-x86_64/egg/rdflib/plugins/sparql/update.py to update.pyc
byte-compiling build/bdist.linux-x86_64/egg/rdflib/plugins/sparql/parserutils.py to parserutils.pyc
byte-compiling build/bdist.linux-x86_64/egg/rdflib/plugins/sparql/results/csvresults.py to csvresults.pyc
byte-compiling build/bdist.linux-x86_64/egg/rdflib/plugins/sparql/results/tsvresults.py to tsvresults.pyc
byte-compiling build/bdist.linux-x86_64/egg/rdflib/plugins/sparql/results/txtresults.py to txtresults.pyc
byte-compiling build/bdist.linux-x86_64/egg/rdflib/plugins/sparql/results/xmlresults.py to xmlresults.pyc
byte-compiling build/bdist.linux-x86_64/egg/rdflib/plugins/sparql/results/jsonresults.py to jsonresults.pyc
byte-compiling build/bdist.linux-x86_64/egg/rdflib/plugins/sparql/results/rdfresults.py to rdfresults.pyc
byte-compiling build/bdist.linux-x86_64/egg/rdflib/plugins/sparql/results/__init__.py to __init__.pyc
byte-compiling build/bdist.linux-x86_64/egg/rdflib/plugins/sparql/results/jsonlayer.py to jsonlayer.pyc
byte-compiling build/bdist.linux-x86_64/egg/rdflib/plugins/sparql/__init__.py to __init__.pyc
byte-compiling build/bdist.linux-x86_64/egg/rdflib/plugins/sparql/aggregates.py to aggregates.pyc
byte-compiling build/bdist.linux-x86_64/egg/rdflib/plugins/sparql/algebra.py to algebra.pyc
byte-compiling build/bdist.linux-x86_64/egg/rdflib/plugins/sparql/evaluate.py to evaluate.pyc
byte-compiling build/bdist.linux-x86_64/egg/rdflib/void.py to void.pyc
byte-compiling build/bdist.linux-x86_64/egg/rdflib/query.py to query.pyc
byte-compiling build/bdist.linux-x86_64/egg/rdflib/events.py to events.pyc
byte-compiling build/bdist.linux-x86_64/egg/rdflib/util.py to util.pyc
byte-compiling build/bdist.linux-x86_64/egg/rdflib/namespace.py to namespace.pyc
byte-compiling build/bdist.linux-x86_64/egg/rdflib/__init__.py to __init__.pyc
byte-compiling build/bdist.linux-x86_64/egg/rdflib/tools/rdfs2dot.py to rdfs2dot.pyc
byte-compiling build/bdist.linux-x86_64/egg/rdflib/tools/rdf2dot.py to rdf2dot.pyc
byte-compiling build/bdist.linux-x86_64/egg/rdflib/tools/rdfpipe.py to rdfpipe.pyc
byte-compiling build/bdist.linux-x86_64/egg/rdflib/tools/csv2rdf.py to csv2rdf.pyc
byte-compiling build/bdist.linux-x86_64/egg/rdflib/tools/__init__.py to __init__.pyc
byte-compiling build/bdist.linux-x86_64/egg/rdflib/tools/graphisomorphism.py to graphisomorphism.pyc
byte-compiling build/bdist.linux-x86_64/egg/rdflib/serializer.py to serializer.pyc
byte-compiling build/bdist.linux-x86_64/egg/rdflib/exceptions.py to exceptions.pyc
creating build/bdist.linux-x86_64/egg/EGG-INFO
copying rdflib.egg-info/PKG-INFO -> build/bdist.linux-x86_64/egg/EGG-INFO
copying rdflib.egg-info/SOURCES.txt -> build/bdist.linux-x86_64/egg/EGG-INFO
copying rdflib.egg-info/dependency_links.txt -> build/bdist.linux-x86_64/egg/EGG-INFO
copying rdflib.egg-info/entry_points.txt -> build/bdist.linux-x86_64/egg/EGG-INFO
copying rdflib.egg-info/requires.txt -> build/bdist.linux-x86_64/egg/EGG-INFO
copying rdflib.egg-info/top_level.txt -> build/bdist.linux-x86_64/egg/EGG-INFO
zip_safe flag not set; analyzing archive contents...
rdflib.__init__: module references __file__
creating dist
creating 'dist/rdflib-4.2.0-py2.7.egg' and adding 'build/bdist.linux-x86_64/egg' to it
removing 'build/bdist.linux-x86_64/egg' (and everything under it)
Processing rdflib-4.2.0-py2.7.egg
creating /home/ubuntu/miniconda/envs/_build/lib/python2.7/site-packages/rdflib-4.2.0-py2.7.egg
Extracting rdflib-4.2.0-py2.7.egg to /home/ubuntu/miniconda/envs/_build/lib/python2.7/site-packages
Adding rdflib 4.2.0 to easy-install.pth file
Installing rdf2dot script to /home/ubuntu/miniconda/envs/_build/bin
Installing csv2rdf script to /home/ubuntu/miniconda/envs/_build/bin
Installing rdfpipe script to /home/ubuntu/miniconda/envs/_build/bin
Installing rdfs2dot script to /home/ubuntu/miniconda/envs/_build/bin
Installing rdfgraphisomorphism script to /home/ubuntu/miniconda/envs/_build/bin

Installed /home/ubuntu/miniconda/envs/_build/lib/python2.7/site-packages/rdflib-4.2.0-py2.7.egg
Processing dependencies for rdflib==4.2.0
Searching for html5lib
Reading https://pypi.python.org/simple/html5lib/
Best match: html5lib 1.0b6
Downloading https://pypi.python.org/packages/source/h/html5lib/html5lib-1.0b6.tar.gz#md5=babcd7277e30f85c064d95a39969c79f
Processing html5lib-1.0b6.tar.gz
Writing /tmp/easy_install-zKkfKv/html5lib-1.0b6/setup.cfg
Running html5lib-1.0b6/setup.py -q bdist_egg --dist-dir /tmp/easy_install-zKkfKv/html5lib-1.0b6/egg-dist-tmp-nmguAd
zip_safe flag not set; analyzing archive contents...
Moving html5lib-1.0b6-py2.7.egg to /home/ubuntu/miniconda/envs/_build/lib/python2.7/site-packages
Adding html5lib 1.0b6 to easy-install.pth file

Installed /home/ubuntu/miniconda/envs/_build/lib/python2.7/site-packages/html5lib-1.0b6-py2.7.egg
Searching for SPARQLWrapper
Reading https://pypi.python.org/simple/SPARQLWrapper/
Best match: SPARQLWrapper 1.6.4
Downloading https://pypi.python.org/packages/2.7/S/SPARQLWrapper/SPARQLWrapper-1.6.4-py2.7.egg#md5=1ff0d9c168ed302f03901d753a1a76c5
Processing SPARQLWrapper-1.6.4-py2.7.egg
Moving SPARQLWrapper-1.6.4-py2.7.egg to /home/ubuntu/miniconda/envs/_build/lib/python2.7/site-packages
Adding SPARQLWrapper 1.6.4 to easy-install.pth file

Installed /home/ubuntu/miniconda/envs/_build/lib/python2.7/site-packages/SPARQLWrapper-1.6.4-py2.7.egg
Searching for pyparsing
Reading https://pypi.python.org/simple/pyparsing/
Reading http://pyparsing.sourceforge.net/
Reading http://pyparsing.wikispaces.com/
Reading http://sourceforge.net/project/showfiles.php?group_id=97203
Reading http://sourceforge.net/projects/pyparsing
Best match: pyparsing 2.0.3
Downloading https://pypi.python.org/packages/source/p/pyparsing/pyparsing-2.0.3.zip#md5=0a5ec41bb650aed802751a311b5d820d
Processing pyparsing-2.0.3.zip
Writing /tmp/easy_install-viUlRl/pyparsing-2.0.3/setup.cfg
Running pyparsing-2.0.3/setup.py -q bdist_egg --dist-dir /tmp/easy_install-viUlRl/pyparsing-2.0.3/egg-dist-tmp-SpYV0Q
zip_safe flag not set; analyzing archive contents...
pyparsing: module MAY be using inspect.stack
creating /home/ubuntu/miniconda/envs/_build/lib/python2.7/site-packages/pyparsing-2.0.3-py2.7.egg
Extracting pyparsing-2.0.3-py2.7.egg to /home/ubuntu/miniconda/envs/_build/lib/python2.7/site-packages
Adding pyparsing 2.0.3 to easy-install.pth file

Installed /home/ubuntu/miniconda/envs/_build/lib/python2.7/site-packages/pyparsing-2.0.3-py2.7.egg
Searching for isodate
Reading https://pypi.python.org/simple/isodate/
Best match: isodate 0.5.1
Downloading https://pypi.python.org/packages/source/i/isodate/isodate-0.5.1.tar.gz#md5=22232a6b0f5d320610ae45722c1b9542
Processing isodate-0.5.1.tar.gz
Writing /tmp/easy_install-5w1uyQ/isodate-0.5.1/setup.cfg
Running isodate-0.5.1/setup.py -q bdist_egg --dist-dir /tmp/easy_install-5w1uyQ/isodate-0.5.1/egg-dist-tmp-jQ4Mxm
zip_safe flag not set; analyzing archive contents...
Moving isodate-0.5.1-py2.7.egg to /home/ubuntu/miniconda/envs/_build/lib/python2.7/site-packages
Adding isodate 0.5.1 to easy-install.pth file

Installed /home/ubuntu/miniconda/envs/_build/lib/python2.7/site-packages/isodate-0.5.1-py2.7.egg
Searching for six
Reading https://pypi.python.org/simple/six/
Best match: six 1.9.0
Downloading https://pypi.python.org/packages/source/s/six/six-1.9.0.tar.gz#md5=476881ef4012262dfc8adc645ee786c4
Processing six-1.9.0.tar.gz
Writing /tmp/easy_install-jL6X5d/six-1.9.0/setup.cfg
Running six-1.9.0/setup.py -q bdist_egg --dist-dir /tmp/easy_install-jL6X5d/six-1.9.0/egg-dist-tmp-Yn1UHQ
no previously-included directories found matching 'documentation/_build'
zip_safe flag not set; analyzing archive contents...
six: module references __path__
creating /home/ubuntu/miniconda/envs/_build/lib/python2.7/site-packages/six-1.9.0-py2.7.egg
Extracting six-1.9.0-py2.7.egg to /home/ubuntu/miniconda/envs/_build/lib/python2.7/site-packages
Adding six 1.9.0 to easy-install.pth file

Installed /home/ubuntu/miniconda/envs/_build/lib/python2.7/site-packages/six-1.9.0-py2.7.egg
Finished processing dependencies for rdflib==4.2.0

The following NEW packages will be INSTALLED:

    openssl:    1.0.1k-1     
    pip:        7.0.3-py27_0 
    python:     2.7.10-0     
    readline:   6.2-2        
    setuptools: 18.0.1-py27_0
    sqlite:     3.8.4.1-1    
    system:     5.8-2        
    tk:         8.5.18-0     
    zlib:       1.2.8-0      

Linking packages ...
[                    ]|                                                  |   0%[openssl             ]|                                                  |   0%[readline            ]|#####                                             |  11%[sqlite              ]|###########                                       |  22%[system              ]|################                                  |  33%[tk                  ]|######################                            |  44%[zlib                ]|###########################                       |  55%[python              ]|#################################                 |  66%[setuptools          ]|######################################            |  77%[pip                 ]|############################################      |  88%[      COMPLETE      ]|##################################################| 100%
Removing old work directory
Source cache directory is: /home/ubuntu/miniconda/conda-bld/src_cache
Found source in cache: rdflib-4.2.0.tar.gz
Extracting download
Package: rdflib-4.2.0-py_0
source tree in: /home/ubuntu/miniconda/conda-bld/work/rdflib-4.2.0
found egg dir: /home/ubuntu/miniconda/envs/_build/lib/python2.7/site-packages/pyparsing-2.0.3-py2.7.egg
found egg dir: /home/ubuntu/miniconda/envs/_build/lib/python2.7/site-packages/six-1.9.0-py2.7.egg
found egg dir: /home/ubuntu/miniconda/envs/_build/lib/python2.7/site-packages/rdflib-4.2.0-py2.7.egg
found egg: /home/ubuntu/miniconda/envs/_build/lib/python2.7/site-packages/SPARQLWrapper-1.6.4-py2.7.egg
found egg: /home/ubuntu/miniconda/envs/_build/lib/python2.7/site-packages/html5lib-1.0b6-py2.7.egg
found egg: /home/ubuntu/miniconda/envs/_build/lib/python2.7/site-packages/isodate-0.5.1-py2.7.egg
number of files: 226
Fixing permissions
Fixing permissions
BUILD END: rdflib-4.2.0-py_0
TEST START: rdflib-4.2.0-py_0
Fetching package metadata: ......

WARNING: conda-build appears to be out of date. You have version 1.13.0 but the
latest version is 1.14.1. Run

conda update -n root conda-build

to get the latest version.

Solving package specifications: .
The following packages will be downloaded:

    package                    |            build
    ---------------------------|-----------------
    rdflib-4.2.0               |             py_0         720 KB

The following NEW packages will be INSTALLED:

    openssl:    1.0.1k-1     
    pip:        7.0.3-py27_0 
    python:     2.7.10-0     
    rdflib:     4.2.0-py_0   
    readline:   6.2-2        
    setuptools: 18.0.1-py27_0
    sqlite:     3.8.4.1-1    
    system:     5.8-2        
    tk:         8.5.18-0     
    zlib:       1.2.8-0      

Fetching packages ...
rdflib-4.2.0-p   0% |                              | ETA:  --:--:--   0.00  B/srdflib-4.2.0-p   2% |                               | ETA:  0:00:00  41.80 MB/srdflib-4.2.0-p   4% |#                              | ETA:  0:00:00  54.07 MB/srdflib-4.2.0-p   6% |##                             | ETA:  0:00:00  61.67 MB/srdflib-4.2.0-p   8% |##                             | ETA:  0:00:00  66.27 MB/srdflib-4.2.0-p  11% |###                            | ETA:  0:00:00  69.61 MB/srdflib-4.2.0-p  13% |####                           | ETA:  0:00:00  72.12 MB/srdflib-4.2.0-p  15% |####                           | ETA:  0:00:00  74.09 MB/srdflib-4.2.0-p  17% |#####                          | ETA:  0:00:00  75.85 MB/srdflib-4.2.0-p  20% |######                         | ETA:  0:00:00  77.24 MB/srdflib-4.2.0-p  22% |######                         | ETA:  0:00:00  78.39 MB/srdflib-4.2.0-p  24% |#######                        | ETA:  0:00:00  79.43 MB/srdflib-4.2.0-p  26% |########                       | ETA:  0:00:00  80.12 MB/srdflib-4.2.0-p  28% |########                       | ETA:  0:00:00  80.90 MB/srdflib-4.2.0-p  31% |#########                      | ETA:  0:00:00  81.37 MB/srdflib-4.2.0-p  33% |##########                     | ETA:  0:00:00  22.07 MB/srdflib-4.2.0-p  35% |###########                    | ETA:  0:00:00  23.16 MB/srdflib-4.2.0-p  37% |###########                    | ETA:  0:00:00  24.22 MB/srdflib-4.2.0-p  40% |############                   | ETA:  0:00:00  25.26 MB/srdflib-4.2.0-p  42% |#############                  | ETA:  0:00:00  26.26 MB/srdflib-4.2.0-p  44% |#############                  | ETA:  0:00:00  27.23 MB/srdflib-4.2.0-p  46% |##############                 | ETA:  0:00:00  28.15 MB/srdflib-4.2.0-p  48% |###############                | ETA:  0:00:00  29.02 MB/srdflib-4.2.0-p  51% |###############                | ETA:  0:00:00  29.91 MB/srdflib-4.2.0-p  53% |################               | ETA:  0:00:00  30.77 MB/srdflib-4.2.0-p  55% |#################              | ETA:  0:00:00  31.61 MB/srdflib-4.2.0-p  57% |#################              | ETA:  0:00:00  32.43 MB/srdflib-4.2.0-p  60% |##################             | ETA:  0:00:00  33.23 MB/srdflib-4.2.0-p  62% |###################            | ETA:  0:00:00  33.98 MB/srdflib-4.2.0-p  64% |###################            | ETA:  0:00:00  34.73 MB/srdflib-4.2.0-p  66% |####################           | ETA:  0:00:00  35.46 MB/srdflib-4.2.0-p  68% |#####################          | ETA:  0:00:00  36.18 MB/srdflib-4.2.0-p  71% |######################         | ETA:  0:00:00  36.88 MB/srdflib-4.2.0-p  73% |######################         | ETA:  0:00:00  37.56 MB/srdflib-4.2.0-p  75% |#######################        | ETA:  0:00:00  38.23 MB/srdflib-4.2.0-p  77% |########################       | ETA:  0:00:00  38.86 MB/srdflib-4.2.0-p  80% |########################       | ETA:  0:00:00  39.49 MB/srdflib-4.2.0-p  82% |#########################      | ETA:  0:00:00  40.10 MB/srdflib-4.2.0-p  84% |##########################     | ETA:  0:00:00  40.69 MB/srdflib-4.2.0-p  86% |##########################     | ETA:  0:00:00  41.28 MB/srdflib-4.2.0-p  88% |###########################    | ETA:  0:00:00  41.85 MB/srdflib-4.2.0-p  91% |############################   | ETA:  0:00:00  42.42 MB/srdflib-4.2.0-p  93% |############################   | ETA:  0:00:00  42.97 MB/srdflib-4.2.0-p  95% |#############################  | ETA:  0:00:00  43.50   File "/home/ubuntu/miniconda/conda-bld/test-tmp_dir/run_test.py", line 28
    import rdflib/extras
                 ^
SyntaxError: invalid syntax
MB/srdflib-4.2.0-p  97% |############################## | ETA:  0:00:00  43.95 MB/srdflib-4.2.0-p 100% |###############################| ETA:  0:00:00  44.46 MB/srdflib-4.2.0-p 100% |###############################| Time: 0:00:00  43.84 MB/s
Extracting packages ...
[      COMPLETE      ]|                                                  |   0%[rdflib              ]|                                                  |   0%[rdflib              ]|                                                  |   0%[      COMPLETE      ]|##################################################| 100%
Linking packages ...
[      COMPLETE      ]|                                                  |   0%[openssl             ]|                                                  |   0%[openssl             ]|                                                  |   0%[readline            ]|#####                                             |  10%[sqlite              ]|##########                                        |  20%[system              ]|###############                                   |  30%[tk                  ]|####################                              |  40%[zlib                ]|#########################                         |  50%[python              ]|##############################                    |  60%[rdflib              ]|###################################               |  70%[setuptools          ]|########################################          |  80%[pip                 ]|#############################################     |  90%[      COMPLETE      ]|##################################################| 100%
TESTS FAILED: rdflib-4.2.0-py_0
