Warning, the following versions were found for recaptcha-client
1.0.6
1.0.5
1.0.4
1.0.3
1.0.2
1.0.1
Using 1.0.6
Use --version to specify a different version.
Using url https://pypi.python.org/packages/source/r/recaptcha-client/recaptcha-client-1.0.6.tar.gz (7 KB) for recaptcha-client.
Downloading recaptcha-client
Using cached download
Unpacking recaptcha-client...
done
working in /tmp/tmpMSZJcsconda_skeleton_recaptcha-client-1.0.6.tar.gz
Fetching package metadata: ......

WARNING: conda-build appears to be out of date. You have version 1.13.0 but the
latest version is 1.14.1. Run

conda update -n root conda-build

to get the latest version.

Solving package specifications: .patching file core.py
Hunk #1 succeeded at 168 with fuzz 2 (offset 2 lines).

Applying patch: '/tmp/tmpMSZJcsconda_skeleton_recaptcha-client-1.0.6.tar.gz/pypi-distutils.patch'
Writing recipe for recaptcha-client
Done
