Warning, the following versions were found for rednose
0.4.3
0.4.2
0.4.1
0.4.0
0.3.3
0.3.2
0.3.1
0.3
0.2.6
0.2.5
0.2.4
0.2.3
0.2.2
0.2.1
0.2
0.1.5
0.1.4
0.1.3
0.1.2
0.1.1
0.1
Using 0.4.3
Use --version to specify a different version.
Using url https://pypi.python.org/packages/source/r/rednose/rednose-0.4.3.tar.gz (6 KB) for rednose.
Downloading rednose
Using cached download
Unpacking rednose...
done
working in /tmp/tmp7MRWn7conda_skeleton_rednose-0.4.3.tar.gz
Fetching package metadata: ......

WARNING: conda-build appears to be out of date. You have version 1.13.0 but the
latest version is 1.14.1. Run

conda update -n root conda-build

to get the latest version.

Solving package specifications: .patching file core.py
Hunk #1 succeeded at 168 with fuzz 2 (offset 2 lines).

WARNING: conda-build appears to be out of date. You have version 1.13.0 but the
latest version is 1.14.1. Run

conda update -n root conda-build

to get the latest version.


The following NEW packages will be INSTALLED:

    numpy:      1.9.2-py27_0 
    openssl:    1.0.1k-1     
    pip:        7.0.3-py27_0 
    python:     2.7.10-0     
    pyyaml:     3.11-py27_1  
    readline:   6.2-2        
    setuptools: 18.0.1-py27_0
    sqlite:     3.8.4.1-1    
    system:     5.8-2        
    tk:         8.5.18-0     
    yaml:       0.1.6-0      
    zlib:       1.2.8-0      

Linking packages ...
[                    ]|                                                  |   0%[openssl             ]|                                                  |   0%[readline            ]|####                                              |   8%[sqlite              ]|########                                          |  16%[system              ]|############                                      |  25%[tk                  ]|################                                  |  33%[yaml                ]|####################                              |  41%[zlib                ]|#########################                         |  50%[numpy               ]|#############################                     |  58%[python              ]|#################################                 |  66%[pyyaml              ]|#####################################             |  75%[setuptools          ]|#########################################         |  83%[pip                 ]|#############################################     |  91%[      COMPLETE      ]|##################################################| 100%
Applying patch: '/tmp/tmp7MRWn7conda_skeleton_rednose-0.4.3.tar.gz/pypi-distutils.patch'
Using url https://pypi.python.org/packages/source/p/python-termstyle/python-termstyle-0.1.10.tar.gz (4 KB) for python-termstyle.
Downloading python-termstyle
Using cached download
Unpacking python-termstyle...
done
working in /tmp/tmpvRMsgvconda_skeleton_python-termstyle-0.1.10.tar.gz
Solving package specifications: .patching file core.py
Hunk #1 succeeded at 168 with fuzz 2 (offset 2 lines).

Applying patch: '/tmp/tmpvRMsgvconda_skeleton_python-termstyle-0.1.10.tar.gz/pypi-distutils.patch'
Writing recipe for python-termstyle
Writing recipe for rednose
Done
