Error: prefix already exists: /home/ubuntu/miniconda/envs/_pipbuild_
Collecting redshift-sqlalchemy==0.4.1
  Downloading http://localhost/packages/py27/r/redshift-sqlalchemy/redshift_sqlalchemy-0.4.1-py27-none-any.whl
Collecting psycopg2>=2.5 (from redshift-sqlalchemy==0.4.1)
  Downloading http://localhost/packages/source/p/psycopg2/psycopg2-2.6.tar.gz (367kB)
setuptools must be installed to install from a source distribution
Package search: {'_pypi_ordering': False, 'version': '0.4.1', 'name': 'redshift-sqlalchemy', 'summary': 'Amazon Redshift Dialect for sqlalchemy'}
Creating standard recipe for redshift-sqlalchemy-0.4.1
Using url https://pypi.python.org/packages/source/r/redshift-sqlalchemy/redshift-sqlalchemy-0.4.1.tar.gz (3 KB) for redshift-sqlalchemy.
Downloading redshift-sqlalchemy
Using cached download
Unpacking redshift-sqlalchemy...
done
working in /tmp/tmpwkLp2rconda_skeleton_redshift-sqlalchemy-0.4.1.tar.gz
Fetching package metadata: ......

WARNING: conda-build appears to be out of date. You have version 1.13.0 but the
latest version is 1.14.0. Run

conda update -n root conda-build

to get the latest version.

Solving package specifications: .patching file core.py
Hunk #1 succeeded at 168 with fuzz 2 (offset 2 lines).
Traceback (most recent call last):
  File "setup.py", line 1, in <module>
    from setuptools import setup
ImportError: No module named setuptools

Applying patch: '/tmp/tmpwkLp2rconda_skeleton_redshift-sqlalchemy-0.4.1.tar.gz/pypi-distutils.patch'
$PYTHONPATH = /tmp/tmpwkLp2rconda_skeleton_redshift-sqlalchemy-0.4.1.tar.gz/redshift-sqlalchemy-0.4.1
Error: command failed: /home/ubuntu/miniconda/envs/_build/bin/python setup.py install

conda create -n _pipbuild_ --yes python pip
/home/ubuntu/miniconda/envs/_pipbuild_/bin/pip install redshift-sqlalchemy==0.4.1
Error: Could not pip install redshift-sqlalchemy==0.4.1
