Error: prefix already exists: /home/ubuntu/miniconda/envs/_pipbuild_
Collecting repoze.lru==0.6
  Downloading http://localhost/packages/source/r/repoze.lru/repoze.lru-0.6.tar.gz
setuptools must be installed to install from a source distribution
Package search: {'_pypi_ordering': False, 'version': '0.6', 'name': 'repoze.lru', 'summary': 'A tiny LRU cache implementation and decorator'}
Creating standard recipe for repoze.lru-0.6
Using url https://pypi.python.org/packages/source/r/repoze.lru/repoze.lru-0.6.tar.gz (19 KB) for repoze.lru.
Downloading repoze.lru
Using cached download
Unpacking repoze.lru...
done
working in /tmp/tmphcpzIEconda_skeleton_repoze.lru-0.6.tar.gz
Fetching package metadata: ......

WARNING: conda-build appears to be out of date. You have version 1.13.0 but the
latest version is 1.14.0. Run

conda update -n root conda-build

to get the latest version.

Solving package specifications: .patching file core.py
Hunk #1 succeeded at 168 with fuzz 2 (offset 2 lines).
Traceback (most recent call last):
  File "setup.py", line 17, in <module>
    from setuptools import setup, find_packages
ImportError: No module named setuptools

Applying patch: '/tmp/tmphcpzIEconda_skeleton_repoze.lru-0.6.tar.gz/pypi-distutils.patch'
$PYTHONPATH = /tmp/tmphcpzIEconda_skeleton_repoze.lru-0.6.tar.gz/repoze.lru-0.6
Error: command failed: /home/ubuntu/miniconda/envs/_build/bin/python setup.py install

conda create -n _pipbuild_ --yes python pip
/home/ubuntu/miniconda/envs/_pipbuild_/bin/pip install repoze.lru==0.6
Error: Could not pip install repoze.lru==0.6
