Error: prefix already exists: /home/ubuntu/miniconda/envs/_pipbuild_
Collecting repoze.who==2.2
  Downloading http://localhost/packages/source/r/repoze.who/repoze.who-2.2.tar.gz (308kB)
setuptools must be installed to install from a source distribution
Package search: {'_pypi_ordering': False, 'version': '2.2', 'name': 'repoze.who', 'summary': 'repoze.who is an identification and authentication framework for WSGI.'}
Creating standard recipe for repoze.who-2.2
Using url https://pypi.python.org/packages/source/r/repoze.who/repoze.who-2.2.tar.gz (301 KB) for repoze.who.
Downloading repoze.who
Using cached download
Unpacking repoze.who...
done
working in /tmp/tmp2H6iQmconda_skeleton_repoze.who-2.2.tar.gz
Fetching package metadata: ......

WARNING: conda-build appears to be out of date. You have version 1.13.0 but the
latest version is 1.14.0. Run

conda update -n root conda-build

to get the latest version.

Solving package specifications: .patching file core.py
Hunk #1 succeeded at 168 with fuzz 2 (offset 2 lines).
Traceback (most recent call last):
  File "setup.py", line 17, in <module>
    from setuptools import setup, find_packages
ImportError: No module named setuptools

Applying patch: '/tmp/tmp2H6iQmconda_skeleton_repoze.who-2.2.tar.gz/pypi-distutils.patch'
$PYTHONPATH = /tmp/tmp2H6iQmconda_skeleton_repoze.who-2.2.tar.gz/repoze.who-2.2
Error: command failed: /home/ubuntu/miniconda/envs/_build/bin/python setup.py install

conda create -n _pipbuild_ --yes python pip
/home/ubuntu/miniconda/envs/_pipbuild_/bin/pip install repoze.who==2.2
Error: Could not pip install repoze.who==2.2
