restrictedpython not found, trying RestrictedPython
Warning, the following versions were found for RestrictedPython
3.6.0
3.6.0a1
3.5.2
3.5.1
3.5.0
3.4.3
3.4.2
Using 3.6.0
Use --version to specify a different version.
Using url https://pypi.python.org/packages/source/R/RestrictedPython/RestrictedPython-3.6.0.zip (55 KB) for RestrictedPython.
Downloading RestrictedPython
Using cached download
Unpacking RestrictedPython...
done
working in /tmp/tmpKemGJ8conda_skeleton_RestrictedPython-3.6.0.zip
Fetching package metadata: ......

WARNING: conda-build appears to be out of date. You have version 1.13.0 but the
latest version is 1.14.1. Run

conda update -n root conda-build

to get the latest version.

Solving package specifications: .patching file core.py
Hunk #1 succeeded at 168 with fuzz 2 (offset 2 lines).

Applying patch: '/tmp/tmpKemGJ8conda_skeleton_RestrictedPython-3.6.0.zip/pypi-distutils.patch'
Writing recipe for restrictedpython
Done
