Error: prefix already exists: /home/ubuntu/miniconda/envs/_pipbuild_
Collecting restkit==4.2.2
  Downloading http://localhost/packages/source/r/restkit/restkit-4.2.2.tar.gz (1.3MB)
setuptools must be installed to install from a source distribution
Package search: {'_pypi_ordering': False, 'version': '4.2.2', 'name': 'restkit', 'summary': 'Python REST kit'}
Creating standard recipe for restkit-4.2.2
Using url https://pypi.python.org/packages/source/r/restkit/restkit-4.2.2.tar.gz (1.2 MB) for restkit.
Downloading restkit
Using cached download
Unpacking restkit...
done
working in /tmp/tmpEPA37Mconda_skeleton_restkit-4.2.2.tar.gz
Fetching package metadata: ......

WARNING: conda-build appears to be out of date. You have version 1.13.0 but the
latest version is 1.14.0. Run

conda update -n root conda-build

to get the latest version.

Solving package specifications: .patching file core.py
Hunk #1 succeeded at 168 with fuzz 2 (offset 2 lines).
Traceback (most recent call last):
  File "setup.py", line 8, in <module>
    from setuptools import setup, find_packages
ImportError: No module named setuptools

Applying patch: '/tmp/tmpEPA37Mconda_skeleton_restkit-4.2.2.tar.gz/pypi-distutils.patch'
$PYTHONPATH = /tmp/tmpEPA37Mconda_skeleton_restkit-4.2.2.tar.gz/restkit-4.2.2
Error: command failed: /home/ubuntu/miniconda/envs/_build/bin/python setup.py install

conda create -n _pipbuild_ --yes python pip
/home/ubuntu/miniconda/envs/_pipbuild_/bin/pip install restkit==4.2.2
Error: Could not pip install restkit==4.2.2
