Error: prefix already exists: /home/ubuntu/miniconda/envs/_pipbuild_
Collecting retry-decorator==1.0.0
  Downloading http://localhost/packages/source/r/retry_decorator/retry_decorator-1.0.0.tar.gz
setuptools must be installed to install from a source distribution
Package search: {'_pypi_ordering': False, 'version': '1.0.0', 'name': 'retry_decorator', 'summary': 'Retry Decorator'}
Creating standard recipe for retry_decorator-1.0.0
Using url https://pypi.python.org/packages/source/r/retry_decorator/retry_decorator-1.0.0.tar.gz (3 KB) for retry_decorator.
Downloading retry_decorator
Using cached download
Unpacking retry_decorator...
done
working in /tmp/tmpJ3wu20conda_skeleton_retry_decorator-1.0.0.tar.gz
Fetching package metadata: ......

WARNING: conda-build appears to be out of date. You have version 1.13.0 but the
latest version is 1.14.0. Run

conda update -n root conda-build

to get the latest version.

Solving package specifications: .patching file core.py
Hunk #1 succeeded at 168 with fuzz 2 (offset 2 lines).
Traceback (most recent call last):
  File "setup.py", line 4, in <module>
    from setuptools import setup, find_packages
ImportError: No module named setuptools

Applying patch: '/tmp/tmpJ3wu20conda_skeleton_retry_decorator-1.0.0.tar.gz/pypi-distutils.patch'
$PYTHONPATH = /tmp/tmpJ3wu20conda_skeleton_retry_decorator-1.0.0.tar.gz/retry_decorator-1.0.0
Error: command failed: /home/ubuntu/miniconda/envs/_build/bin/python setup.py install

conda create -n _pipbuild_ --yes python pip
/home/ubuntu/miniconda/envs/_pipbuild_/bin/pip install retry_decorator==1.0.0
Error: Could not pip install retry_decorator==1.0.0
