rhodecode not found, trying RhodeCode
Warning, the following versions were found for RhodeCode
2.2.6
2.2.5
1.7.2
1.7.1
1.7.0
1.6.0
1.6.0rc1
1.5.4
1.5.3
1.5.2
1.5.1
1.5.0
1.4.4
1.4.3
1.4.2
1.4.1
1.4.0
1.3.6
1.3.5
1.3.4
1.3.3
1.3.2
1.3.1
1.3.0
1.2.5
1.2.4
1.2.3
1.2.2
1.2.1
1.2.0
1.1.8
1.1.7
1.1.6
1.1.5
1.1.4
1.1.3
1.1.2
1.1.1
1.1.0
Using 2.2.6
Use --version to specify a different version.
Using url https://pypi.python.org/packages/source/R/RhodeCode/RhodeCode-2.2.6.tar.gz (2 KB) for RhodeCode.
Downloading RhodeCode
Using cached download
Unpacking RhodeCode...
done
working in /tmp/tmpRqW1S5conda_skeleton_RhodeCode-2.2.6.tar.gz
Fetching package metadata: ......

WARNING: conda-build appears to be out of date. You have version 1.13.0 but the
latest version is 1.14.1. Run

conda update -n root conda-build

to get the latest version.

Solving package specifications: .patching file core.py
Hunk #1 succeeded at 168 with fuzz 2 (offset 2 lines).

Applying patch: '/tmp/tmpRqW1S5conda_skeleton_RhodeCode-2.2.6.tar.gz/pypi-distutils.patch'
Writing recipe for rhodecode
Done
