Warning, the following versions were found for rightscale
0.302
0.301
0.300
0.200
Using 0.302
Use --version to specify a different version.
Using url https://pypi.python.org/packages/source/r/rightscale/rightscale-0.302.tar.gz (7 KB) for rightscale.
Downloading rightscale
Unpacking rightscale...
done
working in /tmp/tmptiOmqNconda_skeleton_rightscale-0.302.tar.gz
Fetching package metadata: ......

WARNING: conda-build appears to be out of date. You have version 1.13.0 but the
latest version is 1.14.1. Run

conda update -n root conda-build

to get the latest version.

Solving package specifications: .patching file core.py
Hunk #1 succeeded at 168 with fuzz 2 (offset 2 lines).

Applying patch: '/tmp/tmptiOmqNconda_skeleton_rightscale-0.302.tar.gz/pypi-distutils.patch'
Writing recipe for rightscale
Done
