Error: prefix already exists: /home/ubuntu/miniconda/envs/_pipbuild_
Collecting rodeo==0.4.3
  Could not find a version that satisfies the requirement rodeo==0.4.3 (from versions: 0.0.2, 0.1.0, 0.1.1, 0.1.2, 0.1.3, 0.1.4, 0.1.5, 0.1.6, 0.1.7, 0.2.0, 0.2.1, 0.2.2, 0.2.3, 0.2.4, 0.3.0, 0.3.1, 0.3.2, 0.3.3, 0.3.4, 0.3.5, 0.3.6)
No matching distribution found for rodeo==0.4.3
Package search: {'_pypi_ordering': False, 'version': '0.4.3', 'name': 'rodeo', 'summary': 'an ide for data analysis in python'}
Creating standard recipe for rodeo-0.4.3
Using url https://pypi.python.org/packages/source/r/rodeo/rodeo-0.4.3.tar.gz (3.4 MB) for rodeo.
Downloading rodeo
Unpacking rodeo...
done
working in /tmp/tmpklznDGconda_skeleton_rodeo-0.4.3.tar.gz
Fetching package metadata: ......

WARNING: conda-build appears to be out of date. You have version 1.13.0 but the
latest version is 1.14.0. Run

conda update -n root conda-build

to get the latest version.

Solving package specifications: .patching file core.py
Hunk #1 succeeded at 168 with fuzz 2 (offset 2 lines).
Traceback (most recent call last):
  File "setup.py", line 3, in <module>
    from setuptools import find_packages, setup
ImportError: No module named setuptools

Applying patch: '/tmp/tmpklznDGconda_skeleton_rodeo-0.4.3.tar.gz/pypi-distutils.patch'
$PYTHONPATH = /tmp/tmpklznDGconda_skeleton_rodeo-0.4.3.tar.gz/rodeo-0.4.3
Error: command failed: /home/ubuntu/miniconda/envs/_build/bin/python setup.py install

conda create -n _pipbuild_ --yes python pip
/home/ubuntu/miniconda/envs/_pipbuild_/bin/pip install rodeo==0.4.3
Error: Could not pip install rodeo==0.4.3
