Error: prefix already exists: /home/ubuntu/miniconda/envs/_pipbuild_
Collecting Routes==2.1
  Downloading http://localhost/packages/source/R/Routes/Routes-2.1.tar.gz (179kB)
setuptools must be installed to install from a source distribution
Package search: {'_pypi_ordering': False, 'version': '2.1', 'name': 'Routes', 'summary': 'Routing Recognition and Generation Tools'}
Creating standard recipe for routes-2.1
Using url https://pypi.python.org/packages/source/R/Routes/Routes-2.1.tar.gz (176 KB) for Routes.
Downloading Routes
Using cached download
Unpacking Routes...
done
working in /tmp/tmpztJJawconda_skeleton_Routes-2.1.tar.gz
Fetching package metadata: ......

WARNING: conda-build appears to be out of date. You have version 1.13.0 but the
latest version is 1.14.0. Run

conda update -n root conda-build

to get the latest version.

Solving package specifications: .patching file core.py
Hunk #1 succeeded at 168 with fuzz 2 (offset 2 lines).
Traceback (most recent call last):
  File "setup.py", line 7, in <module>
    from setuptools import setup, find_packages
ImportError: No module named setuptools

Applying patch: '/tmp/tmpztJJawconda_skeleton_Routes-2.1.tar.gz/pypi-distutils.patch'
$PYTHONPATH = /tmp/tmpztJJawconda_skeleton_Routes-2.1.tar.gz/Routes-2.1
Error: command failed: /home/ubuntu/miniconda/envs/_build/bin/python setup.py install

conda create -n _pipbuild_ --yes python pip
/home/ubuntu/miniconda/envs/_pipbuild_/bin/pip install Routes==2.1
Error: Could not pip install Routes==2.1
