Error: prefix already exists: /home/ubuntu/miniconda/envs/_pipbuild_
Collecting rpy2==2.6.0
  Could not find a version that satisfies the requirement rpy2==2.6.0 (from versions: 2.0.8, 2.1.0, 2.1.1, 2.1.2, 2.1.3, 2.1.4, 2.1.5, 2.1.6, 2.1.7, 2.1.8, 2.1.9, 2.2.0, 2.2.1, 2.2.2, 2.2.3, 2.2.4, 2.2.5, 2.2.6, 2.2.7, 2.3.0a1, 2.3.0b1, 2.3.0, 2.3.1, 2.3.2, 2.3.3, 2.3.4, 2.3.5, 2.3.6, 2.3.7, 2.3.8, 2.3.9, 2.3.10, 2.4.0, 2.4.1, 2.4.2, 2.4.3, 2.4.4, 2.5.0, 2.5.1, 2.5.2, 2.5.3, 2.5.4, 2.5.5, 2.5.6)
No matching distribution found for rpy2==2.6.0
Package search: {'_pypi_ordering': False, 'version': '2.6.0', 'name': 'rpy2', 'summary': 'Python interface to the R language (embedded R)'}
Creating standard recipe for rpy2-2.6.0
Using url https://pypi.python.org/packages/source/r/rpy2/rpy2-2.6.0.tar.gz (167 KB) for rpy2.
Downloading rpy2
Using cached download
Unpacking rpy2...
done
working in /tmp/tmpR6Rudrconda_skeleton_rpy2-2.6.0.tar.gz
Fetching package metadata: ......

WARNING: conda-build appears to be out of date. You have version 1.13.0 but the
latest version is 1.14.1. Run

conda update -n root conda-build

to get the latest version.

Solving package specifications: .patching file core.py
Hunk #1 succeeded at 168 with fuzz 2 (offset 2 lines).
Error: Tried to guess R's HOME but no command (R) in the PATH.

Applying patch: '/tmp/tmpR6Rudrconda_skeleton_rpy2-2.6.0.tar.gz/pypi-distutils.patch'
$PYTHONPATH = /tmp/tmpR6Rudrconda_skeleton_rpy2-2.6.0.tar.gz/rpy2-2.6.0
Error: command failed: /home/ubuntu/miniconda/envs/_build/bin/python setup.py install

conda create -n _pipbuild_ --yes python pip
/home/ubuntu/miniconda/envs/_pipbuild_/bin/pip install rpy2==2.6.0
Error: Could not pip install rpy2==2.6.0
