Warning, the following versions were found for rpyc
3.3.0
3.2.3
3.2.2
3.2.1
3.2.0
Using 3.3.0
Use --version to specify a different version.
Using url https://pypi.python.org/packages/source/r/rpyc/rpyc-3.3.0.tar.gz (52 KB) for rpyc.
Downloading rpyc
Using cached download
Unpacking rpyc...
done
working in /tmp/tmp_sUpP_conda_skeleton_rpyc-3.3.0.tar.gz
Fetching package metadata: ......

WARNING: conda-build appears to be out of date. You have version 1.13.0 but the
latest version is 1.14.1. Run

conda update -n root conda-build

to get the latest version.

Solving package specifications: .patching file core.py
Hunk #1 succeeded at 168 with fuzz 2 (offset 2 lines).

WARNING: conda-build appears to be out of date. You have version 1.13.0 but the
latest version is 1.14.1. Run

conda update -n root conda-build

to get the latest version.


Applying patch: '/tmp/tmp_sUpP_conda_skeleton_rpyc-3.3.0.tar.gz/pypi-distutils.patch'
Warning, the following versions were found for plumbum
1.4.2
1.4.1
1.4.0
1.3.0
1.2.0
1.1.0
1.0.1
1.0.0
0.9.0
0.1.0
Using 1.4.2
Use --version to specify a different version.
Using url https://pypi.python.org/packages/source/p/plumbum/plumbum-1.4.2.tar.gz (51 KB) for plumbum.
Downloading plumbum
Using cached download
Unpacking plumbum...
done
working in /tmp/tmpmW7guLconda_skeleton_plumbum-1.4.2.tar.gz
Solving package specifications: .patching file core.py
Hunk #1 succeeded at 168 with fuzz 2 (offset 2 lines).

Applying patch: '/tmp/tmpmW7guLconda_skeleton_plumbum-1.4.2.tar.gz/pypi-distutils.patch'
Writing recipe for plumbum
Writing recipe for rpyc
Done
