Error: prefix already exists: /home/ubuntu/miniconda/envs/_pipbuild_
Collecting rsa==3.1.4
  Downloading http://localhost/packages/source/r/rsa/rsa-3.1.4.tar.gz
setuptools must be installed to install from a source distribution
Package search: {'_pypi_ordering': False, 'version': '3.1.4', 'name': 'rsa', 'summary': 'Pure-Python RSA implementation'}
Creating standard recipe for rsa-3.1.4
Using url https://pypi.python.org/packages/source/r/rsa/rsa-3.1.4.tar.gz (35 KB) for rsa.
Downloading rsa
Using cached download
Unpacking rsa...
done
working in /tmp/tmpNAWKfKconda_skeleton_rsa-3.1.4.tar.gz
Fetching package metadata: ......

WARNING: conda-build appears to be out of date. You have version 1.13.0 but the
latest version is 1.14.0. Run

conda update -n root conda-build

to get the latest version.

Solving package specifications: .patching file core.py
Hunk #1 succeeded at 168 with fuzz 2 (offset 2 lines).
Traceback (most recent call last):
  File "setup.py", line 3, in <module>
    from setuptools import setup
ImportError: No module named setuptools

Applying patch: '/tmp/tmpNAWKfKconda_skeleton_rsa-3.1.4.tar.gz/pypi-distutils.patch'
$PYTHONPATH = /tmp/tmpNAWKfKconda_skeleton_rsa-3.1.4.tar.gz/rsa-3.1.4
Error: command failed: /home/ubuntu/miniconda/envs/_build/bin/python setup.py install

conda create -n _pipbuild_ --yes python pip
/home/ubuntu/miniconda/envs/_pipbuild_/bin/pip install rsa==3.1.4
Error: Could not pip install rsa==3.1.4
