Error: prefix already exists: /home/ubuntu/miniconda/envs/_pipbuild_
Collecting Rtree==0.8.2
  Downloading http://localhost/packages/source/R/Rtree/Rtree-0.8.2.tar.gz (55kB)
setuptools must be installed to install from a source distribution
Package search: {'_pypi_ordering': False, 'version': '0.8.2', 'name': 'Rtree', 'summary': 'R-Tree spatial index for Python GIS'}
Creating standard recipe for rtree-0.8.2
Using url https://pypi.python.org/packages/source/R/Rtree/Rtree-0.8.2.tar.gz (55 KB) for Rtree.
Downloading Rtree
Using cached download
Unpacking Rtree...
done
working in /tmp/tmpDUMJrnconda_skeleton_Rtree-0.8.2.tar.gz
Fetching package metadata: ......

WARNING: conda-build appears to be out of date. You have version 1.13.0 but the
latest version is 1.14.0. Run

conda update -n root conda-build

to get the latest version.

Solving package specifications: .patching file core.py
Hunk #1 succeeded at 168 with fuzz 2 (offset 2 lines).
Traceback (most recent call last):
  File "setup.py", line 2, in <module>
    from setuptools import setup
ImportError: No module named setuptools

The following NEW packages will be INSTALLED:

    numpy:  1.9.2-py27_0
    pyyaml: 3.11-py27_1 
    yaml:   0.1.6-0     

Linking packages ...
[                    ]|                                                  |   0%[yaml                ]|                                                  |   0%[numpy               ]|################                                  |  33%[pyyaml              ]|#################################                 |  66%[      COMPLETE      ]|##################################################| 100%
Applying patch: '/tmp/tmpDUMJrnconda_skeleton_Rtree-0.8.2.tar.gz/pypi-distutils.patch'
$PYTHONPATH = /tmp/tmpDUMJrnconda_skeleton_Rtree-0.8.2.tar.gz/Rtree-0.8.2
Error: command failed: /home/ubuntu/miniconda/envs/_build/bin/python setup.py install

conda create -n _pipbuild_ --yes python pip
/home/ubuntu/miniconda/envs/_pipbuild_/bin/pip install Rtree==0.8.2
Error: Could not pip install Rtree==0.8.2
