Error: prefix already exists: /home/ubuntu/miniconda/envs/_pipbuild_
Collecting Rtree==0.8.2
  Downloading http://localhost/packages/source/R/Rtree/Rtree-0.8.2.tar.gz (55kB)
setuptools must be installed to install from a source distribution
Package search: {'_pypi_ordering': False, 'version': '0.8.2', 'name': 'Rtree', 'summary': 'R-Tree spatial index for Python GIS'}
Creating standard recipe for rtree-0.8.2
Using url https://pypi.python.org/packages/source/R/Rtree/Rtree-0.8.2.tar.gz (55 KB) for Rtree.
Downloading Rtree
Using cached download
Unpacking Rtree...
done
working in /tmp/tmpu_MPVZconda_skeleton_Rtree-0.8.2.tar.gz
Fetching package metadata: ......

WARNING: conda-build appears to be out of date. You have version 1.13.0 but the
latest version is 1.14.1. Run

conda update -n root conda-build

to get the latest version.

Solving package specifications: .patching file core.py
Hunk #1 succeeded at 168 with fuzz 2 (offset 2 lines).
Traceback (most recent call last):
  File "setup.py", line 4, in <module>
    import rtree
  File "/tmp/tmpu_MPVZconda_skeleton_Rtree-0.8.2.tar.gz/Rtree-0.8.2/rtree/__init__.py", line 1, in <module>
    from .index import Rtree
  File "/tmp/tmpu_MPVZconda_skeleton_Rtree-0.8.2.tar.gz/Rtree-0.8.2/rtree/index.py", line 6, in <module>
    from . import core
  File "/tmp/tmpu_MPVZconda_skeleton_Rtree-0.8.2.tar.gz/Rtree-0.8.2/rtree/core.py", line 110, in <module>
    rt.Error_GetLastErrorNum.restype = ctypes.c_int
  File "/home/ubuntu/miniconda/envs/_build/lib/python2.7/ctypes/__init__.py", line 378, in __getattr__
    func = self.__getitem__(name)
  File "/home/ubuntu/miniconda/envs/_build/lib/python2.7/ctypes/__init__.py", line 383, in __getitem__
    func = self._FuncPtr((name_or_ordinal, self))
AttributeError: /home/ubuntu/miniconda/envs/_build/bin/python: undefined symbol: Error_GetLastErrorNum

Applying patch: '/tmp/tmpu_MPVZconda_skeleton_Rtree-0.8.2.tar.gz/pypi-distutils.patch'
$PYTHONPATH = /tmp/tmpu_MPVZconda_skeleton_Rtree-0.8.2.tar.gz/Rtree-0.8.2
Error: command failed: /home/ubuntu/miniconda/envs/_build/bin/python setup.py install

conda create -n _pipbuild_ --yes python pip
/home/ubuntu/miniconda/envs/_pipbuild_/bin/pip install Rtree==0.8.2
Error: Could not pip install Rtree==0.8.2
