Warning, the following versions were found for rtslib-fb
2.1.57
2.1.56
2.1.51
2.1.49
2.1.47
2.1.43
2.1.40
2.1.39
2.1.38
2.1.37
2.1.36
2.1.35
2.1.32
2.1.31
Using 2.1.57
Use --version to specify a different version.
Using url https://pypi.python.org/packages/source/r/rtslib-fb/rtslib-fb-2.1.57.tar.gz (30 KB) for rtslib-fb.
Downloading rtslib-fb
Using cached download
Unpacking rtslib-fb...
done
working in /tmp/tmpJhEFE6conda_skeleton_rtslib-fb-2.1.57.tar.gz
Fetching package metadata: ......

WARNING: conda-build appears to be out of date. You have version 1.13.0 but the
latest version is 1.14.1. Run

conda update -n root conda-build

to get the latest version.

Solving package specifications: .patching file core.py
Hunk #1 succeeded at 168 with fuzz 2 (offset 2 lines).

Applying patch: '/tmp/tmpJhEFE6conda_skeleton_rtslib-fb-2.1.57.tar.gz/pypi-distutils.patch'
Writing recipe for rtslib-fb
Done
