Error: prefix already exists: /home/ubuntu/miniconda/envs/_pipbuild_
Collecting s3cmd==1.5.2
  Downloading http://localhost/packages/source/s/s3cmd/s3cmd-1.5.2.tar.gz (94kB)
setuptools must be installed to install from a source distribution
Package search: {'_pypi_ordering': False, 'version': '1.5.2', 'name': 's3cmd', 'summary': 'Command line tool for managing Amazon S3 and CloudFront services'}
Creating standard recipe for s3cmd-1.5.2
Using url https://pypi.python.org/packages/source/s/s3cmd/s3cmd-1.5.2.tar.gz (93 KB) for s3cmd.
Downloading s3cmd
Using cached download
Unpacking s3cmd...
done
working in /tmp/tmpozAaLqconda_skeleton_s3cmd-1.5.2.tar.gz
Fetching package metadata: ......

WARNING: conda-build appears to be out of date. You have version 1.13.0 but the
latest version is 1.14.0. Run

conda update -n root conda-build

to get the latest version.

Solving package specifications: .patching file core.py
Hunk #1 succeeded at 168 with fuzz 2 (offset 2 lines).
Traceback (most recent call last):
  File "setup.py", line 4, in <module>
    from setuptools import setup, find_packages
ImportError: No module named setuptools

Applying patch: '/tmp/tmpozAaLqconda_skeleton_s3cmd-1.5.2.tar.gz/pypi-distutils.patch'
$PYTHONPATH = /tmp/tmpozAaLqconda_skeleton_s3cmd-1.5.2.tar.gz/s3cmd-1.5.2
Error: command failed: /home/ubuntu/miniconda/envs/_build/bin/python setup.py install

conda create -n _pipbuild_ --yes python pip
/home/ubuntu/miniconda/envs/_pipbuild_/bin/pip install s3cmd==1.5.2
Error: Could not pip install s3cmd==1.5.2
