Warning, the following versions were found for s3cmd
1.5.2
1.5.1.2
1.5.0
1.5.0-alpha3
1.5.0-alpha2
1.5.0-alpha1
1.1.0-beta3
1.1.0-beta2
1.0.1
1.0.0
Using 1.5.2
Use --version to specify a different version.
Using url https://pypi.python.org/packages/source/s/s3cmd/s3cmd-1.5.2.tar.gz (93 KB) for s3cmd.
Downloading s3cmd
Using cached download
Unpacking s3cmd...
done
working in /tmp/tmp7XR5wPconda_skeleton_s3cmd-1.5.2.tar.gz
Fetching package metadata: ......

WARNING: conda-build appears to be out of date. You have version 1.13.0 but the
latest version is 1.14.1. Run

conda update -n root conda-build

to get the latest version.

Solving package specifications: .patching file core.py
Hunk #1 succeeded at 168 with fuzz 2 (offset 2 lines).
Using xml.etree.ElementTree for XML processing

WARNING: conda-build appears to be out of date. You have version 1.13.0 but the
latest version is 1.14.1. Run

conda update -n root conda-build

to get the latest version.


The following NEW packages will be INSTALLED:

    numpy:  1.9.2-py27_0
    pyyaml: 3.11-py27_1 
    yaml:   0.1.6-0     

Linking packages ...
[                    ]|                                                  |   0%[yaml                ]|                                                  |   0%[numpy               ]|################                                  |  33%[pyyaml              ]|#################################                 |  66%[      COMPLETE      ]|##################################################| 100%
Applying patch: '/tmp/tmp7XR5wPconda_skeleton_s3cmd-1.5.2.tar.gz/pypi-distutils.patch'
Warning, the following versions were found for python-magic
0.4.6
0.4.5
0.4.3
0.4.2
0.4.1
0.4.0
0.3.1
0.3
0.2
Using 0.4.6
Use --version to specify a different version.
Using url https://pypi.python.org/packages/source/p/python-magic/python-magic-0.4.6.tar.gz (3 KB) for python-magic.
Downloading python-magic
Using cached download
Unpacking python-magic...
done
working in /tmp/tmpYrGpAsconda_skeleton_python-magic-0.4.6.tar.gz
Solving package specifications: .patching file core.py
Hunk #1 succeeded at 168 with fuzz 2 (offset 2 lines).

Applying patch: '/tmp/tmpYrGpAsconda_skeleton_python-magic-0.4.6.tar.gz/pypi-distutils.patch'
Writing recipe for python-magic
Writing recipe for s3cmd
Done
