Warning, the following versions were found for s3config
0.1.2
0.1
Using 0.1.2
Use --version to specify a different version.
Using url https://bitbucket.org/jibbolo/s3config/get/v0.1.tar.gz (0 B) for s3config.
Downloading s3config
Unpacking s3config...
done
working in /tmp/tmpDWCOQ9conda_skeleton_v0.1.tar.gz
Fetching package metadata: ......

WARNING: conda-build appears to be out of date. You have version 1.13.0 but the
latest version is 1.14.1. Run

conda update -n root conda-build

to get the latest version.

Solving package specifications: .patching file core.py
Hunk #1 succeeded at 168 with fuzz 2 (offset 2 lines).

WARNING: conda-build appears to be out of date. You have version 1.13.0 but the
latest version is 1.14.1. Run

conda update -n root conda-build

to get the latest version.


The following NEW packages will be INSTALLED:

    numpy:      1.9.2-py27_0 
    openssl:    1.0.1k-1     
    pip:        7.0.3-py27_0 
    python:     2.7.10-0     
    pyyaml:     3.11-py27_1  
    readline:   6.2-2        
    setuptools: 18.0.1-py27_0
    sqlite:     3.8.4.1-1    
    system:     5.8-2        
    tk:         8.5.18-0     
    yaml:       0.1.6-0      
    zlib:       1.2.8-0      

Linking packages ...
[                    ]|                                                  |   0%[openssl             ]|                                                  |   0%[readline            ]|####                                              |   8%[sqlite              ]|########                                          |  16%[system              ]|############                                      |  25%[tk                  ]|################                                  |  33%[yaml                ]|####################                              |  41%[zlib                ]|#########################                         |  50%[numpy               ]|#############################                     |  58%[python              ]|#################################                 |  66%[pyyaml              ]|#####################################             |  75%[setuptools          ]|#########################################         |  83%[pip                 ]|#############################################     |  91%[      COMPLETE      ]|##################################################| 100%
Applying patch: '/tmp/tmpDWCOQ9conda_skeleton_v0.1.tar.gz/pypi-distutils.patch'
Warning, the following versions were found for wsgiref
0.1.2
0.1.1
0.1
Using 0.1.2
Use --version to specify a different version.
Using url https://pypi.python.org/packages/source/w/wsgiref/wsgiref-0.1.2.zip (36 KB) for wsgiref.
Downloading wsgiref
Using cached download
Unpacking wsgiref...
done
working in /tmp/tmpVsB7Ynconda_skeleton_wsgiref-0.1.2.zip
Solving package specifications: .patching file core.py
Hunk #1 succeeded at 168 with fuzz 2 (offset 2 lines).

Applying patch: '/tmp/tmpVsB7Ynconda_skeleton_wsgiref-0.1.2.zip/pypi-distutils.patch'
Writing recipe for s3config
Writing recipe for wsgiref
Done
