Error: prefix already exists: /home/ubuntu/miniconda/envs/_pipbuild_
Collecting sbp==0.46.4
  Could not find a version that satisfies the requirement sbp==0.46.4 (from versions: 0.24, 0.26, 0.27, 0.28, 0.29, 0.31, 0.32, 0.34, 0.35, 0.36, 0.37, 0.38, 0.39)
No matching distribution found for sbp==0.46.4
Package search: {'_pypi_ordering': False, 'version': '0.46.4', 'name': 'sbp', 'summary': 'Python bindings for Swift Binary Protocol'}
Creating standard recipe for sbp-0.46.4
Using url https://pypi.python.org/packages/source/s/sbp/sbp-0.46.4.tar.gz (30 KB) for sbp.
Downloading sbp
Unpacking sbp...
done
working in /tmp/tmp2lDUABconda_skeleton_sbp-0.46.4.tar.gz
Fetching package metadata: ......

WARNING: conda-build appears to be out of date. You have version 1.13.0 but the
latest version is 1.14.0. Run

conda update -n root conda-build

to get the latest version.

Solving package specifications: .patching file core.py
Hunk #1 succeeded at 168 with fuzz 2 (offset 2 lines).
Traceback (most recent call last):
  File "setup.py", line 3, in <module>
    from setuptools import setup
ImportError: No module named setuptools

Applying patch: '/tmp/tmp2lDUABconda_skeleton_sbp-0.46.4.tar.gz/pypi-distutils.patch'
$PYTHONPATH = /tmp/tmp2lDUABconda_skeleton_sbp-0.46.4.tar.gz/sbp-0.46.4
Error: command failed: /home/ubuntu/miniconda/envs/_build/bin/python setup.py install

conda create -n _pipbuild_ --yes python pip
/home/ubuntu/miniconda/envs/_pipbuild_/bin/pip install sbp==0.46.4
Error: Could not pip install sbp==0.46.4
