Error: prefix already exists: /home/ubuntu/miniconda/envs/_pipbuild_
Collecting scp==0.10.2
  Downloading http://localhost/packages/2.7/s/scp/scp-0.10.2-py2.py3-none-any.whl
Collecting paramiko (from scp==0.10.2)
  Downloading http://localhost/packages/2.6/p/paramiko/paramiko-1.15.2-py2.py3-none-any.whl (165kB)
Collecting ecdsa>=0.11 (from paramiko->scp==0.10.2)
  Downloading http://localhost/packages/2.7/e/ecdsa/ecdsa-0.13-py2.py3-none-any.whl (86kB)
Collecting pycrypto!=2.4,>=2.1 (from paramiko->scp==0.10.2)
  Downloading http://localhost/packages/source/p/pycrypto/pycrypto-2.6.1.tar.gz (446kB)
setuptools must be installed to install from a source distribution
Package search: {'_pypi_ordering': False, 'version': '0.10.2', 'name': 'scp', 'summary': 'scp module for paramiko'}
Creating standard recipe for scp-0.10.2
Using url https://pypi.python.org/packages/source/s/scp/scp-0.10.2.tar.gz (6 KB) for scp.
Downloading scp
Using cached download
Unpacking scp...
done
working in /tmp/tmpIOX5irconda_skeleton_scp-0.10.2.tar.gz
Fetching package metadata: ......

WARNING: conda-build appears to be out of date. You have version 1.13.0 but the
latest version is 1.14.0. Run

conda update -n root conda-build

to get the latest version.

Solving package specifications: .patching file core.py
Hunk #1 succeeded at 168 with fuzz 2 (offset 2 lines).
Traceback (most recent call last):
  File "setup.py", line 5, in <module>
    from setuptools import setup
ImportError: No module named setuptools

Applying patch: '/tmp/tmpIOX5irconda_skeleton_scp-0.10.2.tar.gz/pypi-distutils.patch'
$PYTHONPATH = /tmp/tmpIOX5irconda_skeleton_scp-0.10.2.tar.gz/scp-0.10.2
Error: command failed: /home/ubuntu/miniconda/envs/_build/bin/python setup.py install

conda create -n _pipbuild_ --yes python pip
/home/ubuntu/miniconda/envs/_pipbuild_/bin/pip install scp==0.10.2
Error: Could not pip install scp==0.10.2
