Error: prefix already exists: /home/ubuntu/miniconda/envs/_pipbuild_
Collecting Scrapy==1.0.0
  Could not find a version that satisfies the requirement Scrapy==1.0.0 (from versions: 0.7, 0.8, 0.9, 0.10.4.2364, 0.12.0.2550, 0.14.1, 0.14.2, 0.14.3, 0.14.4, 0.16.0, 0.16.1, 0.16.2, 0.16.3, 0.16.4, 0.16.5, 0.18.0, 0.18.1, 0.18.2, 0.18.3, 0.18.4, 0.20.0, 0.20.1, 0.20.2, 0.22.0, 0.22.1, 0.22.2, 0.24.0, 0.24.1, 0.24.2, 0.24.3, 0.24.4, 0.24.5, 0.24.6)
No matching distribution found for Scrapy==1.0.0
Package search: {'_pypi_ordering': False, 'version': '1.0.0', 'name': 'Scrapy', 'summary': 'A high-level Web Crawling and Web Scraping framework'}
Creating standard recipe for scrapy-1.0.0
Using url https://pypi.python.org/packages/source/S/Scrapy/Scrapy-1.0.0.tar.gz (641 KB) for Scrapy.
Downloading Scrapy
Unpacking Scrapy...
done
working in /tmp/tmphg2D2Dconda_skeleton_Scrapy-1.0.0.tar.gz
Fetching package metadata: ......

WARNING: conda-build appears to be out of date. You have version 1.13.0 but the
latest version is 1.14.0. Run

conda update -n root conda-build

to get the latest version.

Solving package specifications: .patching file core.py
Hunk #1 succeeded at 168 with fuzz 2 (offset 2 lines).
Traceback (most recent call last):
  File "setup.py", line 2, in <module>
    from setuptools import setup, find_packages
ImportError: No module named setuptools

The following NEW packages will be INSTALLED:

    numpy:  1.9.2-py27_0
    pyyaml: 3.11-py27_1 
    yaml:   0.1.6-0     

Linking packages ...
[                    ]|                                                  |   0%[yaml                ]|                                                  |   0%[numpy               ]|################                                  |  33%[pyyaml              ]|#################################                 |  66%[      COMPLETE      ]|##################################################| 100%
Applying patch: '/tmp/tmphg2D2Dconda_skeleton_Scrapy-1.0.0.tar.gz/pypi-distutils.patch'
$PYTHONPATH = /tmp/tmphg2D2Dconda_skeleton_Scrapy-1.0.0.tar.gz/Scrapy-1.0.0
Error: command failed: /home/ubuntu/miniconda/envs/_build/bin/python setup.py install

conda create -n _pipbuild_ --yes python pip
/home/ubuntu/miniconda/envs/_pipbuild_/bin/pip install Scrapy==1.0.0
Error: Could not pip install Scrapy==1.0.0
