Error: prefix already exists: /home/ubuntu/miniconda/envs/_pipbuild_
Collecting scipy==0.15.1
  Downloading http://localhost/packages/source/s/scipy/scipy-0.15.1.tar.gz (11.4MB)
setuptools must be installed to install from a source distribution
Package search: {'_pypi_ordering': False, 'version': '0.6.0', 'name': 'seaborn', 'summary': 'Seaborn: statistical data visualization'}
Creating standard recipe for seaborn-0.6.0
Converting recipe in /home/ubuntu/pypi-conda-builds/seaborn
package = seaborn
   dependencies = [u'scipy', u'matplotlib', u'pandas']
Creating standard recipe for scipy
Warning, the following versions were found for scipy
0.15.1
0.15.0
0.14.1
0.14.1rc1
0.14.1rc1.dev-205726a
0.14.1rc1.dev-52fb336
0.14.0
0.13.3
0.13.2
0.13.1
0.13.0
0.12.1
0.12.0
0.11.0
0.10.1
0.10.0
0.9.0
0.8.0
0.7.2
0.7.0
0.6.0
0.5.2
0.4.4
Using 0.15.1
Use --version to specify a different version.
Using url https://pypi.python.org/packages/source/s/scipy/scipy-0.15.1.tar.gz (10.9 MB) for scipy.
Downloading scipy
Using cached download
Unpacking scipy...
done
working in /tmp/tmpswjIFxconda_skeleton_scipy-0.15.1.tar.gz
Fetching package metadata: ......

WARNING: conda-build appears to be out of date. You have version 1.13.0 but the
latest version is 1.14.1. Run

conda update -n root conda-build

to get the latest version.

Solving package specifications: .patching file core.py
Hunk #1 succeeded at 168 with fuzz 2 (offset 2 lines).
Traceback (most recent call last):
  File "setup.py", line 249, in <module>
    setup_package()
  File "setup.py", line 246, in setup_package
    setup(**metadata)
  File "/home/ubuntu/miniconda/envs/_build/lib/python2.7/site-packages/numpy/distutils/core.py", line 130, in setup
    if dist.help or not _command_line_ok():
AttributeError: 'NoneType' object has no attribute 'help'

Applying patch: '/tmp/tmpswjIFxconda_skeleton_scipy-0.15.1.tar.gz/pypi-distutils.patch'
$PYTHONPATH = /tmp/tmpswjIFxconda_skeleton_scipy-0.15.1.tar.gz/scipy-0.15.1
Error: command failed: /home/ubuntu/miniconda/envs/_build/bin/python setup.py install

conda create -n _pipbuild_ --yes python pip
/home/ubuntu/miniconda/envs/_pipbuild_/bin/pip install scipy==0.15.1
Error: Could not pip install scipy==0.15.1
