Removing old build directory
Removing old work directory
BUILD START: selenium-2.46.0-py_0
Fetching package metadata: ......

WARNING: conda-build appears to be out of date. You have version 1.13.0 but the
latest version is 1.14.1. Run

conda update -n root conda-build

to get the latest version.

Solving package specifications: .+ /home/ubuntu/miniconda/envs/_build/bin/python setup.py install
running install
running bdist_egg
running egg_info
writing selenium.egg-info/PKG-INFO
writing top-level names to selenium.egg-info/top_level.txt
writing dependency_links to selenium.egg-info/dependency_links.txt
reading manifest file 'selenium.egg-info/SOURCES.txt'
reading manifest template 'MANIFEST.in'
writing manifest file 'selenium.egg-info/SOURCES.txt'
installing library code to build/bdist.linux-x86_64/egg
running install_lib
running build_py
creating build
creating build/lib
creating build/lib/selenium
copying py/selenium/selenium.py -> build/lib/selenium
copying py/selenium/__init__.py -> build/lib/selenium
creating build/lib/selenium/common
copying py/selenium/common/__init__.py -> build/lib/selenium/common
copying py/selenium/common/exceptions.py -> build/lib/selenium/common
creating build/lib/selenium/webdriver
copying py/selenium/webdriver/__init__.py -> build/lib/selenium/webdriver
creating build/lib/selenium/webdriver/android
copying py/selenium/webdriver/android/webdriver.py -> build/lib/selenium/webdriver/android
copying py/selenium/webdriver/android/__init__.py -> build/lib/selenium/webdriver/android
creating build/lib/selenium/webdriver/chrome
copying py/selenium/webdriver/chrome/options.py -> build/lib/selenium/webdriver/chrome
copying py/selenium/webdriver/chrome/webdriver.py -> build/lib/selenium/webdriver/chrome
copying py/selenium/webdriver/chrome/service.py -> build/lib/selenium/webdriver/chrome
copying py/selenium/webdriver/chrome/__init__.py -> build/lib/selenium/webdriver/chrome
creating build/lib/selenium/webdriver/common
copying py/selenium/webdriver/common/utils.py -> build/lib/selenium/webdriver/common
copying py/selenium/webdriver/common/by.py -> build/lib/selenium/webdriver/common
copying py/selenium/webdriver/common/desired_capabilities.py -> build/lib/selenium/webdriver/common
copying py/selenium/webdriver/common/keys.py -> build/lib/selenium/webdriver/common
copying py/selenium/webdriver/common/action_chains.py -> build/lib/selenium/webdriver/common
copying py/selenium/webdriver/common/proxy.py -> build/lib/selenium/webdriver/common
copying py/selenium/webdriver/common/alert.py -> build/lib/selenium/webdriver/common
copying py/selenium/webdriver/common/__init__.py -> build/lib/selenium/webdriver/common
copying py/selenium/webdriver/common/touch_actions.py -> build/lib/selenium/webdriver/common
creating build/lib/selenium/webdriver/common/html5
copying py/selenium/webdriver/common/html5/__init__.py -> build/lib/selenium/webdriver/common/html5
copying py/selenium/webdriver/common/html5/application_cache.py -> build/lib/selenium/webdriver/common/html5
creating build/lib/selenium/webdriver/support
copying py/selenium/webdriver/support/color.py -> build/lib/selenium/webdriver/support
copying py/selenium/webdriver/support/ui.py -> build/lib/selenium/webdriver/support
copying py/selenium/webdriver/support/expected_conditions.py -> build/lib/selenium/webdriver/support
copying py/selenium/webdriver/support/wait.py -> build/lib/selenium/webdriver/support
copying py/selenium/webdriver/support/abstract_event_listener.py -> build/lib/selenium/webdriver/support
copying py/selenium/webdriver/support/event_firing_webdriver.py -> build/lib/selenium/webdriver/support
copying py/selenium/webdriver/support/events.py -> build/lib/selenium/webdriver/support
copying py/selenium/webdriver/support/select.py -> build/lib/selenium/webdriver/support
copying py/selenium/webdriver/support/__init__.py -> build/lib/selenium/webdriver/support
creating build/lib/selenium/webdriver/firefox
copying py/selenium/webdriver/firefox/firefox_binary.py -> build/lib/selenium/webdriver/firefox
copying py/selenium/webdriver/firefox/webdriver.py -> build/lib/selenium/webdriver/firefox
copying py/selenium/webdriver/firefox/extension_connection.py -> build/lib/selenium/webdriver/firefox
copying py/selenium/webdriver/firefox/__init__.py -> build/lib/selenium/webdriver/firefox
copying py/selenium/webdriver/firefox/firefox_profile.py -> build/lib/selenium/webdriver/firefox
creating build/lib/selenium/webdriver/ie
copying py/selenium/webdriver/ie/webdriver.py -> build/lib/selenium/webdriver/ie
copying py/selenium/webdriver/ie/service.py -> build/lib/selenium/webdriver/ie
copying py/selenium/webdriver/ie/__init__.py -> build/lib/selenium/webdriver/ie
creating build/lib/selenium/webdriver/opera
copying py/selenium/webdriver/opera/options.py -> build/lib/selenium/webdriver/opera
copying py/selenium/webdriver/opera/webdriver.py -> build/lib/selenium/webdriver/opera
copying py/selenium/webdriver/opera/__init__.py -> build/lib/selenium/webdriver/opera
creating build/lib/selenium/webdriver/phantomjs
copying py/selenium/webdriver/phantomjs/webdriver.py -> build/lib/selenium/webdriver/phantomjs
copying py/selenium/webdriver/phantomjs/service.py -> build/lib/selenium/webdriver/phantomjs
copying py/selenium/webdriver/phantomjs/__init__.py -> build/lib/selenium/webdriver/phantomjs
creating build/lib/selenium/webdriver/remote
copying py/selenium/webdriver/remote/remote_connection.py -> build/lib/selenium/webdriver/remote
copying py/selenium/webdriver/remote/utils.py -> build/lib/selenium/webdriver/remote
copying py/selenium/webdriver/remote/webelement.py -> build/lib/selenium/webdriver/remote
copying py/selenium/webdriver/remote/errorhandler.py -> build/lib/selenium/webdriver/remote
copying py/selenium/webdriver/remote/file_detector.py -> build/lib/selenium/webdriver/remote
copying py/selenium/webdriver/remote/mobile.py -> build/lib/selenium/webdriver/remote
copying py/selenium/webdriver/remote/webdriver.py -> build/lib/selenium/webdriver/remote
copying py/selenium/webdriver/remote/__init__.py -> build/lib/selenium/webdriver/remote
copying py/selenium/webdriver/remote/command.py -> build/lib/selenium/webdriver/remote
copying py/selenium/webdriver/remote/switch_to.py -> build/lib/selenium/webdriver/remote
creating build/lib/selenium/webdriver/blackberry
copying py/selenium/webdriver/blackberry/__init__.py -> build/lib/selenium/webdriver/blackberry
copying py/selenium/webdriver/blackberry/webdriver.py -> build/lib/selenium/webdriver/blackberry
creating build/lib/selenium/webdriver/safari
copying py/selenium/webdriver/safari/__init__.py -> build/lib/selenium/webdriver/safari
copying py/selenium/webdriver/safari/service.py -> build/lib/selenium/webdriver/safari
copying py/selenium/webdriver/safari/webdriver.py -> build/lib/selenium/webdriver/safari
copying py/selenium/webdriver/firefox/webdriver.xpi -> build/lib/selenium/webdriver/firefox
copying py/selenium/webdriver/firefox/webdriver_prefs.json -> build/lib/selenium/webdriver/firefox
creating build/lib/selenium/webdriver/firefox/amd64
copying py/selenium/webdriver/firefox/amd64/x_ignore_nofocus.so -> build/lib/selenium/webdriver/firefox/amd64
creating build/lib/selenium/webdriver/firefox/x86
copying py/selenium/webdriver/firefox/x86/x_ignore_nofocus.so -> build/lib/selenium/webdriver/firefox/x86
creating build/bdist.linux-x86_64
creating build/bdist.linux-x86_64/egg
creating build/bdist.linux-x86_64/egg/selenium
copying build/lib/selenium/selenium.py -> build/bdist.linux-x86_64/egg/selenium
creating build/bdist.linux-x86_64/egg/selenium/common
copying build/lib/selenium/common/__init__.py -> build/bdist.linux-x86_64/egg/selenium/common
copying build/lib/selenium/common/exceptions.py -> build/bdist.linux-x86_64/egg/selenium/common
creating build/bdist.linux-x86_64/egg/selenium/webdriver
creating build/bdist.linux-x86_64/egg/selenium/webdriver/common
creating build/bdist.linux-x86_64/egg/selenium/webdriver/common/html5
copying build/lib/selenium/webdriver/common/html5/__init__.py -> build/bdist.linux-x86_64/egg/selenium/webdriver/common/html5
copying build/lib/selenium/webdriver/common/html5/application_cache.py -> build/bdist.linux-x86_64/egg/selenium/webdriver/common/html5
copying build/lib/selenium/webdriver/common/utils.py -> build/bdist.linux-x86_64/egg/selenium/webdriver/common
copying build/lib/selenium/webdriver/common/by.py -> build/bdist.linux-x86_64/egg/selenium/webdriver/common
copying build/lib/selenium/webdriver/common/desired_capabilities.py -> build/bdist.linux-x86_64/egg/selenium/webdriver/common
copying build/lib/selenium/webdriver/common/keys.py -> build/bdist.linux-x86_64/egg/selenium/webdriver/common
copying build/lib/selenium/webdriver/common/action_chains.py -> build/bdist.linux-x86_64/egg/selenium/webdriver/common
copying build/lib/selenium/webdriver/common/proxy.py -> build/bdist.linux-x86_64/egg/selenium/webdriver/common
copying build/lib/selenium/webdriver/common/alert.py -> build/bdist.linux-x86_64/egg/selenium/webdriver/common
copying build/lib/selenium/webdriver/common/__init__.py -> build/bdist.linux-x86_64/egg/selenium/webdriver/common
copying build/lib/selenium/webdriver/common/touch_actions.py -> build/bdist.linux-x86_64/egg/selenium/webdriver/common
creating build/bdist.linux-x86_64/egg/selenium/webdriver/opera
copying build/lib/selenium/webdriver/opera/options.py -> build/bdist.linux-x86_64/egg/selenium/webdriver/opera
copying build/lib/selenium/webdriver/opera/webdriver.py -> build/bdist.linux-x86_64/egg/selenium/webdriver/opera
copying build/lib/selenium/webdriver/opera/__init__.py -> build/bdist.linux-x86_64/egg/selenium/webdriver/opera
creating build/bdist.linux-x86_64/egg/selenium/webdriver/blackberry
copying build/lib/selenium/webdriver/blackberry/webdriver.py -> build/bdist.linux-x86_64/egg/selenium/webdriver/blackberry
copying build/lib/selenium/webdriver/blackberry/__init__.py -> build/bdist.linux-x86_64/egg/selenium/webdriver/blackberry
creating build/bdist.linux-x86_64/egg/selenium/webdriver/remote
copying build/lib/selenium/webdriver/remote/remote_connection.py -> build/bdist.linux-x86_64/egg/selenium/webdriver/remote
copying build/lib/selenium/webdriver/remote/utils.py -> build/bdist.linux-x86_64/egg/selenium/webdriver/remote
copying build/lib/selenium/webdriver/remote/webelement.py -> build/bdist.linux-x86_64/egg/selenium/webdriver/remote
copying build/lib/selenium/webdriver/remote/errorhandler.py -> build/bdist.linux-x86_64/egg/selenium/webdriver/remote
copying build/lib/selenium/webdriver/remote/file_detector.py -> build/bdist.linux-x86_64/egg/selenium/webdriver/remote
copying build/lib/selenium/webdriver/remote/mobile.py -> build/bdist.linux-x86_64/egg/selenium/webdriver/remote
copying build/lib/selenium/webdriver/remote/webdriver.py -> build/bdist.linux-x86_64/egg/selenium/webdriver/remote
copying build/lib/selenium/webdriver/remote/__init__.py -> build/bdist.linux-x86_64/egg/selenium/webdriver/remote
copying build/lib/selenium/webdriver/remote/command.py -> build/bdist.linux-x86_64/egg/selenium/webdriver/remote
copying build/lib/selenium/webdriver/remote/switch_to.py -> build/bdist.linux-x86_64/egg/selenium/webdriver/remote
creating build/bdist.linux-x86_64/egg/selenium/webdriver/android
copying build/lib/selenium/webdriver/android/webdriver.py -> build/bdist.linux-x86_64/egg/selenium/webdriver/android
copying build/lib/selenium/webdriver/android/__init__.py -> build/bdist.linux-x86_64/egg/selenium/webdriver/android
creating build/bdist.linux-x86_64/egg/selenium/webdriver/phantomjs
copying build/lib/selenium/webdriver/phantomjs/webdriver.py -> build/bdist.linux-x86_64/egg/selenium/webdriver/phantomjs
copying build/lib/selenium/webdriver/phantomjs/service.py -> build/bdist.linux-x86_64/egg/selenium/webdriver/phantomjs
copying build/lib/selenium/webdriver/phantomjs/__init__.py -> build/bdist.linux-x86_64/egg/selenium/webdriver/phantomjs
creating build/bdist.linux-x86_64/egg/selenium/webdriver/ie
copying build/lib/selenium/webdriver/ie/webdriver.py -> build/bdist.linux-x86_64/egg/selenium/webdriver/ie
copying build/lib/selenium/webdriver/ie/service.py -> build/bdist.linux-x86_64/egg/selenium/webdriver/ie
copying build/lib/selenium/webdriver/ie/__init__.py -> build/bdist.linux-x86_64/egg/selenium/webdriver/ie
creating build/bdist.linux-x86_64/egg/selenium/webdriver/support
copying build/lib/selenium/webdriver/support/color.py -> build/bdist.linux-x86_64/egg/selenium/webdriver/support
copying build/lib/selenium/webdriver/support/ui.py -> build/bdist.linux-x86_64/egg/selenium/webdriver/support
copying build/lib/selenium/webdriver/support/expected_conditions.py -> build/bdist.linux-x86_64/egg/selenium/webdriver/support
copying build/lib/selenium/webdriver/support/wait.py -> build/bdist.linux-x86_64/egg/selenium/webdriver/support
copying build/lib/selenium/webdriver/support/abstract_event_listener.py -> build/bdist.linux-x86_64/egg/selenium/webdriver/support
copying build/lib/selenium/webdriver/support/event_firing_webdriver.py -> build/bdist.linux-x86_64/egg/selenium/webdriver/support
copying build/lib/selenium/webdriver/support/events.py -> build/bdist.linux-x86_64/egg/selenium/webdriver/support
copying build/lib/selenium/webdriver/support/select.py -> build/bdist.linux-x86_64/egg/selenium/webdriver/support
copying build/lib/selenium/webdriver/support/__init__.py -> build/bdist.linux-x86_64/egg/selenium/webdriver/support
creating build/bdist.linux-x86_64/egg/selenium/webdriver/safari
copying build/lib/selenium/webdriver/safari/webdriver.py -> build/bdist.linux-x86_64/egg/selenium/webdriver/safari
copying build/lib/selenium/webdriver/safari/service.py -> build/bdist.linux-x86_64/egg/selenium/webdriver/safari
copying build/lib/selenium/webdriver/safari/__init__.py -> build/bdist.linux-x86_64/egg/selenium/webdriver/safari
creating build/bdist.linux-x86_64/egg/selenium/webdriver/firefox
creating build/bdist.linux-x86_64/egg/selenium/webdriver/firefox/amd64
copying build/lib/selenium/webdriver/firefox/amd64/x_ignore_nofocus.so -> build/bdist.linux-x86_64/egg/selenium/webdriver/firefox/amd64
copying build/lib/selenium/webdriver/firefox/firefox_binary.py -> build/bdist.linux-x86_64/egg/selenium/webdriver/firefox
copying build/lib/selenium/webdriver/firefox/webdriver.py -> build/bdist.linux-x86_64/egg/selenium/webdriver/firefox
copying build/lib/selenium/webdriver/firefox/webdriver_prefs.json -> build/bdist.linux-x86_64/egg/selenium/webdriver/firefox
copying build/lib/selenium/webdriver/firefox/extension_connection.py -> build/bdist.linux-x86_64/egg/selenium/webdriver/firefox
copying build/lib/selenium/webdriver/firefox/webdriver.xpi -> build/bdist.linux-x86_64/egg/selenium/webdriver/firefox
copying build/lib/selenium/webdriver/firefox/__init__.py -> build/bdist.linux-x86_64/egg/selenium/webdriver/firefox
creating build/bdist.linux-x86_64/egg/selenium/webdriver/firefox/x86
copying build/lib/selenium/webdriver/firefox/x86/x_ignore_nofocus.so -> build/bdist.linux-x86_64/egg/selenium/webdriver/firefox/x86
copying build/lib/selenium/webdriver/firefox/firefox_profile.py -> build/bdist.linux-x86_64/egg/selenium/webdriver/firefox
copying build/lib/selenium/webdriver/__init__.py -> build/bdist.linux-x86_64/egg/selenium/webdriver
creating build/bdist.linux-x86_64/egg/selenium/webdriver/chrome
copying build/lib/selenium/webdriver/chrome/options.py -> build/bdist.linux-x86_64/egg/selenium/webdriver/chrome
copying build/lib/selenium/webdriver/chrome/webdriver.py -> build/bdist.linux-x86_64/egg/selenium/webdriver/chrome
copying build/lib/selenium/webdriver/chrome/service.py -> build/bdist.linux-x86_64/egg/selenium/webdriver/chrome
copying build/lib/selenium/webdriver/chrome/__init__.py -> build/bdist.linux-x86_64/egg/selenium/webdriver/chrome
copying build/lib/selenium/__init__.py -> build/bdist.linux-x86_64/egg/selenium
byte-compiling build/bdist.linux-x86_64/egg/selenium/selenium.py to selenium.pyc
byte-compiling build/bdist.linux-x86_64/egg/selenium/common/__init__.py to __init__.pyc
byte-compiling build/bdist.linux-x86_64/egg/selenium/common/exceptions.py to exceptions.pyc
byte-compiling build/bdist.linux-x86_64/egg/selenium/webdriver/common/html5/__init__.py to __init__.pyc
byte-compiling build/bdist.linux-x86_64/egg/selenium/webdriver/common/html5/application_cache.py to application_cache.pyc
byte-compiling build/bdist.linux-x86_64/egg/selenium/webdriver/common/utils.py to utils.pyc
byte-compiling build/bdist.linux-x86_64/egg/selenium/webdriver/common/by.py to by.pyc
byte-compiling build/bdist.linux-x86_64/egg/selenium/webdriver/common/desired_capabilities.py to desired_capabilities.pyc
byte-compiling build/bdist.linux-x86_64/egg/selenium/webdriver/common/keys.py to keys.pyc
byte-compiling build/bdist.linux-x86_64/egg/selenium/webdriver/common/action_chains.py to action_chains.pyc
byte-compiling build/bdist.linux-x86_64/egg/selenium/webdriver/common/proxy.py to proxy.pyc
byte-compiling build/bdist.linux-x86_64/egg/selenium/webdriver/common/alert.py to alert.pyc
byte-compiling build/bdist.linux-x86_64/egg/selenium/webdriver/common/__init__.py to __init__.pyc
byte-compiling build/bdist.linux-x86_64/egg/selenium/webdriver/common/touch_actions.py to touch_actions.pyc
byte-compiling build/bdist.linux-x86_64/egg/selenium/webdriver/opera/options.py to options.pyc
byte-compiling build/bdist.linux-x86_64/egg/selenium/webdriver/opera/webdriver.py to webdriver.pyc
byte-compiling build/bdist.linux-x86_64/egg/selenium/webdriver/opera/__init__.py to __init__.pyc
byte-compiling build/bdist.linux-x86_64/egg/selenium/webdriver/blackberry/webdriver.py to webdriver.pyc
byte-compiling build/bdist.linux-x86_64/egg/selenium/webdriver/blackberry/__init__.py to __init__.pyc
byte-compiling build/bdist.linux-x86_64/egg/selenium/webdriver/remote/remote_connection.py to remote_connection.pyc
byte-compiling build/bdist.linux-x86_64/egg/selenium/webdriver/remote/utils.py to utils.pyc
byte-compiling build/bdist.linux-x86_64/egg/selenium/webdriver/remote/webelement.py to webelement.pyc
byte-compiling build/bdist.linux-x86_64/egg/selenium/webdriver/remote/errorhandler.py to errorhandler.pyc
byte-compiling build/bdist.linux-x86_64/egg/selenium/webdriver/remote/file_detector.py to file_detector.pyc
byte-compiling build/bdist.linux-x86_64/egg/selenium/webdriver/remote/mobile.py to mobile.pyc
byte-compiling build/bdist.linux-x86_64/egg/selenium/webdriver/remote/webdriver.py to webdriver.pyc
byte-compiling build/bdist.linux-x86_64/egg/selenium/webdriver/remote/__init__.py to __init__.pyc
byte-compiling build/bdist.linux-x86_64/egg/selenium/webdriver/remote/command.py to command.pyc
byte-compiling build/bdist.linux-x86_64/egg/selenium/webdriver/remote/switch_to.py to switch_to.pyc
byte-compiling build/bdist.linux-x86_64/egg/selenium/webdriver/android/webdriver.py to webdriver.pyc
byte-compiling build/bdist.linux-x86_64/egg/selenium/webdriver/android/__init__.py to __init__.pyc
byte-compiling build/bdist.linux-x86_64/egg/selenium/webdriver/phantomjs/webdriver.py to webdriver.pyc
byte-compiling build/bdist.linux-x86_64/egg/selenium/webdriver/phantomjs/service.py to service.pyc
byte-compiling build/bdist.linux-x86_64/egg/selenium/webdriver/phantomjs/__init__.py to __init__.pyc
byte-compiling build/bdist.linux-x86_64/egg/selenium/webdriver/ie/webdriver.py to webdriver.pyc
byte-compiling build/bdist.linux-x86_64/egg/selenium/webdriver/ie/service.py to service.pyc
byte-compiling build/bdist.linux-x86_64/egg/selenium/webdriver/ie/__init__.py to __init__.pyc
byte-compiling build/bdist.linux-x86_64/egg/selenium/webdriver/support/color.py to color.pyc
byte-compiling build/bdist.linux-x86_64/egg/selenium/webdriver/support/ui.py to ui.pyc
byte-compiling build/bdist.linux-x86_64/egg/selenium/webdriver/support/expected_conditions.py to expected_conditions.pyc
byte-compiling build/bdist.linux-x86_64/egg/selenium/webdriver/support/wait.py to wait.pyc
byte-compiling build/bdist.linux-x86_64/egg/selenium/webdriver/support/abstract_event_listener.py to abstract_event_listener.pyc
byte-compiling build/bdist.linux-x86_64/egg/selenium/webdriver/support/event_firing_webdriver.py to event_firing_webdriver.pyc
byte-compiling build/bdist.linux-x86_64/egg/selenium/webdriver/support/events.py to events.pyc
byte-compiling build/bdist.linux-x86_64/egg/selenium/webdriver/support/select.py to select.pyc
byte-compiling build/bdist.linux-x86_64/egg/selenium/webdriver/support/__init__.py to __init__.pyc
byte-compiling build/bdist.linux-x86_64/egg/selenium/webdriver/safari/webdriver.py to webdriver.pyc
byte-compiling build/bdist.linux-x86_64/egg/selenium/webdriver/safari/service.py to service.pyc
byte-compiling build/bdist.linux-x86_64/egg/selenium/webdriver/safari/__init__.py to __init__.pyc
byte-compiling build/bdist.linux-x86_64/egg/selenium/webdriver/firefox/firefox_binary.py to firefox_binary.pyc
byte-compiling build/bdist.linux-x86_64/egg/selenium/webdriver/firefox/webdriver.py to webdriver.pyc
byte-compiling build/bdist.linux-x86_64/egg/selenium/webdriver/firefox/extension_connection.py to extension_connection.pyc
byte-compiling build/bdist.linux-x86_64/egg/selenium/webdriver/firefox/__init__.py to __init__.pyc
byte-compiling build/bdist.linux-x86_64/egg/selenium/webdriver/firefox/firefox_profile.py to firefox_profile.pyc
byte-compiling build/bdist.linux-x86_64/egg/selenium/webdriver/__init__.py to __init__.pyc
byte-compiling build/bdist.linux-x86_64/egg/selenium/webdriver/chrome/options.py to options.pyc
byte-compiling build/bdist.linux-x86_64/egg/selenium/webdriver/chrome/webdriver.py to webdriver.pyc
byte-compiling build/bdist.linux-x86_64/egg/selenium/webdriver/chrome/service.py to service.pyc
byte-compiling build/bdist.linux-x86_64/egg/selenium/webdriver/chrome/__init__.py to __init__.pyc
byte-compiling build/bdist.linux-x86_64/egg/selenium/__init__.py to __init__.pyc
installing package data to build/bdist.linux-x86_64/egg
running install_data
creating build/bdist.linux-x86_64/egg/EGG-INFO
copying selenium.egg-info/PKG-INFO -> build/bdist.linux-x86_64/egg/EGG-INFO
copying selenium.egg-info/SOURCES.txt -> build/bdist.linux-x86_64/egg/EGG-INFO
copying selenium.egg-info/dependency_links.txt -> build/bdist.linux-x86_64/egg/EGG-INFO
copying selenium.egg-info/not-zip-safe -> build/bdist.linux-x86_64/egg/EGG-INFO
copying selenium.egg-info/top_level.txt -> build/bdist.linux-x86_64/egg/EGG-INFO
writing build/bdist.linux-x86_64/egg/EGG-INFO/native_libs.txt
creating dist
creating 'dist/selenium-2.46.0-py2.7.egg' and adding 'build/bdist.linux-x86_64/egg' to it
removing 'build/bdist.linux-x86_64/egg' (and everything under it)
Processing selenium-2.46.0-py2.7.egg
creating /home/ubuntu/miniconda/envs/_build/lib/python2.7/site-packages/selenium-2.46.0-py2.7.egg
Extracting selenium-2.46.0-py2.7.egg to /home/ubuntu/miniconda/envs/_build/lib/python2.7/site-packages
Adding selenium 2.46.0 to easy-install.pth file

Installed /home/ubuntu/miniconda/envs/_build/lib/python2.7/site-packages/selenium-2.46.0-py2.7.egg
Processing dependencies for selenium==2.46.0
Finished processing dependencies for selenium==2.46.0

The following NEW packages will be INSTALLED:

    openssl:    1.0.1k-1     
    pip:        7.0.3-py27_0 
    python:     2.7.10-0     
    readline:   6.2-2        
    setuptools: 18.0.1-py27_0
    sqlite:     3.8.4.1-1    
    system:     5.8-2        
    tk:         8.5.18-0     
    zlib:       1.2.8-0      

Linking packages ...
[                    ]|                                                  |   0%[openssl             ]|                                                  |   0%[readline            ]|#####                                             |  11%[sqlite              ]|###########                                       |  22%[system              ]|################                                  |  33%[tk                  ]|######################                            |  44%[zlib                ]|###########################                       |  55%[python              ]|#################################                 |  66%[setuptools          ]|######################################            |  77%[pip                 ]|############################################      |  88%[      COMPLETE      ]|##################################################| 100%
Removing old work directory
Source cache directory is: /home/ubuntu/miniconda/conda-bld/src_cache
Found source in cache: selenium-2.46.0.tar.gz
Extracting download
Package: selenium-2.46.0-py_0
source tree in: /home/ubuntu/miniconda/conda-bld/work/selenium-2.46.0
found egg dir: /home/ubuntu/miniconda/envs/_build/lib/python2.7/site-packages/selenium-2.46.0-py2.7.egg
number of files: 125
Fixing permissions
patchelf: file: /home/ubuntu/miniconda/envs/_build/lib/python2.7/site-packages/selenium/webdriver/firefox/amd64/x_ignore_nofocus.so
    setting rpath to: $ORIGIN/../../../../../..
patchelf: file: /home/ubuntu/miniconda/envs/_build/lib/python2.7/site-packages/selenium/webdriver/firefox/x86/x_ignore_nofocus.so
    setting rpath to: $ORIGIN/../../../../../..
[noarch_python] Error: Shared object file found: lib/python2.7/site-packages/selenium/webdriver/firefox/amd64/x_ignore_nofocus.so
