Error: prefix already exists: /home/ubuntu/miniconda/envs/_pipbuild_
Collecting semantic-version==2.4.1
  Downloading http://localhost/packages/source/s/semantic_version/semantic_version-2.4.1.tar.gz
setuptools must be installed to install from a source distribution
Package search: {'_pypi_ordering': False, 'version': '2.4.1', 'name': 'semantic_version', 'summary': "A library implementing the 'SemVer' scheme."}
Creating standard recipe for semantic_version-2.4.1
Using url https://pypi.python.org/packages/source/s/semantic_version/semantic_version-2.4.1.tar.gz (32 KB) for semantic_version.
Downloading semantic_version
Using cached download
Unpacking semantic_version...
done
working in /tmp/tmpCeuQA5conda_skeleton_semantic_version-2.4.1.tar.gz
Fetching package metadata: ......

WARNING: conda-build appears to be out of date. You have version 1.13.0 but the
latest version is 1.14.0. Run

conda update -n root conda-build

to get the latest version.

Solving package specifications: .patching file core.py
Hunk #1 succeeded at 168 with fuzz 2 (offset 2 lines).
Traceback (most recent call last):
  File "setup.py", line 11, in <module>
    from setuptools import setup
ImportError: No module named setuptools

Applying patch: '/tmp/tmpCeuQA5conda_skeleton_semantic_version-2.4.1.tar.gz/pypi-distutils.patch'
$PYTHONPATH = /tmp/tmpCeuQA5conda_skeleton_semantic_version-2.4.1.tar.gz/semantic_version-2.4.1
Error: command failed: /home/ubuntu/miniconda/envs/_build/bin/python setup.py install

conda create -n _pipbuild_ --yes python pip
/home/ubuntu/miniconda/envs/_pipbuild_/bin/pip install semantic_version==2.4.1
Error: Could not pip install semantic_version==2.4.1
