Error: prefix already exists: /home/ubuntu/miniconda/envs/_pipbuild_
Collecting sentimental-skk==0.0.146
  Downloading http://localhost/packages/source/s/sentimental-skk/sentimental-skk-0.0.146.tar.gz (3.1MB)
setuptools must be installed to install from a source distribution
Package search: {'_pypi_ordering': False, 'version': '0.0.146', 'name': 'sentimental-skk', 'summary': u'\u4e09 \u4e09 ( \xb4_\u309d`\uff09\uff1c Japanese Input Method SKK (Simple Kana to Kanji conversion) on your terminal'}
Creating standard recipe for sentimental-skk-0.0.146
Using url https://pypi.python.org/packages/source/s/sentimental-skk/sentimental-skk-0.0.146.tar.gz (3.0 MB) for sentimental-skk.
Downloading sentimental-skk
Using cached download
Unpacking sentimental-skk...
done
working in /tmp/tmp5o1mxJconda_skeleton_sentimental-skk-0.0.146.tar.gz
Fetching package metadata: ......

WARNING: conda-build appears to be out of date. You have version 1.13.0 but the
latest version is 1.14.0. Run

conda update -n root conda-build

to get the latest version.

Solving package specifications: .patching file core.py
Hunk #1 succeeded at 168 with fuzz 2 (offset 2 lines).
Traceback (most recent call last):
  File "setup.py", line 3, in <module>
    from setuptools import setup, find_packages
ImportError: No module named setuptools

The following NEW packages will be INSTALLED:

    numpy:  1.9.2-py27_0
    pyyaml: 3.11-py27_1 
    yaml:   0.1.6-0     

Linking packages ...
[                    ]|                                                  |   0%[yaml                ]|                                                  |   0%[numpy               ]|################                                  |  33%[pyyaml              ]|#################################                 |  66%[      COMPLETE      ]|##################################################| 100%
Applying patch: '/tmp/tmp5o1mxJconda_skeleton_sentimental-skk-0.0.146.tar.gz/pypi-distutils.patch'
$PYTHONPATH = /tmp/tmp5o1mxJconda_skeleton_sentimental-skk-0.0.146.tar.gz/sentimental-skk-0.0.146
Error: command failed: /home/ubuntu/miniconda/envs/_build/bin/python setup.py install

conda create -n _pipbuild_ --yes python pip
/home/ubuntu/miniconda/envs/_pipbuild_/bin/pip install sentimental-skk==0.0.146
Error: Could not pip install sentimental-skk==0.0.146
