Removing old build directory
Removing old work directory
BUILD START: service_identity-14.0.0-py27_0
Fetching package metadata: ......

WARNING: conda-build appears to be out of date. You have version 1.13.0 but the
latest version is 1.14.1. Run

conda update -n root conda-build

to get the latest version.

Solving package specifications: .................
Warning: 8 possible package resolutions (only showing differing packages):
	[u'characteristic-14.3.0-py_0.tar.bz2', u'idna-2.0-py_0.tar.bz2', u'ipaddress-1.0.7-py_0.tar.bz2'],
	[u'characteristic-14.3.0-py_0.tar.bz2', u'idna-2.0-py_0.tar.bz2', u'ipaddress-1.0.7-py27_0.tar.bz2'],
	[u'characteristic-14.3.0-py_0.tar.bz2', u'idna-2.0-py27_0.tar.bz2', u'ipaddress-1.0.7-py27_0.tar.bz2'],
	[u'characteristic-14.3.0-py_0.tar.bz2', u'idna-2.0-py27_0.tar.bz2', u'ipaddress-1.0.7-py_0.tar.bz2'],
	[u'characteristic-14.3.0-py27_0.tar.bz2', u'idna-2.0-py27_0.tar.bz2', u'ipaddress-1.0.7-py_0.tar.bz2'],
	[u'characteristic-14.3.0-py27_0.tar.bz2', u'idna-2.0-py27_0.tar.bz2', u'ipaddress-1.0.7-py27_0.tar.bz2'],
	[u'characteristic-14.3.0-py27_0.tar.bz2', u'idna-2.0-py_0.tar.bz2', u'ipaddress-1.0.7-py27_0.tar.bz2'],
	[u'characteristic-14.3.0-py27_0.tar.bz2', u'idna-2.0-py_0.tar.bz2', u'ipaddress-1.0.7-py_0.tar.bz2'],
/home/ubuntu/miniconda/pkgs/characteristic-14.3.0-py_0/bin/.characteristic-pre-link.sh: line 2: /home/ubuntu/miniconda/envs/_build/bin/python: No such file or directory

The following packages will be downloaded:

    package                    |            build
    ---------------------------|-----------------
    characteristic-14.3.0      |             py_0          32 KB

The following NEW packages will be INSTALLED:

    cffi:           1.1.0-py27_0 
    characteristic: 14.3.0-py_0  
    cryptography:   0.9.1-py27_0 
    enum34:         1.0.4-py27_0 
    idna:           2.0-py_0     
    ipaddress:      1.0.7-py_0   
    libffi:         3.0.13-0     
    openssl:        1.0.1k-1     
    pip:            7.0.3-py27_0 
    pyasn1:         0.1.7-py27_0 
    pyasn1-modules: 0.0.5-py27_0 
    pycparser:      2.14-py27_0  
    pyopenssl:      0.15.1-py27_1
    python:         2.7.10-0     
    readline:       6.2-2        
    setuptools:     18.0.1-py27_0
    six:            1.9.0-py27_0 
    sqlite:         3.8.4.1-1    
    system:         5.8-2        
    tk:             8.5.18-0     
    zlib:           1.2.8-0      

Fetching packages ...
characteristic   0% |                              | ETA:  --:--:--   0.00  B/scharacteristic  49% |###############                | ETA:  0:00:00  35.01 MB/scharacteristic  98% |############################## | ETA:  0:00:00  48.34 MB/scharacteristic 100% |###############################| ETA:  0:00:00  40.44 MB/scharacteristic 100% |###############################| Time: 0:00:00  31.35 MB/s
Extracting packages ...
[                    ]|                                                  |   0%[characteristic      ]|                                                  |   0%[      COMPLETE      ]|##################################################| 100%
Linking packages ...
[      COMPLETE      ]|                                                  |   0%[libffi              ]|                                                  |   0%[libffi              ]|                                                  |   0%[openssl             ]|##                                                |   4%[readline            ]|####                                              |   9%[sqlite              ]|#######                                           |  14%[system              ]|#########                                         |  19%[tk                  ]|###########                                       |  23%[zlib                ]|##############                                    |  28%[characteristic      ]|################                                  |  33%Error: pre-link failed: characteristic-14.3.0-py_0
