Error: prefix already exists: /home/ubuntu/miniconda/envs/_pipbuild_
Collecting service-identity==14.0.0
  Downloading http://localhost/packages/2.7/s/service_identity/service_identity-14.0.0-py2.py3-none-any.whl
Collecting pyopenssl>=0.12 (from service-identity==14.0.0)
  Downloading http://localhost/packages/py2.py3/p/pyOpenSSL/pyOpenSSL-0.15.1-py2.py3-none-any.whl (102kB)
Collecting characteristic>=14.0.0 (from service-identity==14.0.0)
  Downloading http://localhost/packages/py2.py3/c/characteristic/characteristic-14.3.0-py2.py3-none-any.whl
Collecting pyasn1-modules (from service-identity==14.0.0)
  Downloading http://localhost/packages/source/p/pyasn1-modules/pyasn1-modules-0.0.5.tar.gz
setuptools must be installed to install from a source distribution
Package search: {'_pypi_ordering': False, 'version': '14.0.0', 'name': 'service_identity', 'summary': 'Service identity verification for pyOpenSSL.'}
Creating standard recipe for service_identity-14.0.0
Using url https://pypi.python.org/packages/source/s/service_identity/service_identity-14.0.0.tar.gz (25 KB) for service_identity.
Downloading service_identity
Using cached download
Unpacking service_identity...
done
working in /tmp/tmpCdQgzyconda_skeleton_service_identity-14.0.0.tar.gz
Fetching package metadata: ......

WARNING: conda-build appears to be out of date. You have version 1.13.0 but the
latest version is 1.14.0. Run

conda update -n root conda-build

to get the latest version.

Solving package specifications: .patching file core.py
Hunk #1 succeeded at 168 with fuzz 2 (offset 2 lines).
Traceback (most recent call last):
  File "setup.py", line 5, in <module>
    from setuptools import setup, find_packages
ImportError: No module named setuptools

Applying patch: '/tmp/tmpCdQgzyconda_skeleton_service_identity-14.0.0.tar.gz/pypi-distutils.patch'
$PYTHONPATH = /tmp/tmpCdQgzyconda_skeleton_service_identity-14.0.0.tar.gz/service_identity-14.0.0
Error: command failed: /home/ubuntu/miniconda/envs/_build/bin/python setup.py install

conda create -n _pipbuild_ --yes python pip
/home/ubuntu/miniconda/envs/_pipbuild_/bin/pip install service_identity==14.0.0
Error: Could not pip install service_identity==14.0.0
