Error: prefix already exists: /home/ubuntu/miniconda/envs/_pipbuild_
Collecting setuptools-scm==1.5.4
  Could not find a version that satisfies the requirement setuptools-scm==1.5.4 (from versions: 0.26, 1.0.0, 1.1.0, 1.2.0, 1.3.0)
No matching distribution found for setuptools-scm==1.5.4
Package search: {'_pypi_ordering': False, 'version': '1.5.4', 'name': 'setuptools_scm', 'summary': 'the blessed package to manage your versions by scm tags'}
Creating standard recipe for setuptools_scm-1.5.4
Using url https://pypi.python.org/packages/source/s/setuptools_scm/setuptools_scm-1.5.4.tar.gz (15 KB) for setuptools_scm.
Downloading setuptools_scm
Unpacking setuptools_scm...
done
working in /tmp/tmpoJJQ8pconda_skeleton_setuptools_scm-1.5.4.tar.gz
Fetching package metadata: ......

WARNING: conda-build appears to be out of date. You have version 1.13.0 but the
latest version is 1.14.0. Run

conda update -n root conda-build

to get the latest version.

Solving package specifications: .patching file core.py
Hunk #1 succeeded at 168 with fuzz 2 (offset 2 lines).
Traceback (most recent call last):
  File "setup.py", line 15, in <module>
    import setuptools
ImportError: No module named setuptools

Applying patch: '/tmp/tmpoJJQ8pconda_skeleton_setuptools_scm-1.5.4.tar.gz/pypi-distutils.patch'
$PYTHONPATH = /tmp/tmpoJJQ8pconda_skeleton_setuptools_scm-1.5.4.tar.gz/setuptools_scm-1.5.4
Error: command failed: /home/ubuntu/miniconda/envs/_build/bin/python setup.py install

conda create -n _pipbuild_ --yes python pip
/home/ubuntu/miniconda/envs/_pipbuild_/bin/pip install setuptools_scm==1.5.4
Error: Could not pip install setuptools_scm==1.5.4
