Warning, the following versions were found for slapos.cookbook
0.102
0.101
0.100
0.99
0.98
0.97
0.96
0.95
0.94
0.93
0.92
0.91
0.90
0.89
0.88
0.87
0.85
0.84.2
0.84.1
0.84
0.83.1
0.83
0.82
0.81
0.80
0.79
0.78.5
0.78.4
0.78.3
0.78.1
0.78.0
0.77.1
0.77.0
0.76.0
0.75.0
0.74.0
0.73.1
0.73.0
0.72.0
0.71.4
0.71.3
0.71.2
0.71.1
0.71
0.70
0.69
0.68.1
0.68
0.67
0.66
0.65
0.64.2
0.64.1
0.64
0.63
0.62
0.61
0.60
0.59
0.58
0.57
0.56
0.56-dev
0.55
0.54.1
0.54
0.53
0.52
0.51
0.50
0.49
0.48
0.47
0.46
0.45
0.44
0.43
0.42
0.41
0.40.1
0.40
0.39
0.38
0.37
0.36
0.35
0.34
0.33
0.32
0.31
0.30
0.29
0.28
0.27
0.26
0.25
0.24
0.23
0.22
0.21
0.20
0.19
0.18
0.17
0.16
0.15
0.14
0.13
0.12
0.11
0.10
0.9
0.8
0.8-dev
0.7
0.6
0.5
0.4
0.3
0.3-dev5
0.3-dev4
0.3-dev3
0.3-dev2
0.3-dev1
0.2
0.2-dev1
0.1
Using 0.102
Use --version to specify a different version.
Using url https://pypi.python.org/packages/source/s/slapos.cookbook/slapos.cookbook-0.102.tar.gz (294 KB) for slapos.cookbook.
Downloading slapos.cookbook
Using cached download
Unpacking slapos.cookbook...
done
working in /tmp/tmppSlzyNconda_skeleton_slapos.cookbook-0.102.tar.gz
Fetching package metadata: ......

WARNING: conda-build appears to be out of date. You have version 1.13.0 but the
latest version is 1.14.1. Run

conda update -n root conda-build

to get the latest version.

Solving package specifications: .patching file core.py
Hunk #1 succeeded at 168 with fuzz 2 (offset 2 lines).

WARNING: conda-build appears to be out of date. You have version 1.13.0 but the
latest version is 1.14.1. Run

conda update -n root conda-build

to get the latest version.


The following NEW packages will be INSTALLED:

    numpy:      1.9.2-py27_0 
    openssl:    1.0.1k-1     
    pip:        7.0.3-py27_0 
    python:     2.7.10-0     
    pyyaml:     3.11-py27_1  
    readline:   6.2-2        
    setuptools: 18.0.1-py27_0
    sqlite:     3.8.4.1-1    
    system:     5.8-2        
    tk:         8.5.18-0     
    yaml:       0.1.6-0      
    zlib:       1.2.8-0      

Linking packages ...
[                    ]|                                                  |   0%[openssl             ]|                                                  |   0%[readline            ]|####                                              |   8%[sqlite              ]|########                                          |  16%[system              ]|############                                      |  25%[tk                  ]|################                                  |  33%[yaml                ]|####################                              |  41%[zlib                ]|#########################                         |  50%[numpy               ]|#############################                     |  58%[python              ]|#################################                 |  66%[pyyaml              ]|#####################################             |  75%[setuptools          ]|#########################################         |  83%[pip                 ]|#############################################     |  91%[      COMPLETE      ]|##################################################| 100%
Applying patch: '/tmp/tmppSlzyNconda_skeleton_slapos.cookbook-0.102.tar.gz/pypi-distutils.patch'
Warning, the following versions were found for xml_marshaller
0.9.7
0.9.6
0.9.5
0.9.4
0.9.3
0.9.2
0.9.1
0.9
0.9a
Using 0.9.7
Use --version to specify a different version.
Using url https://pypi.python.org/packages/source/x/xml_marshaller/xml_marshaller-0.9.7.tar.gz (11 KB) for xml_marshaller.
Downloading xml_marshaller
xml_marshaller   0% |                              | ETA:  --:--:--   0.00  B/sxml_marshaller 100% |###############################| ETA:  0:00:00  24.33 MB/sxml_marshaller 100% |###############################| Time: 0:00:00  15.03 MB/s
Unpacking xml_marshaller...
done
working in /tmp/tmpza5_I9conda_skeleton_xml_marshaller-0.9.7.tar.gz
Solving package specifications: .patching file core.py
Hunk #1 succeeded at 168 with fuzz 2 (offset 2 lines).

WARNING: conda-build appears to be out of date. You have version 1.13.0 but the
latest version is 1.14.1. Run

conda update -n root conda-build

to get the latest version.


Applying patch: '/tmp/tmpza5_I9conda_skeleton_xml_marshaller-0.9.7.tar.gz/pypi-distutils.patch'
Warning, the following versions were found for slapos.core
1.3.10
1.3.9
1.3.8
1.3.7
1.3.6.3
1.3.6.2
1.3.6.1
1.3.6
1.3.5
1.3.4
1.3.3
1.3.2
1.3.1
1.3.0
1.2.4.1
1.2.4
1.2.3.1
1.2.3
1.2.2
1.2.1
1.1.3
1.1.2
1.1.1
1.1.0
1.0.5
1.0.4
1.0.3
1.0.2.1
1.0.2
1.0.1
1.0.0
0.35.1
0.35
0.34
0.33.2
0.33.1
0.33
0.32.3
0.32.2
0.32.1
0.32
0.31.2
0.31.1
0.31
0.30
0.29
0.28.9
0.28.8
0.28.7
0.28.6
0.28.5
0.28.4
0.28.3
0.28.2
0.28.1
0.28
0.27
0.26.2
0.26.1
0.26
0.25
0.24
0.23
0.22
0.21
0.20
0.19
0.18
0.17
0.16
0.15
0.14
0.13
0.12
0.11
0.10
0.9
0.8
0.7
0.6
0.5
0.4
0.3
0.2
0.1
Using 1.3.10
Use --version to specify a different version.
Using url https://pypi.python.org/packages/source/s/slapos.core/slapos.core-1.3.10.tar.gz (185 KB) for slapos.core.
Downloading slapos.core
Using cached download
Unpacking slapos.core...
done
working in /tmp/tmpj1S7klconda_skeleton_slapos.core-1.3.10.tar.gz
Solving package specifications: .patching file core.py
Hunk #1 succeeded at 168 with fuzz 2 (offset 2 lines).

Applying patch: '/tmp/tmpj1S7klconda_skeleton_slapos.core-1.3.10.tar.gz/pypi-distutils.patch'
Error: Could not find any versions of package sphinxcontrib.programoutput
