Error: prefix already exists: /home/ubuntu/miniconda/envs/_pipbuild_
Collecting slimit==0.8.1
  Downloading http://localhost/packages/source/s/slimit/slimit-0.8.1.zip (88kB)
setuptools must be installed to install from a source distribution
Package search: {'_pypi_ordering': False, 'version': '0.8.1', 'name': 'slimit', 'summary': 'SlimIt - JavaScript minifier'}
Creating standard recipe for slimit-0.8.1
Using url https://pypi.python.org/packages/source/s/slimit/slimit-0.8.1.zip (86 KB) for slimit.
Downloading slimit
Using cached download
Unpacking slimit...
done
working in /tmp/tmpAuC1kQconda_skeleton_slimit-0.8.1.zip
Fetching package metadata: ......

WARNING: conda-build appears to be out of date. You have version 1.13.0 but the
latest version is 1.14.0. Run

conda update -n root conda-build

to get the latest version.

Solving package specifications: .patching file core.py
Hunk #1 succeeded at 168 with fuzz 2 (offset 2 lines).
Traceback (most recent call last):
  File "setup.py", line 3, in <module>
    from setuptools import setup, find_packages
ImportError: No module named setuptools

Applying patch: '/tmp/tmpAuC1kQconda_skeleton_slimit-0.8.1.zip/pypi-distutils.patch'
$PYTHONPATH = /tmp/tmpAuC1kQconda_skeleton_slimit-0.8.1.zip/slimit-0.8.1
Error: command failed: /home/ubuntu/miniconda/envs/_build/bin/python setup.py install

conda create -n _pipbuild_ --yes python pip
/home/ubuntu/miniconda/envs/_pipbuild_/bin/pip install slimit==0.8.1
Error: Could not pip install slimit==0.8.1
