Warning, the following versions were found for slimit
0.8.1
0.8.0
0.7.4
0.7.3
0.7.2
0.7.1
0.7
0.6.2
0.6.1
0.6
0.5.5
0.5.4
0.5.3
0.5.2
0.5.1
0.5
0.4
0.3.2
0.2
0.1
Using 0.8.1
Use --version to specify a different version.
Using url https://pypi.python.org/packages/source/s/slimit/slimit-0.8.1.zip (86 KB) for slimit.
Downloading slimit
Using cached download
Unpacking slimit...
done
working in /tmp/tmpe6kwmUconda_skeleton_slimit-0.8.1.zip
Fetching package metadata: ......

WARNING: conda-build appears to be out of date. You have version 1.13.0 but the
latest version is 1.14.1. Run

conda update -n root conda-build

to get the latest version.

Solving package specifications: .patching file core.py
Hunk #1 succeeded at 168 with fuzz 2 (offset 2 lines).

The following NEW packages will be INSTALLED:

    numpy:  1.9.2-py27_0
    pyyaml: 3.11-py27_1 
    yaml:   0.1.6-0     

Linking packages ...
[                    ]|                                                  |   0%[yaml                ]|                                                  |   0%[numpy               ]|################                                  |  33%[pyyaml              ]|#################################                 |  66%[      COMPLETE      ]|##################################################| 100%
Applying patch: '/tmp/tmpe6kwmUconda_skeleton_slimit-0.8.1.zip/pypi-distutils.patch'
WARNING: Could not add entry points. They were:
    [console_scripts]
    slimit = slimit.minifier:main
    
Writing recipe for slimit
Done
