Error: prefix already exists: /home/ubuntu/miniconda/envs/_pipbuild_
Collecting sloth-ci==1.2.7
  Downloading http://localhost/packages/source/s/sloth-ci/sloth-ci-1.2.7.zip
setuptools must be installed to install from a source distribution
Package search: {'_pypi_ordering': False, 'version': '1.2.7', 'name': 'sloth-ci', 'summary': 'Simple app for automatization of everything'}
Creating standard recipe for sloth-ci-1.2.7
Using url https://pypi.python.org/packages/source/s/sloth-ci/sloth-ci-1.2.7.zip (27 KB) for sloth-ci.
Downloading sloth-ci
Using cached download
Unpacking sloth-ci...
done
working in /tmp/tmpX356SUconda_skeleton_sloth-ci-1.2.7.zip
Fetching package metadata: ......

WARNING: conda-build appears to be out of date. You have version 1.13.0 but the
latest version is 1.14.0. Run

conda update -n root conda-build

to get the latest version.

Solving package specifications: .patching file core.py
Hunk #1 succeeded at 168 with fuzz 2 (offset 2 lines).
Traceback (most recent call last):
  File "setup.py", line 1, in <module>
    from setuptools import setup
ImportError: No module named setuptools

The following NEW packages will be INSTALLED:

    numpy:  1.9.2-py27_0
    pyyaml: 3.11-py27_1 
    yaml:   0.1.6-0     

Linking packages ...
[                    ]|                                                  |   0%[yaml                ]|                                                  |   0%[numpy               ]|################                                  |  33%[pyyaml              ]|#################################                 |  66%[      COMPLETE      ]|##################################################| 100%
Applying patch: '/tmp/tmpX356SUconda_skeleton_sloth-ci-1.2.7.zip/pypi-distutils.patch'
$PYTHONPATH = /tmp/tmpX356SUconda_skeleton_sloth-ci-1.2.7.zip/sloth-ci-1.2.7
Error: command failed: /home/ubuntu/miniconda/envs/_build/bin/python setup.py install

conda create -n _pipbuild_ --yes python pip
/home/ubuntu/miniconda/envs/_pipbuild_/bin/pip install sloth-ci==1.2.7
Error: Could not pip install sloth-ci==1.2.7
