Removing old build directory
Removing old work directory
BUILD START: slumber-0.7.1-py_0
Fetching package metadata: ......

WARNING: conda-build appears to be out of date. You have version 1.13.0 but the
latest version is 1.14.1. Run

conda update -n root conda-build

to get the latest version.

Solving package specifications: .+ /home/ubuntu/miniconda/envs/_build/bin/python setup.py install
running install
running bdist_egg
running egg_info
writing requirements to slumber.egg-info/requires.txt
writing slumber.egg-info/PKG-INFO
writing top-level names to slumber.egg-info/top_level.txt
writing dependency_links to slumber.egg-info/dependency_links.txt
reading manifest file 'slumber.egg-info/SOURCES.txt'
reading manifest template 'MANIFEST.in'
warning: no files found matching 'tests'
writing manifest file 'slumber.egg-info/SOURCES.txt'
installing library code to build/bdist.linux-x86_64/egg
running install_lib
running build_py
creating build
creating build/lib
creating build/lib/slumber
copying slumber/utils.py -> build/lib/slumber
copying slumber/serialize.py -> build/lib/slumber
copying slumber/__init__.py -> build/lib/slumber
copying slumber/exceptions.py -> build/lib/slumber
creating build/bdist.linux-x86_64
creating build/bdist.linux-x86_64/egg
creating build/bdist.linux-x86_64/egg/slumber
copying build/lib/slumber/utils.py -> build/bdist.linux-x86_64/egg/slumber
copying build/lib/slumber/serialize.py -> build/bdist.linux-x86_64/egg/slumber
copying build/lib/slumber/__init__.py -> build/bdist.linux-x86_64/egg/slumber
copying build/lib/slumber/exceptions.py -> build/bdist.linux-x86_64/egg/slumber
byte-compiling build/bdist.linux-x86_64/egg/slumber/utils.py to utils.pyc
byte-compiling build/bdist.linux-x86_64/egg/slumber/serialize.py to serialize.pyc
byte-compiling build/bdist.linux-x86_64/egg/slumber/__init__.py to __init__.pyc
byte-compiling build/bdist.linux-x86_64/egg/slumber/exceptions.py to exceptions.pyc
creating build/bdist.linux-x86_64/egg/EGG-INFO
copying slumber.egg-info/PKG-INFO -> build/bdist.linux-x86_64/egg/EGG-INFO
copying slumber.egg-info/SOURCES.txt -> build/bdist.linux-x86_64/egg/EGG-INFO
copying slumber.egg-info/dependency_links.txt -> build/bdist.linux-x86_64/egg/EGG-INFO
copying slumber.egg-info/not-zip-safe -> build/bdist.linux-x86_64/egg/EGG-INFO
copying slumber.egg-info/requires.txt -> build/bdist.linux-x86_64/egg/EGG-INFO
copying slumber.egg-info/top_level.txt -> build/bdist.linux-x86_64/egg/EGG-INFO
creating dist
creating 'dist/slumber-0.7.1-py2.7.egg' and adding 'build/bdist.linux-x86_64/egg' to it
removing 'build/bdist.linux-x86_64/egg' (and everything under it)
Processing slumber-0.7.1-py2.7.egg
creating /home/ubuntu/miniconda/envs/_build/lib/python2.7/site-packages/slumber-0.7.1-py2.7.egg
Extracting slumber-0.7.1-py2.7.egg to /home/ubuntu/miniconda/envs/_build/lib/python2.7/site-packages
Adding slumber 0.7.1 to easy-install.pth file

Installed /home/ubuntu/miniconda/envs/_build/lib/python2.7/site-packages/slumber-0.7.1-py2.7.egg
Processing dependencies for slumber==0.7.1
Searching for requests==2.7.0
Best match: requests 2.7.0
Adding requests 2.7.0 to easy-install.pth file

Using /home/ubuntu/miniconda/envs/_build/lib/python2.7/site-packages
Finished processing dependencies for slumber==0.7.1

The following NEW packages will be INSTALLED:

    openssl:    1.0.1k-1     
    pip:        7.0.3-py27_0 
    python:     2.7.10-0     
    readline:   6.2-2        
    requests:   2.7.0-py27_0 
    setuptools: 18.0.1-py27_0
    sqlite:     3.8.4.1-1    
    system:     5.8-2        
    tk:         8.5.18-0     
    zlib:       1.2.8-0      

Linking packages ...
[                    ]|                                                  |   0%[openssl             ]|                                                  |   0%[readline            ]|#####                                             |  10%[sqlite              ]|##########                                        |  20%[system              ]|###############                                   |  30%[tk                  ]|####################                              |  40%[zlib                ]|#########################                         |  50%[python              ]|##############################                    |  60%[requests            ]|###################################               |  70%[setuptools          ]|########################################          |  80%[pip                 ]|#############################################     |  90%[      COMPLETE      ]|##################################################| 100%
Removing old work directory
Source cache directory is: /home/ubuntu/miniconda/conda-bld/src_cache
Found source in cache: slumber-0.7.1.tar.gz
Extracting download
Package: slumber-0.7.1-py_0
source tree in: /home/ubuntu/miniconda/conda-bld/work/slumber-0.7.1
found egg dir: /home/ubuntu/miniconda/envs/_build/lib/python2.7/site-packages/slumber-0.7.1-py2.7.egg
number of files: 9
Fixing permissions
Fixing permissions
BUILD END: slumber-0.7.1-py_0
TEST START: slumber-0.7.1-py_0
Fetching package metadata: ......

WARNING: conda-build appears to be out of date. You have version 1.13.0 but the
latest version is 1.14.1. Run

conda update -n root conda-build

to get the latest version.

Solving package specifications: ..
Error: Unsatisfiable package specifications.
Generating hint: 
[      COMPLETE      ]|                                                  |   0%[2/4                 ]|#########################                         |  50%[      COMPLETE      ]|##################################################| 100%

Hint: the following packages conflict with each other:
  - unittest2
  - python 2.7*
