Error: prefix already exists: /home/ubuntu/miniconda/envs/_pipbuild_
Collecting smtpapi==0.2.0
  Downloading http://localhost/packages/source/s/smtpapi/smtpapi-0.2.0.tar.gz
setuptools must be installed to install from a source distribution
Package search: {'_pypi_ordering': False, 'version': '0.2.0', 'name': 'smtpapi', 'summary': 'Simple wrapper to use SendGrid SMTP API'}
Creating standard recipe for smtpapi-0.2.0
Using url https://pypi.python.org/packages/source/s/smtpapi/smtpapi-0.2.0.tar.gz (2 KB) for smtpapi.
Downloading smtpapi
Using cached download
Unpacking smtpapi...
done
working in /tmp/tmprpTYEIconda_skeleton_smtpapi-0.2.0.tar.gz
Fetching package metadata: ......

WARNING: conda-build appears to be out of date. You have version 1.13.0 but the
latest version is 1.14.0. Run

conda update -n root conda-build

to get the latest version.

Solving package specifications: .patching file core.py
Hunk #1 succeeded at 168 with fuzz 2 (offset 2 lines).
Traceback (most recent call last):
  File "setup.py", line 1, in <module>
    from setuptools import setup, find_packages
ImportError: No module named setuptools

Applying patch: '/tmp/tmprpTYEIconda_skeleton_smtpapi-0.2.0.tar.gz/pypi-distutils.patch'
$PYTHONPATH = /tmp/tmprpTYEIconda_skeleton_smtpapi-0.2.0.tar.gz/smtpapi-0.2.0
Error: command failed: /home/ubuntu/miniconda/envs/_build/bin/python setup.py install

conda create -n _pipbuild_ --yes python pip
/home/ubuntu/miniconda/envs/_pipbuild_/bin/pip install smtpapi==0.2.0
Error: Could not pip install smtpapi==0.2.0
