Error: prefix already exists: /home/ubuntu/miniconda/envs/_pipbuild_
Collecting snuggs==1.3.1
  Downloading http://localhost/packages/py2/s/snuggs/snuggs-1.3.1-py2-none-any.whl
Requirement already satisfied (use --upgrade to upgrade): click in /home/ubuntu/miniconda/envs/_pipbuild_/lib/python2.7/site-packages (from snuggs==1.3.1)
Collecting pyparsing (from snuggs==1.3.1)
  Downloading http://localhost/packages/2.6/p/pyparsing/pyparsing-2.0.3-py2.py3-none-any.whl
Collecting numpy (from snuggs==1.3.1)
  Downloading http://localhost/packages/source/n/numpy/numpy-1.9.2.tar.gz (4.0MB)
setuptools must be installed to install from a source distribution
Package search: {'_pypi_ordering': False, 'version': '1.3.1', 'name': 'snuggs', 'summary': 'Snuggs are s-expressions for Numpy'}
Creating standard recipe for snuggs-1.3.1
Using url https://pypi.python.org/packages/source/s/snuggs/snuggs-1.3.1.tar.gz (4 KB) for snuggs.
Downloading snuggs
Using cached download
Unpacking snuggs...
done
working in /tmp/tmp0K1vxFconda_skeleton_snuggs-1.3.1.tar.gz
Fetching package metadata: ......

WARNING: conda-build appears to be out of date. You have version 1.13.0 but the
latest version is 1.14.0. Run

conda update -n root conda-build

to get the latest version.

Solving package specifications: .patching file core.py
Hunk #1 succeeded at 168 with fuzz 2 (offset 2 lines).
Traceback (most recent call last):
  File "setup.py", line 2, in <module>
    from setuptools import setup, find_packages
ImportError: No module named setuptools

Applying patch: '/tmp/tmp0K1vxFconda_skeleton_snuggs-1.3.1.tar.gz/pypi-distutils.patch'
$PYTHONPATH = /tmp/tmp0K1vxFconda_skeleton_snuggs-1.3.1.tar.gz/snuggs-1.3.1
Error: command failed: /home/ubuntu/miniconda/envs/_build/bin/python setup.py install

conda create -n _pipbuild_ --yes python pip
/home/ubuntu/miniconda/envs/_pipbuild_/bin/pip install snuggs==1.3.1
Error: Could not pip install snuggs==1.3.1
