Error: prefix already exists: /home/ubuntu/miniconda/envs/_pipbuild_
Collecting socketpool==0.5.3
  Downloading http://localhost/packages/source/s/socketpool/socketpool-0.5.3.tar.gz
setuptools must be installed to install from a source distribution
Package search: {'_pypi_ordering': False, 'version': '0.5.3', 'name': 'socketpool', 'summary': 'Python socket pool'}
Creating standard recipe for socketpool-0.5.3
Using url https://pypi.python.org/packages/source/s/socketpool/socketpool-0.5.3.tar.gz (10 KB) for socketpool.
Downloading socketpool
Using cached download
Unpacking socketpool...
done
working in /tmp/tmpg_XgYYconda_skeleton_socketpool-0.5.3.tar.gz
Fetching package metadata: ......

WARNING: conda-build appears to be out of date. You have version 1.13.0 but the
latest version is 1.14.0. Run

conda update -n root conda-build

to get the latest version.

Solving package specifications: .patching file core.py
Hunk #1 succeeded at 168 with fuzz 2 (offset 2 lines).
Traceback (most recent call last):
  File "setup.py", line 9, in <module>
    from setuptools import setup, find_packages
ImportError: No module named setuptools

Applying patch: '/tmp/tmpg_XgYYconda_skeleton_socketpool-0.5.3.tar.gz/pypi-distutils.patch'
$PYTHONPATH = /tmp/tmpg_XgYYconda_skeleton_socketpool-0.5.3.tar.gz/socketpool-0.5.3
Error: command failed: /home/ubuntu/miniconda/envs/_build/bin/python setup.py install

conda create -n _pipbuild_ --yes python pip
/home/ubuntu/miniconda/envs/_pipbuild_/bin/pip install socketpool==0.5.3
Error: Could not pip install socketpool==0.5.3
