Warning, the following versions were found for sorl-thumbnail
12.2
12.1c
11.12.1b
11.12
11.09.1
11.09
11.05.2
11.05.1
11.05
11.04
11.01
10.12.1
10.12
10.12-beta4
10.12-beta3
10.12-beta2
10.12-beta
10.12-alpha
3.2.5
3.2.4
3.2.3
3.2.2
3.2.1
Using 12.2
Use --version to specify a different version.
Using url https://pypi.python.org/packages/source/s/sorl-thumbnail/sorl-thumbnail-12.2.tar.gz (511 KB) for sorl-thumbnail.
Downloading sorl-thumbnail
Using cached download
Unpacking sorl-thumbnail...
done
working in /tmp/tmpJA1r4wconda_skeleton_sorl-thumbnail-12.2.tar.gz
Fetching package metadata: ......

WARNING: conda-build appears to be out of date. You have version 1.13.0 but the
latest version is 1.14.1. Run

conda update -n root conda-build

to get the latest version.

Solving package specifications: .patching file core.py
Hunk #1 succeeded at 168 with fuzz 2 (offset 2 lines).

The following NEW packages will be INSTALLED:

    numpy:  1.9.2-py27_0
    pyyaml: 3.11-py27_1 
    yaml:   0.1.6-0     

Linking packages ...
[                    ]|                                                  |   0%[yaml                ]|                                                  |   0%[numpy               ]|################                                  |  33%[pyyaml              ]|#################################                 |  66%[      COMPLETE      ]|##################################################| 100%
Applying patch: '/tmp/tmpJA1r4wconda_skeleton_sorl-thumbnail-12.2.tar.gz/pypi-distutils.patch'
Writing recipe for sorl-thumbnail
Done
