Error: prefix already exists: /home/ubuntu/miniconda/envs/_pipbuild_
Collecting SPARQLWrapper==1.6.4
  Downloading http://localhost/packages/source/S/SPARQLWrapper/SPARQLWrapper-1.6.4.tar.gz
setuptools must be installed to install from a source distribution
Package search: {'_pypi_ordering': False, 'version': '1.2.0', 'name': 'SPARQLWrapper', 'summary': 'SPARQL Wrapper'}
Creating standard recipe for sparqlwrapper-1.6.4
Using url https://pypi.python.org/packages/source/S/SPARQLWrapper/SPARQLWrapper-1.6.4.tar.gz (27 KB) for SPARQLWrapper.
Downloading SPARQLWrapper
Using cached download
Unpacking SPARQLWrapper...
done
working in /tmp/tmpbsG6chconda_skeleton_SPARQLWrapper-1.6.4.tar.gz
Fetching package metadata: ......

WARNING: conda-build appears to be out of date. You have version 1.13.0 but the
latest version is 1.14.0. Run

conda update -n root conda-build

to get the latest version.

Solving package specifications: .patching file core.py
Hunk #1 succeeded at 168 with fuzz 2 (offset 2 lines).
Traceback (most recent call last):
  File "setup.py", line 11, in <module>
    from setuptools import setup, find_packages
ImportError: No module named setuptools

The following NEW packages will be INSTALLED:

    numpy:  1.9.2-py27_0
    pyyaml: 3.11-py27_1 
    yaml:   0.1.6-0     

Linking packages ...
[                    ]|                                                  |   0%[yaml                ]|                                                  |   0%[numpy               ]|################                                  |  33%[pyyaml              ]|#################################                 |  66%[      COMPLETE      ]|##################################################| 100%
Applying patch: '/tmp/tmpbsG6chconda_skeleton_SPARQLWrapper-1.6.4.tar.gz/pypi-distutils.patch'
$PYTHONPATH = /tmp/tmpbsG6chconda_skeleton_SPARQLWrapper-1.6.4.tar.gz/SPARQLWrapper-1.6.4
Error: command failed: /home/ubuntu/miniconda/envs/_build/bin/python setup.py install

conda create -n _pipbuild_ --yes python pip
/home/ubuntu/miniconda/envs/_pipbuild_/bin/pip install SPARQLWrapper==1.6.4
Error: Could not pip install SPARQLWrapper==1.6.4
