Removing old build directory
Removing old work directory
BUILD START: speaklater-1.3-py27_0
Fetching package metadata: ......

WARNING: conda-build appears to be out of date. You have version 1.13.0 but the
latest version is 1.14.1. Run

conda update -n root conda-build

to get the latest version.

Solving package specifications: .+ /home/ubuntu/miniconda/envs/_build/bin/python setup.py install
running install
running bdist_egg
running egg_info
creating speaklater.egg-info
writing speaklater.egg-info/PKG-INFO
writing top-level names to speaklater.egg-info/top_level.txt
writing dependency_links to speaklater.egg-info/dependency_links.txt
writing manifest file 'speaklater.egg-info/SOURCES.txt'
reading manifest file 'speaklater.egg-info/SOURCES.txt'
writing manifest file 'speaklater.egg-info/SOURCES.txt'
installing library code to build/bdist.linux-x86_64/egg
running install_lib
running build_py
creating build
creating build/lib
copying speaklater.py -> build/lib
creating build/bdist.linux-x86_64
creating build/bdist.linux-x86_64/egg
copying build/lib/speaklater.py -> build/bdist.linux-x86_64/egg
byte-compiling build/bdist.linux-x86_64/egg/speaklater.py to speaklater.pyc
creating build/bdist.linux-x86_64/egg/EGG-INFO
copying speaklater.egg-info/PKG-INFO -> build/bdist.linux-x86_64/egg/EGG-INFO
copying speaklater.egg-info/SOURCES.txt -> build/bdist.linux-x86_64/egg/EGG-INFO
copying speaklater.egg-info/dependency_links.txt -> build/bdist.linux-x86_64/egg/EGG-INFO
copying speaklater.egg-info/not-zip-safe -> build/bdist.linux-x86_64/egg/EGG-INFO
copying speaklater.egg-info/top_level.txt -> build/bdist.linux-x86_64/egg/EGG-INFO
creating dist
creating 'dist/speaklater-1.3-py2.7.egg' and adding 'build/bdist.linux-x86_64/egg' to it
removing 'build/bdist.linux-x86_64/egg' (and everything under it)
Processing speaklater-1.3-py2.7.egg
creating /home/ubuntu/miniconda/envs/_build/lib/python2.7/site-packages/speaklater-1.3-py2.7.egg
Extracting speaklater-1.3-py2.7.egg to /home/ubuntu/miniconda/envs/_build/lib/python2.7/site-packages
Adding speaklater 1.3 to easy-install.pth file

Installed /home/ubuntu/miniconda/envs/_build/lib/python2.7/site-packages/speaklater-1.3-py2.7.egg
Processing dependencies for speaklater==1.3
Finished processing dependencies for speaklater==1.3

The following NEW packages will be INSTALLED:

    openssl:    1.0.1k-1     
    pip:        7.0.3-py27_0 
    python:     2.7.10-0     
    readline:   6.2-2        
    setuptools: 18.0.1-py27_0
    sqlite:     3.8.4.1-1    
    system:     5.8-2        
    tk:         8.5.18-0     
    zlib:       1.2.8-0      

Linking packages ...
[                    ]|                                                  |   0%[openssl             ]|                                                  |   0%[readline            ]|#####                                             |  11%[sqlite              ]|###########                                       |  22%[system              ]|################                                  |  33%[tk                  ]|######################                            |  44%[zlib                ]|###########################                       |  55%[python              ]|#################################                 |  66%[setuptools          ]|######################################            |  77%[pip                 ]|############################################      |  88%[      COMPLETE      ]|##################################################| 100%
Removing old work directory
Source cache directory is: /home/ubuntu/miniconda/conda-bld/src_cache
Found source in cache: speaklater-1.3.tar.gz
Extracting download
Package: speaklater-1.3-py27_0
source tree in: /home/ubuntu/miniconda/conda-bld/work/speaklater-1.3
found egg dir: /home/ubuntu/miniconda/envs/_build/lib/python2.7/site-packages/speaklater-1.3-py2.7.egg
number of files: 3
Fixing permissions
Fixing permissions
BUILD END: speaklater-1.3-py27_0
Nothing to test for: speaklater-1.3-py27_0
# If you want to upload this package to binstar.org later, type:
#
# $ binstar upload /home/ubuntu/miniconda/conda-bld/linux-64/speaklater-1.3-py27_0.tar.bz2
#
# To have conda build upload to binstar automatically, use
# $ conda config --set binstar_upload yes

