Error: prefix already exists: /home/ubuntu/miniconda/envs/_pipbuild_
Collecting sphinxcontrib-spelling==2.1.2
  Could not find a version that satisfies the requirement sphinxcontrib-spelling==2.1.2 (from versions: 0.1, 0.2, 1.0, 1.1, 1.1.1, 1.2, 1.3, 1.4, 2.0, 2.1, 2.1.1)
No matching distribution found for sphinxcontrib-spelling==2.1.2
Package search: {'_pypi_ordering': False, 'version': '2.1.2', 'name': 'sphinxcontrib-spelling', 'summary': 'Sphinx spelling extension'}
Creating standard recipe for sphinxcontrib-spelling-2.1.2
Using url https://pypi.python.org/packages/source/s/sphinxcontrib-spelling/sphinxcontrib-spelling-2.1.2.tar.gz (35 KB) for sphinxcontrib-spelling.
Downloading sphinxcontrib-spelling
Using cached download
Unpacking sphinxcontrib-spelling...
done
working in /tmp/tmp_LncpCconda_skeleton_sphinxcontrib-spelling-2.1.2.tar.gz
Fetching package metadata: ......

WARNING: conda-build appears to be out of date. You have version 1.13.0 but the
latest version is 1.14.0. Run

conda update -n root conda-build

to get the latest version.

Solving package specifications: .patching file core.py
Hunk #1 succeeded at 168 with fuzz 2 (offset 2 lines).
Traceback (most recent call last):
  File "setup.py", line 2, in <module>
    import setuptools
ImportError: No module named setuptools

The following NEW packages will be INSTALLED:

    numpy:  1.9.2-py27_0
    pyyaml: 3.11-py27_1 
    yaml:   0.1.6-0     

Linking packages ...
[                    ]|                                                  |   0%[yaml                ]|                                                  |   0%[numpy               ]|################                                  |  33%[pyyaml              ]|#################################                 |  66%[      COMPLETE      ]|##################################################| 100%
Applying patch: '/tmp/tmp_LncpCconda_skeleton_sphinxcontrib-spelling-2.1.2.tar.gz/pypi-distutils.patch'
$PYTHONPATH = /tmp/tmp_LncpCconda_skeleton_sphinxcontrib-spelling-2.1.2.tar.gz/sphinxcontrib-spelling-2.1.2
Error: command failed: /home/ubuntu/miniconda/envs/_build/bin/python setup.py install

conda create -n _pipbuild_ --yes python pip
/home/ubuntu/miniconda/envs/_pipbuild_/bin/pip install sphinxcontrib-spelling==2.1.2
Error: Could not pip install sphinxcontrib-spelling==2.1.2
