Error: prefix already exists: /home/ubuntu/miniconda/envs/_pipbuild_
Collecting sphinx-prompt==1.0.0
  Could not find a version that satisfies the requirement sphinx-prompt==1.0.0 (from versions: 0.1, 0.2.dev1, 0.2.dev2, 0.2, 0.2.1, 0.2.2)
  Some externally hosted files were ignored as access to them may be unreliable (use --allow-external sphinx-prompt to allow).
No matching distribution found for sphinx-prompt==1.0.0
Package search: {'_pypi_ordering': False, 'version': '1.0.0', 'name': 'sphinx-prompt', 'summary': 'Sphinx directive to add unselectable prompt'}
Creating standard recipe for sphinx-prompt-1.0.0
Using url https://pypi.python.org/packages/source/s/sphinx-prompt/sphinx-prompt-1.0.0.tar.gz (3 KB) for sphinx-prompt.
Downloading sphinx-prompt
Using cached download
Unpacking sphinx-prompt...
done
working in /tmp/tmp57ByGuconda_skeleton_sphinx-prompt-1.0.0.tar.gz
Fetching package metadata: ......

WARNING: conda-build appears to be out of date. You have version 1.13.0 but the
latest version is 1.14.0. Run

conda update -n root conda-build

to get the latest version.

Solving package specifications: .patching file core.py
Hunk #1 succeeded at 168 with fuzz 2 (offset 2 lines).
Traceback (most recent call last):
  File "setup.py", line 5, in <module>
    from setuptools import setup, find_packages
ImportError: No module named setuptools

Applying patch: '/tmp/tmp57ByGuconda_skeleton_sphinx-prompt-1.0.0.tar.gz/pypi-distutils.patch'
$PYTHONPATH = /tmp/tmp57ByGuconda_skeleton_sphinx-prompt-1.0.0.tar.gz/sphinx-prompt-1.0.0
Error: command failed: /home/ubuntu/miniconda/envs/_build/bin/python setup.py install

conda create -n _pipbuild_ --yes python pip
/home/ubuntu/miniconda/envs/_pipbuild_/bin/pip install sphinx-prompt==1.0.0
Error: Could not pip install sphinx-prompt==1.0.0
