Removing old build directory
Removing old work directory
BUILD START: sphinxcontrib-napoleon-0.3.10-py27_0
Fetching package metadata: ......

WARNING: conda-build appears to be out of date. You have version 1.13.0 but the
latest version is 1.14.1. Run

conda update -n root conda-build

to get the latest version.

Solving package specifications: .................
Warning: 2 possible package resolutions (only showing differing packages):
	[u'pygments-2.0.2-py_0.tar.bz2'],
	[u'pygments-2.0.2-py27_0.tar.bz2'],
/home/ubuntu/miniconda/pkgs/pygments-2.0.2-py_0/bin/.pygments-pre-link.sh: line 2: /home/ubuntu/miniconda/envs/_build/bin/python: No such file or directory

The following NEW packages will be INSTALLED:

    docutils:   0.12-py27_0  
    jinja2:     2.7.3-py27_1 
    markupsafe: 0.23-py27_0  
    openssl:    1.0.1k-1     
    pip:        7.0.3-py27_0 
    pockets:    0.2.4-py27_0 
    pygments:   2.0.2-py_0   
    python:     2.7.10-0     
    readline:   6.2-2        
    setuptools: 18.0.1-py27_0
    six:        1.9.0-py27_0 
    sphinx:     1.2.3-py27_0 
    sqlite:     3.8.4.1-1    
    system:     5.8-2        
    tk:         8.5.18-0     
    zlib:       1.2.8-0      

Linking packages ...
[                    ]|                                                  |   0%[openssl             ]|                                                  |   0%[readline            ]|###                                               |   6%[sqlite              ]|######                                            |  12%[system              ]|#########                                         |  18%[tk                  ]|############                                      |  25%[zlib                ]|###############                                   |  31%[docutils            ]|##################                                |  37%[markupsafe          ]|#####################                             |  43%[pygments            ]|#########################                         |  50%Error: pre-link failed: pygments-2.0.2-py_0
