Error: prefix already exists: /home/ubuntu/miniconda/envs/_pipbuild_
Collecting sphinxcontrib-httpdomain==1.3.0
  Downloading http://localhost/packages/3.4/s/sphinxcontrib-httpdomain/sphinxcontrib_httpdomain-1.3.0-py2.py3-none-any.whl
Collecting six (from sphinxcontrib-httpdomain==1.3.0)
  Downloading http://localhost/packages/3.3/s/six/six-1.9.0-py2.py3-none-any.whl
Collecting Sphinx>=1.0 (from sphinxcontrib-httpdomain==1.3.0)
  Downloading http://localhost/packages/2.7/S/Sphinx/Sphinx-1.3.1-py2.py3-none-any.whl (1.3MB)
Collecting sphinx-rtd-theme<0.2,>=0.1 (from Sphinx>=1.0->sphinxcontrib-httpdomain==1.3.0)
  Downloading http://localhost/packages/py2.py3/s/sphinx_rtd_theme/sphinx_rtd_theme-0.1.8-py2.py3-none-any.whl (418kB)
Collecting snowballstemmer>=1.1 (from Sphinx>=1.0->sphinxcontrib-httpdomain==1.3.0)
  Downloading http://localhost/packages/source/s/snowballstemmer/snowballstemmer-1.2.0.tar.gz (49kB)
setuptools must be installed to install from a source distribution
Package search: {'_pypi_ordering': False, 'version': '1.3.0', 'name': 'sphinxcontrib-httpdomain', 'summary': 'Sphinx domain for HTTP APIs'}
Creating standard recipe for sphinxcontrib-httpdomain-1.3.0
Using url https://pypi.python.org/packages/source/s/sphinxcontrib-httpdomain/sphinxcontrib-httpdomain-1.3.0.tar.gz (11 KB) for sphinxcontrib-httpdomain.
Downloading sphinxcontrib-httpdomain
Using cached download
Unpacking sphinxcontrib-httpdomain...
done
working in /tmp/tmpfLyCu0conda_skeleton_sphinxcontrib-httpdomain-1.3.0.tar.gz
Fetching package metadata: ......

WARNING: conda-build appears to be out of date. You have version 1.13.0 but the
latest version is 1.14.0. Run

conda update -n root conda-build

to get the latest version.

Solving package specifications: .patching file core.py
Hunk #1 succeeded at 168 with fuzz 2 (offset 2 lines).
Traceback (most recent call last):
  File "setup.py", line 3, in <module>
    from setuptools import setup, find_packages
ImportError: No module named setuptools

Applying patch: '/tmp/tmpfLyCu0conda_skeleton_sphinxcontrib-httpdomain-1.3.0.tar.gz/pypi-distutils.patch'
$PYTHONPATH = /tmp/tmpfLyCu0conda_skeleton_sphinxcontrib-httpdomain-1.3.0.tar.gz/sphinxcontrib-httpdomain-1.3.0
Error: command failed: /home/ubuntu/miniconda/envs/_build/bin/python setup.py install

conda create -n _pipbuild_ --yes python pip
/home/ubuntu/miniconda/envs/_pipbuild_/bin/pip install sphinxcontrib-httpdomain==1.3.0
Error: Could not pip install sphinxcontrib-httpdomain==1.3.0
