Error: prefix already exists: /home/ubuntu/miniconda/envs/_pipbuild_
Collecting splinter==0.7.2
  Downloading http://localhost/packages/source/s/splinter/splinter-0.7.2.tar.gz
setuptools must be installed to install from a source distribution
Package search: {'_pypi_ordering': False, 'version': '0.7.2', 'name': 'splinter', 'summary': 'browser abstraction for web acceptance testing'}
Creating standard recipe for splinter-0.7.2
Using url https://pypi.python.org/packages/source/s/splinter/splinter-0.7.2.tar.gz (19 KB) for splinter.
Downloading splinter
Using cached download
Unpacking splinter...
done
working in /tmp/tmpss2i4Bconda_skeleton_splinter-0.7.2.tar.gz
Fetching package metadata: ......

WARNING: conda-build appears to be out of date. You have version 1.13.0 but the
latest version is 1.14.0. Run

conda update -n root conda-build

to get the latest version.

Solving package specifications: .patching file core.py
Hunk #1 succeeded at 168 with fuzz 2 (offset 2 lines).
Traceback (most recent call last):
  File "setup.py", line 6, in <module>
    from setuptools import setup, find_packages
ImportError: No module named setuptools

Applying patch: '/tmp/tmpss2i4Bconda_skeleton_splinter-0.7.2.tar.gz/pypi-distutils.patch'
$PYTHONPATH = /tmp/tmpss2i4Bconda_skeleton_splinter-0.7.2.tar.gz/splinter-0.7.2
Error: command failed: /home/ubuntu/miniconda/envs/_build/bin/python setup.py install

conda create -n _pipbuild_ --yes python pip
/home/ubuntu/miniconda/envs/_pipbuild_/bin/pip install splinter==0.7.2
Error: Could not pip install splinter==0.7.2
