Error: prefix already exists: /home/ubuntu/miniconda/envs/_pipbuild_
Collecting sqlalchemy-migrate==0.9.6
  Downloading http://localhost/packages/py2/s/sqlalchemy-migrate/sqlalchemy_migrate-0.9.6-py2-none-any.whl (107kB)
Requirement already satisfied (use --upgrade to upgrade): six>=1.7.0 in /home/ubuntu/miniconda/envs/_pipbuild_/lib/python2.7/site-packages (from sqlalchemy-migrate==0.9.6)
Collecting SQLAlchemy!=0.9.5,<=0.9.99,>=0.7.8 (from sqlalchemy-migrate==0.9.6)
  Downloading http://localhost/packages/source/S/SQLAlchemy/SQLAlchemy-0.9.9.tar.gz (4.2MB)
setuptools must be installed to install from a source distribution
Package search: {'_pypi_ordering': False, 'version': '0.9.6', 'name': 'sqlalchemy-migrate', 'summary': 'Database schema migration for SQLAlchemy'}
Creating standard recipe for sqlalchemy-migrate-0.9.6
Using url https://pypi.python.org/packages/source/s/sqlalchemy-migrate/sqlalchemy-migrate-0.9.6.tar.gz (123 KB) for sqlalchemy-migrate.
Downloading sqlalchemy-migrate
Using cached download
Unpacking sqlalchemy-migrate...
done
working in /tmp/tmpygOx1Bconda_skeleton_sqlalchemy-migrate-0.9.6.tar.gz
Fetching package metadata: ......

WARNING: conda-build appears to be out of date. You have version 1.13.0 but the
latest version is 1.14.0. Run

conda update -n root conda-build

to get the latest version.

Solving package specifications: .patching file core.py
Hunk #1 succeeded at 168 with fuzz 2 (offset 2 lines).
Traceback (most recent call last):
  File "setup.py", line 17, in <module>
    import setuptools
ImportError: No module named setuptools

Applying patch: '/tmp/tmpygOx1Bconda_skeleton_sqlalchemy-migrate-0.9.6.tar.gz/pypi-distutils.patch'
$PYTHONPATH = /tmp/tmpygOx1Bconda_skeleton_sqlalchemy-migrate-0.9.6.tar.gz/sqlalchemy-migrate-0.9.6
Error: command failed: /home/ubuntu/miniconda/envs/_build/bin/python setup.py install

conda create -n _pipbuild_ --yes python pip
/home/ubuntu/miniconda/envs/_pipbuild_/bin/pip install sqlalchemy-migrate==0.9.6
Error: Could not pip install sqlalchemy-migrate==0.9.6
