Error: prefix already exists: /home/ubuntu/miniconda/envs/_pipbuild_
Collecting ssl==1.16
  Downloading http://localhost/packages/source/s/ssl/ssl-1.16.tar.gz
setuptools must be installed to install from a source distribution
Package search: {'_pypi_ordering': False, 'version': '1.16', 'name': 'ssl', 'summary': 'SSL wrapper for socket objects (2.3, 2.4, 2.5 compatible)'}
Creating standard recipe for ssl-1.16
Using url https://pypi.python.org/packages/source/s/ssl/ssl-1.16.tar.gz (32 KB) for ssl.
Downloading ssl
Using cached download
Unpacking ssl...
done
working in /tmp/tmpK7yWn8conda_skeleton_ssl-1.16.tar.gz
Fetching package metadata: ......

WARNING: conda-build appears to be out of date. You have version 1.13.0 but the
latest version is 1.14.0. Run

conda update -n root conda-build

to get the latest version.

Solving package specifications: .patching file core.py
Hunk #1 succeeded at 168 with fuzz 2 (offset 2 lines).
Traceback (most recent call last):
  File "setup.py", line 12, in <module>
    + "or earlier.")
ValueError: This extension should not be used with Python 2.6 or later (already built in), and has not been tested with Python 2.3.4 or earlier.

Applying patch: '/tmp/tmpK7yWn8conda_skeleton_ssl-1.16.tar.gz/pypi-distutils.patch'
$PYTHONPATH = /tmp/tmpK7yWn8conda_skeleton_ssl-1.16.tar.gz/ssl-1.16
Error: command failed: /home/ubuntu/miniconda/envs/_build/bin/python setup.py install

conda create -n _pipbuild_ --yes python pip
/home/ubuntu/miniconda/envs/_pipbuild_/bin/pip install ssl==1.16
Error: Could not pip install ssl==1.16
