Warning, the following versions were found for static
1.1.1
1.1.0
1.0.2
1.0.1
1.0.0
0.4
0.3.6
0.3.5
0.3.4
0.3.3
0.3.2
0.3.1
0.3
0.2
0.1
Using 1.1.1
Use --version to specify a different version.
Using url https://pypi.python.org/packages/source/s/static/static-1.1.1.tar.gz (6 KB) for static.
Downloading static
Using cached download
Unpacking static...
done
working in /tmp/tmpGak4B4conda_skeleton_static-1.1.1.tar.gz
Fetching package metadata: ......

WARNING: conda-build appears to be out of date. You have version 1.13.0 but the
latest version is 1.14.1. Run

conda update -n root conda-build

to get the latest version.

Solving package specifications: .patching file core.py
Hunk #1 succeeded at 168 with fuzz 2 (offset 2 lines).

Applying patch: '/tmp/tmpGak4B4conda_skeleton_static-1.1.1.tar.gz/pypi-distutils.patch'
WARNING: Could not add entry points. They were:
[console_scripts]
static = static.cli:run

Writing recipe for static
Done
