Error: prefix already exists: /home/ubuntu/miniconda/envs/_pipbuild_
Collecting static3==0.6.1
  Could not find a version that satisfies the requirement static3==0.6.1 (from versions: 0.5, 0.5.1, 0.6.0)
No matching distribution found for static3==0.6.1
Package search: {'_pypi_ordering': False, 'version': '0.6.1', 'name': 'static3', 'summary': 'A really simple WSGI way to serve static (or mixed) content.'}
Creating standard recipe for static3-0.6.1
Using url https://pypi.python.org/packages/source/s/static3/static3-0.6.1.tar.gz (20 KB) for static3.
Downloading static3
Using cached download
Unpacking static3...
done
working in /tmp/tmpQTHoDTconda_skeleton_static3-0.6.1.tar.gz
Fetching package metadata: ......

WARNING: conda-build appears to be out of date. You have version 1.13.0 but the
latest version is 1.14.0. Run

conda update -n root conda-build

to get the latest version.

Solving package specifications: .patching file core.py
Hunk #1 succeeded at 168 with fuzz 2 (offset 2 lines).
Traceback (most recent call last):
  File "setup.py", line 30, in <module>
    from setuptools import setup
ImportError: No module named setuptools

Applying patch: '/tmp/tmpQTHoDTconda_skeleton_static3-0.6.1.tar.gz/pypi-distutils.patch'
$PYTHONPATH = /tmp/tmpQTHoDTconda_skeleton_static3-0.6.1.tar.gz/static3-0.6.1
Error: command failed: /home/ubuntu/miniconda/envs/_build/bin/python setup.py install

conda create -n _pipbuild_ --yes python pip
/home/ubuntu/miniconda/envs/_pipbuild_/bin/pip install static3==0.6.1
Error: Could not pip install static3==0.6.1
