Removing old build directory
Removing old work directory
BUILD START: stevedore-1.5.0-py27_0
Fetching package metadata: ......

WARNING: conda-build appears to be out of date. You have version 1.13.0 but the
latest version is 1.14.1. Run

conda update -n root conda-build

to get the latest version.

Solving package specifications: .+ /home/ubuntu/miniconda/envs/_build/bin/python setup.py install

Installed /home/ubuntu/miniconda/conda-bld/work/stevedore-1.5.0/.eggs/pbr-1.2.0-py2.7.egg
running install
running build
running build_py
creating build
creating build/lib
creating build/lib/stevedore
creating build/lib/stevedore/example
copying stevedore/example/load_as_driver.py -> build/lib/stevedore/example
copying stevedore/example/fields.py -> build/lib/stevedore/example
copying stevedore/example/setup.py -> build/lib/stevedore/example
copying stevedore/example/__init__.py -> build/lib/stevedore/example
copying stevedore/example/load_as_extension.py -> build/lib/stevedore/example
copying stevedore/example/simple.py -> build/lib/stevedore/example
copying stevedore/example/base.py -> build/lib/stevedore/example
creating build/lib/stevedore/tests
copying stevedore/tests/test_callback.py -> build/lib/stevedore/tests
copying stevedore/tests/test_driver.py -> build/lib/stevedore/tests
copying stevedore/tests/test_extension.py -> build/lib/stevedore/tests
copying stevedore/tests/test_example_fields.py -> build/lib/stevedore/tests
copying stevedore/tests/test_example_simple.py -> build/lib/stevedore/tests
copying stevedore/tests/utils.py -> build/lib/stevedore/tests
copying stevedore/tests/test_named.py -> build/lib/stevedore/tests
copying stevedore/tests/test_hook.py -> build/lib/stevedore/tests
copying stevedore/tests/test_enabled.py -> build/lib/stevedore/tests
copying stevedore/tests/extension_unimportable.py -> build/lib/stevedore/tests
copying stevedore/tests/test_test_manager.py -> build/lib/stevedore/tests
copying stevedore/tests/test_sphinxext.py -> build/lib/stevedore/tests
copying stevedore/tests/test_dispatch.py -> build/lib/stevedore/tests
copying stevedore/tests/__init__.py -> build/lib/stevedore/tests
copying stevedore/tests/manager.py -> build/lib/stevedore/tests
copying stevedore/sphinxext.py -> build/lib/stevedore
copying stevedore/hook.py -> build/lib/stevedore
copying stevedore/enabled.py -> build/lib/stevedore
copying stevedore/named.py -> build/lib/stevedore
copying stevedore/__init__.py -> build/lib/stevedore
copying stevedore/dispatch.py -> build/lib/stevedore
copying stevedore/extension.py -> build/lib/stevedore
copying stevedore/driver.py -> build/lib/stevedore
running egg_info
writing requirements to stevedore.egg-info/requires.txt
writing stevedore.egg-info/PKG-INFO
writing top-level names to stevedore.egg-info/top_level.txt
writing dependency_links to stevedore.egg-info/dependency_links.txt
writing entry points to stevedore.egg-info/entry_points.txt
[pbr] Reusing existing SOURCES.txt
running install_lib
creating /home/ubuntu/miniconda/envs/_build/lib/python2.7/site-packages/stevedore
copying build/lib/stevedore/sphinxext.py -> /home/ubuntu/miniconda/envs/_build/lib/python2.7/site-packages/stevedore
copying build/lib/stevedore/hook.py -> /home/ubuntu/miniconda/envs/_build/lib/python2.7/site-packages/stevedore
copying build/lib/stevedore/enabled.py -> /home/ubuntu/miniconda/envs/_build/lib/python2.7/site-packages/stevedore
creating /home/ubuntu/miniconda/envs/_build/lib/python2.7/site-packages/stevedore/example
copying build/lib/stevedore/example/load_as_driver.py -> /home/ubuntu/miniconda/envs/_build/lib/python2.7/site-packages/stevedore/example
copying build/lib/stevedore/example/fields.py -> /home/ubuntu/miniconda/envs/_build/lib/python2.7/site-packages/stevedore/example
copying build/lib/stevedore/example/setup.py -> /home/ubuntu/miniconda/envs/_build/lib/python2.7/site-packages/stevedore/example
copying build/lib/stevedore/example/__init__.py -> /home/ubuntu/miniconda/envs/_build/lib/python2.7/site-packages/stevedore/example
copying build/lib/stevedore/example/load_as_extension.py -> /home/ubuntu/miniconda/envs/_build/lib/python2.7/site-packages/stevedore/example
copying build/lib/stevedore/example/simple.py -> /home/ubuntu/miniconda/envs/_build/lib/python2.7/site-packages/stevedore/example
copying build/lib/stevedore/example/base.py -> /home/ubuntu/miniconda/envs/_build/lib/python2.7/site-packages/stevedore/example
creating /home/ubuntu/miniconda/envs/_build/lib/python2.7/site-packages/stevedore/tests
copying build/lib/stevedore/tests/test_callback.py -> /home/ubuntu/miniconda/envs/_build/lib/python2.7/site-packages/stevedore/tests
copying build/lib/stevedore/tests/test_driver.py -> /home/ubuntu/miniconda/envs/_build/lib/python2.7/site-packages/stevedore/tests
copying build/lib/stevedore/tests/test_extension.py -> /home/ubuntu/miniconda/envs/_build/lib/python2.7/site-packages/stevedore/tests
copying build/lib/stevedore/tests/test_example_fields.py -> /home/ubuntu/miniconda/envs/_build/lib/python2.7/site-packages/stevedore/tests
copying build/lib/stevedore/tests/test_example_simple.py -> /home/ubuntu/miniconda/envs/_build/lib/python2.7/site-packages/stevedore/tests
copying build/lib/stevedore/tests/utils.py -> /home/ubuntu/miniconda/envs/_build/lib/python2.7/site-packages/stevedore/tests
copying build/lib/stevedore/tests/test_named.py -> /home/ubuntu/miniconda/envs/_build/lib/python2.7/site-packages/stevedore/tests
copying build/lib/stevedore/tests/test_hook.py -> /home/ubuntu/miniconda/envs/_build/lib/python2.7/site-packages/stevedore/tests
copying build/lib/stevedore/tests/test_enabled.py -> /home/ubuntu/miniconda/envs/_build/lib/python2.7/site-packages/stevedore/tests
copying build/lib/stevedore/tests/extension_unimportable.py -> /home/ubuntu/miniconda/envs/_build/lib/python2.7/site-packages/stevedore/tests
copying build/lib/stevedore/tests/test_test_manager.py -> /home/ubuntu/miniconda/envs/_build/lib/python2.7/site-packages/stevedore/tests
copying build/lib/stevedore/tests/test_sphinxext.py -> /home/ubuntu/miniconda/envs/_build/lib/python2.7/site-packages/stevedore/tests
copying build/lib/stevedore/tests/test_dispatch.py -> /home/ubuntu/miniconda/envs/_build/lib/python2.7/site-packages/stevedore/tests
copying build/lib/stevedore/tests/__init__.py -> /home/ubuntu/miniconda/envs/_build/lib/python2.7/site-packages/stevedore/tests
copying build/lib/stevedore/tests/manager.py -> /home/ubuntu/miniconda/envs/_build/lib/python2.7/site-packages/stevedore/tests
copying build/lib/stevedore/named.py -> /home/ubuntu/miniconda/envs/_build/lib/python2.7/site-packages/stevedore
copying build/lib/stevedore/__init__.py -> /home/ubuntu/miniconda/envs/_build/lib/python2.7/site-packages/stevedore
copying build/lib/stevedore/dispatch.py -> /home/ubuntu/miniconda/envs/_build/lib/python2.7/site-packages/stevedore
copying build/lib/stevedore/extension.py -> /home/ubuntu/miniconda/envs/_build/lib/python2.7/site-packages/stevedore
copying build/lib/stevedore/driver.py -> /home/ubuntu/miniconda/envs/_build/lib/python2.7/site-packages/stevedore
byte-compiling /home/ubuntu/miniconda/envs/_build/lib/python2.7/site-packages/stevedore/sphinxext.py to sphinxext.pyc
byte-compiling /home/ubuntu/miniconda/envs/_build/lib/python2.7/site-packages/stevedore/hook.py to hook.pyc
byte-compiling /home/ubuntu/miniconda/envs/_build/lib/python2.7/site-packages/stevedore/enabled.py to enabled.pyc
byte-compiling /home/ubuntu/miniconda/envs/_build/lib/python2.7/site-packages/stevedore/example/load_as_driver.py to load_as_driver.pyc
byte-compiling /home/ubuntu/miniconda/envs/_build/lib/python2.7/site-packages/stevedore/example/fields.py to fields.pyc
byte-compiling /home/ubuntu/miniconda/envs/_build/lib/python2.7/site-packages/stevedore/example/setup.py to setup.pyc
byte-compiling /home/ubuntu/miniconda/envs/_build/lib/python2.7/site-packages/stevedore/example/__init__.py to __init__.pyc
byte-compiling /home/ubuntu/miniconda/envs/_build/lib/python2.7/site-packages/stevedore/example/load_as_extension.py to load_as_extension.pyc
byte-compiling /home/ubuntu/miniconda/envs/_build/lib/python2.7/site-packages/stevedore/example/simple.py to simple.pyc
byte-compiling /home/ubuntu/miniconda/envs/_build/lib/python2.7/site-packages/stevedore/example/base.py to base.pyc
byte-compiling /home/ubuntu/miniconda/envs/_build/lib/python2.7/site-packages/stevedore/tests/test_callback.py to test_callback.pyc
byte-compiling /home/ubuntu/miniconda/envs/_build/lib/python2.7/site-packages/stevedore/tests/test_driver.py to test_driver.pyc
byte-compiling /home/ubuntu/miniconda/envs/_build/lib/python2.7/site-packages/stevedore/tests/test_extension.py to test_extension.pyc
byte-compiling /home/ubuntu/miniconda/envs/_build/lib/python2.7/site-packages/stevedore/tests/test_example_fields.py to test_example_fields.pyc
byte-compiling /home/ubuntu/miniconda/envs/_build/lib/python2.7/site-packages/stevedore/tests/test_example_simple.py to test_example_simple.pyc
byte-compiling /home/ubuntu/miniconda/envs/_build/lib/python2.7/site-packages/stevedore/tests/utils.py to utils.pyc
byte-compiling /home/ubuntu/miniconda/envs/_build/lib/python2.7/site-packages/stevedore/tests/test_named.py to test_named.pyc
byte-compiling /home/ubuntu/miniconda/envs/_build/lib/python2.7/site-packages/stevedore/tests/test_hook.py to test_hook.pyc
byte-compiling /home/ubuntu/miniconda/envs/_build/lib/python2.7/site-packages/stevedore/tests/test_enabled.py to test_enabled.pyc
byte-compiling /home/ubuntu/miniconda/envs/_build/lib/python2.7/site-packages/stevedore/tests/extension_unimportable.py to extension_unimportable.pyc
byte-compiling /home/ubuntu/miniconda/envs/_build/lib/python2.7/site-packages/stevedore/tests/test_test_manager.py to test_test_manager.pyc
byte-compiling /home/ubuntu/miniconda/envs/_build/lib/python2.7/site-packages/stevedore/tests/test_sphinxext.py to test_sphinxext.pyc
byte-compiling /home/ubuntu/miniconda/envs/_build/lib/python2.7/site-packages/stevedore/tests/test_dispatch.py to test_dispatch.pyc
byte-compiling /home/ubuntu/miniconda/envs/_build/lib/python2.7/site-packages/stevedore/tests/__init__.py to __init__.pyc
byte-compiling /home/ubuntu/miniconda/envs/_build/lib/python2.7/site-packages/stevedore/tests/manager.py to manager.pyc
byte-compiling /home/ubuntu/miniconda/envs/_build/lib/python2.7/site-packages/stevedore/named.py to named.pyc
byte-compiling /home/ubuntu/miniconda/envs/_build/lib/python2.7/site-packages/stevedore/__init__.py to __init__.pyc
byte-compiling /home/ubuntu/miniconda/envs/_build/lib/python2.7/site-packages/stevedore/dispatch.py to dispatch.pyc
byte-compiling /home/ubuntu/miniconda/envs/_build/lib/python2.7/site-packages/stevedore/extension.py to extension.pyc
byte-compiling /home/ubuntu/miniconda/envs/_build/lib/python2.7/site-packages/stevedore/driver.py to driver.pyc
running install_egg_info
Copying stevedore.egg-info to /home/ubuntu/miniconda/envs/_build/lib/python2.7/site-packages/stevedore-1.5.0-py2.7.egg-info
running install_scripts

The following NEW packages will be INSTALLED:

    openssl:    1.0.1k-1     
    pip:        7.0.3-py27_0 
    python:     2.7.10-0     
    readline:   6.2-2        
    setuptools: 18.0.1-py27_0
    sqlite:     3.8.4.1-1    
    system:     5.8-2        
    tk:         8.5.18-0     
    zlib:       1.2.8-0      

Linking packages ...
[                    ]|                                                  |   0%[openssl             ]|                                                  |   0%[readline            ]|#####                                             |  11%[sqlite              ]|###########                                       |  22%[system              ]|################                                  |  33%[tk                  ]|######################                            |  44%[zlib                ]|###########################                       |  55%[python              ]|#################################                 |  66%[setuptools          ]|######################################            |  77%[pip                 ]|############################################      |  88%[      COMPLETE      ]|##################################################| 100%
Removing old work directory
Source cache directory is: /home/ubuntu/miniconda/conda-bld/src_cache
Found source in cache: stevedore-1.5.0.tar.gz
Extracting download
Package: stevedore-1.5.0-py27_0
source tree in: /home/ubuntu/miniconda/conda-bld/work/stevedore-1.5.0
number of files: 68
Fixing permissions
Fixing permissions
BUILD END: stevedore-1.5.0-py27_0
Nothing to test for: stevedore-1.5.0-py27_0
# If you want to upload this package to binstar.org later, type:
#
# $ binstar upload /home/ubuntu/miniconda/conda-bld/linux-64/stevedore-1.5.0-py27_0.tar.bz2
#
# To have conda build upload to binstar automatically, use
# $ conda config --set binstar_upload yes

