Error: prefix already exists: /home/ubuntu/miniconda/envs/_pipbuild_
Collecting stevedore==1.5.0
  Could not find a version that satisfies the requirement stevedore==1.5.0 (from versions: 0.1, 0.2, 0.3, 0.4, 0.5, 0.6, 0.7, 0.7.1, 0.7.2, 0.8, 0.9, 0.9.1, 0.10, 0.11, 0.12, 0.13, 0.14, 0.14.1, 0.15, 1.0.0.0a1, 1.0.0.0a2, 1.0.0, 1.1.0, 1.2.0, 1.3.0, 1.4.0)
No matching distribution found for stevedore==1.5.0
Package search: {'_pypi_ordering': False, 'version': '1.5.0', 'name': 'stevedore', 'summary': 'Manage dynamic plugins for Python applications'}
Creating standard recipe for stevedore-1.5.0
Using url https://pypi.python.org/packages/source/s/stevedore/stevedore-1.5.0.tar.gz (490 KB) for stevedore.
Downloading stevedore
Using cached download
Unpacking stevedore...
done
working in /tmp/tmpYKf7l2conda_skeleton_stevedore-1.5.0.tar.gz
Fetching package metadata: ......

WARNING: conda-build appears to be out of date. You have version 1.13.0 but the
latest version is 1.14.0. Run

conda update -n root conda-build

to get the latest version.

Solving package specifications: .patching file core.py
Hunk #1 succeeded at 168 with fuzz 2 (offset 2 lines).
Traceback (most recent call last):
  File "setup.py", line 18, in <module>
    import setuptools
ImportError: No module named setuptools

The following NEW packages will be INSTALLED:

    numpy:  1.9.2-py27_0
    pyyaml: 3.11-py27_1 
    yaml:   0.1.6-0     

Linking packages ...
[                    ]|                                                  |   0%[yaml                ]|                                                  |   0%[numpy               ]|################                                  |  33%[pyyaml              ]|#################################                 |  66%[      COMPLETE      ]|##################################################| 100%
Applying patch: '/tmp/tmpYKf7l2conda_skeleton_stevedore-1.5.0.tar.gz/pypi-distutils.patch'
$PYTHONPATH = /tmp/tmpYKf7l2conda_skeleton_stevedore-1.5.0.tar.gz/stevedore-1.5.0
Error: command failed: /home/ubuntu/miniconda/envs/_build/bin/python setup.py install

conda create -n _pipbuild_ --yes python pip
/home/ubuntu/miniconda/envs/_pipbuild_/bin/pip install stevedore==1.5.0
Error: Could not pip install stevedore==1.5.0
