Warning, the following versions were found for streamcorpus_pipeline
0.7.10.dev2
0.7.10.dev1
0.7.9
0.7.8.dev1
0.7.7
0.7.7.dev6
0.7.7.dev2
0.7.7.dev1
0.7.6
0.7.6.dev7
0.7.6.dev3
0.7.6.dev1
0.7.5
0.7.5.dev7
0.7.5.dev5
0.7.5.dev1
0.7.4
0.7.4.dev1
0.7.3
0.7.2
0.7.2.dev5
0.7.2.dev2
0.7.2.dev1
0.7.1
0.7.0
0.6.8.dev24
0.6.8.dev23
0.6.8.dev22
0.6.8.dev21
0.6.8.dev20
0.6.8.dev1
0.6.7
0.6.7.dev3
0.6.7.dev2
0.6.6
0.6.5
0.6.4
0.6.4.dev10
0.6.4.dev8
0.6.4.dev7
0.6.4.dev5
0.6.4.dev4
0.6.4.dev3
0.6.4.dev2
0.6.4.dev1
0.6.3
0.6.2
0.6.1
0.6.1.dev3
0.6.1.dev1
0.6.0
0.5.54
0.5.54.dev3
0.5.53.dev5
0.5.53.dev4
0.5.53.dev3
0.5.53.dev2
0.5.53.dev1
0.5.52
0.5.51
0.5.50
0.5.50.dev2
0.5.49
0.5.49.dev4
0.5.49.dev3
0.5.49.dev2
0.5.48
0.5.48.dev1
0.5.47
0.5.46
0.5.46.dev2
0.5.45
0.5.44.dev2
0.5.43
0.5.43.dev8
0.5.43.dev7
0.5.43.dev6
0.5.43.dev5
0.5.42.dev29
0.5.42.dev27
0.5.42.dev24
0.5.42.dev21
0.5.42.dev20
0.5.42.dev19
0.5.42.dev16
0.5.42.dev14
0.5.42.dev13
0.5.42.dev12
0.5.42.dev11
0.5.42.dev10
0.5.42.dev9
0.5.42.dev3
0.5.42.dev2
0.5.42.dev1
0.5.41.dev2
0.5.41.dev1
0.5.39
0.5.39.dev10
0.5.39.dev8
0.5.39.dev7
0.5.38
0.5.38.dev10
0.5.38.dev7
0.5.38.dev6
0.5.38.dev4
0.5.38.dev3
0.5.38.dev2
0.5.38.dev1
0.5.37
0.5.35.dev2
0.5.34.dev2
0.5.33
0.5.32.dev26
0.5.32.dev25
0.5.32.dev23
0.5.32.dev22
0.5.32.dev21
0.5.32.dev20
0.5.32.dev18
0.5.32.dev17
0.5.32.dev16
0.5.32.dev14
0.5.32.dev12
0.5.32.dev11
0.5.32.dev9
0.5.32.dev8
0.5.32.dev7
0.5.32.dev6
0.5.32.dev5
0.5.32.dev3
0.5.32.dev2
0.5.32.dev1
0.5.31
0.5.30
0.5.29.dev2
0.5.29.dev1
0.5.28.dev1
0.5.26.dev8
0.5.26.dev6
0.5.26.dev5
0.5.26.dev4
0.5.26.dev3
0.5.25
0.5.24
0.5.23
0.5.23.dev7
0.5.23.dev1
0.5.22
0.5.21
0.5.19
0.5.18
0.5.18.dev3
0.5.16
0.5.15
0.5.14
0.5.13
0.5.12
0.5.10
0.5.8
0.5.7
0.5.6.dev9
0.5.5
0.5.4
0.5.4.dev1
0.5.3.dev8
0.5.2
0.5.1
0.5.1.dev8
0.5.1.dev4
0.5.1.dev3
0.5.0
0.4.5.dev7
0.4.5.dev5
0.4.5.dev1
0.4.4
0.4.4.dev3
0.4.3
0.4.2
0.4.2.dev8
0.4.2.dev7
0.4.2.dev1
0.4.1.dev11
0.4.1.dev9
0.4.1.dev1
0.4.0
0.3.42.dev2
0.3.40.dev9
0.3.40.dev8
0.3.40.dev7
0.3.38.dev1
0.3.37
0.3.36
0.3.36.dev27
0.3.36.dev26
0.3.36.dev25
0.3.36.dev24
0.3.36.dev18
0.3.36.dev17
0.3.36.dev10
0.3.36.dev8
0.3.36.dev7
0.3.34.dev2
0.3.33
0.3.32
0.3.32.dev1
0.3.31.dev8
0.3.30.dev7
0.3.30.dev6
0.3.30.dev2
Using 0.7.10.dev2
Use --version to specify a different version.
Using url https://pypi.python.org/packages/source/s/streamcorpus_pipeline/streamcorpus_pipeline-0.7.10.dev2.tar.gz (9.4 MB) for streamcorpus_pipeline.
Downloading streamcorpus_pipeline
Using cached download
Unpacking streamcorpus_pipeline...
done
working in /tmp/tmpWmGfNwconda_skeleton_streamcorpus_pipeline-0.7.10.dev2.tar.gz
Fetching package metadata: ......

WARNING: conda-build appears to be out of date. You have version 1.13.0 but the
latest version is 1.14.1. Run

conda update -n root conda-build

to get the latest version.

Solving package specifications: .patching file core.py
Hunk #1 succeeded at 168 with fuzz 2 (offset 2 lines).

WARNING: conda-build appears to be out of date. You have version 1.13.0 but the
latest version is 1.14.1. Run

conda update -n root conda-build

to get the latest version.


The following NEW packages will be INSTALLED:

    numpy:  1.9.2-py27_0
    pyyaml: 3.11-py27_1 
    yaml:   0.1.6-0     

Linking packages ...
[                    ]|                                                  |   0%[yaml                ]|                                                  |   0%[numpy               ]|################                                  |  33%[pyyaml              ]|#################################                 |  66%[      COMPLETE      ]|##################################################| 100%
Applying patch: '/tmp/tmpWmGfNwconda_skeleton_streamcorpus_pipeline-0.7.10.dev2.tar.gz/pypi-distutils.patch'
Warning, the following versions were found for mmh3
2.3.1
2.3
2.2
2.0
Using 2.3.1
Use --version to specify a different version.
Using url https://pypi.python.org/packages/source/m/mmh3/mmh3-2.3.1.tar.gz (6 KB) for mmh3.
Downloading mmh3
mmh3-2.3.1.tar   0% |                              | ETA:  --:--:--   0.00  B/smmh3-2.3.1.tar 100% |###############################| ETA:  0:00:00  14.51 MB/smmh3-2.3.1.tar 100% |###############################| Time: 0:00:00   8.62 MB/s
Unpacking mmh3...
done
working in /tmp/tmpRbZwcYconda_skeleton_mmh3-2.3.1.tar.gz
Solving package specifications: .patching file core.py
Hunk #1 succeeded at 168 with fuzz 2 (offset 2 lines).

Applying patch: '/tmp/tmpRbZwcYconda_skeleton_mmh3-2.3.1.tar.gz/pypi-distutils.patch'
Error: Could not find any versions of package many_stop_words
