Error: prefix already exists: /home/ubuntu/miniconda/envs/_pipbuild_
Exception:
Traceback (most recent call last):
  File "/home/ubuntu/miniconda/envs/_pipbuild_/lib/python2.7/site-packages/pip/basecommand.py", line 223, in main
    status = self.run(options, args)
  File "/home/ubuntu/miniconda/envs/_pipbuild_/lib/python2.7/site-packages/pip/commands/install.py", line 268, in run
    wheel_cache
  File "/home/ubuntu/miniconda/envs/_pipbuild_/lib/python2.7/site-packages/pip/basecommand.py", line 268, in populate_requirement_set
    wheel_cache=wheel_cache
  File "/home/ubuntu/miniconda/envs/_pipbuild_/lib/python2.7/site-packages/pip/req/req_install.py", line 207, in from_line
    wheel_cache=wheel_cache)
  File "/home/ubuntu/miniconda/envs/_pipbuild_/lib/python2.7/site-packages/pip/req/req_install.py", line 66, in __init__
    req = pkg_resources.Requirement.parse(req)
  File "/home/ubuntu/miniconda/envs/_pipbuild_/lib/python2.7/site-packages/pip/_vendor/pkg_resources/__init__.py", line 2960, in parse
    reqs = list(parse_requirements(s))
  File "/home/ubuntu/miniconda/envs/_pipbuild_/lib/python2.7/site-packages/pip/_vendor/pkg_resources/__init__.py", line 2904, in parse_requirements
    "version spec")
  File "/home/ubuntu/miniconda/envs/_pipbuild_/lib/python2.7/site-packages/pip/_vendor/pkg_resources/__init__.py", line 2869, in scan_list
    raise ValueError(msg, line, "at", line[p:])
ValueError: ('Expected version spec in', 'pytest-diffeo==>=0.1.7', 'at', '==>=0.1.7')

Package search: {'_pypi_ordering': False, 'version': '0.7.10.dev2', 'name': 'streamcorpus_pipeline', 'summary': 'Tools for building streamcorpus objects, such as those used in TREC.'}
Creating standard recipe for streamcorpus_pipeline-0.7.10.dev2
Converting recipe in /home/ubuntu/pypi-conda-builds/streamcorpus_pipeline
package = streamcorpus_pipeline
   dependencies = [u'pytest-diffeo >=0.1.7', u'dblogger >=0.4.0', u'yakonfig >=0.4.2', u'importlib', u'python-magic', u'python-docx', u'thrift', u'ftfy', u'kvlayer >=0.4.10', u'rejester', u'protobuf <3', u'requests', u'streamcorpus >=0.3.48', u'pyyaml', u'nltk', u'lxml', u'beautifulsoup', u'html5lib', u'boto', u'jellyfish', u'nilsimsa >=0.3', u'regex !=2014.08.28', u'chromium_compact_language_detector', u'sortedcollection', u'python-docx', u'pdfminer', u'backports.lzma !=0.0.4', u'backport_collections']
Creating standard recipe for pytest-diffeo->=0.1.7
Error: Version >=0.1.7 of pytest-diffeo is not available on PyPI.

conda create -n _pipbuild_ --yes python pip
/home/ubuntu/miniconda/envs/_pipbuild_/bin/pip install pytest-diffeo==>=0.1.7
Error: Could not pip install pytest-diffeo==>=0.1.7
