Removing old build directory
Removing old work directory
BUILD START: stuf-0.9.16-py27_0
Fetching package metadata: ......

WARNING: conda-build appears to be out of date. You have version 1.13.0 but the
latest version is 1.14.1. Run

conda update -n root conda-build

to get the latest version.

Solving package specifications: .................
Warning: 2 possible package resolutions (only showing differing packages):
	[u'parse-1.6.6-py_0.tar.bz2'],
	[u'parse-1.6.6-py27_0.tar.bz2'],
/home/ubuntu/miniconda/pkgs/parse-1.6.6-py_0/bin/.parse-pre-link.sh: line 2: /home/ubuntu/miniconda/envs/_build/bin/python: No such file or directory

The following packages will be downloaded:

    package                    |            build
    ---------------------------|-----------------
    parse-1.6.6                |             py_0          16 KB

The following NEW packages will be INSTALLED:

    openssl:    1.0.1k-1     
    parse:      1.6.6-py_0   
    pip:        7.0.3-py27_0 
    python:     2.7.10-0     
    readline:   6.2-2        
    setuptools: 18.0.1-py27_0
    sqlite:     3.8.4.1-1    
    system:     5.8-2        
    tk:         8.5.18-0     
    zlib:       1.2.8-0      

Fetching packages ...
parse-1.6.6-py   0% |                              | ETA:  --:--:--   0.00  B/sparse-1.6.6-py  97% |############################## | ETA:  0:00:00  35.48 MB/sparse-1.6.6-py 100% |###############################| ETA:  0:00:00  26.89 MB/sparse-1.6.6-py 100% |###############################| Time: 0:00:00  19.69 MB/s
Extracting packages ...
[                    ]|                                                  |   0%[parse               ]|                                                  |   0%[      COMPLETE      ]|##################################################| 100%
Linking packages ...
[      COMPLETE      ]|                                                  |   0%[openssl             ]|                                                  |   0%[openssl             ]|                                                  |   0%[readline            ]|#####                                             |  10%[sqlite              ]|##########                                        |  20%[system              ]|###############                                   |  30%[tk                  ]|####################                              |  40%[zlib                ]|#########################                         |  50%[parse               ]|##############################                    |  60%Error: pre-link failed: parse-1.6.6-py_0
