Error: prefix already exists: /home/ubuntu/miniconda/envs/_pipbuild_
Collecting suds==0.4
  Downloading http://localhost/packages/source/s/suds/suds-0.4.tar.gz (104kB)
setuptools must be installed to install from a source distribution
Package search: {'_pypi_ordering': False, 'version': '0.4', 'name': 'suds', 'summary': 'Lightweight SOAP client'}
Creating standard recipe for suds-0.4
Using url https://pypi.python.org/packages/source/s/suds/suds-0.4.tar.gz (102 KB) for suds.
Downloading suds
Using cached download
Unpacking suds...
done
working in /tmp/tmpRiPxkVconda_skeleton_suds-0.4.tar.gz
Fetching package metadata: ......

WARNING: conda-build appears to be out of date. You have version 1.13.0 but the
latest version is 1.14.0. Run

conda update -n root conda-build

to get the latest version.

Solving package specifications: .patching file core.py
Hunk #1 succeeded at 168 with fuzz 2 (offset 2 lines).
Traceback (most recent call last):
  File "setup.py", line 21, in <module>
    from setuptools import setup, find_packages
ImportError: No module named setuptools

Applying patch: '/tmp/tmpRiPxkVconda_skeleton_suds-0.4.tar.gz/pypi-distutils.patch'
$PYTHONPATH = /tmp/tmpRiPxkVconda_skeleton_suds-0.4.tar.gz/suds-0.4
Error: command failed: /home/ubuntu/miniconda/envs/_build/bin/python setup.py install

conda create -n _pipbuild_ --yes python pip
/home/ubuntu/miniconda/envs/_pipbuild_/bin/pip install suds==0.4
Error: Could not pip install suds==0.4
