Removing old build directory
Removing old work directory
BUILD START: suds-jurko-0.6-py_0
Fetching package metadata: ......

WARNING: conda-build appears to be out of date. You have version 1.13.0 but the
latest version is 1.14.0. Run

conda update -n root conda-build

to get the latest version.

Solving package specifications: .+ pip install suds-jurko
Collecting suds-jurko
  Downloading http://localhost/packages/source/s/suds-jurko/suds-jurko-0.6.tar.bz2 (143kB)
Installing collected packages: suds-jurko
  Running setup.py install for suds-jurko
Successfully installed suds-jurko-0.6

The following NEW packages will be INSTALLED:

    openssl:    1.0.1k-1     
    pip:        7.0.3-py27_0 
    python:     2.7.10-0     
    readline:   6.2-2        
    setuptools: 18.0.1-py27_0
    sqlite:     3.8.4.1-1    
    system:     5.8-2        
    tk:         8.5.18-0     
    zlib:       1.2.8-0      

Linking packages ...
[                    ]|                                                  |   0%[openssl             ]|                                                  |   0%[readline            ]|#####                                             |  11%[sqlite              ]|###########                                       |  22%[system              ]|################                                  |  33%[tk                  ]|######################                            |  44%[zlib                ]|###########################                       |  55%[python              ]|#################################                 |  66%[setuptools          ]|######################################            |  77%[pip                 ]|############################################      |  88%[      COMPLETE      ]|##################################################| 100%
Removing old work directory
Copying /home/ubuntu/pypi-conda-builds/suds-jurko to /home/ubuntu/miniconda/conda-bld/work
Package: suds-jurko-0.6-py_0
source tree in: /home/ubuntu/miniconda/conda-bld/work
number of files: 242
Fixing permissions
Fixing permissions
BUILD END: suds-jurko-0.6-py_0
# If you want to upload this package to binstar.org later, type:
#
# $ binstar upload /home/ubuntu/miniconda/conda-bld/noarch/suds-jurko-0.6-py_0.tar.bz2
#
# To have conda build upload to binstar automatically, use
# $ conda config --set binstar_upload yes

Package search: {'_pypi_ordering': False, 'version': '0.4.1.jurko.1', 'name': 'suds-jurko', 'summary': "Lightweight SOAP client (Jurko's fork)"}
Creating standard recipe for suds-jurko-0.6
Converting recipe in /home/ubuntu/pypi-conda-builds/suds-jurko
package = suds-jurko
   dependencies = []
Building conda package for suds-jurko
