Warning, the following versions were found for suds-jurko
0.6
0.5
0.4.1.jurko.5
0.4.1.jurko.4
0.4.1.jurko.3
0.4.1.jurko.2
0.4.1.jurko.1
Using 0.6
Use --version to specify a different version.
Using url https://pypi.python.org/packages/source/s/suds-jurko/suds-jurko-0.6.tar.bz2 (141 KB) for suds-jurko.
Downloading suds-jurko
Using cached download
Unpacking suds-jurko...
done
working in /tmp/tmp6wyXgTconda_skeleton_suds-jurko-0.6.tar.bz2
Fetching package metadata: ......

WARNING: conda-build appears to be out of date. You have version 1.13.0 but the
latest version is 1.14.1. Run

conda update -n root conda-build

to get the latest version.

Solving package specifications: .patching file core.py
Hunk #1 succeeded at 168 with fuzz 2 (offset 2 lines).

Applying patch: '/tmp/tmp6wyXgTconda_skeleton_suds-jurko-0.6.tar.bz2/pypi-distutils.patch'
Writing recipe for suds-jurko
Done
