Error: prefix already exists: /home/ubuntu/miniconda/envs/_pipbuild_
Collecting supernova==1.0.7
  Downloading http://localhost/packages/source/s/supernova/supernova-1.0.7.tar.gz (130kB)
setuptools must be installed to install from a source distribution
Package search: {'_pypi_ordering': False, 'version': '0.7.4', 'name': 'supernova', 'summary': 'novaclient wrapper for multiple nova environments'}
Creating standard recipe for supernova-1.0.7
Using url https://pypi.python.org/packages/source/s/supernova/supernova-1.0.7.tar.gz (128 KB) for supernova.
Downloading supernova
Using cached download
Unpacking supernova...
done
working in /tmp/tmpEtTSUSconda_skeleton_supernova-1.0.7.tar.gz
Fetching package metadata: ......

WARNING: conda-build appears to be out of date. You have version 1.13.0 but the
latest version is 1.14.0. Run

conda update -n root conda-build

to get the latest version.

Solving package specifications: .patching file core.py
Hunk #1 succeeded at 168 with fuzz 2 (offset 2 lines).
Traceback (most recent call last):
  File "setup.py", line 17, in <module>
    from setuptools import setup
ImportError: No module named setuptools

Applying patch: '/tmp/tmpEtTSUSconda_skeleton_supernova-1.0.7.tar.gz/pypi-distutils.patch'
$PYTHONPATH = /tmp/tmpEtTSUSconda_skeleton_supernova-1.0.7.tar.gz/supernova-1.0.7
Error: command failed: /home/ubuntu/miniconda/envs/_build/bin/python setup.py install

conda create -n _pipbuild_ --yes python pip
/home/ubuntu/miniconda/envs/_pipbuild_/bin/pip install supernova==1.0.7
Error: Could not pip install supernova==1.0.7
