surf not found, trying SuRF
Warning, the following versions were found for SuRF
1.1.4-r352
1.1.3-r294
1.1.3-r281
1.1.2-r280
1.1.1-r271
1.1.1-r263
1.1.1-r255
1.1.1-r254
1.1.1-r0
1.1.0-r233
1.1.0-r0
1.0.0-r224
1.0.0-r202
1.0.0-r190
0.7.4-r140
0.7.4-r136
0.7.2-r132
0.7.2-r129
0.7.2-r127
0.7.2-r126
0.6.1-r120
0.6.1-r115
0.5.0-r112
0.5.0-r94
0.5.0-r91
0.5.0-r90
0.5.0-r67
0.5.0-r66
0.5.0-r52
0.5.0-r51
0.5.0-r48
0.5.0-r47
0.5.0-r46
0.5.0-r44
0.5.0-r42
0.5.0-r41
0.5.0-r40
0.5.0-r39
0.5.0-r38
0.5.0-r37
0.5.0-r27
0.4.0-r25
0.4.0-r24
0.4.0-r23
0.4.0-r22
0.4.0-r21
0.4.0-r20
0.4.0-r18
0.4.0-r17
0.4.0-r16
0.4.0-r13
0.4.0-r12
0.4.0-r11
0.4.0-r10
0.4.0-r8
0.4.0-r4
0.4.0-r3
0.4.0-r2
0.4.0
Using 1.1.4-r352
Use --version to specify a different version.
Error: Could not parse url for SuRF: UNKNOWN
