Error: prefix already exists: /home/ubuntu/miniconda/envs/_pipbuild_
Collecting taskflow==0.12.0
  Could not find a version that satisfies the requirement taskflow==0.12.0 (from versions: 0.1, 0.1.1, 0.1.2, 0.1.3, 0.2, 0.3.21, 0.4.0, 0.5.0, 0.6.0, 0.6.1, 0.7.0, 0.7.1, 0.8.0, 0.8.1, 0.9.0, 0.10.0, 0.10.1)
No matching distribution found for taskflow==0.12.0
Package search: {'_pypi_ordering': False, 'version': '0.12.0', 'name': 'taskflow', 'summary': 'Taskflow structured state management library.'}
Creating standard recipe for taskflow-0.12.0
Using url https://pypi.python.org/packages/source/t/taskflow/taskflow-0.12.0.tar.gz (655 KB) for taskflow.
Downloading taskflow
Unpacking taskflow...
done
working in /tmp/tmpHIGTUNconda_skeleton_taskflow-0.12.0.tar.gz
Fetching package metadata: ......

WARNING: conda-build appears to be out of date. You have version 1.13.0 but the
latest version is 1.14.0. Run

conda update -n root conda-build

to get the latest version.

Solving package specifications: .patching file core.py
Hunk #1 succeeded at 168 with fuzz 2 (offset 2 lines).
Traceback (most recent call last):
  File "setup.py", line 17, in <module>
    import setuptools
ImportError: No module named setuptools

The following NEW packages will be INSTALLED:

    numpy:      1.9.2-py27_0 
    pip:        7.0.3-py27_0 
    python:     2.7.10-0     
    pyyaml:     3.11-py27_1  
    setuptools: 17.1.1-py27_0
    yaml:       0.1.6-0      

Linking packages ...
[                    ]|                                                  |   0%[yaml                ]|                                                  |   0%[numpy               ]|########                                          |  16%[python              ]|################                                  |  33%[pyyaml              ]|#########################                         |  50%[setuptools          ]|#################################                 |  66%[pip                 ]|#########################################         |  83%[      COMPLETE      ]|##################################################| 100%
Applying patch: '/tmp/tmpHIGTUNconda_skeleton_taskflow-0.12.0.tar.gz/pypi-distutils.patch'
$PYTHONPATH = /tmp/tmpHIGTUNconda_skeleton_taskflow-0.12.0.tar.gz/taskflow-0.12.0
Error: command failed: /home/ubuntu/miniconda/envs/_build/bin/python setup.py install

conda create -n _pipbuild_ --yes python pip
/home/ubuntu/miniconda/envs/_pipbuild_/bin/pip install taskflow==0.12.0
Error: Could not pip install taskflow==0.12.0
