Error: prefix already exists: /home/ubuntu/miniconda/envs/_pipbuild_
Collecting teamcity-messages==1.14
  Could not find a version that satisfies the requirement teamcity-messages==1.14 (from versions: 1.0, 1.1, 1.2, 1.3, 1.4, 1.5, 1.6, 1.7, 1.8, 1.9, 1.10, 1.11, 1.12, 1.13)
No matching distribution found for teamcity-messages==1.14
Package search: {'_pypi_ordering': False, 'version': '1.14', 'name': 'teamcity-messages', 'summary': 'Send test results to TeamCity continuous integration server from unittest, nose and py.test (Python 2.4+)'}
Creating standard recipe for teamcity-messages-1.14
Using url https://pypi.python.org/packages/source/t/teamcity-messages/teamcity-messages-1.14.tar.gz (10 KB) for teamcity-messages.
Downloading teamcity-messages
Using cached download
Unpacking teamcity-messages...
done
working in /tmp/tmpUPSe8kconda_skeleton_teamcity-messages-1.14.tar.gz
Fetching package metadata: ......

WARNING: conda-build appears to be out of date. You have version 1.13.0 but the
latest version is 1.14.0. Run

conda update -n root conda-build

to get the latest version.

Solving package specifications: .patching file core.py
Hunk #1 succeeded at 168 with fuzz 2 (offset 2 lines).
Traceback (most recent call last):
  File "setup.py", line 2, in <module>
    from setuptools import setup
ImportError: No module named setuptools

Applying patch: '/tmp/tmpUPSe8kconda_skeleton_teamcity-messages-1.14.tar.gz/pypi-distutils.patch'
$PYTHONPATH = /tmp/tmpUPSe8kconda_skeleton_teamcity-messages-1.14.tar.gz/teamcity-messages-1.14
Error: command failed: /home/ubuntu/miniconda/envs/_build/bin/python setup.py install

conda create -n _pipbuild_ --yes python pip
/home/ubuntu/miniconda/envs/_pipbuild_/bin/pip install teamcity-messages==1.14
Error: Could not pip install teamcity-messages==1.14
