Error: prefix already exists: /home/ubuntu/miniconda/envs/_pipbuild_
Collecting Tempita==0.5.3dev
  Downloading http://localhost/packages/source/T/Tempita/Tempita-0.5.3dev.tar.gz
setuptools must be installed to install from a source distribution
Package search: {'_pypi_ordering': False, 'version': '0.5.3dev', 'name': 'Tempita', 'summary': 'A very small text templating language'}
Creating standard recipe for tempita-0.5.3dev
Using url https://pypi.python.org/packages/source/T/Tempita/Tempita-0.5.3dev.tar.gz (12 KB) for Tempita.
Downloading Tempita
Using cached download
Unpacking Tempita...
done
working in /tmp/tmp42k2cMconda_skeleton_Tempita-0.5.3dev.tar.gz
Fetching package metadata: ......

WARNING: conda-build appears to be out of date. You have version 1.13.0 but the
latest version is 1.14.0. Run

conda update -n root conda-build

to get the latest version.

Solving package specifications: .patching file core.py
Hunk #1 succeeded at 168 with fuzz 2 (offset 2 lines).
Traceback (most recent call last):
  File "setup.py", line 1, in <module>
    from setuptools import setup
ImportError: No module named setuptools

Applying patch: '/tmp/tmp42k2cMconda_skeleton_Tempita-0.5.3dev.tar.gz/pypi-distutils.patch'
$PYTHONPATH = /tmp/tmp42k2cMconda_skeleton_Tempita-0.5.3dev.tar.gz/Tempita-0.5.3dev
Error: command failed: /home/ubuntu/miniconda/envs/_build/bin/python setup.py install

conda create -n _pipbuild_ --yes python pip
/home/ubuntu/miniconda/envs/_pipbuild_/bin/pip install Tempita==0.5.3dev
Error: Could not pip install Tempita==0.5.3dev
