Warning, the following versions were found for tempest-lib
0.6.1
0.6.0
0.5.0
0.4.0
0.3.0
0.2.1
0.2.0
0.1.0
0.0.4
0.0.3
0.0.2
0.0.1
Using 0.6.1
Use --version to specify a different version.
Using url https://pypi.python.org/packages/source/t/tempest-lib/tempest-lib-0.6.1.tar.gz (59 KB) for tempest-lib.
Downloading tempest-lib
Using cached download
Unpacking tempest-lib...
done
working in /tmp/tmpmUKrukconda_skeleton_tempest-lib-0.6.1.tar.gz
Fetching package metadata: ......

WARNING: conda-build appears to be out of date. You have version 1.13.0 but the
latest version is 1.14.1. Run

conda update -n root conda-build

to get the latest version.

Solving package specifications: .patching file core.py
Hunk #1 succeeded at 168 with fuzz 2 (offset 2 lines).

Applying patch: '/tmp/tmpmUKrukconda_skeleton_tempest-lib-0.6.1.tar.gz/pypi-distutils.patch'
Writing recipe for tempest-lib
Done
