Removing old build directory
Removing old work directory
BUILD START: tempest-lib-0.6.1-py_0
Fetching package metadata: ......

WARNING: conda-build appears to be out of date. You have version 1.13.0 but the
latest version is 1.14.1. Run

conda update -n root conda-build

to get the latest version.

Solving package specifications: .+ /home/ubuntu/miniconda/envs/_build/bin/python setup.py install

Installed /home/ubuntu/miniconda/conda-bld/work/tempest-lib-0.6.1/.eggs/pbr-1.2.0-py2.7.egg
running install
running build
running build_py
creating build
creating build/lib
creating build/lib/tempest_lib
creating build/lib/tempest_lib/tests
creating build/lib/tempest_lib/tests/services
copying tempest_lib/tests/services/__init__.py -> build/lib/tempest_lib/tests/services
creating build/lib/tempest_lib/tests/cli
copying tempest_lib/tests/cli/test_output_parser.py -> build/lib/tempest_lib/tests/cli
copying tempest_lib/tests/cli/__init__.py -> build/lib/tempest_lib/tests/cli
copying tempest_lib/tests/cli/test_command_failed.py -> build/lib/tempest_lib/tests/cli
creating build/lib/tempest_lib/services
creating build/lib/tempest_lib/services/identity
copying tempest_lib/services/identity/__init__.py -> build/lib/tempest_lib/services/identity
copying tempest_lib/tests/test_tempest_lib.py -> build/lib/tempest_lib/tests
copying tempest_lib/tests/test_ssh.py -> build/lib/tempest_lib/tests
copying tempest_lib/tests/fake_http.py -> build/lib/tempest_lib/tests
copying tempest_lib/tests/test_credentials.py -> build/lib/tempest_lib/tests
copying tempest_lib/tests/fake_identity.py -> build/lib/tempest_lib/tests
copying tempest_lib/tests/test_rest_client.py -> build/lib/tempest_lib/tests
copying tempest_lib/tests/fake_credentials.py -> build/lib/tempest_lib/tests
copying tempest_lib/tests/test_base.py -> build/lib/tempest_lib/tests
copying tempest_lib/tests/__init__.py -> build/lib/tempest_lib/tests
copying tempest_lib/tests/test_decorators.py -> build/lib/tempest_lib/tests
copying tempest_lib/tests/test_auth.py -> build/lib/tempest_lib/tests
copying tempest_lib/tests/base.py -> build/lib/tempest_lib/tests
copying tempest_lib/tests/fake_auth_provider.py -> build/lib/tempest_lib/tests
creating build/lib/tempest_lib/tests/common
copying tempest_lib/tests/common/__init__.py -> build/lib/tempest_lib/tests/common
creating build/lib/tempest_lib/common
copying tempest_lib/common/ssh.py -> build/lib/tempest_lib/common
copying tempest_lib/common/http.py -> build/lib/tempest_lib/common
copying tempest_lib/common/__init__.py -> build/lib/tempest_lib/common
copying tempest_lib/common/rest_client.py -> build/lib/tempest_lib/common
creating build/lib/tempest_lib/tests/common/utils
copying tempest_lib/tests/common/utils/__init__.py -> build/lib/tempest_lib/tests/common/utils
copying tempest_lib/tests/common/utils/test_data_utils.py -> build/lib/tempest_lib/tests/common/utils
copying tempest_lib/tests/common/utils/test_misc.py -> build/lib/tempest_lib/tests/common/utils
creating build/lib/tempest_lib/services/identity/v2
copying tempest_lib/services/identity/v2/token_client.py -> build/lib/tempest_lib/services/identity/v2
copying tempest_lib/services/identity/v2/__init__.py -> build/lib/tempest_lib/services/identity/v2
creating build/lib/tempest_lib/services/identity/v3
copying tempest_lib/services/identity/v3/token_client.py -> build/lib/tempest_lib/services/identity/v3
copying tempest_lib/services/identity/v3/__init__.py -> build/lib/tempest_lib/services/identity/v3
creating build/lib/tempest_lib/cli
copying tempest_lib/cli/output_parser.py -> build/lib/tempest_lib/cli
copying tempest_lib/cli/__init__.py -> build/lib/tempest_lib/cli
copying tempest_lib/cli/base.py -> build/lib/tempest_lib/cli
copying tempest_lib/services/__init__.py -> build/lib/tempest_lib/services
creating build/lib/tempest_lib/cmd
copying tempest_lib/cmd/skip_tracker.py -> build/lib/tempest_lib/cmd
copying tempest_lib/cmd/__init__.py -> build/lib/tempest_lib/cmd
creating build/lib/tempest_lib/common/utils
copying tempest_lib/common/utils/data_utils.py -> build/lib/tempest_lib/common/utils
copying tempest_lib/common/utils/misc.py -> build/lib/tempest_lib/common/utils
copying tempest_lib/common/utils/__init__.py -> build/lib/tempest_lib/common/utils
copying tempest_lib/__init__.py -> build/lib/tempest_lib
copying tempest_lib/decorators.py -> build/lib/tempest_lib
copying tempest_lib/auth.py -> build/lib/tempest_lib
copying tempest_lib/base.py -> build/lib/tempest_lib
copying tempest_lib/exceptions.py -> build/lib/tempest_lib
running egg_info
writing requirements to tempest_lib.egg-info/requires.txt
writing tempest_lib.egg-info/PKG-INFO
writing top-level names to tempest_lib.egg-info/top_level.txt
writing dependency_links to tempest_lib.egg-info/dependency_links.txt
writing entry points to tempest_lib.egg-info/entry_points.txt
[pbr] Reusing existing SOURCES.txt
creating build/lib/tempest_lib/tests/services/identity
creating build/lib/tempest_lib/tests/services/identity/v2
copying tempest_lib/tests/services/identity/v2/__init__.py -> build/lib/tempest_lib/tests/services/identity/v2
copying tempest_lib/tests/services/identity/v2/test_token_client.py -> build/lib/tempest_lib/tests/services/identity/v2
creating build/lib/tempest_lib/tests/services/identity/v3
copying tempest_lib/tests/services/identity/v3/__init__.py -> build/lib/tempest_lib/tests/services/identity/v3
copying tempest_lib/tests/services/identity/v3/test_token_client.py -> build/lib/tempest_lib/tests/services/identity/v3
running install_lib
creating /home/ubuntu/miniconda/envs/_build/lib/python2.7/site-packages/tempest_lib
creating /home/ubuntu/miniconda/envs/_build/lib/python2.7/site-packages/tempest_lib/services
creating /home/ubuntu/miniconda/envs/_build/lib/python2.7/site-packages/tempest_lib/services/identity
creating /home/ubuntu/miniconda/envs/_build/lib/python2.7/site-packages/tempest_lib/services/identity/v2
copying build/lib/tempest_lib/services/identity/v2/token_client.py -> /home/ubuntu/miniconda/envs/_build/lib/python2.7/site-packages/tempest_lib/services/identity/v2
copying build/lib/tempest_lib/services/identity/v2/__init__.py -> /home/ubuntu/miniconda/envs/_build/lib/python2.7/site-packages/tempest_lib/services/identity/v2
creating /home/ubuntu/miniconda/envs/_build/lib/python2.7/site-packages/tempest_lib/services/identity/v3
copying build/lib/tempest_lib/services/identity/v3/token_client.py -> /home/ubuntu/miniconda/envs/_build/lib/python2.7/site-packages/tempest_lib/services/identity/v3
copying build/lib/tempest_lib/services/identity/v3/__init__.py -> /home/ubuntu/miniconda/envs/_build/lib/python2.7/site-packages/tempest_lib/services/identity/v3
copying build/lib/tempest_lib/services/identity/__init__.py -> /home/ubuntu/miniconda/envs/_build/lib/python2.7/site-packages/tempest_lib/services/identity
copying build/lib/tempest_lib/services/__init__.py -> /home/ubuntu/miniconda/envs/_build/lib/python2.7/site-packages/tempest_lib/services
creating /home/ubuntu/miniconda/envs/_build/lib/python2.7/site-packages/tempest_lib/common
creating /home/ubuntu/miniconda/envs/_build/lib/python2.7/site-packages/tempest_lib/common/utils
copying build/lib/tempest_lib/common/utils/data_utils.py -> /home/ubuntu/miniconda/envs/_build/lib/python2.7/site-packages/tempest_lib/common/utils
copying build/lib/tempest_lib/common/utils/misc.py -> /home/ubuntu/miniconda/envs/_build/lib/python2.7/site-packages/tempest_lib/common/utils
copying build/lib/tempest_lib/common/utils/__init__.py -> /home/ubuntu/miniconda/envs/_build/lib/python2.7/site-packages/tempest_lib/common/utils
copying build/lib/tempest_lib/common/ssh.py -> /home/ubuntu/miniconda/envs/_build/lib/python2.7/site-packages/tempest_lib/common
copying build/lib/tempest_lib/common/http.py -> /home/ubuntu/miniconda/envs/_build/lib/python2.7/site-packages/tempest_lib/common
copying build/lib/tempest_lib/common/__init__.py -> /home/ubuntu/miniconda/envs/_build/lib/python2.7/site-packages/tempest_lib/common
copying build/lib/tempest_lib/common/rest_client.py -> /home/ubuntu/miniconda/envs/_build/lib/python2.7/site-packages/tempest_lib/common
creating /home/ubuntu/miniconda/envs/_build/lib/python2.7/site-packages/tempest_lib/tests
creating /home/ubuntu/miniconda/envs/_build/lib/python2.7/site-packages/tempest_lib/tests/services
creating /home/ubuntu/miniconda/envs/_build/lib/python2.7/site-packages/tempest_lib/tests/services/identity
creating /home/ubuntu/miniconda/envs/_build/lib/python2.7/site-packages/tempest_lib/tests/services/identity/v2
copying build/lib/tempest_lib/tests/services/identity/v2/test_token_client.py -> /home/ubuntu/miniconda/envs/_build/lib/python2.7/site-packages/tempest_lib/tests/services/identity/v2
copying build/lib/tempest_lib/tests/services/identity/v2/__init__.py -> /home/ubuntu/miniconda/envs/_build/lib/python2.7/site-packages/tempest_lib/tests/services/identity/v2
creating /home/ubuntu/miniconda/envs/_build/lib/python2.7/site-packages/tempest_lib/tests/services/identity/v3
copying build/lib/tempest_lib/tests/services/identity/v3/test_token_client.py -> /home/ubuntu/miniconda/envs/_build/lib/python2.7/site-packages/tempest_lib/tests/services/identity/v3
copying build/lib/tempest_lib/tests/services/identity/v3/__init__.py -> /home/ubuntu/miniconda/envs/_build/lib/python2.7/site-packages/tempest_lib/tests/services/identity/v3
copying build/lib/tempest_lib/tests/services/__init__.py -> /home/ubuntu/miniconda/envs/_build/lib/python2.7/site-packages/tempest_lib/tests/services
copying build/lib/tempest_lib/tests/test_tempest_lib.py -> /home/ubuntu/miniconda/envs/_build/lib/python2.7/site-packages/tempest_lib/tests
copying build/lib/tempest_lib/tests/test_ssh.py -> /home/ubuntu/miniconda/envs/_build/lib/python2.7/site-packages/tempest_lib/tests
copying build/lib/tempest_lib/tests/fake_http.py -> /home/ubuntu/miniconda/envs/_build/lib/python2.7/site-packages/tempest_lib/tests
creating /home/ubuntu/miniconda/envs/_build/lib/python2.7/site-packages/tempest_lib/tests/common
creating /home/ubuntu/miniconda/envs/_build/lib/python2.7/site-packages/tempest_lib/tests/common/utils
copying build/lib/tempest_lib/tests/common/utils/__init__.py -> /home/ubuntu/miniconda/envs/_build/lib/python2.7/site-packages/tempest_lib/tests/common/utils
copying build/lib/tempest_lib/tests/common/utils/test_data_utils.py -> /home/ubuntu/miniconda/envs/_build/lib/python2.7/site-packages/tempest_lib/tests/common/utils
copying build/lib/tempest_lib/tests/common/utils/test_misc.py -> /home/ubuntu/miniconda/envs/_build/lib/python2.7/site-packages/tempest_lib/tests/common/utils
copying build/lib/tempest_lib/tests/common/__init__.py -> /home/ubuntu/miniconda/envs/_build/lib/python2.7/site-packages/tempest_lib/tests/common
copying build/lib/tempest_lib/tests/test_credentials.py -> /home/ubuntu/miniconda/envs/_build/lib/python2.7/site-packages/tempest_lib/tests
copying build/lib/tempest_lib/tests/fake_identity.py -> /home/ubuntu/miniconda/envs/_build/lib/python2.7/site-packages/tempest_lib/tests
copying build/lib/tempest_lib/tests/test_rest_client.py -> /home/ubuntu/miniconda/envs/_build/lib/python2.7/site-packages/tempest_lib/tests
copying build/lib/tempest_lib/tests/fake_credentials.py -> /home/ubuntu/miniconda/envs/_build/lib/python2.7/site-packages/tempest_lib/tests
copying build/lib/tempest_lib/tests/test_base.py -> /home/ubuntu/miniconda/envs/_build/lib/python2.7/site-packages/tempest_lib/tests
copying build/lib/tempest_lib/tests/__init__.py -> /home/ubuntu/miniconda/envs/_build/lib/python2.7/site-packages/tempest_lib/tests
copying build/lib/tempest_lib/tests/test_decorators.py -> /home/ubuntu/miniconda/envs/_build/lib/python2.7/site-packages/tempest_lib/tests
copying build/lib/tempest_lib/tests/test_auth.py -> /home/ubuntu/miniconda/envs/_build/lib/python2.7/site-packages/tempest_lib/tests
creating /home/ubuntu/miniconda/envs/_build/lib/python2.7/site-packages/tempest_lib/tests/cli
copying build/lib/tempest_lib/tests/cli/test_output_parser.py -> /home/ubuntu/miniconda/envs/_build/lib/python2.7/site-packages/tempest_lib/tests/cli
copying build/lib/tempest_lib/tests/cli/__init__.py -> /home/ubuntu/miniconda/envs/_build/lib/python2.7/site-packages/tempest_lib/tests/cli
copying build/lib/tempest_lib/tests/cli/test_command_failed.py -> /home/ubuntu/miniconda/envs/_build/lib/python2.7/site-packages/tempest_lib/tests/cli
copying build/lib/tempest_lib/tests/base.py -> /home/ubuntu/miniconda/envs/_build/lib/python2.7/site-packages/tempest_lib/tests
copying build/lib/tempest_lib/tests/fake_auth_provider.py -> /home/ubuntu/miniconda/envs/_build/lib/python2.7/site-packages/tempest_lib/tests
copying build/lib/tempest_lib/__init__.py -> /home/ubuntu/miniconda/envs/_build/lib/python2.7/site-packages/tempest_lib
copying build/lib/tempest_lib/decorators.py -> /home/ubuntu/miniconda/envs/_build/lib/python2.7/site-packages/tempest_lib
copying build/lib/tempest_lib/auth.py -> /home/ubuntu/miniconda/envs/_build/lib/python2.7/site-packages/tempest_lib
creating /home/ubuntu/miniconda/envs/_build/lib/python2.7/site-packages/tempest_lib/cli
copying build/lib/tempest_lib/cli/output_parser.py -> /home/ubuntu/miniconda/envs/_build/lib/python2.7/site-packages/tempest_lib/cli
copying build/lib/tempest_lib/cli/__init__.py -> /home/ubuntu/miniconda/envs/_build/lib/python2.7/site-packages/tempest_lib/cli
copying build/lib/tempest_lib/cli/base.py -> /home/ubuntu/miniconda/envs/_build/lib/python2.7/site-packages/tempest_lib/cli
copying build/lib/tempest_lib/base.py -> /home/ubuntu/miniconda/envs/_build/lib/python2.7/site-packages/tempest_lib
copying build/lib/tempest_lib/exceptions.py -> /home/ubuntu/miniconda/envs/_build/lib/python2.7/site-packages/tempest_lib
creating /home/ubuntu/miniconda/envs/_build/lib/python2.7/site-packages/tempest_lib/cmd
copying build/lib/tempest_lib/cmd/skip_tracker.py -> /home/ubuntu/miniconda/envs/_build/lib/python2.7/site-packages/tempest_lib/cmd
copying build/lib/tempest_lib/cmd/__init__.py -> /home/ubuntu/miniconda/envs/_build/lib/python2.7/site-packages/tempest_lib/cmd
byte-compiling /home/ubuntu/miniconda/envs/_build/lib/python2.7/site-packages/tempest_lib/services/identity/v2/token_client.py to token_client.pyc
byte-compiling /home/ubuntu/miniconda/envs/_build/lib/python2.7/site-packages/tempest_lib/services/identity/v2/__init__.py to __init__.pyc
byte-compiling /home/ubuntu/miniconda/envs/_build/lib/python2.7/site-packages/tempest_lib/services/identity/v3/token_client.py to token_client.pyc
byte-compiling /home/ubuntu/miniconda/envs/_build/lib/python2.7/site-packages/tempest_lib/services/identity/v3/__init__.py to __init__.pyc
byte-compiling /home/ubuntu/miniconda/envs/_build/lib/python2.7/site-packages/tempest_lib/services/identity/__init__.py to __init__.pyc
byte-compiling /home/ubuntu/miniconda/envs/_build/lib/python2.7/site-packages/tempest_lib/services/__init__.py to __init__.pyc
byte-compiling /home/ubuntu/miniconda/envs/_build/lib/python2.7/site-packages/tempest_lib/common/utils/data_utils.py to data_utils.pyc
byte-compiling /home/ubuntu/miniconda/envs/_build/lib/python2.7/site-packages/tempest_lib/common/utils/misc.py to misc.pyc
byte-compiling /home/ubuntu/miniconda/envs/_build/lib/python2.7/site-packages/tempest_lib/common/utils/__init__.py to __init__.pyc
byte-compiling /home/ubuntu/miniconda/envs/_build/lib/python2.7/site-packages/tempest_lib/common/ssh.py to ssh.pyc
byte-compiling /home/ubuntu/miniconda/envs/_build/lib/python2.7/site-packages/tempest_lib/common/http.py to http.pyc
byte-compiling /home/ubuntu/miniconda/envs/_build/lib/python2.7/site-packages/tempest_lib/common/__init__.py to __init__.pyc
byte-compiling /home/ubuntu/miniconda/envs/_build/lib/python2.7/site-packages/tempest_lib/common/rest_client.py to rest_client.pyc
byte-compiling /home/ubuntu/miniconda/envs/_build/lib/python2.7/site-packages/tempest_lib/tests/services/identity/v2/test_token_client.py to test_token_client.pyc
byte-compiling /home/ubuntu/miniconda/envs/_build/lib/python2.7/site-packages/tempest_lib/tests/services/identity/v2/__init__.py to __init__.pyc
byte-compiling /home/ubuntu/miniconda/envs/_build/lib/python2.7/site-packages/tempest_lib/tests/services/identity/v3/test_token_client.py to test_token_client.pyc
byte-compiling /home/ubuntu/miniconda/envs/_build/lib/python2.7/site-packages/tempest_lib/tests/services/identity/v3/__init__.py to __init__.pyc
byte-compiling /home/ubuntu/miniconda/envs/_build/lib/python2.7/site-packages/tempest_lib/tests/services/__init__.py to __init__.pyc
byte-compiling /home/ubuntu/miniconda/envs/_build/lib/python2.7/site-packages/tempest_lib/tests/test_tempest_lib.py to test_tempest_lib.pyc
byte-compiling /home/ubuntu/miniconda/envs/_build/lib/python2.7/site-packages/tempest_lib/tests/test_ssh.py to test_ssh.pyc
byte-compiling /home/ubuntu/miniconda/envs/_build/lib/python2.7/site-packages/tempest_lib/tests/fake_http.py to fake_http.pyc
byte-compiling /home/ubuntu/miniconda/envs/_build/lib/python2.7/site-packages/tempest_lib/tests/common/utils/__init__.py to __init__.pyc
byte-compiling /home/ubuntu/miniconda/envs/_build/lib/python2.7/site-packages/tempest_lib/tests/common/utils/test_data_utils.py to test_data_utils.pyc
byte-compiling /home/ubuntu/miniconda/envs/_build/lib/python2.7/site-packages/tempest_lib/tests/common/utils/test_misc.py to test_misc.pyc
byte-compiling /home/ubuntu/miniconda/envs/_build/lib/python2.7/site-packages/tempest_lib/tests/common/__init__.py to __init__.pyc
byte-compiling /home/ubuntu/miniconda/envs/_build/lib/python2.7/site-packages/tempest_lib/tests/test_credentials.py to test_credentials.pyc
byte-compiling /home/ubuntu/miniconda/envs/_build/lib/python2.7/site-packages/tempest_lib/tests/fake_identity.py to fake_identity.pyc
byte-compiling /home/ubuntu/miniconda/envs/_build/lib/python2.7/site-packages/tempest_lib/tests/test_rest_client.py to test_rest_client.pyc
byte-compiling /home/ubuntu/miniconda/envs/_build/lib/python2.7/site-packages/tempest_lib/tests/fake_credentials.py to fake_credentials.pyc
byte-compiling /home/ubuntu/miniconda/envs/_build/lib/python2.7/site-packages/tempest_lib/tests/test_base.py to test_base.pyc
byte-compiling /home/ubuntu/miniconda/envs/_build/lib/python2.7/site-packages/tempest_lib/tests/__init__.py to __init__.pyc
byte-compiling /home/ubuntu/miniconda/envs/_build/lib/python2.7/site-packages/tempest_lib/tests/test_decorators.py to test_decorators.pyc
byte-compiling /home/ubuntu/miniconda/envs/_build/lib/python2.7/site-packages/tempest_lib/tests/test_auth.py to test_auth.pyc
byte-compiling /home/ubuntu/miniconda/envs/_build/lib/python2.7/site-packages/tempest_lib/tests/cli/test_output_parser.py to test_output_parser.pyc
byte-compiling /home/ubuntu/miniconda/envs/_build/lib/python2.7/site-packages/tempest_lib/tests/cli/__init__.py to __init__.pyc
byte-compiling /home/ubuntu/miniconda/envs/_build/lib/python2.7/site-packages/tempest_lib/tests/cli/test_command_failed.py to test_command_failed.pyc
byte-compiling /home/ubuntu/miniconda/envs/_build/lib/python2.7/site-packages/tempest_lib/tests/base.py to base.pyc
byte-compiling /home/ubuntu/miniconda/envs/_build/lib/python2.7/site-packages/tempest_lib/tests/fake_auth_provider.py to fake_auth_provider.pyc
byte-compiling /home/ubuntu/miniconda/envs/_build/lib/python2.7/site-packages/tempest_lib/__init__.py to __init__.pyc
byte-compiling /home/ubuntu/miniconda/envs/_build/lib/python2.7/site-packages/tempest_lib/decorators.py to decorators.pyc
byte-compiling /home/ubuntu/miniconda/envs/_build/lib/python2.7/site-packages/tempest_lib/auth.py to auth.pyc
byte-compiling /home/ubuntu/miniconda/envs/_build/lib/python2.7/site-packages/tempest_lib/cli/output_parser.py to output_parser.pyc
byte-compiling /home/ubuntu/miniconda/envs/_build/lib/python2.7/site-packages/tempest_lib/cli/__init__.py to __init__.pyc
byte-compiling /home/ubuntu/miniconda/envs/_build/lib/python2.7/site-packages/tempest_lib/cli/base.py to base.pyc
byte-compiling /home/ubuntu/miniconda/envs/_build/lib/python2.7/site-packages/tempest_lib/base.py to base.pyc
byte-compiling /home/ubuntu/miniconda/envs/_build/lib/python2.7/site-packages/tempest_lib/exceptions.py to exceptions.pyc
byte-compiling /home/ubuntu/miniconda/envs/_build/lib/python2.7/site-packages/tempest_lib/cmd/skip_tracker.py to skip_tracker.pyc
byte-compiling /home/ubuntu/miniconda/envs/_build/lib/python2.7/site-packages/tempest_lib/cmd/__init__.py to __init__.pyc
running install_egg_info
Copying tempest_lib.egg-info to /home/ubuntu/miniconda/envs/_build/lib/python2.7/site-packages/tempest_lib-0.6.1-py2.7.egg-info
running install_scripts
Installing skip-tracker script to /home/ubuntu/miniconda/envs/_build/bin

The following NEW packages will be INSTALLED:

    openssl:    1.0.1k-1     
    pip:        7.0.3-py27_0 
    python:     2.7.10-0     
    readline:   6.2-2        
    setuptools: 18.0.1-py27_0
    sqlite:     3.8.4.1-1    
    system:     5.8-2        
    tk:         8.5.18-0     
    zlib:       1.2.8-0      

Linking packages ...
[                    ]|                                                  |   0%[openssl             ]|                                                  |   0%[readline            ]|#####                                             |  11%[sqlite              ]|###########                                       |  22%[system              ]|################                                  |  33%[tk                  ]|######################                            |  44%[zlib                ]|###########################                       |  55%[python              ]|#################################                 |  66%[setuptools          ]|######################################            |  77%[pip                 ]|############################################      |  88%[      COMPLETE      ]|##################################################| 100%
Removing old work directory
Source cache directory is: /home/ubuntu/miniconda/conda-bld/src_cache
Found source in cache: tempest-lib-0.6.1.tar.gz
Extracting download
Package: tempest-lib-0.6.1-py_0
source tree in: /home/ubuntu/miniconda/conda-bld/work/tempest-lib-0.6.1
number of files: 105
Fixing permissions
Fixing permissions
BUILD END: tempest-lib-0.6.1-py_0
Nothing to test for: tempest-lib-0.6.1-py_0
# If you want to upload this package to binstar.org later, type:
#
# $ binstar upload /home/ubuntu/miniconda/conda-bld/noarch/tempest-lib-0.6.1-py_0.tar.bz2
#
# To have conda build upload to binstar automatically, use
# $ conda config --set binstar_upload yes

