Error: prefix already exists: /home/ubuntu/miniconda/envs/_pipbuild_
Collecting textblob==0.9.1
  Could not find a version that satisfies the requirement textblob==0.9.1 (from versions: 0.1, 0.1.2, 0.1.3, 0.1.31, 0.1.32, 0.1.33, 0.1.34, 0.1.35, 0.1.36, 0.2.0, 0.2.1, 0.2.3, 0.2.4, 0.2.5, 0.2.6, 0.3.0, 0.3.1, 0.3.2, 0.3.3, 0.3.4, 0.3.5, 0.3.6, 0.3.7, 0.3.8, 0.3.9, 0.3.10, 0.4.0, 0.5.0, 0.5.1, 0.5.2, 0.5.3, 0.6.0, 0.6.1, 0.6.2, 0.6.3, 0.7.0, 0.7.1, 0.8.0, 0.8.1, 0.8.2, 0.8.3, 0.8.4, 0.9.0)
No matching distribution found for textblob==0.9.1
Package search: {'_pypi_ordering': False, 'version': '0.9.1', 'name': 'textblob', 'summary': 'Simple, Pythonic text processing. Sentiment analysis, POS tagging, noun phrase parsing, and more.'}
Creating standard recipe for textblob-0.9.1
Using url https://pypi.python.org/packages/source/t/textblob/textblob-0.9.1.tar.gz (618 KB) for textblob.
Downloading textblob
Using cached download
Unpacking textblob...
done
working in /tmp/tmpXSltdKconda_skeleton_textblob-0.9.1.tar.gz
Fetching package metadata: ......

WARNING: conda-build appears to be out of date. You have version 1.13.0 but the
latest version is 1.14.0. Run

conda update -n root conda-build

to get the latest version.

Solving package specifications: .patching file core.py
Hunk #1 succeeded at 168 with fuzz 2 (offset 2 lines).
Traceback (most recent call last):
  File "setup.py", line 4, in <module>
    from setuptools import setup, find_packages
ImportError: No module named setuptools

The following NEW packages will be INSTALLED:

    numpy:  1.9.2-py27_0
    pyyaml: 3.11-py27_1 
    yaml:   0.1.6-0     

Linking packages ...
[                    ]|                                                  |   0%[yaml                ]|                                                  |   0%[numpy               ]|################                                  |  33%[pyyaml              ]|#################################                 |  66%[      COMPLETE      ]|##################################################| 100%
Applying patch: '/tmp/tmpXSltdKconda_skeleton_textblob-0.9.1.tar.gz/pypi-distutils.patch'
$PYTHONPATH = /tmp/tmpXSltdKconda_skeleton_textblob-0.9.1.tar.gz/textblob-0.9.1
Error: command failed: /home/ubuntu/miniconda/envs/_build/bin/python setup.py install

conda create -n _pipbuild_ --yes python pip
/home/ubuntu/miniconda/envs/_pipbuild_/bin/pip install textblob==0.9.1
Error: Could not pip install textblob==0.9.1
