Warning, the following versions were found for tiddlyweb
2.4.1
2.4.0
2.3.0
2.2.0
2.1.5
2.1.4
2.1.3
2.1.2
2.1.1
2.1.0
2.0.2
2.0.1
2.0.0
1.4.18
1.4.17
1.4.16
1.4.15
1.4.14
1.4.13
1.4.12
1.4.11
1.4.10
1.4.9
1.4.8
1.4.7
1.4.6
1.4.5
1.4.4
1.4.3
1.4.2
1.4.1
1.4.0
1.3.6
1.3.5
1.3.4
1.3.3
1.3.2
1.3.1
1.3.0
1.2.67
1.2.66
1.2.65
1.2.64
1.2.63
1.2.62
1.2.61
1.2.60
1.2.59
1.2.58
1.2.57
1.2.56
1.2.55
1.2.54
1.2.53
1.2.52
1.2.51
1.2.50
1.2.49
1.2.48
1.2.47
1.2.46
1.2.45
1.2.44
1.2.43
1.2.42
1.2.41
1.2.40
1.2.39
1.2.38
1.2.37
1.2.36
1.2.35
1.2.34
1.2.33
1.2.32
1.2.31
1.2.30
1.2.29
1.2.28
1.2.27
1.2.26
1.2.25
1.2.24
1.2.23
1.2.22
1.2.21
1.2.20
1.2.19
1.2.18
1.2.17
1.2.16
1.2.15
1.2.14
1.2.13
1.2.12
1.2.11
1.2.10
1.2.9
1.2.8
1.2.7
1.2.6
1.2.5
1.2.4
1.2.3
1.2.2
1.2.1
1.2.0
1.0.4
1.0.3
1.0.2
1.0.1
1.0.0
0.9.96
0.9.95
0.9.94
0.9.93
0.9.92
0.9.91
0.9.90
0.9.89
0.9.88
0.9.87
0.9.86
0.9.85
0.9.84
0.9.83
0.9.82
0.9.81
0.9.80
0.9.79
0.9.78
0.9.77
0.9.76
0.9.75
0.9.74
0.9.73
0.9.72
0.9.71
0.9.70
0.9.69
0.9.68
0.9.67
0.9.66
0.9.65
0.9.64
0.9.63
0.9.62
0.9.61
0.9.60
0.9.59
0.9.58
0.9.57
0.9.56
0.9.55
0.9.54
0.9.53
0.9.52
0.9.51
0.9.50
0.9.44
0.9.43
0.9.42
0.9.41
0.9.40
0.9.39
0.9.38
0.9.37
0.9.36
0.9.35
0.9.34
0.9.33
0.9.32
0.9.31
0.9.30
Using 2.4.1
Use --version to specify a different version.
Using url https://pypi.python.org/packages/source/t/tiddlyweb/tiddlyweb-2.4.1.tar.gz (155 KB) for tiddlyweb.
Downloading tiddlyweb
Using cached download
Unpacking tiddlyweb...
done
working in /tmp/tmpJ9AWZoconda_skeleton_tiddlyweb-2.4.1.tar.gz
Fetching package metadata: ......

WARNING: conda-build appears to be out of date. You have version 1.13.0 but the
latest version is 1.14.1. Run

conda update -n root conda-build

to get the latest version.

Solving package specifications: .patching file core.py
Hunk #1 succeeded at 168 with fuzz 2 (offset 2 lines).

The following NEW packages will be INSTALLED:

    numpy:  1.9.2-py27_0
    pyyaml: 3.11-py27_1 
    yaml:   0.1.6-0     

Linking packages ...
[                    ]|                                                  |   0%[yaml                ]|                                                  |   0%[numpy               ]|################                                  |  33%[pyyaml              ]|#################################                 |  66%[      COMPLETE      ]|##################################################| 100%
Applying patch: '/tmp/tmpJ9AWZoconda_skeleton_tiddlyweb-2.4.1.tar.gz/pypi-distutils.patch'
Error: Could not find any versions of package wsgi-intercept
