Removing old build directory
Removing old work directory
BUILD START: tl.eggdeps-0.4-py_0
Fetching package metadata: ......

WARNING: conda-build appears to be out of date. You have version 1.13.0 but the
latest version is 1.14.0. Run

conda update -n root conda-build

to get the latest version.

Solving package specifications: .+ pip install tl.eggdeps
Collecting tl.eggdeps
  Downloading http://localhost/packages/source/t/tl.eggdeps/tl.eggdeps-0.4.tar.gz
Requirement already satisfied (use --upgrade to upgrade): setuptools in /home/ubuntu/miniconda/envs/_build/lib/python2.7/site-packages (from tl.eggdeps)
Installing collected packages: tl.eggdeps
  Running setup.py install for tl.eggdeps
Successfully installed tl.eggdeps-0.4

The following NEW packages will be INSTALLED:

    openssl:    1.0.1k-1     
    pip:        7.0.3-py27_0 
    python:     2.7.10-0     
    readline:   6.2-2        
    setuptools: 18.0.1-py27_0
    sqlite:     3.8.4.1-1    
    system:     5.8-2        
    tk:         8.5.18-0     
    zlib:       1.2.8-0      

Linking packages ...
[                    ]|                                                  |   0%[openssl             ]|                                                  |   0%[readline            ]|#####                                             |  11%[sqlite              ]|###########                                       |  22%[system              ]|################                                  |  33%[tk                  ]|######################                            |  44%[zlib                ]|###########################                       |  55%[python              ]|#################################                 |  66%[setuptools          ]|######################################            |  77%[pip                 ]|############################################      |  88%[      COMPLETE      ]|##################################################| 100%
Removing old work directory
Copying /home/ubuntu/pypi-conda-builds/tl.eggdeps to /home/ubuntu/miniconda/conda-bld/work
Package: tl.eggdeps-0.4-py_0
source tree in: /home/ubuntu/miniconda/conda-bld/work
number of files: 36
Fixing permissions
[noarch_python] Error: Don't know how to handle file: ABOUT.txt
Package search: {'_pypi_ordering': False, 'version': '0.4', 'name': 'tl.eggdeps', 'summary': 'Compute a dependency graph between active Python eggs.'}
Creating standard recipe for tl.eggdeps-0.4
Converting recipe in /home/ubuntu/pypi-conda-builds/tl.eggdeps
package = tl.eggdeps
   dependencies = []
Building conda package for tl.eggdeps
