Error: prefix already exists: /home/ubuntu/miniconda/envs/_pipbuild_
Collecting tldextract==1.6
  Downloading http://localhost/packages/source/t/tldextract/tldextract-1.6.tar.gz (58kB)
setuptools must be installed to install from a source distribution
Package search: {'_pypi_ordering': False, 'version': '1.6', 'name': 'tldextract', 'summary': 'Accurately separate the TLD from the registered domain and subdomains of a URL, using the Public Suffix List.'}
Creating standard recipe for tldextract-1.6
Using url https://pypi.python.org/packages/source/t/tldextract/tldextract-1.6.tar.gz (57 KB) for tldextract.
Downloading tldextract
Using cached download
Unpacking tldextract...
done
working in /tmp/tmpDHofmXconda_skeleton_tldextract-1.6.tar.gz
Fetching package metadata: ......

WARNING: conda-build appears to be out of date. You have version 1.13.0 but the
latest version is 1.14.0. Run

conda update -n root conda-build

to get the latest version.

Solving package specifications: .patching file core.py
Hunk #1 succeeded at 168 with fuzz 2 (offset 2 lines).
Traceback (most recent call last):
  File "setup.py", line 3, in <module>
    from setuptools import setup
ImportError: No module named setuptools

Applying patch: '/tmp/tmpDHofmXconda_skeleton_tldextract-1.6.tar.gz/pypi-distutils.patch'
$PYTHONPATH = /tmp/tmpDHofmXconda_skeleton_tldextract-1.6.tar.gz/tldextract-1.6
Error: command failed: /home/ubuntu/miniconda/envs/_build/bin/python setup.py install

conda create -n _pipbuild_ --yes python pip
/home/ubuntu/miniconda/envs/_pipbuild_/bin/pip install tldextract==1.6
Error: Could not pip install tldextract==1.6
