Warning, the following versions were found for tldextract
1.6
1.5.1
1.5
1.4
1.3.1
1.3
1.2.2
1.2.1
1.2
1.1.3
1.1.2
1.1.1
1.1
1.0
0.4
0.3.2
0.3.1
0.3
0.2
0.1.1
0.1
Using 1.6
Use --version to specify a different version.
Using url https://pypi.python.org/packages/source/t/tldextract/tldextract-1.6.tar.gz (57 KB) for tldextract.
Downloading tldextract
Using cached download
Unpacking tldextract...
done
working in /tmp/tmpTnoC22conda_skeleton_tldextract-1.6.tar.gz
Fetching package metadata: ......

WARNING: conda-build appears to be out of date. You have version 1.13.0 but the
latest version is 1.14.1. Run

conda update -n root conda-build

to get the latest version.

Solving package specifications: .patching file core.py
Hunk #1 succeeded at 168 with fuzz 2 (offset 2 lines).

Applying patch: '/tmp/tmpTnoC22conda_skeleton_tldextract-1.6.tar.gz/pypi-distutils.patch'
Writing recipe for tldextract
Done
