Error: prefix already exists: /home/ubuntu/miniconda/envs/_pipbuild_
Collecting tooz==0.16.0
  Could not find a version that satisfies the requirement tooz==0.16.0 (from versions: 0.1, 0.2, 0.3, 0.4, 0.5, 0.6, 0.7, 0.8, 0.9, 0.10, 0.11, 0.12, 0.13.0, 0.13.1, 0.13.2, 0.14.0, 0.15.0)
No matching distribution found for tooz==0.16.0
Package search: {'_pypi_ordering': False, 'version': '0.16.0', 'name': 'tooz', 'summary': 'Coordination library for distributed systems.'}
Creating standard recipe for tooz-0.16.0
Using url https://pypi.python.org/packages/source/t/tooz/tooz-0.16.0.tar.gz (52 KB) for tooz.
Downloading tooz
Unpacking tooz...
done
working in /tmp/tmp6wvFz8conda_skeleton_tooz-0.16.0.tar.gz
Fetching package metadata: ......

WARNING: conda-build appears to be out of date. You have version 1.13.0 but the
latest version is 1.14.0. Run

conda update -n root conda-build

to get the latest version.

Solving package specifications: .patching file core.py
Hunk #1 succeeded at 168 with fuzz 2 (offset 2 lines).
Traceback (most recent call last):
  File "setup.py", line 17, in <module>
    import setuptools
ImportError: No module named setuptools

The following NEW packages will be INSTALLED:

    numpy:  1.9.2-py27_0
    pyyaml: 3.11-py27_1 
    yaml:   0.1.6-0     

Linking packages ...
[                    ]|                                                  |   0%[yaml                ]|                                                  |   0%[numpy               ]|################                                  |  33%[pyyaml              ]|#################################                 |  66%[      COMPLETE      ]|##################################################| 100%
Applying patch: '/tmp/tmp6wvFz8conda_skeleton_tooz-0.16.0.tar.gz/pypi-distutils.patch'
$PYTHONPATH = /tmp/tmp6wvFz8conda_skeleton_tooz-0.16.0.tar.gz/tooz-0.16.0
Error: command failed: /home/ubuntu/miniconda/envs/_build/bin/python setup.py install

conda create -n _pipbuild_ --yes python pip
/home/ubuntu/miniconda/envs/_pipbuild_/bin/pip install tooz==0.16.0
Error: Could not pip install tooz==0.16.0
