Error: prefix already exists: /home/ubuntu/miniconda/envs/_pipbuild_
Collecting tox==2.1.1
  Could not find a version that satisfies the requirement tox==2.1.1 (from versions: 0.5, 0.6, 0.7, 0.8, 0.9, 1.0, 1.1, 1.2, 1.3, 1.4, 1.4.1, 1.4.2, 1.4.3, 1.5.0, 1.6.0, 1.6.1, 1.7.0, 1.7.1, 1.7.2, 1.8.0, 1.8.1, 1.9.0, 1.9.1, 1.9.2, 2.0.0, 2.0.1)
No matching distribution found for tox==2.1.1
Package search: {'_pypi_ordering': False, 'version': '2.1.1', 'name': 'tox', 'summary': 'virtualenv-based automation of test activities'}
Creating standard recipe for tox-2.1.1
Using url https://pypi.python.org/packages/source/t/tox/tox-2.1.1.tar.gz (100 KB) for tox.
Downloading tox
Unpacking tox...
done
working in /tmp/tmpNFH3gqconda_skeleton_tox-2.1.1.tar.gz
Fetching package metadata: ......

WARNING: conda-build appears to be out of date. You have version 1.13.0 but the
latest version is 1.14.0. Run

conda update -n root conda-build

to get the latest version.

Solving package specifications: .patching file core.py
Hunk #1 succeeded at 168 with fuzz 2 (offset 2 lines).
Traceback (most recent call last):
  File "setup.py", line 2, in <module>
    import setuptools
ImportError: No module named setuptools

Applying patch: '/tmp/tmpNFH3gqconda_skeleton_tox-2.1.1.tar.gz/pypi-distutils.patch'
$PYTHONPATH = /tmp/tmpNFH3gqconda_skeleton_tox-2.1.1.tar.gz/tox-2.1.1
Error: command failed: /home/ubuntu/miniconda/envs/_build/bin/python setup.py install

conda create -n _pipbuild_ --yes python pip
/home/ubuntu/miniconda/envs/_pipbuild_/bin/pip install tox==2.1.1
Error: Could not pip install tox==2.1.1
