trac not found, trying Trac
Warning, the following versions were found for Trac
1.0.6.post2
1.0.5
1.0.4
1.0.3
1.0.2
1.0.1
1.0
0.12.6
0.12.5
0.12.4
0.12.3
0.12.2
0.12.1
0.12
0.11.4
0.11.3
0.11.2
0.11.1
0.11
0.10
0.9
0.8.4
Using 1.0.6.post2
Use --version to specify a different version.
Using url https://pypi.python.org/packages/source/T/Trac/Trac-1.0.6.post2.tar.gz (3.5 MB) for Trac.
Downloading Trac
Using cached download
Unpacking Trac...
done
working in /tmp/tmplmBjACconda_skeleton_Trac-1.0.6.post2.tar.gz
Fetching package metadata: ......

WARNING: conda-build appears to be out of date. You have version 1.13.0 but the
latest version is 1.14.1. Run

conda update -n root conda-build

to get the latest version.

Solving package specifications: .patching file core.py
Hunk #1 succeeded at 168 with fuzz 2 (offset 2 lines).
Genshi is needed by Trac setup, pre-installing

Applying patch: '/tmp/tmplmBjACconda_skeleton_Trac-1.0.6.post2.tar.gz/pypi-distutils.patch'
WARNING: Could not add entry points. They were:

        [console_scripts]
        trac-admin = trac.admin.console:run
        tracd = trac.web.standalone:main

        [trac.plugins]
        trac.about = trac.about
        trac.admin.console = trac.admin.console
        trac.admin.web_ui = trac.admin.web_ui
        trac.attachment = trac.attachment
        trac.db.mysql = trac.db.mysql_backend
        trac.db.postgres = trac.db.postgres_backend
        trac.db.sqlite = trac.db.sqlite_backend
        trac.mimeview.patch = trac.mimeview.patch
        trac.mimeview.pygments = trac.mimeview.pygments[Pygments]
        trac.mimeview.rst = trac.mimeview.rst[reST]
        trac.mimeview.txtl = trac.mimeview.txtl[Textile]
        trac.prefs = trac.prefs.web_ui
        trac.search = trac.search.web_ui
        trac.ticket.admin = trac.ticket.admin
        trac.ticket.batch = trac.ticket.batch
        trac.ticket.query = trac.ticket.query
        trac.ticket.report = trac.ticket.report
        trac.ticket.roadmap = trac.ticket.roadmap
        trac.ticket.web_ui = trac.ticket.web_ui
        trac.timeline = trac.timeline.web_ui
        trac.versioncontrol.admin = trac.versioncontrol.admin
        trac.versioncontrol.svn_authz = trac.versioncontrol.svn_authz
        trac.versioncontrol.web_ui = trac.versioncontrol.web_ui
        trac.web.auth = trac.web.auth
        trac.web.main = trac.web.main
        trac.web.session = trac.web.session
        trac.wiki.admin = trac.wiki.admin
        trac.wiki.interwiki = trac.wiki.interwiki
        trac.wiki.macros = trac.wiki.macros
        trac.wiki.web_ui = trac.wiki.web_ui
        trac.wiki.web_api = trac.wiki.web_api
        tracopt.mimeview.enscript = tracopt.mimeview.enscript
        tracopt.mimeview.php = tracopt.mimeview.php
        tracopt.mimeview.silvercity = tracopt.mimeview.silvercity[SilverCity]
        tracopt.perm.authz_policy = tracopt.perm.authz_policy[ConfigObj]
        tracopt.perm.config_perm_provider = tracopt.perm.config_perm_provider
        tracopt.ticket.clone = tracopt.ticket.clone
        tracopt.ticket.commit_updater = tracopt.ticket.commit_updater
        tracopt.ticket.deleter = tracopt.ticket.deleter
        tracopt.versioncontrol.git.git_fs = tracopt.versioncontrol.git.git_fs
        tracopt.versioncontrol.svn.svn_fs = tracopt.versioncontrol.svn.svn_fs
        tracopt.versioncontrol.svn.svn_prop = tracopt.versioncontrol.svn.svn_prop
    
silvercity not found, trying SilverCity
Error: Could not parse url for SilverCity: UNKNOWN
