Error: prefix already exists: /home/ubuntu/miniconda/envs/_pipbuild_
Collecting trachet==1.0.9
  Downloading http://localhost/packages/source/t/trachet/trachet-1.0.9.tar.gz (69kB)
setuptools must be installed to install from a source distribution
Package search: {'_pypi_ordering': False, 'version': '1.0.9', 'name': 'trachet', 'summary': 'Step-by-step/realtime terminal debugger.  It tell you what is happening on your terminal.'}
Creating standard recipe for trachet-1.0.9
Using url https://pypi.python.org/packages/source/t/trachet/trachet-1.0.9.tar.gz (67 KB) for trachet.
Downloading trachet
Using cached download
Unpacking trachet...
done
working in /tmp/tmprqtVJvconda_skeleton_trachet-1.0.9.tar.gz
Fetching package metadata: ......

WARNING: conda-build appears to be out of date. You have version 1.13.0 but the
latest version is 1.14.0. Run

conda update -n root conda-build

to get the latest version.

Solving package specifications: .patching file core.py
Hunk #1 succeeded at 168 with fuzz 2 (offset 2 lines).
Traceback (most recent call last):
  File "setup.py", line 21, in <module>
    from setuptools import setup, find_packages
ImportError: No module named setuptools

Applying patch: '/tmp/tmprqtVJvconda_skeleton_trachet-1.0.9.tar.gz/pypi-distutils.patch'
$PYTHONPATH = /tmp/tmprqtVJvconda_skeleton_trachet-1.0.9.tar.gz/trachet-1.0.9
Error: command failed: /home/ubuntu/miniconda/envs/_build/bin/python setup.py install

conda create -n _pipbuild_ --yes python pip
/home/ubuntu/miniconda/envs/_pipbuild_/bin/pip install trachet==1.0.9
Error: Could not pip install trachet==1.0.9
