Warning, the following versions were found for translate-toolkit
1.13.0
1.13.0-rc1
1.12.0
1.12.0-rc1
1.11.0
1.11.0-rc1
1.10.0
1.9.0
1.8.0
1.7.0
1.6.0
1.5.3
1.5.1
1.1.1
1.1.0
1.0.1
Using 1.13.0
Use --version to specify a different version.
Using url https://pypi.python.org/packages/source/t/translate-toolkit/translate-toolkit-1.13.0.tar.bz2 (4.4 MB) for translate-toolkit.
Downloading translate-toolkit
Using cached download
Unpacking translate-toolkit...
done
working in /tmp/tmphjHL_Nconda_skeleton_translate-toolkit-1.13.0.tar.bz2
Fetching package metadata: ......

WARNING: conda-build appears to be out of date. You have version 1.13.0 but the
latest version is 1.14.1. Run

conda update -n root conda-build

to get the latest version.

Solving package specifications: .patching file core.py
Hunk #1 succeeded at 168 with fuzz 2 (offset 2 lines).

The following NEW packages will be INSTALLED:

    numpy:  1.9.2-py27_0
    pyyaml: 3.11-py27_1 
    yaml:   0.1.6-0     

Linking packages ...
[                    ]|                                                  |   0%[yaml                ]|                                                  |   0%[numpy               ]|################                                  |  33%[pyyaml              ]|#################################                 |  66%[      COMPLETE      ]|##################################################| 100%
Applying patch: '/tmp/tmphjHL_Nconda_skeleton_translate-toolkit-1.13.0.tar.bz2/pypi-distutils.patch'
Writing recipe for translate-toolkit
Done
