Error: prefix already exists: /home/ubuntu/miniconda/envs/_pipbuild_
Collecting treeherder-client==1.5
  Could not find a version that satisfies the requirement treeherder-client==1.5 (from versions: 1.0, 1.1, 1.2)
No matching distribution found for treeherder-client==1.5
Package search: {'_pypi_ordering': False, 'version': '1.5', 'name': 'treeherder-client', 'summary': 'Python library to retrieve and submit data to the Treeherder API'}
Creating standard recipe for treeherder-client-1.5
Using url https://pypi.python.org/packages/source/t/treeherder-client/treeherder-client-1.5.tar.gz (9 KB) for treeherder-client.
Downloading treeherder-client
Unpacking treeherder-client...
done
working in /tmp/tmpNPVeBPconda_skeleton_treeherder-client-1.5.tar.gz
Fetching package metadata: ......

WARNING: conda-build appears to be out of date. You have version 1.13.0 but the
latest version is 1.14.0. Run

conda update -n root conda-build

to get the latest version.

Solving package specifications: .patching file core.py
Hunk #1 succeeded at 168 with fuzz 2 (offset 2 lines).
Traceback (most recent call last):
  File "setup.py", line 5, in <module>
    from setuptools import setup
ImportError: No module named setuptools

Applying patch: '/tmp/tmpNPVeBPconda_skeleton_treeherder-client-1.5.tar.gz/pypi-distutils.patch'
$PYTHONPATH = /tmp/tmpNPVeBPconda_skeleton_treeherder-client-1.5.tar.gz/treeherder-client-1.5
Error: command failed: /home/ubuntu/miniconda/envs/_build/bin/python setup.py install

conda create -n _pipbuild_ --yes python pip
/home/ubuntu/miniconda/envs/_pipbuild_/bin/pip install treeherder-client==1.5
Error: Could not pip install treeherder-client==1.5
