Error: prefix already exists: /home/ubuntu/miniconda/envs/_pipbuild_
Collecting protobuf==3.0.0a3
  Could not find a version that satisfies the requirement protobuf==3.0.0a3 (from versions: 2.0.0b0, 2.0.3, 2.3.0, 2.4.1, 2.5.0, 2.6.0, 2.6.1, 3.0.0a1, 3.0.0a2)
No matching distribution found for protobuf==3.0.0a3
Package search: {'_pypi_ordering': False, 'version': '0.1.2', 'name': 'trisdb-py', 'summary': 'The Python interface to TrisDb'}
Creating standard recipe for trisdb-py-0.1.2
Converting recipe in /home/ubuntu/pypi-conda-builds/trisdb-py
package = trisdb-py
   dependencies = [u'protobuf']
Creating standard recipe for protobuf
Warning, the following versions were found for protobuf
3.0.0a3
3.0.0a2
3.0.0-alpha-1
2.6.1
2.6.0
2.5.0
2.4.1
2.3.0
2.0.3
2.0.0beta
Using 3.0.0a3
Use --version to specify a different version.
Using url https://pypi.python.org/packages/source/p/protobuf/protobuf-3.0.0a3.tar.gz (86 KB) for protobuf.
Downloading protobuf
Using cached download
Unpacking protobuf...
done
working in /tmp/tmpLWS2BFconda_skeleton_protobuf-3.0.0a3.tar.gz
Fetching package metadata: ......

WARNING: conda-build appears to be out of date. You have version 1.13.0 but the
latest version is 1.14.0. Run

conda update -n root conda-build

to get the latest version.

Solving package specifications: .patching file core.py
Hunk #1 succeeded at 168 with fuzz 2 (offset 2 lines).
Could not import setuptools; make sure you have setuptools or ez_setup installed.
Traceback (most recent call last):
  File "setup.py", line 15, in <module>
    from ez_setup import use_setuptools
ImportError: No module named ez_setup

Applying patch: '/tmp/tmpLWS2BFconda_skeleton_protobuf-3.0.0a3.tar.gz/pypi-distutils.patch'
$PYTHONPATH = /tmp/tmpLWS2BFconda_skeleton_protobuf-3.0.0a3.tar.gz/protobuf-3.0.0a3
Error: command failed: /home/ubuntu/miniconda/envs/_build/bin/python setup.py install

conda create -n _pipbuild_ --yes python pip
/home/ubuntu/miniconda/envs/_pipbuild_/bin/pip install protobuf==3.0.0a3
Error: Could not pip install protobuf==3.0.0a3
