Warning, the following versions were found for trytond
3.6.1
3.6.0
3.4.4
3.4.3
3.4.2
3.4.1
3.4.0
3.2.7
3.2.6
3.2.5
3.2.4
3.2.3
3.2.2
3.2.1
3.2.0
3.0.11
3.0.10
3.0.9
3.0.8
3.0.7
3.0.6
3.0.5
3.0.4
3.0.3
3.0.2
3.0.1
3.0.0
2.8.15
2.8.14
2.8.13
2.8.12
2.8.11
2.8.10
2.8.9
2.8.8
2.8.7
2.8.6
2.8.5
2.8.4
2.8.3
2.8.2
2.8.1
2.8.0
2.6.18
2.6.17
2.6.16
2.6.15
2.6.14
2.6.13
2.6.12
2.6.11
2.6.10
2.6.9
2.6.8
2.6.7
2.6.6
2.6.5
2.6.4
2.6.3
2.6.2
2.6.1
2.6.0
2.4.16
2.4.15
2.4.14
2.4.13
2.4.12
2.4.11
2.4.10
2.4.9
2.4.8
2.4.7
2.4.6
2.4.5
2.4.4
2.4.3
2.4.2
2.4.1
2.4.0
2.2.14
2.2.13
2.2.12
2.2.11
2.2.10
2.2.9
2.2.8
2.2.7
2.2.6
2.2.5
2.2.4
2.2.3
2.2.2
2.2.1
2.2.0
2.0.13
2.0.12
2.0.11
2.0.10
2.0.9
2.0.8
2.0.7
2.0.6
2.0.5
2.0.4
2.0.3
2.0.2
2.0.1
2.0.0
1.8.11
1.8.10
1.8.9
1.8.8
1.8.7
1.8.6
1.8.5
1.8.4
1.8.3
1.8.2
1.8.1
1.8.0
1.6.10
1.6.9
1.6.8
1.6.7
1.6.6
1.6.5
1.6.4
1.6.3
1.6.2
1.6.1
1.6.0
1.4.13
1.4.12
1.4.11
1.4.10
1.4.9
1.4.8
1.4.7
1.4.6
1.4.5
1.4.4
1.4.3
1.4.2
1.4.1
1.4.0
1.2.10
1.2.9
1.2.8
1.2.7
1.2.6
1.2.5
1.2.4
1.2.3
1.2.2
1.2.1
1.2.0
1.0.9
1.0.8
1.0.7
1.0.6
1.0.5
1.0.4
1.0.3
1.0.2
1.0.1
1.0.0
Using 3.6.1
Use --version to specify a different version.
Using url https://pypi.python.org/packages/source/t/trytond/trytond-3.6.1.tar.gz (495 KB) for trytond.
Downloading trytond
Using cached download
Unpacking trytond...
done
working in /tmp/tmp8AiNJtconda_skeleton_trytond-3.6.1.tar.gz
Fetching package metadata: ......

WARNING: conda-build appears to be out of date. You have version 1.13.0 but the
latest version is 1.14.1. Run

conda update -n root conda-build

to get the latest version.

Solving package specifications: .patching file core.py
Hunk #1 succeeded at 168 with fuzz 2 (offset 2 lines).

WARNING: conda-build appears to be out of date. You have version 1.13.0 but the
latest version is 1.14.1. Run

conda update -n root conda-build

to get the latest version.


Applying patch: '/tmp/tmp8AiNJtconda_skeleton_trytond-3.6.1.tar.gz/pypi-distutils.patch'
Warning, the following versions were found for bcrypt
2.0.0
1.1.1
1.1.0
1.0.2
1.0.1
1.0.0
Using 2.0.0
Use --version to specify a different version.
Using url https://pypi.python.org/packages/source/b/bcrypt/bcrypt-2.0.0.tar.gz (38 KB) for bcrypt.
Downloading bcrypt
Using cached download
Unpacking bcrypt...
done
working in /tmp/tmpiWXsbuconda_skeleton_bcrypt-2.0.0.tar.gz
Solving package specifications: .patching file core.py
Hunk #1 succeeded at 168 with fuzz 2 (offset 2 lines).

WARNING: conda-build appears to be out of date. You have version 1.13.0 but the
latest version is 1.14.1. Run

conda update -n root conda-build

to get the latest version.


Applying patch: '/tmp/tmpiWXsbuconda_skeleton_bcrypt-2.0.0.tar.gz/pypi-distutils.patch'
mysql-python not found, trying MySQL-python
Warning, the following versions were found for MySQL-python
1.2.5
1.2.4
1.2.4c1
1.2.4b5
1.2.4b4
1.2.4b3
1.2.4b2
1.2.4b1
1.2.3
1.2.3c1
1.2.3b2
1.2.3b1
1.2.2
1.2.2c1
1.2.2b3
1.2.2b2
1.2.2b1
1.2.1
1.2.1c6
1.2.1c5
1.2.1c4
1.2.1_p2
1.2.0
1.1.10
1.1.9
1.1.8
1.0.1
1.0.0
0.9.2
Using 1.2.5
Use --version to specify a different version.
Using url https://pypi.python.org/packages/source/M/MySQL-python/MySQL-python-1.2.5.zip (106 KB) for MySQL-python.
Downloading MySQL-python
Using cached download
Unpacking MySQL-python...
done
working in /tmp/tmpRAxoXtconda_skeleton_MySQL-python-1.2.5.zip
Solving package specifications: .patching file core.py
Hunk #1 succeeded at 168 with fuzz 2 (offset 2 lines).
sh: 1: mysql_config: not found
Traceback (most recent call last):
  File "setup.py", line 17, in <module>
    metadata, options = get_config()
  File "/tmp/tmpRAxoXtconda_skeleton_MySQL-python-1.2.5.zip/MySQL-python-1.2.5/setup_posix.py", line 43, in get_config
    libs = mysql_config("libs_r")
  File "/tmp/tmpRAxoXtconda_skeleton_MySQL-python-1.2.5.zip/MySQL-python-1.2.5/setup_posix.py", line 25, in mysql_config
    raise EnvironmentError("%s not found" % (mysql_config.path,))
EnvironmentError: mysql_config not found

Applying patch: '/tmp/tmpRAxoXtconda_skeleton_MySQL-python-1.2.5.zip/pypi-distutils.patch'
$PYTHONPATH = /tmp/tmpRAxoXtconda_skeleton_MySQL-python-1.2.5.zip/MySQL-python-1.2.5
Error: command failed: /home/ubuntu/miniconda/envs/_build/bin/python setup.py install
