Error: prefix already exists: /home/ubuntu/miniconda/envs/_pipbuild_
Exception:
Traceback (most recent call last):
  File "/home/ubuntu/miniconda/envs/_pipbuild_/lib/python2.7/site-packages/pip/basecommand.py", line 223, in main
    status = self.run(options, args)
  File "/home/ubuntu/miniconda/envs/_pipbuild_/lib/python2.7/site-packages/pip/commands/install.py", line 268, in run
    wheel_cache
  File "/home/ubuntu/miniconda/envs/_pipbuild_/lib/python2.7/site-packages/pip/basecommand.py", line 268, in populate_requirement_set
    wheel_cache=wheel_cache
  File "/home/ubuntu/miniconda/envs/_pipbuild_/lib/python2.7/site-packages/pip/req/req_install.py", line 207, in from_line
    wheel_cache=wheel_cache)
  File "/home/ubuntu/miniconda/envs/_pipbuild_/lib/python2.7/site-packages/pip/req/req_install.py", line 66, in __init__
    req = pkg_resources.Requirement.parse(req)
  File "/home/ubuntu/miniconda/envs/_pipbuild_/lib/python2.7/site-packages/pip/_vendor/pkg_resources/__init__.py", line 2960, in parse
    reqs = list(parse_requirements(s))
  File "/home/ubuntu/miniconda/envs/_pipbuild_/lib/python2.7/site-packages/pip/_vendor/pkg_resources/__init__.py", line 2904, in parse_requirements
    "version spec")
  File "/home/ubuntu/miniconda/envs/_pipbuild_/lib/python2.7/site-packages/pip/_vendor/pkg_resources/__init__.py", line 2869, in scan_list
    raise ValueError(msg, line, "at", line[p:])
ValueError: ('Expected version spec in', 'cherrypy==>=3.1.2', 'at', '==>=3.1.2')

Package search: {'_pypi_ordering': False, 'version': '1.0.10', 'name': 'TurboGears', 'summary': 'Front-to-back, open-source, rapid web development framework'}
Creating standard recipe for turbogears-1.5.1
Converting recipe in /home/ubuntu/pypi-conda-builds/turbogears
package = TurboGears
   dependencies = [u'cherrypy >=3.1.2', u'configobj >=4.3.2', u'formencode >=1.2.1', u'genshi >=0.4.4', u'pastescript[cheetah] >=1.7', u'peak-rules >=0.5a1.dev-r2555', u'setuptools >=0.6c11', u'turbojson >=1.3', u'tgmochikit >=1.4.2', u'tgscheduler >=1.6.2']
Creating standard recipe for cherrypy->=3.1.2
Error: Version >=3.1.2 of cherrypy is not available on PyPI.

conda create -n _pipbuild_ --yes python pip
/home/ubuntu/miniconda/envs/_pipbuild_/bin/pip install cherrypy==>=3.1.2
Error: Could not pip install cherrypy==>=3.1.2
