Error: prefix already exists: /home/ubuntu/miniconda/envs/_pipbuild_
Collecting twiceredis==1.0.0
  Downloading http://localhost/packages/source/t/twiceredis/twiceredis-1.0.0.tar.gz
setuptools must be installed to install from a source distribution
Package search: {'_pypi_ordering': False, 'version': '1.0.0', 'name': 'twiceredis', 'summary': 'sentinel pool backed read and write redis client'}
Creating standard recipe for twiceredis-1.0.0
Using url https://pypi.python.org/packages/source/t/twiceredis/twiceredis-1.0.0.tar.gz (7 KB) for twiceredis.
Downloading twiceredis
Using cached download
Unpacking twiceredis...
done
working in /tmp/tmpUVvJSyconda_skeleton_twiceredis-1.0.0.tar.gz
Fetching package metadata: ......

WARNING: conda-build appears to be out of date. You have version 1.13.0 but the
latest version is 1.14.0. Run

conda update -n root conda-build

to get the latest version.

Solving package specifications: .patching file core.py
Hunk #1 succeeded at 168 with fuzz 2 (offset 2 lines).
Traceback (most recent call last):
  File "setup.py", line 19, in <module>
    from setuptools import setup, find_packages
ImportError: No module named setuptools

Applying patch: '/tmp/tmpUVvJSyconda_skeleton_twiceredis-1.0.0.tar.gz/pypi-distutils.patch'
$PYTHONPATH = /tmp/tmpUVvJSyconda_skeleton_twiceredis-1.0.0.tar.gz/twiceredis-1.0.0
Error: command failed: /home/ubuntu/miniconda/envs/_build/bin/python setup.py install

conda create -n _pipbuild_ --yes python pip
/home/ubuntu/miniconda/envs/_pipbuild_/bin/pip install twiceredis==1.0.0
Error: Could not pip install twiceredis==1.0.0
