Error: prefix already exists: /home/ubuntu/miniconda/envs/_pipbuild_
Collecting twilio==4.4.0
  Could not find a version that satisfies the requirement twilio==4.4.0 (from versions: 2.0.1, 2.0.6, 2.0.9, 2.0.10, 3.0.0, 3.0.1, 3.0.2, 3.1.0, 3.2.0, 3.2.1, 3.2.2, 3.2.3, 3.3.0, 3.3.1, 3.3.2, 3.3.3, 3.3.5, 3.3.6, 3.3.7, 3.3.9, 3.3.10, 3.3.11, 3.4.0, 3.4.1, 3.4.2, 3.4.3, 3.4.4, 3.4.5, 3.5.0, 3.5.1, 3.5.2, 3.5.3, 3.5.4rc1, 3.5.4, 3.6.0, 3.6.1, 3.6.2, 3.6.3, 3.6.4, 3.6.5, 3.6.6, 3.6.7, 3.6.8, 3.6.9, 3.6.10, 3.6.11, 3.6.12, 3.6.13, 3.6.14, 3.6.15, 3.7.0, 3.7.1, 3.7.2, 3.7.3, 3.8.0, 4.0.0, 4.1.0, 4.2.0, 4.3.0)
No matching distribution found for twilio==4.4.0
Package search: {'_pypi_ordering': False, 'version': '4.4.0', 'name': 'twilio', 'summary': 'Twilio API client and TwiML generator'}
Creating standard recipe for twilio-4.4.0
Using url https://pypi.python.org/packages/source/t/twilio/twilio-4.4.0.tar.gz (177 KB) for twilio.
Downloading twilio
Using cached download
Unpacking twilio...
done
working in /tmp/tmpjDeSraconda_skeleton_twilio-4.4.0.tar.gz
Fetching package metadata: ......

WARNING: conda-build appears to be out of date. You have version 1.13.0 but the
latest version is 1.14.0. Run

conda update -n root conda-build

to get the latest version.

Solving package specifications: .patching file core.py
Hunk #1 succeeded at 168 with fuzz 2 (offset 2 lines).
Traceback (most recent call last):
  File "setup.py", line 3, in <module>
    from setuptools import setup, find_packages
ImportError: No module named setuptools

The following NEW packages will be INSTALLED:

    numpy:  1.9.2-py27_0
    pyyaml: 3.11-py27_1 
    yaml:   0.1.6-0     

Linking packages ...
[                    ]|                                                  |   0%[yaml                ]|                                                  |   0%[numpy               ]|################                                  |  33%[pyyaml              ]|#################################                 |  66%[      COMPLETE      ]|##################################################| 100%
Applying patch: '/tmp/tmpjDeSraconda_skeleton_twilio-4.4.0.tar.gz/pypi-distutils.patch'
$PYTHONPATH = /tmp/tmpjDeSraconda_skeleton_twilio-4.4.0.tar.gz/twilio-4.4.0
Error: command failed: /home/ubuntu/miniconda/envs/_build/bin/python setup.py install

conda create -n _pipbuild_ --yes python pip
/home/ubuntu/miniconda/envs/_pipbuild_/bin/pip install twilio==4.4.0
Error: Could not pip install twilio==4.4.0
