Error: prefix already exists: /home/ubuntu/miniconda/envs/_pipbuild_
Collecting twitter.common.log==0.3.3
  Downloading http://localhost/packages/source/t/twitter.common.log/twitter.common.log-0.3.3.tar.gz
setuptools must be installed to install from a source distribution
Package search: {'_pypi_ordering': False, 'version': '0.3.3', 'name': 'twitter.common.log', 'summary': 'twitter.common logging handlers.'}
Creating standard recipe for twitter.common.log-0.3.3
Using url https://pypi.python.org/packages/source/t/twitter.common.log/twitter.common.log-0.3.3.tar.gz (12 KB) for twitter.common.log.
Downloading twitter.common.log
Using cached download
Unpacking twitter.common.log...
done
working in /tmp/tmpi5av4Aconda_skeleton_twitter.common.log-0.3.3.tar.gz
Fetching package metadata: ......

WARNING: conda-build appears to be out of date. You have version 1.13.0 but the
latest version is 1.14.0. Run

conda update -n root conda-build

to get the latest version.

Solving package specifications: .patching file core.py
Hunk #1 succeeded at 168 with fuzz 2 (offset 2 lines).
Traceback (most recent call last):
  File "setup.py", line 5, in <module>
    from setuptools import setup
ImportError: No module named setuptools

Applying patch: '/tmp/tmpi5av4Aconda_skeleton_twitter.common.log-0.3.3.tar.gz/pypi-distutils.patch'
$PYTHONPATH = /tmp/tmpi5av4Aconda_skeleton_twitter.common.log-0.3.3.tar.gz/twitter.common.log-0.3.3
Error: command failed: /home/ubuntu/miniconda/envs/_build/bin/python setup.py install

conda create -n _pipbuild_ --yes python pip
/home/ubuntu/miniconda/envs/_pipbuild_/bin/pip install twitter.common.log==0.3.3
Error: Could not pip install twitter.common.log==0.3.3
