Error: prefix already exists: /home/ubuntu/miniconda/envs/_pipbuild_
Collecting twitter.common.confluence==0.3.3
  Downloading http://localhost/packages/source/t/twitter.common.confluence/twitter.common.confluence-0.3.3.tar.gz
setuptools must be installed to install from a source distribution
Package search: {'_pypi_ordering': False, 'version': '0.3.3', 'name': 'twitter.common.confluence', 'summary': 'Confluence utilities for twitter.'}
Creating standard recipe for twitter.common.confluence-0.3.3
Using url https://pypi.python.org/packages/source/t/twitter.common.confluence/twitter.common.confluence-0.3.3.tar.gz (4 KB) for twitter.common.confluence.
Downloading twitter.common.confluence
Using cached download
Unpacking twitter.common.confluence...
done
working in /tmp/tmpDsQthjconda_skeleton_twitter.common.confluence-0.3.3.tar.gz
Fetching package metadata: ......

WARNING: conda-build appears to be out of date. You have version 1.13.0 but the
latest version is 1.14.0. Run

conda update -n root conda-build

to get the latest version.

Solving package specifications: .patching file core.py
Hunk #1 succeeded at 168 with fuzz 2 (offset 2 lines).
Traceback (most recent call last):
  File "setup.py", line 5, in <module>
    from setuptools import setup
ImportError: No module named setuptools

The following NEW packages will be INSTALLED:

    numpy:  1.9.2-py27_0
    pyyaml: 3.11-py27_1 
    yaml:   0.1.6-0     

Linking packages ...
[                    ]|                                                  |   0%[yaml                ]|                                                  |   0%[numpy               ]|################                                  |  33%[pyyaml              ]|#################################                 |  66%[      COMPLETE      ]|##################################################| 100%
Applying patch: '/tmp/tmpDsQthjconda_skeleton_twitter.common.confluence-0.3.3.tar.gz/pypi-distutils.patch'
$PYTHONPATH = /tmp/tmpDsQthjconda_skeleton_twitter.common.confluence-0.3.3.tar.gz/twitter.common.confluence-0.3.3
Error: command failed: /home/ubuntu/miniconda/envs/_build/bin/python setup.py install

conda create -n _pipbuild_ --yes python pip
/home/ubuntu/miniconda/envs/_pipbuild_/bin/pip install twitter.common.confluence==0.3.3
Error: Could not pip install twitter.common.confluence==0.3.3
