Warning, the following versions were found for twython
3.2.0
3.1.2
3.1.1
3.1.0
3.0.0
2.10.1
2.10.0
2.9.1
2.9.0
2.8.0
2.7.3
2.7.2
2.7.1
2.7.0
2.6.1
2.6.0
2.5.5
2.5.4
2.5.3
2.5.2
2.5.1
2.4.0
2.3.3
2.3.2
2.3.1
2.3.0
2.0.1
2.0.0
1.6.0
1.5.2
1.5.1
1.5.0
1.4.6
1.4.5
1.4.4
1.4.3
1.4.2
1.4.1
1.4
1.3.4
1.3.3
1.3.2
1.3.1
1.3
1.2.1
1.2
1.0
0.9
0.8
0.6
0.5
Using 3.2.0
Use --version to specify a different version.
Using url https://pypi.python.org/packages/source/t/twython/twython-3.2.0.tar.gz (33 KB) for twython.
Downloading twython
Using cached download
Unpacking twython...
done
working in /tmp/tmps4AWl8conda_skeleton_twython-3.2.0.tar.gz
Fetching package metadata: ......

WARNING: conda-build appears to be out of date. You have version 1.13.0 but the
latest version is 1.14.1. Run

conda update -n root conda-build

to get the latest version.

Solving package specifications: .patching file core.py
Hunk #1 succeeded at 168 with fuzz 2 (offset 2 lines).

The following NEW packages will be INSTALLED:

    numpy:  1.9.2-py27_0
    pyyaml: 3.11-py27_1 
    yaml:   0.1.6-0     

Linking packages ...
[                    ]|                                                  |   0%[yaml                ]|                                                  |   0%[numpy               ]|################                                  |  33%[pyyaml              ]|#################################                 |  66%[      COMPLETE      ]|##################################################| 100%
Applying patch: '/tmp/tmps4AWl8conda_skeleton_twython-3.2.0.tar.gz/pypi-distutils.patch'
Error: Could not find any versions of package requests_oauthlib
