Error: prefix already exists: /home/ubuntu/miniconda/envs/_pipbuild_
Collecting ucloudclient==0.2.0
  Downloading http://localhost/packages/source/u/ucloudclient/ucloudclient-0.2.0.tar.gz
setuptools must be installed to install from a source distribution
Package search: {'_pypi_ordering': False, 'version': '0.2.0', 'name': 'ucloudclient', 'summary': "Ucloud(Ucloud.cn) python client and command line tools.Author's bolg http://yanheven.github.io"}
Creating standard recipe for ucloudclient-0.2.0
Using url https://pypi.python.org/packages/source/u/ucloudclient/ucloudclient-0.2.0.tar.gz (21 KB) for ucloudclient.
Downloading ucloudclient
Using cached download
Unpacking ucloudclient...
done
working in /tmp/tmpcAyMxQconda_skeleton_ucloudclient-0.2.0.tar.gz
Fetching package metadata: ......

WARNING: conda-build appears to be out of date. You have version 1.13.0 but the
latest version is 1.14.0. Run

conda update -n root conda-build

to get the latest version.

Solving package specifications: .patching file core.py
Hunk #1 succeeded at 168 with fuzz 2 (offset 2 lines).
Traceback (most recent call last):
  File "setup.py", line 3, in <module>
    from setuptools import setup,find_packages
ImportError: No module named setuptools

The following NEW packages will be INSTALLED:

    numpy:  1.9.2-py27_0
    pyyaml: 3.11-py27_1 
    yaml:   0.1.6-0     

Linking packages ...
[                    ]|                                                  |   0%[yaml                ]|                                                  |   0%[numpy               ]|################                                  |  33%[pyyaml              ]|#################################                 |  66%[      COMPLETE      ]|##################################################| 100%
Applying patch: '/tmp/tmpcAyMxQconda_skeleton_ucloudclient-0.2.0.tar.gz/pypi-distutils.patch'
$PYTHONPATH = /tmp/tmpcAyMxQconda_skeleton_ucloudclient-0.2.0.tar.gz/ucloudclient-0.2.0
Error: command failed: /home/ubuntu/miniconda/envs/_build/bin/python setup.py install

conda create -n _pipbuild_ --yes python pip
/home/ubuntu/miniconda/envs/_pipbuild_/bin/pip install ucloudclient==0.2.0
Error: Could not pip install ucloudclient==0.2.0
