Error: prefix already exists: /home/ubuntu/miniconda/envs/_pipbuild_
Collecting Unidecode==0.04.18
  Could not find a version that satisfies the requirement Unidecode==0.04.18 (from versions: 0.4.1, 0.4.5, 0.4.6, 0.4.7, 0.4.8, 0.4.9, 0.4.10, 0.4.11, 0.4.12, 0.4.13, 0.4.14, 0.4.16, 0.4.17)
No matching distribution found for Unidecode==0.04.18
Package search: {'_pypi_ordering': False, 'version': '0.04.18', 'name': 'Unidecode', 'summary': 'ASCII transliterations of Unicode text'}
Creating standard recipe for unidecode-0.04.18
Using url https://pypi.python.org/packages/source/U/Unidecode/Unidecode-0.04.18.tar.gz (201 KB) for Unidecode.
Downloading Unidecode
Unpacking Unidecode...
done
working in /tmp/tmp7f6Wyhconda_skeleton_Unidecode-0.04.18.tar.gz
Fetching package metadata: ......

WARNING: conda-build appears to be out of date. You have version 1.13.0 but the
latest version is 1.14.0. Run

conda update -n root conda-build

to get the latest version.

Solving package specifications: .patching file core.py
Hunk #1 succeeded at 168 with fuzz 2 (offset 2 lines).
Traceback (most recent call last):
  File "setup.py", line 4, in <module>
    from setuptools import setup
ImportError: No module named setuptools

Applying patch: '/tmp/tmp7f6Wyhconda_skeleton_Unidecode-0.04.18.tar.gz/pypi-distutils.patch'
$PYTHONPATH = /tmp/tmp7f6Wyhconda_skeleton_Unidecode-0.04.18.tar.gz/Unidecode-0.04.18
Error: command failed: /home/ubuntu/miniconda/envs/_build/bin/python setup.py install

conda create -n _pipbuild_ --yes python pip
/home/ubuntu/miniconda/envs/_pipbuild_/bin/pip install Unidecode==0.04.18
Error: Could not pip install Unidecode==0.04.18
