Error: prefix already exists: /home/ubuntu/miniconda/envs/_pipbuild_
Collecting uWSGI==2.0.10
  Downloading http://localhost/packages/source/u/uWSGI/uwsgi-2.0.10.tar.gz (779kB)
setuptools must be installed to install from a source distribution
Package search: {'_pypi_ordering': False, 'version': '2.0.10', 'name': 'uWSGI', 'summary': 'The uWSGI server'}
Creating standard recipe for uwsgi-2.0.10
Using url https://pypi.python.org/packages/source/u/uWSGI/uwsgi-2.0.10.tar.gz (762 KB) for uWSGI.
Downloading uWSGI
Using cached download
Unpacking uWSGI...
done
working in /tmp/tmpb94rxKconda_skeleton_uwsgi-2.0.10.tar.gz
Fetching package metadata: ......

WARNING: conda-build appears to be out of date. You have version 1.13.0 but the
latest version is 1.14.0. Run

conda update -n root conda-build

to get the latest version.

Solving package specifications: .patching file core.py
Hunk #1 succeeded at 168 with fuzz 2 (offset 2 lines).
Traceback (most recent call last):
  File "setup.py", line 6, in <module>
    from setuptools import setup
ImportError: No module named setuptools

Applying patch: '/tmp/tmpb94rxKconda_skeleton_uwsgi-2.0.10.tar.gz/pypi-distutils.patch'
$PYTHONPATH = /tmp/tmpb94rxKconda_skeleton_uwsgi-2.0.10.tar.gz/uwsgi-2.0.10
Error: command failed: /home/ubuntu/miniconda/envs/_build/bin/python setup.py install

conda create -n _pipbuild_ --yes python pip
/home/ubuntu/miniconda/envs/_pipbuild_/bin/pip install uWSGI==2.0.10
Error: Could not pip install uWSGI==2.0.10
