Error: prefix already exists: /home/ubuntu/miniconda/envs/_pipbuild_
Collecting vcrpy==1.5.2
  Could not find a version that satisfies the requirement vcrpy==1.5.2 (from versions: 0.0.1, 0.0.2, 0.0.3, 0.0.4, 0.1.0, 0.2.0, 0.2.1, 0.3.0, 0.3.1, 0.3.2, 0.3.3, 0.3.4, 0.3.5, 0.4.0, 0.5.0, 0.6.0, 0.7.0, 1.0.0, 1.0.1, 1.0.2, 1.0.3, 1.1.0, 1.1.1, 1.1.2, 1.1.3, 1.1.4, 1.2.0, 1.3.0, 1.4.0, 1.4.1, 1.4.2, 1.5.0, 1.5.1)
No matching distribution found for vcrpy==1.5.2
Package search: {'_pypi_ordering': False, 'version': '1.5.2', 'name': 'vcrpy', 'summary': 'Automatically mock your HTTP interactions to simplify and speed up testing'}
Creating standard recipe for vcrpy-1.5.2
Using url https://pypi.python.org/packages/source/v/vcrpy/vcrpy-1.5.2.tar.gz (104 KB) for vcrpy.
Downloading vcrpy
Using cached download
Unpacking vcrpy...
done
working in /tmp/tmpwvwUfVconda_skeleton_vcrpy-1.5.2.tar.gz
Fetching package metadata: ......

WARNING: conda-build appears to be out of date. You have version 1.13.0 but the
latest version is 1.14.0. Run

conda update -n root conda-build

to get the latest version.

Solving package specifications: .patching file core.py
Hunk #1 succeeded at 168 with fuzz 2 (offset 2 lines).
Traceback (most recent call last):
  File "setup.py", line 4, in <module>
    from setuptools import setup, find_packages
ImportError: No module named setuptools

Applying patch: '/tmp/tmpwvwUfVconda_skeleton_vcrpy-1.5.2.tar.gz/pypi-distutils.patch'
$PYTHONPATH = /tmp/tmpwvwUfVconda_skeleton_vcrpy-1.5.2.tar.gz/vcrpy-1.5.2
Error: command failed: /home/ubuntu/miniconda/envs/_build/bin/python setup.py install

conda create -n _pipbuild_ --yes python pip
/home/ubuntu/miniconda/envs/_pipbuild_/bin/pip install vcrpy==1.5.2
Error: Could not pip install vcrpy==1.5.2
