Error: prefix already exists: /home/ubuntu/miniconda/envs/_pipbuild_
Collecting versiontools==1.9.1
  Downloading http://localhost/packages/source/v/versiontools/versiontools-1.9.1.tar.gz
setuptools must be installed to install from a source distribution
Package search: {'_pypi_ordering': False, 'version': '1.9.1', 'name': 'versiontools', 'summary': 'Smart replacement for plain tuple used in __version__'}
Creating standard recipe for versiontools-1.9.1
Using url https://pypi.python.org/packages/source/v/versiontools/versiontools-1.9.1.tar.gz (19 KB) for versiontools.
Downloading versiontools
Using cached download
Unpacking versiontools...
done
working in /tmp/tmpwrowq8conda_skeleton_versiontools-1.9.1.tar.gz
Fetching package metadata: ......

WARNING: conda-build appears to be out of date. You have version 1.13.0 but the
latest version is 1.14.0. Run

conda update -n root conda-build

to get the latest version.

Solving package specifications: .patching file core.py
Hunk #1 succeeded at 168 with fuzz 2 (offset 2 lines).
Traceback (most recent call last):
  File "setup.py", line 24, in <module>
    from setuptools import setup, find_packages
ImportError: No module named setuptools

Applying patch: '/tmp/tmpwrowq8conda_skeleton_versiontools-1.9.1.tar.gz/pypi-distutils.patch'
$PYTHONPATH = /tmp/tmpwrowq8conda_skeleton_versiontools-1.9.1.tar.gz/versiontools-1.9.1
Error: command failed: /home/ubuntu/miniconda/envs/_build/bin/python setup.py install

conda create -n _pipbuild_ --yes python pip
/home/ubuntu/miniconda/envs/_pipbuild_/bin/pip install versiontools==1.9.1
Error: Could not pip install versiontools==1.9.1
