Error: prefix already exists: /home/ubuntu/miniconda/envs/_pipbuild_
Collecting virtualenv-clone==0.2.5
  Downloading http://localhost/packages/source/v/virtualenv-clone/virtualenv-clone-0.2.5.tar.gz
setuptools must be installed to install from a source distribution
Package search: {'_pypi_ordering': False, 'version': '0.2.5', 'name': 'virtualenv-clone', 'summary': 'script to clone virtualenvs.'}
Creating standard recipe for virtualenv-clone-0.2.5
Using url https://pypi.python.org/packages/source/v/virtualenv-clone/virtualenv-clone-0.2.5.tar.gz (5 KB) for virtualenv-clone.
Downloading virtualenv-clone
Using cached download
Unpacking virtualenv-clone...
done
working in /tmp/tmpYKBUT8conda_skeleton_virtualenv-clone-0.2.5.tar.gz
Fetching package metadata: ......

WARNING: conda-build appears to be out of date. You have version 1.13.0 but the
latest version is 1.14.0. Run

conda update -n root conda-build

to get the latest version.

Solving package specifications: .patching file core.py
Hunk #1 succeeded at 168 with fuzz 2 (offset 2 lines).
Traceback (most recent call last):
  File "setup.py", line 2, in <module>
    from setuptools.command.test import test as TestCommand
ImportError: No module named setuptools.command.test

Applying patch: '/tmp/tmpYKBUT8conda_skeleton_virtualenv-clone-0.2.5.tar.gz/pypi-distutils.patch'
$PYTHONPATH = /tmp/tmpYKBUT8conda_skeleton_virtualenv-clone-0.2.5.tar.gz/virtualenv-clone-0.2.5
Error: command failed: /home/ubuntu/miniconda/envs/_build/bin/python setup.py install

conda create -n _pipbuild_ --yes python pip
/home/ubuntu/miniconda/envs/_pipbuild_/bin/pip install virtualenv-clone==0.2.5
Error: Could not pip install virtualenv-clone==0.2.5
