Removing old build directory
Removing old work directory
BUILD START: virtualenvwrapper-4.6.0-py_0
Fetching package metadata: ......

WARNING: conda-build appears to be out of date. You have version 1.13.0 but the
latest version is 1.14.1. Run

conda update -n root conda-build

to get the latest version.

Solving package specifications: .+ /home/ubuntu/miniconda/envs/_build/bin/python setup.py install

Installed /home/ubuntu/miniconda/conda-bld/work/virtualenvwrapper-4.6.0/.eggs/pbr-1.2.0-py2.7.egg
running install
running build
running build_py
creating build
creating build/lib
creating build/lib/virtualenvwrapper
copying virtualenvwrapper/user_scripts.py -> build/lib/virtualenvwrapper
copying virtualenvwrapper/__init__.py -> build/lib/virtualenvwrapper
copying virtualenvwrapper/hook_loader.py -> build/lib/virtualenvwrapper
copying virtualenvwrapper/project.py -> build/lib/virtualenvwrapper
running egg_info
writing requirements to virtualenvwrapper.egg-info/requires.txt
writing virtualenvwrapper.egg-info/PKG-INFO
writing namespace_packages to virtualenvwrapper.egg-info/namespace_packages.txt
writing top-level names to virtualenvwrapper.egg-info/top_level.txt
writing dependency_links to virtualenvwrapper.egg-info/dependency_links.txt
writing entry points to virtualenvwrapper.egg-info/entry_points.txt
[pbr] Reusing existing SOURCES.txt
running build_scripts
creating build/scripts-2.7
copying virtualenvwrapper.sh -> build/scripts-2.7
copying virtualenvwrapper_lazy.sh -> build/scripts-2.7
changing mode of build/scripts-2.7/virtualenvwrapper.sh from 644 to 755
changing mode of build/scripts-2.7/virtualenvwrapper_lazy.sh from 644 to 755
running install_lib
creating /home/ubuntu/miniconda/envs/_build/lib/python2.7/site-packages/virtualenvwrapper
copying build/lib/virtualenvwrapper/user_scripts.py -> /home/ubuntu/miniconda/envs/_build/lib/python2.7/site-packages/virtualenvwrapper
copying build/lib/virtualenvwrapper/__init__.py -> /home/ubuntu/miniconda/envs/_build/lib/python2.7/site-packages/virtualenvwrapper
copying build/lib/virtualenvwrapper/hook_loader.py -> /home/ubuntu/miniconda/envs/_build/lib/python2.7/site-packages/virtualenvwrapper
copying build/lib/virtualenvwrapper/project.py -> /home/ubuntu/miniconda/envs/_build/lib/python2.7/site-packages/virtualenvwrapper
byte-compiling /home/ubuntu/miniconda/envs/_build/lib/python2.7/site-packages/virtualenvwrapper/user_scripts.py to user_scripts.pyc
byte-compiling /home/ubuntu/miniconda/envs/_build/lib/python2.7/site-packages/virtualenvwrapper/__init__.py to __init__.pyc
byte-compiling /home/ubuntu/miniconda/envs/_build/lib/python2.7/site-packages/virtualenvwrapper/hook_loader.py to hook_loader.pyc
byte-compiling /home/ubuntu/miniconda/envs/_build/lib/python2.7/site-packages/virtualenvwrapper/project.py to project.pyc
running install_egg_info
Copying virtualenvwrapper.egg-info to /home/ubuntu/miniconda/envs/_build/lib/python2.7/site-packages/virtualenvwrapper-4.6.0-py2.7.egg-info
Installing /home/ubuntu/miniconda/envs/_build/lib/python2.7/site-packages/virtualenvwrapper-4.6.0-py2.7-nspkg.pth
running install_scripts
copying build/scripts-2.7/virtualenvwrapper.sh -> /home/ubuntu/miniconda/envs/_build/bin
copying build/scripts-2.7/virtualenvwrapper_lazy.sh -> /home/ubuntu/miniconda/envs/_build/bin
changing mode of /home/ubuntu/miniconda/envs/_build/bin/virtualenvwrapper.sh to 755
changing mode of /home/ubuntu/miniconda/envs/_build/bin/virtualenvwrapper_lazy.sh to 755
An unexpected error has occurred, please consider sending the
following traceback to the conda GitHub issue tracker at:

    https://github.com/conda/conda-build/issues

Include the output of the command 'conda info' in your report.



The following NEW packages will be INSTALLED:

    openssl:    1.0.1k-1     
    pip:        7.0.3-py27_0 
    python:     2.7.10-0     
    readline:   6.2-2        
    setuptools: 18.0.1-py27_0
    sqlite:     3.8.4.1-1    
    system:     5.8-2        
    tk:         8.5.18-0     
    zlib:       1.2.8-0      

Linking packages ...
[                    ]|                                                  |   0%[openssl             ]|                                                  |   0%[readline            ]|#####                                             |  11%[sqlite              ]|###########                                       |  22%[system              ]|################                                  |  33%[tk                  ]|######################                            |  44%[zlib                ]|###########################                       |  55%[python              ]|#################################                 |  66%[setuptools          ]|######################################            |  77%[pip                 ]|############################################      |  88%[      COMPLETE      ]|##################################################| 100%
Removing old work directory
Source cache directory is: /home/ubuntu/miniconda/conda-bld/src_cache
Found source in cache: virtualenvwrapper-4.6.0.tar.gz
Extracting download
Package: virtualenvwrapper-4.6.0-py_0
source tree in: /home/ubuntu/miniconda/conda-bld/work/virtualenvwrapper-4.6.0
number of files: 20
Fixing permissions
Traceback (most recent call last):
  File "/home/ubuntu/miniconda/bin/conda-build", line 6, in <module>
    exec(compile(open(__file__).read(), __file__, 'exec'))
  File "/home/ubuntu/conda-build/bin/conda-build", line 5, in <module>
    sys.exit(main())
  File "/home/ubuntu/conda-build/conda_build/main_build.py", line 127, in main
    args_func(args, p)
  File "/home/ubuntu/conda-build/conda_build/main_build.py", line 349, in args_func
    args.func(args, p)
  File "/home/ubuntu/conda-build/conda_build/main_build.py", line 308, in execute
    channel_urls=channel_urls, override_channels=args.override_channels)
  File "/home/ubuntu/conda-build/conda_build/build.py", line 407, in build
    noarch_python.transform(m, sorted(files2 - files1))
  File "/home/ubuntu/conda-build/conda_build/noarch_python.py", line 95, in transform
    handle_file(f, d)
  File "/home/ubuntu/conda-build/conda_build/noarch_python.py", line 56, in handle_file
    rewrite_script(fn)
  File "/home/ubuntu/conda-build/conda_build/noarch_python.py", line 24, in rewrite_script
    raise Exception("No python shebang in: %s" % fn)
Exception: No python shebang in: virtualenvwrapper.sh
