Error: prefix already exists: /home/ubuntu/miniconda/envs/_pipbuild_
Collecting virtualenvwrapper==4.6.0
  Could not find a version that satisfies the requirement virtualenvwrapper==4.6.0 (from versions: 2.5.3, 2.6, 2.6.1, 2.6.2, 2.6.3, 2.7, 2.7.1, 2.8, 2.9, 2.10, 2.10.1, 2.11, 2.11.1, 3.0, 3.0.1, 3.1, 3.2, 3.3, 3.4, 3.5, 3.6, 3.6.1, 3.7, 3.7.1, 4.0, 4.1, 4.1.1, 4.2, 4.3, 4.3.1, 4.3.2, 4.4.0, 4.4.1, 4.4.1.post1, 4.5.0, 4.5.1)
No matching distribution found for virtualenvwrapper==4.6.0
Package search: {'_pypi_ordering': False, 'version': '4.6.0', 'name': 'virtualenvwrapper', 'summary': 'Enhancements to virtualenv'}
Creating standard recipe for virtualenvwrapper-4.6.0
Using url https://pypi.python.org/packages/source/v/virtualenvwrapper/virtualenvwrapper-4.6.0.tar.gz (87 KB) for virtualenvwrapper.
Downloading virtualenvwrapper
Using cached download
Unpacking virtualenvwrapper...
done
working in /tmp/tmpElEhbcconda_skeleton_virtualenvwrapper-4.6.0.tar.gz
Fetching package metadata: ......

WARNING: conda-build appears to be out of date. You have version 1.13.0 but the
latest version is 1.14.0. Run

conda update -n root conda-build

to get the latest version.

Solving package specifications: .patching file core.py
Hunk #1 succeeded at 168 with fuzz 2 (offset 2 lines).
Traceback (most recent call last):
  File "setup.py", line 3, in <module>
    from setuptools import setup
ImportError: No module named setuptools

Applying patch: '/tmp/tmpElEhbcconda_skeleton_virtualenvwrapper-4.6.0.tar.gz/pypi-distutils.patch'
$PYTHONPATH = /tmp/tmpElEhbcconda_skeleton_virtualenvwrapper-4.6.0.tar.gz/virtualenvwrapper-4.6.0
Error: command failed: /home/ubuntu/miniconda/envs/_build/bin/python setup.py install

conda create -n _pipbuild_ --yes python pip
/home/ubuntu/miniconda/envs/_pipbuild_/bin/pip install virtualenvwrapper==4.6.0
Error: Could not pip install virtualenvwrapper==4.6.0
