Removing old build directory
Removing old work directory
BUILD START: vnc2flv-20100207-py_0
Fetching package metadata: ......

WARNING: conda-build appears to be out of date. You have version 1.13.0 but the
latest version is 1.14.1. Run

conda update -n root conda-build

to get the latest version.

Solving package specifications: .+ /home/ubuntu/miniconda/envs/_build/bin/python setup.py install
running install
running build
running build_py
creating build
creating build/lib.linux-x86_64-2.7
creating build/lib.linux-x86_64-2.7/vnc2flv
copying vnc2flv/video.py -> build/lib.linux-x86_64-2.7/vnc2flv
copying vnc2flv/flv.py -> build/lib.linux-x86_64-2.7/vnc2flv
copying vnc2flv/d3des.py -> build/lib.linux-x86_64-2.7/vnc2flv
copying vnc2flv/__init__.py -> build/lib.linux-x86_64-2.7/vnc2flv
copying vnc2flv/rfb.py -> build/lib.linux-x86_64-2.7/vnc2flv
copying vnc2flv/audio.py -> build/lib.linux-x86_64-2.7/vnc2flv
running build_ext
building 'flvscreen' extension
creating build/temp.linux-x86_64-2.7
creating build/temp.linux-x86_64-2.7/flvscreen
gcc -pthread -fno-strict-aliasing -g -O2 -DNDEBUG -g -fwrapv -O3 -Wall -Wstrict-prototypes -fPIC -I/home/ubuntu/miniconda/envs/_build/include/python2.7 -c flvscreen/flvscreen.c -o build/temp.linux-x86_64-2.7/flvscreen/flvscreen.o
In file included from /home/ubuntu/miniconda/envs/_build/include/python2.7/Python.h:8:0,
                 from flvscreen/flvscreen.c:11:
/home/ubuntu/miniconda/envs/_build/include/python2.7/pyconfig.h:1188:0: warning: "_POSIX_C_SOURCE" redefined [enabled by default]
 #define _POSIX_C_SOURCE 200112L
 ^
In file included from /usr/include/stdio.h:27:0,
                 from flvscreen/flvscreen.c:8:
/usr/include/features.h:230:0: note: this is the location of the previous definition
 # define _POSIX_C_SOURCE 200809L
 ^
gcc -pthread -shared -L/home/ubuntu/miniconda/envs/_build/lib -Wl,-rpath=/home/ubuntu/miniconda/envs/_build/lib,--no-as-needed build/temp.linux-x86_64-2.7/flvscreen/flvscreen.o -L/home/ubuntu/miniconda/envs/_build/lib -lpython2.7 -o build/lib.linux-x86_64-2.7/flvscreen.so
running build_scripts
creating build/scripts-2.7
copying and adjusting tools/flvrec.py -> build/scripts-2.7
copying and adjusting tools/flvcat.py -> build/scripts-2.7
copying and adjusting tools/flvdump.py -> build/scripts-2.7
copying and adjusting tools/flvaddmp3.py -> build/scripts-2.7
copying and adjusting tools/flvsplit.py -> build/scripts-2.7
copying tools/recordwin.sh -> build/scripts-2.7
changing mode of build/scripts-2.7/flvrec.py from 664 to 775
changing mode of build/scripts-2.7/flvcat.py from 664 to 775
changing mode of build/scripts-2.7/flvdump.py from 664 to 775
changing mode of build/scripts-2.7/flvaddmp3.py from 664 to 775
changing mode of build/scripts-2.7/flvsplit.py from 664 to 775
running install_lib
copying build/lib.linux-x86_64-2.7/flvscreen.so -> /home/ubuntu/miniconda/envs/_build/lib/python2.7/site-packages
creating /home/ubuntu/miniconda/envs/_build/lib/python2.7/site-packages/vnc2flv
copying build/lib.linux-x86_64-2.7/vnc2flv/video.py -> /home/ubuntu/miniconda/envs/_build/lib/python2.7/site-packages/vnc2flv
copying build/lib.linux-x86_64-2.7/vnc2flv/flv.py -> /home/ubuntu/miniconda/envs/_build/lib/python2.7/site-packages/vnc2flv
copying build/lib.linux-x86_64-2.7/vnc2flv/d3des.py -> /home/ubuntu/miniconda/envs/_build/lib/python2.7/site-packages/vnc2flv
copying build/lib.linux-x86_64-2.7/vnc2flv/__init__.py -> /home/ubuntu/miniconda/envs/_build/lib/python2.7/site-packages/vnc2flv
copying build/lib.linux-x86_64-2.7/vnc2flv/rfb.py -> /home/ubuntu/miniconda/envs/_build/lib/python2.7/site-packages/vnc2flv
copying build/lib.linux-x86_64-2.7/vnc2flv/audio.py -> /home/ubuntu/miniconda/envs/_build/lib/python2.7/site-packages/vnc2flv
byte-compiling /home/ubuntu/miniconda/envs/_build/lib/python2.7/site-packages/vnc2flv/video.py to video.pyc
byte-compiling /home/ubuntu/miniconda/envs/_build/lib/python2.7/site-packages/vnc2flv/flv.py to flv.pyc
byte-compiling /home/ubuntu/miniconda/envs/_build/lib/python2.7/site-packages/vnc2flv/d3des.py to d3des.pyc
byte-compiling /home/ubuntu/miniconda/envs/_build/lib/python2.7/site-packages/vnc2flv/__init__.py to __init__.pyc
byte-compiling /home/ubuntu/miniconda/envs/_build/lib/python2.7/site-packages/vnc2flv/rfb.py to rfb.pyc
byte-compiling /home/ubuntu/miniconda/envs/_build/lib/python2.7/site-packages/vnc2flv/audio.py to audio.pyc
running install_scripts
copying build/scripts-2.7/recordwin.sh -> /home/ubuntu/miniconda/envs/_build/bin
copying build/scripts-2.7/flvrec.py -> /home/ubuntu/miniconda/envs/_build/bin
copying build/scripts-2.7/flvsplit.py -> /home/ubuntu/miniconda/envs/_build/bin
copying build/scripts-2.7/flvcat.py -> /home/ubuntu/miniconda/envs/_build/bin
copying build/scripts-2.7/flvdump.py -> /home/ubuntu/miniconda/envs/_build/bin
copying build/scripts-2.7/flvaddmp3.py -> /home/ubuntu/miniconda/envs/_build/bin
changing mode of /home/ubuntu/miniconda/envs/_build/bin/recordwin.sh to 755
changing mode of /home/ubuntu/miniconda/envs/_build/bin/flvrec.py to 775
changing mode of /home/ubuntu/miniconda/envs/_build/bin/flvsplit.py to 775
changing mode of /home/ubuntu/miniconda/envs/_build/bin/flvcat.py to 775
changing mode of /home/ubuntu/miniconda/envs/_build/bin/flvdump.py to 775
changing mode of /home/ubuntu/miniconda/envs/_build/bin/flvaddmp3.py to 775
running install_egg_info
Writing /home/ubuntu/miniconda/envs/_build/lib/python2.7/site-packages/vnc2flv-20100207-py2.7.egg-info
An unexpected error has occurred, please consider sending the
following traceback to the conda GitHub issue tracker at:

    https://github.com/conda/conda-build/issues

Include the output of the command 'conda info' in your report.



The following NEW packages will be INSTALLED:

    openssl:    1.0.1k-1     
    pip:        7.0.3-py27_0 
    python:     2.7.10-0     
    readline:   6.2-2        
    setuptools: 18.0.1-py27_0
    sqlite:     3.8.4.1-1    
    system:     5.8-2        
    tk:         8.5.18-0     
    zlib:       1.2.8-0      

Linking packages ...
[                    ]|                                                  |   0%[openssl             ]|                                                  |   0%[readline            ]|#####                                             |  11%[sqlite              ]|###########                                       |  22%[system              ]|################                                  |  33%[tk                  ]|######################                            |  44%[zlib                ]|###########################                       |  55%[python              ]|#################################                 |  66%[setuptools          ]|######################################            |  77%[pip                 ]|############################################      |  88%[      COMPLETE      ]|##################################################| 100%
Removing old work directory
Source cache directory is: /home/ubuntu/miniconda/conda-bld/src_cache
Found source in cache: vnc2flv-20100207.tar.gz
Extracting download
Package: vnc2flv-20100207-py_0
source tree in: /home/ubuntu/miniconda/conda-bld/work/vnc2flv-20100207
number of files: 20
Fixing permissions
patchelf: file: /home/ubuntu/miniconda/envs/_build/lib/python2.7/site-packages/flvscreen.so
    setting rpath to: $ORIGIN/../..
Traceback (most recent call last):
  File "/home/ubuntu/miniconda/bin/conda-build", line 6, in <module>
    exec(compile(open(__file__).read(), __file__, 'exec'))
  File "/home/ubuntu/conda-build/bin/conda-build", line 5, in <module>
    sys.exit(main())
  File "/home/ubuntu/conda-build/conda_build/main_build.py", line 127, in main
    args_func(args, p)
  File "/home/ubuntu/conda-build/conda_build/main_build.py", line 349, in args_func
    args.func(args, p)
  File "/home/ubuntu/conda-build/conda_build/main_build.py", line 308, in execute
    channel_urls=channel_urls, override_channels=args.override_channels)
  File "/home/ubuntu/conda-build/conda_build/build.py", line 407, in build
    noarch_python.transform(m, sorted(files2 - files1))
  File "/home/ubuntu/conda-build/conda_build/noarch_python.py", line 95, in transform
    handle_file(f, d)
  File "/home/ubuntu/conda-build/conda_build/noarch_python.py", line 56, in handle_file
    rewrite_script(fn)
  File "/home/ubuntu/conda-build/conda_build/noarch_python.py", line 24, in rewrite_script
    raise Exception("No python shebang in: %s" % fn)
Exception: No python shebang in: recordwin.sh
