Removing old build directory
Removing old work directory
BUILD START: vnc2flv-20100207-py_0
Fetching package metadata: ......

WARNING: conda-build appears to be out of date. You have version 1.13.0 but the
latest version is 1.14.1. Run

conda update -n root conda-build

to get the latest version.

Solving package specifications: .+ pip install vnc2flv
Collecting vnc2flv
  Downloading http://localhost/packages/source/v/vnc2flv/vnc2flv-20100207.tar.gz
Installing collected packages: vnc2flv
  Running setup.py install for vnc2flv
Successfully installed vnc2flv-20100207
An unexpected error has occurred, please consider sending the
following traceback to the conda GitHub issue tracker at:

    https://github.com/conda/conda-build/issues

Include the output of the command 'conda info' in your report.



The following NEW packages will be INSTALLED:

    openssl:    1.0.1k-1     
    pip:        7.0.3-py27_0 
    python:     2.7.10-0     
    readline:   6.2-2        
    setuptools: 18.0.1-py27_0
    sqlite:     3.8.4.1-1    
    system:     5.8-2        
    tk:         8.5.18-0     
    zlib:       1.2.8-0      

Linking packages ...
[                    ]|                                                  |   0%[openssl             ]|                                                  |   0%[readline            ]|#####                                             |  11%[sqlite              ]|###########                                       |  22%[system              ]|################                                  |  33%[tk                  ]|######################                            |  44%[zlib                ]|###########################                       |  55%[python              ]|#################################                 |  66%[setuptools          ]|######################################            |  77%[pip                 ]|############################################      |  88%[      COMPLETE      ]|##################################################| 100%
Removing old work directory
Copying /home/ubuntu/pypi-conda-builds/vnc2flv to /home/ubuntu/miniconda/conda-bld/work
Package: vnc2flv-20100207-py_0
source tree in: /home/ubuntu/miniconda/conda-bld/work
number of files: 24
Fixing permissions
patchelf: file: /home/ubuntu/miniconda/envs/_build/lib/python2.7/site-packages/flvscreen.so
    setting rpath to: $ORIGIN/../..
Traceback (most recent call last):
  File "/home/ubuntu/miniconda/bin/conda-build", line 6, in <module>
    exec(compile(open(__file__).read(), __file__, 'exec'))
  File "/home/ubuntu/conda-build/bin/conda-build", line 5, in <module>
    sys.exit(main())
  File "/home/ubuntu/conda-build/conda_build/main_build.py", line 127, in main
    args_func(args, p)
  File "/home/ubuntu/conda-build/conda_build/main_build.py", line 349, in args_func
    args.func(args, p)
  File "/home/ubuntu/conda-build/conda_build/main_build.py", line 308, in execute
    channel_urls=channel_urls, override_channels=args.override_channels)
  File "/home/ubuntu/conda-build/conda_build/build.py", line 407, in build
    noarch_python.transform(m, sorted(files2 - files1))
  File "/home/ubuntu/conda-build/conda_build/noarch_python.py", line 95, in transform
    handle_file(f, d)
  File "/home/ubuntu/conda-build/conda_build/noarch_python.py", line 56, in handle_file
    rewrite_script(fn)
  File "/home/ubuntu/conda-build/conda_build/noarch_python.py", line 24, in rewrite_script
    raise Exception("No python shebang in: %s" % fn)
Exception: No python shebang in: recordwin.sh
Package search: {'_pypi_ordering': False, 'version': '20100207', 'name': 'vnc2flv', 'summary': 'Screen recording tool that captures a VNC session and saves as FLV'}
Creating standard recipe for vnc2flv-20100207
Converting recipe in /home/ubuntu/pypi-conda-builds/vnc2flv
package = vnc2flv
   dependencies = []
Building conda package for vnc2flv
