Error: prefix already exists: /home/ubuntu/miniconda/envs/_pipbuild_
Collecting waitress==0.8.9
  Downloading http://localhost/packages/source/w/waitress/waitress-0.8.9.tar.gz (121kB)
setuptools must be installed to install from a source distribution
Package search: {'_pypi_ordering': False, 'version': '0.8.9', 'name': 'waitress', 'summary': 'Waitress WSGI server'}
Creating standard recipe for waitress-0.8.9
Using url https://pypi.python.org/packages/source/w/waitress/waitress-0.8.9.tar.gz (118 KB) for waitress.
Downloading waitress
Using cached download
Unpacking waitress...
done
working in /tmp/tmpBJ6AU1conda_skeleton_waitress-0.8.9.tar.gz
Fetching package metadata: ......

WARNING: conda-build appears to be out of date. You have version 1.13.0 but the
latest version is 1.14.0. Run

conda update -n root conda-build

to get the latest version.

Solving package specifications: .patching file core.py
Hunk #1 succeeded at 168 with fuzz 2 (offset 2 lines).
Traceback (most recent call last):
  File "setup.py", line 16, in <module>
    from setuptools import setup, find_packages
ImportError: No module named setuptools

Applying patch: '/tmp/tmpBJ6AU1conda_skeleton_waitress-0.8.9.tar.gz/pypi-distutils.patch'
$PYTHONPATH = /tmp/tmpBJ6AU1conda_skeleton_waitress-0.8.9.tar.gz/waitress-0.8.9
Error: command failed: /home/ubuntu/miniconda/envs/_build/bin/python setup.py install

conda create -n _pipbuild_ --yes python pip
/home/ubuntu/miniconda/envs/_pipbuild_/bin/pip install waitress==0.8.9
Error: Could not pip install waitress==0.8.9
