Error: prefix already exists: /home/ubuntu/miniconda/envs/_pipbuild_
Collecting webapp2==2.5.2
  Downloading http://localhost/packages/source/w/webapp2/webapp2-2.5.2.tar.gz (191kB)
setuptools must be installed to install from a source distribution
Package search: {'_pypi_ordering': False, 'version': '2.5.2', 'name': 'webapp2', 'summary': "Taking Google App Engine's webapp to the next level!"}
Creating standard recipe for webapp2-2.5.2
Using url https://pypi.python.org/packages/source/w/webapp2/webapp2-2.5.2.tar.gz (187 KB) for webapp2.
Downloading webapp2
Using cached download
Unpacking webapp2...
done
working in /tmp/tmpM4cy8vconda_skeleton_webapp2-2.5.2.tar.gz
Fetching package metadata: ......

WARNING: conda-build appears to be out of date. You have version 1.13.0 but the
latest version is 1.14.0. Run

conda update -n root conda-build

to get the latest version.

Solving package specifications: .patching file core.py
Hunk #1 succeeded at 168 with fuzz 2 (offset 2 lines).
Traceback (most recent call last):
  File "setup.py", line 36, in <module>
    from setuptools import setup
ImportError: No module named setuptools

Applying patch: '/tmp/tmpM4cy8vconda_skeleton_webapp2-2.5.2.tar.gz/pypi-distutils.patch'
$PYTHONPATH = /tmp/tmpM4cy8vconda_skeleton_webapp2-2.5.2.tar.gz/webapp2-2.5.2
Error: command failed: /home/ubuntu/miniconda/envs/_build/bin/python setup.py install

conda create -n _pipbuild_ --yes python pip
/home/ubuntu/miniconda/envs/_pipbuild_/bin/pip install webapp2==2.5.2
Error: Could not pip install webapp2==2.5.2
