Error: prefix already exists: /home/ubuntu/miniconda/envs/_pipbuild_
Collecting websocket-client==0.32.0
  Could not find a version that satisfies the requirement websocket-client==0.32.0 (from versions: 0.3, 0.4, 0.4.1, 0.5.0a0, 0.5.0, 0.5.1, 0.6.0, 0.7.0, 0.8.0, 0.9.0, 0.10.0, 0.11.0, 0.12.0, 0.13.0, 0.14.0, 0.14.1, 0.15.0, 0.16.0a0, 0.16.0, 0.17.0, 0.18.0, 0.19.0, 0.20.0, 0.21.0, 0.22.0, 0.23.0, 0.24.0, 0.25.0, 0.26.0, 0.27.0, 0.28.0, 0.29.0, 0.30.0)
No matching distribution found for websocket-client==0.32.0
Package search: {'_pypi_ordering': False, 'version': '0.32.0', 'name': 'websocket-client', 'summary': 'WebSocket client for python. hybi13 is supported.'}
Creating standard recipe for websocket-client-0.32.0
Using url https://pypi.python.org/packages/source/w/websocket-client/websocket_client-0.32.0.tar.gz (188 KB) for websocket-client.
Downloading websocket-client
Using cached download
Unpacking websocket-client...
done
working in /tmp/tmpnMU8xAconda_skeleton_websocket_client-0.32.0.tar.gz
Fetching package metadata: ......

WARNING: conda-build appears to be out of date. You have version 1.13.0 but the
latest version is 1.14.0. Run

conda update -n root conda-build

to get the latest version.

Solving package specifications: .patching file core.py
Hunk #1 succeeded at 168 with fuzz 2 (offset 2 lines).
Traceback (most recent call last):
  File "setup.py", line 1, in <module>
    from setuptools import setup
ImportError: No module named setuptools

Applying patch: '/tmp/tmpnMU8xAconda_skeleton_websocket_client-0.32.0.tar.gz/pypi-distutils.patch'
$PYTHONPATH = /tmp/tmpnMU8xAconda_skeleton_websocket_client-0.32.0.tar.gz/websocket_client-0.32.0
Error: command failed: /home/ubuntu/miniconda/envs/_build/bin/python setup.py install

conda create -n _pipbuild_ --yes python pip
/home/ubuntu/miniconda/envs/_pipbuild_/bin/pip install websocket-client==0.32.0
Error: Could not pip install websocket-client==0.32.0
