Warning, the following versions were found for websocket-client
0.32.0
0.31.0
0.30.0
0.29.0
0.28.0
0.27.0
0.26.0
0.25.0
0.24.0
0.23.0
0.22.0
0.21.0
0.20.0
0.19.0
0.18.0
0.17.0
0.16.0
0.16.0a
0.15.0
0.14.1
0.14.0
0.13.0
0.12.0
0.11.0
0.10.0
0.9.0
0.8.0
0.7.0
0.6.0
0.5.1
0.5.0
0.5.0a
0.4.1
0.4
0.3
Using 0.32.0
Use --version to specify a different version.
Using url https://pypi.python.org/packages/source/w/websocket-client/websocket_client-0.32.0.tar.gz (188 KB) for websocket-client.
Downloading websocket-client
Using cached download
Unpacking websocket-client...
done
working in /tmp/tmpD8fEFWconda_skeleton_websocket_client-0.32.0.tar.gz
Fetching package metadata: ......

WARNING: conda-build appears to be out of date. You have version 1.13.0 but the
latest version is 1.14.1. Run

conda update -n root conda-build

to get the latest version.

Solving package specifications: .patching file core.py
Hunk #1 succeeded at 168 with fuzz 2 (offset 2 lines).

The following NEW packages will be INSTALLED:

    numpy:      1.9.2-py27_0 
    openssl:    1.0.1k-1     
    pip:        7.0.3-py27_0 
    python:     2.7.10-0     
    pyyaml:     3.11-py27_1  
    readline:   6.2-2        
    setuptools: 18.0.1-py27_0
    sqlite:     3.8.4.1-1    
    system:     5.8-2        
    tk:         8.5.18-0     
    yaml:       0.1.6-0      
    zlib:       1.2.8-0      

Linking packages ...
[                    ]|                                                  |   0%[openssl             ]|                                                  |   0%[readline            ]|####                                              |   8%[sqlite              ]|########                                          |  16%[system              ]|############                                      |  25%[tk                  ]|################                                  |  33%[yaml                ]|####################                              |  41%[zlib                ]|#########################                         |  50%[numpy               ]|#############################                     |  58%[python              ]|#################################                 |  66%[pyyaml              ]|#####################################             |  75%[setuptools          ]|#########################################         |  83%[pip                 ]|#############################################     |  91%[      COMPLETE      ]|##################################################| 100%
Applying patch: '/tmp/tmpD8fEFWconda_skeleton_websocket_client-0.32.0.tar.gz/pypi-distutils.patch'
Writing recipe for websocket-client
Done
