Error: prefix already exists: /home/ubuntu/miniconda/envs/_pipbuild_
Collecting whitenoise==2.0.1
  Could not find a version that satisfies the requirement whitenoise==2.0.1 (from versions: 0.9, 0.10, 0.11, 0.12, 0.13, 1.0, 1.0.1, 1.0.2, 1.0.3, 1.0.4, 1.0.5, 1.0.6)
No matching distribution found for whitenoise==2.0.1
Package search: {'_pypi_ordering': False, 'version': '2.0.1', 'name': 'whitenoise', 'summary': 'Radically simplified static file serving for WSGI applications'}
Creating standard recipe for whitenoise-2.0.1
Using url https://pypi.python.org/packages/source/w/whitenoise/whitenoise-2.0.1.tar.gz (24 KB) for whitenoise.
Downloading whitenoise
Unpacking whitenoise...
done
working in /tmp/tmphjJhANconda_skeleton_whitenoise-2.0.1.tar.gz
Fetching package metadata: ......

WARNING: conda-build appears to be out of date. You have version 1.13.0 but the
latest version is 1.14.0. Run

conda update -n root conda-build

to get the latest version.

Solving package specifications: .patching file core.py
Hunk #1 succeeded at 168 with fuzz 2 (offset 2 lines).
Traceback (most recent call last):
  File "setup.py", line 3, in <module>
    from setuptools import setup, find_packages
ImportError: No module named setuptools

Applying patch: '/tmp/tmphjJhANconda_skeleton_whitenoise-2.0.1.tar.gz/pypi-distutils.patch'
$PYTHONPATH = /tmp/tmphjJhANconda_skeleton_whitenoise-2.0.1.tar.gz/whitenoise-2.0.1
Error: command failed: /home/ubuntu/miniconda/envs/_build/bin/python setup.py install

conda create -n _pipbuild_ --yes python pip
/home/ubuntu/miniconda/envs/_pipbuild_/bin/pip install whitenoise==2.0.1
Error: Could not pip install whitenoise==2.0.1
