Error: prefix already exists: /home/ubuntu/miniconda/envs/_pipbuild_
Collecting Whoosh==2.7.0
  Downloading http://localhost/packages/source/W/Whoosh/Whoosh-2.7.0.tar.gz (950kB)
setuptools must be installed to install from a source distribution
Package search: {'_pypi_ordering': False, 'version': '2.7.0', 'name': 'Whoosh', 'summary': 'Fast, pure-Python full text indexing, search, and spell checking library.'}
Creating standard recipe for whoosh-2.7.0
Using url https://pypi.python.org/packages/source/W/Whoosh/Whoosh-2.7.0.tar.gz (928 KB) for Whoosh.
Downloading Whoosh
Using cached download
Unpacking Whoosh...
done
working in /tmp/tmpy8X4lnconda_skeleton_Whoosh-2.7.0.tar.gz
Fetching package metadata: ......

WARNING: conda-build appears to be out of date. You have version 1.13.0 but the
latest version is 1.14.0. Run

conda update -n root conda-build

to get the latest version.

Solving package specifications: .patching file core.py
Hunk #1 succeeded at 168 with fuzz 2 (offset 2 lines).
Traceback (most recent call last):
  File "setup.py", line 4, in <module>
    from setuptools import setup, find_packages
ImportError: No module named setuptools

Applying patch: '/tmp/tmpy8X4lnconda_skeleton_Whoosh-2.7.0.tar.gz/pypi-distutils.patch'
$PYTHONPATH = /tmp/tmpy8X4lnconda_skeleton_Whoosh-2.7.0.tar.gz/Whoosh-2.7.0
Error: command failed: /home/ubuntu/miniconda/envs/_build/bin/python setup.py install

conda create -n _pipbuild_ --yes python pip
/home/ubuntu/miniconda/envs/_pipbuild_/bin/pip install Whoosh==2.7.0
Error: Could not pip install Whoosh==2.7.0
