Error: prefix already exists: /home/ubuntu/miniconda/envs/_pipbuild_
Collecting wsgi-intercept==0.10.0
  Downloading http://localhost/packages/source/w/wsgi_intercept/wsgi_intercept-0.10.0.tar.gz
setuptools must be installed to install from a source distribution
Package search: {'_pypi_ordering': False, 'version': '0.10.0', 'name': 'wsgi_intercept', 'summary': 'wsgi_intercept installs a WSGI application in place of a real URI for testing.'}
Creating standard recipe for wsgi_intercept-0.10.0
Using url https://pypi.python.org/packages/source/w/wsgi_intercept/wsgi_intercept-0.10.0.tar.gz (29 KB) for wsgi_intercept.
Downloading wsgi_intercept
Using cached download
Unpacking wsgi_intercept...
done
working in /tmp/tmpWq4OUuconda_skeleton_wsgi_intercept-0.10.0.tar.gz
Fetching package metadata: ......

WARNING: conda-build appears to be out of date. You have version 1.13.0 but the
latest version is 1.14.0. Run

conda update -n root conda-build

to get the latest version.

Solving package specifications: .patching file core.py
Hunk #1 succeeded at 168 with fuzz 2 (offset 2 lines).
Traceback (most recent call last):
  File "setup.py", line 3, in <module>
    from setuptools import setup, find_packages
ImportError: No module named setuptools

Applying patch: '/tmp/tmpWq4OUuconda_skeleton_wsgi_intercept-0.10.0.tar.gz/pypi-distutils.patch'
$PYTHONPATH = /tmp/tmpWq4OUuconda_skeleton_wsgi_intercept-0.10.0.tar.gz/wsgi_intercept-0.10.0
Error: command failed: /home/ubuntu/miniconda/envs/_build/bin/python setup.py install

conda create -n _pipbuild_ --yes python pip
/home/ubuntu/miniconda/envs/_pipbuild_/bin/pip install wsgi_intercept==0.10.0
Error: Could not pip install wsgi_intercept==0.10.0
