Warning, the following versions were found for wsgi_intercept
0.10.0
0.9.1
0.9.0
0.8.1
0.8.0
0.7.0
0.6.5
0.6.4
0.6.3
0.6.2
0.6.1
0.6.0
0.5.1
0.5.0
0.4
0.3.4
0.3.3
0.3.2
0.3.1
0.3
Using 0.10.0
Use --version to specify a different version.
Using url https://pypi.python.org/packages/source/w/wsgi_intercept/wsgi_intercept-0.10.0.tar.gz (29 KB) for wsgi_intercept.
Downloading wsgi_intercept
Using cached download
Unpacking wsgi_intercept...
done
working in /tmp/tmpeVn3QOconda_skeleton_wsgi_intercept-0.10.0.tar.gz
Fetching package metadata: ......

WARNING: conda-build appears to be out of date. You have version 1.13.0 but the
latest version is 1.14.1. Run

conda update -n root conda-build

to get the latest version.

Solving package specifications: .patching file core.py
Hunk #1 succeeded at 168 with fuzz 2 (offset 2 lines).

Applying patch: '/tmp/tmpeVn3QOconda_skeleton_wsgi_intercept-0.10.0.tar.gz/pypi-distutils.patch'
Writing recipe for wsgi_intercept
Done
