Error: prefix already exists: /home/ubuntu/miniconda/envs/_pipbuild_
Collecting WSME==0.7.0
  Could not find a version that satisfies the requirement WSME==0.7.0 (from versions: 0.1.0a1, 0.1.0a2, 0.1.0a3, 0.1.0a4, 0.1.0, 0.1.1, 0.2.0, 0.3b1, 0.3b2, 0.3, 0.4b1, 0.4, 0.5b1, 0.5b2, 0.5b5, 0.5b6, 0.6, 0.6.1, 0.6.2, 0.6.3, 0.6.4)
No matching distribution found for WSME==0.7.0
Package search: {'_pypi_ordering': False, 'version': '0.7.0', 'name': 'WSME', 'summary': 'Simplify the writing of REST APIs, and extend them with additional protocols.'}
Creating standard recipe for wsme-0.7.0
Using url https://pypi.python.org/packages/source/W/WSME/WSME-0.7.0.tar.gz (120 KB) for WSME.
Downloading WSME
Using cached download
Unpacking WSME...
done
working in /tmp/tmpUd9UcKconda_skeleton_WSME-0.7.0.tar.gz
Fetching package metadata: ......

WARNING: conda-build appears to be out of date. You have version 1.13.0 but the
latest version is 1.14.0. Run

conda update -n root conda-build

to get the latest version.

Solving package specifications: .patching file core.py
Hunk #1 succeeded at 168 with fuzz 2 (offset 2 lines).
Traceback (most recent call last):
  File "setup.py", line 1, in <module>
    import setuptools
ImportError: No module named setuptools

Applying patch: '/tmp/tmpUd9UcKconda_skeleton_WSME-0.7.0.tar.gz/pypi-distutils.patch'
$PYTHONPATH = /tmp/tmpUd9UcKconda_skeleton_WSME-0.7.0.tar.gz/WSME-0.7.0
Error: command failed: /home/ubuntu/miniconda/envs/_build/bin/python setup.py install

conda create -n _pipbuild_ --yes python pip
/home/ubuntu/miniconda/envs/_pipbuild_/bin/pip install WSME==0.7.0
Error: Could not pip install WSME==0.7.0
