Error: prefix already exists: /home/ubuntu/miniconda/envs/_pipbuild_
Exception:
Traceback (most recent call last):
  File "/home/ubuntu/miniconda/envs/_pipbuild_/lib/python2.7/site-packages/pip/basecommand.py", line 223, in main
    status = self.run(options, args)
  File "/home/ubuntu/miniconda/envs/_pipbuild_/lib/python2.7/site-packages/pip/commands/install.py", line 268, in run
    wheel_cache
  File "/home/ubuntu/miniconda/envs/_pipbuild_/lib/python2.7/site-packages/pip/basecommand.py", line 268, in populate_requirement_set
    wheel_cache=wheel_cache
  File "/home/ubuntu/miniconda/envs/_pipbuild_/lib/python2.7/site-packages/pip/req/req_install.py", line 207, in from_line
    wheel_cache=wheel_cache)
  File "/home/ubuntu/miniconda/envs/_pipbuild_/lib/python2.7/site-packages/pip/req/req_install.py", line 66, in __init__
    req = pkg_resources.Requirement.parse(req)
  File "/home/ubuntu/miniconda/envs/_pipbuild_/lib/python2.7/site-packages/pip/_vendor/pkg_resources/__init__.py", line 2960, in parse
    reqs = list(parse_requirements(s))
  File "/home/ubuntu/miniconda/envs/_pipbuild_/lib/python2.7/site-packages/pip/_vendor/pkg_resources/__init__.py", line 2904, in parse_requirements
    "version spec")
  File "/home/ubuntu/miniconda/envs/_pipbuild_/lib/python2.7/site-packages/pip/_vendor/pkg_resources/__init__.py", line 2869, in scan_list
    raise ValueError(msg, line, "at", line[p:])
ValueError: ('Expected version spec in', 'wtforms==>=1.0.4', 'at', '==>=1.0.4')

Package search: {'_pypi_ordering': False, 'version': '0.9.7', 'name': 'WTForms-Components', 'summary': 'Additional fields, validators and widgets for WTForms.'}
Creating standard recipe for wtforms-components-0.9.7
Converting recipe in /home/ubuntu/pypi-conda-builds/wtforms-components
package = WTForms-Components
   dependencies = [u'wtforms >=1.0.4', u'sqlalchemy >=0.8.0', u'sqlalchemy-utils >=0.23.0', u'six >=1.4.1', u'validators >=0.5.0', u'intervals >=0.2.0']
Creating standard recipe for wtforms->=1.0.4
Error: Version >=1.0.4 of wtforms is not available on PyPI.

conda create -n _pipbuild_ --yes python pip
/home/ubuntu/miniconda/envs/_pipbuild_/bin/pip install wtforms==>=1.0.4
Error: Could not pip install wtforms==>=1.0.4
