Error: prefix already exists: /home/ubuntu/miniconda/envs/_pipbuild_
Collecting xhtml2pdf==0.0.6
  Downloading http://localhost/packages/source/x/xhtml2pdf/xhtml2pdf-0.0.6.tar.gz (100kB)
setuptools must be installed to install from a source distribution
Package search: {'_pypi_ordering': False, 'version': '0.0.6', 'name': 'xhtml2pdf', 'summary': 'PDF generator using HTML and CSS'}
Creating standard recipe for xhtml2pdf-0.0.6
Using url https://pypi.python.org/packages/source/x/xhtml2pdf/xhtml2pdf-0.0.6.tar.gz (98 KB) for xhtml2pdf.
Downloading xhtml2pdf
Using cached download
Unpacking xhtml2pdf...
done
working in /tmp/tmpS4k14Oconda_skeleton_xhtml2pdf-0.0.6.tar.gz
Fetching package metadata: ......

WARNING: conda-build appears to be out of date. You have version 1.13.0 but the
latest version is 1.14.0. Run

conda update -n root conda-build

to get the latest version.

Solving package specifications: .patching file core.py
Hunk #1 succeeded at 168 with fuzz 2 (offset 2 lines).
Traceback (most recent call last):
  File "setup.py", line 22, in <module>
    from ez_setup import use_setuptools
ImportError: No module named ez_setup

The following NEW packages will be INSTALLED:

    numpy:  1.9.2-py27_0
    pyyaml: 3.11-py27_1 
    yaml:   0.1.6-0     

Linking packages ...
[                    ]|                                                  |   0%[yaml                ]|                                                  |   0%[numpy               ]|################                                  |  33%[pyyaml              ]|#################################                 |  66%[      COMPLETE      ]|##################################################| 100%
Applying patch: '/tmp/tmpS4k14Oconda_skeleton_xhtml2pdf-0.0.6.tar.gz/pypi-distutils.patch'
$PYTHONPATH = /tmp/tmpS4k14Oconda_skeleton_xhtml2pdf-0.0.6.tar.gz/xhtml2pdf-0.0.6
Error: command failed: /home/ubuntu/miniconda/envs/_build/bin/python setup.py install

conda create -n _pipbuild_ --yes python pip
/home/ubuntu/miniconda/envs/_pipbuild_/bin/pip install xhtml2pdf==0.0.6
Error: Could not pip install xhtml2pdf==0.0.6
