Warning, the following versions were found for xhtml2pdf
0.0.6
0.0.5
0.0.4
0.0.3
0.0.2
0.0.1
0.0.0
Using 0.0.6
Use --version to specify a different version.
Using url https://pypi.python.org/packages/source/x/xhtml2pdf/xhtml2pdf-0.0.6.tar.gz (98 KB) for xhtml2pdf.
Downloading xhtml2pdf
Using cached download
Unpacking xhtml2pdf...
done
working in /tmp/tmptoGqRLconda_skeleton_xhtml2pdf-0.0.6.tar.gz
Fetching package metadata: ......

WARNING: conda-build appears to be out of date. You have version 1.13.0 but the
latest version is 1.14.1. Run

conda update -n root conda-build

to get the latest version.

Solving package specifications: .patching file core.py
Hunk #1 succeeded at 168 with fuzz 2 (offset 2 lines).

Applying patch: '/tmp/tmptoGqRLconda_skeleton_xhtml2pdf-0.0.6.tar.gz/pypi-distutils.patch'
Writing recipe for xhtml2pdf
Done
