Warning, the following versions were found for xlrd
0.9.3
0.9.2
0.9.1
0.9.0
0.8.0
0.7.9
0.7.8
0.7.7
0.7.6
0.7.5
0.7.4
0.7.3
0.7.2
0.7.1
0.7.0
0.6.1
0.6.1a4
0.5.2
Using 0.9.3
Use --version to specify a different version.
Using url https://pypi.python.org/packages/source/x/xlrd/xlrd-0.9.3.tar.gz (174 KB) for xlrd.
Downloading xlrd
Using cached download
Unpacking xlrd...
done
working in /tmp/tmpMrn48Xconda_skeleton_xlrd-0.9.3.tar.gz
Fetching package metadata: ......

WARNING: conda-build appears to be out of date. You have version 1.13.0 but the
latest version is 1.14.1. Run

conda update -n root conda-build

to get the latest version.

Solving package specifications: .patching file core.py
Hunk #1 succeeded at 168 with fuzz 2 (offset 2 lines).

The following NEW packages will be INSTALLED:

    numpy:  1.9.2-py27_0
    pyyaml: 3.11-py27_1 
    yaml:   0.1.6-0     

Linking packages ...
[                    ]|                                                  |   0%[yaml                ]|                                                  |   0%[numpy               ]|################                                  |  33%[pyyaml              ]|#################################                 |  66%[      COMPLETE      ]|##################################################| 100%
Applying patch: '/tmp/tmpMrn48Xconda_skeleton_xlrd-0.9.3.tar.gz/pypi-distutils.patch'
Writing recipe for xlrd
Done
