Warning, the following versions were found for xmltodict
0.9.2
0.9.1
0.9.0
0.8.7
0.8.6
0.8.5
0.8.4
0.8.3
0.8.2
0.8.1
0.7.0
0.6.0
0.5.1
0.5.0
0.4.6
0.4.4
0.4.3
0.4.2
0.4.1
0.4
0.3
0.2
Using 0.9.2
Use --version to specify a different version.
Using url https://pypi.python.org/packages/source/x/xmltodict/xmltodict-0.9.2.tar.gz (37 KB) for xmltodict.
Downloading xmltodict
Using cached download
Unpacking xmltodict...
done
working in /tmp/tmpPFTK8dconda_skeleton_xmltodict-0.9.2.tar.gz
Fetching package metadata: ......

WARNING: conda-build appears to be out of date. You have version 1.13.0 but the
latest version is 1.14.1. Run

conda update -n root conda-build

to get the latest version.

Solving package specifications: .patching file core.py
Hunk #1 succeeded at 168 with fuzz 2 (offset 2 lines).

The following NEW packages will be INSTALLED:

    numpy:  1.9.2-py27_0
    pyyaml: 3.11-py27_1 
    yaml:   0.1.6-0     

Linking packages ...
[                    ]|                                                  |   0%[yaml                ]|                                                  |   0%[numpy               ]|################                                  |  33%[pyyaml              ]|#################################                 |  66%[      COMPLETE      ]|##################################################| 100%
Applying patch: '/tmp/tmpPFTK8dconda_skeleton_xmltodict-0.9.2.tar.gz/pypi-distutils.patch'
Writing recipe for xmltodict
Done
