Error: prefix already exists: /home/ubuntu/miniconda/envs/_pipbuild_
Collecting XStatic-JQuery.TableSorter==2.14.5.1
  Downloading http://localhost/packages/source/X/XStatic-JQuery.TableSorter/XStatic-JQuery.TableSorter-2.14.5.1.tar.gz
setuptools must be installed to install from a source distribution
Package search: {'_pypi_ordering': False, 'version': '2.14.5.1', 'name': 'XStatic-JQuery.TableSorter', 'summary': 'JQuery.TableSorter 2.14.5 (XStatic packaging standard)'}
Creating standard recipe for xstatic-jquery.tablesorter-2.14.5.1
Using url https://pypi.python.org/packages/source/X/XStatic-JQuery.TableSorter/XStatic-JQuery.TableSorter-2.14.5.1.tar.gz (19 KB) for XStatic-JQuery.TableSorter.
Downloading XStatic-JQuery.TableSorter
Using cached download
Unpacking XStatic-JQuery.TableSorter...
done
working in /tmp/tmpwmhMh0conda_skeleton_XStatic-JQuery.TableSorter-2.14.5.1.tar.gz
Fetching package metadata: ......

WARNING: conda-build appears to be out of date. You have version 1.13.0 but the
latest version is 1.14.0. Run

conda update -n root conda-build

to get the latest version.

Solving package specifications: .patching file core.py
Hunk #1 succeeded at 168 with fuzz 2 (offset 2 lines).
Traceback (most recent call last):
  File "setup.py", line 1, in <module>
    from xstatic.pkg import jquery_tablesorter as xs
  File "/tmp/tmpwmhMh0conda_skeleton_XStatic-JQuery.TableSorter-2.14.5.1.tar.gz/XStatic-JQuery.TableSorter-2.14.5.1/xstatic/__init__.py", line 1, in <module>
    __import__('pkg_resources').declare_namespace(__name__)
ImportError: No module named pkg_resources

The following NEW packages will be INSTALLED:

    numpy:  1.9.2-py27_0
    pyyaml: 3.11-py27_1 
    yaml:   0.1.6-0     

Linking packages ...
[                    ]|                                                  |   0%[yaml                ]|                                                  |   0%[numpy               ]|################                                  |  33%[pyyaml              ]|#################################                 |  66%[      COMPLETE      ]|##################################################| 100%
Applying patch: '/tmp/tmpwmhMh0conda_skeleton_XStatic-JQuery.TableSorter-2.14.5.1.tar.gz/pypi-distutils.patch'
$PYTHONPATH = /tmp/tmpwmhMh0conda_skeleton_XStatic-JQuery.TableSorter-2.14.5.1.tar.gz/XStatic-JQuery.TableSorter-2.14.5.1
Error: command failed: /home/ubuntu/miniconda/envs/_build/bin/python setup.py install

conda create -n _pipbuild_ --yes python pip
/home/ubuntu/miniconda/envs/_pipbuild_/bin/pip install XStatic-JQuery.TableSorter==2.14.5.1
Error: Could not pip install XStatic-JQuery.TableSorter==2.14.5.1
