Error: prefix already exists: /home/ubuntu/miniconda/envs/_pipbuild_
Collecting XStatic-Spin==1.2.5.2
  Downloading http://localhost/packages/source/X/XStatic-Spin/XStatic-Spin-1.2.5.2.tar.gz
setuptools must be installed to install from a source distribution
Package search: {'_pypi_ordering': False, 'version': '1.2.5.2', 'name': 'XStatic-Spin', 'summary': 'Spin 1.2.5 (XStatic packaging standard)'}
Creating standard recipe for xstatic-spin-1.2.5.2
Using url https://pypi.python.org/packages/source/X/XStatic-Spin/XStatic-Spin-1.2.5.2.tar.gz (5 KB) for XStatic-Spin.
Downloading XStatic-Spin
Using cached download
Unpacking XStatic-Spin...
done
working in /tmp/tmpZpG07kconda_skeleton_XStatic-Spin-1.2.5.2.tar.gz
Fetching package metadata: ......

WARNING: conda-build appears to be out of date. You have version 1.13.0 but the
latest version is 1.14.0. Run

conda update -n root conda-build

to get the latest version.

Solving package specifications: .patching file core.py
Hunk #1 succeeded at 168 with fuzz 2 (offset 2 lines).
Traceback (most recent call last):
  File "setup.py", line 1, in <module>
    from xstatic.pkg import spin as xs
  File "/tmp/tmpZpG07kconda_skeleton_XStatic-Spin-1.2.5.2.tar.gz/XStatic-Spin-1.2.5.2/xstatic/__init__.py", line 1, in <module>
    __import__('pkg_resources').declare_namespace(__name__)
ImportError: No module named pkg_resources

Applying patch: '/tmp/tmpZpG07kconda_skeleton_XStatic-Spin-1.2.5.2.tar.gz/pypi-distutils.patch'
$PYTHONPATH = /tmp/tmpZpG07kconda_skeleton_XStatic-Spin-1.2.5.2.tar.gz/XStatic-Spin-1.2.5.2
Error: command failed: /home/ubuntu/miniconda/envs/_build/bin/python setup.py install

conda create -n _pipbuild_ --yes python pip
/home/ubuntu/miniconda/envs/_pipbuild_/bin/pip install XStatic-Spin==1.2.5.2
Error: Could not pip install XStatic-Spin==1.2.5.2
