Error: prefix already exists: /home/ubuntu/miniconda/envs/_pipbuild_
Collecting XStatic-Bootstrap-SCSS==3.2.0.0
  Downloading http://localhost/packages/source/X/XStatic-Bootstrap-SCSS/XStatic-Bootstrap-SCSS-3.2.0.0.tar.gz (164kB)
setuptools must be installed to install from a source distribution
Package search: {'_pypi_ordering': False, 'version': '3.2.0.0', 'name': 'XStatic-Bootstrap-SCSS', 'summary': 'Bootstrap-SCSS 3.2.0 (XStatic packaging standard)'}
Creating standard recipe for xstatic-bootstrap-scss-3.2.0.0
Using url https://pypi.python.org/packages/source/X/XStatic-Bootstrap-SCSS/XStatic-Bootstrap-SCSS-3.2.0.0.tar.gz (161 KB) for XStatic-Bootstrap-SCSS.
Downloading XStatic-Bootstrap-SCSS
Using cached download
Unpacking XStatic-Bootstrap-SCSS...
done
working in /tmp/tmpcuMi1yconda_skeleton_XStatic-Bootstrap-SCSS-3.2.0.0.tar.gz
Fetching package metadata: ......

WARNING: conda-build appears to be out of date. You have version 1.13.0 but the
latest version is 1.14.0. Run

conda update -n root conda-build

to get the latest version.

Solving package specifications: .patching file core.py
Hunk #1 succeeded at 168 with fuzz 2 (offset 2 lines).
Traceback (most recent call last):
  File "setup.py", line 1, in <module>
    from xstatic.pkg import bootstrap_scss as xs
  File "/tmp/tmpcuMi1yconda_skeleton_XStatic-Bootstrap-SCSS-3.2.0.0.tar.gz/XStatic-Bootstrap-SCSS-3.2.0.0/xstatic/__init__.py", line 1, in <module>
    __import__('pkg_resources').declare_namespace(__name__)
ImportError: No module named pkg_resources

Applying patch: '/tmp/tmpcuMi1yconda_skeleton_XStatic-Bootstrap-SCSS-3.2.0.0.tar.gz/pypi-distutils.patch'
$PYTHONPATH = /tmp/tmpcuMi1yconda_skeleton_XStatic-Bootstrap-SCSS-3.2.0.0.tar.gz/XStatic-Bootstrap-SCSS-3.2.0.0
Error: command failed: /home/ubuntu/miniconda/envs/_build/bin/python setup.py install

conda create -n _pipbuild_ --yes python pip
/home/ubuntu/miniconda/envs/_pipbuild_/bin/pip install XStatic-Bootstrap-SCSS==3.2.0.0
Error: Could not pip install XStatic-Bootstrap-SCSS==3.2.0.0
