Error: prefix already exists: /home/ubuntu/miniconda/envs/_pipbuild_
Collecting XStatic-smart-table==1.4.5.3
  Downloading http://localhost/packages/2.7/X/XStatic-smart-table/XStatic_smart_table-1.4.5.3-py2-none-any.whl
Installing collected packages: XStatic-smart-table
Successfully installed XStatic-smart-table-1.4.5.3
Traceback (most recent call last):
  File "__tmpfile__.py", line 1, in <module>
    import pkg_resources;
ImportError: No module named pkg_resources
An unexpected error has occurred, please consider sending the
following traceback to the conda GitHub issue tracker at:

    https://github.com/conda/conda-build/issues

Include the output of the command 'conda info' in your report.


Package search: {'_pypi_ordering': False, 'version': '1.4.5.3', 'name': 'XStatic-smart-table', 'summary': 'smart-table 1.4.5 (XStatic packaging standard)'}
Creating standard recipe for xstatic-smart-table-1.4.5.3
Using url https://pypi.python.org/packages/source/X/XStatic-smart-table/XStatic-smart-table-1.4.5.3.tar.gz (6 KB) for XStatic-smart-table.
Downloading XStatic-smart-table
Using cached download
Unpacking XStatic-smart-table...
done
working in /tmp/tmpIpcTlNconda_skeleton_XStatic-smart-table-1.4.5.3.tar.gz
Fetching package metadata: ......

WARNING: conda-build appears to be out of date. You have version 1.13.0 but the
latest version is 1.14.0. Run

conda update -n root conda-build

to get the latest version.

Solving package specifications: .patching file core.py
Hunk #1 succeeded at 168 with fuzz 2 (offset 2 lines).
Traceback (most recent call last):
  File "setup.py", line 2, in <module>
    from xstatic.pkg import angular_smart_table as xs
  File "/tmp/tmpIpcTlNconda_skeleton_XStatic-smart-table-1.4.5.3.tar.gz/XStatic-smart-table-1.4.5.3/xstatic/__init__.py", line 1, in <module>
    __import__('pkg_resources').declare_namespace(__name__)
ImportError: No module named pkg_resources

Applying patch: '/tmp/tmpIpcTlNconda_skeleton_XStatic-smart-table-1.4.5.3.tar.gz/pypi-distutils.patch'
$PYTHONPATH = /tmp/tmpIpcTlNconda_skeleton_XStatic-smart-table-1.4.5.3.tar.gz/XStatic-smart-table-1.4.5.3
Error: command failed: /home/ubuntu/miniconda/envs/_build/bin/python setup.py install

conda create -n _pipbuild_ --yes python pip
/home/ubuntu/miniconda/envs/_pipbuild_/bin/pip install XStatic-smart-table==1.4.5.3
Getting dependencies...
Traceback (most recent call last):
  File "/home/ubuntu/miniconda/bin/conda-pipbuild", line 6, in <module>
    exec(compile(open(__file__).read(), __file__, 'exec'))
  File "/home/ubuntu/conda-build/bin/conda-pipbuild", line 5, in <module>
    sys.exit(main())
  File "/home/ubuntu/conda-build/conda_build/main_pipbuild.py", line 80, in main
    args_func(args, p)
  File "/home/ubuntu/conda-build/conda_build/main_build.py", line 349, in args_func
    args.func(args, p)
  File "/home/ubuntu/conda-build/conda_build/main_pipbuild.py", line 360, in execute
    build_package(package, version, noarch_python=args.noarch_python)
  File "/home/ubuntu/conda-build/conda_build/main_pipbuild.py", line 304, in build_package
    noarch_python=noarch_python)
  File "/home/ubuntu/conda-build/conda_build/main_pipbuild.py", line 240, in make_recipe
    depends = get_all_dependencies(package, version)
  File "/home/ubuntu/conda-build/conda_build/main_pipbuild.py", line 219, in get_all_dependencies
    output = subprocess.check_output(cmd3args)
  File "/home/ubuntu/miniconda/lib/python2.7/subprocess.py", line 573, in check_output
    raise CalledProcessError(retcode, cmd, output=output)
subprocess.CalledProcessError: Command '['/home/ubuntu/miniconda/envs/_pipbuild_/bin/python', '__tmpfile__.py']' returned non-zero exit status 1
