Error: prefix already exists: /home/ubuntu/miniconda/envs/_pipbuild_
Collecting XStatic-jquery-ui==1.11.0.1
  Downloading http://localhost/packages/source/X/XStatic-jquery-ui/XStatic-jquery-ui-1.11.0.1.tar.gz (1.2MB)
setuptools must be installed to install from a source distribution
Package search: {'_pypi_ordering': False, 'version': '1.11.0.1', 'name': 'XStatic-jquery-ui', 'summary': 'jquery-ui 1.11.0 (XStatic packaging standard)'}
Creating standard recipe for xstatic-jquery-ui-1.11.0.1
Using url https://pypi.python.org/packages/source/X/XStatic-jquery-ui/XStatic-jquery-ui-1.11.0.1.tar.gz (1.2 MB) for XStatic-jquery-ui.
Downloading XStatic-jquery-ui
Using cached download
Unpacking XStatic-jquery-ui...
done
working in /tmp/tmpjCzA4Vconda_skeleton_XStatic-jquery-ui-1.11.0.1.tar.gz
Fetching package metadata: ......

WARNING: conda-build appears to be out of date. You have version 1.13.0 but the
latest version is 1.14.0. Run

conda update -n root conda-build

to get the latest version.

Solving package specifications: .patching file core.py
Hunk #1 succeeded at 168 with fuzz 2 (offset 2 lines).
Traceback (most recent call last):
  File "setup.py", line 1, in <module>
    from xstatic.pkg import jquery_ui as xs
  File "/tmp/tmpjCzA4Vconda_skeleton_XStatic-jquery-ui-1.11.0.1.tar.gz/XStatic-jquery-ui-1.11.0.1/xstatic/__init__.py", line 1, in <module>
    __import__('pkg_resources').declare_namespace(__name__)
ImportError: No module named pkg_resources

The following NEW packages will be INSTALLED:

    numpy:  1.9.2-py27_0
    pyyaml: 3.11-py27_1 
    yaml:   0.1.6-0     

Linking packages ...
[                    ]|                                                  |   0%[yaml                ]|                                                  |   0%[numpy               ]|################                                  |  33%[pyyaml              ]|#################################                 |  66%[      COMPLETE      ]|##################################################| 100%
Applying patch: '/tmp/tmpjCzA4Vconda_skeleton_XStatic-jquery-ui-1.11.0.1.tar.gz/pypi-distutils.patch'
$PYTHONPATH = /tmp/tmpjCzA4Vconda_skeleton_XStatic-jquery-ui-1.11.0.1.tar.gz/XStatic-jquery-ui-1.11.0.1
Error: command failed: /home/ubuntu/miniconda/envs/_build/bin/python setup.py install

conda create -n _pipbuild_ --yes python pip
/home/ubuntu/miniconda/envs/_pipbuild_/bin/pip install XStatic-jquery-ui==1.11.0.1
Error: Could not pip install XStatic-jquery-ui==1.11.0.1
