Error: prefix already exists: /home/ubuntu/miniconda/envs/_pipbuild_
Collecting XStatic==1.0.1
  Downloading http://localhost/packages/source/X/XStatic/XStatic-1.0.1.tar.gz
setuptools must be installed to install from a source distribution
Package search: {'_pypi_ordering': False, 'version': '1.0.1', 'name': 'XStatic', 'summary': 'XStatic base package with minimal support code'}
Creating standard recipe for xstatic-1.0.1
Using url https://pypi.python.org/packages/source/X/XStatic/XStatic-1.0.1.tar.gz (3 KB) for XStatic.
Downloading XStatic
Using cached download
Unpacking XStatic...
done
working in /tmp/tmpgNd5uXconda_skeleton_XStatic-1.0.1.tar.gz
Fetching package metadata: ......

WARNING: conda-build appears to be out of date. You have version 1.13.0 but the
latest version is 1.14.0. Run

conda update -n root conda-build

to get the latest version.

Solving package specifications: .patching file core.py
Hunk #1 succeeded at 168 with fuzz 2 (offset 2 lines).
Traceback (most recent call last):
  File "setup.py", line 18, in <module>
    from setuptools import setup, find_packages
ImportError: No module named setuptools

Applying patch: '/tmp/tmpgNd5uXconda_skeleton_XStatic-1.0.1.tar.gz/pypi-distutils.patch'
$PYTHONPATH = /tmp/tmpgNd5uXconda_skeleton_XStatic-1.0.1.tar.gz/XStatic-1.0.1
Error: command failed: /home/ubuntu/miniconda/envs/_build/bin/python setup.py install

conda create -n _pipbuild_ --yes python pip
/home/ubuntu/miniconda/envs/_pipbuild_/bin/pip install XStatic==1.0.1
Error: Could not pip install XStatic==1.0.1
