Removing old build directory
Removing old work directory
BUILD START: xstatic-jquery-ui-1.11.0.1-py27_0
Fetching package metadata: ......

WARNING: conda-build appears to be out of date. You have version 1.13.0 but the
latest version is 1.14.1. Run

conda update -n root conda-build

to get the latest version.

Solving package specifications: .................
Warning: 2 possible package resolutions (only showing differing packages):
	[u'xstatic-jquery-1.10.2.1-py_0.tar.bz2'],
	[u'xstatic-jquery-1.10.2.1-py27_0.tar.bz2'],
+ /home/ubuntu/miniconda/envs/_build/bin/python setup.py install
Traceback (most recent call last):
  File "setup.py", line 1, in <module>
    from xstatic.pkg import jquery_ui as xs
ImportError: cannot import name jquery_ui

The following NEW packages will be INSTALLED:

    openssl:        1.0.1k-1     
    pip:            7.0.3-py27_0 
    python:         2.7.10-0     
    readline:       6.2-2        
    setuptools:     18.0.1-py27_0
    sqlite:         3.8.4.1-1    
    system:         5.8-2        
    tk:             8.5.18-0     
    xstatic-jquery: 1.10.2.1-py_0
    zlib:           1.2.8-0      

Linking packages ...
[                    ]|                                                  |   0%[openssl             ]|                                                  |   0%[readline            ]|#####                                             |  10%[sqlite              ]|##########                                        |  20%[system              ]|###############                                   |  30%[tk                  ]|####################                              |  40%[zlib                ]|#########################                         |  50%[python              ]|##############################                    |  60%[setuptools          ]|###################################               |  70%[xstatic-jquery      ]|########################################          |  80%[pip                 ]|#############################################     |  90%[      COMPLETE      ]|##################################################| 100%
Removing old work directory
Source cache directory is: /home/ubuntu/miniconda/conda-bld/src_cache
Found source in cache: XStatic-jquery-ui-1.11.0.1.tar.gz
Extracting download
Package: xstatic-jquery-ui-1.11.0.1-py27_0
source tree in: /home/ubuntu/miniconda/conda-bld/work/XStatic-jquery-ui-1.11.0.1
Command failed: /bin/bash -x -e /home/ubuntu/pypi-conda-builds/recipes/xstatic-jquery-ui/build.sh
