Error: prefix already exists: /home/ubuntu/miniconda/envs/_pipbuild_
Collecting yelp-cheetah==0.10.0
  Downloading http://localhost/packages/source/y/yelp_cheetah/yelp_cheetah-0.10.0.tar.gz
setuptools must be installed to install from a source distribution
Package search: {'_pypi_ordering': False, 'version': '0.0.0', 'name': 'yelp_cheetah', 'summary': 'Cheetah is a template engine and code generation tool.'}
Creating standard recipe for yelp_cheetah-0.10.0
Using url https://pypi.python.org/packages/source/y/yelp_cheetah/yelp_cheetah-0.10.0.tar.gz (31 KB) for yelp_cheetah.
Downloading yelp_cheetah
Using cached download
Unpacking yelp_cheetah...
done
working in /tmp/tmp48zzulconda_skeleton_yelp_cheetah-0.10.0.tar.gz
Fetching package metadata: ......

WARNING: conda-build appears to be out of date. You have version 1.13.0 but the
latest version is 1.14.0. Run

conda update -n root conda-build

to get the latest version.

Solving package specifications: .patching file core.py
Hunk #1 succeeded at 168 with fuzz 2 (offset 2 lines).
Traceback (most recent call last):
  File "setup.py", line 1, in <module>
    from setuptools import Extension
ImportError: No module named setuptools

Applying patch: '/tmp/tmp48zzulconda_skeleton_yelp_cheetah-0.10.0.tar.gz/pypi-distutils.patch'
$PYTHONPATH = /tmp/tmp48zzulconda_skeleton_yelp_cheetah-0.10.0.tar.gz/yelp_cheetah-0.10.0
Error: command failed: /home/ubuntu/miniconda/envs/_build/bin/python setup.py install

conda create -n _pipbuild_ --yes python pip
/home/ubuntu/miniconda/envs/_pipbuild_/bin/pip install yelp_cheetah==0.10.0
Error: Could not pip install yelp_cheetah==0.10.0
