Warning, the following versions were found for you-get
0.3.33
0.3.32
0.3.31
0.3.30
0.3.30dev-20140907
0.3.30dev-20140820
0.3.30dev-20140812
0.3.30dev-20140806
0.3.30dev-20140730
0.3.30dev-20140723
0.3.30dev-20140716
0.3.30dev-20140629
0.3.29
0.3.28.3
0.3.28.2
0.3.28.1
0.3.28
0.3.27
0.3.26
0.3.25
0.3.24
0.3.23
0.3.22
0.3.21
0.3.20
0.3.19
0.3.18
0.3.17
0.3.16
0.3.15
0.3.14
0.3.13
0.3.12
0.3.11
0.3.10
0.3.9
0.3.8
0.3.7
0.3.6
0.3.5
0.3.4
0.3.3
0.3.2
0.3.1
0.3.0
0.3dev-20130201
0.3dev-20130125
0.3dev-20130118
0.3dev-20130111
0.3dev-20130104
0.3dev-20121228
0.3dev-20121221
0.3dev-20121220
0.3dev-20121219
0.3dev-20121217
0.3dev-20121212
0.3dev-20121210
0.2.16
0.2.15
0.2.14
0.2.13
0.2.12
0.2.11
0.2.10
0.2.9
0.2.8
0.2.7
0.2.6
0.2.5
0.2.4
0.2.3
0.2.2
0.2.1
0.2
0.1.3
0.1.2
0.1.1
0.1
Using 0.3.33
Use --version to specify a different version.
Using url https://pypi.python.org/packages/source/y/you-get/you-get-0.3.33.tar.gz (73 KB) for you-get.
Downloading you-get
Unpacking you-get...
done
working in /tmp/tmpbhsQyBconda_skeleton_you-get-0.3.33.tar.gz
Fetching package metadata: ......

WARNING: conda-build appears to be out of date. You have version 1.13.0 but the
latest version is 1.14.1. Run

conda update -n root conda-build

to get the latest version.

Solving package specifications: .patching file core.py
Hunk #1 succeeded at 168 with fuzz 2 (offset 2 lines).
Traceback (most recent call last):
  File "setup.py", line 10, in <module>
    proj_info = json.loads(open(os.path.join(here, PROJ_METADATA), encoding='utf-8').read())
TypeError: 'encoding' is an invalid keyword argument for this function

The following NEW packages will be INSTALLED:

    numpy:  1.9.2-py27_0
    pyyaml: 3.11-py27_1 
    yaml:   0.1.6-0     

Linking packages ...
[                    ]|                                                  |   0%[yaml                ]|                                                  |   0%[numpy               ]|################                                  |  33%[pyyaml              ]|#################################                 |  66%[      COMPLETE      ]|##################################################| 100%
Applying patch: '/tmp/tmpbhsQyBconda_skeleton_you-get-0.3.33.tar.gz/pypi-distutils.patch'
$PYTHONPATH = /tmp/tmpbhsQyBconda_skeleton_you-get-0.3.33.tar.gz/you-get-0.3.33
Error: command failed: /home/ubuntu/miniconda/envs/_build/bin/python setup.py install
