Removing old build directory
Removing old work directory
BUILD START: youtube_dl-2015.06.25-py_0
Fetching package metadata: ......

WARNING: conda-build appears to be out of date. You have version 1.13.0 but the
latest version is 1.14.0. Run

conda update -n root conda-build

to get the latest version.

Solving package specifications: .+ pip install youtube_dl
Collecting youtube-dl
  Downloading http://localhost/packages/2.7/y/youtube_dl/youtube_dl-2015.05.15-py2.py3-none-any.whl (929kB)
Installing collected packages: youtube-dl
Successfully installed youtube-dl-2015.5.15

The following NEW packages will be INSTALLED:

    openssl:    1.0.1k-1     
    pip:        7.0.3-py27_0 
    python:     2.7.10-0     
    readline:   6.2-2        
    setuptools: 18.0.1-py27_0
    sqlite:     3.8.4.1-1    
    system:     5.8-2        
    tk:         8.5.18-0     
    zlib:       1.2.8-0      

Linking packages ...
[                    ]|                                                  |   0%[openssl             ]|                                                  |   0%[readline            ]|#####                                             |  11%[sqlite              ]|###########                                       |  22%[system              ]|################                                  |  33%[tk                  ]|######################                            |  44%[zlib                ]|###########################                       |  55%[python              ]|#################################                 |  66%[setuptools          ]|######################################            |  77%[pip                 ]|############################################      |  88%[      COMPLETE      ]|##################################################| 100%
Removing old work directory
Copying /home/ubuntu/pypi-conda-builds/youtube_dl to /home/ubuntu/miniconda/conda-bld/work
Package: youtube_dl-2015.06.25-py_0
source tree in: /home/ubuntu/miniconda/conda-bld/work
number of files: 1076
Fixing permissions
[noarch_python] Error: Don't know how to handle file: etc/bash_completion.d/youtube-dl.bash-completion
Package search: {'_pypi_ordering': False, 'version': '2015.06.25', 'name': 'youtube_dl', 'summary': 'YouTube video downloader'}
Creating standard recipe for youtube_dl-2015.06.25
Converting recipe in /home/ubuntu/pypi-conda-builds/youtube_dl
package = youtube_dl
   dependencies = []
Building conda package for youtube_dl
