Removing old build directory
Removing old work directory
BUILD START: z3c.recipe.scripts-1.0.1-py_0
Fetching package metadata: ......

WARNING: conda-build appears to be out of date. You have version 1.13.0 but the
latest version is 1.14.1. Run

conda update -n root conda-build

to get the latest version.

Solving package specifications: .................
Warning: 2 possible package resolutions (only showing differing packages):
	[u'zc.recipe.egg-2.0.1-py27_0.tar.bz2'],
	[u'zc.recipe.egg-2.0.1-py_0.tar.bz2'],
+ /home/ubuntu/miniconda/envs/_build/bin/python setup.py install
running install
running bdist_egg
running egg_info
writing requirements to src/z3c.recipe.scripts.egg-info/requires.txt
writing src/z3c.recipe.scripts.egg-info/PKG-INFO
writing namespace_packages to src/z3c.recipe.scripts.egg-info/namespace_packages.txt
writing top-level names to src/z3c.recipe.scripts.egg-info/top_level.txt
writing dependency_links to src/z3c.recipe.scripts.egg-info/dependency_links.txt
writing entry points to src/z3c.recipe.scripts.egg-info/entry_points.txt
reading manifest file 'src/z3c.recipe.scripts.egg-info/SOURCES.txt'
writing manifest file 'src/z3c.recipe.scripts.egg-info/SOURCES.txt'
installing library code to build/bdist.linux-x86_64/egg
running install_lib
running build_py
creating build
creating build/lib
creating build/lib/z3c
copying src/z3c/__init__.py -> build/lib/z3c
creating build/lib/z3c/recipe
copying src/z3c/recipe/__init__.py -> build/lib/z3c/recipe
creating build/lib/z3c/recipe/scripts
copying src/z3c/recipe/scripts/tests.py -> build/lib/z3c/recipe/scripts
copying src/z3c/recipe/scripts/__init__.py -> build/lib/z3c/recipe/scripts
copying src/z3c/recipe/scripts/scripts.py -> build/lib/z3c/recipe/scripts
copying src/z3c/recipe/scripts/README.txt -> build/lib/z3c/recipe/scripts
creating build/bdist.linux-x86_64
creating build/bdist.linux-x86_64/egg
creating build/bdist.linux-x86_64/egg/z3c
creating build/bdist.linux-x86_64/egg/z3c/recipe
copying build/lib/z3c/recipe/__init__.py -> build/bdist.linux-x86_64/egg/z3c/recipe
creating build/bdist.linux-x86_64/egg/z3c/recipe/scripts
copying build/lib/z3c/recipe/scripts/README.txt -> build/bdist.linux-x86_64/egg/z3c/recipe/scripts
copying build/lib/z3c/recipe/scripts/tests.py -> build/bdist.linux-x86_64/egg/z3c/recipe/scripts
copying build/lib/z3c/recipe/scripts/__init__.py -> build/bdist.linux-x86_64/egg/z3c/recipe/scripts
copying build/lib/z3c/recipe/scripts/scripts.py -> build/bdist.linux-x86_64/egg/z3c/recipe/scripts
copying build/lib/z3c/__init__.py -> build/bdist.linux-x86_64/egg/z3c
byte-compiling build/bdist.linux-x86_64/egg/z3c/recipe/__init__.py to __init__.pyc
byte-compiling build/bdist.linux-x86_64/egg/z3c/recipe/scripts/tests.py to tests.pyc
byte-compiling build/bdist.linux-x86_64/egg/z3c/recipe/scripts/__init__.py to __init__.pyc
byte-compiling build/bdist.linux-x86_64/egg/z3c/recipe/scripts/scripts.py to scripts.pyc
byte-compiling build/bdist.linux-x86_64/egg/z3c/__init__.py to __init__.pyc
creating build/bdist.linux-x86_64/egg/EGG-INFO
copying src/z3c.recipe.scripts.egg-info/PKG-INFO -> build/bdist.linux-x86_64/egg/EGG-INFO
copying src/z3c.recipe.scripts.egg-info/SOURCES.txt -> build/bdist.linux-x86_64/egg/EGG-INFO
copying src/z3c.recipe.scripts.egg-info/dependency_links.txt -> build/bdist.linux-x86_64/egg/EGG-INFO
copying src/z3c.recipe.scripts.egg-info/entry_points.txt -> build/bdist.linux-x86_64/egg/EGG-INFO
copying src/z3c.recipe.scripts.egg-info/namespace_packages.txt -> build/bdist.linux-x86_64/egg/EGG-INFO
copying src/z3c.recipe.scripts.egg-info/not-zip-safe -> build/bdist.linux-x86_64/egg/EGG-INFO
copying src/z3c.recipe.scripts.egg-info/requires.txt -> build/bdist.linux-x86_64/egg/EGG-INFO
copying src/z3c.recipe.scripts.egg-info/top_level.txt -> build/bdist.linux-x86_64/egg/EGG-INFO
creating dist
creating 'dist/z3c.recipe.scripts-1.0.1-py2.7.egg' and adding 'build/bdist.linux-x86_64/egg' to it
removing 'build/bdist.linux-x86_64/egg' (and everything under it)
Processing z3c.recipe.scripts-1.0.1-py2.7.egg
creating /home/ubuntu/miniconda/envs/_build/lib/python2.7/site-packages/z3c.recipe.scripts-1.0.1-py2.7.egg
Extracting z3c.recipe.scripts-1.0.1-py2.7.egg to /home/ubuntu/miniconda/envs/_build/lib/python2.7/site-packages
Adding z3c.recipe.scripts 1.0.1 to easy-install.pth file

Installed /home/ubuntu/miniconda/envs/_build/lib/python2.7/site-packages/z3c.recipe.scripts-1.0.1-py2.7.egg
Processing dependencies for z3c.recipe.scripts==1.0.1
Searching for setuptools==15.2
Best match: setuptools 15.2
Adding setuptools 15.2 to easy-install.pth file
Installing easy_install-3.4 script to /home/ubuntu/miniconda/envs/_build/bin
Installing easy_install script to /home/ubuntu/miniconda/envs/_build/bin

Using /home/ubuntu/miniconda/envs/_build/lib/python2.7/site-packages
Searching for zc.recipe.egg==2.0.1
Best match: zc.recipe.egg 2.0.1
Processing zc.recipe.egg-2.0.1-py2.7.egg
Adding zc.recipe.egg 2.0.1 to easy-install.pth file

Using /home/ubuntu/miniconda/envs/_build/lib/python2.7/site-packages/zc.recipe.egg-2.0.1-py2.7.egg
Searching for zc.buildout==2.3.1
Best match: zc.buildout 2.3.1
Processing zc.buildout-2.3.1-py2.7.egg
Adding zc.buildout 2.3.1 to easy-install.pth file
Installing buildout script to /home/ubuntu/miniconda/envs/_build/bin

Using /home/ubuntu/miniconda/envs/_build/lib/python2.7/site-packages/zc.buildout-2.3.1-py2.7.egg
Finished processing dependencies for z3c.recipe.scripts==1.0.1

The following NEW packages will be INSTALLED:

    openssl:       1.0.1k-1     
    pip:           7.0.3-py27_0 
    python:        2.7.10-0     
    readline:      6.2-2        
    setuptools:    18.0.1-py27_0
    sqlite:        3.8.4.1-1    
    system:        5.8-2        
    tk:            8.5.18-0     
    zc.buildout:   2.3.1-py27_0 
    zc.recipe.egg: 2.0.1-py27_0 
    zlib:          1.2.8-0      

Linking packages ...
[                    ]|                                                  |   0%[openssl             ]|                                                  |   0%[readline            ]|####                                              |   9%[sqlite              ]|#########                                         |  18%[system              ]|#############                                     |  27%[tk                  ]|##################                                |  36%[zlib                ]|######################                            |  45%[python              ]|###########################                       |  54%[setuptools          ]|###############################                   |  63%[pip                 ]|####################################              |  72%[zc.buildout         ]|########################################          |  81%[zc.recipe.egg       ]|#############################################     |  90%[      COMPLETE      ]|##################################################| 100%
Removing old work directory
Source cache directory is: /home/ubuntu/miniconda/conda-bld/src_cache
Found source in cache: z3c.recipe.scripts-1.0.1.tar.gz
Extracting download
Package: z3c.recipe.scripts-1.0.1-py_0
source tree in: /home/ubuntu/miniconda/conda-bld/work/z3c.recipe.scripts-1.0.1
number of files: 22
Fixing permissions
Fixing permissions
BUILD END: z3c.recipe.scripts-1.0.1-py_0
TEST START: z3c.recipe.scripts-1.0.1-py_0
Fetching package metadata: ......

WARNING: conda-build appears to be out of date. You have version 1.13.0 but the
latest version is 1.14.1. Run

conda update -n root conda-build

to get the latest version.

Error: No packages found in current linux-64 channels matching: zope.testing
