Removing old build directory
Removing old work directory
BUILD START: zake-0.2.2-py_0
Fetching package metadata: ......

WARNING: conda-build appears to be out of date. You have version 1.13.0 but the
latest version is 1.14.1. Run

conda update -n root conda-build

to get the latest version.

Solving package specifications: .+ /home/ubuntu/miniconda/envs/_build/bin/python setup.py install
zip_safe flag not set; analyzing archive contents...
warning: no previously-included files found matching '.gitignore'
warning: no previously-included files found matching '.travis.yml'
warning: no previously-included files found matching 'Makefile'
warning: no previously-included files found matching 'run_failure.py'
warning: no previously-included files matching '*' found under directory 'sw'
warning: no previously-included files matching '*pyc' found anywhere in distribution
warning: no previously-included files matching '*pyo' found anywhere in distribution
An unexpected error has occurred, please consider sending the
following traceback to the conda GitHub issue tracker at:

    https://github.com/conda/conda-build/issues

Include the output of the command 'conda info' in your report.



The following NEW packages will be INSTALLED:

    kazoo:      2.2.1-py_0   
    openssl:    1.0.1k-1     
    pip:        7.0.3-py27_0 
    python:     2.7.10-0     
    readline:   6.2-2        
    setuptools: 18.0.1-py27_0
    six:        1.9.0-py27_0 
    sqlite:     3.8.4.1-1    
    system:     5.8-2        
    tk:         8.5.18-0     
    zlib:       1.2.8-0      

Linking packages ...
[                    ]|                                                  |   0%[openssl             ]|                                                  |   0%[readline            ]|####                                              |   9%[sqlite              ]|#########                                         |  18%[system              ]|#############                                     |  27%[tk                  ]|##################                                |  36%[zlib                ]|######################                            |  45%[python              ]|###########################                       |  54%[setuptools          ]|###############################                   |  63%[six                 ]|####################################              |  72%[kazoo               ]|########################################          |  81%[pip                 ]|#############################################     |  90%[      COMPLETE      ]|##################################################| 100%
Removing old work directory
Source cache directory is: /home/ubuntu/miniconda/conda-bld/src_cache
Found source in cache: zake-0.2.2.tar.gz
Extracting download
Package: zake-0.2.2-py_0
source tree in: /home/ubuntu/miniconda/conda-bld/work/zake-0.2.2
found egg dir: /home/ubuntu/miniconda/envs/_build/lib/python2.7/site-packages/kazoo-2.2.1-py2.7.egg
Traceback (most recent call last):
  File "/home/ubuntu/miniconda/bin/conda-build", line 6, in <module>
    exec(compile(open(__file__).read(), __file__, 'exec'))
  File "/home/ubuntu/conda-build/bin/conda-build", line 5, in <module>
    sys.exit(main())
  File "/home/ubuntu/conda-build/conda_build/main_build.py", line 127, in main
    args_func(args, p)
  File "/home/ubuntu/conda-build/conda_build/main_build.py", line 349, in args_func
    args.func(args, p)
  File "/home/ubuntu/conda-build/conda_build/main_build.py", line 308, in execute
    channel_urls=channel_urls, override_channels=args.override_channels)
  File "/home/ubuntu/conda-build/conda_build/build.py", line 398, in build
    post_process(sorted(files2 - files1), preserve_egg_dir=bool(m.get_value('build/preserve_egg_dir')))
  File "/home/ubuntu/conda-build/conda_build/post.py", line 147, in post_process
    remove_easy_install_pth(files, preserve_egg_dir=preserve_egg_dir)
  File "/home/ubuntu/conda-build/conda_build/post.py", line 104, in remove_easy_install_pth
    utils.copy_into(join(egg_path, fn), join(sp_dir, fn))
  File "/home/ubuntu/conda-build/conda_build/utils.py", line 34, in copy_into
    shutil.copytree(srcname, dstname)
  File "/home/ubuntu/miniconda/lib/python2.7/shutil.py", line 177, in copytree
    os.makedirs(dst)
  File "/home/ubuntu/miniconda/lib/python2.7/os.py", line 157, in makedirs
    mkdir(name, mode)
OSError: [Errno 17] File exists: '/home/ubuntu/miniconda/envs/_build/lib/python2.7/site-packages/kazoo/protocol'
