Error: prefix already exists: /home/ubuntu/miniconda/envs/_pipbuild_
Collecting zc.buildout==2.3.1
  Downloading http://localhost/packages/source/z/zc.buildout/zc.buildout-2.3.1.tar.gz (292kB)
setuptools must be installed to install from a source distribution
Package search: {'_pypi_ordering': False, 'version': '1.7.1', 'name': 'zc.buildout', 'summary': 'System for managing development buildouts'}
Creating standard recipe for zc.buildout-2.3.1
Using url https://pypi.python.org/packages/source/z/zc.buildout/zc.buildout-2.3.1.tar.gz (285 KB) for zc.buildout.
Downloading zc.buildout
Using cached download
Unpacking zc.buildout...
done
working in /tmp/tmp6oZV5Zconda_skeleton_zc.buildout-2.3.1.tar.gz
Fetching package metadata: ......

WARNING: conda-build appears to be out of date. You have version 1.13.0 but the
latest version is 1.14.0. Run

conda update -n root conda-build

to get the latest version.

Solving package specifications: .patching file core.py
Hunk #1 succeeded at 168 with fuzz 2 (offset 2 lines).
Traceback (most recent call last):
  File "setup.py", line 18, in <module>
    from setuptools import setup
ImportError: No module named setuptools

Applying patch: '/tmp/tmp6oZV5Zconda_skeleton_zc.buildout-2.3.1.tar.gz/pypi-distutils.patch'
$PYTHONPATH = /tmp/tmp6oZV5Zconda_skeleton_zc.buildout-2.3.1.tar.gz/zc.buildout-2.3.1
Error: command failed: /home/ubuntu/miniconda/envs/_build/bin/python setup.py install

conda create -n _pipbuild_ --yes python pip
/home/ubuntu/miniconda/envs/_pipbuild_/bin/pip install zc.buildout==2.3.1
Error: Could not pip install zc.buildout==2.3.1
