zconfig not found, trying ZConfig
Warning, the following versions were found for ZConfig
3.0.4
3.0.3
3.0.2
3.0.1
3.0.0
2.9.3
2.9.2
2.9.1
2.9.0
2.8.0
2.7.1
2.7.0
2.6.1
2.6.0
2.5.1
2.5
2.3.1
2.3
2.2
2.1
2.0
1.0
Using 3.0.4
Use --version to specify a different version.
Using url https://pypi.python.org/packages/source/Z/ZConfig/ZConfig-3.0.4.tar.gz (254 KB) for ZConfig.
Downloading ZConfig
Using cached download
Unpacking ZConfig...
done
working in /tmp/tmpxShOY7conda_skeleton_ZConfig-3.0.4.tar.gz
Fetching package metadata: ......

WARNING: conda-build appears to be out of date. You have version 1.13.0 but the
latest version is 1.14.1. Run

conda update -n root conda-build

to get the latest version.

Solving package specifications: .patching file core.py
Hunk #1 succeeded at 168 with fuzz 2 (offset 2 lines).

Applying patch: '/tmp/tmpxShOY7conda_skeleton_ZConfig-3.0.4.tar.gz/pypi-distutils.patch'
Writing recipe for zconfig
Done
