Warning, the following versions were found for zdaemon
4.1.0
4.0.1
4.0.0
4.0.0a1
3.0.5
3.0.4
3.0.3
3.0.2
3.0.1
3.0.0
2.0.7
2.0.6
2.0.5
2.0.4
2.0.3
2.0.2
2.0.1
2.0.0
2.0a6
2.0a2
Using 4.1.0
Use --version to specify a different version.
Using url https://pypi.python.org/packages/source/z/zdaemon/zdaemon-4.1.0.zip (73 KB) for zdaemon.
Downloading zdaemon
Using cached download
Unpacking zdaemon...
done
working in /tmp/tmpFfJEeDconda_skeleton_zdaemon-4.1.0.zip
Fetching package metadata: ......

WARNING: conda-build appears to be out of date. You have version 1.13.0 but the
latest version is 1.14.1. Run

conda update -n root conda-build

to get the latest version.

Solving package specifications: .patching file core.py
Hunk #1 succeeded at 168 with fuzz 2 (offset 2 lines).

WARNING: conda-build appears to be out of date. You have version 1.13.0 but the
latest version is 1.14.1. Run

conda update -n root conda-build

to get the latest version.


The following NEW packages will be INSTALLED:

    numpy:  1.9.2-py27_0
    pyyaml: 3.11-py27_1 
    yaml:   0.1.6-0     

Linking packages ...
[                    ]|                                                  |   0%[yaml                ]|                                                  |   0%[numpy               ]|################                                  |  33%[pyyaml              ]|#################################                 |  66%[      COMPLETE      ]|##################################################| 100%
Applying patch: '/tmp/tmpFfJEeDconda_skeleton_zdaemon-4.1.0.zip/pypi-distutils.patch'
WARNING: Could not add entry points. They were:

[console_scripts]
zdaemon = zdaemon.zdctl:main

Warning, the following versions were found for zc.customdoctests
1.0.1
1.0.0
0.1.0
Using 1.0.1
Use --version to specify a different version.
Using url https://pypi.python.org/packages/source/z/zc.customdoctests/zc.customdoctests-1.0.1.zip (15 KB) for zc.customdoctests.
Downloading zc.customdoctests
Using cached download
Unpacking zc.customdoctests...
done
working in /tmp/tmpv_IC7qconda_skeleton_zc.customdoctests-1.0.1.zip
Solving package specifications: .patching file core.py
Hunk #1 succeeded at 168 with fuzz 2 (offset 2 lines).

WARNING: conda-build appears to be out of date. You have version 1.13.0 but the
latest version is 1.14.1. Run

conda update -n root conda-build

to get the latest version.


Applying patch: '/tmp/tmpv_IC7qconda_skeleton_zc.customdoctests-1.0.1.zip/pypi-distutils.patch'
Warning, the following versions were found for python-spidermonkey
0.0.10
0.0.9
0.0.8
0.0.7
0.0.6
0.0.5
0.0.4
0.0.3
0.0.2
0.0.1a
Using 0.0.10
Use --version to specify a different version.
Using url https://pypi.python.org/packages/source/p/python-spidermonkey/python-spidermonkey-0.0.10.tar.gz (769 KB) for python-spidermonkey.
Downloading python-spidermonkey
Using cached download
Unpacking python-spidermonkey...
done
working in /tmp/tmpJEG8_jconda_skeleton_python-spidermonkey-0.0.10.tar.gz
Solving package specifications: .patching file core.py
Hunk #1 succeeded at 168 with fuzz 2 (offset 2 lines).
Traceback (most recent call last):
  File "setup.py", line 186, in <module>
    **platform_config()
  File "setup.py", line 143, in platform_config
    return nspr_config(config=config)
  File "setup.py", line 87, in nspr_config
    return pkg_config("nspr", config)
  File "setup.py", line 59, in pkg_config
    raise RuntimeError("No package configuration found for: %s" % pkg_name)
RuntimeError: No package configuration found for: nspr

Applying patch: '/tmp/tmpJEG8_jconda_skeleton_python-spidermonkey-0.0.10.tar.gz/pypi-distutils.patch'
$PYTHONPATH = /tmp/tmpJEG8_jconda_skeleton_python-spidermonkey-0.0.10.tar.gz/python-spidermonkey-0.0.10
Error: command failed: /home/ubuntu/miniconda/envs/_build/bin/python setup.py install
