Error: prefix already exists: /home/ubuntu/miniconda/envs/_pipbuild_
Collecting zk-shell==1.1.0
  Could not find a version that satisfies the requirement zk-shell==1.1.0 (from versions: 0.1, 0.2, 0.3, 0.4, 0.5, 0.6, 0.7, 0.8, 0.9, 0.9.1, 0.9.2, 0.9.3, 0.9.4, 0.9.5, 0.9.6, 0.9.7, 0.9.8, 0.9.9, 0.9.10, 0.9.11, 0.92, 0.92.1, 0.92.2, 0.92.3, 0.92.4, 0.92.5, 0.92.6, 0.92.7, 0.92.8, 0.93.0, 0.93.1, 0.93.2, 0.93.3, 0.94.0, 0.94.1, 0.94.2, 0.94.3, 0.94.4, 0.94.5, 0.94.6, 0.95.0, 0.95.1, 0.95.2, 0.95.3, 0.95.4, 0.97.0, 0.97.1, 0.97.2, 0.97.3, 0.97.4, 0.97.5, 0.97.7, 0.98.0, 0.98.1, 0.99.0, 0.99.1, 0.99.2, 0.99.3, 0.99.4, 0.99.5, 1.0.0, 1.0.1, 1.0.2, 1.0.3, 1.0.4, 1.0.5, 1.0.6)
No matching distribution found for zk-shell==1.1.0
Package search: {'_pypi_ordering': False, 'version': '1.1.0', 'name': 'zk_shell', 'summary': 'A Python - Kazoo based - shell for ZooKeeper'}
Creating standard recipe for zk_shell-1.1.0
Using url https://pypi.python.org/packages/source/z/zk_shell/zk_shell-1.1.0.tar.gz (53 KB) for zk_shell.
Downloading zk_shell
Unpacking zk_shell...
done
working in /tmp/tmpPJXXi9conda_skeleton_zk_shell-1.1.0.tar.gz
Fetching package metadata: ......

WARNING: conda-build appears to be out of date. You have version 1.13.0 but the
latest version is 1.14.0. Run

conda update -n root conda-build

to get the latest version.

Solving package specifications: .patching file core.py
Hunk #1 succeeded at 168 with fuzz 2 (offset 2 lines).
Traceback (most recent call last):
  File "setup.py", line 2, in <module>
    from setuptools import find_packages, setup
ImportError: No module named setuptools

Applying patch: '/tmp/tmpPJXXi9conda_skeleton_zk_shell-1.1.0.tar.gz/pypi-distutils.patch'
$PYTHONPATH = /tmp/tmpPJXXi9conda_skeleton_zk_shell-1.1.0.tar.gz/zk_shell-1.1.0
Error: command failed: /home/ubuntu/miniconda/envs/_build/bin/python setup.py install

conda create -n _pipbuild_ --yes python pip
/home/ubuntu/miniconda/envs/_pipbuild_/bin/pip install zk_shell==1.1.0
Error: Could not pip install zk_shell==1.1.0
