Error: prefix already exists: /home/ubuntu/miniconda/envs/_pipbuild_
Collecting zope.sqlalchemy==0.7.6
  Downloading http://localhost/packages/source/z/zope.sqlalchemy/zope.sqlalchemy-0.7.6.zip
setuptools must be installed to install from a source distribution
Package search: {'_pypi_ordering': False, 'version': '0.7.6', 'name': 'zope.sqlalchemy', 'summary': 'Minimal Zope/SQLAlchemy transaction integration'}
Creating standard recipe for zope.sqlalchemy-0.7.6
Using url https://pypi.python.org/packages/source/z/zope.sqlalchemy/zope.sqlalchemy-0.7.6.zip (34 KB) for zope.sqlalchemy.
Downloading zope.sqlalchemy
Using cached download
Unpacking zope.sqlalchemy...
done
working in /tmp/tmpwj9Jumconda_skeleton_zope.sqlalchemy-0.7.6.zip
Fetching package metadata: ......

WARNING: conda-build appears to be out of date. You have version 1.13.0 but the
latest version is 1.14.0. Run

conda update -n root conda-build

to get the latest version.

Solving package specifications: .patching file core.py
Hunk #1 succeeded at 168 with fuzz 2 (offset 2 lines).
Traceback (most recent call last):
  File "setup.py", line 2, in <module>
    from setuptools import setup, find_packages
ImportError: No module named setuptools

Applying patch: '/tmp/tmpwj9Jumconda_skeleton_zope.sqlalchemy-0.7.6.zip/pypi-distutils.patch'
$PYTHONPATH = /tmp/tmpwj9Jumconda_skeleton_zope.sqlalchemy-0.7.6.zip/zope.sqlalchemy-0.7.6
Error: command failed: /home/ubuntu/miniconda/envs/_build/bin/python setup.py install

conda create -n _pipbuild_ --yes python pip
/home/ubuntu/miniconda/envs/_pipbuild_/bin/pip install zope.sqlalchemy==0.7.6
Error: Could not pip install zope.sqlalchemy==0.7.6
