Warning, the following versions were found for zope.location
4.0.3
4.0.2
4.0.1
4.0.0
3.9.1
3.9.0
3.8.2
3.8.1
3.8.0
3.7.1
3.7.0
3.6.0
3.5.5
3.5.4
3.5.3
3.5.2
3.5.1
3.5.0
3.4.0
3.4.0b2
Using 4.0.3
Use --version to specify a different version.
Using url https://pypi.python.org/packages/source/z/zope.location/zope.location-4.0.3.tar.gz (150 KB) for zope.location.
Downloading zope.location
Using cached download
Unpacking zope.location...
done
working in /tmp/tmpYlElfIconda_skeleton_zope.location-4.0.3.tar.gz
Fetching package metadata: ......

WARNING: conda-build appears to be out of date. You have version 1.13.0 but the
latest version is 1.14.1. Run

conda update -n root conda-build

to get the latest version.

Solving package specifications: .patching file core.py
Hunk #1 succeeded at 168 with fuzz 2 (offset 2 lines).

WARNING: conda-build appears to be out of date. You have version 1.13.0 but the
latest version is 1.14.1. Run

conda update -n root conda-build

to get the latest version.


Applying patch: '/tmp/tmpYlElfIconda_skeleton_zope.location-4.0.3.tar.gz/pypi-distutils.patch'
Warning, the following versions were found for zope.component
4.2.2
4.2.1
4.2.0
4.1.0
4.0.2
4.0.1
4.0.0
3.12.1
3.12.0
3.11.0
3.10.0
3.9.5
3.9.4
3.9.3
3.9.2
3.9.1
3.9.0
3.8.0
3.7.1
3.7.0
3.6.0
3.5.1
3.5.0
3.4.0
3.4dev-r72749
3.4dev-r72748
3.4dev-r72747
3.4dev-r72605
Using 4.2.2
Use --version to specify a different version.
Using url https://pypi.python.org/packages/source/z/zope.component/zope.component-4.2.2.tar.gz (534 KB) for zope.component.
Downloading zope.component
Using cached download
Unpacking zope.component...
done
working in /tmp/tmp2BsKQnconda_skeleton_zope.component-4.2.2.tar.gz
Solving package specifications: .patching file core.py
Hunk #1 succeeded at 168 with fuzz 2 (offset 2 lines).

Applying patch: '/tmp/tmp2BsKQnconda_skeleton_zope.component-4.2.2.tar.gz/pypi-distutils.patch'
Error: Could not find any versions of package zope.component[zcml]
