Removing old build directory
Removing old work directory
BUILD START: zope.i18nmessageid-4.0.3-py_0
Fetching package metadata: ......

WARNING: conda-build appears to be out of date. You have version 1.13.0 but the
latest version is 1.14.1. Run

conda update -n root conda-build

to get the latest version.

Solving package specifications: .+ pip install zope.i18nmessageid
Collecting zope.i18nmessageid
  Downloading http://localhost/packages/source/z/zope.i18nmessageid/zope.i18nmessageid-4.0.3.tar.gz (409kB)
Requirement already satisfied (use --upgrade to upgrade): setuptools in /home/ubuntu/miniconda/envs/_build/lib/python2.7/site-packages (from zope.i18nmessageid)
Installing collected packages: zope.i18nmessageid
  Running setup.py install for zope.i18nmessageid
Successfully installed zope.i18nmessageid-4.0.3

The following NEW packages will be INSTALLED:

    openssl:    1.0.1k-1     
    pip:        7.0.3-py27_0 
    python:     2.7.10-0     
    readline:   6.2-2        
    setuptools: 18.0.1-py27_0
    sqlite:     3.8.4.1-1    
    system:     5.8-2        
    tk:         8.5.18-0     
    zlib:       1.2.8-0      

Linking packages ...
[                    ]|                                                  |   0%[openssl             ]|                                                  |   0%[readline            ]|#####                                             |  11%[sqlite              ]|###########                                       |  22%[system              ]|################                                  |  33%[tk                  ]|######################                            |  44%[zlib                ]|###########################                       |  55%[python              ]|#################################                 |  66%[setuptools          ]|######################################            |  77%[pip                 ]|############################################      |  88%[      COMPLETE      ]|##################################################| 100%
Removing old work directory
Copying /home/ubuntu/pypi-conda-builds/zope.i18nmessageid to /home/ubuntu/miniconda/conda-bld/work
Package: zope.i18nmessageid-4.0.3-py_0
source tree in: /home/ubuntu/miniconda/conda-bld/work
number of files: 17
Fixing permissions
patchelf: file: /home/ubuntu/miniconda/envs/_build/lib/python2.7/site-packages/zope/i18nmessageid/_zope_i18nmessageid_message.so
    setting rpath to: $ORIGIN/../../../..
[noarch_python] Error: Shared object file found: lib/python2.7/site-packages/zope/i18nmessageid/_zope_i18nmessageid_message.so
Package search: {'_pypi_ordering': False, 'version': '4.0.3', 'name': 'zope.i18nmessageid', 'summary': 'Message Identifiers for internationalization'}
Creating standard recipe for zope.i18nmessageid-4.0.3
Converting recipe in /home/ubuntu/pypi-conda-builds/zope.i18nmessageid
package = zope.i18nmessageid
   dependencies = []
Building conda package for zope.i18nmessageid
