Error: prefix already exists: /home/ubuntu/miniconda/envs/_pipbuild_
Collecting zope.i18n==4.0.1
  Could not find a version that satisfies the requirement zope.i18n==4.0.1 (from versions: 3.4.0b4, 3.4.0, 3.5.0, 3.6.0, 3.7.0, 3.7.1, 3.7.2, 3.7.3, 3.7.4, 3.8.0, 4.0.0a3, 4.0.0a4, 4.0.0)
No matching distribution found for zope.i18n==4.0.1
Package search: {'_pypi_ordering': False, 'version': '4.0.1', 'name': 'zope.i18n', 'summary': 'Zope Internationalization Support'}
Creating standard recipe for zope.i18n-4.0.1
Using url https://pypi.python.org/packages/source/z/zope.i18n/zope.i18n-4.0.1.tar.gz (615 KB) for zope.i18n.
Downloading zope.i18n
Using cached download
Unpacking zope.i18n...
done
working in /tmp/tmpnFp_3zconda_skeleton_zope.i18n-4.0.1.tar.gz
Fetching package metadata: ......

WARNING: conda-build appears to be out of date. You have version 1.13.0 but the
latest version is 1.14.1. Run

conda update -n root conda-build

to get the latest version.

Solving package specifications: .patching file core.py
Hunk #1 succeeded at 168 with fuzz 2 (offset 2 lines).
An unexpected error has occurred, please consider sending the
following traceback to the conda GitHub issue tracker at:

    https://github.com/conda/conda-build/issues

Include the output of the command 'conda info' in your report.



Applying patch: '/tmp/tmpnFp_3zconda_skeleton_zope.i18n-4.0.1.tar.gz/pypi-distutils.patch'
Traceback (most recent call last):
  File "/home/ubuntu/miniconda/bin/conda-skeleton", line 6, in <module>
    exec(compile(open(__file__).read(), __file__, 'exec'))
  File "/home/ubuntu/conda-build/bin/conda-skeleton", line 5, in <module>
    sys.exit(main())
  File "/home/ubuntu/conda-build/conda_build/main_skeleton.py", line 240, in main
    args_func(args, p)
  File "/home/ubuntu/conda-build/conda_build/main_build.py", line 349, in args_func
    args.func(args, p)
  File "/home/ubuntu/conda-build/conda_build/main_skeleton.py", line 254, in execute
    pypi.main(args, parser)
  File "/home/ubuntu/conda-build/conda_build/pypi.py", line 387, in main
    get_package_metadata(args, package, d, data)
  File "/home/ubuntu/conda-build/conda_build/pypi.py", line 623, in get_package_metadata
    in pkginfo['tests_require']]))
TypeError: sequence item 0: expected string, NoneType found

conda create -n _pipbuild_ --yes python pip
/home/ubuntu/miniconda/envs/_pipbuild_/bin/pip install zope.i18n==4.0.1
Error: Could not pip install zope.i18n==4.0.1
