Error: prefix already exists: /home/ubuntu/miniconda/envs/_pipbuild_
Collecting zope.component==4.2.2
  Could not find a version that satisfies the requirement zope.component==4.2.2 (from versions: 3.4dev-r72605, 3.4dev-r72747, 3.4dev-r72748, 3.4dev-r72749, 3.4.0, 3.5.0, 3.5.1, 3.6.0, 3.7.0, 3.7.1, 3.8.0, 3.9.0, 3.9.1, 3.9.2, 3.9.3, 3.9.4, 3.9.5, 3.10.0, 3.11.0, 3.12.0, 3.12.1, 4.0.0, 4.0.1, 4.0.2, 4.1.0, 4.2.0, 4.2.1)
No matching distribution found for zope.component==4.2.2
Package search: {'_pypi_ordering': False, 'version': '4.2.2', 'name': 'zope.component', 'summary': 'Zope Component Architecture'}
Creating standard recipe for zope.component-4.2.2
Using url https://pypi.python.org/packages/source/z/zope.component/zope.component-4.2.2.tar.gz (534 KB) for zope.component.
Downloading zope.component
Using cached download
Unpacking zope.component...
done
working in /tmp/tmpHd5vkKconda_skeleton_zope.component-4.2.2.tar.gz
Fetching package metadata: ......

WARNING: conda-build appears to be out of date. You have version 1.13.0 but the
latest version is 1.14.0. Run

conda update -n root conda-build

to get the latest version.

Solving package specifications: .patching file core.py
Hunk #1 succeeded at 168 with fuzz 2 (offset 2 lines).
Traceback (most recent call last):
  File "setup.py", line 23, in <module>
    from setuptools import setup, find_packages
ImportError: No module named setuptools

Applying patch: '/tmp/tmpHd5vkKconda_skeleton_zope.component-4.2.2.tar.gz/pypi-distutils.patch'
$PYTHONPATH = /tmp/tmpHd5vkKconda_skeleton_zope.component-4.2.2.tar.gz/zope.component-4.2.2
Error: command failed: /home/ubuntu/miniconda/envs/_build/bin/python setup.py install

conda create -n _pipbuild_ --yes python pip
/home/ubuntu/miniconda/envs/_pipbuild_/bin/pip install zope.component==4.2.2
Error: Could not pip install zope.component==4.2.2
