Warning, the following versions were found for zope.container
4.1.0
4.0.0
4.0.0a3
4.0.0a2
4.0.0a1
3.12.0
3.11.2
3.11.1
3.11.0
3.10.1
3.10.0
3.9.1
3.9.0
3.8.3
3.8.2
3.8.1
3.8.0
3.7.2
3.7.1
3.7.0
Using 4.1.0
Use --version to specify a different version.
Using url https://pypi.python.org/packages/source/z/zope.container/zope.container-4.1.0.tar.gz (64 KB) for zope.container.
Downloading zope.container
Using cached download
Unpacking zope.container...
done
working in /tmp/tmp0CfFckconda_skeleton_zope.container-4.1.0.tar.gz
Fetching package metadata: ......

WARNING: conda-build appears to be out of date. You have version 1.13.0 but the
latest version is 1.14.1. Run

conda update -n root conda-build

to get the latest version.

Solving package specifications: .patching file core.py
Hunk #1 succeeded at 168 with fuzz 2 (offset 2 lines).

The following NEW packages will be INSTALLED:

    numpy:  1.9.2-py27_0
    pyyaml: 3.11-py27_1 
    yaml:   0.1.6-0     

Linking packages ...
[                    ]|                                                  |   0%[yaml                ]|                                                  |   0%[numpy               ]|################                                  |  33%[pyyaml              ]|#################################                 |  66%[      COMPLETE      ]|##################################################| 100%
Applying patch: '/tmp/tmp0CfFckconda_skeleton_zope.container-4.1.0.tar.gz/pypi-distutils.patch'
Error: Could not find any versions of package zope.security[zcml]
