Warning, the following versions were found for zope.traversing
4.0.0
4.0.0a3
4.0.0a2
4.0.0a1
3.14.0
3.13.2
3.13.1
3.13
3.12.1
3.12.0
3.11.0
3.10.0
3.9.0
3.8.0
3.7.2
3.7.1
3.7.0
3.6.0
3.5.4
3.5.3
3.5.2
3.5.1
3.5.0
3.5.0a4
3.5.0a3
3.5.0a2
3.4.1
3.4.0
3.4dev-r72940
Using 4.0.0
Use --version to specify a different version.
Using url https://pypi.python.org/packages/source/z/zope.traversing/zope.traversing-4.0.0.zip (57 KB) for zope.traversing.
Downloading zope.traversing
Using cached download
Unpacking zope.traversing...
done
working in /tmp/tmpV4JIiLconda_skeleton_zope.traversing-4.0.0.zip
Fetching package metadata: ......

WARNING: conda-build appears to be out of date. You have version 1.13.0 but the
latest version is 1.14.1. Run

conda update -n root conda-build

to get the latest version.

Solving package specifications: .patching file core.py
Hunk #1 succeeded at 168 with fuzz 2 (offset 2 lines).

The following NEW packages will be INSTALLED:

    numpy:  1.9.2-py27_0
    pyyaml: 3.11-py27_1 
    yaml:   0.1.6-0     

Linking packages ...
[                    ]|                                                  |   0%[yaml                ]|                                                  |   0%[numpy               ]|################                                  |  33%[pyyaml              ]|#################################                 |  66%[      COMPLETE      ]|##################################################| 100%
Applying patch: '/tmp/tmpV4JIiLconda_skeleton_zope.traversing-4.0.0.zip/pypi-distutils.patch'
Error: Could not find any versions of package zope.security[zcml]
