Error: prefix already exists: /home/ubuntu/miniconda/envs/_pipbuild_
Collecting Zope2==2.13.22
  Downloading http://localhost/packages/source/Z/Zope2/Zope2-2.13.22.zip (1.4MB)
setuptools must be installed to install from a source distribution
Package search: {'_pypi_ordering': False, 'version': '2.13.22', 'name': 'Zope2', 'summary': 'Zope2 application server / web framework'}
Creating standard recipe for zope2-2.13.22
Using url https://pypi.python.org/packages/source/Z/Zope2/Zope2-2.13.22.zip (1.3 MB) for Zope2.
Downloading Zope2
Using cached download
Unpacking Zope2...
done
working in /tmp/tmp_oHNblconda_skeleton_Zope2-2.13.22.zip
Fetching package metadata: ......

WARNING: conda-build appears to be out of date. You have version 1.13.0 but the
latest version is 1.14.0. Run

conda update -n root conda-build

to get the latest version.

Solving package specifications: .patching file core.py
Hunk #1 succeeded at 168 with fuzz 2 (offset 2 lines).
Traceback (most recent call last):
  File "setup.py", line 17, in <module>
    from setuptools import setup, find_packages
ImportError: No module named setuptools

Applying patch: '/tmp/tmp_oHNblconda_skeleton_Zope2-2.13.22.zip/pypi-distutils.patch'
$PYTHONPATH = /tmp/tmp_oHNblconda_skeleton_Zope2-2.13.22.zip/Zope2-2.13.22
Error: command failed: /home/ubuntu/miniconda/envs/_build/bin/python setup.py install

conda create -n _pipbuild_ --yes python pip
/home/ubuntu/miniconda/envs/_pipbuild_/bin/pip install Zope2==2.13.22
Error: Could not pip install Zope2==2.13.22
