Error: prefix already exists: /home/ubuntu/miniconda/envs/_pipbuild_
Collecting zope.deprecation==4.1.2
  Downloading http://localhost/packages/source/z/zope.deprecation/zope.deprecation-4.1.2.tar.gz (146kB)
setuptools must be installed to install from a source distribution
Package search: {'_pypi_ordering': False, 'version': '4.1.2', 'name': 'zope.deprecation', 'summary': 'Zope Deprecation Infrastructure'}
Creating standard recipe for zope.deprecation-4.1.2
Using url https://pypi.python.org/packages/source/z/zope.deprecation/zope.deprecation-4.1.2.tar.gz (143 KB) for zope.deprecation.
Downloading zope.deprecation
Using cached download
Unpacking zope.deprecation...
done
working in /tmp/tmp_WafHzconda_skeleton_zope.deprecation-4.1.2.tar.gz
Fetching package metadata: ......

WARNING: conda-build appears to be out of date. You have version 1.13.0 but the
latest version is 1.14.0. Run

conda update -n root conda-build

to get the latest version.

Solving package specifications: .patching file core.py
Hunk #1 succeeded at 168 with fuzz 2 (offset 2 lines).
Traceback (most recent call last):
  File "setup.py", line 23, in <module>
    from setuptools import setup, find_packages
ImportError: No module named setuptools

Applying patch: '/tmp/tmp_WafHzconda_skeleton_zope.deprecation-4.1.2.tar.gz/pypi-distutils.patch'
$PYTHONPATH = /tmp/tmp_WafHzconda_skeleton_zope.deprecation-4.1.2.tar.gz/zope.deprecation-4.1.2
Error: command failed: /home/ubuntu/miniconda/envs/_build/bin/python setup.py install

conda create -n _pipbuild_ --yes python pip
/home/ubuntu/miniconda/envs/_pipbuild_/bin/pip install zope.deprecation==4.1.2
Error: Could not pip install zope.deprecation==4.1.2
