zopeskel not found, trying ZopeSkel
Warning, the following versions were found for ZopeSkel
3.0b3
3.0b2
3.0b1
3.0a1
2.21.2
2.21.1
2.21
2.20
2.19
2.18
2.17
2.16
2.15
2.14.2
2.14.1
2.14
2.13
2.12
2.11.1
2.11
2.10
2.9
2.8
2.7
2.6.2
2.6.1
2.6
2.5
2.4
2.3
2.2
2.0
1.9
1.8
1.7
1.6
1.5
1.4
1.3.4
1.3.3
1.3.2
1.3.1
1.3
1.2
1.1.2
1.1.1
1.1
1.0.1
1.0
0.11
0.9
0.8
0.7
0.6
0.5
0.4
0.3
0.2
0.1
Using 3.0b3
Use --version to specify a different version.
Using url https://pypi.python.org/packages/source/Z/ZopeSkel/ZopeSkel-3.0b3.zip (41 KB) for ZopeSkel.
Downloading ZopeSkel
Using cached download
Unpacking ZopeSkel...
done
working in /tmp/tmphvdL14conda_skeleton_ZopeSkel-3.0b3.zip
Fetching package metadata: ......

WARNING: conda-build appears to be out of date. You have version 1.13.0 but the
latest version is 1.14.1. Run

conda update -n root conda-build

to get the latest version.

Solving package specifications: .patching file core.py
Hunk #1 succeeded at 168 with fuzz 2 (offset 2 lines).

The following NEW packages will be INSTALLED:

    numpy:  1.9.2-py27_0
    pyyaml: 3.11-py27_1 
    yaml:   0.1.6-0     

Linking packages ...
[                    ]|                                                  |   0%[yaml                ]|                                                  |   0%[numpy               ]|################                                  |  33%[pyyaml              ]|#################################                 |  66%[      COMPLETE      ]|##################################################| 100%
Applying patch: '/tmp/tmphvdL14conda_skeleton_ZopeSkel-3.0b3.zip/pypi-distutils.patch'
WARNING: Could not add entry points. They were:

      [console_scripts]
      zopeskel = templer.core.zopeskel_script:run
      
Error: Could not find any versions of package templer.plone[localcommands]
