Warning, the following versions were found for zope.dottedname
4.1.0
4.0.1
4.0.0
3.4.6
3.4.5
3.4.4
3.4.3
3.4.2
3.4.1
3.4.0
3.4dev-r73113
3.4dev
Using 4.1.0
Use --version to specify a different version.
Using url https://pypi.python.org/packages/source/z/zope.dottedname/zope.dottedname-4.1.0.tar.gz (8 KB) for zope.dottedname.
Downloading zope.dottedname
Using cached download
Unpacking zope.dottedname...
done
working in /tmp/tmpN05JCrconda_skeleton_zope.dottedname-4.1.0.tar.gz
Fetching package metadata: ......

WARNING: conda-build appears to be out of date. You have version 1.13.0 but the
latest version is 1.14.1. Run

conda update -n root conda-build

to get the latest version.

Solving package specifications: .patching file core.py
Hunk #1 succeeded at 168 with fuzz 2 (offset 2 lines).

Applying patch: '/tmp/tmpN05JCrconda_skeleton_zope.dottedname-4.1.0.tar.gz/pypi-distutils.patch'
Writing recipe for zope.dottedname
Done
