Warning, the following versions were found for zope.configuration
4.0.3
4.0.2
4.0.1
4.0.0
3.8.1
3.8.0
3.7.4
3.7.3
3.7.2
3.7.1
3.7.0
3.6.0
3.5.0
3.4.1
3.4.0
3.4dev-r72952
Using 4.0.3
Use --version to specify a different version.
Using url https://pypi.python.org/packages/source/z/zope.configuration/zope.configuration-4.0.3.tar.gz (476 KB) for zope.configuration.
Downloading zope.configuration
Using cached download
Unpacking zope.configuration...
done
working in /tmp/tmpQAiC1pconda_skeleton_zope.configuration-4.0.3.tar.gz
Fetching package metadata: ......

WARNING: conda-build appears to be out of date. You have version 1.13.0 but the
latest version is 1.14.1. Run

conda update -n root conda-build

to get the latest version.

Solving package specifications: .patching file core.py
Hunk #1 succeeded at 168 with fuzz 2 (offset 2 lines).

Applying patch: '/tmp/tmpQAiC1pconda_skeleton_zope.configuration-4.0.3.tar.gz/pypi-distutils.patch'
Writing recipe for zope.configuration
Done
