Warning, the following versions were found for zope.tales
4.1.1
4.1.0
4.0.2
4.0.1
4.0.0
3.5.3
3.5.2
3.5.1
3.5.0
3.4.1
3.4.0
3.4dev-r73259
Using 4.1.1
Use --version to specify a different version.
Using url https://pypi.python.org/packages/source/z/zope.tales/zope.tales-4.1.1.tar.gz (21 KB) for zope.tales.
Downloading zope.tales
Using cached download
Unpacking zope.tales...
done
working in /tmp/tmpgTmKarconda_skeleton_zope.tales-4.1.1.tar.gz
Fetching package metadata: ......

WARNING: conda-build appears to be out of date. You have version 1.13.0 but the
latest version is 1.14.1. Run

conda update -n root conda-build

to get the latest version.

Solving package specifications: .patching file core.py
Hunk #1 succeeded at 168 with fuzz 2 (offset 2 lines).

WARNING: conda-build appears to be out of date. You have version 1.13.0 but the
latest version is 1.14.1. Run

conda update -n root conda-build

to get the latest version.


Applying patch: '/tmp/tmpgTmKarconda_skeleton_zope.tales-4.1.1.tar.gz/pypi-distutils.patch'
Warning, the following versions were found for zope.tal
4.1.1
4.1.0
4.0.0
4.0.0a1
3.6.1
3.6.0
3.5.2
3.5.1
3.5.0
3.4.1
3.4.0
3.4dev-r73407
Using 4.1.1
Use --version to specify a different version.
Using url https://pypi.python.org/packages/source/z/zope.tal/zope.tal-4.1.1.tar.gz (90 KB) for zope.tal.
Downloading zope.tal
Using cached download
Unpacking zope.tal...
done
working in /tmp/tmp3oSnRtconda_skeleton_zope.tal-4.1.1.tar.gz
Solving package specifications: .patching file core.py
Hunk #1 succeeded at 168 with fuzz 2 (offset 2 lines).

WARNING: conda-build appears to be out of date. You have version 1.13.0 but the
latest version is 1.14.1. Run

conda update -n root conda-build

to get the latest version.


Applying patch: '/tmp/tmp3oSnRtconda_skeleton_zope.tal-4.1.1.tar.gz/pypi-distutils.patch'
Warning, the following versions were found for zope.i18nmessageid
4.0.3
4.0.2
4.0.1
4.0.0
3.6.1
3.6.0
3.5.3
3.5.2
3.5.1
3.5.0
3.4.3
3.4.2
3.4.0
3.4dev-r73161
Using 4.0.3
Use --version to specify a different version.
Using url https://pypi.python.org/packages/source/z/zope.i18nmessageid/zope.i18nmessageid-4.0.3.tar.gz (400 KB) for zope.i18nmessageid.
Downloading zope.i18nmessageid
Using cached download
Unpacking zope.i18nmessageid...
done
working in /tmp/tmpY4cOUSconda_skeleton_zope.i18nmessageid-4.0.3.tar.gz
Solving package specifications: .patching file core.py
Hunk #1 succeeded at 168 with fuzz 2 (offset 2 lines).

Applying patch: '/tmp/tmpY4cOUSconda_skeleton_zope.i18nmessageid-4.0.3.tar.gz/pypi-distutils.patch'
Writing recipe for zope.tal
Writing recipe for zope.i18nmessageid
Writing recipe for zope.tales
Done
