Warning, the following versions were found for zope.contenttype
4.1.0
4.0.1
4.0.0
3.5.5
3.5.4
3.5.3
3.5.2
3.5.1
3.5.0
3.4.3
3.4.2
3.4.1
3.4.0
Using 4.1.0
Use --version to specify a different version.
Using url https://pypi.python.org/packages/source/z/zope.contenttype/zope.contenttype-4.1.0.tar.gz (12 KB) for zope.contenttype.
Downloading zope.contenttype
Using cached download
Unpacking zope.contenttype...
done
working in /tmp/tmpzV1RtIconda_skeleton_zope.contenttype-4.1.0.tar.gz
Fetching package metadata: ......

WARNING: conda-build appears to be out of date. You have version 1.13.0 but the
latest version is 1.14.1. Run

conda update -n root conda-build

to get the latest version.

Solving package specifications: .patching file core.py
Hunk #1 succeeded at 168 with fuzz 2 (offset 2 lines).

Applying patch: '/tmp/tmpzV1RtIconda_skeleton_zope.contenttype-4.1.0.tar.gz/pypi-distutils.patch'
Writing recipe for zope.contenttype
Done
